<?xml version="1.0" encoding="UTF-8"?><TestSessionContainer xmlns="http://www.codecover.org/xml/testsession-container" Date="1677663403601" TestSessionContainerId="bd6c52be-9c1a-4518-8e2a-cf197e441537" version="1.0">
    <SrcFileList>
        <SrcFile Content="package org.jfree.data.test;&#13;&#10;&#13;&#10;import static org.junit.Assert.*;&#13;&#10;&#13;&#10;import java.security.InvalidParameterException;&#13;&#10;&#13;&#10;import org.jfree.data.DataUtilities;&#13;&#10;import org.jfree.data.KeyedValues;&#13;&#10;import org.jfree.data.Values2D;&#13;&#10;import org.jmock.Expectations;&#13;&#10;import org.jmock.Mockery;&#13;&#10;import org.junit.After;&#13;&#10;import org.junit.AfterClass;&#13;&#10;import org.junit.Before;&#13;&#10;import org.junit.BeforeClass;&#13;&#10;import org.junit.Test;&#13;&#10;&#13;&#10;public class DataUtilitesTest extends DataUtilities {&#13;&#10;&#9;Mockery mockingContext;&#13;&#10;    private Values2D values;&#13;&#10;    &#13;&#10;&#9;@BeforeClass&#13;&#10;&#9;public static void setUpBeforeClass() throws Exception {&#13;&#10;&#9;}&#13;&#10;&#9;&#13;&#10;&#9;@Before&#13;&#10;&#9;public void setUp() throws Exception {&#13;&#10;&#9;&#9; mockingContext = new Mockery();&#13;&#10;&#9;     values = mockingContext.mock(Values2D.class);&#13;&#10;&#9;}&#13;&#10;&#9;&#13;&#10;&#9;&#13;&#10;&#9;// calculateColumnTotal() test cases &#13;&#10;//&#9;pass: returns correct value for three rows&#13;&#10;&#9;@Test&#13;&#10;&#9;public void calculateColumnTotalForThreeRows() {&#13;&#10;&#9;    // setup&#13;&#10;&#9; &#13;&#10;&#9;    &#13;&#10;&#9;    mockingContext.checking(new Expectations() {&#13;&#10;&#9;        {&#13;&#10;&#9;            one(values).getRowCount();&#13;&#10;&#9;            will(returnValue(3));&#13;&#10;&#9;            one(values).getValue(0, 0);&#13;&#10;&#9;            will(returnValue(7.5));&#13;&#10;&#9;            one(values).getValue(1, 0);&#13;&#10;&#9;            will(returnValue(2.5));&#13;&#10;&#9;            one(values).getValue(2, 0);&#13;&#10;&#9;            will(returnValue(10));&#13;&#10;&#9;            &#13;&#10;&#9;        }&#13;&#10;&#9;    });&#13;&#10;&#9;    //exercise&#9;&#13;&#10;&#9;    double result = DataUtilities.calculateColumnTotal(values, 0);&#13;&#10;&#9;    // verify&#13;&#10;&#9;    assertEquals(result, 20.0, .001d);&#13;&#10;&#9;    // tear-down: NONE in this test method&#13;&#10;&#9;}&#13;&#10;&#9;&#13;&#10;&#9;// pass: returns correct value for multiple columns&#13;&#10;&#9;@Test&#13;&#10;&#9;public void calculateColumnTotalForMutipleColumns() {&#13;&#10;&#9;    &#13;&#10;&#9;    mockingContext.checking(new Expectations() {&#13;&#10;&#9;        {&#13;&#10;//&#9;        &#9;one(values).getColumnCount();&#13;&#10;//&#9;            will(returnValue(2));&#13;&#10;&#9;            &#13;&#10;&#9;            one(values).getRowCount();&#13;&#10;&#9;            will(returnValue(3));&#13;&#10;&#9;            &#13;&#10;&#9;            one(values).getValue(0, 0);&#13;&#10;&#9;            will(returnValue(5));&#13;&#10;&#9;            one(values).getValue(1, 0);&#13;&#10;&#9;            will(returnValue(10));&#13;&#10;&#9;            one(values).getValue(2, 0);&#13;&#10;&#9;            will(returnValue(3));&#13;&#10;&#9;            &#13;&#10;&#9;            will(returnValue(3));&#13;&#10;&#9;            one(values).getValue(0, 1);&#13;&#10;&#9;            will(returnValue(1));&#13;&#10;&#9;            one(values).getValue(1, 1);&#13;&#10;&#9;            will(returnValue(1));&#13;&#10;&#9;            one(values).getValue(2, 1);&#13;&#10;&#9;            will(returnValue(2));&#13;&#10;&#9;            &#13;&#10;&#9;        }&#13;&#10;&#9;    });&#13;&#10;&#9;    &#13;&#10;&#9;    //exercise&#9;&#13;&#10;&#9;    double result = DataUtilities.calculateColumnTotal(values, 0);&#13;&#10;&#9;    // verify&#13;&#10;&#9;    assertEquals(result, 18.0, .00001d);&#13;&#10;&#9;    // tear-down: NONE in this test method&#13;&#10;&#9;}&#13;&#10;&#13;&#10;&#9;// fails: throws incorrect exception&#13;&#10;&#9;@Test (expected = InvalidParameterException.class)&#13;&#10;&#9; public void calculateColumnTotalInvalidObject() throws Exception{&#13;&#10;&#9;&#9; DataUtilities.calculateColumnTotal(null, 0);&#13;&#10;&#9; }&#13;&#10;&#9;&#13;&#10;&#9;// calculateRowTotal() test cases&#13;&#10;&#9;// pass: returns correct value for one row&#13;&#10;&#9;@Test&#13;&#10;&#9;public void calculateRowTotalForOneRow() {&#13;&#10;&#9;    &#13;&#10;&#9;    mockingContext.checking(new Expectations() {&#13;&#10;&#9;        {&#13;&#10;&#9;        &#9;one(values).getRowCount();&#13;&#10;&#9;            will(returnValue(1));&#13;&#10;&#9;            one(values).getColumnCount();&#13;&#10;&#9;            will(returnValue(4));&#13;&#10;&#9;            &#13;&#10;&#9;            one(values).getValue(0, 0);&#13;&#10;&#9;            will(returnValue(5));&#13;&#10;&#9;            one(values).getValue(0, 1);&#13;&#10;&#9;            will(returnValue(10));&#13;&#10;&#9;            one(values).getValue(0, 2);&#13;&#10;&#9;            will(returnValue(3));&#13;&#10;&#9;            &#13;&#10;&#9;        }&#13;&#10;&#9;    });&#13;&#10;&#9;    &#13;&#10;&#9;    //exercise&#9;&#13;&#10;&#9;    double result = DataUtilities.calculateRowTotal(values, 0);&#13;&#10;&#9;    // verify&#13;&#10;&#9;    assertEquals(result, 18.0, .00001d);&#13;&#10;&#9;    // tear-down: NONE in this test method&#13;&#10;&#9;}&#13;&#10;&#9;&#13;&#10;&#9;// pass: returns correct value for multiple rows&#13;&#10;&#9;@Test&#13;&#10;&#9;public void calculateRowTotalForMutipleRows() {&#13;&#10;&#9;    &#13;&#10;&#9;    mockingContext.checking(new Expectations() {&#13;&#10;&#9;        {&#13;&#10;&#9;        &#9;one(values).getRowCount();&#13;&#10;&#9;            will(returnValue(1));&#13;&#10;&#9;            one(values).getColumnCount();&#13;&#10;&#9;            will(returnValue(4));&#13;&#10;&#9;            &#13;&#10;&#9;            one(values).getValue(0, 0);&#13;&#10;&#9;            will(returnValue(5));&#13;&#10;&#9;            one(values).getValue(0, 1);&#13;&#10;&#9;            will(returnValue(10));&#13;&#10;&#9;            one(values).getValue(0, 2);&#13;&#10;&#9;            will(returnValue(3));&#13;&#10;&#9;            &#13;&#10;&#9;  &#13;&#10;&#9;            one(values).getValue(1, 0);&#13;&#10;&#9;            will(returnValue(1));&#13;&#10;&#9;            one(values).getValue(1, 1);&#13;&#10;&#9;            will(returnValue(1));&#13;&#10;&#9;            one(values).getValue(1, 2);&#13;&#10;&#9;            will(returnValue(2));&#13;&#10;&#9;            &#13;&#10;&#9;        }&#13;&#10;&#9;    });&#13;&#10;&#9;    &#13;&#10;&#9;    //exercise&#9;&#13;&#10;&#9;    double result = DataUtilities.calculateRowTotal(values,1);&#13;&#10;&#9;    // verify&#13;&#10;&#9;    assertEquals(result, 4.0, .00001d);&#13;&#10;&#9;    // tear-down: NONE in this test method&#13;&#10;&#9;}&#13;&#10;&#13;&#10;&#9;// fail: throws incorrect exception&#13;&#10;&#9;@Test (expected = InvalidParameterException.class)&#13;&#10;&#9; public void calculateRowTotalInvalidObject() throws Exception{&#13;&#10;&#9;&#9; DataUtilities.calculateRowTotal(null, 0);&#13;&#10;&#9; }&#13;&#10;&#13;&#10;&#9;&#13;&#10;&#9;// createNumberArray() test cases&#13;&#10;&#9;/* Fail&#13;&#10;&#9; * The last element is returned as null&#13;&#10;&#9; */&#13;&#10;&#9;&#13;&#10;&#9;@Test&#13;&#10;&#9; public void createNumberArrayFourDoubleElements() {&#13;&#10;&#9;&#9;double[] test = new double[] { 1.0, 1.11, -1.52, 1.5};&#13;&#10;&#9;&#9;Number arr[] = DataUtilities.createNumberArray(new double[] { 1.0, 1.11, -1.52, 1.5});&#13;&#10;&#9;&#9;assertEquals(&quot;Data of arrays should be equal.&quot;,&#13;&#10;&#9;&#9;&#9;&#9;test[0], arr[0]);&#9; &#13;&#10;&#9;assertEquals(&quot;Data of arrays should be equal.&quot;,&#13;&#10;&#9;&#9;&#9;test[1], arr[1]);&#13;&#10;&#9;assertEquals(&quot;Data of arrays should be equal.&quot;,&#13;&#10;&#9;&#9;&#9;test[2], arr[2]);&#13;&#10;&#9;assertEquals(&quot;Data of arrays should be equal.&quot;,&#13;&#10;&#9;&#9;&#9;test[3], arr[3]);}&#13;&#10;&#9;&#13;&#10;&#9;/* Pass &#13;&#10;&#9; * Returns all the elements except the last one&#13;&#10;&#9; */&#13;&#10;&#9;&#13;&#10;&#9;@Test&#13;&#10;&#9; public void createNumberArrayThreeDoubleElements() {&#13;&#10;&#9;&#9;double[] test = new double[] { 1.0, 1.11, -1.52, 1.5};&#13;&#10;&#9;&#9;Number arr[] = DataUtilities.createNumberArray(new double[] { 1.0, 1.11, -1.52, 1.5});&#13;&#10;&#9;&#9;assertEquals(&quot;Data of arrays should be equal.&quot;,&#13;&#10;&#9;&#9;&#9;&#9;test[0], arr[0]);&#9; &#13;&#10;&#9;assertEquals(&quot;Data of arrays should be equal.&quot;,&#13;&#10;&#9;&#9;&#9;test[1], arr[1]);&#13;&#10;&#9;assertEquals(&quot;Data of arrays should be equal.&quot;,&#13;&#10;&#9;&#9;&#9;test[2], arr[2]);}&#13;&#10;&#9;&#13;&#10;&#9;/* Pass &#13;&#10;&#9; * Returns the correct length&#13;&#10;&#9; */&#13;&#10;&#9;&#13;&#10;&#9;@Test&#13;&#10;&#9;public void createNumberArraySizeTest() {&#13;&#10;&#9;&#9;double[] test1 = new double[] { 1.0, 1.11, -1.52, 1.5};&#13;&#10;&#9;&#9;Number arr1[] = DataUtilities.createNumberArray(new double[] { 1.0, 1.11, -1.52, 1.5});&#13;&#10;&#9;&#9;assertEquals(&quot;Length of arrays should be equal.&quot;,&#13;&#10;&#9;&#9;&#9;&#9;test1.length, arr1.length);&#13;&#10;&#13;&#10;&#9;}&#13;&#10;&#9;&#13;&#10;&#9;/* Pass &#13;&#10;&#9; * Throws an exception if the function is passed a null value&#13;&#10;&#9; */&#13;&#10;&#13;&#10;&#9;@Test(expected = IllegalArgumentException.class)&#13;&#10;&#9; public void createNumberArrayNullArgument() throws Exception{&#13;&#10;&#9;&#9; DataUtilities.createNumberArray(null);&#13;&#10;&#9; }&#13;&#10;&#9;&#13;&#10;&#9;&#13;&#10;&#9;// createNumberArray2D() test cases&#13;&#10;&#9;/* Fail&#13;&#10;&#9; * The last element is returned as null&#13;&#10;&#9; */&#13;&#10;&#9;&#13;&#10;&#9;@Test&#13;&#10;&#9;public void create2DNumberArrayThreeDoubleElements() {&#13;&#10;&#9;&#9;double[][] test = new double[][]{{1.0, 3.0, 7.0}, {2.0, 4.0, 4.4}};&#13;&#10;&#9;&#9;Number[][] arr = DataUtilities.createNumberArray2D(new double[][]{{1.0, 3.0, 7.0}, {2.0, 4.0, 4.4}});&#13;&#10;&#9;&#9;assertEquals(&quot;Data of arrays should be equal.&quot;,&#13;&#10;&#9;&#9;&#9;&#9;test[0][0], arr[0][0]);&#9; &#13;&#10;&#9;&#9;assertEquals(&quot;Data of arrays should be equal.&quot;,&#13;&#10;&#9;&#9;&#9;test[0][1], arr[0][1]);&#13;&#10;&#9;&#9;assertEquals(&quot;Data of arrays should be equal.&quot;,&#13;&#10;&#9;&#9;&#9;test[0][2], arr[0][2]);&#13;&#10;&#9;&#9;&#13;&#10;&#9;&#9;assertEquals(&quot;Data of arrays should be equal.&quot;,&#13;&#10;&#9;&#9;test[1][2], arr[1][2]);&#13;&#10;&#9;&#9;&#9;&#13;&#10;&#9;}&#13;&#10;&#9;&#13;&#10;&#9;/* Pass &#13;&#10;&#9; * Returns all the elements except the last one&#13;&#10;&#9; */&#13;&#10;&#9;&#13;&#10;&#9;@Test&#13;&#10;&#9;public void create2DNumberArrayTwoDoubleElements() {&#13;&#10;&#9;&#9;double[][] test = new double[][]{{1.0, 3.0, 7.0}, {2.0, 4.0, 4.4}};&#13;&#10;&#9;&#9;Number[][] arr = DataUtilities.createNumberArray2D(new double[][]{{1.0, 3.0, 7.0}, {2.0, 4.0, 4.4}});&#13;&#10;&#9;&#9;assertEquals(&quot;Data of arrays should be equal.&quot;,&#13;&#10;&#9;&#9;&#9;&#9;test[0][0], arr[0][0]);&#9; &#13;&#10;&#9;&#9;assertEquals(&quot;Data of arrays should be equal.&quot;,&#13;&#10;&#9;&#9;&#9;test[0][1], arr[0][1]);&#13;&#10;&#9;&#9;assertEquals(&quot;Data of arrays should be equal.&quot;,&#13;&#10;&#9;&#9;&#9;&#9;test[1][0], arr[1][0]);&#9; &#13;&#10;&#9;&#9;assertEquals(&quot;Data of arrays should be equal.&quot;,&#13;&#10;&#9;&#9;&#9;test[1][1], arr[1][1]);&#13;&#10;&#9;&#9;&#13;&#10;&#9;&#9;&#9;&#13;&#10;&#9;}&#13;&#10;&#9;&#13;&#10;&#9;/* Pass &#13;&#10;&#9; * Returns the correct length&#13;&#10;&#9; */&#13;&#10;&#9;&#13;&#10;&#9;@Test&#13;&#10;&#9;public void create2DNumberArraySizeTest() {&#13;&#10;&#9;&#9;double[][] test = new double[][]{{1.0, 3.0, 7.0}, {2.0, 4.0, 4.4}};&#13;&#10;&#9;&#9;Number[][] arr = DataUtilities.createNumberArray2D(new double[][]{{1.0, 3.0, 7.0}, {2.0, 4.0, 4.4}});&#13;&#10;&#9;&#9;assertEquals(&quot;Length of arrays should be equal.&quot;,&#13;&#10;&#9;&#9;&#9;&#9;test.length, arr.length);&#13;&#10;&#13;&#10;&#9;}&#13;&#10;&#9;&#13;&#10;&#9;/* Pass &#13;&#10;&#9; * Throws an exception if the function is passed a null value&#13;&#10;&#9; */&#13;&#10;&#9;&#13;&#10;&#9;@Test(expected = IllegalArgumentException.class)&#13;&#10;&#9; public void create2DNumberArrayNullArgument() throws Exception{&#13;&#10;&#9;&#9; DataUtilities.createNumberArray2D(null);&#13;&#10;&#9; }&#13;&#10;&#9;&#13;&#10;&#9;// getCumulativePercentages() test cases&#13;&#10;&#9;// fail: returns wrong percentage&#13;&#10;&#9;@Test&#13;&#10;&#9; public void testingAllElements(){&#13;&#10;&#9;&#9;Mockery mockingContext = new Mockery();&#13;&#10;&#9;&#9;final KeyedValues keyValues = mockingContext.mock(KeyedValues.class);&#13;&#10;&#9;&#9; mockingContext.checking(new Expectations() {&#13;&#10;&#9;&#9;&#9;{&#13;&#10;&#9;&#9;&#9;&#9;atLeast(1).of(keyValues).getItemCount();&#13;&#10;&#9;&#9;&#9;&#9;will(returnValue(3));&#13;&#10;&#9;        &#9;&#13;&#10;&#9;&#9;&#9;&#9;atLeast(1).of(keyValues).getValue(0);&#13;&#10;&#9;&#9;&#9;&#9;will(returnValue(1));&#13;&#10;&#9;&#9;&#9;&#9;&#13;&#10;&#9;&#9;&#9;&#9;atLeast(1).of(keyValues).getValue(1);&#13;&#10;&#9;&#9;&#9;&#9;will(returnValue(2));&#13;&#10;&#9;&#9;&#9;&#9;&#13;&#10;&#9;&#9;&#9;&#9;atLeast(1).of(keyValues).getValue(2);&#13;&#10;&#9;&#9;&#9;&#9;will(returnValue(3));&#13;&#10;&#9;&#9;&#9;&#9;&#13;&#10;&#9;&#9;&#9;&#9;atLeast(1).of(keyValues).getKey(0);&#13;&#10;&#9;&#9;&#9;&#9;will(returnValue(&quot;key0&quot;));&#13;&#10;&#9;&#9;&#9;&#9;&#13;&#10;&#9;&#9;&#9;&#9;atLeast(1).of(keyValues).getKey(1);&#13;&#10;&#9;&#9;&#9;&#9;will(returnValue(&quot;key1&quot;));&#13;&#10;&#9;&#9;&#9;&#9;&#13;&#10;&#9;&#9;&#9;&#9;atLeast(1).of(keyValues).getKey(2);&#13;&#10;&#9;&#9;&#9;&#9;will(returnValue(&quot;key2&quot;));&#13;&#10;&#9;     &#9;}&#13;&#10;&#9;&#9; });&#13;&#10;&#9;&#9; &#13;&#10;&#9;&#9; KeyedValues result = DataUtilities.getCumulativePercentages(keyValues);&#13;&#10;&#9;&#9; &#13;&#10;&#9;&#9; assertEquals(0.5, result.getValue(1).doubleValue(), .000000001d);&#13;&#10;&#9;&#9; assertEquals(1.0, result.getValue(2).doubleValue(), .000000001d);&#13;&#10;&#9; }&#13;&#10;&#9;&#13;&#10;&#13;&#10;&#9; // pass: returns correct percentage&#13;&#10;&#9; @Test&#13;&#10;&#9;&#9;public void allZeroRows(){&#13;&#10;&#9;&#9;&#9;Mockery mockingContext = new Mockery();&#13;&#10;&#9;&#9;&#9;final KeyedValues values = mockingContext.mock(KeyedValues.class);&#13;&#10;&#9;&#9;&#9;mockingContext.checking(new Expectations() {&#13;&#10;&#9;&#9;&#9;&#9;{&#13;&#10;&#9;&#9;&#9;&#9;&#9;allowing(values).getItemCount();&#13;&#10;&#9;&#9;&#9;&#9;&#9;will(returnValue(4));&#13;&#10;&#9;&#9;&#9;&#9;&#9;allowing(values).getValue(0);&#13;&#10;&#9;&#9;&#9;&#9;&#9;will(returnValue(0));&#13;&#10;&#9;&#9;&#9;&#9;&#9;allowing(values).getValue(1);&#13;&#10;&#9;&#9;&#9;&#9;&#9;will(returnValue(0));&#13;&#10;&#9;&#9;&#9;&#9;&#9;allowing(values).getValue(2);&#13;&#10;&#9;&#9;&#9;&#9;&#9;will(returnValue(0));&#13;&#10;&#9;&#9;&#9;&#9;&#9;allowing(values).getValue(3);&#13;&#10;&#9;&#9;&#9;&#9;&#9;will(returnValue(0));&#13;&#10;&#9;&#9;&#9;&#9;&#9;allowing(values).getKey(0);&#13;&#10;&#9;&#9;&#9;&#9;&#9;will(returnValue(0));&#13;&#10;&#9;&#9;&#9;&#9;&#9;allowing(values).getKey(1);&#13;&#10;&#9;&#9;&#9;&#9;&#9;will(returnValue(1));&#13;&#10;&#9;&#9;&#9;&#9;&#9;allowing(values).getKey(2);&#13;&#10;&#9;&#9;&#9;&#9;&#9;will(returnValue(2));&#13;&#10;&#9;&#9;&#9;&#9;&#9;allowing(values).getKey(3);&#13;&#10;&#9;&#9;&#9;&#9;&#9;will(returnValue(3));&#13;&#10;&#9;&#9;&#9;&#9;}&#13;&#10;&#9;&#9;&#9;});&#13;&#10;&#9;&#9;&#9;&#13;&#10;&#9;&#9;&#9;KeyedValues result = DataUtilities.getCumulativePercentages(values);&#13;&#10;&#9;&#9;&#9;assertEquals(0.0 / 0.0, result.getValue(0));&#13;&#10;&#9;&#9;&#9;assertEquals(0.0 / 0.0, result.getValue(1));&#13;&#10;&#9;&#9;&#9;assertEquals(0.0 / 0.0, result.getValue(2));&#13;&#10;&#9;&#9;&#9;assertEquals(0.0 / 0.0, result.getValue(3));&#13;&#10;&#9;&#9;}&#13;&#10;&#9; &#13;&#10;&#9; // fail: first percentage value is wrong&#13;&#10;&#9; @Test&#13;&#10;&#9;&#9;public void lastTwoRowsZero(){&#13;&#10;&#9;&#9;&#9;Mockery mockingContext = new Mockery();&#13;&#10;&#9;&#9;&#9;final KeyedValues values = mockingContext.mock(KeyedValues.class);&#13;&#10;&#9;&#9;&#9;mockingContext.checking(new Expectations() {&#13;&#10;&#9;&#9;&#9;&#9;{&#13;&#10;&#9;&#9;&#9;&#9;&#9;allowing(values).getItemCount();&#13;&#10;&#9;&#9;&#9;&#9;&#9;will(returnValue(3));&#13;&#10;&#9;&#9;&#9;&#9;&#9;allowing(values).getValue(0);&#13;&#10;&#9;&#9;&#9;&#9;&#9;will(returnValue(2));&#13;&#10;&#9;&#9;&#9;&#9;&#9;allowing(values).getValue(1);&#13;&#10;&#9;&#9;&#9;&#9;&#9;will(returnValue(0));&#13;&#10;&#9;&#9;&#9;&#9;&#9;allowing(values).getValue(2);&#13;&#10;&#9;&#9;&#9;&#9;&#9;will(returnValue(0));&#13;&#10;&#9;&#9;&#9;&#9;&#9;&#13;&#10;&#9;&#9;&#9;&#9;&#9;allowing(values).getKey(0);&#13;&#10;&#9;&#9;&#9;&#9;&#9;will(returnValue(0));&#13;&#10;&#9;&#9;&#9;&#9;&#9;allowing(values).getKey(1);&#13;&#10;&#9;&#9;&#9;&#9;&#9;will(returnValue(1));&#13;&#10;&#9;&#9;&#9;&#9;&#9;allowing(values).getKey(2);&#13;&#10;&#9;&#9;&#9;&#9;&#9;will(returnValue(2));&#13;&#10;&#9;&#9;&#9;&#9;&#9;&#13;&#10;&#9;&#9;&#9;&#9;}&#13;&#10;&#9;&#9;&#9;});&#13;&#10;&#9;&#9;&#9;&#13;&#10;&#9;&#9;&#9;KeyedValues result = DataUtilities.getCumulativePercentages(values);&#13;&#10;&#9;&#9;&#9;assertEquals(1.0, result.getValue(0));&#13;&#10;&#9;&#9;&#9;assertEquals(1.0, result.getValue(1));&#13;&#10;&#9;&#9;&#9;assertEquals(1.0, result.getValue(2));&#13;&#10;&#9;&#9;&#9;&#13;&#10;&#9;&#9;}&#13;&#10;&#9; &#13;&#10;&#9; // pass: returns the correct percentage&#13;&#10;&#9; @Test&#13;&#10;&#9;&#9;public void firstThreeRowsZero(){&#13;&#10;&#9;&#9;&#9;Mockery mockingContext = new Mockery();&#13;&#10;&#9;&#9;&#9;final KeyedValues values = mockingContext.mock(KeyedValues.class);&#13;&#10;&#9;&#9;&#9;mockingContext.checking(new Expectations() {&#13;&#10;&#9;&#9;&#9;&#9;{&#13;&#10;&#9;&#9;&#9;&#9;&#9;allowing(values).getItemCount();&#13;&#10;&#9;&#9;&#9;&#9;&#9;will(returnValue(3));&#13;&#10;&#9;&#9;&#9;&#9;&#9;allowing(values).getValue(0);&#13;&#10;&#9;&#9;&#9;&#9;&#9;will(returnValue(0));&#13;&#10;&#9;&#9;&#9;&#9;&#9;allowing(values).getValue(1);&#13;&#10;&#9;&#9;&#9;&#9;&#9;will(returnValue(0));&#13;&#10;&#9;&#9;&#9;&#9;&#9;allowing(values).getValue(2);&#13;&#10;&#9;&#9;&#9;&#9;&#9;will(returnValue(2));&#13;&#10;&#9;&#9;&#9;&#9;&#9;&#13;&#10;&#9;&#9;&#9;&#9;&#9;allowing(values).getKey(0);&#13;&#10;&#9;&#9;&#9;&#9;&#9;will(returnValue(0));&#13;&#10;&#9;&#9;&#9;&#9;&#9;allowing(values).getKey(1);&#13;&#10;&#9;&#9;&#9;&#9;&#9;will(returnValue(1));&#13;&#10;&#9;&#9;&#9;&#9;&#9;allowing(values).getKey(2);&#13;&#10;&#9;&#9;&#9;&#9;&#9;will(returnValue(2));&#13;&#10;&#9;&#9;&#9;&#9;&#9;&#13;&#10;&#9;&#9;&#9;&#9;}&#13;&#10;&#9;&#9;&#9;});&#13;&#10;&#9;&#9;&#9;&#13;&#10;&#9;&#9;&#9;KeyedValues result = DataUtilities.getCumulativePercentages(values);&#13;&#10;&#9;&#9;&#9;assertEquals(0.0, result.getValue(0));&#13;&#10;&#9;&#9;&#9;assertEquals(0.0, result.getValue(1));&#13;&#10;&#9;&#9;&#9;assertEquals(1.0, result.getValue(2));&#13;&#10;&#9;&#9;&#9;&#13;&#10;&#9;&#9;}&#13;&#10;&#9; &#13;&#10;&#9; // pass: correct exception thrown&#13;&#10;&#9; @Test (expected = IllegalArgumentException.class)&#13;&#10;&#9; public void getCumulativePercentagesNullArgument() throws Exception{&#13;&#10;&#9;&#9; DataUtilities.getCumulativePercentages(null);&#13;&#10;&#9; }&#13;&#10;&#13;&#10;&#9;&#13;&#10;&#9;@After&#13;&#10;&#9;public void tearDown() throws Exception {&#13;&#10;&#9;}&#13;&#10;&#13;&#10;&#9;@AfterClass&#13;&#10;&#9;public static void tearDownAfterClass() throws Exception {&#13;&#10;&#9;}&#13;&#10;&#9;&#13;&#10;&#9;&#13;&#10;&#9;&#13;&#10;&#13;&#10;&#9;&#13;&#10;&#9;&#13;&#10;&#13;&#10;}" Filename="DataUtilitesTest.java" Intrnl_Id="1"/>
    </SrcFileList>
    <CritList>
        <CritListEntry Name="org.codecover.model.utils.criteria.LoopCoverage" PluginName="org.codecover"/>
        <CritListEntry Name="org.codecover.model.utils.criteria.QMOCoverage" PluginName="org.codecover"/>
        <CritListEntry Name="org.codecover.model.utils.criteria.ConditionCoverage" PluginName="org.codecover"/>
        <CritListEntry Name="org.codecover.model.utils.criteria.BranchCoverage" PluginName="org.codecover"/>
        <CritListEntry Name="org.codecover.model.utils.criteria.SynchronizedStatementCoverage" PluginName="org.codecover"/>
        <CritListEntry Name="org.codecover.model.utils.criteria.StatementCoverage" PluginName="org.codecover"/>
    </CritList>
    <BoolOpList/>
    <HierarchyLvlTypeList>
        <HierarchyLvlType EnglishName="package" IntrnlName="package" Intrnl_Id="2"/>
        <HierarchyLvlType EnglishName="anonymous class" IntrnlName="class" Intrnl_Id="3"/>
        <HierarchyLvlType EnglishName="method" IntrnlName="method" Intrnl_Id="4"/>
        <HierarchyLvlType EnglishName="class" IntrnlName="class" Intrnl_Id="5"/>
        <HierarchyLvlType EnglishName="default package" IntrnlName="default package" Intrnl_Id="6"/>
    </HierarchyLvlTypeList>
    <MASTRoot>
        <HierarchyLvl HierarchyLvlId="346" HierarchyLvlTypeId="6" Intrnl_Id="7" Name="default package">
            <Header/>
            <LocList/>
            <HierarchyLvl HierarchyLvlId="345" HierarchyLvlTypeId="2" Intrnl_Id="8" Name="org">
                <Header/>
                <LocList/>
                <HierarchyLvl HierarchyLvlId="344" HierarchyLvlTypeId="2" Intrnl_Id="9" Name="jfree">
                    <Header/>
                    <LocList/>
                    <HierarchyLvl HierarchyLvlId="343" HierarchyLvlTypeId="2" Intrnl_Id="10" Name="data">
                        <Header/>
                        <LocList/>
                        <HierarchyLvl HierarchyLvlId="342" HierarchyLvlTypeId="2" Intrnl_Id="11" Name="test">
                            <Header/>
                            <LocList/>
                            <HierarchyLvl HierarchyLvlId="341" HierarchyLvlTypeId="5" Intrnl_Id="12" Name="DataUtilitesTest">
                                <Header>
                                    <Loc EndOffset="475" SrcFileId="1" StartOffset="424"/>
                                </Header>
                                <LocList>
                                    <Loc EndOffset="13206" SrcFileId="1" StartOffset="424"/>
                                </LocList>
                                <HierarchyLvl HierarchyLvlId="310" HierarchyLvlTypeId="4" Intrnl_Id="13" Name="setUpBeforeClass">
                                    <Header>
                                        <Loc EndOffset="611" SrcFileId="1" StartOffset="542"/>
                                    </Header>
                                    <LocList>
                                        <Loc EndOffset="617" SrcFileId="1" StartOffset="542"/>
                                    </LocList>
                                </HierarchyLvl>
                                <HierarchyLvl HierarchyLvlId="311" HierarchyLvlTypeId="4" Intrnl_Id="14" Name="setUp">
                                    <Header>
                                        <Loc EndOffset="669" SrcFileId="1" StartOffset="623"/>
                                    </Header>
                                    <LocList>
                                        <Loc EndOffset="764" SrcFileId="1" StartOffset="623"/>
                                    </LocList>
                                    <StmntSeq Intrnl_Id="15">
                                        <LocList>
                                            <Loc EndOffset="707" SrcFileId="1" StartOffset="676"/>
                                            <Loc EndOffset="760" SrcFileId="1" StartOffset="715"/>
                                        </LocList>
                                        <BasicStmnt CovItemId="S1" CovItemPrefix="org.jfree.data.test.DataUtilitesTest.java" Intrnl_Id="16">
                                            <LocList>
                                                <Loc EndOffset="707" SrcFileId="1" StartOffset="676"/>
                                            </LocList>
                                        </BasicStmnt>
                                        <BasicStmnt CovItemId="S2" CovItemPrefix="org.jfree.data.test.DataUtilitesTest.java" Intrnl_Id="17">
                                            <LocList>
                                                <Loc EndOffset="760" SrcFileId="1" StartOffset="715"/>
                                            </LocList>
                                        </BasicStmnt>
                                    </StmntSeq>
                                </HierarchyLvl>
                                <HierarchyLvl HierarchyLvlId="313" HierarchyLvlTypeId="4" Intrnl_Id="18" Name="calculateColumnTotalForThreeRows">
                                    <Header>
                                        <Loc EndOffset="914" SrcFileId="1" StartOffset="860"/>
                                    </Header>
                                    <LocList>
                                        <Loc EndOffset="1551" SrcFileId="1" StartOffset="860"/>
                                    </LocList>
                                    <StmntSeq Intrnl_Id="19">
                                        <LocList>
                                            <Loc EndOffset="973" SrcFileId="1" StartOffset="949"/>
                                            <Loc EndOffset="1358" SrcFileId="1" StartOffset="1356"/>
                                            <Loc EndOffset="1445" SrcFileId="1" StartOffset="1383"/>
                                            <Loc EndOffset="1502" SrcFileId="1" StartOffset="1468"/>
                                        </LocList>
                                        <BasicStmnt CovItemId="S3" CovItemPrefix="org.jfree.data.test.DataUtilitesTest.java" Intrnl_Id="20">
                                            <LocList>
                                                <Loc EndOffset="973" SrcFileId="1" StartOffset="949"/>
                                                <Loc EndOffset="1358" SrcFileId="1" StartOffset="1356"/>
                                            </LocList>
                                        </BasicStmnt>
                                        <BasicStmnt CovItemId="S12" CovItemPrefix="org.jfree.data.test.DataUtilitesTest.java" Intrnl_Id="21">
                                            <LocList>
                                                <Loc EndOffset="1445" SrcFileId="1" StartOffset="1383"/>
                                            </LocList>
                                        </BasicStmnt>
                                        <BasicStmnt CovItemId="S13" CovItemPrefix="org.jfree.data.test.DataUtilitesTest.java" Intrnl_Id="22">
                                            <LocList>
                                                <Loc EndOffset="1502" SrcFileId="1" StartOffset="1468"/>
                                            </LocList>
                                        </BasicStmnt>
                                    </StmntSeq>
                                    <HierarchyLvl HierarchyLvlId="312" HierarchyLvlTypeId="3" Intrnl_Id="23" Name="Expectations">
                                        <Header>
                                            <Loc EndOffset="991" SrcFileId="1" StartOffset="977"/>
                                        </Header>
                                        <LocList>
                                            <Loc EndOffset="1356" SrcFileId="1" StartOffset="973"/>
                                        </LocList>
                                        <StmntSeq Intrnl_Id="24">
                                            <LocList>
                                                <Loc EndOffset="1046" SrcFileId="1" StartOffset="1020"/>
                                                <Loc EndOffset="1082" SrcFileId="1" StartOffset="1061"/>
                                                <Loc EndOffset="1124" SrcFileId="1" StartOffset="1097"/>
                                                <Loc EndOffset="1162" SrcFileId="1" StartOffset="1139"/>
                                                <Loc EndOffset="1204" SrcFileId="1" StartOffset="1177"/>
                                                <Loc EndOffset="1242" SrcFileId="1" StartOffset="1219"/>
                                                <Loc EndOffset="1284" SrcFileId="1" StartOffset="1257"/>
                                                <Loc EndOffset="1321" SrcFileId="1" StartOffset="1299"/>
                                            </LocList>
                                            <BasicStmnt CovItemId="S4" CovItemPrefix="org.jfree.data.test.DataUtilitesTest.java" Intrnl_Id="25">
                                                <LocList>
                                                    <Loc EndOffset="1046" SrcFileId="1" StartOffset="1020"/>
                                                </LocList>
                                            </BasicStmnt>
                                            <BasicStmnt CovItemId="S5" CovItemPrefix="org.jfree.data.test.DataUtilitesTest.java" Intrnl_Id="26">
                                                <LocList>
                                                    <Loc EndOffset="1082" SrcFileId="1" StartOffset="1061"/>
                                                </LocList>
                                            </BasicStmnt>
                                            <BasicStmnt CovItemId="S6" CovItemPrefix="org.jfree.data.test.DataUtilitesTest.java" Intrnl_Id="27">
                                                <LocList>
                                                    <Loc EndOffset="1124" SrcFileId="1" StartOffset="1097"/>
                                                </LocList>
                                            </BasicStmnt>
                                            <BasicStmnt CovItemId="S7" CovItemPrefix="org.jfree.data.test.DataUtilitesTest.java" Intrnl_Id="28">
                                                <LocList>
                                                    <Loc EndOffset="1162" SrcFileId="1" StartOffset="1139"/>
                                                </LocList>
                                            </BasicStmnt>
                                            <BasicStmnt CovItemId="S8" CovItemPrefix="org.jfree.data.test.DataUtilitesTest.java" Intrnl_Id="29">
                                                <LocList>
                                                    <Loc EndOffset="1204" SrcFileId="1" StartOffset="1177"/>
                                                </LocList>
                                            </BasicStmnt>
                                            <BasicStmnt CovItemId="S9" CovItemPrefix="org.jfree.data.test.DataUtilitesTest.java" Intrnl_Id="30">
                                                <LocList>
                                                    <Loc EndOffset="1242" SrcFileId="1" StartOffset="1219"/>
                                                </LocList>
                                            </BasicStmnt>
                                            <BasicStmnt CovItemId="S10" CovItemPrefix="org.jfree.data.test.DataUtilitesTest.java" Intrnl_Id="31">
                                                <LocList>
                                                    <Loc EndOffset="1284" SrcFileId="1" StartOffset="1257"/>
                                                </LocList>
                                            </BasicStmnt>
                                            <BasicStmnt CovItemId="S11" CovItemPrefix="org.jfree.data.test.DataUtilitesTest.java" Intrnl_Id="32">
                                                <LocList>
                                                    <Loc EndOffset="1321" SrcFileId="1" StartOffset="1299"/>
                                                </LocList>
                                            </BasicStmnt>
                                        </StmntSeq>
                                    </HierarchyLvl>
                                </HierarchyLvl>
                                <HierarchyLvl HierarchyLvlId="315" HierarchyLvlTypeId="4" Intrnl_Id="33" Name="calculateColumnTotalForMutipleColumns">
                                    <Header>
                                        <Loc EndOffset="1670" SrcFileId="1" StartOffset="1611"/>
                                    </Header>
                                    <LocList>
                                        <Loc EndOffset="2689" SrcFileId="1" StartOffset="1611"/>
                                    </LocList>
                                    <StmntSeq Intrnl_Id="34">
                                        <LocList>
                                            <Loc EndOffset="1710" SrcFileId="1" StartOffset="1686"/>
                                            <Loc EndOffset="2487" SrcFileId="1" StartOffset="2485"/>
                                            <Loc EndOffset="2581" SrcFileId="1" StartOffset="2519"/>
                                            <Loc EndOffset="2640" SrcFileId="1" StartOffset="2604"/>
                                        </LocList>
                                        <BasicStmnt CovItemId="S14" CovItemPrefix="org.jfree.data.test.DataUtilitesTest.java" Intrnl_Id="35">
                                            <LocList>
                                                <Loc EndOffset="1710" SrcFileId="1" StartOffset="1686"/>
                                                <Loc EndOffset="2487" SrcFileId="1" StartOffset="2485"/>
                                            </LocList>
                                        </BasicStmnt>
                                        <BasicStmnt CovItemId="S30" CovItemPrefix="org.jfree.data.test.DataUtilitesTest.java" Intrnl_Id="36">
                                            <LocList>
                                                <Loc EndOffset="2581" SrcFileId="1" StartOffset="2519"/>
                                            </LocList>
                                        </BasicStmnt>
                                        <BasicStmnt CovItemId="S31" CovItemPrefix="org.jfree.data.test.DataUtilitesTest.java" Intrnl_Id="37">
                                            <LocList>
                                                <Loc EndOffset="2640" SrcFileId="1" StartOffset="2604"/>
                                            </LocList>
                                        </BasicStmnt>
                                    </StmntSeq>
                                    <HierarchyLvl HierarchyLvlId="314" HierarchyLvlTypeId="3" Intrnl_Id="38" Name="Expectations">
                                        <Header>
                                            <Loc EndOffset="1728" SrcFileId="1" StartOffset="1714"/>
                                        </Header>
                                        <LocList>
                                            <Loc EndOffset="2485" SrcFileId="1" StartOffset="1710"/>
                                        </LocList>
                                        <StmntSeq Intrnl_Id="39">
                                            <LocList>
                                                <Loc EndOffset="1879" SrcFileId="1" StartOffset="1853"/>
                                                <Loc EndOffset="1915" SrcFileId="1" StartOffset="1894"/>
                                                <Loc EndOffset="1972" SrcFileId="1" StartOffset="1945"/>
                                                <Loc EndOffset="2008" SrcFileId="1" StartOffset="1987"/>
                                                <Loc EndOffset="2050" SrcFileId="1" StartOffset="2023"/>
                                                <Loc EndOffset="2087" SrcFileId="1" StartOffset="2065"/>
                                                <Loc EndOffset="2129" SrcFileId="1" StartOffset="2102"/>
                                                <Loc EndOffset="2165" SrcFileId="1" StartOffset="2144"/>
                                                <Loc EndOffset="2216" SrcFileId="1" StartOffset="2195"/>
                                                <Loc EndOffset="2258" SrcFileId="1" StartOffset="2231"/>
                                                <Loc EndOffset="2294" SrcFileId="1" StartOffset="2273"/>
                                                <Loc EndOffset="2336" SrcFileId="1" StartOffset="2309"/>
                                                <Loc EndOffset="2372" SrcFileId="1" StartOffset="2351"/>
                                                <Loc EndOffset="2414" SrcFileId="1" StartOffset="2387"/>
                                                <Loc EndOffset="2450" SrcFileId="1" StartOffset="2429"/>
                                            </LocList>
                                            <BasicStmnt CovItemId="S15" CovItemPrefix="org.jfree.data.test.DataUtilitesTest.java" Intrnl_Id="40">
                                                <LocList>
                                                    <Loc EndOffset="1879" SrcFileId="1" StartOffset="1853"/>
                                                </LocList>
                                            </BasicStmnt>
                                            <BasicStmnt CovItemId="S16" CovItemPrefix="org.jfree.data.test.DataUtilitesTest.java" Intrnl_Id="41">
                                                <LocList>
                                                    <Loc EndOffset="1915" SrcFileId="1" StartOffset="1894"/>
                                                </LocList>
                                            </BasicStmnt>
                                            <BasicStmnt CovItemId="S17" CovItemPrefix="org.jfree.data.test.DataUtilitesTest.java" Intrnl_Id="42">
                                                <LocList>
                                                    <Loc EndOffset="1972" SrcFileId="1" StartOffset="1945"/>
                                                </LocList>
                                            </BasicStmnt>
                                            <BasicStmnt CovItemId="S18" CovItemPrefix="org.jfree.data.test.DataUtilitesTest.java" Intrnl_Id="43">
                                                <LocList>
                                                    <Loc EndOffset="2008" SrcFileId="1" StartOffset="1987"/>
                                                </LocList>
                                            </BasicStmnt>
                                            <BasicStmnt CovItemId="S19" CovItemPrefix="org.jfree.data.test.DataUtilitesTest.java" Intrnl_Id="44">
                                                <LocList>
                                                    <Loc EndOffset="2050" SrcFileId="1" StartOffset="2023"/>
                                                </LocList>
                                            </BasicStmnt>
                                            <BasicStmnt CovItemId="S20" CovItemPrefix="org.jfree.data.test.DataUtilitesTest.java" Intrnl_Id="45">
                                                <LocList>
                                                    <Loc EndOffset="2087" SrcFileId="1" StartOffset="2065"/>
                                                </LocList>
                                            </BasicStmnt>
                                            <BasicStmnt CovItemId="S21" CovItemPrefix="org.jfree.data.test.DataUtilitesTest.java" Intrnl_Id="46">
                                                <LocList>
                                                    <Loc EndOffset="2129" SrcFileId="1" StartOffset="2102"/>
                                                </LocList>
                                            </BasicStmnt>
                                            <BasicStmnt CovItemId="S22" CovItemPrefix="org.jfree.data.test.DataUtilitesTest.java" Intrnl_Id="47">
                                                <LocList>
                                                    <Loc EndOffset="2165" SrcFileId="1" StartOffset="2144"/>
                                                </LocList>
                                            </BasicStmnt>
                                            <BasicStmnt CovItemId="S23" CovItemPrefix="org.jfree.data.test.DataUtilitesTest.java" Intrnl_Id="48">
                                                <LocList>
                                                    <Loc EndOffset="2216" SrcFileId="1" StartOffset="2195"/>
                                                </LocList>
                                            </BasicStmnt>
                                            <BasicStmnt CovItemId="S24" CovItemPrefix="org.jfree.data.test.DataUtilitesTest.java" Intrnl_Id="49">
                                                <LocList>
                                                    <Loc EndOffset="2258" SrcFileId="1" StartOffset="2231"/>
                                                </LocList>
                                            </BasicStmnt>
                                            <BasicStmnt CovItemId="S25" CovItemPrefix="org.jfree.data.test.DataUtilitesTest.java" Intrnl_Id="50">
                                                <LocList>
                                                    <Loc EndOffset="2294" SrcFileId="1" StartOffset="2273"/>
                                                </LocList>
                                            </BasicStmnt>
                                            <BasicStmnt CovItemId="S26" CovItemPrefix="org.jfree.data.test.DataUtilitesTest.java" Intrnl_Id="51">
                                                <LocList>
                                                    <Loc EndOffset="2336" SrcFileId="1" StartOffset="2309"/>
                                                </LocList>
                                            </BasicStmnt>
                                            <BasicStmnt CovItemId="S27" CovItemPrefix="org.jfree.data.test.DataUtilitesTest.java" Intrnl_Id="52">
                                                <LocList>
                                                    <Loc EndOffset="2372" SrcFileId="1" StartOffset="2351"/>
                                                </LocList>
                                            </BasicStmnt>
                                            <BasicStmnt CovItemId="S28" CovItemPrefix="org.jfree.data.test.DataUtilitesTest.java" Intrnl_Id="53">
                                                <LocList>
                                                    <Loc EndOffset="2414" SrcFileId="1" StartOffset="2387"/>
                                                </LocList>
                                            </BasicStmnt>
                                            <BasicStmnt CovItemId="S29" CovItemPrefix="org.jfree.data.test.DataUtilitesTest.java" Intrnl_Id="54">
                                                <LocList>
                                                    <Loc EndOffset="2450" SrcFileId="1" StartOffset="2429"/>
                                                </LocList>
                                            </BasicStmnt>
                                        </StmntSeq>
                                    </HierarchyLvl>
                                </HierarchyLvl>
                                <HierarchyLvl HierarchyLvlId="316" HierarchyLvlTypeId="4" Intrnl_Id="55" Name="calculateColumnTotalInvalidObject">
                                    <Header>
                                        <Loc EndOffset="2851" SrcFileId="1" StartOffset="2733"/>
                                    </Header>
                                    <LocList>
                                        <Loc EndOffset="2906" SrcFileId="1" StartOffset="2733"/>
                                    </LocList>
                                    <StmntSeq Intrnl_Id="56">
                                        <LocList>
                                            <Loc EndOffset="2901" SrcFileId="1" StartOffset="2857"/>
                                        </LocList>
                                        <BasicStmnt CovItemId="S32" CovItemPrefix="org.jfree.data.test.DataUtilitesTest.java" Intrnl_Id="57">
                                            <LocList>
                                                <Loc EndOffset="2901" SrcFileId="1" StartOffset="2857"/>
                                            </LocList>
                                        </BasicStmnt>
                                    </StmntSeq>
                                </HierarchyLvl>
                                <HierarchyLvl HierarchyLvlId="318" HierarchyLvlTypeId="4" Intrnl_Id="58" Name="calculateRowTotalForOneRow">
                                    <Header>
                                        <Loc EndOffset="3041" SrcFileId="1" StartOffset="2993"/>
                                    </Header>
                                    <LocList>
                                        <Loc EndOffset="3753" SrcFileId="1" StartOffset="2993"/>
                                    </LocList>
                                    <StmntSeq Intrnl_Id="59">
                                        <LocList>
                                            <Loc EndOffset="3081" SrcFileId="1" StartOffset="3057"/>
                                            <Loc EndOffset="3554" SrcFileId="1" StartOffset="3552"/>
                                            <Loc EndOffset="3645" SrcFileId="1" StartOffset="3586"/>
                                            <Loc EndOffset="3704" SrcFileId="1" StartOffset="3668"/>
                                        </LocList>
                                        <BasicStmnt CovItemId="S33" CovItemPrefix="org.jfree.data.test.DataUtilitesTest.java" Intrnl_Id="60">
                                            <LocList>
                                                <Loc EndOffset="3081" SrcFileId="1" StartOffset="3057"/>
                                                <Loc EndOffset="3554" SrcFileId="1" StartOffset="3552"/>
                                            </LocList>
                                        </BasicStmnt>
                                        <BasicStmnt CovItemId="S44" CovItemPrefix="org.jfree.data.test.DataUtilitesTest.java" Intrnl_Id="61">
                                            <LocList>
                                                <Loc EndOffset="3645" SrcFileId="1" StartOffset="3586"/>
                                            </LocList>
                                        </BasicStmnt>
                                        <BasicStmnt CovItemId="S45" CovItemPrefix="org.jfree.data.test.DataUtilitesTest.java" Intrnl_Id="62">
                                            <LocList>
                                                <Loc EndOffset="3704" SrcFileId="1" StartOffset="3668"/>
                                            </LocList>
                                        </BasicStmnt>
                                    </StmntSeq>
                                    <HierarchyLvl HierarchyLvlId="317" HierarchyLvlTypeId="3" Intrnl_Id="63" Name="Expectations">
                                        <Header>
                                            <Loc EndOffset="3099" SrcFileId="1" StartOffset="3085"/>
                                        </Header>
                                        <LocList>
                                            <Loc EndOffset="3552" SrcFileId="1" StartOffset="3081"/>
                                        </LocList>
                                        <StmntSeq Intrnl_Id="64">
                                            <LocList>
                                                <Loc EndOffset="3151" SrcFileId="1" StartOffset="3125"/>
                                                <Loc EndOffset="3187" SrcFileId="1" StartOffset="3166"/>
                                                <Loc EndOffset="3231" SrcFileId="1" StartOffset="3202"/>
                                                <Loc EndOffset="3267" SrcFileId="1" StartOffset="3246"/>
                                                <Loc EndOffset="3324" SrcFileId="1" StartOffset="3297"/>
                                                <Loc EndOffset="3360" SrcFileId="1" StartOffset="3339"/>
                                                <Loc EndOffset="3402" SrcFileId="1" StartOffset="3375"/>
                                                <Loc EndOffset="3439" SrcFileId="1" StartOffset="3417"/>
                                                <Loc EndOffset="3481" SrcFileId="1" StartOffset="3454"/>
                                                <Loc EndOffset="3517" SrcFileId="1" StartOffset="3496"/>
                                            </LocList>
                                            <BasicStmnt CovItemId="S34" CovItemPrefix="org.jfree.data.test.DataUtilitesTest.java" Intrnl_Id="65">
                                                <LocList>
                                                    <Loc EndOffset="3151" SrcFileId="1" StartOffset="3125"/>
                                                </LocList>
                                            </BasicStmnt>
                                            <BasicStmnt CovItemId="S35" CovItemPrefix="org.jfree.data.test.DataUtilitesTest.java" Intrnl_Id="66">
                                                <LocList>
                                                    <Loc EndOffset="3187" SrcFileId="1" StartOffset="3166"/>
                                                </LocList>
                                            </BasicStmnt>
                                            <BasicStmnt CovItemId="S36" CovItemPrefix="org.jfree.data.test.DataUtilitesTest.java" Intrnl_Id="67">
                                                <LocList>
                                                    <Loc EndOffset="3231" SrcFileId="1" StartOffset="3202"/>
                                                </LocList>
                                            </BasicStmnt>
                                            <BasicStmnt CovItemId="S37" CovItemPrefix="org.jfree.data.test.DataUtilitesTest.java" Intrnl_Id="68">
                                                <LocList>
                                                    <Loc EndOffset="3267" SrcFileId="1" StartOffset="3246"/>
                                                </LocList>
                                            </BasicStmnt>
                                            <BasicStmnt CovItemId="S38" CovItemPrefix="org.jfree.data.test.DataUtilitesTest.java" Intrnl_Id="69">
                                                <LocList>
                                                    <Loc EndOffset="3324" SrcFileId="1" StartOffset="3297"/>
                                                </LocList>
                                            </BasicStmnt>
                                            <BasicStmnt CovItemId="S39" CovItemPrefix="org.jfree.data.test.DataUtilitesTest.java" Intrnl_Id="70">
                                                <LocList>
                                                    <Loc EndOffset="3360" SrcFileId="1" StartOffset="3339"/>
                                                </LocList>
                                            </BasicStmnt>
                                            <BasicStmnt CovItemId="S40" CovItemPrefix="org.jfree.data.test.DataUtilitesTest.java" Intrnl_Id="71">
                                                <LocList>
                                                    <Loc EndOffset="3402" SrcFileId="1" StartOffset="3375"/>
                                                </LocList>
                                            </BasicStmnt>
                                            <BasicStmnt CovItemId="S41" CovItemPrefix="org.jfree.data.test.DataUtilitesTest.java" Intrnl_Id="72">
                                                <LocList>
                                                    <Loc EndOffset="3439" SrcFileId="1" StartOffset="3417"/>
                                                </LocList>
                                            </BasicStmnt>
                                            <BasicStmnt CovItemId="S42" CovItemPrefix="org.jfree.data.test.DataUtilitesTest.java" Intrnl_Id="73">
                                                <LocList>
                                                    <Loc EndOffset="3481" SrcFileId="1" StartOffset="3454"/>
                                                </LocList>
                                            </BasicStmnt>
                                            <BasicStmnt CovItemId="S43" CovItemPrefix="org.jfree.data.test.DataUtilitesTest.java" Intrnl_Id="74">
                                                <LocList>
                                                    <Loc EndOffset="3517" SrcFileId="1" StartOffset="3496"/>
                                                </LocList>
                                            </BasicStmnt>
                                        </StmntSeq>
                                    </HierarchyLvl>
                                </HierarchyLvl>
                                <HierarchyLvl HierarchyLvlId="320" HierarchyLvlTypeId="4" Intrnl_Id="75" Name="calculateRowTotalForMutipleRows">
                                    <Header>
                                        <Loc EndOffset="3863" SrcFileId="1" StartOffset="3810"/>
                                    </Header>
                                    <LocList>
                                        <Loc EndOffset="4827" SrcFileId="1" StartOffset="3810"/>
                                    </LocList>
                                    <StmntSeq Intrnl_Id="76">
                                        <LocList>
                                            <Loc EndOffset="3903" SrcFileId="1" StartOffset="3879"/>
                                            <Loc EndOffset="4630" SrcFileId="1" StartOffset="4628"/>
                                            <Loc EndOffset="4720" SrcFileId="1" StartOffset="4662"/>
                                            <Loc EndOffset="4778" SrcFileId="1" StartOffset="4743"/>
                                        </LocList>
                                        <BasicStmnt CovItemId="S46" CovItemPrefix="org.jfree.data.test.DataUtilitesTest.java" Intrnl_Id="77">
                                            <LocList>
                                                <Loc EndOffset="3903" SrcFileId="1" StartOffset="3879"/>
                                                <Loc EndOffset="4630" SrcFileId="1" StartOffset="4628"/>
                                            </LocList>
                                        </BasicStmnt>
                                        <BasicStmnt CovItemId="S63" CovItemPrefix="org.jfree.data.test.DataUtilitesTest.java" Intrnl_Id="78">
                                            <LocList>
                                                <Loc EndOffset="4720" SrcFileId="1" StartOffset="4662"/>
                                            </LocList>
                                        </BasicStmnt>
                                        <BasicStmnt CovItemId="S64" CovItemPrefix="org.jfree.data.test.DataUtilitesTest.java" Intrnl_Id="79">
                                            <LocList>
                                                <Loc EndOffset="4778" SrcFileId="1" StartOffset="4743"/>
                                            </LocList>
                                        </BasicStmnt>
                                    </StmntSeq>
                                    <HierarchyLvl HierarchyLvlId="319" HierarchyLvlTypeId="3" Intrnl_Id="80" Name="Expectations">
                                        <Header>
                                            <Loc EndOffset="3921" SrcFileId="1" StartOffset="3907"/>
                                        </Header>
                                        <LocList>
                                            <Loc EndOffset="4628" SrcFileId="1" StartOffset="3903"/>
                                        </LocList>
                                        <StmntSeq Intrnl_Id="81">
                                            <LocList>
                                                <Loc EndOffset="3973" SrcFileId="1" StartOffset="3947"/>
                                                <Loc EndOffset="4009" SrcFileId="1" StartOffset="3988"/>
                                                <Loc EndOffset="4053" SrcFileId="1" StartOffset="4024"/>
                                                <Loc EndOffset="4089" SrcFileId="1" StartOffset="4068"/>
                                                <Loc EndOffset="4146" SrcFileId="1" StartOffset="4119"/>
                                                <Loc EndOffset="4182" SrcFileId="1" StartOffset="4161"/>
                                                <Loc EndOffset="4224" SrcFileId="1" StartOffset="4197"/>
                                                <Loc EndOffset="4261" SrcFileId="1" StartOffset="4239"/>
                                                <Loc EndOffset="4303" SrcFileId="1" StartOffset="4276"/>
                                                <Loc EndOffset="4339" SrcFileId="1" StartOffset="4318"/>
                                                <Loc EndOffset="4401" SrcFileId="1" StartOffset="4374"/>
                                                <Loc EndOffset="4437" SrcFileId="1" StartOffset="4416"/>
                                                <Loc EndOffset="4479" SrcFileId="1" StartOffset="4452"/>
                                                <Loc EndOffset="4515" SrcFileId="1" StartOffset="4494"/>
                                                <Loc EndOffset="4557" SrcFileId="1" StartOffset="4530"/>
                                                <Loc EndOffset="4593" SrcFileId="1" StartOffset="4572"/>
                                            </LocList>
                                            <BasicStmnt CovItemId="S47" CovItemPrefix="org.jfree.data.test.DataUtilitesTest.java" Intrnl_Id="82">
                                                <LocList>
                                                    <Loc EndOffset="3973" SrcFileId="1" StartOffset="3947"/>
                                                </LocList>
                                            </BasicStmnt>
                                            <BasicStmnt CovItemId="S48" CovItemPrefix="org.jfree.data.test.DataUtilitesTest.java" Intrnl_Id="83">
                                                <LocList>
                                                    <Loc EndOffset="4009" SrcFileId="1" StartOffset="3988"/>
                                                </LocList>
                                            </BasicStmnt>
                                            <BasicStmnt CovItemId="S49" CovItemPrefix="org.jfree.data.test.DataUtilitesTest.java" Intrnl_Id="84">
                                                <LocList>
                                                    <Loc EndOffset="4053" SrcFileId="1" StartOffset="4024"/>
                                                </LocList>
                                            </BasicStmnt>
                                            <BasicStmnt CovItemId="S50" CovItemPrefix="org.jfree.data.test.DataUtilitesTest.java" Intrnl_Id="85">
                                                <LocList>
                                                    <Loc EndOffset="4089" SrcFileId="1" StartOffset="4068"/>
                                                </LocList>
                                            </BasicStmnt>
                                            <BasicStmnt CovItemId="S51" CovItemPrefix="org.jfree.data.test.DataUtilitesTest.java" Intrnl_Id="86">
                                                <LocList>
                                                    <Loc EndOffset="4146" SrcFileId="1" StartOffset="4119"/>
                                                </LocList>
                                            </BasicStmnt>
                                            <BasicStmnt CovItemId="S52" CovItemPrefix="org.jfree.data.test.DataUtilitesTest.java" Intrnl_Id="87">
                                                <LocList>
                                                    <Loc EndOffset="4182" SrcFileId="1" StartOffset="4161"/>
                                                </LocList>
                                            </BasicStmnt>
                                            <BasicStmnt CovItemId="S53" CovItemPrefix="org.jfree.data.test.DataUtilitesTest.java" Intrnl_Id="88">
                                                <LocList>
                                                    <Loc EndOffset="4224" SrcFileId="1" StartOffset="4197"/>
                                                </LocList>
                                            </BasicStmnt>
                                            <BasicStmnt CovItemId="S54" CovItemPrefix="org.jfree.data.test.DataUtilitesTest.java" Intrnl_Id="89">
                                                <LocList>
                                                    <Loc EndOffset="4261" SrcFileId="1" StartOffset="4239"/>
                                                </LocList>
                                            </BasicStmnt>
                                            <BasicStmnt CovItemId="S55" CovItemPrefix="org.jfree.data.test.DataUtilitesTest.java" Intrnl_Id="90">
                                                <LocList>
                                                    <Loc EndOffset="4303" SrcFileId="1" StartOffset="4276"/>
                                                </LocList>
                                            </BasicStmnt>
                                            <BasicStmnt CovItemId="S56" CovItemPrefix="org.jfree.data.test.DataUtilitesTest.java" Intrnl_Id="91">
                                                <LocList>
                                                    <Loc EndOffset="4339" SrcFileId="1" StartOffset="4318"/>
                                                </LocList>
                                            </BasicStmnt>
                                            <BasicStmnt CovItemId="S57" CovItemPrefix="org.jfree.data.test.DataUtilitesTest.java" Intrnl_Id="92">
                                                <LocList>
                                                    <Loc EndOffset="4401" SrcFileId="1" StartOffset="4374"/>
                                                </LocList>
                                            </BasicStmnt>
                                            <BasicStmnt CovItemId="S58" CovItemPrefix="org.jfree.data.test.DataUtilitesTest.java" Intrnl_Id="93">
                                                <LocList>
                                                    <Loc EndOffset="4437" SrcFileId="1" StartOffset="4416"/>
                                                </LocList>
                                            </BasicStmnt>
                                            <BasicStmnt CovItemId="S59" CovItemPrefix="org.jfree.data.test.DataUtilitesTest.java" Intrnl_Id="94">
                                                <LocList>
                                                    <Loc EndOffset="4479" SrcFileId="1" StartOffset="4452"/>
                                                </LocList>
                                            </BasicStmnt>
                                            <BasicStmnt CovItemId="S60" CovItemPrefix="org.jfree.data.test.DataUtilitesTest.java" Intrnl_Id="95">
                                                <LocList>
                                                    <Loc EndOffset="4515" SrcFileId="1" StartOffset="4494"/>
                                                </LocList>
                                            </BasicStmnt>
                                            <BasicStmnt CovItemId="S61" CovItemPrefix="org.jfree.data.test.DataUtilitesTest.java" Intrnl_Id="96">
                                                <LocList>
                                                    <Loc EndOffset="4557" SrcFileId="1" StartOffset="4530"/>
                                                </LocList>
                                            </BasicStmnt>
                                            <BasicStmnt CovItemId="S62" CovItemPrefix="org.jfree.data.test.DataUtilitesTest.java" Intrnl_Id="97">
                                                <LocList>
                                                    <Loc EndOffset="4593" SrcFileId="1" StartOffset="4572"/>
                                                </LocList>
                                            </BasicStmnt>
                                        </StmntSeq>
                                    </HierarchyLvl>
                                </HierarchyLvl>
                                <HierarchyLvl HierarchyLvlId="321" HierarchyLvlTypeId="4" Intrnl_Id="98" Name="calculateRowTotalInvalidObject">
                                    <Header>
                                        <Loc EndOffset="4985" SrcFileId="1" StartOffset="4870"/>
                                    </Header>
                                    <LocList>
                                        <Loc EndOffset="5037" SrcFileId="1" StartOffset="4870"/>
                                    </LocList>
                                    <StmntSeq Intrnl_Id="99">
                                        <LocList>
                                            <Loc EndOffset="5032" SrcFileId="1" StartOffset="4991"/>
                                        </LocList>
                                        <BasicStmnt CovItemId="S65" CovItemPrefix="org.jfree.data.test.DataUtilitesTest.java" Intrnl_Id="100">
                                            <LocList>
                                                <Loc EndOffset="5032" SrcFileId="1" StartOffset="4991"/>
                                            </LocList>
                                        </BasicStmnt>
                                    </StmntSeq>
                                </HierarchyLvl>
                                <HierarchyLvl HierarchyLvlId="322" HierarchyLvlTypeId="4" Intrnl_Id="101" Name="createNumberArrayFourDoubleElements">
                                    <Header>
                                        <Loc EndOffset="5200" SrcFileId="1" StartOffset="5142"/>
                                    </Header>
                                    <LocList>
                                        <Loc EndOffset="5643" SrcFileId="1" StartOffset="5142"/>
                                    </LocList>
                                    <StmntSeq Intrnl_Id="102">
                                        <LocList>
                                            <Loc EndOffset="5260" SrcFileId="1" StartOffset="5206"/>
                                            <Loc EndOffset="5350" SrcFileId="1" StartOffset="5264"/>
                                            <Loc EndOffset="5424" SrcFileId="1" StartOffset="5354"/>
                                            <Loc EndOffset="5498" SrcFileId="1" StartOffset="5429"/>
                                            <Loc EndOffset="5570" SrcFileId="1" StartOffset="5501"/>
                                            <Loc EndOffset="5642" SrcFileId="1" StartOffset="5573"/>
                                        </LocList>
                                        <BasicStmnt CovItemId="S66" CovItemPrefix="org.jfree.data.test.DataUtilitesTest.java" Intrnl_Id="103">
                                            <LocList>
                                                <Loc EndOffset="5260" SrcFileId="1" StartOffset="5206"/>
                                            </LocList>
                                        </BasicStmnt>
                                        <BasicStmnt CovItemId="S67" CovItemPrefix="org.jfree.data.test.DataUtilitesTest.java" Intrnl_Id="104">
                                            <LocList>
                                                <Loc EndOffset="5350" SrcFileId="1" StartOffset="5264"/>
                                            </LocList>
                                        </BasicStmnt>
                                        <BasicStmnt CovItemId="S68" CovItemPrefix="org.jfree.data.test.DataUtilitesTest.java" Intrnl_Id="105">
                                            <LocList>
                                                <Loc EndOffset="5424" SrcFileId="1" StartOffset="5354"/>
                                            </LocList>
                                        </BasicStmnt>
                                        <BasicStmnt CovItemId="S69" CovItemPrefix="org.jfree.data.test.DataUtilitesTest.java" Intrnl_Id="106">
                                            <LocList>
                                                <Loc EndOffset="5498" SrcFileId="1" StartOffset="5429"/>
                                            </LocList>
                                        </BasicStmnt>
                                        <BasicStmnt CovItemId="S70" CovItemPrefix="org.jfree.data.test.DataUtilitesTest.java" Intrnl_Id="107">
                                            <LocList>
                                                <Loc EndOffset="5570" SrcFileId="1" StartOffset="5501"/>
                                            </LocList>
                                        </BasicStmnt>
                                        <BasicStmnt CovItemId="S71" CovItemPrefix="org.jfree.data.test.DataUtilitesTest.java" Intrnl_Id="108">
                                            <LocList>
                                                <Loc EndOffset="5642" SrcFileId="1" StartOffset="5573"/>
                                            </LocList>
                                        </BasicStmnt>
                                    </StmntSeq>
                                </HierarchyLvl>
                                <HierarchyLvl HierarchyLvlId="323" HierarchyLvlTypeId="4" Intrnl_Id="109" Name="createNumberArrayThreeDoubleElements">
                                    <Header>
                                        <Loc EndOffset="5778" SrcFileId="1" StartOffset="5719"/>
                                    </Header>
                                    <LocList>
                                        <Loc EndOffset="6149" SrcFileId="1" StartOffset="5719"/>
                                    </LocList>
                                    <StmntSeq Intrnl_Id="110">
                                        <LocList>
                                            <Loc EndOffset="5838" SrcFileId="1" StartOffset="5784"/>
                                            <Loc EndOffset="5928" SrcFileId="1" StartOffset="5842"/>
                                            <Loc EndOffset="6002" SrcFileId="1" StartOffset="5932"/>
                                            <Loc EndOffset="6076" SrcFileId="1" StartOffset="6007"/>
                                            <Loc EndOffset="6148" SrcFileId="1" StartOffset="6079"/>
                                        </LocList>
                                        <BasicStmnt CovItemId="S72" CovItemPrefix="org.jfree.data.test.DataUtilitesTest.java" Intrnl_Id="111">
                                            <LocList>
                                                <Loc EndOffset="5838" SrcFileId="1" StartOffset="5784"/>
                                            </LocList>
                                        </BasicStmnt>
                                        <BasicStmnt CovItemId="S73" CovItemPrefix="org.jfree.data.test.DataUtilitesTest.java" Intrnl_Id="112">
                                            <LocList>
                                                <Loc EndOffset="5928" SrcFileId="1" StartOffset="5842"/>
                                            </LocList>
                                        </BasicStmnt>
                                        <BasicStmnt CovItemId="S74" CovItemPrefix="org.jfree.data.test.DataUtilitesTest.java" Intrnl_Id="113">
                                            <LocList>
                                                <Loc EndOffset="6002" SrcFileId="1" StartOffset="5932"/>
                                            </LocList>
                                        </BasicStmnt>
                                        <BasicStmnt CovItemId="S75" CovItemPrefix="org.jfree.data.test.DataUtilitesTest.java" Intrnl_Id="114">
                                            <LocList>
                                                <Loc EndOffset="6076" SrcFileId="1" StartOffset="6007"/>
                                            </LocList>
                                        </BasicStmnt>
                                        <BasicStmnt CovItemId="S76" CovItemPrefix="org.jfree.data.test.DataUtilitesTest.java" Intrnl_Id="115">
                                            <LocList>
                                                <Loc EndOffset="6148" SrcFileId="1" StartOffset="6079"/>
                                            </LocList>
                                        </BasicStmnt>
                                    </StmntSeq>
                                </HierarchyLvl>
                                <HierarchyLvl HierarchyLvlId="324" HierarchyLvlTypeId="4" Intrnl_Id="116" Name="createNumberArraySizeTest">
                                    <Header>
                                        <Loc EndOffset="6254" SrcFileId="1" StartOffset="6207"/>
                                    </Header>
                                    <LocList>
                                        <Loc EndOffset="6498" SrcFileId="1" StartOffset="6207"/>
                                    </LocList>
                                    <StmntSeq Intrnl_Id="117">
                                        <LocList>
                                            <Loc EndOffset="6315" SrcFileId="1" StartOffset="6260"/>
                                            <Loc EndOffset="6406" SrcFileId="1" StartOffset="6319"/>
                                            <Loc EndOffset="6492" SrcFileId="1" StartOffset="6410"/>
                                        </LocList>
                                        <BasicStmnt CovItemId="S77" CovItemPrefix="org.jfree.data.test.DataUtilitesTest.java" Intrnl_Id="118">
                                            <LocList>
                                                <Loc EndOffset="6315" SrcFileId="1" StartOffset="6260"/>
                                            </LocList>
                                        </BasicStmnt>
                                        <BasicStmnt CovItemId="S78" CovItemPrefix="org.jfree.data.test.DataUtilitesTest.java" Intrnl_Id="119">
                                            <LocList>
                                                <Loc EndOffset="6406" SrcFileId="1" StartOffset="6319"/>
                                            </LocList>
                                        </BasicStmnt>
                                        <BasicStmnt CovItemId="S79" CovItemPrefix="org.jfree.data.test.DataUtilitesTest.java" Intrnl_Id="120">
                                            <LocList>
                                                <Loc EndOffset="6492" SrcFileId="1" StartOffset="6410"/>
                                            </LocList>
                                        </BasicStmnt>
                                    </StmntSeq>
                                </HierarchyLvl>
                                <HierarchyLvl HierarchyLvlId="325" HierarchyLvlTypeId="4" Intrnl_Id="121" Name="createNumberArrayNullArgument">
                                    <Header>
                                        <Loc EndOffset="6699" SrcFileId="1" StartOffset="6587"/>
                                    </Header>
                                    <LocList>
                                        <Loc EndOffset="6748" SrcFileId="1" StartOffset="6587"/>
                                    </LocList>
                                    <StmntSeq Intrnl_Id="122">
                                        <LocList>
                                            <Loc EndOffset="6743" SrcFileId="1" StartOffset="6705"/>
                                        </LocList>
                                        <BasicStmnt CovItemId="S80" CovItemPrefix="org.jfree.data.test.DataUtilitesTest.java" Intrnl_Id="123">
                                            <LocList>
                                                <Loc EndOffset="6743" SrcFileId="1" StartOffset="6705"/>
                                            </LocList>
                                        </BasicStmnt>
                                    </StmntSeq>
                                </HierarchyLvl>
                                <HierarchyLvl HierarchyLvlId="326" HierarchyLvlTypeId="4" Intrnl_Id="124" Name="create2DNumberArrayThreeDoubleElements">
                                    <Header>
                                        <Loc EndOffset="6916" SrcFileId="1" StartOffset="6856"/>
                                    </Header>
                                    <LocList>
                                        <Loc EndOffset="7425" SrcFileId="1" StartOffset="6856"/>
                                    </LocList>
                                    <StmntSeq Intrnl_Id="125">
                                        <LocList>
                                            <Loc EndOffset="6989" SrcFileId="1" StartOffset="6922"/>
                                            <Loc EndOffset="7094" SrcFileId="1" StartOffset="6993"/>
                                            <Loc EndOffset="7174" SrcFileId="1" StartOffset="7098"/>
                                            <Loc EndOffset="7255" SrcFileId="1" StartOffset="7180"/>
                                            <Loc EndOffset="7334" SrcFileId="1" StartOffset="7259"/>
                                            <Loc EndOffset="7416" SrcFileId="1" StartOffset="7342"/>
                                        </LocList>
                                        <BasicStmnt CovItemId="S81" CovItemPrefix="org.jfree.data.test.DataUtilitesTest.java" Intrnl_Id="126">
                                            <LocList>
                                                <Loc EndOffset="6989" SrcFileId="1" StartOffset="6922"/>
                                            </LocList>
                                        </BasicStmnt>
                                        <BasicStmnt CovItemId="S82" CovItemPrefix="org.jfree.data.test.DataUtilitesTest.java" Intrnl_Id="127">
                                            <LocList>
                                                <Loc EndOffset="7094" SrcFileId="1" StartOffset="6993"/>
                                            </LocList>
                                        </BasicStmnt>
                                        <BasicStmnt CovItemId="S83" CovItemPrefix="org.jfree.data.test.DataUtilitesTest.java" Intrnl_Id="128">
                                            <LocList>
                                                <Loc EndOffset="7174" SrcFileId="1" StartOffset="7098"/>
                                            </LocList>
                                        </BasicStmnt>
                                        <BasicStmnt CovItemId="S84" CovItemPrefix="org.jfree.data.test.DataUtilitesTest.java" Intrnl_Id="129">
                                            <LocList>
                                                <Loc EndOffset="7255" SrcFileId="1" StartOffset="7180"/>
                                            </LocList>
                                        </BasicStmnt>
                                        <BasicStmnt CovItemId="S85" CovItemPrefix="org.jfree.data.test.DataUtilitesTest.java" Intrnl_Id="130">
                                            <LocList>
                                                <Loc EndOffset="7334" SrcFileId="1" StartOffset="7259"/>
                                            </LocList>
                                        </BasicStmnt>
                                        <BasicStmnt CovItemId="S86" CovItemPrefix="org.jfree.data.test.DataUtilitesTest.java" Intrnl_Id="131">
                                            <LocList>
                                                <Loc EndOffset="7416" SrcFileId="1" StartOffset="7342"/>
                                            </LocList>
                                        </BasicStmnt>
                                    </StmntSeq>
                                </HierarchyLvl>
                                <HierarchyLvl HierarchyLvlId="327" HierarchyLvlTypeId="4" Intrnl_Id="132" Name="create2DNumberArrayTwoDoubleElements">
                                    <Header>
                                        <Loc EndOffset="7559" SrcFileId="1" StartOffset="7501"/>
                                    </Header>
                                    <LocList>
                                        <Loc EndOffset="8072" SrcFileId="1" StartOffset="7501"/>
                                    </LocList>
                                    <StmntSeq Intrnl_Id="133">
                                        <LocList>
                                            <Loc EndOffset="7632" SrcFileId="1" StartOffset="7565"/>
                                            <Loc EndOffset="7737" SrcFileId="1" StartOffset="7636"/>
                                            <Loc EndOffset="7817" SrcFileId="1" StartOffset="7741"/>
                                            <Loc EndOffset="7898" SrcFileId="1" StartOffset="7823"/>
                                            <Loc EndOffset="7978" SrcFileId="1" StartOffset="7902"/>
                                            <Loc EndOffset="8059" SrcFileId="1" StartOffset="7984"/>
                                        </LocList>
                                        <BasicStmnt CovItemId="S87" CovItemPrefix="org.jfree.data.test.DataUtilitesTest.java" Intrnl_Id="134">
                                            <LocList>
                                                <Loc EndOffset="7632" SrcFileId="1" StartOffset="7565"/>
                                            </LocList>
                                        </BasicStmnt>
                                        <BasicStmnt CovItemId="S88" CovItemPrefix="org.jfree.data.test.DataUtilitesTest.java" Intrnl_Id="135">
                                            <LocList>
                                                <Loc EndOffset="7737" SrcFileId="1" StartOffset="7636"/>
                                            </LocList>
                                        </BasicStmnt>
                                        <BasicStmnt CovItemId="S89" CovItemPrefix="org.jfree.data.test.DataUtilitesTest.java" Intrnl_Id="136">
                                            <LocList>
                                                <Loc EndOffset="7817" SrcFileId="1" StartOffset="7741"/>
                                            </LocList>
                                        </BasicStmnt>
                                        <BasicStmnt CovItemId="S90" CovItemPrefix="org.jfree.data.test.DataUtilitesTest.java" Intrnl_Id="137">
                                            <LocList>
                                                <Loc EndOffset="7898" SrcFileId="1" StartOffset="7823"/>
                                            </LocList>
                                        </BasicStmnt>
                                        <BasicStmnt CovItemId="S91" CovItemPrefix="org.jfree.data.test.DataUtilitesTest.java" Intrnl_Id="138">
                                            <LocList>
                                                <Loc EndOffset="7978" SrcFileId="1" StartOffset="7902"/>
                                            </LocList>
                                        </BasicStmnt>
                                        <BasicStmnt CovItemId="S92" CovItemPrefix="org.jfree.data.test.DataUtilitesTest.java" Intrnl_Id="139">
                                            <LocList>
                                                <Loc EndOffset="8059" SrcFileId="1" StartOffset="7984"/>
                                            </LocList>
                                        </BasicStmnt>
                                    </StmntSeq>
                                </HierarchyLvl>
                                <HierarchyLvl HierarchyLvlId="328" HierarchyLvlTypeId="4" Intrnl_Id="140" Name="create2DNumberArraySizeTest">
                                    <Header>
                                        <Loc EndOffset="8179" SrcFileId="1" StartOffset="8130"/>
                                    </Header>
                                    <LocList>
                                        <Loc EndOffset="8447" SrcFileId="1" StartOffset="8130"/>
                                    </LocList>
                                    <StmntSeq Intrnl_Id="141">
                                        <LocList>
                                            <Loc EndOffset="8252" SrcFileId="1" StartOffset="8185"/>
                                            <Loc EndOffset="8357" SrcFileId="1" StartOffset="8256"/>
                                            <Loc EndOffset="8441" SrcFileId="1" StartOffset="8361"/>
                                        </LocList>
                                        <BasicStmnt CovItemId="S93" CovItemPrefix="org.jfree.data.test.DataUtilitesTest.java" Intrnl_Id="142">
                                            <LocList>
                                                <Loc EndOffset="8252" SrcFileId="1" StartOffset="8185"/>
                                            </LocList>
                                        </BasicStmnt>
                                        <BasicStmnt CovItemId="S94" CovItemPrefix="org.jfree.data.test.DataUtilitesTest.java" Intrnl_Id="143">
                                            <LocList>
                                                <Loc EndOffset="8357" SrcFileId="1" StartOffset="8256"/>
                                            </LocList>
                                        </BasicStmnt>
                                        <BasicStmnt CovItemId="S95" CovItemPrefix="org.jfree.data.test.DataUtilitesTest.java" Intrnl_Id="144">
                                            <LocList>
                                                <Loc EndOffset="8441" SrcFileId="1" StartOffset="8361"/>
                                            </LocList>
                                        </BasicStmnt>
                                    </StmntSeq>
                                </HierarchyLvl>
                                <HierarchyLvl HierarchyLvlId="329" HierarchyLvlTypeId="4" Intrnl_Id="145" Name="create2DNumberArrayNullArgument">
                                    <Header>
                                        <Loc EndOffset="8651" SrcFileId="1" StartOffset="8537"/>
                                    </Header>
                                    <LocList>
                                        <Loc EndOffset="8702" SrcFileId="1" StartOffset="8537"/>
                                    </LocList>
                                    <StmntSeq Intrnl_Id="146">
                                        <LocList>
                                            <Loc EndOffset="8697" SrcFileId="1" StartOffset="8657"/>
                                        </LocList>
                                        <BasicStmnt CovItemId="S96" CovItemPrefix="org.jfree.data.test.DataUtilitesTest.java" Intrnl_Id="147">
                                            <LocList>
                                                <Loc EndOffset="8697" SrcFileId="1" StartOffset="8657"/>
                                            </LocList>
                                        </BasicStmnt>
                                    </StmntSeq>
                                </HierarchyLvl>
                                <HierarchyLvl HierarchyLvlId="331" HierarchyLvlTypeId="4" Intrnl_Id="148" Name="testingAllElements">
                                    <Header>
                                        <Loc EndOffset="8828" SrcFileId="1" StartOffset="8787"/>
                                    </Header>
                                    <LocList>
                                        <Loc EndOffset="9793" SrcFileId="1" StartOffset="8787"/>
                                    </LocList>
                                    <StmntSeq Intrnl_Id="149">
                                        <LocList>
                                            <Loc EndOffset="8872" SrcFileId="1" StartOffset="8833"/>
                                            <Loc EndOffset="8945" SrcFileId="1" StartOffset="8876"/>
                                            <Loc EndOffset="8974" SrcFileId="1" StartOffset="8950"/>
                                            <Loc EndOffset="9562" SrcFileId="1" StartOffset="9560"/>
                                            <Loc EndOffset="9643" SrcFileId="1" StartOffset="9572"/>
                                            <Loc EndOffset="9718" SrcFileId="1" StartOffset="9653"/>
                                            <Loc EndOffset="9788" SrcFileId="1" StartOffset="9723"/>
                                        </LocList>
                                        <BasicStmnt CovItemId="S97" CovItemPrefix="org.jfree.data.test.DataUtilitesTest.java" Intrnl_Id="150">
                                            <LocList>
                                                <Loc EndOffset="8872" SrcFileId="1" StartOffset="8833"/>
                                            </LocList>
                                        </BasicStmnt>
                                        <BasicStmnt CovItemId="S98" CovItemPrefix="org.jfree.data.test.DataUtilitesTest.java" Intrnl_Id="151">
                                            <LocList>
                                                <Loc EndOffset="8945" SrcFileId="1" StartOffset="8876"/>
                                            </LocList>
                                        </BasicStmnt>
                                        <BasicStmnt CovItemId="S99" CovItemPrefix="org.jfree.data.test.DataUtilitesTest.java" Intrnl_Id="152">
                                            <LocList>
                                                <Loc EndOffset="8974" SrcFileId="1" StartOffset="8950"/>
                                                <Loc EndOffset="9562" SrcFileId="1" StartOffset="9560"/>
                                            </LocList>
                                        </BasicStmnt>
                                        <BasicStmnt CovItemId="S114" CovItemPrefix="org.jfree.data.test.DataUtilitesTest.java" Intrnl_Id="153">
                                            <LocList>
                                                <Loc EndOffset="9643" SrcFileId="1" StartOffset="9572"/>
                                            </LocList>
                                        </BasicStmnt>
                                        <BasicStmnt CovItemId="S115" CovItemPrefix="org.jfree.data.test.DataUtilitesTest.java" Intrnl_Id="154">
                                            <LocList>
                                                <Loc EndOffset="9718" SrcFileId="1" StartOffset="9653"/>
                                            </LocList>
                                        </BasicStmnt>
                                        <BasicStmnt CovItemId="S116" CovItemPrefix="org.jfree.data.test.DataUtilitesTest.java" Intrnl_Id="155">
                                            <LocList>
                                                <Loc EndOffset="9788" SrcFileId="1" StartOffset="9723"/>
                                            </LocList>
                                        </BasicStmnt>
                                    </StmntSeq>
                                    <HierarchyLvl HierarchyLvlId="330" HierarchyLvlTypeId="3" Intrnl_Id="156" Name="Expectations">
                                        <Header>
                                            <Loc EndOffset="8992" SrcFileId="1" StartOffset="8978"/>
                                        </Header>
                                        <LocList>
                                            <Loc EndOffset="9560" SrcFileId="1" StartOffset="8974"/>
                                        </LocList>
                                        <StmntSeq Intrnl_Id="157">
                                            <LocList>
                                                <Loc EndOffset="9046" SrcFileId="1" StartOffset="9006"/>
                                                <Loc EndOffset="9073" SrcFileId="1" StartOffset="9052"/>
                                                <Loc EndOffset="9128" SrcFileId="1" StartOffset="9091"/>
                                                <Loc EndOffset="9155" SrcFileId="1" StartOffset="9134"/>
                                                <Loc EndOffset="9204" SrcFileId="1" StartOffset="9167"/>
                                                <Loc EndOffset="9231" SrcFileId="1" StartOffset="9210"/>
                                                <Loc EndOffset="9280" SrcFileId="1" StartOffset="9243"/>
                                                <Loc EndOffset="9307" SrcFileId="1" StartOffset="9286"/>
                                                <Loc EndOffset="9354" SrcFileId="1" StartOffset="9319"/>
                                                <Loc EndOffset="9386" SrcFileId="1" StartOffset="9360"/>
                                                <Loc EndOffset="9433" SrcFileId="1" StartOffset="9398"/>
                                                <Loc EndOffset="9465" SrcFileId="1" StartOffset="9439"/>
                                                <Loc EndOffset="9512" SrcFileId="1" StartOffset="9477"/>
                                                <Loc EndOffset="9544" SrcFileId="1" StartOffset="9518"/>
                                            </LocList>
                                            <BasicStmnt CovItemId="S100" CovItemPrefix="org.jfree.data.test.DataUtilitesTest.java" Intrnl_Id="158">
                                                <LocList>
                                                    <Loc EndOffset="9046" SrcFileId="1" StartOffset="9006"/>
                                                </LocList>
                                            </BasicStmnt>
                                            <BasicStmnt CovItemId="S101" CovItemPrefix="org.jfree.data.test.DataUtilitesTest.java" Intrnl_Id="159">
                                                <LocList>
                                                    <Loc EndOffset="9073" SrcFileId="1" StartOffset="9052"/>
                                                </LocList>
                                            </BasicStmnt>
                                            <BasicStmnt CovItemId="S102" CovItemPrefix="org.jfree.data.test.DataUtilitesTest.java" Intrnl_Id="160">
                                                <LocList>
                                                    <Loc EndOffset="9128" SrcFileId="1" StartOffset="9091"/>
                                                </LocList>
                                            </BasicStmnt>
                                            <BasicStmnt CovItemId="S103" CovItemPrefix="org.jfree.data.test.DataUtilitesTest.java" Intrnl_Id="161">
                                                <LocList>
                                                    <Loc EndOffset="9155" SrcFileId="1" StartOffset="9134"/>
                                                </LocList>
                                            </BasicStmnt>
                                            <BasicStmnt CovItemId="S104" CovItemPrefix="org.jfree.data.test.DataUtilitesTest.java" Intrnl_Id="162">
                                                <LocList>
                                                    <Loc EndOffset="9204" SrcFileId="1" StartOffset="9167"/>
                                                </LocList>
                                            </BasicStmnt>
                                            <BasicStmnt CovItemId="S105" CovItemPrefix="org.jfree.data.test.DataUtilitesTest.java" Intrnl_Id="163">
                                                <LocList>
                                                    <Loc EndOffset="9231" SrcFileId="1" StartOffset="9210"/>
                                                </LocList>
                                            </BasicStmnt>
                                            <BasicStmnt CovItemId="S106" CovItemPrefix="org.jfree.data.test.DataUtilitesTest.java" Intrnl_Id="164">
                                                <LocList>
                                                    <Loc EndOffset="9280" SrcFileId="1" StartOffset="9243"/>
                                                </LocList>
                                            </BasicStmnt>
                                            <BasicStmnt CovItemId="S107" CovItemPrefix="org.jfree.data.test.DataUtilitesTest.java" Intrnl_Id="165">
                                                <LocList>
                                                    <Loc EndOffset="9307" SrcFileId="1" StartOffset="9286"/>
                                                </LocList>
                                            </BasicStmnt>
                                            <BasicStmnt CovItemId="S108" CovItemPrefix="org.jfree.data.test.DataUtilitesTest.java" Intrnl_Id="166">
                                                <LocList>
                                                    <Loc EndOffset="9354" SrcFileId="1" StartOffset="9319"/>
                                                </LocList>
                                            </BasicStmnt>
                                            <BasicStmnt CovItemId="S109" CovItemPrefix="org.jfree.data.test.DataUtilitesTest.java" Intrnl_Id="167">
                                                <LocList>
                                                    <Loc EndOffset="9386" SrcFileId="1" StartOffset="9360"/>
                                                </LocList>
                                            </BasicStmnt>
                                            <BasicStmnt CovItemId="S110" CovItemPrefix="org.jfree.data.test.DataUtilitesTest.java" Intrnl_Id="168">
                                                <LocList>
                                                    <Loc EndOffset="9433" SrcFileId="1" StartOffset="9398"/>
                                                </LocList>
                                            </BasicStmnt>
                                            <BasicStmnt CovItemId="S111" CovItemPrefix="org.jfree.data.test.DataUtilitesTest.java" Intrnl_Id="169">
                                                <LocList>
                                                    <Loc EndOffset="9465" SrcFileId="1" StartOffset="9439"/>
                                                </LocList>
                                            </BasicStmnt>
                                            <BasicStmnt CovItemId="S112" CovItemPrefix="org.jfree.data.test.DataUtilitesTest.java" Intrnl_Id="170">
                                                <LocList>
                                                    <Loc EndOffset="9512" SrcFileId="1" StartOffset="9477"/>
                                                </LocList>
                                            </BasicStmnt>
                                            <BasicStmnt CovItemId="S113" CovItemPrefix="org.jfree.data.test.DataUtilitesTest.java" Intrnl_Id="171">
                                                <LocList>
                                                    <Loc EndOffset="9544" SrcFileId="1" StartOffset="9518"/>
                                                </LocList>
                                            </BasicStmnt>
                                        </StmntSeq>
                                    </HierarchyLvl>
                                </HierarchyLvl>
                                <HierarchyLvl HierarchyLvlId="333" HierarchyLvlTypeId="4" Intrnl_Id="172" Name="allZeroRows">
                                    <Header>
                                        <Loc EndOffset="9875" SrcFileId="1" StartOffset="9841"/>
                                    </Header>
                                    <LocList>
                                        <Loc EndOffset="10912" SrcFileId="1" StartOffset="9841"/>
                                    </LocList>
                                    <StmntSeq Intrnl_Id="173">
                                        <LocList>
                                            <Loc EndOffset="9920" SrcFileId="1" StartOffset="9881"/>
                                            <Loc EndOffset="9991" SrcFileId="1" StartOffset="9925"/>
                                            <Loc EndOffset="10020" SrcFileId="1" StartOffset="9996"/>
                                            <Loc EndOffset="10633" SrcFileId="1" StartOffset="10631"/>
                                            <Loc EndOffset="10711" SrcFileId="1" StartOffset="10643"/>
                                            <Loc EndOffset="10760" SrcFileId="1" StartOffset="10716"/>
                                            <Loc EndOffset="10809" SrcFileId="1" StartOffset="10765"/>
                                            <Loc EndOffset="10858" SrcFileId="1" StartOffset="10814"/>
                                            <Loc EndOffset="10907" SrcFileId="1" StartOffset="10863"/>
                                        </LocList>
                                        <BasicStmnt CovItemId="S117" CovItemPrefix="org.jfree.data.test.DataUtilitesTest.java" Intrnl_Id="174">
                                            <LocList>
                                                <Loc EndOffset="9920" SrcFileId="1" StartOffset="9881"/>
                                            </LocList>
                                        </BasicStmnt>
                                        <BasicStmnt CovItemId="S118" CovItemPrefix="org.jfree.data.test.DataUtilitesTest.java" Intrnl_Id="175">
                                            <LocList>
                                                <Loc EndOffset="9991" SrcFileId="1" StartOffset="9925"/>
                                            </LocList>
                                        </BasicStmnt>
                                        <BasicStmnt CovItemId="S119" CovItemPrefix="org.jfree.data.test.DataUtilitesTest.java" Intrnl_Id="176">
                                            <LocList>
                                                <Loc EndOffset="10020" SrcFileId="1" StartOffset="9996"/>
                                                <Loc EndOffset="10633" SrcFileId="1" StartOffset="10631"/>
                                            </LocList>
                                        </BasicStmnt>
                                        <BasicStmnt CovItemId="S138" CovItemPrefix="org.jfree.data.test.DataUtilitesTest.java" Intrnl_Id="177">
                                            <LocList>
                                                <Loc EndOffset="10711" SrcFileId="1" StartOffset="10643"/>
                                            </LocList>
                                        </BasicStmnt>
                                        <BasicStmnt CovItemId="S139" CovItemPrefix="org.jfree.data.test.DataUtilitesTest.java" Intrnl_Id="178">
                                            <LocList>
                                                <Loc EndOffset="10760" SrcFileId="1" StartOffset="10716"/>
                                            </LocList>
                                        </BasicStmnt>
                                        <BasicStmnt CovItemId="S140" CovItemPrefix="org.jfree.data.test.DataUtilitesTest.java" Intrnl_Id="179">
                                            <LocList>
                                                <Loc EndOffset="10809" SrcFileId="1" StartOffset="10765"/>
                                            </LocList>
                                        </BasicStmnt>
                                        <BasicStmnt CovItemId="S141" CovItemPrefix="org.jfree.data.test.DataUtilitesTest.java" Intrnl_Id="180">
                                            <LocList>
                                                <Loc EndOffset="10858" SrcFileId="1" StartOffset="10814"/>
                                            </LocList>
                                        </BasicStmnt>
                                        <BasicStmnt CovItemId="S142" CovItemPrefix="org.jfree.data.test.DataUtilitesTest.java" Intrnl_Id="181">
                                            <LocList>
                                                <Loc EndOffset="10907" SrcFileId="1" StartOffset="10863"/>
                                            </LocList>
                                        </BasicStmnt>
                                    </StmntSeq>
                                    <HierarchyLvl HierarchyLvlId="332" HierarchyLvlTypeId="3" Intrnl_Id="182" Name="Expectations">
                                        <Header>
                                            <Loc EndOffset="10038" SrcFileId="1" StartOffset="10024"/>
                                        </Header>
                                        <LocList>
                                            <Loc EndOffset="10631" SrcFileId="1" StartOffset="10020"/>
                                        </LocList>
                                        <StmntSeq Intrnl_Id="183">
                                            <LocList>
                                                <Loc EndOffset="10086" SrcFileId="1" StartOffset="10054"/>
                                                <Loc EndOffset="10114" SrcFileId="1" StartOffset="10093"/>
                                                <Loc EndOffset="10150" SrcFileId="1" StartOffset="10121"/>
                                                <Loc EndOffset="10178" SrcFileId="1" StartOffset="10157"/>
                                                <Loc EndOffset="10214" SrcFileId="1" StartOffset="10185"/>
                                                <Loc EndOffset="10242" SrcFileId="1" StartOffset="10221"/>
                                                <Loc EndOffset="10278" SrcFileId="1" StartOffset="10249"/>
                                                <Loc EndOffset="10306" SrcFileId="1" StartOffset="10285"/>
                                                <Loc EndOffset="10342" SrcFileId="1" StartOffset="10313"/>
                                                <Loc EndOffset="10370" SrcFileId="1" StartOffset="10349"/>
                                                <Loc EndOffset="10404" SrcFileId="1" StartOffset="10377"/>
                                                <Loc EndOffset="10432" SrcFileId="1" StartOffset="10411"/>
                                                <Loc EndOffset="10466" SrcFileId="1" StartOffset="10439"/>
                                                <Loc EndOffset="10494" SrcFileId="1" StartOffset="10473"/>
                                                <Loc EndOffset="10528" SrcFileId="1" StartOffset="10501"/>
                                                <Loc EndOffset="10556" SrcFileId="1" StartOffset="10535"/>
                                                <Loc EndOffset="10590" SrcFileId="1" StartOffset="10563"/>
                                                <Loc EndOffset="10618" SrcFileId="1" StartOffset="10597"/>
                                            </LocList>
                                            <BasicStmnt CovItemId="S120" CovItemPrefix="org.jfree.data.test.DataUtilitesTest.java" Intrnl_Id="184">
                                                <LocList>
                                                    <Loc EndOffset="10086" SrcFileId="1" StartOffset="10054"/>
                                                </LocList>
                                            </BasicStmnt>
                                            <BasicStmnt CovItemId="S121" CovItemPrefix="org.jfree.data.test.DataUtilitesTest.java" Intrnl_Id="185">
                                                <LocList>
                                                    <Loc EndOffset="10114" SrcFileId="1" StartOffset="10093"/>
                                                </LocList>
                                            </BasicStmnt>
                                            <BasicStmnt CovItemId="S122" CovItemPrefix="org.jfree.data.test.DataUtilitesTest.java" Intrnl_Id="186">
                                                <LocList>
                                                    <Loc EndOffset="10150" SrcFileId="1" StartOffset="10121"/>
                                                </LocList>
                                            </BasicStmnt>
                                            <BasicStmnt CovItemId="S123" CovItemPrefix="org.jfree.data.test.DataUtilitesTest.java" Intrnl_Id="187">
                                                <LocList>
                                                    <Loc EndOffset="10178" SrcFileId="1" StartOffset="10157"/>
                                                </LocList>
                                            </BasicStmnt>
                                            <BasicStmnt CovItemId="S124" CovItemPrefix="org.jfree.data.test.DataUtilitesTest.java" Intrnl_Id="188">
                                                <LocList>
                                                    <Loc EndOffset="10214" SrcFileId="1" StartOffset="10185"/>
                                                </LocList>
                                            </BasicStmnt>
                                            <BasicStmnt CovItemId="S125" CovItemPrefix="org.jfree.data.test.DataUtilitesTest.java" Intrnl_Id="189">
                                                <LocList>
                                                    <Loc EndOffset="10242" SrcFileId="1" StartOffset="10221"/>
                                                </LocList>
                                            </BasicStmnt>
                                            <BasicStmnt CovItemId="S126" CovItemPrefix="org.jfree.data.test.DataUtilitesTest.java" Intrnl_Id="190">
                                                <LocList>
                                                    <Loc EndOffset="10278" SrcFileId="1" StartOffset="10249"/>
                                                </LocList>
                                            </BasicStmnt>
                                            <BasicStmnt CovItemId="S127" CovItemPrefix="org.jfree.data.test.DataUtilitesTest.java" Intrnl_Id="191">
                                                <LocList>
                                                    <Loc EndOffset="10306" SrcFileId="1" StartOffset="10285"/>
                                                </LocList>
                                            </BasicStmnt>
                                            <BasicStmnt CovItemId="S128" CovItemPrefix="org.jfree.data.test.DataUtilitesTest.java" Intrnl_Id="192">
                                                <LocList>
                                                    <Loc EndOffset="10342" SrcFileId="1" StartOffset="10313"/>
                                                </LocList>
                                            </BasicStmnt>
                                            <BasicStmnt CovItemId="S129" CovItemPrefix="org.jfree.data.test.DataUtilitesTest.java" Intrnl_Id="193">
                                                <LocList>
                                                    <Loc EndOffset="10370" SrcFileId="1" StartOffset="10349"/>
                                                </LocList>
                                            </BasicStmnt>
                                            <BasicStmnt CovItemId="S130" CovItemPrefix="org.jfree.data.test.DataUtilitesTest.java" Intrnl_Id="194">
                                                <LocList>
                                                    <Loc EndOffset="10404" SrcFileId="1" StartOffset="10377"/>
                                                </LocList>
                                            </BasicStmnt>
                                            <BasicStmnt CovItemId="S131" CovItemPrefix="org.jfree.data.test.DataUtilitesTest.java" Intrnl_Id="195">
                                                <LocList>
                                                    <Loc EndOffset="10432" SrcFileId="1" StartOffset="10411"/>
                                                </LocList>
                                            </BasicStmnt>
                                            <BasicStmnt CovItemId="S132" CovItemPrefix="org.jfree.data.test.DataUtilitesTest.java" Intrnl_Id="196">
                                                <LocList>
                                                    <Loc EndOffset="10466" SrcFileId="1" StartOffset="10439"/>
                                                </LocList>
                                            </BasicStmnt>
                                            <BasicStmnt CovItemId="S133" CovItemPrefix="org.jfree.data.test.DataUtilitesTest.java" Intrnl_Id="197">
                                                <LocList>
                                                    <Loc EndOffset="10494" SrcFileId="1" StartOffset="10473"/>
                                                </LocList>
                                            </BasicStmnt>
                                            <BasicStmnt CovItemId="S134" CovItemPrefix="org.jfree.data.test.DataUtilitesTest.java" Intrnl_Id="198">
                                                <LocList>
                                                    <Loc EndOffset="10528" SrcFileId="1" StartOffset="10501"/>
                                                </LocList>
                                            </BasicStmnt>
                                            <BasicStmnt CovItemId="S135" CovItemPrefix="org.jfree.data.test.DataUtilitesTest.java" Intrnl_Id="199">
                                                <LocList>
                                                    <Loc EndOffset="10556" SrcFileId="1" StartOffset="10535"/>
                                                </LocList>
                                            </BasicStmnt>
                                            <BasicStmnt CovItemId="S136" CovItemPrefix="org.jfree.data.test.DataUtilitesTest.java" Intrnl_Id="200">
                                                <LocList>
                                                    <Loc EndOffset="10590" SrcFileId="1" StartOffset="10563"/>
                                                </LocList>
                                            </BasicStmnt>
                                            <BasicStmnt CovItemId="S137" CovItemPrefix="org.jfree.data.test.DataUtilitesTest.java" Intrnl_Id="201">
                                                <LocList>
                                                    <Loc EndOffset="10618" SrcFileId="1" StartOffset="10597"/>
                                                </LocList>
                                            </BasicStmnt>
                                        </StmntSeq>
                                    </HierarchyLvl>
                                </HierarchyLvl>
                                <HierarchyLvl HierarchyLvlId="335" HierarchyLvlTypeId="4" Intrnl_Id="202" Name="lastTwoRowsZero">
                                    <Header>
                                        <Loc EndOffset="11002" SrcFileId="1" StartOffset="10964"/>
                                    </Header>
                                    <LocList>
                                        <Loc EndOffset="11865" SrcFileId="1" StartOffset="10964"/>
                                    </LocList>
                                    <StmntSeq Intrnl_Id="203">
                                        <LocList>
                                            <Loc EndOffset="11047" SrcFileId="1" StartOffset="11008"/>
                                            <Loc EndOffset="11118" SrcFileId="1" StartOffset="11052"/>
                                            <Loc EndOffset="11147" SrcFileId="1" StartOffset="11123"/>
                                            <Loc EndOffset="11648" SrcFileId="1" StartOffset="11646"/>
                                            <Loc EndOffset="11726" SrcFileId="1" StartOffset="11658"/>
                                            <Loc EndOffset="11769" SrcFileId="1" StartOffset="11731"/>
                                            <Loc EndOffset="11812" SrcFileId="1" StartOffset="11774"/>
                                            <Loc EndOffset="11855" SrcFileId="1" StartOffset="11817"/>
                                        </LocList>
                                        <BasicStmnt CovItemId="S143" CovItemPrefix="org.jfree.data.test.DataUtilitesTest.java" Intrnl_Id="204">
                                            <LocList>
                                                <Loc EndOffset="11047" SrcFileId="1" StartOffset="11008"/>
                                            </LocList>
                                        </BasicStmnt>
                                        <BasicStmnt CovItemId="S144" CovItemPrefix="org.jfree.data.test.DataUtilitesTest.java" Intrnl_Id="205">
                                            <LocList>
                                                <Loc EndOffset="11118" SrcFileId="1" StartOffset="11052"/>
                                            </LocList>
                                        </BasicStmnt>
                                        <BasicStmnt CovItemId="S145" CovItemPrefix="org.jfree.data.test.DataUtilitesTest.java" Intrnl_Id="206">
                                            <LocList>
                                                <Loc EndOffset="11147" SrcFileId="1" StartOffset="11123"/>
                                                <Loc EndOffset="11648" SrcFileId="1" StartOffset="11646"/>
                                            </LocList>
                                        </BasicStmnt>
                                        <BasicStmnt CovItemId="S160" CovItemPrefix="org.jfree.data.test.DataUtilitesTest.java" Intrnl_Id="207">
                                            <LocList>
                                                <Loc EndOffset="11726" SrcFileId="1" StartOffset="11658"/>
                                            </LocList>
                                        </BasicStmnt>
                                        <BasicStmnt CovItemId="S161" CovItemPrefix="org.jfree.data.test.DataUtilitesTest.java" Intrnl_Id="208">
                                            <LocList>
                                                <Loc EndOffset="11769" SrcFileId="1" StartOffset="11731"/>
                                            </LocList>
                                        </BasicStmnt>
                                        <BasicStmnt CovItemId="S162" CovItemPrefix="org.jfree.data.test.DataUtilitesTest.java" Intrnl_Id="209">
                                            <LocList>
                                                <Loc EndOffset="11812" SrcFileId="1" StartOffset="11774"/>
                                            </LocList>
                                        </BasicStmnt>
                                        <BasicStmnt CovItemId="S163" CovItemPrefix="org.jfree.data.test.DataUtilitesTest.java" Intrnl_Id="210">
                                            <LocList>
                                                <Loc EndOffset="11855" SrcFileId="1" StartOffset="11817"/>
                                            </LocList>
                                        </BasicStmnt>
                                    </StmntSeq>
                                    <HierarchyLvl HierarchyLvlId="334" HierarchyLvlTypeId="3" Intrnl_Id="211" Name="Expectations">
                                        <Header>
                                            <Loc EndOffset="11165" SrcFileId="1" StartOffset="11151"/>
                                        </Header>
                                        <LocList>
                                            <Loc EndOffset="11646" SrcFileId="1" StartOffset="11147"/>
                                        </LocList>
                                        <StmntSeq Intrnl_Id="212">
                                            <LocList>
                                                <Loc EndOffset="11213" SrcFileId="1" StartOffset="11181"/>
                                                <Loc EndOffset="11241" SrcFileId="1" StartOffset="11220"/>
                                                <Loc EndOffset="11277" SrcFileId="1" StartOffset="11248"/>
                                                <Loc EndOffset="11305" SrcFileId="1" StartOffset="11284"/>
                                                <Loc EndOffset="11341" SrcFileId="1" StartOffset="11312"/>
                                                <Loc EndOffset="11369" SrcFileId="1" StartOffset="11348"/>
                                                <Loc EndOffset="11405" SrcFileId="1" StartOffset="11376"/>
                                                <Loc EndOffset="11433" SrcFileId="1" StartOffset="11412"/>
                                                <Loc EndOffset="11474" SrcFileId="1" StartOffset="11447"/>
                                                <Loc EndOffset="11502" SrcFileId="1" StartOffset="11481"/>
                                                <Loc EndOffset="11536" SrcFileId="1" StartOffset="11509"/>
                                                <Loc EndOffset="11564" SrcFileId="1" StartOffset="11543"/>
                                                <Loc EndOffset="11598" SrcFileId="1" StartOffset="11571"/>
                                                <Loc EndOffset="11626" SrcFileId="1" StartOffset="11605"/>
                                            </LocList>
                                            <BasicStmnt CovItemId="S146" CovItemPrefix="org.jfree.data.test.DataUtilitesTest.java" Intrnl_Id="213">
                                                <LocList>
                                                    <Loc EndOffset="11213" SrcFileId="1" StartOffset="11181"/>
                                                </LocList>
                                            </BasicStmnt>
                                            <BasicStmnt CovItemId="S147" CovItemPrefix="org.jfree.data.test.DataUtilitesTest.java" Intrnl_Id="214">
                                                <LocList>
                                                    <Loc EndOffset="11241" SrcFileId="1" StartOffset="11220"/>
                                                </LocList>
                                            </BasicStmnt>
                                            <BasicStmnt CovItemId="S148" CovItemPrefix="org.jfree.data.test.DataUtilitesTest.java" Intrnl_Id="215">
                                                <LocList>
                                                    <Loc EndOffset="11277" SrcFileId="1" StartOffset="11248"/>
                                                </LocList>
                                            </BasicStmnt>
                                            <BasicStmnt CovItemId="S149" CovItemPrefix="org.jfree.data.test.DataUtilitesTest.java" Intrnl_Id="216">
                                                <LocList>
                                                    <Loc EndOffset="11305" SrcFileId="1" StartOffset="11284"/>
                                                </LocList>
                                            </BasicStmnt>
                                            <BasicStmnt CovItemId="S150" CovItemPrefix="org.jfree.data.test.DataUtilitesTest.java" Intrnl_Id="217">
                                                <LocList>
                                                    <Loc EndOffset="11341" SrcFileId="1" StartOffset="11312"/>
                                                </LocList>
                                            </BasicStmnt>
                                            <BasicStmnt CovItemId="S151" CovItemPrefix="org.jfree.data.test.DataUtilitesTest.java" Intrnl_Id="218">
                                                <LocList>
                                                    <Loc EndOffset="11369" SrcFileId="1" StartOffset="11348"/>
                                                </LocList>
                                            </BasicStmnt>
                                            <BasicStmnt CovItemId="S152" CovItemPrefix="org.jfree.data.test.DataUtilitesTest.java" Intrnl_Id="219">
                                                <LocList>
                                                    <Loc EndOffset="11405" SrcFileId="1" StartOffset="11376"/>
                                                </LocList>
                                            </BasicStmnt>
                                            <BasicStmnt CovItemId="S153" CovItemPrefix="org.jfree.data.test.DataUtilitesTest.java" Intrnl_Id="220">
                                                <LocList>
                                                    <Loc EndOffset="11433" SrcFileId="1" StartOffset="11412"/>
                                                </LocList>
                                            </BasicStmnt>
                                            <BasicStmnt CovItemId="S154" CovItemPrefix="org.jfree.data.test.DataUtilitesTest.java" Intrnl_Id="221">
                                                <LocList>
                                                    <Loc EndOffset="11474" SrcFileId="1" StartOffset="11447"/>
                                                </LocList>
                                            </BasicStmnt>
                                            <BasicStmnt CovItemId="S155" CovItemPrefix="org.jfree.data.test.DataUtilitesTest.java" Intrnl_Id="222">
                                                <LocList>
                                                    <Loc EndOffset="11502" SrcFileId="1" StartOffset="11481"/>
                                                </LocList>
                                            </BasicStmnt>
                                            <BasicStmnt CovItemId="S156" CovItemPrefix="org.jfree.data.test.DataUtilitesTest.java" Intrnl_Id="223">
                                                <LocList>
                                                    <Loc EndOffset="11536" SrcFileId="1" StartOffset="11509"/>
                                                </LocList>
                                            </BasicStmnt>
                                            <BasicStmnt CovItemId="S157" CovItemPrefix="org.jfree.data.test.DataUtilitesTest.java" Intrnl_Id="224">
                                                <LocList>
                                                    <Loc EndOffset="11564" SrcFileId="1" StartOffset="11543"/>
                                                </LocList>
                                            </BasicStmnt>
                                            <BasicStmnt CovItemId="S158" CovItemPrefix="org.jfree.data.test.DataUtilitesTest.java" Intrnl_Id="225">
                                                <LocList>
                                                    <Loc EndOffset="11598" SrcFileId="1" StartOffset="11571"/>
                                                </LocList>
                                            </BasicStmnt>
                                            <BasicStmnt CovItemId="S159" CovItemPrefix="org.jfree.data.test.DataUtilitesTest.java" Intrnl_Id="226">
                                                <LocList>
                                                    <Loc EndOffset="11626" SrcFileId="1" StartOffset="11605"/>
                                                </LocList>
                                            </BasicStmnt>
                                        </StmntSeq>
                                    </HierarchyLvl>
                                </HierarchyLvl>
                                <HierarchyLvl HierarchyLvlId="337" HierarchyLvlTypeId="4" Intrnl_Id="227" Name="firstThreeRowsZero">
                                    <Header>
                                        <Loc EndOffset="11957" SrcFileId="1" StartOffset="11916"/>
                                    </Header>
                                    <LocList>
                                        <Loc EndOffset="12820" SrcFileId="1" StartOffset="11916"/>
                                    </LocList>
                                    <StmntSeq Intrnl_Id="228">
                                        <LocList>
                                            <Loc EndOffset="12002" SrcFileId="1" StartOffset="11963"/>
                                            <Loc EndOffset="12073" SrcFileId="1" StartOffset="12007"/>
                                            <Loc EndOffset="12102" SrcFileId="1" StartOffset="12078"/>
                                            <Loc EndOffset="12603" SrcFileId="1" StartOffset="12601"/>
                                            <Loc EndOffset="12681" SrcFileId="1" StartOffset="12613"/>
                                            <Loc EndOffset="12724" SrcFileId="1" StartOffset="12686"/>
                                            <Loc EndOffset="12767" SrcFileId="1" StartOffset="12729"/>
                                            <Loc EndOffset="12810" SrcFileId="1" StartOffset="12772"/>
                                        </LocList>
                                        <BasicStmnt CovItemId="S164" CovItemPrefix="org.jfree.data.test.DataUtilitesTest.java" Intrnl_Id="229">
                                            <LocList>
                                                <Loc EndOffset="12002" SrcFileId="1" StartOffset="11963"/>
                                            </LocList>
                                        </BasicStmnt>
                                        <BasicStmnt CovItemId="S165" CovItemPrefix="org.jfree.data.test.DataUtilitesTest.java" Intrnl_Id="230">
                                            <LocList>
                                                <Loc EndOffset="12073" SrcFileId="1" StartOffset="12007"/>
                                            </LocList>
                                        </BasicStmnt>
                                        <BasicStmnt CovItemId="S166" CovItemPrefix="org.jfree.data.test.DataUtilitesTest.java" Intrnl_Id="231">
                                            <LocList>
                                                <Loc EndOffset="12102" SrcFileId="1" StartOffset="12078"/>
                                                <Loc EndOffset="12603" SrcFileId="1" StartOffset="12601"/>
                                            </LocList>
                                        </BasicStmnt>
                                        <BasicStmnt CovItemId="S181" CovItemPrefix="org.jfree.data.test.DataUtilitesTest.java" Intrnl_Id="232">
                                            <LocList>
                                                <Loc EndOffset="12681" SrcFileId="1" StartOffset="12613"/>
                                            </LocList>
                                        </BasicStmnt>
                                        <BasicStmnt CovItemId="S182" CovItemPrefix="org.jfree.data.test.DataUtilitesTest.java" Intrnl_Id="233">
                                            <LocList>
                                                <Loc EndOffset="12724" SrcFileId="1" StartOffset="12686"/>
                                            </LocList>
                                        </BasicStmnt>
                                        <BasicStmnt CovItemId="S183" CovItemPrefix="org.jfree.data.test.DataUtilitesTest.java" Intrnl_Id="234">
                                            <LocList>
                                                <Loc EndOffset="12767" SrcFileId="1" StartOffset="12729"/>
                                            </LocList>
                                        </BasicStmnt>
                                        <BasicStmnt CovItemId="S184" CovItemPrefix="org.jfree.data.test.DataUtilitesTest.java" Intrnl_Id="235">
                                            <LocList>
                                                <Loc EndOffset="12810" SrcFileId="1" StartOffset="12772"/>
                                            </LocList>
                                        </BasicStmnt>
                                    </StmntSeq>
                                    <HierarchyLvl HierarchyLvlId="336" HierarchyLvlTypeId="3" Intrnl_Id="236" Name="Expectations">
                                        <Header>
                                            <Loc EndOffset="12120" SrcFileId="1" StartOffset="12106"/>
                                        </Header>
                                        <LocList>
                                            <Loc EndOffset="12601" SrcFileId="1" StartOffset="12102"/>
                                        </LocList>
                                        <StmntSeq Intrnl_Id="237">
                                            <LocList>
                                                <Loc EndOffset="12168" SrcFileId="1" StartOffset="12136"/>
                                                <Loc EndOffset="12196" SrcFileId="1" StartOffset="12175"/>
                                                <Loc EndOffset="12232" SrcFileId="1" StartOffset="12203"/>
                                                <Loc EndOffset="12260" SrcFileId="1" StartOffset="12239"/>
                                                <Loc EndOffset="12296" SrcFileId="1" StartOffset="12267"/>
                                                <Loc EndOffset="12324" SrcFileId="1" StartOffset="12303"/>
                                                <Loc EndOffset="12360" SrcFileId="1" StartOffset="12331"/>
                                                <Loc EndOffset="12388" SrcFileId="1" StartOffset="12367"/>
                                                <Loc EndOffset="12429" SrcFileId="1" StartOffset="12402"/>
                                                <Loc EndOffset="12457" SrcFileId="1" StartOffset="12436"/>
                                                <Loc EndOffset="12491" SrcFileId="1" StartOffset="12464"/>
                                                <Loc EndOffset="12519" SrcFileId="1" StartOffset="12498"/>
                                                <Loc EndOffset="12553" SrcFileId="1" StartOffset="12526"/>
                                                <Loc EndOffset="12581" SrcFileId="1" StartOffset="12560"/>
                                            </LocList>
                                            <BasicStmnt CovItemId="S167" CovItemPrefix="org.jfree.data.test.DataUtilitesTest.java" Intrnl_Id="238">
                                                <LocList>
                                                    <Loc EndOffset="12168" SrcFileId="1" StartOffset="12136"/>
                                                </LocList>
                                            </BasicStmnt>
                                            <BasicStmnt CovItemId="S168" CovItemPrefix="org.jfree.data.test.DataUtilitesTest.java" Intrnl_Id="239">
                                                <LocList>
                                                    <Loc EndOffset="12196" SrcFileId="1" StartOffset="12175"/>
                                                </LocList>
                                            </BasicStmnt>
                                            <BasicStmnt CovItemId="S169" CovItemPrefix="org.jfree.data.test.DataUtilitesTest.java" Intrnl_Id="240">
                                                <LocList>
                                                    <Loc EndOffset="12232" SrcFileId="1" StartOffset="12203"/>
                                                </LocList>
                                            </BasicStmnt>
                                            <BasicStmnt CovItemId="S170" CovItemPrefix="org.jfree.data.test.DataUtilitesTest.java" Intrnl_Id="241">
                                                <LocList>
                                                    <Loc EndOffset="12260" SrcFileId="1" StartOffset="12239"/>
                                                </LocList>
                                            </BasicStmnt>
                                            <BasicStmnt CovItemId="S171" CovItemPrefix="org.jfree.data.test.DataUtilitesTest.java" Intrnl_Id="242">
                                                <LocList>
                                                    <Loc EndOffset="12296" SrcFileId="1" StartOffset="12267"/>
                                                </LocList>
                                            </BasicStmnt>
                                            <BasicStmnt CovItemId="S172" CovItemPrefix="org.jfree.data.test.DataUtilitesTest.java" Intrnl_Id="243">
                                                <LocList>
                                                    <Loc EndOffset="12324" SrcFileId="1" StartOffset="12303"/>
                                                </LocList>
                                            </BasicStmnt>
                                            <BasicStmnt CovItemId="S173" CovItemPrefix="org.jfree.data.test.DataUtilitesTest.java" Intrnl_Id="244">
                                                <LocList>
                                                    <Loc EndOffset="12360" SrcFileId="1" StartOffset="12331"/>
                                                </LocList>
                                            </BasicStmnt>
                                            <BasicStmnt CovItemId="S174" CovItemPrefix="org.jfree.data.test.DataUtilitesTest.java" Intrnl_Id="245">
                                                <LocList>
                                                    <Loc EndOffset="12388" SrcFileId="1" StartOffset="12367"/>
                                                </LocList>
                                            </BasicStmnt>
                                            <BasicStmnt CovItemId="S175" CovItemPrefix="org.jfree.data.test.DataUtilitesTest.java" Intrnl_Id="246">
                                                <LocList>
                                                    <Loc EndOffset="12429" SrcFileId="1" StartOffset="12402"/>
                                                </LocList>
                                            </BasicStmnt>
                                            <BasicStmnt CovItemId="S176" CovItemPrefix="org.jfree.data.test.DataUtilitesTest.java" Intrnl_Id="247">
                                                <LocList>
                                                    <Loc EndOffset="12457" SrcFileId="1" StartOffset="12436"/>
                                                </LocList>
                                            </BasicStmnt>
                                            <BasicStmnt CovItemId="S177" CovItemPrefix="org.jfree.data.test.DataUtilitesTest.java" Intrnl_Id="248">
                                                <LocList>
                                                    <Loc EndOffset="12491" SrcFileId="1" StartOffset="12464"/>
                                                </LocList>
                                            </BasicStmnt>
                                            <BasicStmnt CovItemId="S178" CovItemPrefix="org.jfree.data.test.DataUtilitesTest.java" Intrnl_Id="249">
                                                <LocList>
                                                    <Loc EndOffset="12519" SrcFileId="1" StartOffset="12498"/>
                                                </LocList>
                                            </BasicStmnt>
                                            <BasicStmnt CovItemId="S179" CovItemPrefix="org.jfree.data.test.DataUtilitesTest.java" Intrnl_Id="250">
                                                <LocList>
                                                    <Loc EndOffset="12553" SrcFileId="1" StartOffset="12526"/>
                                                </LocList>
                                            </BasicStmnt>
                                            <BasicStmnt CovItemId="S180" CovItemPrefix="org.jfree.data.test.DataUtilitesTest.java" Intrnl_Id="251">
                                                <LocList>
                                                    <Loc EndOffset="12581" SrcFileId="1" StartOffset="12560"/>
                                                </LocList>
                                            </BasicStmnt>
                                        </StmntSeq>
                                    </HierarchyLvl>
                                </HierarchyLvl>
                                <HierarchyLvl HierarchyLvlId="338" HierarchyLvlTypeId="4" Intrnl_Id="252" Name="getCumulativePercentagesNullArgument">
                                    <Header>
                                        <Loc EndOffset="12985" SrcFileId="1" StartOffset="12865"/>
                                    </Header>
                                    <LocList>
                                        <Loc EndOffset="13041" SrcFileId="1" StartOffset="12865"/>
                                    </LocList>
                                    <StmntSeq Intrnl_Id="253">
                                        <LocList>
                                            <Loc EndOffset="13036" SrcFileId="1" StartOffset="12991"/>
                                        </LocList>
                                        <BasicStmnt CovItemId="S185" CovItemPrefix="org.jfree.data.test.DataUtilitesTest.java" Intrnl_Id="254">
                                            <LocList>
                                                <Loc EndOffset="13036" SrcFileId="1" StartOffset="12991"/>
                                            </LocList>
                                        </BasicStmnt>
                                    </StmntSeq>
                                </HierarchyLvl>
                                <HierarchyLvl HierarchyLvlId="339" HierarchyLvlTypeId="4" Intrnl_Id="255" Name="tearDown">
                                    <Header>
                                        <Loc EndOffset="13097" SrcFileId="1" StartOffset="13049"/>
                                    </Header>
                                    <LocList>
                                        <Loc EndOffset="13103" SrcFileId="1" StartOffset="13049"/>
                                    </LocList>
                                </HierarchyLvl>
                                <HierarchyLvl HierarchyLvlId="340" HierarchyLvlTypeId="4" Intrnl_Id="256" Name="tearDownAfterClass">
                                    <Header>
                                        <Loc EndOffset="13178" SrcFileId="1" StartOffset="13108"/>
                                    </Header>
                                    <LocList>
                                        <Loc EndOffset="13184" SrcFileId="1" StartOffset="13108"/>
                                    </LocList>
                                </HierarchyLvl>
                            </HierarchyLvl>
                        </HierarchyLvl>
                    </HierarchyLvl>
                </HierarchyLvl>
            </HierarchyLvl>
        </HierarchyLvl>
    </MASTRoot>
</TestSessionContainer>
