<?xml version="1.0" encoding="UTF-8"?><TestSessionContainer xmlns="http://www.codecover.org/xml/testsession-container" Date="1677721227488" TestSessionContainerId="52ed38b0-3b7a-47f3-801d-660a23cd5c1d" version="1.0">
    <SrcFileList>
        <SrcFile Content="package org.jfree.data.test;&#13;&#10;&#13;&#10;import static org.junit.Assert.*;&#13;&#10;&#13;&#10;import java.security.InvalidParameterException;&#13;&#10;&#13;&#10;import org.jfree.data.DataUtilities;&#13;&#10;import org.jfree.data.KeyedValues;&#13;&#10;import org.jfree.data.Values2D;&#13;&#10;import org.jmock.Expectations;&#13;&#10;import org.jmock.Mockery;&#13;&#10;import org.junit.After;&#13;&#10;import org.junit.AfterClass;&#13;&#10;import org.junit.Before;&#13;&#10;import org.junit.BeforeClass;&#13;&#10;import org.junit.Test;&#13;&#10;&#13;&#10;public class DataUtilitesTest extends DataUtilities {&#13;&#10;&#9;Mockery mockingContext;&#13;&#10;    private Values2D values;&#13;&#10;    &#13;&#10;&#9;@BeforeClass&#13;&#10;&#9;public static void setUpBeforeClass() throws Exception {&#13;&#10;&#9;}&#13;&#10;&#9;&#13;&#10;&#9;@Before&#13;&#10;&#9;public void setUp() throws Exception {&#13;&#10;&#9;&#9; mockingContext = new Mockery();&#13;&#10;&#9;     values = mockingContext.mock(Values2D.class);&#13;&#10;&#9;     &#13;&#10;&#9;}&#13;&#10;&#9;&#13;&#10;&#9;&#13;&#10;&#9;&#13;&#10;&#9;// calculateColumnTotal() test cases &#13;&#10;//&#9;pass: returns correct value for three rows&#13;&#10;&#9;@Test&#13;&#10;&#9;public void calculateColumnTotalForThreeRows() {&#13;&#10;&#9;    // setup&#13;&#10;&#9; &#13;&#10;&#9;    &#13;&#10;&#9;    mockingContext.checking(new Expectations() {&#13;&#10;&#9;        {&#13;&#10;&#9;            one(values).getRowCount();&#13;&#10;&#9;            will(returnValue(3));&#13;&#10;&#9;            one(values).getValue(0, 0);&#13;&#10;&#9;            will(returnValue(7.5));&#13;&#10;&#9;            one(values).getValue(1, 0);&#13;&#10;&#9;            will(returnValue(2.5));&#13;&#10;&#9;            one(values).getValue(2, 0);&#13;&#10;&#9;            will(returnValue(10));&#13;&#10;&#9;            &#13;&#10;&#9;        }&#13;&#10;&#9;    });&#13;&#10;&#9;    //exercise&#9;&#13;&#10;&#9;    double result = DataUtilities.calculateColumnTotal(values, 0);&#13;&#10;&#9;    // verify&#13;&#10;&#9;    assertEquals(result, 20.0, .001d);&#13;&#10;&#9;    // tear-down: NONE in this test method&#13;&#10;&#9;}&#13;&#10;&#9;&#13;&#10;&#9;// pass: returns correct value for multiple columns&#13;&#10;&#9;@Test&#13;&#10;&#9;public void calculateColumnTotalForMutipleColumns() {&#13;&#10;&#9;    &#13;&#10;&#9;    mockingContext.checking(new Expectations() {&#13;&#10;&#9;        {&#13;&#10;//&#9;        &#9;one(values).getColumnCount();&#13;&#10;//&#9;            will(returnValue(2));&#13;&#10;&#9;            &#13;&#10;&#9;            one(values).getRowCount();&#13;&#10;&#9;            will(returnValue(3));&#13;&#10;&#9;            &#13;&#10;&#9;            one(values).getValue(0, 0);&#13;&#10;&#9;            will(returnValue(5));&#13;&#10;&#9;            one(values).getValue(1, 0);&#13;&#10;&#9;            will(returnValue(10));&#13;&#10;&#9;            one(values).getValue(2, 0);&#13;&#10;&#9;            will(returnValue(3));&#13;&#10;&#9;            &#13;&#10;&#9;            will(returnValue(3));&#13;&#10;&#9;            one(values).getValue(0, 1);&#13;&#10;&#9;            will(returnValue(1));&#13;&#10;&#9;            one(values).getValue(1, 1);&#13;&#10;&#9;            will(returnValue(1));&#13;&#10;&#9;            one(values).getValue(2, 1);&#13;&#10;&#9;            will(returnValue(2));&#13;&#10;&#9;            &#13;&#10;&#9;        }&#13;&#10;&#9;    });&#13;&#10;&#9;    &#13;&#10;&#9;    //exercise&#9;&#13;&#10;&#9;    double result = DataUtilities.calculateColumnTotal(values, 0);&#13;&#10;&#9;    // verify&#13;&#10;&#9;    assertEquals(result, 18.0, .00001d);&#13;&#10;&#9;    // tear-down: NONE in this test method&#13;&#10;&#9;}&#13;&#10;&#13;&#10;&#13;&#10;&#9;&#13;&#10;&#9;// calculateRowTotal() test cases&#13;&#10;&#9;// pass: returns correct value for one row&#13;&#10;&#9;@Test&#13;&#10;&#9;public void calculateRowTotalForOneRow() {&#13;&#10;&#9;    &#13;&#10;&#9;    mockingContext.checking(new Expectations() {&#13;&#10;&#9;        {&#13;&#10;&#9;        &#9;&#13;&#10;&#9;            one(values).getColumnCount();&#13;&#10;&#9;            will(returnValue(1));&#13;&#10;&#9;            &#13;&#10;&#9;            one(values).getValue(0, 0);&#13;&#10;&#9;            will(returnValue(3));&#13;&#10;&#9;            one(values).getValue(0, 1);&#13;&#10;&#9;            will(returnValue(2));&#13;&#10;&#9;            one(values).getValue(0, 2);&#13;&#10;&#9;            will(returnValue(3));&#13;&#10;&#9;            &#13;&#10;&#9;        }&#13;&#10;&#9;    });&#13;&#10;&#9;    &#13;&#10;&#9;    //exercise&#9;&#13;&#10;&#9;    double result = DataUtilities.calculateRowTotal(values,0);&#13;&#10;&#9;    assertEquals(3, result, .000000001d);&#13;&#10;&#9;    // tear-down: NONE in this test method&#13;&#10;&#9;}&#13;&#10;&#9;&#13;&#10;&#9;// pass: returns correct value for multiple rows&#13;&#10;&#9;@Test&#13;&#10;&#9;public void calculateRowTotalForMutipleRows() {&#13;&#10;&#9;    &#13;&#10;&#9;    mockingContext.checking(new Expectations() {&#13;&#10;&#9;        {&#13;&#10;&#9;        &#9;&#13;&#10;&#9;            one(values).getColumnCount();&#13;&#10;&#9;            will(returnValue(3));&#13;&#10;&#9;            &#13;&#10;&#9;  &#13;&#10;&#9;            one(values).getValue(1, 0);&#13;&#10;&#9;            will(returnValue(1));&#13;&#10;&#9;            one(values).getValue(1, 1);&#13;&#10;&#9;            will(returnValue(1));&#13;&#10;&#9;            one(values).getValue(1, 2);&#13;&#10;&#9;            will(returnValue(2));&#13;&#10;&#9;            &#13;&#10;&#9;        }&#13;&#10;&#9;    });&#13;&#10;&#9;    &#13;&#10;&#9;    //exercise&#9;&#13;&#10;&#9;    double result = DataUtilities.calculateRowTotal(values,1);&#13;&#10;&#9;    // verify&#13;&#10;&#9;    assertEquals(4.0, result, .00001d);&#13;&#10;&#9;    // tear-down: NONE in this test method&#13;&#10;&#9;}&#13;&#10;&#9;&#13;&#10;&#13;&#10;&#9;/**&#13;&#10;&#9; * Testing function when data is valid and row is negative&#13;&#10;&#9; */&#13;&#10;&#9;@Test&#13;&#10;&#9;public void NegativeRow() {&#13;&#10;&#9;&#9;&#13;&#10;&#9;&#9;&#9;&#9;mockingContext.checking(new Expectations() { &#13;&#10;&#9;&#9;&#9;&#9;&#9;{&#13;&#10;&#9;&#9;&#9;&#9;&#9;&#9;one(values).getColumnCount(); &#13;&#10;&#9;&#9;&#9;&#9;&#9;&#9;will(returnValue(2));&#13;&#10;&#9;&#9;&#9;&#9;&#9;&#9;&#13;&#10;&#9;&#9;&#9;&#9;&#9;&#9;one(values).getValue(-0, 0);&#13;&#10;&#9;&#9;&#9;&#9;&#9;&#9;will(returnValue(null));&#13;&#10;&#9;&#9;&#9;&#9;&#9;&#9;&#13;&#10;&#9;&#9;&#9;&#9;&#9;&#9;one(values).getValue(-0, 1); &#13;&#10;&#9;&#9;&#9;&#9;&#9;&#9;will(returnValue(null));&#13;&#10;&#9;&#9;&#9;&#9;&#9;&#9;&#13;&#10;&#9;&#9;&#9;&#9;&#9;&#9;&#13;&#10;&#9;&#9;&#9;&#9;&#9;} &#13;&#10;&#9;&#9;&#9;&#9;});&#13;&#10;&#9;&#9;&#9;&#13;&#10;&#9;&#9;//exercise&#9;&#13;&#10;&#9;    double result = DataUtilities.calculateRowTotal(values,-0);&#13;&#10;&#9;    // verify&#13;&#10;&#9;&#9;assertEquals(0.0, result, .000000001d);&#13;&#10;&#9;}&#13;&#10;&#13;&#10;&#13;&#10;&#13;&#10;&#9;&#13;&#10;&#9;// createNumberArray() test cases&#13;&#10;&#9;/* Fail&#13;&#10;&#9; * The last element is returned as null&#13;&#10;&#9; */&#13;&#10;&#9;&#13;&#10;&#9;@Test&#13;&#10;&#9; public void createNumberArrayFourDoubleElements() {&#13;&#10;&#9;&#9;double[] test = new double[] { 1.0, 1.11, -1.52, 1.5};&#13;&#10;&#9;&#9;Number arr[] = DataUtilities.createNumberArray(new double[] { 1.0, 1.11, -1.52, 1.5});&#13;&#10;&#9;&#9;assertEquals(&quot;Data of arrays should be equal.&quot;,&#13;&#10;&#9;&#9;&#9;&#9;test[0], arr[0]);&#9; &#13;&#10;&#9;assertEquals(&quot;Data of arrays should be equal.&quot;,&#13;&#10;&#9;&#9;&#9;test[1], arr[1]);&#13;&#10;&#9;assertEquals(&quot;Data of arrays should be equal.&quot;,&#13;&#10;&#9;&#9;&#9;test[2], arr[2]);&#13;&#10;&#9;assertEquals(&quot;Data of arrays should be equal.&quot;,&#13;&#10;&#9;&#9;&#9;test[3], arr[3]);}&#13;&#10;&#9;&#13;&#10;&#9;/* Pass &#13;&#10;&#9; * Returns all the elements except the last one&#13;&#10;&#9; */&#13;&#10;&#9;&#13;&#10;&#9;@Test&#13;&#10;&#9; public void createNumberArrayThreeDoubleElements() {&#13;&#10;&#9;&#9;double[] test = new double[] { 1.0, 1.11, -1.52, 1.5};&#13;&#10;&#9;&#9;Number arr[] = DataUtilities.createNumberArray(new double[] { 1.0, 1.11, -1.52, 1.5});&#13;&#10;&#9;&#9;assertEquals(&quot;Data of arrays should be equal.&quot;,&#13;&#10;&#9;&#9;&#9;&#9;test[0], arr[0]);&#9; &#13;&#10;&#9;assertEquals(&quot;Data of arrays should be equal.&quot;,&#13;&#10;&#9;&#9;&#9;test[1], arr[1]);&#13;&#10;&#9;assertEquals(&quot;Data of arrays should be equal.&quot;,&#13;&#10;&#9;&#9;&#9;test[2], arr[2]);}&#13;&#10;&#9;&#13;&#10;&#9;/* Pass &#13;&#10;&#9; * Returns the correct length&#13;&#10;&#9; */&#13;&#10;&#9;&#13;&#10;&#9;@Test&#13;&#10;&#9;public void createNumberArraySizeTest() {&#13;&#10;&#9;&#9;double[] test1 = new double[] { 1.0, 1.11, -1.52, 1.5};&#13;&#10;&#9;&#9;Number arr1[] = DataUtilities.createNumberArray(new double[] { 1.0, 1.11, -1.52, 1.5});&#13;&#10;&#9;&#9;assertEquals(&quot;Length of arrays should be equal.&quot;,&#13;&#10;&#9;&#9;&#9;&#9;test1.length, arr1.length);&#13;&#10;&#13;&#10;&#9;}&#13;&#10;&#9;&#13;&#10;&#9;/* Pass &#13;&#10;&#9; * Throws an exception if the function is passed a null value&#13;&#10;&#9; */&#13;&#10;&#13;&#10;&#9;@Test(expected = IllegalArgumentException.class)&#13;&#10;&#9; public void createNumberArrayNullArgument() throws Exception{&#13;&#10;&#9;&#9; DataUtilities.createNumberArray(null);&#13;&#10;&#9; }&#13;&#10;&#9;&#13;&#10;&#9;&#13;&#10;&#9;// createNumberArray2D() test cases&#13;&#10;&#9;/* Fail&#13;&#10;&#9; * The last element is returned as null&#13;&#10;&#9; */&#13;&#10;&#9;&#13;&#10;&#9;@Test&#13;&#10;&#9;public void create2DNumberArrayThreeDoubleElements() {&#13;&#10;&#9;&#9;double[][] test = new double[][]{{1.0, 3.0, 7.0}, {2.0, 4.0, 4.4}};&#13;&#10;&#9;&#9;Number[][] arr = DataUtilities.createNumberArray2D(new double[][]{{1.0, 3.0, 7.0}, {2.0, 4.0, 4.4}});&#13;&#10;&#9;&#9;assertEquals(&quot;Data of arrays should be equal.&quot;,&#13;&#10;&#9;&#9;&#9;&#9;test[0][0], arr[0][0]);&#9; &#13;&#10;&#9;&#9;assertEquals(&quot;Data of arrays should be equal.&quot;,&#13;&#10;&#9;&#9;&#9;test[0][1], arr[0][1]);&#13;&#10;&#9;&#9;assertEquals(&quot;Data of arrays should be equal.&quot;,&#13;&#10;&#9;&#9;&#9;test[0][2], arr[0][2]);&#13;&#10;&#9;&#9;&#13;&#10;&#9;&#9;assertEquals(&quot;Data of arrays should be equal.&quot;,&#13;&#10;&#9;&#9;test[1][2], arr[1][2]);&#13;&#10;&#9;&#9;&#9;&#13;&#10;&#9;}&#13;&#10;&#9;&#13;&#10;&#9;/* Pass &#13;&#10;&#9; * Returns all the elements except the last one&#13;&#10;&#9; */&#13;&#10;&#9;&#13;&#10;&#9;@Test&#13;&#10;&#9;public void create2DNumberArrayTwoDoubleElements() {&#13;&#10;&#9;&#9;double[][] test = new double[][]{{1.0, 3.0, 7.0}, {2.0, 4.0, 4.4}};&#13;&#10;&#9;&#9;Number[][] arr = DataUtilities.createNumberArray2D(new double[][]{{1.0, 3.0, 7.0}, {2.0, 4.0, 4.4}});&#13;&#10;&#9;&#9;assertEquals(&quot;Data of arrays should be equal.&quot;,&#13;&#10;&#9;&#9;&#9;&#9;test[0][0], arr[0][0]);&#9; &#13;&#10;&#9;&#9;assertEquals(&quot;Data of arrays should be equal.&quot;,&#13;&#10;&#9;&#9;&#9;test[0][1], arr[0][1]);&#13;&#10;&#9;&#9;assertEquals(&quot;Data of arrays should be equal.&quot;,&#13;&#10;&#9;&#9;&#9;&#9;test[1][0], arr[1][0]);&#9; &#13;&#10;&#9;&#9;assertEquals(&quot;Data of arrays should be equal.&quot;,&#13;&#10;&#9;&#9;&#9;test[1][1], arr[1][1]);&#13;&#10;&#9;&#9;&#13;&#10;&#9;&#9;&#9;&#13;&#10;&#9;}&#13;&#10;&#9;&#13;&#10;&#9;/* Pass &#13;&#10;&#9; * Returns the correct length&#13;&#10;&#9; */&#13;&#10;&#9;&#13;&#10;&#9;@Test&#13;&#10;&#9;public void create2DNumberArraySizeTest() {&#13;&#10;&#9;&#9;double[][] test = new double[][]{{1.0, 3.0, 7.0}, {2.0, 4.0, 4.4}};&#13;&#10;&#9;&#9;Number[][] arr = DataUtilities.createNumberArray2D(new double[][]{{1.0, 3.0, 7.0}, {2.0, 4.0, 4.4}});&#13;&#10;&#9;&#9;assertEquals(&quot;Length of arrays should be equal.&quot;,&#13;&#10;&#9;&#9;&#9;&#9;test.length, arr.length);&#13;&#10;&#13;&#10;&#9;}&#13;&#10;&#9;&#13;&#10;&#9;/* Pass &#13;&#10;&#9; * Throws an exception if the function is passed a null value&#13;&#10;&#9; */&#13;&#10;&#9;&#13;&#10;&#9;@Test(expected = IllegalArgumentException.class)&#13;&#10;&#9; public void create2DNumberArrayNullArgument() throws Exception{&#13;&#10;&#9;&#9; DataUtilities.createNumberArray2D(null);&#13;&#10;&#9; }&#13;&#10;&#9;&#13;&#10;&#9;// getCumulativePercentages() test cases&#13;&#10;&#9;// fail: returns wrong percentage&#13;&#10;&#9;@Test&#13;&#10;&#9; public void testingAllElements(){&#13;&#10;&#9;&#9;Mockery mockingContext = new Mockery();&#13;&#10;&#9;&#9;final KeyedValues keyValues = mockingContext.mock(KeyedValues.class);&#13;&#10;&#9;&#9; mockingContext.checking(new Expectations() {&#13;&#10;&#9;&#9;&#9;{&#13;&#10;&#9;&#9;&#9;&#9;atLeast(1).of(keyValues).getItemCount();&#13;&#10;&#9;&#9;&#9;&#9;will(returnValue(3));&#13;&#10;&#9;        &#9;&#13;&#10;&#9;&#9;&#9;&#9;atLeast(1).of(keyValues).getValue(0);&#13;&#10;&#9;&#9;&#9;&#9;will(returnValue(1));&#13;&#10;&#9;&#9;&#9;&#9;&#13;&#10;&#9;&#9;&#9;&#9;atLeast(1).of(keyValues).getValue(1);&#13;&#10;&#9;&#9;&#9;&#9;will(returnValue(2));&#13;&#10;&#9;&#9;&#9;&#9;&#13;&#10;&#9;&#9;&#9;&#9;atLeast(1).of(keyValues).getValue(2);&#13;&#10;&#9;&#9;&#9;&#9;will(returnValue(3));&#13;&#10;&#9;&#9;&#9;&#9;&#13;&#10;&#9;&#9;&#9;&#9;atLeast(1).of(keyValues).getKey(0);&#13;&#10;&#9;&#9;&#9;&#9;will(returnValue(&quot;key0&quot;));&#13;&#10;&#9;&#9;&#9;&#9;&#13;&#10;&#9;&#9;&#9;&#9;atLeast(1).of(keyValues).getKey(1);&#13;&#10;&#9;&#9;&#9;&#9;will(returnValue(&quot;key1&quot;));&#13;&#10;&#9;&#9;&#9;&#9;&#13;&#10;&#9;&#9;&#9;&#9;atLeast(1).of(keyValues).getKey(2);&#13;&#10;&#9;&#9;&#9;&#9;will(returnValue(&quot;key2&quot;));&#13;&#10;&#9;     &#9;}&#13;&#10;&#9;&#9; });&#13;&#10;&#9;&#9; &#13;&#10;&#9;&#9; KeyedValues result = DataUtilities.getCumulativePercentages(keyValues);&#13;&#10;&#9;&#9; &#13;&#10;&#9;&#9; assertEquals(0.5, result.getValue(1).doubleValue(), .000000001d);&#13;&#10;&#9;&#9; assertEquals(1.0, result.getValue(2).doubleValue(), .000000001d);&#13;&#10;&#9; }&#13;&#10;&#9;&#13;&#10;&#13;&#10;&#9; // pass: returns correct percentage&#13;&#10;&#9; @Test&#13;&#10;&#9;&#9;public void allZeroRows(){&#13;&#10;&#9;&#9;&#9;Mockery mockingContext = new Mockery();&#13;&#10;&#9;&#9;&#9;final KeyedValues values = mockingContext.mock(KeyedValues.class);&#13;&#10;&#9;&#9;&#9;mockingContext.checking(new Expectations() {&#13;&#10;&#9;&#9;&#9;&#9;{&#13;&#10;&#9;&#9;&#9;&#9;&#9;allowing(values).getItemCount();&#13;&#10;&#9;&#9;&#9;&#9;&#9;will(returnValue(4));&#13;&#10;&#9;&#9;&#9;&#9;&#9;allowing(values).getValue(0);&#13;&#10;&#9;&#9;&#9;&#9;&#9;will(returnValue(0));&#13;&#10;&#9;&#9;&#9;&#9;&#9;allowing(values).getValue(1);&#13;&#10;&#9;&#9;&#9;&#9;&#9;will(returnValue(0));&#13;&#10;&#9;&#9;&#9;&#9;&#9;allowing(values).getValue(2);&#13;&#10;&#9;&#9;&#9;&#9;&#9;will(returnValue(0));&#13;&#10;&#9;&#9;&#9;&#9;&#9;allowing(values).getValue(3);&#13;&#10;&#9;&#9;&#9;&#9;&#9;will(returnValue(0));&#13;&#10;&#9;&#9;&#9;&#9;&#9;allowing(values).getKey(0);&#13;&#10;&#9;&#9;&#9;&#9;&#9;will(returnValue(0));&#13;&#10;&#9;&#9;&#9;&#9;&#9;allowing(values).getKey(1);&#13;&#10;&#9;&#9;&#9;&#9;&#9;will(returnValue(1));&#13;&#10;&#9;&#9;&#9;&#9;&#9;allowing(values).getKey(2);&#13;&#10;&#9;&#9;&#9;&#9;&#9;will(returnValue(2));&#13;&#10;&#9;&#9;&#9;&#9;&#9;allowing(values).getKey(3);&#13;&#10;&#9;&#9;&#9;&#9;&#9;will(returnValue(3));&#13;&#10;&#9;&#9;&#9;&#9;}&#13;&#10;&#9;&#9;&#9;});&#13;&#10;&#9;&#9;&#9;&#13;&#10;&#9;&#9;&#9;KeyedValues result = DataUtilities.getCumulativePercentages(values);&#13;&#10;&#9;&#9;&#9;assertEquals(0.0 / 0.0, result.getValue(0));&#13;&#10;&#9;&#9;&#9;assertEquals(0.0 / 0.0, result.getValue(1));&#13;&#10;&#9;&#9;&#9;assertEquals(0.0 / 0.0, result.getValue(2));&#13;&#10;&#9;&#9;&#9;assertEquals(0.0 / 0.0, result.getValue(3));&#13;&#10;&#9;&#9;}&#13;&#10;&#9; &#13;&#10;&#9; // fail: first percentage value is wrong&#13;&#10;&#9; @Test&#13;&#10;&#9;&#9;public void lastTwoRowsZero(){&#13;&#10;&#9;&#9;&#9;Mockery mockingContext = new Mockery();&#13;&#10;&#9;&#9;&#9;final KeyedValues values = mockingContext.mock(KeyedValues.class);&#13;&#10;&#9;&#9;&#9;mockingContext.checking(new Expectations() {&#13;&#10;&#9;&#9;&#9;&#9;{&#13;&#10;&#9;&#9;&#9;&#9;&#9;allowing(values).getItemCount();&#13;&#10;&#9;&#9;&#9;&#9;&#9;will(returnValue(3));&#13;&#10;&#9;&#9;&#9;&#9;&#9;allowing(values).getValue(0);&#13;&#10;&#9;&#9;&#9;&#9;&#9;will(returnValue(2));&#13;&#10;&#9;&#9;&#9;&#9;&#9;allowing(values).getValue(1);&#13;&#10;&#9;&#9;&#9;&#9;&#9;will(returnValue(0));&#13;&#10;&#9;&#9;&#9;&#9;&#9;allowing(values).getValue(2);&#13;&#10;&#9;&#9;&#9;&#9;&#9;will(returnValue(0));&#13;&#10;&#9;&#9;&#9;&#9;&#9;&#13;&#10;&#9;&#9;&#9;&#9;&#9;allowing(values).getKey(0);&#13;&#10;&#9;&#9;&#9;&#9;&#9;will(returnValue(0));&#13;&#10;&#9;&#9;&#9;&#9;&#9;allowing(values).getKey(1);&#13;&#10;&#9;&#9;&#9;&#9;&#9;will(returnValue(1));&#13;&#10;&#9;&#9;&#9;&#9;&#9;allowing(values).getKey(2);&#13;&#10;&#9;&#9;&#9;&#9;&#9;will(returnValue(2));&#13;&#10;&#9;&#9;&#9;&#9;&#9;&#13;&#10;&#9;&#9;&#9;&#9;}&#13;&#10;&#9;&#9;&#9;});&#13;&#10;&#9;&#9;&#9;&#13;&#10;&#9;&#9;&#9;KeyedValues result = DataUtilities.getCumulativePercentages(values);&#13;&#10;&#9;&#9;&#9;assertEquals(1.0, result.getValue(0));&#13;&#10;&#9;&#9;&#9;assertEquals(1.0, result.getValue(1));&#13;&#10;&#9;&#9;&#9;assertEquals(1.0, result.getValue(2));&#13;&#10;&#9;&#9;&#9;&#13;&#10;&#9;&#9;}&#13;&#10;&#9; &#13;&#10;&#9; // pass: returns the correct percentage&#13;&#10;&#9; @Test&#13;&#10;&#9;&#9;public void firstThreeRowsZero(){&#13;&#10;&#9;&#9;&#9;Mockery mockingContext = new Mockery();&#13;&#10;&#9;&#9;&#9;final KeyedValues values = mockingContext.mock(KeyedValues.class);&#13;&#10;&#9;&#9;&#9;mockingContext.checking(new Expectations() {&#13;&#10;&#9;&#9;&#9;&#9;{&#13;&#10;&#9;&#9;&#9;&#9;&#9;allowing(values).getItemCount();&#13;&#10;&#9;&#9;&#9;&#9;&#9;will(returnValue(3));&#13;&#10;&#9;&#9;&#9;&#9;&#9;allowing(values).getValue(0);&#13;&#10;&#9;&#9;&#9;&#9;&#9;will(returnValue(0));&#13;&#10;&#9;&#9;&#9;&#9;&#9;allowing(values).getValue(1);&#13;&#10;&#9;&#9;&#9;&#9;&#9;will(returnValue(0));&#13;&#10;&#9;&#9;&#9;&#9;&#9;allowing(values).getValue(2);&#13;&#10;&#9;&#9;&#9;&#9;&#9;will(returnValue(2));&#13;&#10;&#9;&#9;&#9;&#9;&#9;&#13;&#10;&#9;&#9;&#9;&#9;&#9;allowing(values).getKey(0);&#13;&#10;&#9;&#9;&#9;&#9;&#9;will(returnValue(0));&#13;&#10;&#9;&#9;&#9;&#9;&#9;allowing(values).getKey(1);&#13;&#10;&#9;&#9;&#9;&#9;&#9;will(returnValue(1));&#13;&#10;&#9;&#9;&#9;&#9;&#9;allowing(values).getKey(2);&#13;&#10;&#9;&#9;&#9;&#9;&#9;will(returnValue(2));&#13;&#10;&#9;&#9;&#9;&#9;&#9;&#13;&#10;&#9;&#9;&#9;&#9;}&#13;&#10;&#9;&#9;&#9;});&#13;&#10;&#9;&#9;&#9;&#13;&#10;&#9;&#9;&#9;KeyedValues result = DataUtilities.getCumulativePercentages(values);&#13;&#10;&#9;&#9;&#9;assertEquals(0.0, result.getValue(0));&#13;&#10;&#9;&#9;&#9;assertEquals(0.0, result.getValue(1));&#13;&#10;&#9;&#9;&#9;assertEquals(1.0, result.getValue(2));&#13;&#10;&#9;&#9;&#9;&#13;&#10;&#9;&#9;}&#13;&#10;&#9; &#13;&#10;&#9;&#13;&#10;&#9;&#13;&#10;&#9;@After&#13;&#10;&#9;public void tearDown() throws Exception {&#13;&#10;&#9;}&#13;&#10;&#13;&#10;&#9;@AfterClass&#13;&#10;&#9;public static void tearDownAfterClass() throws Exception {&#13;&#10;&#9;}&#13;&#10;&#9;&#13;&#10;&#9;&#13;&#10;&#9;&#13;&#10;&#13;&#10;&#9;&#13;&#10;&#9;&#13;&#10;&#13;&#10;}" Filename="DataUtilitesTest.java" Intrnl_Id="1"/>
        <SrcFile Content="package org.jfree.data.test;&#13;&#10;&#13;&#10;import static org.junit.Assert.*; import org.jfree.data.Range; import org.junit.*;&#13;&#10;&#13;&#10;public class RangeTest{&#13;&#10;&#13;&#10;private Range testRange;&#13;&#10;&#13;&#10;&#13;&#10;private Range exampleRange;&#13;&#10;&#13;&#10;private Range exampleRange2;&#13;&#10;&#13;&#10;private Range rangeN;&#13;&#10;&#13;&#10;private Range rangeZ;&#13;&#10;&#13;&#10;private Range rangeP;&#13;&#10;&#13;&#10;private Range range;&#13;&#10;&#13;&#10;private Range rangeC;&#13;&#10;&#13;&#10;private Range rangeDoub;&#13;&#10;&#13;&#10;private Range range1, range2;&#13;&#10;&#13;&#10;&#13;&#10;&#13;&#10;@BeforeClass public static void setUpBeforeClass() throws Exception {&#13;&#10;&#13;&#10;}&#13;&#10;&#13;&#10;@Before&#13;&#10;&#13;&#10;public void setUp() throws Exception {&#13;&#10;&#13;&#10;testRange = new Range(-4, 8);&#13;&#10;&#13;&#10;&#13;&#10;exampleRange = new Range(-1, 1);&#13;&#10;&#13;&#10;exampleRange2 = new Range(-1, -1);//size zero&#13;&#10;&#13;&#10;&#13;&#10;rangeN = new Range(-10, 1); // range for negative lower bound&#13;&#10;&#13;&#10;rangeZ = new Range(0, 0); // range for lower and upper bound being 0&#13;&#10;&#13;&#10;rangeP = new Range(1, 10); // range for positive lower bound&#13;&#10;&#13;&#10;rangeDoub = new Range(2.5, 5.0); // range for double values&#13;&#10;&#13;&#10;range = new Range(10, 50); //create range from 10 to 100&#13;&#10;&#13;&#10;rangeC = new Range(5, 20);// new range from 5 to 20&#13;&#10;&#13;&#10;&#13;&#10;&#13;&#10;}&#13;&#10;&#13;&#10;&#13;&#10;// constrain() test cases&#13;&#10;&#13;&#10;/*if the input number is lower than the lower boundary of the range than the constrain should be the lower boundary*/&#13;&#10;&#13;&#10;@Test&#13;&#10;&#13;&#10;public void numberLowerThanLowerBoundary() {&#13;&#10;&#13;&#10;assertEquals(&quot;The constrain value of -5 in the range of -1 and 1 should be -1)&quot;,-1,exampleRange.constrain(-5), 0.000001d);&#13;&#10;&#13;&#10;}&#13;&#10;&#13;&#10;&#13;&#10;/*if the input number is lower than the lower boundary of a range of zero than the constrain should be the lower boundary*/&#13;&#10;&#13;&#10;@Test&#13;&#10;&#13;&#10;public void numberLowerThanLowerBoundaryWithRangeZero() {&#13;&#10;&#13;&#10;assertEquals(&quot;The constrain value of -5 in the range of -1 and -1 should be -1)&quot;,-1,exampleRange2.constrain(-5), 0.000001d);&#13;&#10;&#13;&#10;}&#13;&#10;&#13;&#10;&#13;&#10;/*if the input number is higher than the upper boundary of the range than the constrain should be the upper boundary*/&#13;&#10;&#13;&#10;@Test&#13;&#10;&#13;&#10;public void numberHigherThanUpperBoundary() {&#13;&#10;&#13;&#10;assertEquals(&quot;The constrain value of 5 in the range of -1 and 1 should be 1)&quot;,1,exampleRange.constrain(5), 0.000001d);&#13;&#10;&#13;&#10;}&#13;&#10;&#13;&#10;&#13;&#10;/*if the input number is higher than the upper boundary of a range of zero than the constrain should be the upper boundary*/&#13;&#10;&#13;&#10;@Test&#13;&#10;&#13;&#10;public void numberHigherThanUpperBoundaryWithRangeZero() {&#13;&#10;&#13;&#10;assertEquals(&quot;The constrain value of 5 in the range of -1 and -1 should be -1)&quot;,-1,exampleRange2.constrain(-5), 0.000001d);&#13;&#10;&#13;&#10;}&#13;&#10;&#13;&#10;&#13;&#10;/*if the input number is within the range than the constrain should be the input*/&#13;&#10;&#13;&#10;@Test&#13;&#10;&#13;&#10;public void numberWithinRange() {&#13;&#10;&#13;&#10;assertEquals(&quot;The constrain value of 0 in the range of -1 and 1 should be 0)&quot;,0,exampleRange.constrain(0), 0.000001d);&#13;&#10;&#13;&#10;}&#13;&#10;&#13;&#10;&#13;&#10;/*if the input number is equal to the lower boundary of the range than the constrain should be the input/lower boundary*/&#13;&#10;&#13;&#10;@Test&#13;&#10;&#13;&#10;public void numberIsLowerBoundary() {&#13;&#10;&#13;&#10;assertEquals(&quot;The constrain value of -1 in the range of -1 and 1 should be -1)&quot;,-1,exampleRange.constrain(-5), 0.000001d);&#13;&#10;&#13;&#10;}&#13;&#10;&#13;&#10;&#13;&#10;/*if the input number is equal to the upper boundary of the range than the constrain should be the input/upper boundary*/&#13;&#10;&#13;&#10;@Test&#13;&#10;&#13;&#10;public void numberIsUpperBoundary() {&#13;&#10;&#13;&#10;assertEquals(&quot;The constrain value of 1 in the range of -1 and 1 should be 1)&quot;,1,exampleRange.constrain(1), 0.000001d);&#13;&#10;&#13;&#10;}&#13;&#10;&#13;&#10;&#13;&#10;// getLength() test cases&#13;&#10;&#13;&#10;// pass: returns the correct length&#13;&#10;&#13;&#10;@Test&#13;&#10;&#13;&#10;public void getLengthValidOutput() {&#13;&#10;&#13;&#10;assertEquals(&quot;The length of the range from -4 to 8 should be 12&quot;,&#13;&#10;&#13;&#10;12, testRange.getLength(), .000000001d);&#13;&#10;&#13;&#10;}&#13;&#10;&#13;&#10;&#13;&#10;// combine() test cases&#13;&#10;&#13;&#10;/*first range is null*/&#13;&#10;&#13;&#10;@Test&#13;&#10;&#13;&#10;public void firstRangeNull() {&#13;&#10;&#13;&#10;assertEquals(&quot;The combination of null range and range[-1,1] should be [-1,1]&quot;,new Range(-1,1),Range.combine(null,(new Range(-1,1))));&#13;&#10;&#13;&#10;}&#13;&#10;&#13;&#10;&#13;&#10;/*second range is null*/&#13;&#10;&#13;&#10;@Test&#13;&#10;&#13;&#10;public void secondRangeNull() {&#13;&#10;&#13;&#10;assertEquals(&quot;The combination of range[-1,1] and null range should be [-1,1]&quot;,new Range(-1,1),Range.combine((new Range(-1,1)),null));&#13;&#10;&#13;&#10;}&#13;&#10;&#13;&#10;&#13;&#10;/*both ranges are null*/&#13;&#10;&#13;&#10;@Test&#13;&#10;&#13;&#10;public void bothRangeNull() {&#13;&#10;&#13;&#10;assertEquals(&quot;The combination of two null ranges should be null&quot;,null,Range.combine(null,null));&#13;&#10;&#13;&#10;}&#13;&#10;&#13;&#10;&#13;&#10;/*identical ranges*/&#13;&#10;&#13;&#10;@Test&#13;&#10;&#13;&#10;public void identicalRanges() {&#13;&#10;&#13;&#10;assertEquals(&quot;The combination of range[-1,1] and range[-1,1] should be [-1,1]&quot;,new Range(-1,1),Range.combine((new Range(-1,1)),(new Range(-1,1))));&#13;&#10;&#13;&#10;}&#13;&#10;&#13;&#10;&#13;&#10;/*ranges are continuous*/&#13;&#10;&#13;&#10;@Test&#13;&#10;&#13;&#10;public void continuousRanges() {&#13;&#10;&#13;&#10;try{&#13;&#10;&#13;&#10;assertEquals(&quot;The combination of range[-1,1] and range[1,2] should be [-1,2]&quot;,new Range(-1,2),Range.combine((new Range(-1,1)),(new Range(1,2))));&#13;&#10;&#13;&#10;}&#13;&#10;&#13;&#10;catch(Exception e) {&#13;&#10;&#13;&#10;fail(&quot; continuousRanges should not have an error but we get &quot;+ e.getClass() + e.getMessage());&#13;&#10;&#13;&#10;}&#13;&#10;&#13;&#10;}&#13;&#10;&#13;&#10;&#13;&#10;/*ranges are not continuous*/&#13;&#10;&#13;&#10;@Test&#13;&#10;&#13;&#10;public void notContinuousRanges() {&#13;&#10;&#13;&#10;try {&#13;&#10;&#13;&#10;assertEquals(&quot;The combination of range[-1,1] and range[5,10] should be [-1,10]&quot;,new Range(-1,10),Range.combine((new Range(-1,1)),(new Range(5,10))));&#13;&#10;&#13;&#10;}&#13;&#10;&#13;&#10;catch(Exception e) {&#13;&#10;&#13;&#10;fail(&quot; notContinuousRanges should not have an error but we get &quot;+ e.getClass() + e.getMessage());&#13;&#10;&#13;&#10;}&#13;&#10;&#13;&#10;}&#13;&#10;&#13;&#10;&#13;&#10;// getLowerBound() test&#13;&#10;&#13;&#10;@Test&#13;&#10;&#13;&#10;public void testNegativeNumberForLowerBound() { // Lower bound being a negative number&#13;&#10;&#13;&#10;assertEquals(&quot;The value of lower bound should return -10&quot;,-10, rangeN.getLowerBound(), .000000001d);&#13;&#10;&#13;&#10;}&#13;&#10;&#13;&#10;&#13;&#10;@Test&#13;&#10;&#13;&#10;public void testZeroForLowerBound() { // Lower bound being at 0&#13;&#10;&#13;&#10;assertEquals(&quot;The value of lower bound should return 0&quot;, 0, rangeZ.getLowerBound(), .000000001d);&#13;&#10;&#13;&#10;}&#13;&#10;&#13;&#10;&#13;&#10;@Test&#13;&#10;&#13;&#10;public void testPositiveNumberForLowerBound() { // Lower bound being a positive number&#13;&#10;&#13;&#10;assertEquals(&quot;The value of lower bound should return 1&quot;, 1, rangeP.getLowerBound(), .000000001d);&#13;&#10;&#13;&#10;}&#13;&#10;&#13;&#10;@Test&#13;&#10;&#13;&#10;public void testDoubleForLowerBound() { // Lower bound being a double&#13;&#10;&#13;&#10;assertEquals(&quot;The value of lower bound should return 2.5&quot;, 2.5, rangeDoub.getLowerBound(), .000000001d);&#13;&#10;&#13;&#10;}&#13;&#10;&#13;&#10;&#13;&#10;// getUpperBound() test cases&#13;&#10;&#13;&#10;@Test&#13;&#10;&#13;&#10;public void testNegativeNumberForUpperBound() { // Upper bound being a negative number&#13;&#10;&#13;&#10;assertEquals(&quot;The value of upper bound should return 1&quot;, 1, rangeN.getUpperBound(), .000000001d);&#13;&#10;&#13;&#10;}&#13;&#10;&#13;&#10;// Test has a failure, the upper bound is not returned&#13;&#10;&#13;&#10;// Test passes for the value of the lower bound&#13;&#10;&#13;&#10;&#13;&#10;@Test&#13;&#10;&#13;&#10;public void testZeroForUpperBound() { // Upper bound being at 0&#13;&#10;&#13;&#10;assertEquals(&quot;The value of upper bound should return 0&quot;, 0, rangeZ.getUpperBound(), .000000001d);&#13;&#10;&#13;&#10;}&#13;&#10;&#13;&#10;// Test passes only because lower bound == upper bound == 0&#13;&#10;&#13;&#10;&#13;&#10;@Test&#13;&#10;&#13;&#10;public void testPositiveNumberForUpperBound() { // Upper bound being a positive number&#13;&#10;&#13;&#10;assertEquals(&quot;The value of upper bound should return 10&quot;, 10, rangeP.getUpperBound(), .000000001d);&#13;&#10;&#13;&#10;}&#13;&#10;&#13;&#10;// Test has a failure, the upper bound is not returned&#13;&#10;&#13;&#10;// Test passes for the value of the lower bound&#13;&#10;&#13;&#10;&#13;&#10;@Test&#13;&#10;&#13;&#10;public void testDoubleForUpperBound() { // Upper bound being a double&#13;&#10;&#13;&#10;assertEquals(&quot;The value of upper bound should return 5.0&quot;, 5.0, rangeDoub.getUpperBound(), .000000001d);&#13;&#10;&#13;&#10;}&#13;&#10;&#13;&#10;// Test has a failure, the upper bound is not returned&#13;&#10;&#13;&#10;// Test passes for the value of the lower bound&#13;&#10;&#13;&#10;&#13;&#10;&#13;&#10;&#13;&#10;&#13;&#10;// shift(Range base, double delta, boolean allowZeroCrossing)&#13;&#10;&#13;&#10;&#13;&#10;//should pass&#13;&#10;&#13;&#10;@Test&#13;&#10;&#13;&#10;public void testingPositiveToZeroWithTrue() {&#13;&#10;&#9;Range origRange = new Range(3.0, 3.0);&#13;&#10;&#9;Range rangeShift = Range.shift(origRange, -3.0, true);&#13;&#10;  Range expected = new Range(0.0, 0.0);&#13;&#10;  assertTrue(&quot;A shift of -3 should return a range of (0, 0)&quot;,&#13;&#10;          rangeShift.equals(expected));&#13;&#10;&#9;&#13;&#10;}&#13;&#10;&#13;&#10;//should pass&#13;&#10;&#13;&#10;@Test&#13;&#10;&#13;&#10;public void testingPositiveToZeroWithFalse() {&#13;&#10;&#9;Range origRange = new Range(3.0, 3.0);&#13;&#10;&#9;Range rangeShift = Range.shift(origRange, -3.0, false);&#13;&#10;Range expected = new Range(0.0, 0.0);&#13;&#10;assertTrue(&quot;A shift of -3 should return a range of (0, 0)&quot;,&#13;&#10;        rangeShift.equals(expected));&#13;&#10;&#9;&#13;&#10;}&#13;&#10;&#13;&#10;//should pass&#13;&#10;&#13;&#10;@Test&#13;&#10;&#13;&#10;public void testingPositiveToNegativeWithTrue() {&#13;&#10;&#9;Range origRange = new Range(3.0, 3.0);&#13;&#10;&#9;Range rangeShift = Range.shift(origRange, -5.0, true);&#13;&#10;    Range expected = new Range(-2.0, -2.0);&#13;&#10;    assertTrue(&quot;A shift of -5 should return a range of (0, 0)&quot;,&#13;&#10;            rangeShift.equals(expected));&#13;&#10;&#9;&#13;&#10;}&#13;&#10;&#13;&#10;// should fail&#13;&#10;&#13;&#10;@Test&#13;&#10;&#13;&#10;&#13;&#10;public void testingPositiveToNegativeWithFalse() {&#13;&#10;&#9;Range origRange = new Range(3.0, 3.0);&#13;&#10;&#9;Range rangeShift = Range.shift(origRange, -5.0, false);&#13;&#10;    Range expected = new Range(-2.0, -2.0);&#13;&#10;    assertTrue(&quot;A shift of -5 should return a range of (0, 0)&quot;,&#13;&#10;            rangeShift.equals(expected));&#13;&#10;&#9;&#13;&#10;}&#13;&#10;&#13;&#10;//should pass&#13;&#10;&#13;&#10;@Test&#13;&#10;&#13;&#10;&#13;&#10;public void testingPositiveToNegativeWithFalseAndZero() {&#13;&#10;&#9;Range origRange = new Range(3.0, 3.0);&#13;&#10;&#9;Range rangeShift = Range.shift(origRange, -5.0, false);&#13;&#10; Range expected = new Range(0.0, 0.0);&#13;&#10; assertTrue(&quot;A shift of -5 should return a range of (0, 0)&quot;,&#13;&#10;         rangeShift.equals(expected));&#13;&#10;&#9;&#13;&#10;}&#13;&#10;&#13;&#10;//should pass&#13;&#10;&#13;&#10;@Test&#13;&#10;&#13;&#10;public void testingPositiveToPositiveWithTrue() {&#13;&#10;&#9;Range origRange = new Range(3.4, 3.7);&#13;&#10;&#9;Range rangeShift = Range.shift(origRange, 5.0, true);&#13;&#10;    Range expected = new Range(8.4, 8.7);&#13;&#10;    assertTrue(&quot;A shift of 5 should return a range of (8.4, 8.7)&quot;,&#13;&#10;            rangeShift.equals(expected));&#13;&#10;&#9;&#13;&#10;}&#13;&#10;&#13;&#10;//should fail&#13;&#10;&#13;&#10;@Test&#13;&#10;&#13;&#10;public void testingPositiveToPositiveWithTrueWrongAnswer() {&#13;&#10;&#9;Range origRange = new Range(3.4, 3.7);&#13;&#10;&#9;Range rangeShift = Range.shift(origRange, 5.0, true);&#13;&#10;  Range expected = new Range(8.4, 8.9);&#13;&#10;  assertTrue(&quot;A shift of 5 should return a range of (8.4, 8.7)&quot;,&#13;&#10;          rangeShift.equals(expected));&#13;&#10;&#9;&#13;&#10;}&#13;&#10;&#13;&#10;//should fail&#13;&#10;&#13;&#10;@Test&#13;&#10;&#13;&#10;public void testingNegativeToPositiveWithFalse() {&#13;&#10;&#9;Range origRange = new Range(-3.0, -2.0);&#13;&#10;&#9;Range rangeShift = Range.shift(origRange, 5.0, false);&#13;&#10;  Range expected = new Range(2.0, 3.0);&#13;&#10;  assertTrue(&quot;A shift of 5 should return a range of (0, 0)&quot;,&#13;&#10;          rangeShift.equals(expected));&#13;&#10;&#9;&#13;&#10;}&#13;&#10;&#13;&#10;//should pass&#13;&#10;&#13;&#10;@Test&#13;&#10;&#13;&#10;public void testingNegativeToPositiveWithTrue() {&#13;&#10;&#9;Range origRange = new Range(-3.0, -2.0);&#13;&#10;&#9;Range rangeShift = Range.shift(origRange, 5.0, true);&#13;&#10;&#9;Range expected = new Range(2.0, 3.0);&#13;&#10;&#9;assertTrue(&quot;A shift of 5 should return a range of (2, 3)&quot;,&#13;&#10;        rangeShift.equals(expected));&#13;&#10;&#9;&#13;&#10;}&#13;&#10;&#13;&#10;//should pass&#13;&#10;&#13;&#10;@Test&#13;&#10;&#13;&#10;public void testingNegativeToPositiveWithTrueSplitRange() {&#13;&#10;&#9;Range origRange = new Range(-3.0, 2.0);&#13;&#10;&#9;Range rangeShift = Range.shift(origRange, 5.0, true);&#13;&#10;Range expected = new Range(2.0, 7.0);&#13;&#10;assertTrue(&quot;A shift of 5 should return a range of (2, 7)&quot;,&#13;&#10;      rangeShift.equals(expected));&#13;&#10;&#9;&#13;&#10;}&#13;&#10;&#13;&#10;//should fail&#13;&#10;&#13;&#10;@Test&#13;&#10;&#13;&#10;public void testingNegativeToPositiveWithFalseSplitRange() {&#13;&#10;&#9;Range origRange = new Range(-3.0, 2.0);&#13;&#10;&#9;Range rangeShift = Range.shift(origRange, 5.0, false);&#13;&#10;Range expected = new Range(2.0, 7.0);&#13;&#10;assertTrue(&quot;A shift of 5 should return a range of (0, 7)&quot;,&#13;&#10;    rangeShift.equals(expected));&#13;&#10;&#9;&#13;&#10;}&#13;&#10;&#13;&#10;// should pass&#13;&#10;&#13;&#10;@Test&#13;&#10;&#13;&#10;public void testingNegativeToPositiveWithFalseSplitRangeCorrectAnswer() {&#13;&#10;&#9;Range origRange = new Range(-3.0, 2.0);&#13;&#10;&#9;Range rangeShift = Range.shift(origRange, 5.0, false);&#13;&#10;Range expected = new Range(0.0, 7.0);&#13;&#10;assertTrue(&quot;A shift of 0 should return a range of (0.0, 7.0)&quot;,&#13;&#10;    rangeShift.equals(expected));&#13;&#10;&#9;&#13;&#10;}&#13;&#10;&#13;&#10;&#13;&#10;//should fail&#13;&#10;&#13;&#10;@Test&#13;&#10;&#13;&#10;public void testingPositiveToPositiveWithFalseWrongAnswer() {&#13;&#10;&#9;Range origRange = new Range(3.4, 3.7);&#13;&#10;&#9;Range rangeShift = Range.shift(origRange, 5.0, false);&#13;&#10;Range expected = new Range(8.4, 8.9);&#13;&#10;assertTrue(&quot;A shift of 0 should return a range of (8.4, 8.7)&quot;,&#13;&#10;        rangeShift.equals(expected));&#13;&#10;&#9;&#13;&#10;}&#13;&#10;&#13;&#10;//should pass&#13;&#10;&#13;&#10;@Test&#13;&#10;&#13;&#10;public void testingPositiveToPositiveWithFalseCorrectAnswer() {&#13;&#10;&#9;Range origRange = new Range(3.4, 3.7);&#13;&#10;&#9;Range rangeShift = Range.shift(origRange, 5.3, false);&#13;&#10;Range expected = new Range(8.7, 9.0);&#13;&#10;assertTrue(&quot;A shift of 5.3 should return a range of (8.7, 9.0)&quot;,&#13;&#10;      rangeShift.equals(expected));&#13;&#10;&#9;&#13;&#10;}&#13;&#10;&#13;&#10;&#13;&#10;@Test(expected = IllegalArgumentException.class)&#13;&#10;public void shiftTestWithNullRange() {&#13;&#10;    Range.shift(null, -3, true);&#13;&#10;}&#13;&#10;&#13;&#10;&#13;&#10;//shift(Range base, double delta)&#13;&#10;&#13;&#10;//should pass&#13;&#10;&#13;&#10;@Test&#13;&#10;&#13;&#10;public void testingPositiveToPositive() {&#13;&#10;&#9;Range origRange = new Range(3.4, 3.7);&#13;&#10;&#9;Range rangeShift = Range.shift(origRange, 5.3);&#13;&#10;Range expected = new Range(8.7, 9.0);&#13;&#10;assertTrue(&quot;A shift of 5.3 should return a range of (8.7, 9.0)&quot;,&#13;&#10;    rangeShift.equals(expected));&#13;&#10;&#9;&#13;&#10;}&#13;&#10;&#13;&#10;// should pass &#13;&#10;&#13;&#10;@Test&#13;&#10;&#13;&#10;public void testingPositiveToNegative() {&#13;&#10;&#9;Range origRange = new Range(3.4, 3.7);&#13;&#10;&#9;Range rangeShift = Range.shift(origRange, -5.3);&#13;&#10;Range expected = new Range(0.0, 0.0);&#13;&#10;assertTrue(&quot;A shift of -5.3 should return a range of (0 ,0)&quot;,&#13;&#10;    rangeShift.equals(expected));&#13;&#10;&#9;&#13;&#10;}&#13;&#10;&#13;&#10;//should pass&#13;&#10;&#13;&#10;@Test&#13;&#10;&#13;&#10;public void testingPositiveToNegativeSplit() {&#13;&#10;&#9;Range origRange = new Range(-3.4, 3.7);&#13;&#10;&#9;Range rangeShift = Range.shift(origRange, -5.3);&#13;&#10;Range expected = new Range(-8.7, 0.0);&#13;&#10;assertTrue(&quot;A shift of -5.3 should return a range of (-8.7, 0.0)&quot;,&#13;&#10; rangeShift.equals(expected));&#13;&#10;&#9;&#13;&#10;}&#13;&#10;&#13;&#10;//should fail&#13;&#10;&#13;&#10;@Test&#13;&#10;&#13;&#10;public void testingPositiveToNegativeSplit1() {&#13;&#10;&#9;Range origRange = new Range(3.4, 3.7);&#13;&#10;&#9;Range rangeShift = Range.shift(origRange, -5.3);&#13;&#10;Range expected = new Range(-1.9, -1.6);&#13;&#10;assertTrue(&quot;A shift of -5.3 should return a range of (0, 0)&quot;,&#13;&#10;rangeShift.equals(expected));&#13;&#10;&#9;&#13;&#10;}&#13;&#10;&#13;&#10;//should fail &#13;&#10;&#13;&#10;@Test&#13;&#10;&#13;&#10;public void testingNegativeToPositive() {&#13;&#10;&#9;Range origRange = new Range(-3.4, -3.1);&#13;&#10;&#9;Range rangeShift = Range.shift(origRange, 5.3);&#13;&#10;Range expected = new Range(1.9, 2.2);&#13;&#10;assertTrue(&quot;A shift of 5.3 should return a range of (0, 0)&quot;,&#13;&#10;rangeShift.equals(expected));&#13;&#10;&#9;&#13;&#10;}&#13;&#10;&#13;&#10;//should pass&#13;&#10;&#13;&#10;@Test&#13;&#10;&#13;&#10;public void testingNegativeToPositiveWithCorrectAnswer() {&#13;&#10;&#9;Range origRange = new Range(-3.4, -3.1);&#13;&#10;&#9;Range rangeShift = Range.shift(origRange, 5.3);&#13;&#10;Range expected = new Range(0, 0);&#13;&#10;assertTrue(&quot;A shift of 5.3 should return a range of (0, 0)&quot;,&#13;&#10;rangeShift.equals(expected));&#13;&#10;&#9;&#13;&#10;}&#13;&#10;&#13;&#10;//should pass&#13;&#10;&#13;&#10;@Test&#13;&#10;&#13;&#10;public void testingNegativeToPositiveWithCorrectAnswerSplit() {&#13;&#10;&#9;Range origRange = new Range(-3.4, 3.7);&#13;&#10;&#9;Range rangeShift = Range.shift(origRange, 5.3);&#13;&#10;Range expected = new Range(0, 9);&#13;&#10;assertTrue(&quot;A shift of 5.3 should return a range of (0, 9)&quot;,&#13;&#10;rangeShift.equals(expected));&#13;&#10;&#9;&#13;&#10;}&#13;&#10;&#13;&#10;//should fail&#13;&#10;&#13;&#10;@Test&#13;&#10;&#13;&#10;public void testingNegativeToPositiveWithWrongAnswerSplit1() {&#13;&#10;&#9;Range origRange = new Range(-3.4, 3.7);&#13;&#10;&#9;Range rangeShift = Range.shift(origRange, 5.3);&#13;&#10;Range expected = new Range(1.9, 9);&#13;&#10;assertTrue(&quot;A shift of 5.3 should return a range of (0, 9)&quot;,&#13;&#10;rangeShift.equals(expected));&#13;&#10;&#9;&#13;&#10;}&#13;&#10;&#13;&#10;//should pass&#13;&#10;&#13;&#10;@Test&#13;&#10;&#13;&#10;public void testingNegativeToZero() {&#13;&#10;&#9;Range origRange = new Range(-4.0, -4.0);&#13;&#10;&#9;Range rangeShift = Range.shift(origRange, 4.0);&#13;&#10;Range expected = new Range(0, 0);&#13;&#10;assertTrue(&quot;A shift of 4 should return a range of (0, 0)&quot;,&#13;&#10;rangeShift.equals(expected));&#13;&#10;&#9;&#13;&#10;}&#13;&#10;&#13;&#10;//should pass&#13;&#10;&#13;&#10;@Test&#13;&#10;&#13;&#10;public void testingPositiveToZero() {&#13;&#10;&#9;Range origRange = new Range(4.0, 4.0);&#13;&#10;&#9;Range rangeShift = Range.shift(origRange, -4.0);&#13;&#10;Range expected = new Range(0, 0);&#13;&#10;assertTrue(&quot;A shift of -4 should return a range of (0, 0)&quot;,&#13;&#10;rangeShift.equals(expected));&#13;&#10;&#9;&#13;&#10;}&#13;&#10;&#13;&#10;&#13;&#10;// should pass&#13;&#10;&#13;&#10;@Test(expected = IllegalArgumentException.class)&#13;&#10;public void shiftTestWithNullRange1() {&#13;&#10;    Range.shift(null, -3 );&#13;&#10;}&#13;&#10;&#13;&#10;&#13;&#10;// toString() Tests&#13;&#10;&#13;&#10;&#13;&#10;// should pass &#13;&#10;&#13;&#10;@Test&#13;&#10;public void NegativeAndPositive() {&#13;&#10;&#9;Range range = new Range(-3.4, 4.1);&#13;&#10;&#9;String actual = range.toString();&#13;&#10;&#9;assertEquals(&quot;The string should match Range[-3.4,4.1]&quot;, &quot;Range[-3.4,4.1]&quot;, actual);&#13;&#10;}&#13;&#10;&#13;&#10;// should pass&#13;&#10;&#13;&#10;@Test&#13;&#10;public void PositiveAndPositive() {&#13;&#10;&#9;Range range = new Range(3.0, 5.0);&#13;&#10;&#9;String actual = range.toString();&#13;&#10;&#9;assertEquals(&quot;The string should match Range[3.0,5.0]&quot;, &quot;Range[3.0,5.0]&quot;, actual);&#13;&#10;}&#13;&#10;&#13;&#10;//should pass&#13;&#10;&#13;&#10;@Test&#13;&#10;public void NegativeAndNegative() {&#13;&#10;&#9;Range range = new Range(-8.2, -1.1);&#13;&#10;&#9;String actual = range.toString();&#13;&#10;&#9;assertEquals(&quot;The string should match Range[-8.2,-1.1]&quot;, &quot;Range[-8.2,-1.1]&quot;, actual);&#13;&#10;}&#13;&#10;&#13;&#10;//should pass&#13;&#10;&#13;&#10;@Test&#13;&#10;public void ZeroAndZero() {&#13;&#10;&#9;Range range = new Range(0.0, 0.0);&#13;&#10;&#9;String actual = range.toString();&#13;&#10;&#9;assertEquals(&quot;The string should match Range[0.0,0.0]&quot;, &quot;Range[0.0,0.0]&quot;, actual);&#13;&#10;}&#13;&#10;&#13;&#10;//should fail&#13;&#10;&#13;&#10;@Test&#13;&#10;public void WrongStringFormatGap() {&#13;&#10;&#9;Range range = new Range(0.0, 0.0);&#13;&#10;&#9;String actual = range.toString();&#13;&#10;&#9;assertEquals(&quot;The string should match Range[0.0,0.0]&quot;, &quot;Range[0.0, 0.0]&quot;, actual);&#13;&#10;}&#13;&#10;&#13;&#10;//should fail&#13;&#10;&#13;&#10;@Test&#13;&#10;public void WrongStringFormatSpelling() {&#13;&#10;&#9;Range range = new Range(0.0, 0.0);&#13;&#10;&#9;String actual = range.toString();&#13;&#10;&#9;assertEquals(&quot;The string should match Range[0.0,0.0]&quot;, &quot;Ran[0.0, 0.0]&quot;, actual);&#13;&#10;}&#13;&#10;&#13;&#10;&#13;&#10;// intersects() Tests&#13;&#10;&#13;&#10;// should pass&#13;&#10;&#13;&#10;@Test&#13;&#10;public void intersectRangeRightSide() {&#13;&#10;    &#13;&#10;&#9;Range orig = new Range(-2, 3);&#13;&#10;&#9;Range test = new Range(-8, 0);&#13;&#10;&#9;&#13;&#10;&#9;assertTrue(orig.intersects(test));&#13;&#10;}&#13;&#10;&#13;&#10;// should pass&#13;&#10;&#13;&#10;@Test&#13;&#10;public void intersectRangeLeftSide() {&#13;&#10;    &#13;&#10;&#9;Range orig = new Range(-2, 3);&#13;&#10;&#9;Range test = new Range(-1, 5);&#13;&#10;&#9;&#13;&#10;&#9;assertTrue(orig.intersects(test));&#13;&#10;}&#13;&#10;&#13;&#10;&#13;&#10;//should pass&#13;&#10;&#13;&#10;@Test&#13;&#10;public void intersectRangeBothSides() {&#13;&#10; &#13;&#10;&#9;Range orig = new Range(-2, 3);&#13;&#10;&#9;Range test = new Range(0, 2);&#13;&#10;&#9;&#13;&#10;&#9;assertTrue(orig.intersects(test));&#13;&#10;}&#13;&#10;&#13;&#10;&#13;&#10;&#13;&#10;//should pass&#13;&#10;&#13;&#10;&#13;&#10;@Test&#13;&#10;public void intersectRangeFloatRightSide() {&#13;&#10;&#9;Range orig = new Range(-1.9, 3);&#13;&#10;&#9;Range test = new Range(-3, -1.7);&#13;&#10;&#9;&#13;&#10;&#9;assertTrue(orig.intersects(test));&#13;&#10;}&#13;&#10;&#13;&#10;//should pass&#13;&#10;&#13;&#10;@Test&#13;&#10;public void intersectRangeFloatLeftSide() {&#13;&#10;&#9;Range orig = new Range(-2, 2.9);&#13;&#10;&#9;Range test = new Range(2.8, 8);&#13;&#10;&#9;&#13;&#10;&#9;assertTrue(orig.intersects(test));&#13;&#10;}&#13;&#10;&#13;&#10;&#13;&#10;&#13;&#10;// getCenteralValue() Tests&#13;&#10;&#13;&#10;// should pass&#13;&#10;&#13;&#10;@Test&#13;&#10;public void centeralValueCorrectNegativeNegative() {&#13;&#10;&#9;Range orig = new Range(-2, -1);&#13;&#10;    assertEquals(&quot;The centeral value should be -1.5&quot;,&#13;&#10;    -1.5, orig.getCentralValue(), .000000001d);&#13;&#10;}&#13;&#10;&#13;&#10;// should pass&#13;&#10;&#13;&#10;@Test&#13;&#10;public void centeralValueCorrectNegativePositive() {&#13;&#10;&#9;Range orig = new Range(-2, 3);&#13;&#10;    assertEquals(&quot;The centeral value should be 0.5&quot;,&#13;&#10;    0.5, orig.getCentralValue(), .000000001d);&#13;&#10;}&#13;&#10;&#13;&#10;//should pass&#13;&#10;&#13;&#10;@Test&#13;&#10;public void centeralValueCorrectPositivePositive() {&#13;&#10;&#9;Range orig = new Range(2.5, 2.9);&#13;&#10; assertEquals(&quot;The centeral value should be 2.7&quot;,&#13;&#10; 2.7, orig.getCentralValue(), .000000001d);&#13;&#10;}&#13;&#10;&#13;&#10;//should fail&#13;&#10;&#13;&#10;@Test&#13;&#10;public void centeralValueWrongPositivePositive() {&#13;&#10;&#9;Range orig = new Range(2.5, 2.9);&#13;&#10;assertEquals(&quot;The centeral value should be 2.7&quot;,&#13;&#10;2.6, orig.getCentralValue(), .000000001d);&#13;&#10;}&#13;&#10;&#13;&#10;//should fail&#13;&#10;&#13;&#10;@Test&#13;&#10;public void centeralValueWrongNegativeNegative() {&#13;&#10;&#9;Range orig = new Range(-2, -1);&#13;&#10; assertEquals(&quot;The centeral value should be -1.5&quot;,&#13;&#10; -1.9, orig.getCentralValue(), .000000001d);&#13;&#10;}&#13;&#10;&#13;&#10;//should fail&#13;&#10;&#13;&#10;@Test&#13;&#10;public void centeralValueWrongNegativePositive() {&#13;&#10;&#9;Range orig = new Range(-2, 3);&#13;&#10; assertEquals(&quot;The centeral value should be 0.5&quot;,&#13;&#10; 0.0, orig.getCentralValue(), .000000001d);&#13;&#10;}&#13;&#10;&#13;&#10;// expandToInclude() Tests&#13;&#10;&#13;&#10;// should pass&#13;&#10;&#13;&#10;@Test&#13;&#10;public void expandToIncludeLeftSideCorrect() {&#13;&#10;&#9;Range orig = new Range(-1, 1);&#13;&#10;    assertEquals(&quot;New Range should be (-10, 1)&quot;, new Range(-10, 1),&#13;&#10;            Range.expandToInclude(orig, -10));&#13;&#10;}&#13;&#10;&#13;&#10;//should pass&#13;&#10;&#13;&#10;@Test&#13;&#10;public void expandToIncludeRightSideCorrect() {&#13;&#10;&#9;Range orig = new Range(-1, 1);&#13;&#10;&#9;assertEquals(&quot;New Range should be (-1, 2.9)&quot;, new Range(-1, 2.9),&#13;&#10;          Range.expandToInclude(orig, 2.9));&#13;&#10;}&#13;&#10;&#13;&#10;//should pass&#13;&#10;&#13;&#10;@Test&#13;&#10;public void NoNeedToExpandToIncludeCorrect() {&#13;&#10;&#9;Range orig = new Range(-1, 1);&#13;&#10;&#9;assertEquals(&quot;New Range should be (-1.0, 1.0)&quot;, new Range(-1.0, 1.0),&#13;&#10;        Range.expandToInclude(orig, 0.3));&#13;&#10;}&#13;&#10;&#13;&#10;//should fail&#13;&#10;&#13;&#10;@Test&#13;&#10;public void expandToIncludeRightSideWrong() {&#13;&#10;&#9;Range orig = new Range(-1, 1);&#13;&#10;&#9;assertEquals(&quot;New Range should be (-1, 7)&quot;, new Range(-1, 6),&#13;&#10;      Range.expandToInclude(orig, 7));&#13;&#10;}&#13;&#10;&#13;&#10;//should fail&#13;&#10;&#13;&#10;@Test&#13;&#10;public void expandToIncludeLeftSideWrong() {&#13;&#10;&#9;Range orig = new Range(-1, 1);&#13;&#10;&#9;assertEquals(&quot;New Range should be (-3, 1)&quot;, new Range(-2, 1),&#13;&#10;    Range.expandToInclude(orig, -3));&#13;&#10;}&#13;&#10;&#13;&#10;//should pass&#13;&#10;&#13;&#10;@Test&#13;&#10;public void expandToIncludeLeftSideSame() {&#13;&#10;&#9;Range orig = new Range(-1, 1);&#13;&#10;assertEquals(&quot;New Range should be (-1, 1)&quot;, new Range(-1, 1),&#13;&#10;  Range.expandToInclude(orig, -1));&#13;&#10;}&#13;&#10;&#13;&#10;//should pass&#13;&#10;&#13;&#10;@Test&#13;&#10;public void expandToIncludeRightSideSame() {&#13;&#10;&#9;Range orig = new Range(-1, 1);&#13;&#10;assertEquals(&quot;New Range should be (-1, 1)&quot;, new Range(-1, 1),&#13;&#10;Range.expandToInclude(orig, 1));&#13;&#10;}&#13;&#10;&#13;&#10;&#13;&#10;// expand test&#13;&#10;&#13;&#10;@Test&#13;&#10;public void expandUsingZeroMarginsTest() {&#13;&#10;&#9;range1 = new Range(12, 32);&#13;&#10;&#9;range2 = new Range(13, 20);&#13;&#10;&#9;assertEquals(&quot;Used expand with 0 on both ranges but the range changed.&quot;, Range.expand(range1, 0, 0), range2);&#13;&#10;}&#13;&#10;&#13;&#10;//if null range object is used&#13;&#10;@Test&#13;&#10;public void nullRange() {&#13;&#10;&#9;try {&#13;&#10;&#9;&#9;Range.expand(null,0.2,0.5);&#13;&#10;&#9;&#9;fail(&quot;InvalidParameterException was not used&quot;);&#13;&#10;&#9;}&#13;&#10;&#9;catch(Exception e) {&#13;&#10;&#9;&#9;assertEquals(&quot;Did not use InvalidParameterException&quot;, IllegalArgumentException.class, e.getClass());&#13;&#10;&#9;}&#13;&#10;}&#13;&#10;&#13;&#10;&#13;&#10;// Equals test&#13;&#10;//if two upper boundaries are same but the lower boundaries are different &#13;&#10;@Test&#13;&#10;public void sameUpperBoundary() {&#13;&#10;&#9;assertEquals(&quot;Testing two Range objects with the same upper boundary but different lower boundaries&quot;, false, range.equals(new Range(20, 50)));&#13;&#10;}&#13;&#10;&#9;&#13;&#10;//if two lower boundaries are same but the upper boundaries are different &#13;&#10;@Test&#13;&#10;public void  sameLowerBoundary() {&#13;&#10;&#9;assertEquals(&quot;Testing two Range objects with the same lower boundary but different upper boundaries&quot;, false, range.equals(new Range(10, 40)));&#13;&#10;}&#13;&#10;&#9;&#13;&#10;//if two different objects with different ranges are equal&#13;&#10;@Test&#13;&#10;public void diffRanges() {&#13;&#10;&#9;assertEquals(&quot;Testing object with two different ranges&quot;, false, range.equals(new Range(30, 70)));&#13;&#10;}&#13;&#10;&#9;&#13;&#10;//is two different objects with same ranges are equal&#13;&#10;@Test&#13;&#10;public void sameRanges() {&#13;&#10;&#9;assertEquals(&quot;Testing object with two same ranges&quot;, true, range.equals(new Range(10, 50)));&#13;&#10;}&#13;&#10;&#9;&#13;&#10;//if null is used&#13;&#10;@Test&#13;&#10;public void nullRangeEquals() {&#13;&#10;&#9;assertEquals(&quot;Testing a null range object&quot;, false, range.equals(null));&#13;&#10;}&#13;&#10;&#13;&#10;//contain Tests&#13;&#10;&#13;&#10;//if the lower boundary is in the range &#13;&#10;@Test&#13;&#10;public void inLowerBoundary() {&#13;&#10;&#9;assertTrue(&quot;The lower boundary is out of the range&quot;, this.rangeC.contains(5));&#13;&#10;}&#13;&#10;&#9;&#13;&#10;//if the upper boundary is in the range &#13;&#10;@Test&#13;&#10;public void inUpperBoundary() {&#13;&#10;&#9;assertTrue(&quot;The upper Bound is out of the range&quot;, this.rangeC.contains(20));&#13;&#10;}&#13;&#10;&#9;&#13;&#10;//number in between the range&#13;&#10;@Test&#13;&#10;public void numberInRange() {&#13;&#10;&#9;assertTrue(&quot;The number is out of the range&quot;, this.rangeC.contains(10));&#13;&#10;}&#13;&#10;&#13;&#10;&#13;&#10;@After&#13;&#10;&#13;&#10;public void tearDown() throws Exception {&#13;&#10;&#13;&#10;}&#13;&#10;&#13;&#10;@AfterClass&#13;&#10;&#13;&#10;public static void tearDownAfterClass() throws Exception {&#13;&#10;&#13;&#10;}&#13;&#10;&#13;&#10;}" Filename="RangeTest.java" Intrnl_Id="2"/>
    </SrcFileList>
    <CritList>
        <CritListEntry Name="org.codecover.model.utils.criteria.LoopCoverage" PluginName="org.codecover"/>
        <CritListEntry Name="org.codecover.model.utils.criteria.QMOCoverage" PluginName="org.codecover"/>
        <CritListEntry Name="org.codecover.model.utils.criteria.ConditionCoverage" PluginName="org.codecover"/>
        <CritListEntry Name="org.codecover.model.utils.criteria.BranchCoverage" PluginName="org.codecover"/>
        <CritListEntry Name="org.codecover.model.utils.criteria.SynchronizedStatementCoverage" PluginName="org.codecover"/>
        <CritListEntry Name="org.codecover.model.utils.criteria.StatementCoverage" PluginName="org.codecover"/>
    </CritList>
    <BoolOpList/>
    <HierarchyLvlTypeList>
        <HierarchyLvlType EnglishName="package" IntrnlName="package" Intrnl_Id="3"/>
        <HierarchyLvlType EnglishName="anonymous class" IntrnlName="class" Intrnl_Id="4"/>
        <HierarchyLvlType EnglishName="method" IntrnlName="method" Intrnl_Id="5"/>
        <HierarchyLvlType EnglishName="class" IntrnlName="class" Intrnl_Id="6"/>
        <HierarchyLvlType EnglishName="default package" IntrnlName="default package" Intrnl_Id="7"/>
    </HierarchyLvlTypeList>
    <MASTRoot>
        <HierarchyLvl HierarchyLvlId="123" HierarchyLvlTypeId="7" Intrnl_Id="8" Name="default package">
            <Header/>
            <LocList/>
            <HierarchyLvl HierarchyLvlId="122" HierarchyLvlTypeId="3" Intrnl_Id="9" Name="org">
                <Header/>
                <LocList/>
                <HierarchyLvl HierarchyLvlId="121" HierarchyLvlTypeId="3" Intrnl_Id="10" Name="jfree">
                    <Header/>
                    <LocList/>
                    <HierarchyLvl HierarchyLvlId="120" HierarchyLvlTypeId="3" Intrnl_Id="11" Name="data">
                        <Header/>
                        <LocList/>
                        <HierarchyLvl HierarchyLvlId="119" HierarchyLvlTypeId="3" Intrnl_Id="12" Name="test">
                            <Header/>
                            <LocList/>
                            <HierarchyLvl HierarchyLvlId="31" HierarchyLvlTypeId="6" Intrnl_Id="13" Name="DataUtilitesTest">
                                <Header>
                                    <Loc EndOffset="475" SrcFileId="1" StartOffset="424"/>
                                </Header>
                                <LocList>
                                    <Loc EndOffset="12773" SrcFileId="1" StartOffset="424"/>
                                </LocList>
                                <HierarchyLvl HierarchyLvlId="1" HierarchyLvlTypeId="5" Intrnl_Id="14" Name="setUpBeforeClass">
                                    <Header>
                                        <Loc EndOffset="611" SrcFileId="1" StartOffset="542"/>
                                    </Header>
                                    <LocList>
                                        <Loc EndOffset="617" SrcFileId="1" StartOffset="542"/>
                                    </LocList>
                                </HierarchyLvl>
                                <HierarchyLvl HierarchyLvlId="2" HierarchyLvlTypeId="5" Intrnl_Id="15" Name="setUp">
                                    <Header>
                                        <Loc EndOffset="669" SrcFileId="1" StartOffset="623"/>
                                    </Header>
                                    <LocList>
                                        <Loc EndOffset="772" SrcFileId="1" StartOffset="623"/>
                                    </LocList>
                                    <StmntSeq Intrnl_Id="16">
                                        <LocList>
                                            <Loc EndOffset="707" SrcFileId="1" StartOffset="676"/>
                                            <Loc EndOffset="760" SrcFileId="1" StartOffset="715"/>
                                        </LocList>
                                        <BasicStmnt CovItemId="S1" CovItemPrefix="org.jfree.data.test.DataUtilitesTest.java" Intrnl_Id="17">
                                            <LocList>
                                                <Loc EndOffset="707" SrcFileId="1" StartOffset="676"/>
                                            </LocList>
                                        </BasicStmnt>
                                        <BasicStmnt CovItemId="S2" CovItemPrefix="org.jfree.data.test.DataUtilitesTest.java" Intrnl_Id="18">
                                            <LocList>
                                                <Loc EndOffset="760" SrcFileId="1" StartOffset="715"/>
                                            </LocList>
                                        </BasicStmnt>
                                    </StmntSeq>
                                </HierarchyLvl>
                                <HierarchyLvl HierarchyLvlId="4" HierarchyLvlTypeId="5" Intrnl_Id="19" Name="calculateColumnTotalForThreeRows">
                                    <Header>
                                        <Loc EndOffset="925" SrcFileId="1" StartOffset="871"/>
                                    </Header>
                                    <LocList>
                                        <Loc EndOffset="1562" SrcFileId="1" StartOffset="871"/>
                                    </LocList>
                                    <StmntSeq Intrnl_Id="20">
                                        <LocList>
                                            <Loc EndOffset="984" SrcFileId="1" StartOffset="960"/>
                                            <Loc EndOffset="1369" SrcFileId="1" StartOffset="1367"/>
                                            <Loc EndOffset="1456" SrcFileId="1" StartOffset="1394"/>
                                            <Loc EndOffset="1513" SrcFileId="1" StartOffset="1479"/>
                                        </LocList>
                                        <BasicStmnt CovItemId="S3" CovItemPrefix="org.jfree.data.test.DataUtilitesTest.java" Intrnl_Id="21">
                                            <LocList>
                                                <Loc EndOffset="984" SrcFileId="1" StartOffset="960"/>
                                                <Loc EndOffset="1369" SrcFileId="1" StartOffset="1367"/>
                                            </LocList>
                                        </BasicStmnt>
                                        <BasicStmnt CovItemId="S12" CovItemPrefix="org.jfree.data.test.DataUtilitesTest.java" Intrnl_Id="22">
                                            <LocList>
                                                <Loc EndOffset="1456" SrcFileId="1" StartOffset="1394"/>
                                            </LocList>
                                        </BasicStmnt>
                                        <BasicStmnt CovItemId="S13" CovItemPrefix="org.jfree.data.test.DataUtilitesTest.java" Intrnl_Id="23">
                                            <LocList>
                                                <Loc EndOffset="1513" SrcFileId="1" StartOffset="1479"/>
                                            </LocList>
                                        </BasicStmnt>
                                    </StmntSeq>
                                    <HierarchyLvl HierarchyLvlId="3" HierarchyLvlTypeId="4" Intrnl_Id="24" Name="Expectations">
                                        <Header>
                                            <Loc EndOffset="1002" SrcFileId="1" StartOffset="988"/>
                                        </Header>
                                        <LocList>
                                            <Loc EndOffset="1367" SrcFileId="1" StartOffset="984"/>
                                        </LocList>
                                        <StmntSeq Intrnl_Id="25">
                                            <LocList>
                                                <Loc EndOffset="1057" SrcFileId="1" StartOffset="1031"/>
                                                <Loc EndOffset="1093" SrcFileId="1" StartOffset="1072"/>
                                                <Loc EndOffset="1135" SrcFileId="1" StartOffset="1108"/>
                                                <Loc EndOffset="1173" SrcFileId="1" StartOffset="1150"/>
                                                <Loc EndOffset="1215" SrcFileId="1" StartOffset="1188"/>
                                                <Loc EndOffset="1253" SrcFileId="1" StartOffset="1230"/>
                                                <Loc EndOffset="1295" SrcFileId="1" StartOffset="1268"/>
                                                <Loc EndOffset="1332" SrcFileId="1" StartOffset="1310"/>
                                            </LocList>
                                            <BasicStmnt CovItemId="S4" CovItemPrefix="org.jfree.data.test.DataUtilitesTest.java" Intrnl_Id="26">
                                                <LocList>
                                                    <Loc EndOffset="1057" SrcFileId="1" StartOffset="1031"/>
                                                </LocList>
                                            </BasicStmnt>
                                            <BasicStmnt CovItemId="S5" CovItemPrefix="org.jfree.data.test.DataUtilitesTest.java" Intrnl_Id="27">
                                                <LocList>
                                                    <Loc EndOffset="1093" SrcFileId="1" StartOffset="1072"/>
                                                </LocList>
                                            </BasicStmnt>
                                            <BasicStmnt CovItemId="S6" CovItemPrefix="org.jfree.data.test.DataUtilitesTest.java" Intrnl_Id="28">
                                                <LocList>
                                                    <Loc EndOffset="1135" SrcFileId="1" StartOffset="1108"/>
                                                </LocList>
                                            </BasicStmnt>
                                            <BasicStmnt CovItemId="S7" CovItemPrefix="org.jfree.data.test.DataUtilitesTest.java" Intrnl_Id="29">
                                                <LocList>
                                                    <Loc EndOffset="1173" SrcFileId="1" StartOffset="1150"/>
                                                </LocList>
                                            </BasicStmnt>
                                            <BasicStmnt CovItemId="S8" CovItemPrefix="org.jfree.data.test.DataUtilitesTest.java" Intrnl_Id="30">
                                                <LocList>
                                                    <Loc EndOffset="1215" SrcFileId="1" StartOffset="1188"/>
                                                </LocList>
                                            </BasicStmnt>
                                            <BasicStmnt CovItemId="S9" CovItemPrefix="org.jfree.data.test.DataUtilitesTest.java" Intrnl_Id="31">
                                                <LocList>
                                                    <Loc EndOffset="1253" SrcFileId="1" StartOffset="1230"/>
                                                </LocList>
                                            </BasicStmnt>
                                            <BasicStmnt CovItemId="S10" CovItemPrefix="org.jfree.data.test.DataUtilitesTest.java" Intrnl_Id="32">
                                                <LocList>
                                                    <Loc EndOffset="1295" SrcFileId="1" StartOffset="1268"/>
                                                </LocList>
                                            </BasicStmnt>
                                            <BasicStmnt CovItemId="S11" CovItemPrefix="org.jfree.data.test.DataUtilitesTest.java" Intrnl_Id="33">
                                                <LocList>
                                                    <Loc EndOffset="1332" SrcFileId="1" StartOffset="1310"/>
                                                </LocList>
                                            </BasicStmnt>
                                        </StmntSeq>
                                    </HierarchyLvl>
                                </HierarchyLvl>
                                <HierarchyLvl HierarchyLvlId="6" HierarchyLvlTypeId="5" Intrnl_Id="34" Name="calculateColumnTotalForMutipleColumns">
                                    <Header>
                                        <Loc EndOffset="1681" SrcFileId="1" StartOffset="1622"/>
                                    </Header>
                                    <LocList>
                                        <Loc EndOffset="2700" SrcFileId="1" StartOffset="1622"/>
                                    </LocList>
                                    <StmntSeq Intrnl_Id="35">
                                        <LocList>
                                            <Loc EndOffset="1721" SrcFileId="1" StartOffset="1697"/>
                                            <Loc EndOffset="2498" SrcFileId="1" StartOffset="2496"/>
                                            <Loc EndOffset="2592" SrcFileId="1" StartOffset="2530"/>
                                            <Loc EndOffset="2651" SrcFileId="1" StartOffset="2615"/>
                                        </LocList>
                                        <BasicStmnt CovItemId="S14" CovItemPrefix="org.jfree.data.test.DataUtilitesTest.java" Intrnl_Id="36">
                                            <LocList>
                                                <Loc EndOffset="1721" SrcFileId="1" StartOffset="1697"/>
                                                <Loc EndOffset="2498" SrcFileId="1" StartOffset="2496"/>
                                            </LocList>
                                        </BasicStmnt>
                                        <BasicStmnt CovItemId="S30" CovItemPrefix="org.jfree.data.test.DataUtilitesTest.java" Intrnl_Id="37">
                                            <LocList>
                                                <Loc EndOffset="2592" SrcFileId="1" StartOffset="2530"/>
                                            </LocList>
                                        </BasicStmnt>
                                        <BasicStmnt CovItemId="S31" CovItemPrefix="org.jfree.data.test.DataUtilitesTest.java" Intrnl_Id="38">
                                            <LocList>
                                                <Loc EndOffset="2651" SrcFileId="1" StartOffset="2615"/>
                                            </LocList>
                                        </BasicStmnt>
                                    </StmntSeq>
                                    <HierarchyLvl HierarchyLvlId="5" HierarchyLvlTypeId="4" Intrnl_Id="39" Name="Expectations">
                                        <Header>
                                            <Loc EndOffset="1739" SrcFileId="1" StartOffset="1725"/>
                                        </Header>
                                        <LocList>
                                            <Loc EndOffset="2496" SrcFileId="1" StartOffset="1721"/>
                                        </LocList>
                                        <StmntSeq Intrnl_Id="40">
                                            <LocList>
                                                <Loc EndOffset="1890" SrcFileId="1" StartOffset="1864"/>
                                                <Loc EndOffset="1926" SrcFileId="1" StartOffset="1905"/>
                                                <Loc EndOffset="1983" SrcFileId="1" StartOffset="1956"/>
                                                <Loc EndOffset="2019" SrcFileId="1" StartOffset="1998"/>
                                                <Loc EndOffset="2061" SrcFileId="1" StartOffset="2034"/>
                                                <Loc EndOffset="2098" SrcFileId="1" StartOffset="2076"/>
                                                <Loc EndOffset="2140" SrcFileId="1" StartOffset="2113"/>
                                                <Loc EndOffset="2176" SrcFileId="1" StartOffset="2155"/>
                                                <Loc EndOffset="2227" SrcFileId="1" StartOffset="2206"/>
                                                <Loc EndOffset="2269" SrcFileId="1" StartOffset="2242"/>
                                                <Loc EndOffset="2305" SrcFileId="1" StartOffset="2284"/>
                                                <Loc EndOffset="2347" SrcFileId="1" StartOffset="2320"/>
                                                <Loc EndOffset="2383" SrcFileId="1" StartOffset="2362"/>
                                                <Loc EndOffset="2425" SrcFileId="1" StartOffset="2398"/>
                                                <Loc EndOffset="2461" SrcFileId="1" StartOffset="2440"/>
                                            </LocList>
                                            <BasicStmnt CovItemId="S15" CovItemPrefix="org.jfree.data.test.DataUtilitesTest.java" Intrnl_Id="41">
                                                <LocList>
                                                    <Loc EndOffset="1890" SrcFileId="1" StartOffset="1864"/>
                                                </LocList>
                                            </BasicStmnt>
                                            <BasicStmnt CovItemId="S16" CovItemPrefix="org.jfree.data.test.DataUtilitesTest.java" Intrnl_Id="42">
                                                <LocList>
                                                    <Loc EndOffset="1926" SrcFileId="1" StartOffset="1905"/>
                                                </LocList>
                                            </BasicStmnt>
                                            <BasicStmnt CovItemId="S17" CovItemPrefix="org.jfree.data.test.DataUtilitesTest.java" Intrnl_Id="43">
                                                <LocList>
                                                    <Loc EndOffset="1983" SrcFileId="1" StartOffset="1956"/>
                                                </LocList>
                                            </BasicStmnt>
                                            <BasicStmnt CovItemId="S18" CovItemPrefix="org.jfree.data.test.DataUtilitesTest.java" Intrnl_Id="44">
                                                <LocList>
                                                    <Loc EndOffset="2019" SrcFileId="1" StartOffset="1998"/>
                                                </LocList>
                                            </BasicStmnt>
                                            <BasicStmnt CovItemId="S19" CovItemPrefix="org.jfree.data.test.DataUtilitesTest.java" Intrnl_Id="45">
                                                <LocList>
                                                    <Loc EndOffset="2061" SrcFileId="1" StartOffset="2034"/>
                                                </LocList>
                                            </BasicStmnt>
                                            <BasicStmnt CovItemId="S20" CovItemPrefix="org.jfree.data.test.DataUtilitesTest.java" Intrnl_Id="46">
                                                <LocList>
                                                    <Loc EndOffset="2098" SrcFileId="1" StartOffset="2076"/>
                                                </LocList>
                                            </BasicStmnt>
                                            <BasicStmnt CovItemId="S21" CovItemPrefix="org.jfree.data.test.DataUtilitesTest.java" Intrnl_Id="47">
                                                <LocList>
                                                    <Loc EndOffset="2140" SrcFileId="1" StartOffset="2113"/>
                                                </LocList>
                                            </BasicStmnt>
                                            <BasicStmnt CovItemId="S22" CovItemPrefix="org.jfree.data.test.DataUtilitesTest.java" Intrnl_Id="48">
                                                <LocList>
                                                    <Loc EndOffset="2176" SrcFileId="1" StartOffset="2155"/>
                                                </LocList>
                                            </BasicStmnt>
                                            <BasicStmnt CovItemId="S23" CovItemPrefix="org.jfree.data.test.DataUtilitesTest.java" Intrnl_Id="49">
                                                <LocList>
                                                    <Loc EndOffset="2227" SrcFileId="1" StartOffset="2206"/>
                                                </LocList>
                                            </BasicStmnt>
                                            <BasicStmnt CovItemId="S24" CovItemPrefix="org.jfree.data.test.DataUtilitesTest.java" Intrnl_Id="50">
                                                <LocList>
                                                    <Loc EndOffset="2269" SrcFileId="1" StartOffset="2242"/>
                                                </LocList>
                                            </BasicStmnt>
                                            <BasicStmnt CovItemId="S25" CovItemPrefix="org.jfree.data.test.DataUtilitesTest.java" Intrnl_Id="51">
                                                <LocList>
                                                    <Loc EndOffset="2305" SrcFileId="1" StartOffset="2284"/>
                                                </LocList>
                                            </BasicStmnt>
                                            <BasicStmnt CovItemId="S26" CovItemPrefix="org.jfree.data.test.DataUtilitesTest.java" Intrnl_Id="52">
                                                <LocList>
                                                    <Loc EndOffset="2347" SrcFileId="1" StartOffset="2320"/>
                                                </LocList>
                                            </BasicStmnt>
                                            <BasicStmnt CovItemId="S27" CovItemPrefix="org.jfree.data.test.DataUtilitesTest.java" Intrnl_Id="53">
                                                <LocList>
                                                    <Loc EndOffset="2383" SrcFileId="1" StartOffset="2362"/>
                                                </LocList>
                                            </BasicStmnt>
                                            <BasicStmnt CovItemId="S28" CovItemPrefix="org.jfree.data.test.DataUtilitesTest.java" Intrnl_Id="54">
                                                <LocList>
                                                    <Loc EndOffset="2425" SrcFileId="1" StartOffset="2398"/>
                                                </LocList>
                                            </BasicStmnt>
                                            <BasicStmnt CovItemId="S29" CovItemPrefix="org.jfree.data.test.DataUtilitesTest.java" Intrnl_Id="55">
                                                <LocList>
                                                    <Loc EndOffset="2461" SrcFileId="1" StartOffset="2440"/>
                                                </LocList>
                                            </BasicStmnt>
                                        </StmntSeq>
                                    </HierarchyLvl>
                                </HierarchyLvl>
                                <HierarchyLvl HierarchyLvlId="8" HierarchyLvlTypeId="5" Intrnl_Id="56" Name="calculateRowTotalForOneRow">
                                    <Header>
                                        <Loc EndOffset="2839" SrcFileId="1" StartOffset="2791"/>
                                    </Header>
                                    <LocList>
                                        <Loc EndOffset="3472" SrcFileId="1" StartOffset="2791"/>
                                    </LocList>
                                    <StmntSeq Intrnl_Id="57">
                                        <LocList>
                                            <Loc EndOffset="2879" SrcFileId="1" StartOffset="2855"/>
                                            <Loc EndOffset="3289" SrcFileId="1" StartOffset="3287"/>
                                            <Loc EndOffset="3379" SrcFileId="1" StartOffset="3321"/>
                                            <Loc EndOffset="3423" SrcFileId="1" StartOffset="3386"/>
                                        </LocList>
                                        <BasicStmnt CovItemId="S32" CovItemPrefix="org.jfree.data.test.DataUtilitesTest.java" Intrnl_Id="58">
                                            <LocList>
                                                <Loc EndOffset="2879" SrcFileId="1" StartOffset="2855"/>
                                                <Loc EndOffset="3289" SrcFileId="1" StartOffset="3287"/>
                                            </LocList>
                                        </BasicStmnt>
                                        <BasicStmnt CovItemId="S41" CovItemPrefix="org.jfree.data.test.DataUtilitesTest.java" Intrnl_Id="59">
                                            <LocList>
                                                <Loc EndOffset="3379" SrcFileId="1" StartOffset="3321"/>
                                            </LocList>
                                        </BasicStmnt>
                                        <BasicStmnt CovItemId="S42" CovItemPrefix="org.jfree.data.test.DataUtilitesTest.java" Intrnl_Id="60">
                                            <LocList>
                                                <Loc EndOffset="3423" SrcFileId="1" StartOffset="3386"/>
                                            </LocList>
                                        </BasicStmnt>
                                    </StmntSeq>
                                    <HierarchyLvl HierarchyLvlId="7" HierarchyLvlTypeId="4" Intrnl_Id="61" Name="Expectations">
                                        <Header>
                                            <Loc EndOffset="2897" SrcFileId="1" StartOffset="2883"/>
                                        </Header>
                                        <LocList>
                                            <Loc EndOffset="3287" SrcFileId="1" StartOffset="2879"/>
                                        </LocList>
                                        <StmntSeq Intrnl_Id="62">
                                            <LocList>
                                                <Loc EndOffset="2967" SrcFileId="1" StartOffset="2938"/>
                                                <Loc EndOffset="3003" SrcFileId="1" StartOffset="2982"/>
                                                <Loc EndOffset="3060" SrcFileId="1" StartOffset="3033"/>
                                                <Loc EndOffset="3096" SrcFileId="1" StartOffset="3075"/>
                                                <Loc EndOffset="3138" SrcFileId="1" StartOffset="3111"/>
                                                <Loc EndOffset="3174" SrcFileId="1" StartOffset="3153"/>
                                                <Loc EndOffset="3216" SrcFileId="1" StartOffset="3189"/>
                                                <Loc EndOffset="3252" SrcFileId="1" StartOffset="3231"/>
                                            </LocList>
                                            <BasicStmnt CovItemId="S33" CovItemPrefix="org.jfree.data.test.DataUtilitesTest.java" Intrnl_Id="63">
                                                <LocList>
                                                    <Loc EndOffset="2967" SrcFileId="1" StartOffset="2938"/>
                                                </LocList>
                                            </BasicStmnt>
                                            <BasicStmnt CovItemId="S34" CovItemPrefix="org.jfree.data.test.DataUtilitesTest.java" Intrnl_Id="64">
                                                <LocList>
                                                    <Loc EndOffset="3003" SrcFileId="1" StartOffset="2982"/>
                                                </LocList>
                                            </BasicStmnt>
                                            <BasicStmnt CovItemId="S35" CovItemPrefix="org.jfree.data.test.DataUtilitesTest.java" Intrnl_Id="65">
                                                <LocList>
                                                    <Loc EndOffset="3060" SrcFileId="1" StartOffset="3033"/>
                                                </LocList>
                                            </BasicStmnt>
                                            <BasicStmnt CovItemId="S36" CovItemPrefix="org.jfree.data.test.DataUtilitesTest.java" Intrnl_Id="66">
                                                <LocList>
                                                    <Loc EndOffset="3096" SrcFileId="1" StartOffset="3075"/>
                                                </LocList>
                                            </BasicStmnt>
                                            <BasicStmnt CovItemId="S37" CovItemPrefix="org.jfree.data.test.DataUtilitesTest.java" Intrnl_Id="67">
                                                <LocList>
                                                    <Loc EndOffset="3138" SrcFileId="1" StartOffset="3111"/>
                                                </LocList>
                                            </BasicStmnt>
                                            <BasicStmnt CovItemId="S38" CovItemPrefix="org.jfree.data.test.DataUtilitesTest.java" Intrnl_Id="68">
                                                <LocList>
                                                    <Loc EndOffset="3174" SrcFileId="1" StartOffset="3153"/>
                                                </LocList>
                                            </BasicStmnt>
                                            <BasicStmnt CovItemId="S39" CovItemPrefix="org.jfree.data.test.DataUtilitesTest.java" Intrnl_Id="69">
                                                <LocList>
                                                    <Loc EndOffset="3216" SrcFileId="1" StartOffset="3189"/>
                                                </LocList>
                                            </BasicStmnt>
                                            <BasicStmnt CovItemId="S40" CovItemPrefix="org.jfree.data.test.DataUtilitesTest.java" Intrnl_Id="70">
                                                <LocList>
                                                    <Loc EndOffset="3252" SrcFileId="1" StartOffset="3231"/>
                                                </LocList>
                                            </BasicStmnt>
                                        </StmntSeq>
                                    </HierarchyLvl>
                                </HierarchyLvl>
                                <HierarchyLvl HierarchyLvlId="10" HierarchyLvlTypeId="5" Intrnl_Id="71" Name="calculateRowTotalForMutipleRows">
                                    <Header>
                                        <Loc EndOffset="3582" SrcFileId="1" StartOffset="3529"/>
                                    </Header>
                                    <LocList>
                                        <Loc EndOffset="4234" SrcFileId="1" StartOffset="3529"/>
                                    </LocList>
                                    <StmntSeq Intrnl_Id="72">
                                        <LocList>
                                            <Loc EndOffset="3622" SrcFileId="1" StartOffset="3598"/>
                                            <Loc EndOffset="4037" SrcFileId="1" StartOffset="4035"/>
                                            <Loc EndOffset="4127" SrcFileId="1" StartOffset="4069"/>
                                            <Loc EndOffset="4185" SrcFileId="1" StartOffset="4150"/>
                                        </LocList>
                                        <BasicStmnt CovItemId="S43" CovItemPrefix="org.jfree.data.test.DataUtilitesTest.java" Intrnl_Id="73">
                                            <LocList>
                                                <Loc EndOffset="3622" SrcFileId="1" StartOffset="3598"/>
                                                <Loc EndOffset="4037" SrcFileId="1" StartOffset="4035"/>
                                            </LocList>
                                        </BasicStmnt>
                                        <BasicStmnt CovItemId="S52" CovItemPrefix="org.jfree.data.test.DataUtilitesTest.java" Intrnl_Id="74">
                                            <LocList>
                                                <Loc EndOffset="4127" SrcFileId="1" StartOffset="4069"/>
                                            </LocList>
                                        </BasicStmnt>
                                        <BasicStmnt CovItemId="S53" CovItemPrefix="org.jfree.data.test.DataUtilitesTest.java" Intrnl_Id="75">
                                            <LocList>
                                                <Loc EndOffset="4185" SrcFileId="1" StartOffset="4150"/>
                                            </LocList>
                                        </BasicStmnt>
                                    </StmntSeq>
                                    <HierarchyLvl HierarchyLvlId="9" HierarchyLvlTypeId="4" Intrnl_Id="76" Name="Expectations">
                                        <Header>
                                            <Loc EndOffset="3640" SrcFileId="1" StartOffset="3626"/>
                                        </Header>
                                        <LocList>
                                            <Loc EndOffset="4035" SrcFileId="1" StartOffset="3622"/>
                                        </LocList>
                                        <StmntSeq Intrnl_Id="77">
                                            <LocList>
                                                <Loc EndOffset="3710" SrcFileId="1" StartOffset="3681"/>
                                                <Loc EndOffset="3746" SrcFileId="1" StartOffset="3725"/>
                                                <Loc EndOffset="3808" SrcFileId="1" StartOffset="3781"/>
                                                <Loc EndOffset="3844" SrcFileId="1" StartOffset="3823"/>
                                                <Loc EndOffset="3886" SrcFileId="1" StartOffset="3859"/>
                                                <Loc EndOffset="3922" SrcFileId="1" StartOffset="3901"/>
                                                <Loc EndOffset="3964" SrcFileId="1" StartOffset="3937"/>
                                                <Loc EndOffset="4000" SrcFileId="1" StartOffset="3979"/>
                                            </LocList>
                                            <BasicStmnt CovItemId="S44" CovItemPrefix="org.jfree.data.test.DataUtilitesTest.java" Intrnl_Id="78">
                                                <LocList>
                                                    <Loc EndOffset="3710" SrcFileId="1" StartOffset="3681"/>
                                                </LocList>
                                            </BasicStmnt>
                                            <BasicStmnt CovItemId="S45" CovItemPrefix="org.jfree.data.test.DataUtilitesTest.java" Intrnl_Id="79">
                                                <LocList>
                                                    <Loc EndOffset="3746" SrcFileId="1" StartOffset="3725"/>
                                                </LocList>
                                            </BasicStmnt>
                                            <BasicStmnt CovItemId="S46" CovItemPrefix="org.jfree.data.test.DataUtilitesTest.java" Intrnl_Id="80">
                                                <LocList>
                                                    <Loc EndOffset="3808" SrcFileId="1" StartOffset="3781"/>
                                                </LocList>
                                            </BasicStmnt>
                                            <BasicStmnt CovItemId="S47" CovItemPrefix="org.jfree.data.test.DataUtilitesTest.java" Intrnl_Id="81">
                                                <LocList>
                                                    <Loc EndOffset="3844" SrcFileId="1" StartOffset="3823"/>
                                                </LocList>
                                            </BasicStmnt>
                                            <BasicStmnt CovItemId="S48" CovItemPrefix="org.jfree.data.test.DataUtilitesTest.java" Intrnl_Id="82">
                                                <LocList>
                                                    <Loc EndOffset="3886" SrcFileId="1" StartOffset="3859"/>
                                                </LocList>
                                            </BasicStmnt>
                                            <BasicStmnt CovItemId="S49" CovItemPrefix="org.jfree.data.test.DataUtilitesTest.java" Intrnl_Id="83">
                                                <LocList>
                                                    <Loc EndOffset="3922" SrcFileId="1" StartOffset="3901"/>
                                                </LocList>
                                            </BasicStmnt>
                                            <BasicStmnt CovItemId="S50" CovItemPrefix="org.jfree.data.test.DataUtilitesTest.java" Intrnl_Id="84">
                                                <LocList>
                                                    <Loc EndOffset="3964" SrcFileId="1" StartOffset="3937"/>
                                                </LocList>
                                            </BasicStmnt>
                                            <BasicStmnt CovItemId="S51" CovItemPrefix="org.jfree.data.test.DataUtilitesTest.java" Intrnl_Id="85">
                                                <LocList>
                                                    <Loc EndOffset="4000" SrcFileId="1" StartOffset="3979"/>
                                                </LocList>
                                            </BasicStmnt>
                                        </StmntSeq>
                                    </HierarchyLvl>
                                </HierarchyLvl>
                                <HierarchyLvl HierarchyLvlId="12" HierarchyLvlTypeId="5" Intrnl_Id="86" Name="NegativeRow">
                                    <Header>
                                        <Loc EndOffset="4348" SrcFileId="1" StartOffset="4315"/>
                                    </Header>
                                    <LocList>
                                        <Loc EndOffset="4816" SrcFileId="1" StartOffset="4315"/>
                                    </LocList>
                                    <StmntSeq Intrnl_Id="87">
                                        <LocList>
                                            <Loc EndOffset="4384" SrcFileId="1" StartOffset="4360"/>
                                            <Loc EndOffset="4667" SrcFileId="1" StartOffset="4665"/>
                                            <Loc EndOffset="4753" SrcFileId="1" StartOffset="4694"/>
                                            <Loc EndOffset="4812" SrcFileId="1" StartOffset="4773"/>
                                        </LocList>
                                        <BasicStmnt CovItemId="S54" CovItemPrefix="org.jfree.data.test.DataUtilitesTest.java" Intrnl_Id="88">
                                            <LocList>
                                                <Loc EndOffset="4384" SrcFileId="1" StartOffset="4360"/>
                                                <Loc EndOffset="4667" SrcFileId="1" StartOffset="4665"/>
                                            </LocList>
                                        </BasicStmnt>
                                        <BasicStmnt CovItemId="S61" CovItemPrefix="org.jfree.data.test.DataUtilitesTest.java" Intrnl_Id="89">
                                            <LocList>
                                                <Loc EndOffset="4753" SrcFileId="1" StartOffset="4694"/>
                                            </LocList>
                                        </BasicStmnt>
                                        <BasicStmnt CovItemId="S62" CovItemPrefix="org.jfree.data.test.DataUtilitesTest.java" Intrnl_Id="90">
                                            <LocList>
                                                <Loc EndOffset="4812" SrcFileId="1" StartOffset="4773"/>
                                            </LocList>
                                        </BasicStmnt>
                                    </StmntSeq>
                                    <HierarchyLvl HierarchyLvlId="11" HierarchyLvlTypeId="4" Intrnl_Id="91" Name="Expectations">
                                        <Header>
                                            <Loc EndOffset="4402" SrcFileId="1" StartOffset="4388"/>
                                        </Header>
                                        <LocList>
                                            <Loc EndOffset="4665" SrcFileId="1" StartOffset="4384"/>
                                        </LocList>
                                        <StmntSeq Intrnl_Id="92">
                                            <LocList>
                                                <Loc EndOffset="4450" SrcFileId="1" StartOffset="4421"/>
                                                <Loc EndOffset="4480" SrcFileId="1" StartOffset="4459"/>
                                                <Loc EndOffset="4524" SrcFileId="1" StartOffset="4496"/>
                                                <Loc EndOffset="4556" SrcFileId="1" StartOffset="4532"/>
                                                <Loc EndOffset="4600" SrcFileId="1" StartOffset="4572"/>
                                                <Loc EndOffset="4633" SrcFileId="1" StartOffset="4609"/>
                                            </LocList>
                                            <BasicStmnt CovItemId="S55" CovItemPrefix="org.jfree.data.test.DataUtilitesTest.java" Intrnl_Id="93">
                                                <LocList>
                                                    <Loc EndOffset="4450" SrcFileId="1" StartOffset="4421"/>
                                                </LocList>
                                            </BasicStmnt>
                                            <BasicStmnt CovItemId="S56" CovItemPrefix="org.jfree.data.test.DataUtilitesTest.java" Intrnl_Id="94">
                                                <LocList>
                                                    <Loc EndOffset="4480" SrcFileId="1" StartOffset="4459"/>
                                                </LocList>
                                            </BasicStmnt>
                                            <BasicStmnt CovItemId="S57" CovItemPrefix="org.jfree.data.test.DataUtilitesTest.java" Intrnl_Id="95">
                                                <LocList>
                                                    <Loc EndOffset="4524" SrcFileId="1" StartOffset="4496"/>
                                                </LocList>
                                            </BasicStmnt>
                                            <BasicStmnt CovItemId="S58" CovItemPrefix="org.jfree.data.test.DataUtilitesTest.java" Intrnl_Id="96">
                                                <LocList>
                                                    <Loc EndOffset="4556" SrcFileId="1" StartOffset="4532"/>
                                                </LocList>
                                            </BasicStmnt>
                                            <BasicStmnt CovItemId="S59" CovItemPrefix="org.jfree.data.test.DataUtilitesTest.java" Intrnl_Id="97">
                                                <LocList>
                                                    <Loc EndOffset="4600" SrcFileId="1" StartOffset="4572"/>
                                                </LocList>
                                            </BasicStmnt>
                                            <BasicStmnt CovItemId="S60" CovItemPrefix="org.jfree.data.test.DataUtilitesTest.java" Intrnl_Id="98">
                                                <LocList>
                                                    <Loc EndOffset="4633" SrcFileId="1" StartOffset="4609"/>
                                                </LocList>
                                            </BasicStmnt>
                                        </StmntSeq>
                                    </HierarchyLvl>
                                </HierarchyLvl>
                                <HierarchyLvl HierarchyLvlId="13" HierarchyLvlTypeId="5" Intrnl_Id="99" Name="createNumberArrayFourDoubleElements">
                                    <Header>
                                        <Loc EndOffset="4983" SrcFileId="1" StartOffset="4925"/>
                                    </Header>
                                    <LocList>
                                        <Loc EndOffset="5426" SrcFileId="1" StartOffset="4925"/>
                                    </LocList>
                                    <StmntSeq Intrnl_Id="100">
                                        <LocList>
                                            <Loc EndOffset="5043" SrcFileId="1" StartOffset="4989"/>
                                            <Loc EndOffset="5133" SrcFileId="1" StartOffset="5047"/>
                                            <Loc EndOffset="5207" SrcFileId="1" StartOffset="5137"/>
                                            <Loc EndOffset="5281" SrcFileId="1" StartOffset="5212"/>
                                            <Loc EndOffset="5353" SrcFileId="1" StartOffset="5284"/>
                                            <Loc EndOffset="5425" SrcFileId="1" StartOffset="5356"/>
                                        </LocList>
                                        <BasicStmnt CovItemId="S63" CovItemPrefix="org.jfree.data.test.DataUtilitesTest.java" Intrnl_Id="101">
                                            <LocList>
                                                <Loc EndOffset="5043" SrcFileId="1" StartOffset="4989"/>
                                            </LocList>
                                        </BasicStmnt>
                                        <BasicStmnt CovItemId="S64" CovItemPrefix="org.jfree.data.test.DataUtilitesTest.java" Intrnl_Id="102">
                                            <LocList>
                                                <Loc EndOffset="5133" SrcFileId="1" StartOffset="5047"/>
                                            </LocList>
                                        </BasicStmnt>
                                        <BasicStmnt CovItemId="S65" CovItemPrefix="org.jfree.data.test.DataUtilitesTest.java" Intrnl_Id="103">
                                            <LocList>
                                                <Loc EndOffset="5207" SrcFileId="1" StartOffset="5137"/>
                                            </LocList>
                                        </BasicStmnt>
                                        <BasicStmnt CovItemId="S66" CovItemPrefix="org.jfree.data.test.DataUtilitesTest.java" Intrnl_Id="104">
                                            <LocList>
                                                <Loc EndOffset="5281" SrcFileId="1" StartOffset="5212"/>
                                            </LocList>
                                        </BasicStmnt>
                                        <BasicStmnt CovItemId="S67" CovItemPrefix="org.jfree.data.test.DataUtilitesTest.java" Intrnl_Id="105">
                                            <LocList>
                                                <Loc EndOffset="5353" SrcFileId="1" StartOffset="5284"/>
                                            </LocList>
                                        </BasicStmnt>
                                        <BasicStmnt CovItemId="S68" CovItemPrefix="org.jfree.data.test.DataUtilitesTest.java" Intrnl_Id="106">
                                            <LocList>
                                                <Loc EndOffset="5425" SrcFileId="1" StartOffset="5356"/>
                                            </LocList>
                                        </BasicStmnt>
                                    </StmntSeq>
                                </HierarchyLvl>
                                <HierarchyLvl HierarchyLvlId="14" HierarchyLvlTypeId="5" Intrnl_Id="107" Name="createNumberArrayThreeDoubleElements">
                                    <Header>
                                        <Loc EndOffset="5561" SrcFileId="1" StartOffset="5502"/>
                                    </Header>
                                    <LocList>
                                        <Loc EndOffset="5932" SrcFileId="1" StartOffset="5502"/>
                                    </LocList>
                                    <StmntSeq Intrnl_Id="108">
                                        <LocList>
                                            <Loc EndOffset="5621" SrcFileId="1" StartOffset="5567"/>
                                            <Loc EndOffset="5711" SrcFileId="1" StartOffset="5625"/>
                                            <Loc EndOffset="5785" SrcFileId="1" StartOffset="5715"/>
                                            <Loc EndOffset="5859" SrcFileId="1" StartOffset="5790"/>
                                            <Loc EndOffset="5931" SrcFileId="1" StartOffset="5862"/>
                                        </LocList>
                                        <BasicStmnt CovItemId="S69" CovItemPrefix="org.jfree.data.test.DataUtilitesTest.java" Intrnl_Id="109">
                                            <LocList>
                                                <Loc EndOffset="5621" SrcFileId="1" StartOffset="5567"/>
                                            </LocList>
                                        </BasicStmnt>
                                        <BasicStmnt CovItemId="S70" CovItemPrefix="org.jfree.data.test.DataUtilitesTest.java" Intrnl_Id="110">
                                            <LocList>
                                                <Loc EndOffset="5711" SrcFileId="1" StartOffset="5625"/>
                                            </LocList>
                                        </BasicStmnt>
                                        <BasicStmnt CovItemId="S71" CovItemPrefix="org.jfree.data.test.DataUtilitesTest.java" Intrnl_Id="111">
                                            <LocList>
                                                <Loc EndOffset="5785" SrcFileId="1" StartOffset="5715"/>
                                            </LocList>
                                        </BasicStmnt>
                                        <BasicStmnt CovItemId="S72" CovItemPrefix="org.jfree.data.test.DataUtilitesTest.java" Intrnl_Id="112">
                                            <LocList>
                                                <Loc EndOffset="5859" SrcFileId="1" StartOffset="5790"/>
                                            </LocList>
                                        </BasicStmnt>
                                        <BasicStmnt CovItemId="S73" CovItemPrefix="org.jfree.data.test.DataUtilitesTest.java" Intrnl_Id="113">
                                            <LocList>
                                                <Loc EndOffset="5931" SrcFileId="1" StartOffset="5862"/>
                                            </LocList>
                                        </BasicStmnt>
                                    </StmntSeq>
                                </HierarchyLvl>
                                <HierarchyLvl HierarchyLvlId="15" HierarchyLvlTypeId="5" Intrnl_Id="114" Name="createNumberArraySizeTest">
                                    <Header>
                                        <Loc EndOffset="6037" SrcFileId="1" StartOffset="5990"/>
                                    </Header>
                                    <LocList>
                                        <Loc EndOffset="6281" SrcFileId="1" StartOffset="5990"/>
                                    </LocList>
                                    <StmntSeq Intrnl_Id="115">
                                        <LocList>
                                            <Loc EndOffset="6098" SrcFileId="1" StartOffset="6043"/>
                                            <Loc EndOffset="6189" SrcFileId="1" StartOffset="6102"/>
                                            <Loc EndOffset="6275" SrcFileId="1" StartOffset="6193"/>
                                        </LocList>
                                        <BasicStmnt CovItemId="S74" CovItemPrefix="org.jfree.data.test.DataUtilitesTest.java" Intrnl_Id="116">
                                            <LocList>
                                                <Loc EndOffset="6098" SrcFileId="1" StartOffset="6043"/>
                                            </LocList>
                                        </BasicStmnt>
                                        <BasicStmnt CovItemId="S75" CovItemPrefix="org.jfree.data.test.DataUtilitesTest.java" Intrnl_Id="117">
                                            <LocList>
                                                <Loc EndOffset="6189" SrcFileId="1" StartOffset="6102"/>
                                            </LocList>
                                        </BasicStmnt>
                                        <BasicStmnt CovItemId="S76" CovItemPrefix="org.jfree.data.test.DataUtilitesTest.java" Intrnl_Id="118">
                                            <LocList>
                                                <Loc EndOffset="6275" SrcFileId="1" StartOffset="6193"/>
                                            </LocList>
                                        </BasicStmnt>
                                    </StmntSeq>
                                </HierarchyLvl>
                                <HierarchyLvl HierarchyLvlId="16" HierarchyLvlTypeId="5" Intrnl_Id="119" Name="createNumberArrayNullArgument">
                                    <Header>
                                        <Loc EndOffset="6482" SrcFileId="1" StartOffset="6370"/>
                                    </Header>
                                    <LocList>
                                        <Loc EndOffset="6531" SrcFileId="1" StartOffset="6370"/>
                                    </LocList>
                                    <StmntSeq Intrnl_Id="120">
                                        <LocList>
                                            <Loc EndOffset="6526" SrcFileId="1" StartOffset="6488"/>
                                        </LocList>
                                        <BasicStmnt CovItemId="S77" CovItemPrefix="org.jfree.data.test.DataUtilitesTest.java" Intrnl_Id="121">
                                            <LocList>
                                                <Loc EndOffset="6526" SrcFileId="1" StartOffset="6488"/>
                                            </LocList>
                                        </BasicStmnt>
                                    </StmntSeq>
                                </HierarchyLvl>
                                <HierarchyLvl HierarchyLvlId="17" HierarchyLvlTypeId="5" Intrnl_Id="122" Name="create2DNumberArrayThreeDoubleElements">
                                    <Header>
                                        <Loc EndOffset="6699" SrcFileId="1" StartOffset="6639"/>
                                    </Header>
                                    <LocList>
                                        <Loc EndOffset="7208" SrcFileId="1" StartOffset="6639"/>
                                    </LocList>
                                    <StmntSeq Intrnl_Id="123">
                                        <LocList>
                                            <Loc EndOffset="6772" SrcFileId="1" StartOffset="6705"/>
                                            <Loc EndOffset="6877" SrcFileId="1" StartOffset="6776"/>
                                            <Loc EndOffset="6957" SrcFileId="1" StartOffset="6881"/>
                                            <Loc EndOffset="7038" SrcFileId="1" StartOffset="6963"/>
                                            <Loc EndOffset="7117" SrcFileId="1" StartOffset="7042"/>
                                            <Loc EndOffset="7199" SrcFileId="1" StartOffset="7125"/>
                                        </LocList>
                                        <BasicStmnt CovItemId="S78" CovItemPrefix="org.jfree.data.test.DataUtilitesTest.java" Intrnl_Id="124">
                                            <LocList>
                                                <Loc EndOffset="6772" SrcFileId="1" StartOffset="6705"/>
                                            </LocList>
                                        </BasicStmnt>
                                        <BasicStmnt CovItemId="S79" CovItemPrefix="org.jfree.data.test.DataUtilitesTest.java" Intrnl_Id="125">
                                            <LocList>
                                                <Loc EndOffset="6877" SrcFileId="1" StartOffset="6776"/>
                                            </LocList>
                                        </BasicStmnt>
                                        <BasicStmnt CovItemId="S80" CovItemPrefix="org.jfree.data.test.DataUtilitesTest.java" Intrnl_Id="126">
                                            <LocList>
                                                <Loc EndOffset="6957" SrcFileId="1" StartOffset="6881"/>
                                            </LocList>
                                        </BasicStmnt>
                                        <BasicStmnt CovItemId="S81" CovItemPrefix="org.jfree.data.test.DataUtilitesTest.java" Intrnl_Id="127">
                                            <LocList>
                                                <Loc EndOffset="7038" SrcFileId="1" StartOffset="6963"/>
                                            </LocList>
                                        </BasicStmnt>
                                        <BasicStmnt CovItemId="S82" CovItemPrefix="org.jfree.data.test.DataUtilitesTest.java" Intrnl_Id="128">
                                            <LocList>
                                                <Loc EndOffset="7117" SrcFileId="1" StartOffset="7042"/>
                                            </LocList>
                                        </BasicStmnt>
                                        <BasicStmnt CovItemId="S83" CovItemPrefix="org.jfree.data.test.DataUtilitesTest.java" Intrnl_Id="129">
                                            <LocList>
                                                <Loc EndOffset="7199" SrcFileId="1" StartOffset="7125"/>
                                            </LocList>
                                        </BasicStmnt>
                                    </StmntSeq>
                                </HierarchyLvl>
                                <HierarchyLvl HierarchyLvlId="18" HierarchyLvlTypeId="5" Intrnl_Id="130" Name="create2DNumberArrayTwoDoubleElements">
                                    <Header>
                                        <Loc EndOffset="7342" SrcFileId="1" StartOffset="7284"/>
                                    </Header>
                                    <LocList>
                                        <Loc EndOffset="7855" SrcFileId="1" StartOffset="7284"/>
                                    </LocList>
                                    <StmntSeq Intrnl_Id="131">
                                        <LocList>
                                            <Loc EndOffset="7415" SrcFileId="1" StartOffset="7348"/>
                                            <Loc EndOffset="7520" SrcFileId="1" StartOffset="7419"/>
                                            <Loc EndOffset="7600" SrcFileId="1" StartOffset="7524"/>
                                            <Loc EndOffset="7681" SrcFileId="1" StartOffset="7606"/>
                                            <Loc EndOffset="7761" SrcFileId="1" StartOffset="7685"/>
                                            <Loc EndOffset="7842" SrcFileId="1" StartOffset="7767"/>
                                        </LocList>
                                        <BasicStmnt CovItemId="S84" CovItemPrefix="org.jfree.data.test.DataUtilitesTest.java" Intrnl_Id="132">
                                            <LocList>
                                                <Loc EndOffset="7415" SrcFileId="1" StartOffset="7348"/>
                                            </LocList>
                                        </BasicStmnt>
                                        <BasicStmnt CovItemId="S85" CovItemPrefix="org.jfree.data.test.DataUtilitesTest.java" Intrnl_Id="133">
                                            <LocList>
                                                <Loc EndOffset="7520" SrcFileId="1" StartOffset="7419"/>
                                            </LocList>
                                        </BasicStmnt>
                                        <BasicStmnt CovItemId="S86" CovItemPrefix="org.jfree.data.test.DataUtilitesTest.java" Intrnl_Id="134">
                                            <LocList>
                                                <Loc EndOffset="7600" SrcFileId="1" StartOffset="7524"/>
                                            </LocList>
                                        </BasicStmnt>
                                        <BasicStmnt CovItemId="S87" CovItemPrefix="org.jfree.data.test.DataUtilitesTest.java" Intrnl_Id="135">
                                            <LocList>
                                                <Loc EndOffset="7681" SrcFileId="1" StartOffset="7606"/>
                                            </LocList>
                                        </BasicStmnt>
                                        <BasicStmnt CovItemId="S88" CovItemPrefix="org.jfree.data.test.DataUtilitesTest.java" Intrnl_Id="136">
                                            <LocList>
                                                <Loc EndOffset="7761" SrcFileId="1" StartOffset="7685"/>
                                            </LocList>
                                        </BasicStmnt>
                                        <BasicStmnt CovItemId="S89" CovItemPrefix="org.jfree.data.test.DataUtilitesTest.java" Intrnl_Id="137">
                                            <LocList>
                                                <Loc EndOffset="7842" SrcFileId="1" StartOffset="7767"/>
                                            </LocList>
                                        </BasicStmnt>
                                    </StmntSeq>
                                </HierarchyLvl>
                                <HierarchyLvl HierarchyLvlId="19" HierarchyLvlTypeId="5" Intrnl_Id="138" Name="create2DNumberArraySizeTest">
                                    <Header>
                                        <Loc EndOffset="7962" SrcFileId="1" StartOffset="7913"/>
                                    </Header>
                                    <LocList>
                                        <Loc EndOffset="8230" SrcFileId="1" StartOffset="7913"/>
                                    </LocList>
                                    <StmntSeq Intrnl_Id="139">
                                        <LocList>
                                            <Loc EndOffset="8035" SrcFileId="1" StartOffset="7968"/>
                                            <Loc EndOffset="8140" SrcFileId="1" StartOffset="8039"/>
                                            <Loc EndOffset="8224" SrcFileId="1" StartOffset="8144"/>
                                        </LocList>
                                        <BasicStmnt CovItemId="S90" CovItemPrefix="org.jfree.data.test.DataUtilitesTest.java" Intrnl_Id="140">
                                            <LocList>
                                                <Loc EndOffset="8035" SrcFileId="1" StartOffset="7968"/>
                                            </LocList>
                                        </BasicStmnt>
                                        <BasicStmnt CovItemId="S91" CovItemPrefix="org.jfree.data.test.DataUtilitesTest.java" Intrnl_Id="141">
                                            <LocList>
                                                <Loc EndOffset="8140" SrcFileId="1" StartOffset="8039"/>
                                            </LocList>
                                        </BasicStmnt>
                                        <BasicStmnt CovItemId="S92" CovItemPrefix="org.jfree.data.test.DataUtilitesTest.java" Intrnl_Id="142">
                                            <LocList>
                                                <Loc EndOffset="8224" SrcFileId="1" StartOffset="8144"/>
                                            </LocList>
                                        </BasicStmnt>
                                    </StmntSeq>
                                </HierarchyLvl>
                                <HierarchyLvl HierarchyLvlId="20" HierarchyLvlTypeId="5" Intrnl_Id="143" Name="create2DNumberArrayNullArgument">
                                    <Header>
                                        <Loc EndOffset="8434" SrcFileId="1" StartOffset="8320"/>
                                    </Header>
                                    <LocList>
                                        <Loc EndOffset="8485" SrcFileId="1" StartOffset="8320"/>
                                    </LocList>
                                    <StmntSeq Intrnl_Id="144">
                                        <LocList>
                                            <Loc EndOffset="8480" SrcFileId="1" StartOffset="8440"/>
                                        </LocList>
                                        <BasicStmnt CovItemId="S93" CovItemPrefix="org.jfree.data.test.DataUtilitesTest.java" Intrnl_Id="145">
                                            <LocList>
                                                <Loc EndOffset="8480" SrcFileId="1" StartOffset="8440"/>
                                            </LocList>
                                        </BasicStmnt>
                                    </StmntSeq>
                                </HierarchyLvl>
                                <HierarchyLvl HierarchyLvlId="22" HierarchyLvlTypeId="5" Intrnl_Id="146" Name="testingAllElements">
                                    <Header>
                                        <Loc EndOffset="8611" SrcFileId="1" StartOffset="8570"/>
                                    </Header>
                                    <LocList>
                                        <Loc EndOffset="9576" SrcFileId="1" StartOffset="8570"/>
                                    </LocList>
                                    <StmntSeq Intrnl_Id="147">
                                        <LocList>
                                            <Loc EndOffset="8655" SrcFileId="1" StartOffset="8616"/>
                                            <Loc EndOffset="8728" SrcFileId="1" StartOffset="8659"/>
                                            <Loc EndOffset="8757" SrcFileId="1" StartOffset="8733"/>
                                            <Loc EndOffset="9345" SrcFileId="1" StartOffset="9343"/>
                                            <Loc EndOffset="9426" SrcFileId="1" StartOffset="9355"/>
                                            <Loc EndOffset="9501" SrcFileId="1" StartOffset="9436"/>
                                            <Loc EndOffset="9571" SrcFileId="1" StartOffset="9506"/>
                                        </LocList>
                                        <BasicStmnt CovItemId="S94" CovItemPrefix="org.jfree.data.test.DataUtilitesTest.java" Intrnl_Id="148">
                                            <LocList>
                                                <Loc EndOffset="8655" SrcFileId="1" StartOffset="8616"/>
                                            </LocList>
                                        </BasicStmnt>
                                        <BasicStmnt CovItemId="S95" CovItemPrefix="org.jfree.data.test.DataUtilitesTest.java" Intrnl_Id="149">
                                            <LocList>
                                                <Loc EndOffset="8728" SrcFileId="1" StartOffset="8659"/>
                                            </LocList>
                                        </BasicStmnt>
                                        <BasicStmnt CovItemId="S96" CovItemPrefix="org.jfree.data.test.DataUtilitesTest.java" Intrnl_Id="150">
                                            <LocList>
                                                <Loc EndOffset="8757" SrcFileId="1" StartOffset="8733"/>
                                                <Loc EndOffset="9345" SrcFileId="1" StartOffset="9343"/>
                                            </LocList>
                                        </BasicStmnt>
                                        <BasicStmnt CovItemId="S111" CovItemPrefix="org.jfree.data.test.DataUtilitesTest.java" Intrnl_Id="151">
                                            <LocList>
                                                <Loc EndOffset="9426" SrcFileId="1" StartOffset="9355"/>
                                            </LocList>
                                        </BasicStmnt>
                                        <BasicStmnt CovItemId="S112" CovItemPrefix="org.jfree.data.test.DataUtilitesTest.java" Intrnl_Id="152">
                                            <LocList>
                                                <Loc EndOffset="9501" SrcFileId="1" StartOffset="9436"/>
                                            </LocList>
                                        </BasicStmnt>
                                        <BasicStmnt CovItemId="S113" CovItemPrefix="org.jfree.data.test.DataUtilitesTest.java" Intrnl_Id="153">
                                            <LocList>
                                                <Loc EndOffset="9571" SrcFileId="1" StartOffset="9506"/>
                                            </LocList>
                                        </BasicStmnt>
                                    </StmntSeq>
                                    <HierarchyLvl HierarchyLvlId="21" HierarchyLvlTypeId="4" Intrnl_Id="154" Name="Expectations">
                                        <Header>
                                            <Loc EndOffset="8775" SrcFileId="1" StartOffset="8761"/>
                                        </Header>
                                        <LocList>
                                            <Loc EndOffset="9343" SrcFileId="1" StartOffset="8757"/>
                                        </LocList>
                                        <StmntSeq Intrnl_Id="155">
                                            <LocList>
                                                <Loc EndOffset="8829" SrcFileId="1" StartOffset="8789"/>
                                                <Loc EndOffset="8856" SrcFileId="1" StartOffset="8835"/>
                                                <Loc EndOffset="8911" SrcFileId="1" StartOffset="8874"/>
                                                <Loc EndOffset="8938" SrcFileId="1" StartOffset="8917"/>
                                                <Loc EndOffset="8987" SrcFileId="1" StartOffset="8950"/>
                                                <Loc EndOffset="9014" SrcFileId="1" StartOffset="8993"/>
                                                <Loc EndOffset="9063" SrcFileId="1" StartOffset="9026"/>
                                                <Loc EndOffset="9090" SrcFileId="1" StartOffset="9069"/>
                                                <Loc EndOffset="9137" SrcFileId="1" StartOffset="9102"/>
                                                <Loc EndOffset="9169" SrcFileId="1" StartOffset="9143"/>
                                                <Loc EndOffset="9216" SrcFileId="1" StartOffset="9181"/>
                                                <Loc EndOffset="9248" SrcFileId="1" StartOffset="9222"/>
                                                <Loc EndOffset="9295" SrcFileId="1" StartOffset="9260"/>
                                                <Loc EndOffset="9327" SrcFileId="1" StartOffset="9301"/>
                                            </LocList>
                                            <BasicStmnt CovItemId="S97" CovItemPrefix="org.jfree.data.test.DataUtilitesTest.java" Intrnl_Id="156">
                                                <LocList>
                                                    <Loc EndOffset="8829" SrcFileId="1" StartOffset="8789"/>
                                                </LocList>
                                            </BasicStmnt>
                                            <BasicStmnt CovItemId="S98" CovItemPrefix="org.jfree.data.test.DataUtilitesTest.java" Intrnl_Id="157">
                                                <LocList>
                                                    <Loc EndOffset="8856" SrcFileId="1" StartOffset="8835"/>
                                                </LocList>
                                            </BasicStmnt>
                                            <BasicStmnt CovItemId="S99" CovItemPrefix="org.jfree.data.test.DataUtilitesTest.java" Intrnl_Id="158">
                                                <LocList>
                                                    <Loc EndOffset="8911" SrcFileId="1" StartOffset="8874"/>
                                                </LocList>
                                            </BasicStmnt>
                                            <BasicStmnt CovItemId="S100" CovItemPrefix="org.jfree.data.test.DataUtilitesTest.java" Intrnl_Id="159">
                                                <LocList>
                                                    <Loc EndOffset="8938" SrcFileId="1" StartOffset="8917"/>
                                                </LocList>
                                            </BasicStmnt>
                                            <BasicStmnt CovItemId="S101" CovItemPrefix="org.jfree.data.test.DataUtilitesTest.java" Intrnl_Id="160">
                                                <LocList>
                                                    <Loc EndOffset="8987" SrcFileId="1" StartOffset="8950"/>
                                                </LocList>
                                            </BasicStmnt>
                                            <BasicStmnt CovItemId="S102" CovItemPrefix="org.jfree.data.test.DataUtilitesTest.java" Intrnl_Id="161">
                                                <LocList>
                                                    <Loc EndOffset="9014" SrcFileId="1" StartOffset="8993"/>
                                                </LocList>
                                            </BasicStmnt>
                                            <BasicStmnt CovItemId="S103" CovItemPrefix="org.jfree.data.test.DataUtilitesTest.java" Intrnl_Id="162">
                                                <LocList>
                                                    <Loc EndOffset="9063" SrcFileId="1" StartOffset="9026"/>
                                                </LocList>
                                            </BasicStmnt>
                                            <BasicStmnt CovItemId="S104" CovItemPrefix="org.jfree.data.test.DataUtilitesTest.java" Intrnl_Id="163">
                                                <LocList>
                                                    <Loc EndOffset="9090" SrcFileId="1" StartOffset="9069"/>
                                                </LocList>
                                            </BasicStmnt>
                                            <BasicStmnt CovItemId="S105" CovItemPrefix="org.jfree.data.test.DataUtilitesTest.java" Intrnl_Id="164">
                                                <LocList>
                                                    <Loc EndOffset="9137" SrcFileId="1" StartOffset="9102"/>
                                                </LocList>
                                            </BasicStmnt>
                                            <BasicStmnt CovItemId="S106" CovItemPrefix="org.jfree.data.test.DataUtilitesTest.java" Intrnl_Id="165">
                                                <LocList>
                                                    <Loc EndOffset="9169" SrcFileId="1" StartOffset="9143"/>
                                                </LocList>
                                            </BasicStmnt>
                                            <BasicStmnt CovItemId="S107" CovItemPrefix="org.jfree.data.test.DataUtilitesTest.java" Intrnl_Id="166">
                                                <LocList>
                                                    <Loc EndOffset="9216" SrcFileId="1" StartOffset="9181"/>
                                                </LocList>
                                            </BasicStmnt>
                                            <BasicStmnt CovItemId="S108" CovItemPrefix="org.jfree.data.test.DataUtilitesTest.java" Intrnl_Id="167">
                                                <LocList>
                                                    <Loc EndOffset="9248" SrcFileId="1" StartOffset="9222"/>
                                                </LocList>
                                            </BasicStmnt>
                                            <BasicStmnt CovItemId="S109" CovItemPrefix="org.jfree.data.test.DataUtilitesTest.java" Intrnl_Id="168">
                                                <LocList>
                                                    <Loc EndOffset="9295" SrcFileId="1" StartOffset="9260"/>
                                                </LocList>
                                            </BasicStmnt>
                                            <BasicStmnt CovItemId="S110" CovItemPrefix="org.jfree.data.test.DataUtilitesTest.java" Intrnl_Id="169">
                                                <LocList>
                                                    <Loc EndOffset="9327" SrcFileId="1" StartOffset="9301"/>
                                                </LocList>
                                            </BasicStmnt>
                                        </StmntSeq>
                                    </HierarchyLvl>
                                </HierarchyLvl>
                                <HierarchyLvl HierarchyLvlId="24" HierarchyLvlTypeId="5" Intrnl_Id="170" Name="allZeroRows">
                                    <Header>
                                        <Loc EndOffset="9658" SrcFileId="1" StartOffset="9624"/>
                                    </Header>
                                    <LocList>
                                        <Loc EndOffset="10695" SrcFileId="1" StartOffset="9624"/>
                                    </LocList>
                                    <StmntSeq Intrnl_Id="171">
                                        <LocList>
                                            <Loc EndOffset="9703" SrcFileId="1" StartOffset="9664"/>
                                            <Loc EndOffset="9774" SrcFileId="1" StartOffset="9708"/>
                                            <Loc EndOffset="9803" SrcFileId="1" StartOffset="9779"/>
                                            <Loc EndOffset="10416" SrcFileId="1" StartOffset="10414"/>
                                            <Loc EndOffset="10494" SrcFileId="1" StartOffset="10426"/>
                                            <Loc EndOffset="10543" SrcFileId="1" StartOffset="10499"/>
                                            <Loc EndOffset="10592" SrcFileId="1" StartOffset="10548"/>
                                            <Loc EndOffset="10641" SrcFileId="1" StartOffset="10597"/>
                                            <Loc EndOffset="10690" SrcFileId="1" StartOffset="10646"/>
                                        </LocList>
                                        <BasicStmnt CovItemId="S114" CovItemPrefix="org.jfree.data.test.DataUtilitesTest.java" Intrnl_Id="172">
                                            <LocList>
                                                <Loc EndOffset="9703" SrcFileId="1" StartOffset="9664"/>
                                            </LocList>
                                        </BasicStmnt>
                                        <BasicStmnt CovItemId="S115" CovItemPrefix="org.jfree.data.test.DataUtilitesTest.java" Intrnl_Id="173">
                                            <LocList>
                                                <Loc EndOffset="9774" SrcFileId="1" StartOffset="9708"/>
                                            </LocList>
                                        </BasicStmnt>
                                        <BasicStmnt CovItemId="S116" CovItemPrefix="org.jfree.data.test.DataUtilitesTest.java" Intrnl_Id="174">
                                            <LocList>
                                                <Loc EndOffset="9803" SrcFileId="1" StartOffset="9779"/>
                                                <Loc EndOffset="10416" SrcFileId="1" StartOffset="10414"/>
                                            </LocList>
                                        </BasicStmnt>
                                        <BasicStmnt CovItemId="S135" CovItemPrefix="org.jfree.data.test.DataUtilitesTest.java" Intrnl_Id="175">
                                            <LocList>
                                                <Loc EndOffset="10494" SrcFileId="1" StartOffset="10426"/>
                                            </LocList>
                                        </BasicStmnt>
                                        <BasicStmnt CovItemId="S136" CovItemPrefix="org.jfree.data.test.DataUtilitesTest.java" Intrnl_Id="176">
                                            <LocList>
                                                <Loc EndOffset="10543" SrcFileId="1" StartOffset="10499"/>
                                            </LocList>
                                        </BasicStmnt>
                                        <BasicStmnt CovItemId="S137" CovItemPrefix="org.jfree.data.test.DataUtilitesTest.java" Intrnl_Id="177">
                                            <LocList>
                                                <Loc EndOffset="10592" SrcFileId="1" StartOffset="10548"/>
                                            </LocList>
                                        </BasicStmnt>
                                        <BasicStmnt CovItemId="S138" CovItemPrefix="org.jfree.data.test.DataUtilitesTest.java" Intrnl_Id="178">
                                            <LocList>
                                                <Loc EndOffset="10641" SrcFileId="1" StartOffset="10597"/>
                                            </LocList>
                                        </BasicStmnt>
                                        <BasicStmnt CovItemId="S139" CovItemPrefix="org.jfree.data.test.DataUtilitesTest.java" Intrnl_Id="179">
                                            <LocList>
                                                <Loc EndOffset="10690" SrcFileId="1" StartOffset="10646"/>
                                            </LocList>
                                        </BasicStmnt>
                                    </StmntSeq>
                                    <HierarchyLvl HierarchyLvlId="23" HierarchyLvlTypeId="4" Intrnl_Id="180" Name="Expectations">
                                        <Header>
                                            <Loc EndOffset="9821" SrcFileId="1" StartOffset="9807"/>
                                        </Header>
                                        <LocList>
                                            <Loc EndOffset="10414" SrcFileId="1" StartOffset="9803"/>
                                        </LocList>
                                        <StmntSeq Intrnl_Id="181">
                                            <LocList>
                                                <Loc EndOffset="9869" SrcFileId="1" StartOffset="9837"/>
                                                <Loc EndOffset="9897" SrcFileId="1" StartOffset="9876"/>
                                                <Loc EndOffset="9933" SrcFileId="1" StartOffset="9904"/>
                                                <Loc EndOffset="9961" SrcFileId="1" StartOffset="9940"/>
                                                <Loc EndOffset="9997" SrcFileId="1" StartOffset="9968"/>
                                                <Loc EndOffset="10025" SrcFileId="1" StartOffset="10004"/>
                                                <Loc EndOffset="10061" SrcFileId="1" StartOffset="10032"/>
                                                <Loc EndOffset="10089" SrcFileId="1" StartOffset="10068"/>
                                                <Loc EndOffset="10125" SrcFileId="1" StartOffset="10096"/>
                                                <Loc EndOffset="10153" SrcFileId="1" StartOffset="10132"/>
                                                <Loc EndOffset="10187" SrcFileId="1" StartOffset="10160"/>
                                                <Loc EndOffset="10215" SrcFileId="1" StartOffset="10194"/>
                                                <Loc EndOffset="10249" SrcFileId="1" StartOffset="10222"/>
                                                <Loc EndOffset="10277" SrcFileId="1" StartOffset="10256"/>
                                                <Loc EndOffset="10311" SrcFileId="1" StartOffset="10284"/>
                                                <Loc EndOffset="10339" SrcFileId="1" StartOffset="10318"/>
                                                <Loc EndOffset="10373" SrcFileId="1" StartOffset="10346"/>
                                                <Loc EndOffset="10401" SrcFileId="1" StartOffset="10380"/>
                                            </LocList>
                                            <BasicStmnt CovItemId="S117" CovItemPrefix="org.jfree.data.test.DataUtilitesTest.java" Intrnl_Id="182">
                                                <LocList>
                                                    <Loc EndOffset="9869" SrcFileId="1" StartOffset="9837"/>
                                                </LocList>
                                            </BasicStmnt>
                                            <BasicStmnt CovItemId="S118" CovItemPrefix="org.jfree.data.test.DataUtilitesTest.java" Intrnl_Id="183">
                                                <LocList>
                                                    <Loc EndOffset="9897" SrcFileId="1" StartOffset="9876"/>
                                                </LocList>
                                            </BasicStmnt>
                                            <BasicStmnt CovItemId="S119" CovItemPrefix="org.jfree.data.test.DataUtilitesTest.java" Intrnl_Id="184">
                                                <LocList>
                                                    <Loc EndOffset="9933" SrcFileId="1" StartOffset="9904"/>
                                                </LocList>
                                            </BasicStmnt>
                                            <BasicStmnt CovItemId="S120" CovItemPrefix="org.jfree.data.test.DataUtilitesTest.java" Intrnl_Id="185">
                                                <LocList>
                                                    <Loc EndOffset="9961" SrcFileId="1" StartOffset="9940"/>
                                                </LocList>
                                            </BasicStmnt>
                                            <BasicStmnt CovItemId="S121" CovItemPrefix="org.jfree.data.test.DataUtilitesTest.java" Intrnl_Id="186">
                                                <LocList>
                                                    <Loc EndOffset="9997" SrcFileId="1" StartOffset="9968"/>
                                                </LocList>
                                            </BasicStmnt>
                                            <BasicStmnt CovItemId="S122" CovItemPrefix="org.jfree.data.test.DataUtilitesTest.java" Intrnl_Id="187">
                                                <LocList>
                                                    <Loc EndOffset="10025" SrcFileId="1" StartOffset="10004"/>
                                                </LocList>
                                            </BasicStmnt>
                                            <BasicStmnt CovItemId="S123" CovItemPrefix="org.jfree.data.test.DataUtilitesTest.java" Intrnl_Id="188">
                                                <LocList>
                                                    <Loc EndOffset="10061" SrcFileId="1" StartOffset="10032"/>
                                                </LocList>
                                            </BasicStmnt>
                                            <BasicStmnt CovItemId="S124" CovItemPrefix="org.jfree.data.test.DataUtilitesTest.java" Intrnl_Id="189">
                                                <LocList>
                                                    <Loc EndOffset="10089" SrcFileId="1" StartOffset="10068"/>
                                                </LocList>
                                            </BasicStmnt>
                                            <BasicStmnt CovItemId="S125" CovItemPrefix="org.jfree.data.test.DataUtilitesTest.java" Intrnl_Id="190">
                                                <LocList>
                                                    <Loc EndOffset="10125" SrcFileId="1" StartOffset="10096"/>
                                                </LocList>
                                            </BasicStmnt>
                                            <BasicStmnt CovItemId="S126" CovItemPrefix="org.jfree.data.test.DataUtilitesTest.java" Intrnl_Id="191">
                                                <LocList>
                                                    <Loc EndOffset="10153" SrcFileId="1" StartOffset="10132"/>
                                                </LocList>
                                            </BasicStmnt>
                                            <BasicStmnt CovItemId="S127" CovItemPrefix="org.jfree.data.test.DataUtilitesTest.java" Intrnl_Id="192">
                                                <LocList>
                                                    <Loc EndOffset="10187" SrcFileId="1" StartOffset="10160"/>
                                                </LocList>
                                            </BasicStmnt>
                                            <BasicStmnt CovItemId="S128" CovItemPrefix="org.jfree.data.test.DataUtilitesTest.java" Intrnl_Id="193">
                                                <LocList>
                                                    <Loc EndOffset="10215" SrcFileId="1" StartOffset="10194"/>
                                                </LocList>
                                            </BasicStmnt>
                                            <BasicStmnt CovItemId="S129" CovItemPrefix="org.jfree.data.test.DataUtilitesTest.java" Intrnl_Id="194">
                                                <LocList>
                                                    <Loc EndOffset="10249" SrcFileId="1" StartOffset="10222"/>
                                                </LocList>
                                            </BasicStmnt>
                                            <BasicStmnt CovItemId="S130" CovItemPrefix="org.jfree.data.test.DataUtilitesTest.java" Intrnl_Id="195">
                                                <LocList>
                                                    <Loc EndOffset="10277" SrcFileId="1" StartOffset="10256"/>
                                                </LocList>
                                            </BasicStmnt>
                                            <BasicStmnt CovItemId="S131" CovItemPrefix="org.jfree.data.test.DataUtilitesTest.java" Intrnl_Id="196">
                                                <LocList>
                                                    <Loc EndOffset="10311" SrcFileId="1" StartOffset="10284"/>
                                                </LocList>
                                            </BasicStmnt>
                                            <BasicStmnt CovItemId="S132" CovItemPrefix="org.jfree.data.test.DataUtilitesTest.java" Intrnl_Id="197">
                                                <LocList>
                                                    <Loc EndOffset="10339" SrcFileId="1" StartOffset="10318"/>
                                                </LocList>
                                            </BasicStmnt>
                                            <BasicStmnt CovItemId="S133" CovItemPrefix="org.jfree.data.test.DataUtilitesTest.java" Intrnl_Id="198">
                                                <LocList>
                                                    <Loc EndOffset="10373" SrcFileId="1" StartOffset="10346"/>
                                                </LocList>
                                            </BasicStmnt>
                                            <BasicStmnt CovItemId="S134" CovItemPrefix="org.jfree.data.test.DataUtilitesTest.java" Intrnl_Id="199">
                                                <LocList>
                                                    <Loc EndOffset="10401" SrcFileId="1" StartOffset="10380"/>
                                                </LocList>
                                            </BasicStmnt>
                                        </StmntSeq>
                                    </HierarchyLvl>
                                </HierarchyLvl>
                                <HierarchyLvl HierarchyLvlId="26" HierarchyLvlTypeId="5" Intrnl_Id="200" Name="lastTwoRowsZero">
                                    <Header>
                                        <Loc EndOffset="10785" SrcFileId="1" StartOffset="10747"/>
                                    </Header>
                                    <LocList>
                                        <Loc EndOffset="11648" SrcFileId="1" StartOffset="10747"/>
                                    </LocList>
                                    <StmntSeq Intrnl_Id="201">
                                        <LocList>
                                            <Loc EndOffset="10830" SrcFileId="1" StartOffset="10791"/>
                                            <Loc EndOffset="10901" SrcFileId="1" StartOffset="10835"/>
                                            <Loc EndOffset="10930" SrcFileId="1" StartOffset="10906"/>
                                            <Loc EndOffset="11431" SrcFileId="1" StartOffset="11429"/>
                                            <Loc EndOffset="11509" SrcFileId="1" StartOffset="11441"/>
                                            <Loc EndOffset="11552" SrcFileId="1" StartOffset="11514"/>
                                            <Loc EndOffset="11595" SrcFileId="1" StartOffset="11557"/>
                                            <Loc EndOffset="11638" SrcFileId="1" StartOffset="11600"/>
                                        </LocList>
                                        <BasicStmnt CovItemId="S140" CovItemPrefix="org.jfree.data.test.DataUtilitesTest.java" Intrnl_Id="202">
                                            <LocList>
                                                <Loc EndOffset="10830" SrcFileId="1" StartOffset="10791"/>
                                            </LocList>
                                        </BasicStmnt>
                                        <BasicStmnt CovItemId="S141" CovItemPrefix="org.jfree.data.test.DataUtilitesTest.java" Intrnl_Id="203">
                                            <LocList>
                                                <Loc EndOffset="10901" SrcFileId="1" StartOffset="10835"/>
                                            </LocList>
                                        </BasicStmnt>
                                        <BasicStmnt CovItemId="S142" CovItemPrefix="org.jfree.data.test.DataUtilitesTest.java" Intrnl_Id="204">
                                            <LocList>
                                                <Loc EndOffset="10930" SrcFileId="1" StartOffset="10906"/>
                                                <Loc EndOffset="11431" SrcFileId="1" StartOffset="11429"/>
                                            </LocList>
                                        </BasicStmnt>
                                        <BasicStmnt CovItemId="S157" CovItemPrefix="org.jfree.data.test.DataUtilitesTest.java" Intrnl_Id="205">
                                            <LocList>
                                                <Loc EndOffset="11509" SrcFileId="1" StartOffset="11441"/>
                                            </LocList>
                                        </BasicStmnt>
                                        <BasicStmnt CovItemId="S158" CovItemPrefix="org.jfree.data.test.DataUtilitesTest.java" Intrnl_Id="206">
                                            <LocList>
                                                <Loc EndOffset="11552" SrcFileId="1" StartOffset="11514"/>
                                            </LocList>
                                        </BasicStmnt>
                                        <BasicStmnt CovItemId="S159" CovItemPrefix="org.jfree.data.test.DataUtilitesTest.java" Intrnl_Id="207">
                                            <LocList>
                                                <Loc EndOffset="11595" SrcFileId="1" StartOffset="11557"/>
                                            </LocList>
                                        </BasicStmnt>
                                        <BasicStmnt CovItemId="S160" CovItemPrefix="org.jfree.data.test.DataUtilitesTest.java" Intrnl_Id="208">
                                            <LocList>
                                                <Loc EndOffset="11638" SrcFileId="1" StartOffset="11600"/>
                                            </LocList>
                                        </BasicStmnt>
                                    </StmntSeq>
                                    <HierarchyLvl HierarchyLvlId="25" HierarchyLvlTypeId="4" Intrnl_Id="209" Name="Expectations">
                                        <Header>
                                            <Loc EndOffset="10948" SrcFileId="1" StartOffset="10934"/>
                                        </Header>
                                        <LocList>
                                            <Loc EndOffset="11429" SrcFileId="1" StartOffset="10930"/>
                                        </LocList>
                                        <StmntSeq Intrnl_Id="210">
                                            <LocList>
                                                <Loc EndOffset="10996" SrcFileId="1" StartOffset="10964"/>
                                                <Loc EndOffset="11024" SrcFileId="1" StartOffset="11003"/>
                                                <Loc EndOffset="11060" SrcFileId="1" StartOffset="11031"/>
                                                <Loc EndOffset="11088" SrcFileId="1" StartOffset="11067"/>
                                                <Loc EndOffset="11124" SrcFileId="1" StartOffset="11095"/>
                                                <Loc EndOffset="11152" SrcFileId="1" StartOffset="11131"/>
                                                <Loc EndOffset="11188" SrcFileId="1" StartOffset="11159"/>
                                                <Loc EndOffset="11216" SrcFileId="1" StartOffset="11195"/>
                                                <Loc EndOffset="11257" SrcFileId="1" StartOffset="11230"/>
                                                <Loc EndOffset="11285" SrcFileId="1" StartOffset="11264"/>
                                                <Loc EndOffset="11319" SrcFileId="1" StartOffset="11292"/>
                                                <Loc EndOffset="11347" SrcFileId="1" StartOffset="11326"/>
                                                <Loc EndOffset="11381" SrcFileId="1" StartOffset="11354"/>
                                                <Loc EndOffset="11409" SrcFileId="1" StartOffset="11388"/>
                                            </LocList>
                                            <BasicStmnt CovItemId="S143" CovItemPrefix="org.jfree.data.test.DataUtilitesTest.java" Intrnl_Id="211">
                                                <LocList>
                                                    <Loc EndOffset="10996" SrcFileId="1" StartOffset="10964"/>
                                                </LocList>
                                            </BasicStmnt>
                                            <BasicStmnt CovItemId="S144" CovItemPrefix="org.jfree.data.test.DataUtilitesTest.java" Intrnl_Id="212">
                                                <LocList>
                                                    <Loc EndOffset="11024" SrcFileId="1" StartOffset="11003"/>
                                                </LocList>
                                            </BasicStmnt>
                                            <BasicStmnt CovItemId="S145" CovItemPrefix="org.jfree.data.test.DataUtilitesTest.java" Intrnl_Id="213">
                                                <LocList>
                                                    <Loc EndOffset="11060" SrcFileId="1" StartOffset="11031"/>
                                                </LocList>
                                            </BasicStmnt>
                                            <BasicStmnt CovItemId="S146" CovItemPrefix="org.jfree.data.test.DataUtilitesTest.java" Intrnl_Id="214">
                                                <LocList>
                                                    <Loc EndOffset="11088" SrcFileId="1" StartOffset="11067"/>
                                                </LocList>
                                            </BasicStmnt>
                                            <BasicStmnt CovItemId="S147" CovItemPrefix="org.jfree.data.test.DataUtilitesTest.java" Intrnl_Id="215">
                                                <LocList>
                                                    <Loc EndOffset="11124" SrcFileId="1" StartOffset="11095"/>
                                                </LocList>
                                            </BasicStmnt>
                                            <BasicStmnt CovItemId="S148" CovItemPrefix="org.jfree.data.test.DataUtilitesTest.java" Intrnl_Id="216">
                                                <LocList>
                                                    <Loc EndOffset="11152" SrcFileId="1" StartOffset="11131"/>
                                                </LocList>
                                            </BasicStmnt>
                                            <BasicStmnt CovItemId="S149" CovItemPrefix="org.jfree.data.test.DataUtilitesTest.java" Intrnl_Id="217">
                                                <LocList>
                                                    <Loc EndOffset="11188" SrcFileId="1" StartOffset="11159"/>
                                                </LocList>
                                            </BasicStmnt>
                                            <BasicStmnt CovItemId="S150" CovItemPrefix="org.jfree.data.test.DataUtilitesTest.java" Intrnl_Id="218">
                                                <LocList>
                                                    <Loc EndOffset="11216" SrcFileId="1" StartOffset="11195"/>
                                                </LocList>
                                            </BasicStmnt>
                                            <BasicStmnt CovItemId="S151" CovItemPrefix="org.jfree.data.test.DataUtilitesTest.java" Intrnl_Id="219">
                                                <LocList>
                                                    <Loc EndOffset="11257" SrcFileId="1" StartOffset="11230"/>
                                                </LocList>
                                            </BasicStmnt>
                                            <BasicStmnt CovItemId="S152" CovItemPrefix="org.jfree.data.test.DataUtilitesTest.java" Intrnl_Id="220">
                                                <LocList>
                                                    <Loc EndOffset="11285" SrcFileId="1" StartOffset="11264"/>
                                                </LocList>
                                            </BasicStmnt>
                                            <BasicStmnt CovItemId="S153" CovItemPrefix="org.jfree.data.test.DataUtilitesTest.java" Intrnl_Id="221">
                                                <LocList>
                                                    <Loc EndOffset="11319" SrcFileId="1" StartOffset="11292"/>
                                                </LocList>
                                            </BasicStmnt>
                                            <BasicStmnt CovItemId="S154" CovItemPrefix="org.jfree.data.test.DataUtilitesTest.java" Intrnl_Id="222">
                                                <LocList>
                                                    <Loc EndOffset="11347" SrcFileId="1" StartOffset="11326"/>
                                                </LocList>
                                            </BasicStmnt>
                                            <BasicStmnt CovItemId="S155" CovItemPrefix="org.jfree.data.test.DataUtilitesTest.java" Intrnl_Id="223">
                                                <LocList>
                                                    <Loc EndOffset="11381" SrcFileId="1" StartOffset="11354"/>
                                                </LocList>
                                            </BasicStmnt>
                                            <BasicStmnt CovItemId="S156" CovItemPrefix="org.jfree.data.test.DataUtilitesTest.java" Intrnl_Id="224">
                                                <LocList>
                                                    <Loc EndOffset="11409" SrcFileId="1" StartOffset="11388"/>
                                                </LocList>
                                            </BasicStmnt>
                                        </StmntSeq>
                                    </HierarchyLvl>
                                </HierarchyLvl>
                                <HierarchyLvl HierarchyLvlId="28" HierarchyLvlTypeId="5" Intrnl_Id="225" Name="firstThreeRowsZero">
                                    <Header>
                                        <Loc EndOffset="11740" SrcFileId="1" StartOffset="11699"/>
                                    </Header>
                                    <LocList>
                                        <Loc EndOffset="12603" SrcFileId="1" StartOffset="11699"/>
                                    </LocList>
                                    <StmntSeq Intrnl_Id="226">
                                        <LocList>
                                            <Loc EndOffset="11785" SrcFileId="1" StartOffset="11746"/>
                                            <Loc EndOffset="11856" SrcFileId="1" StartOffset="11790"/>
                                            <Loc EndOffset="11885" SrcFileId="1" StartOffset="11861"/>
                                            <Loc EndOffset="12386" SrcFileId="1" StartOffset="12384"/>
                                            <Loc EndOffset="12464" SrcFileId="1" StartOffset="12396"/>
                                            <Loc EndOffset="12507" SrcFileId="1" StartOffset="12469"/>
                                            <Loc EndOffset="12550" SrcFileId="1" StartOffset="12512"/>
                                            <Loc EndOffset="12593" SrcFileId="1" StartOffset="12555"/>
                                        </LocList>
                                        <BasicStmnt CovItemId="S161" CovItemPrefix="org.jfree.data.test.DataUtilitesTest.java" Intrnl_Id="227">
                                            <LocList>
                                                <Loc EndOffset="11785" SrcFileId="1" StartOffset="11746"/>
                                            </LocList>
                                        </BasicStmnt>
                                        <BasicStmnt CovItemId="S162" CovItemPrefix="org.jfree.data.test.DataUtilitesTest.java" Intrnl_Id="228">
                                            <LocList>
                                                <Loc EndOffset="11856" SrcFileId="1" StartOffset="11790"/>
                                            </LocList>
                                        </BasicStmnt>
                                        <BasicStmnt CovItemId="S163" CovItemPrefix="org.jfree.data.test.DataUtilitesTest.java" Intrnl_Id="229">
                                            <LocList>
                                                <Loc EndOffset="11885" SrcFileId="1" StartOffset="11861"/>
                                                <Loc EndOffset="12386" SrcFileId="1" StartOffset="12384"/>
                                            </LocList>
                                        </BasicStmnt>
                                        <BasicStmnt CovItemId="S178" CovItemPrefix="org.jfree.data.test.DataUtilitesTest.java" Intrnl_Id="230">
                                            <LocList>
                                                <Loc EndOffset="12464" SrcFileId="1" StartOffset="12396"/>
                                            </LocList>
                                        </BasicStmnt>
                                        <BasicStmnt CovItemId="S179" CovItemPrefix="org.jfree.data.test.DataUtilitesTest.java" Intrnl_Id="231">
                                            <LocList>
                                                <Loc EndOffset="12507" SrcFileId="1" StartOffset="12469"/>
                                            </LocList>
                                        </BasicStmnt>
                                        <BasicStmnt CovItemId="S180" CovItemPrefix="org.jfree.data.test.DataUtilitesTest.java" Intrnl_Id="232">
                                            <LocList>
                                                <Loc EndOffset="12550" SrcFileId="1" StartOffset="12512"/>
                                            </LocList>
                                        </BasicStmnt>
                                        <BasicStmnt CovItemId="S181" CovItemPrefix="org.jfree.data.test.DataUtilitesTest.java" Intrnl_Id="233">
                                            <LocList>
                                                <Loc EndOffset="12593" SrcFileId="1" StartOffset="12555"/>
                                            </LocList>
                                        </BasicStmnt>
                                    </StmntSeq>
                                    <HierarchyLvl HierarchyLvlId="27" HierarchyLvlTypeId="4" Intrnl_Id="234" Name="Expectations">
                                        <Header>
                                            <Loc EndOffset="11903" SrcFileId="1" StartOffset="11889"/>
                                        </Header>
                                        <LocList>
                                            <Loc EndOffset="12384" SrcFileId="1" StartOffset="11885"/>
                                        </LocList>
                                        <StmntSeq Intrnl_Id="235">
                                            <LocList>
                                                <Loc EndOffset="11951" SrcFileId="1" StartOffset="11919"/>
                                                <Loc EndOffset="11979" SrcFileId="1" StartOffset="11958"/>
                                                <Loc EndOffset="12015" SrcFileId="1" StartOffset="11986"/>
                                                <Loc EndOffset="12043" SrcFileId="1" StartOffset="12022"/>
                                                <Loc EndOffset="12079" SrcFileId="1" StartOffset="12050"/>
                                                <Loc EndOffset="12107" SrcFileId="1" StartOffset="12086"/>
                                                <Loc EndOffset="12143" SrcFileId="1" StartOffset="12114"/>
                                                <Loc EndOffset="12171" SrcFileId="1" StartOffset="12150"/>
                                                <Loc EndOffset="12212" SrcFileId="1" StartOffset="12185"/>
                                                <Loc EndOffset="12240" SrcFileId="1" StartOffset="12219"/>
                                                <Loc EndOffset="12274" SrcFileId="1" StartOffset="12247"/>
                                                <Loc EndOffset="12302" SrcFileId="1" StartOffset="12281"/>
                                                <Loc EndOffset="12336" SrcFileId="1" StartOffset="12309"/>
                                                <Loc EndOffset="12364" SrcFileId="1" StartOffset="12343"/>
                                            </LocList>
                                            <BasicStmnt CovItemId="S164" CovItemPrefix="org.jfree.data.test.DataUtilitesTest.java" Intrnl_Id="236">
                                                <LocList>
                                                    <Loc EndOffset="11951" SrcFileId="1" StartOffset="11919"/>
                                                </LocList>
                                            </BasicStmnt>
                                            <BasicStmnt CovItemId="S165" CovItemPrefix="org.jfree.data.test.DataUtilitesTest.java" Intrnl_Id="237">
                                                <LocList>
                                                    <Loc EndOffset="11979" SrcFileId="1" StartOffset="11958"/>
                                                </LocList>
                                            </BasicStmnt>
                                            <BasicStmnt CovItemId="S166" CovItemPrefix="org.jfree.data.test.DataUtilitesTest.java" Intrnl_Id="238">
                                                <LocList>
                                                    <Loc EndOffset="12015" SrcFileId="1" StartOffset="11986"/>
                                                </LocList>
                                            </BasicStmnt>
                                            <BasicStmnt CovItemId="S167" CovItemPrefix="org.jfree.data.test.DataUtilitesTest.java" Intrnl_Id="239">
                                                <LocList>
                                                    <Loc EndOffset="12043" SrcFileId="1" StartOffset="12022"/>
                                                </LocList>
                                            </BasicStmnt>
                                            <BasicStmnt CovItemId="S168" CovItemPrefix="org.jfree.data.test.DataUtilitesTest.java" Intrnl_Id="240">
                                                <LocList>
                                                    <Loc EndOffset="12079" SrcFileId="1" StartOffset="12050"/>
                                                </LocList>
                                            </BasicStmnt>
                                            <BasicStmnt CovItemId="S169" CovItemPrefix="org.jfree.data.test.DataUtilitesTest.java" Intrnl_Id="241">
                                                <LocList>
                                                    <Loc EndOffset="12107" SrcFileId="1" StartOffset="12086"/>
                                                </LocList>
                                            </BasicStmnt>
                                            <BasicStmnt CovItemId="S170" CovItemPrefix="org.jfree.data.test.DataUtilitesTest.java" Intrnl_Id="242">
                                                <LocList>
                                                    <Loc EndOffset="12143" SrcFileId="1" StartOffset="12114"/>
                                                </LocList>
                                            </BasicStmnt>
                                            <BasicStmnt CovItemId="S171" CovItemPrefix="org.jfree.data.test.DataUtilitesTest.java" Intrnl_Id="243">
                                                <LocList>
                                                    <Loc EndOffset="12171" SrcFileId="1" StartOffset="12150"/>
                                                </LocList>
                                            </BasicStmnt>
                                            <BasicStmnt CovItemId="S172" CovItemPrefix="org.jfree.data.test.DataUtilitesTest.java" Intrnl_Id="244">
                                                <LocList>
                                                    <Loc EndOffset="12212" SrcFileId="1" StartOffset="12185"/>
                                                </LocList>
                                            </BasicStmnt>
                                            <BasicStmnt CovItemId="S173" CovItemPrefix="org.jfree.data.test.DataUtilitesTest.java" Intrnl_Id="245">
                                                <LocList>
                                                    <Loc EndOffset="12240" SrcFileId="1" StartOffset="12219"/>
                                                </LocList>
                                            </BasicStmnt>
                                            <BasicStmnt CovItemId="S174" CovItemPrefix="org.jfree.data.test.DataUtilitesTest.java" Intrnl_Id="246">
                                                <LocList>
                                                    <Loc EndOffset="12274" SrcFileId="1" StartOffset="12247"/>
                                                </LocList>
                                            </BasicStmnt>
                                            <BasicStmnt CovItemId="S175" CovItemPrefix="org.jfree.data.test.DataUtilitesTest.java" Intrnl_Id="247">
                                                <LocList>
                                                    <Loc EndOffset="12302" SrcFileId="1" StartOffset="12281"/>
                                                </LocList>
                                            </BasicStmnt>
                                            <BasicStmnt CovItemId="S176" CovItemPrefix="org.jfree.data.test.DataUtilitesTest.java" Intrnl_Id="248">
                                                <LocList>
                                                    <Loc EndOffset="12336" SrcFileId="1" StartOffset="12309"/>
                                                </LocList>
                                            </BasicStmnt>
                                            <BasicStmnt CovItemId="S177" CovItemPrefix="org.jfree.data.test.DataUtilitesTest.java" Intrnl_Id="249">
                                                <LocList>
                                                    <Loc EndOffset="12364" SrcFileId="1" StartOffset="12343"/>
                                                </LocList>
                                            </BasicStmnt>
                                        </StmntSeq>
                                    </HierarchyLvl>
                                </HierarchyLvl>
                                <HierarchyLvl HierarchyLvlId="29" HierarchyLvlTypeId="5" Intrnl_Id="250" Name="tearDown">
                                    <Header>
                                        <Loc EndOffset="12664" SrcFileId="1" StartOffset="12616"/>
                                    </Header>
                                    <LocList>
                                        <Loc EndOffset="12670" SrcFileId="1" StartOffset="12616"/>
                                    </LocList>
                                </HierarchyLvl>
                                <HierarchyLvl HierarchyLvlId="30" HierarchyLvlTypeId="5" Intrnl_Id="251" Name="tearDownAfterClass">
                                    <Header>
                                        <Loc EndOffset="12745" SrcFileId="1" StartOffset="12675"/>
                                    </Header>
                                    <LocList>
                                        <Loc EndOffset="12751" SrcFileId="1" StartOffset="12675"/>
                                    </LocList>
                                </HierarchyLvl>
                            </HierarchyLvl>
                            <HierarchyLvl HierarchyLvlId="118" HierarchyLvlTypeId="6" Intrnl_Id="252" Name="RangeTest">
                                <Header>
                                    <Loc EndOffset="140" SrcFileId="2" StartOffset="118"/>
                                </Header>
                                <LocList>
                                    <Loc EndOffset="22764" SrcFileId="2" StartOffset="118"/>
                                </LocList>
                                <HierarchyLvl HierarchyLvlId="32" HierarchyLvlTypeId="5" Intrnl_Id="253" Name="setUpBeforeClass">
                                    <Header>
                                        <Loc EndOffset="494" SrcFileId="2" StartOffset="427"/>
                                    </Header>
                                    <LocList>
                                        <Loc EndOffset="501" SrcFileId="2" StartOffset="427"/>
                                    </LocList>
                                </HierarchyLvl>
                                <HierarchyLvl HierarchyLvlId="33" HierarchyLvlTypeId="5" Intrnl_Id="254" Name="setUp">
                                    <Header>
                                        <Loc EndOffset="552" SrcFileId="2" StartOffset="505"/>
                                    </Header>
                                    <LocList>
                                        <Loc EndOffset="1064" SrcFileId="2" StartOffset="505"/>
                                    </LocList>
                                    <StmntSeq Intrnl_Id="255">
                                        <LocList>
                                            <Loc EndOffset="587" SrcFileId="2" StartOffset="558"/>
                                            <Loc EndOffset="625" SrcFileId="2" StartOffset="593"/>
                                            <Loc EndOffset="663" SrcFileId="2" StartOffset="629"/>
                                            <Loc EndOffset="707" SrcFileId="2" StartOffset="680"/>
                                            <Loc EndOffset="770" SrcFileId="2" StartOffset="745"/>
                                            <Loc EndOffset="843" SrcFileId="2" StartOffset="817"/>
                                            <Loc EndOffset="913" SrcFileId="2" StartOffset="881"/>
                                            <Loc EndOffset="970" SrcFileId="2" StartOffset="944"/>
                                            <Loc EndOffset="1030" SrcFileId="2" StartOffset="1004"/>
                                        </LocList>
                                        <BasicStmnt CovItemId="S1" CovItemPrefix="org.jfree.data.test.RangeTest.java" Intrnl_Id="256">
                                            <LocList>
                                                <Loc EndOffset="587" SrcFileId="2" StartOffset="558"/>
                                            </LocList>
                                        </BasicStmnt>
                                        <BasicStmnt CovItemId="S2" CovItemPrefix="org.jfree.data.test.RangeTest.java" Intrnl_Id="257">
                                            <LocList>
                                                <Loc EndOffset="625" SrcFileId="2" StartOffset="593"/>
                                            </LocList>
                                        </BasicStmnt>
                                        <BasicStmnt CovItemId="S3" CovItemPrefix="org.jfree.data.test.RangeTest.java" Intrnl_Id="258">
                                            <LocList>
                                                <Loc EndOffset="663" SrcFileId="2" StartOffset="629"/>
                                            </LocList>
                                        </BasicStmnt>
                                        <BasicStmnt CovItemId="S4" CovItemPrefix="org.jfree.data.test.RangeTest.java" Intrnl_Id="259">
                                            <LocList>
                                                <Loc EndOffset="707" SrcFileId="2" StartOffset="680"/>
                                            </LocList>
                                        </BasicStmnt>
                                        <BasicStmnt CovItemId="S5" CovItemPrefix="org.jfree.data.test.RangeTest.java" Intrnl_Id="260">
                                            <LocList>
                                                <Loc EndOffset="770" SrcFileId="2" StartOffset="745"/>
                                            </LocList>
                                        </BasicStmnt>
                                        <BasicStmnt CovItemId="S6" CovItemPrefix="org.jfree.data.test.RangeTest.java" Intrnl_Id="261">
                                            <LocList>
                                                <Loc EndOffset="843" SrcFileId="2" StartOffset="817"/>
                                            </LocList>
                                        </BasicStmnt>
                                        <BasicStmnt CovItemId="S7" CovItemPrefix="org.jfree.data.test.RangeTest.java" Intrnl_Id="262">
                                            <LocList>
                                                <Loc EndOffset="913" SrcFileId="2" StartOffset="881"/>
                                            </LocList>
                                        </BasicStmnt>
                                        <BasicStmnt CovItemId="S8" CovItemPrefix="org.jfree.data.test.RangeTest.java" Intrnl_Id="263">
                                            <LocList>
                                                <Loc EndOffset="970" SrcFileId="2" StartOffset="944"/>
                                            </LocList>
                                        </BasicStmnt>
                                        <BasicStmnt CovItemId="S9" CovItemPrefix="org.jfree.data.test.RangeTest.java" Intrnl_Id="264">
                                            <LocList>
                                                <Loc EndOffset="1030" SrcFileId="2" StartOffset="1004"/>
                                            </LocList>
                                        </BasicStmnt>
                                    </StmntSeq>
                                </HierarchyLvl>
                                <HierarchyLvl HierarchyLvlId="34" HierarchyLvlTypeId="5" Intrnl_Id="265" Name="numberLowerThanLowerBoundary">
                                    <Header>
                                        <Loc EndOffset="1271" SrcFileId="2" StartOffset="1220"/>
                                    </Header>
                                    <LocList>
                                        <Loc EndOffset="1404" SrcFileId="2" StartOffset="1220"/>
                                    </LocList>
                                    <StmntSeq Intrnl_Id="266">
                                        <LocList>
                                            <Loc EndOffset="1399" SrcFileId="2" StartOffset="1277"/>
                                        </LocList>
                                        <BasicStmnt CovItemId="S10" CovItemPrefix="org.jfree.data.test.RangeTest.java" Intrnl_Id="267">
                                            <LocList>
                                                <Loc EndOffset="1399" SrcFileId="2" StartOffset="1277"/>
                                            </LocList>
                                        </BasicStmnt>
                                    </StmntSeq>
                                </HierarchyLvl>
                                <HierarchyLvl HierarchyLvlId="35" HierarchyLvlTypeId="5" Intrnl_Id="268" Name="numberLowerThanLowerBoundaryWithRangeZero">
                                    <Header>
                                        <Loc EndOffset="1601" SrcFileId="2" StartOffset="1537"/>
                                    </Header>
                                    <LocList>
                                        <Loc EndOffset="1736" SrcFileId="2" StartOffset="1537"/>
                                    </LocList>
                                    <StmntSeq Intrnl_Id="269">
                                        <LocList>
                                            <Loc EndOffset="1731" SrcFileId="2" StartOffset="1607"/>
                                        </LocList>
                                        <BasicStmnt CovItemId="S11" CovItemPrefix="org.jfree.data.test.RangeTest.java" Intrnl_Id="270">
                                            <LocList>
                                                <Loc EndOffset="1731" SrcFileId="2" StartOffset="1607"/>
                                            </LocList>
                                        </BasicStmnt>
                                    </StmntSeq>
                                </HierarchyLvl>
                                <HierarchyLvl HierarchyLvlId="36" HierarchyLvlTypeId="5" Intrnl_Id="271" Name="numberHigherThanUpperBoundary">
                                    <Header>
                                        <Loc EndOffset="1916" SrcFileId="2" StartOffset="1864"/>
                                    </Header>
                                    <LocList>
                                        <Loc EndOffset="2045" SrcFileId="2" StartOffset="1864"/>
                                    </LocList>
                                    <StmntSeq Intrnl_Id="272">
                                        <LocList>
                                            <Loc EndOffset="2040" SrcFileId="2" StartOffset="1922"/>
                                        </LocList>
                                        <BasicStmnt CovItemId="S12" CovItemPrefix="org.jfree.data.test.RangeTest.java" Intrnl_Id="273">
                                            <LocList>
                                                <Loc EndOffset="2040" SrcFileId="2" StartOffset="1922"/>
                                            </LocList>
                                        </BasicStmnt>
                                    </StmntSeq>
                                </HierarchyLvl>
                                <HierarchyLvl HierarchyLvlId="37" HierarchyLvlTypeId="5" Intrnl_Id="274" Name="numberHigherThanUpperBoundaryWithRangeZero">
                                    <Header>
                                        <Loc EndOffset="2244" SrcFileId="2" StartOffset="2179"/>
                                    </Header>
                                    <LocList>
                                        <Loc EndOffset="2378" SrcFileId="2" StartOffset="2179"/>
                                    </LocList>
                                    <StmntSeq Intrnl_Id="275">
                                        <LocList>
                                            <Loc EndOffset="2373" SrcFileId="2" StartOffset="2250"/>
                                        </LocList>
                                        <BasicStmnt CovItemId="S13" CovItemPrefix="org.jfree.data.test.RangeTest.java" Intrnl_Id="276">
                                            <LocList>
                                                <Loc EndOffset="2373" SrcFileId="2" StartOffset="2250"/>
                                            </LocList>
                                        </BasicStmnt>
                                    </StmntSeq>
                                </HierarchyLvl>
                                <HierarchyLvl HierarchyLvlId="38" HierarchyLvlTypeId="5" Intrnl_Id="277" Name="numberWithinRange">
                                    <Header>
                                        <Loc EndOffset="2510" SrcFileId="2" StartOffset="2470"/>
                                    </Header>
                                    <LocList>
                                        <Loc EndOffset="2639" SrcFileId="2" StartOffset="2470"/>
                                    </LocList>
                                    <StmntSeq Intrnl_Id="278">
                                        <LocList>
                                            <Loc EndOffset="2634" SrcFileId="2" StartOffset="2516"/>
                                        </LocList>
                                        <BasicStmnt CovItemId="S14" CovItemPrefix="org.jfree.data.test.RangeTest.java" Intrnl_Id="279">
                                            <LocList>
                                                <Loc EndOffset="2634" SrcFileId="2" StartOffset="2516"/>
                                            </LocList>
                                        </BasicStmnt>
                                    </StmntSeq>
                                </HierarchyLvl>
                                <HierarchyLvl HierarchyLvlId="39" HierarchyLvlTypeId="5" Intrnl_Id="280" Name="numberIsLowerBoundary">
                                    <Header>
                                        <Loc EndOffset="2814" SrcFileId="2" StartOffset="2770"/>
                                    </Header>
                                    <LocList>
                                        <Loc EndOffset="2947" SrcFileId="2" StartOffset="2770"/>
                                    </LocList>
                                    <StmntSeq Intrnl_Id="281">
                                        <LocList>
                                            <Loc EndOffset="2942" SrcFileId="2" StartOffset="2820"/>
                                        </LocList>
                                        <BasicStmnt CovItemId="S15" CovItemPrefix="org.jfree.data.test.RangeTest.java" Intrnl_Id="282">
                                            <LocList>
                                                <Loc EndOffset="2942" SrcFileId="2" StartOffset="2820"/>
                                            </LocList>
                                        </BasicStmnt>
                                    </StmntSeq>
                                </HierarchyLvl>
                                <HierarchyLvl HierarchyLvlId="40" HierarchyLvlTypeId="5" Intrnl_Id="283" Name="numberIsUpperBoundary">
                                    <Header>
                                        <Loc EndOffset="3122" SrcFileId="2" StartOffset="3078"/>
                                    </Header>
                                    <LocList>
                                        <Loc EndOffset="3251" SrcFileId="2" StartOffset="3078"/>
                                    </LocList>
                                    <StmntSeq Intrnl_Id="284">
                                        <LocList>
                                            <Loc EndOffset="3246" SrcFileId="2" StartOffset="3128"/>
                                        </LocList>
                                        <BasicStmnt CovItemId="S16" CovItemPrefix="org.jfree.data.test.RangeTest.java" Intrnl_Id="285">
                                            <LocList>
                                                <Loc EndOffset="3246" SrcFileId="2" StartOffset="3128"/>
                                            </LocList>
                                        </BasicStmnt>
                                    </StmntSeq>
                                </HierarchyLvl>
                                <HierarchyLvl HierarchyLvlId="41" HierarchyLvlTypeId="5" Intrnl_Id="286" Name="getLengthValidOutput">
                                    <Header>
                                        <Loc EndOffset="3368" SrcFileId="2" StartOffset="3325"/>
                                    </Header>
                                    <LocList>
                                        <Loc EndOffset="3488" SrcFileId="2" StartOffset="3325"/>
                                    </LocList>
                                    <StmntSeq Intrnl_Id="287">
                                        <LocList>
                                            <Loc EndOffset="3483" SrcFileId="2" StartOffset="3374"/>
                                        </LocList>
                                        <BasicStmnt CovItemId="S17" CovItemPrefix="org.jfree.data.test.RangeTest.java" Intrnl_Id="288">
                                            <LocList>
                                                <Loc EndOffset="3483" SrcFileId="2" StartOffset="3374"/>
                                            </LocList>
                                        </BasicStmnt>
                                    </StmntSeq>
                                </HierarchyLvl>
                                <HierarchyLvl HierarchyLvlId="42" HierarchyLvlTypeId="5" Intrnl_Id="289" Name="firstRangeNull">
                                    <Header>
                                        <Loc EndOffset="3585" SrcFileId="2" StartOffset="3548"/>
                                    </Header>
                                    <LocList>
                                        <Loc EndOffset="3729" SrcFileId="2" StartOffset="3548"/>
                                    </LocList>
                                    <StmntSeq Intrnl_Id="290">
                                        <LocList>
                                            <Loc EndOffset="3724" SrcFileId="2" StartOffset="3591"/>
                                        </LocList>
                                        <BasicStmnt CovItemId="S18" CovItemPrefix="org.jfree.data.test.RangeTest.java" Intrnl_Id="291">
                                            <LocList>
                                                <Loc EndOffset="3724" SrcFileId="2" StartOffset="3591"/>
                                            </LocList>
                                        </BasicStmnt>
                                    </StmntSeq>
                                </HierarchyLvl>
                                <HierarchyLvl HierarchyLvlId="43" HierarchyLvlTypeId="5" Intrnl_Id="292" Name="secondRangeNull">
                                    <Header>
                                        <Loc EndOffset="3801" SrcFileId="2" StartOffset="3763"/>
                                    </Header>
                                    <LocList>
                                        <Loc EndOffset="3945" SrcFileId="2" StartOffset="3763"/>
                                    </LocList>
                                    <StmntSeq Intrnl_Id="293">
                                        <LocList>
                                            <Loc EndOffset="3940" SrcFileId="2" StartOffset="3807"/>
                                        </LocList>
                                        <BasicStmnt CovItemId="S19" CovItemPrefix="org.jfree.data.test.RangeTest.java" Intrnl_Id="294">
                                            <LocList>
                                                <Loc EndOffset="3940" SrcFileId="2" StartOffset="3807"/>
                                            </LocList>
                                        </BasicStmnt>
                                    </StmntSeq>
                                </HierarchyLvl>
                                <HierarchyLvl HierarchyLvlId="44" HierarchyLvlTypeId="5" Intrnl_Id="295" Name="bothRangeNull">
                                    <Header>
                                        <Loc EndOffset="4015" SrcFileId="2" StartOffset="3979"/>
                                    </Header>
                                    <LocList>
                                        <Loc EndOffset="4122" SrcFileId="2" StartOffset="3979"/>
                                    </LocList>
                                    <StmntSeq Intrnl_Id="296">
                                        <LocList>
                                            <Loc EndOffset="4117" SrcFileId="2" StartOffset="4021"/>
                                        </LocList>
                                        <BasicStmnt CovItemId="S20" CovItemPrefix="org.jfree.data.test.RangeTest.java" Intrnl_Id="297">
                                            <LocList>
                                                <Loc EndOffset="4117" SrcFileId="2" StartOffset="4021"/>
                                            </LocList>
                                        </BasicStmnt>
                                    </StmntSeq>
                                </HierarchyLvl>
                                <HierarchyLvl HierarchyLvlId="45" HierarchyLvlTypeId="5" Intrnl_Id="298" Name="identicalRanges">
                                    <Header>
                                        <Loc EndOffset="4190" SrcFileId="2" StartOffset="4152"/>
                                    </Header>
                                    <LocList>
                                        <Loc EndOffset="4348" SrcFileId="2" StartOffset="4152"/>
                                    </LocList>
                                    <StmntSeq Intrnl_Id="299">
                                        <LocList>
                                            <Loc EndOffset="4343" SrcFileId="2" StartOffset="4196"/>
                                        </LocList>
                                        <BasicStmnt CovItemId="S21" CovItemPrefix="org.jfree.data.test.RangeTest.java" Intrnl_Id="300">
                                            <LocList>
                                                <Loc EndOffset="4343" SrcFileId="2" StartOffset="4196"/>
                                            </LocList>
                                        </BasicStmnt>
                                    </StmntSeq>
                                </HierarchyLvl>
                                <HierarchyLvl HierarchyLvlId="46" HierarchyLvlTypeId="5" Intrnl_Id="301" Name="continuousRanges">
                                    <Header>
                                        <Loc EndOffset="4422" SrcFileId="2" StartOffset="4383"/>
                                    </Header>
                                    <LocList>
                                        <Loc EndOffset="4718" SrcFileId="2" StartOffset="4383"/>
                                    </LocList>
                                    <StmntSeq Intrnl_Id="302">
                                        <LocList>
                                            <Loc EndOffset="4581" SrcFileId="2" StartOffset="4436"/>
                                            <Loc EndOffset="4713" SrcFileId="2" StartOffset="4428"/>
                                        </LocList>
                                        <BasicStmnt CovItemId="S23" CovItemPrefix="org.jfree.data.test.RangeTest.java" Intrnl_Id="303">
                                            <LocList>
                                                <Loc EndOffset="4581" SrcFileId="2" StartOffset="4436"/>
                                            </LocList>
                                        </BasicStmnt>
                                        <CondStmnt CovItemId="S22" CovItemPrefix="org.jfree.data.test.RangeTest.java" Intrnl_Id="304">
                                            <Branch CovItemId="B1" CovItemPrefix="org.jfree.data.test.RangeTest.java" Implct="true" Intrnl_Id="305">
                                                <Cond/>
                                                <LocList/>
                                                <StmntSeq Intrnl_Id="306">
                                                    <LocList/>
                                                </StmntSeq>
                                            </Branch>
                                            <Branch CovItemId="B2" CovItemPrefix="org.jfree.data.test.RangeTest.java" Implct="false" Intrnl_Id="307">
                                                <Cond>
                                                    <Loc EndOffset="4608" SrcFileId="2" StartOffset="4590"/>
                                                </Cond>
                                                <LocList>
                                                    <Loc EndOffset="4713" SrcFileId="2" StartOffset="4609"/>
                                                </LocList>
                                                <StmntSeq Intrnl_Id="308">
                                                    <LocList>
                                                        <Loc EndOffset="4708" SrcFileId="2" StartOffset="4614"/>
                                                    </LocList>
                                                    <BasicStmnt CovItemId="S24" CovItemPrefix="org.jfree.data.test.RangeTest.java" Intrnl_Id="309">
                                                        <LocList>
                                                            <Loc EndOffset="4708" SrcFileId="2" StartOffset="4614"/>
                                                        </LocList>
                                                    </BasicStmnt>
                                                </StmntSeq>
                                            </Branch>
                                            <Keyword EndOffset="4431" SrcFileId="2" StartOffset="4428"/>
                                            <LocList>
                                                <Loc EndOffset="4713" SrcFileId="2" StartOffset="4428"/>
                                            </LocList>
                                        </CondStmnt>
                                    </StmntSeq>
                                </HierarchyLvl>
                                <HierarchyLvl HierarchyLvlId="47" HierarchyLvlTypeId="5" Intrnl_Id="310" Name="notContinuousRanges">
                                    <Header>
                                        <Loc EndOffset="4799" SrcFileId="2" StartOffset="4757"/>
                                    </Header>
                                    <LocList>
                                        <Loc EndOffset="5103" SrcFileId="2" StartOffset="4757"/>
                                    </LocList>
                                    <StmntSeq Intrnl_Id="311">
                                        <LocList>
                                            <Loc EndOffset="4963" SrcFileId="2" StartOffset="4814"/>
                                            <Loc EndOffset="5098" SrcFileId="2" StartOffset="4805"/>
                                        </LocList>
                                        <BasicStmnt CovItemId="S26" CovItemPrefix="org.jfree.data.test.RangeTest.java" Intrnl_Id="312">
                                            <LocList>
                                                <Loc EndOffset="4963" SrcFileId="2" StartOffset="4814"/>
                                            </LocList>
                                        </BasicStmnt>
                                        <CondStmnt CovItemId="S25" CovItemPrefix="org.jfree.data.test.RangeTest.java" Intrnl_Id="313">
                                            <Branch CovItemId="B3" CovItemPrefix="org.jfree.data.test.RangeTest.java" Implct="true" Intrnl_Id="314">
                                                <Cond/>
                                                <LocList/>
                                                <StmntSeq Intrnl_Id="315">
                                                    <LocList/>
                                                </StmntSeq>
                                            </Branch>
                                            <Branch CovItemId="B4" CovItemPrefix="org.jfree.data.test.RangeTest.java" Implct="false" Intrnl_Id="316">
                                                <Cond>
                                                    <Loc EndOffset="4990" SrcFileId="2" StartOffset="4972"/>
                                                </Cond>
                                                <LocList>
                                                    <Loc EndOffset="5098" SrcFileId="2" StartOffset="4991"/>
                                                </LocList>
                                                <StmntSeq Intrnl_Id="317">
                                                    <LocList>
                                                        <Loc EndOffset="5093" SrcFileId="2" StartOffset="4996"/>
                                                    </LocList>
                                                    <BasicStmnt CovItemId="S27" CovItemPrefix="org.jfree.data.test.RangeTest.java" Intrnl_Id="318">
                                                        <LocList>
                                                            <Loc EndOffset="5093" SrcFileId="2" StartOffset="4996"/>
                                                        </LocList>
                                                    </BasicStmnt>
                                                </StmntSeq>
                                            </Branch>
                                            <Keyword EndOffset="4808" SrcFileId="2" StartOffset="4805"/>
                                            <LocList>
                                                <Loc EndOffset="5098" SrcFileId="2" StartOffset="4805"/>
                                            </LocList>
                                        </CondStmnt>
                                    </StmntSeq>
                                </HierarchyLvl>
                                <HierarchyLvl HierarchyLvlId="48" HierarchyLvlTypeId="5" Intrnl_Id="319" Name="testNegativeNumberForLowerBound">
                                    <Header>
                                        <Loc EndOffset="5190" SrcFileId="2" StartOffset="5136"/>
                                    </Header>
                                    <LocList>
                                        <Loc EndOffset="5340" SrcFileId="2" StartOffset="5136"/>
                                    </LocList>
                                    <StmntSeq Intrnl_Id="320">
                                        <LocList>
                                            <Loc EndOffset="5335" SrcFileId="2" StartOffset="5235"/>
                                        </LocList>
                                        <BasicStmnt CovItemId="S28" CovItemPrefix="org.jfree.data.test.RangeTest.java" Intrnl_Id="321">
                                            <LocList>
                                                <Loc EndOffset="5335" SrcFileId="2" StartOffset="5235"/>
                                            </LocList>
                                        </BasicStmnt>
                                    </StmntSeq>
                                </HierarchyLvl>
                                <HierarchyLvl HierarchyLvlId="49" HierarchyLvlTypeId="5" Intrnl_Id="322" Name="testZeroForLowerBound">
                                    <Header>
                                        <Loc EndOffset="5390" SrcFileId="2" StartOffset="5346"/>
                                    </Header>
                                    <LocList>
                                        <Loc EndOffset="5524" SrcFileId="2" StartOffset="5346"/>
                                    </LocList>
                                    <StmntSeq Intrnl_Id="323">
                                        <LocList>
                                            <Loc EndOffset="5519" SrcFileId="2" StartOffset="5422"/>
                                        </LocList>
                                        <BasicStmnt CovItemId="S29" CovItemPrefix="org.jfree.data.test.RangeTest.java" Intrnl_Id="324">
                                            <LocList>
                                                <Loc EndOffset="5519" SrcFileId="2" StartOffset="5422"/>
                                            </LocList>
                                        </BasicStmnt>
                                    </StmntSeq>
                                </HierarchyLvl>
                                <HierarchyLvl HierarchyLvlId="50" HierarchyLvlTypeId="5" Intrnl_Id="325" Name="testPositiveNumberForLowerBound">
                                    <Header>
                                        <Loc EndOffset="5584" SrcFileId="2" StartOffset="5530"/>
                                    </Header>
                                    <LocList>
                                        <Loc EndOffset="5731" SrcFileId="2" StartOffset="5530"/>
                                    </LocList>
                                    <StmntSeq Intrnl_Id="326">
                                        <LocList>
                                            <Loc EndOffset="5726" SrcFileId="2" StartOffset="5629"/>
                                        </LocList>
                                        <BasicStmnt CovItemId="S30" CovItemPrefix="org.jfree.data.test.RangeTest.java" Intrnl_Id="327">
                                            <LocList>
                                                <Loc EndOffset="5726" SrcFileId="2" StartOffset="5629"/>
                                            </LocList>
                                        </BasicStmnt>
                                    </StmntSeq>
                                </HierarchyLvl>
                                <HierarchyLvl HierarchyLvlId="51" HierarchyLvlTypeId="5" Intrnl_Id="328" Name="testDoubleForLowerBound">
                                    <Header>
                                        <Loc EndOffset="5781" SrcFileId="2" StartOffset="5735"/>
                                    </Header>
                                    <LocList>
                                        <Loc EndOffset="5926" SrcFileId="2" StartOffset="5735"/>
                                    </LocList>
                                    <StmntSeq Intrnl_Id="329">
                                        <LocList>
                                            <Loc EndOffset="5921" SrcFileId="2" StartOffset="5817"/>
                                        </LocList>
                                        <BasicStmnt CovItemId="S31" CovItemPrefix="org.jfree.data.test.RangeTest.java" Intrnl_Id="330">
                                            <LocList>
                                                <Loc EndOffset="5921" SrcFileId="2" StartOffset="5817"/>
                                            </LocList>
                                        </BasicStmnt>
                                    </StmntSeq>
                                </HierarchyLvl>
                                <HierarchyLvl HierarchyLvlId="52" HierarchyLvlTypeId="5" Intrnl_Id="331" Name="testNegativeNumberForUpperBound">
                                    <Header>
                                        <Loc EndOffset="6019" SrcFileId="2" StartOffset="5965"/>
                                    </Header>
                                    <LocList>
                                        <Loc EndOffset="6166" SrcFileId="2" StartOffset="5965"/>
                                    </LocList>
                                    <StmntSeq Intrnl_Id="332">
                                        <LocList>
                                            <Loc EndOffset="6161" SrcFileId="2" StartOffset="6064"/>
                                        </LocList>
                                        <BasicStmnt CovItemId="S32" CovItemPrefix="org.jfree.data.test.RangeTest.java" Intrnl_Id="333">
                                            <LocList>
                                                <Loc EndOffset="6161" SrcFileId="2" StartOffset="6064"/>
                                            </LocList>
                                        </BasicStmnt>
                                    </StmntSeq>
                                </HierarchyLvl>
                                <HierarchyLvl HierarchyLvlId="53" HierarchyLvlTypeId="5" Intrnl_Id="334" Name="testZeroForUpperBound">
                                    <Header>
                                        <Loc EndOffset="6325" SrcFileId="2" StartOffset="6281"/>
                                    </Header>
                                    <LocList>
                                        <Loc EndOffset="6459" SrcFileId="2" StartOffset="6281"/>
                                    </LocList>
                                    <StmntSeq Intrnl_Id="335">
                                        <LocList>
                                            <Loc EndOffset="6454" SrcFileId="2" StartOffset="6357"/>
                                        </LocList>
                                        <BasicStmnt CovItemId="S33" CovItemPrefix="org.jfree.data.test.RangeTest.java" Intrnl_Id="336">
                                            <LocList>
                                                <Loc EndOffset="6454" SrcFileId="2" StartOffset="6357"/>
                                            </LocList>
                                        </BasicStmnt>
                                    </StmntSeq>
                                </HierarchyLvl>
                                <HierarchyLvl HierarchyLvlId="54" HierarchyLvlTypeId="5" Intrnl_Id="337" Name="testPositiveNumberForUpperBound">
                                    <Header>
                                        <Loc EndOffset="6582" SrcFileId="2" StartOffset="6528"/>
                                    </Header>
                                    <LocList>
                                        <Loc EndOffset="6731" SrcFileId="2" StartOffset="6528"/>
                                    </LocList>
                                    <StmntSeq Intrnl_Id="338">
                                        <LocList>
                                            <Loc EndOffset="6726" SrcFileId="2" StartOffset="6627"/>
                                        </LocList>
                                        <BasicStmnt CovItemId="S34" CovItemPrefix="org.jfree.data.test.RangeTest.java" Intrnl_Id="339">
                                            <LocList>
                                                <Loc EndOffset="6726" SrcFileId="2" StartOffset="6627"/>
                                            </LocList>
                                        </BasicStmnt>
                                    </StmntSeq>
                                </HierarchyLvl>
                                <HierarchyLvl HierarchyLvlId="55" HierarchyLvlTypeId="5" Intrnl_Id="340" Name="testDoubleForUpperBound">
                                    <Header>
                                        <Loc EndOffset="6892" SrcFileId="2" StartOffset="6846"/>
                                    </Header>
                                    <LocList>
                                        <Loc EndOffset="7037" SrcFileId="2" StartOffset="6846"/>
                                    </LocList>
                                    <StmntSeq Intrnl_Id="341">
                                        <LocList>
                                            <Loc EndOffset="7032" SrcFileId="2" StartOffset="6928"/>
                                        </LocList>
                                        <BasicStmnt CovItemId="S35" CovItemPrefix="org.jfree.data.test.RangeTest.java" Intrnl_Id="342">
                                            <LocList>
                                                <Loc EndOffset="7032" SrcFileId="2" StartOffset="6928"/>
                                            </LocList>
                                        </BasicStmnt>
                                    </StmntSeq>
                                </HierarchyLvl>
                                <HierarchyLvl HierarchyLvlId="56" HierarchyLvlTypeId="5" Intrnl_Id="343" Name="testingPositiveToZeroWithTrue">
                                    <Header>
                                        <Loc EndOffset="7294" SrcFileId="2" StartOffset="7242"/>
                                    </Header>
                                    <LocList>
                                        <Loc EndOffset="7545" SrcFileId="2" StartOffset="7242"/>
                                    </LocList>
                                    <StmntSeq Intrnl_Id="344">
                                        <LocList>
                                            <Loc EndOffset="7337" SrcFileId="2" StartOffset="7299"/>
                                            <Loc EndOffset="7394" SrcFileId="2" StartOffset="7340"/>
                                            <Loc EndOffset="7435" SrcFileId="2" StartOffset="7398"/>
                                            <Loc EndOffset="7539" SrcFileId="2" StartOffset="7439"/>
                                        </LocList>
                                        <BasicStmnt CovItemId="S36" CovItemPrefix="org.jfree.data.test.RangeTest.java" Intrnl_Id="345">
                                            <LocList>
                                                <Loc EndOffset="7337" SrcFileId="2" StartOffset="7299"/>
                                            </LocList>
                                        </BasicStmnt>
                                        <BasicStmnt CovItemId="S37" CovItemPrefix="org.jfree.data.test.RangeTest.java" Intrnl_Id="346">
                                            <LocList>
                                                <Loc EndOffset="7394" SrcFileId="2" StartOffset="7340"/>
                                            </LocList>
                                        </BasicStmnt>
                                        <BasicStmnt CovItemId="S38" CovItemPrefix="org.jfree.data.test.RangeTest.java" Intrnl_Id="347">
                                            <LocList>
                                                <Loc EndOffset="7435" SrcFileId="2" StartOffset="7398"/>
                                            </LocList>
                                        </BasicStmnt>
                                        <BasicStmnt CovItemId="S39" CovItemPrefix="org.jfree.data.test.RangeTest.java" Intrnl_Id="348">
                                            <LocList>
                                                <Loc EndOffset="7539" SrcFileId="2" StartOffset="7439"/>
                                            </LocList>
                                        </BasicStmnt>
                                    </StmntSeq>
                                </HierarchyLvl>
                                <HierarchyLvl HierarchyLvlId="57" HierarchyLvlTypeId="5" Intrnl_Id="349" Name="testingPositiveToZeroWithFalse">
                                    <Header>
                                        <Loc EndOffset="7619" SrcFileId="2" StartOffset="7566"/>
                                    </Header>
                                    <LocList>
                                        <Loc EndOffset="7865" SrcFileId="2" StartOffset="7566"/>
                                    </LocList>
                                    <StmntSeq Intrnl_Id="350">
                                        <LocList>
                                            <Loc EndOffset="7662" SrcFileId="2" StartOffset="7624"/>
                                            <Loc EndOffset="7720" SrcFileId="2" StartOffset="7665"/>
                                            <Loc EndOffset="7759" SrcFileId="2" StartOffset="7722"/>
                                            <Loc EndOffset="7859" SrcFileId="2" StartOffset="7761"/>
                                        </LocList>
                                        <BasicStmnt CovItemId="S40" CovItemPrefix="org.jfree.data.test.RangeTest.java" Intrnl_Id="351">
                                            <LocList>
                                                <Loc EndOffset="7662" SrcFileId="2" StartOffset="7624"/>
                                            </LocList>
                                        </BasicStmnt>
                                        <BasicStmnt CovItemId="S41" CovItemPrefix="org.jfree.data.test.RangeTest.java" Intrnl_Id="352">
                                            <LocList>
                                                <Loc EndOffset="7720" SrcFileId="2" StartOffset="7665"/>
                                            </LocList>
                                        </BasicStmnt>
                                        <BasicStmnt CovItemId="S42" CovItemPrefix="org.jfree.data.test.RangeTest.java" Intrnl_Id="353">
                                            <LocList>
                                                <Loc EndOffset="7759" SrcFileId="2" StartOffset="7722"/>
                                            </LocList>
                                        </BasicStmnt>
                                        <BasicStmnt CovItemId="S43" CovItemPrefix="org.jfree.data.test.RangeTest.java" Intrnl_Id="354">
                                            <LocList>
                                                <Loc EndOffset="7859" SrcFileId="2" StartOffset="7761"/>
                                            </LocList>
                                        </BasicStmnt>
                                    </StmntSeq>
                                </HierarchyLvl>
                                <HierarchyLvl HierarchyLvlId="58" HierarchyLvlTypeId="5" Intrnl_Id="355" Name="testingPositiveToNegativeWithTrue">
                                    <Header>
                                        <Loc EndOffset="7942" SrcFileId="2" StartOffset="7886"/>
                                    </Header>
                                    <LocList>
                                        <Loc EndOffset="8201" SrcFileId="2" StartOffset="7886"/>
                                    </LocList>
                                    <StmntSeq Intrnl_Id="356">
                                        <LocList>
                                            <Loc EndOffset="7985" SrcFileId="2" StartOffset="7947"/>
                                            <Loc EndOffset="8042" SrcFileId="2" StartOffset="7988"/>
                                            <Loc EndOffset="8087" SrcFileId="2" StartOffset="8048"/>
                                            <Loc EndOffset="8195" SrcFileId="2" StartOffset="8093"/>
                                        </LocList>
                                        <BasicStmnt CovItemId="S44" CovItemPrefix="org.jfree.data.test.RangeTest.java" Intrnl_Id="357">
                                            <LocList>
                                                <Loc EndOffset="7985" SrcFileId="2" StartOffset="7947"/>
                                            </LocList>
                                        </BasicStmnt>
                                        <BasicStmnt CovItemId="S45" CovItemPrefix="org.jfree.data.test.RangeTest.java" Intrnl_Id="358">
                                            <LocList>
                                                <Loc EndOffset="8042" SrcFileId="2" StartOffset="7988"/>
                                            </LocList>
                                        </BasicStmnt>
                                        <BasicStmnt CovItemId="S46" CovItemPrefix="org.jfree.data.test.RangeTest.java" Intrnl_Id="359">
                                            <LocList>
                                                <Loc EndOffset="8087" SrcFileId="2" StartOffset="8048"/>
                                            </LocList>
                                        </BasicStmnt>
                                        <BasicStmnt CovItemId="S47" CovItemPrefix="org.jfree.data.test.RangeTest.java" Intrnl_Id="360">
                                            <LocList>
                                                <Loc EndOffset="8195" SrcFileId="2" StartOffset="8093"/>
                                            </LocList>
                                        </BasicStmnt>
                                    </StmntSeq>
                                </HierarchyLvl>
                                <HierarchyLvl HierarchyLvlId="59" HierarchyLvlTypeId="5" Intrnl_Id="361" Name="testingPositiveToNegativeWithFalse">
                                    <Header>
                                        <Loc EndOffset="8282" SrcFileId="2" StartOffset="8223"/>
                                    </Header>
                                    <LocList>
                                        <Loc EndOffset="8542" SrcFileId="2" StartOffset="8223"/>
                                    </LocList>
                                    <StmntSeq Intrnl_Id="362">
                                        <LocList>
                                            <Loc EndOffset="8325" SrcFileId="2" StartOffset="8287"/>
                                            <Loc EndOffset="8383" SrcFileId="2" StartOffset="8328"/>
                                            <Loc EndOffset="8428" SrcFileId="2" StartOffset="8389"/>
                                            <Loc EndOffset="8536" SrcFileId="2" StartOffset="8434"/>
                                        </LocList>
                                        <BasicStmnt CovItemId="S48" CovItemPrefix="org.jfree.data.test.RangeTest.java" Intrnl_Id="363">
                                            <LocList>
                                                <Loc EndOffset="8325" SrcFileId="2" StartOffset="8287"/>
                                            </LocList>
                                        </BasicStmnt>
                                        <BasicStmnt CovItemId="S49" CovItemPrefix="org.jfree.data.test.RangeTest.java" Intrnl_Id="364">
                                            <LocList>
                                                <Loc EndOffset="8383" SrcFileId="2" StartOffset="8328"/>
                                            </LocList>
                                        </BasicStmnt>
                                        <BasicStmnt CovItemId="S50" CovItemPrefix="org.jfree.data.test.RangeTest.java" Intrnl_Id="365">
                                            <LocList>
                                                <Loc EndOffset="8428" SrcFileId="2" StartOffset="8389"/>
                                            </LocList>
                                        </BasicStmnt>
                                        <BasicStmnt CovItemId="S51" CovItemPrefix="org.jfree.data.test.RangeTest.java" Intrnl_Id="366">
                                            <LocList>
                                                <Loc EndOffset="8536" SrcFileId="2" StartOffset="8434"/>
                                            </LocList>
                                        </BasicStmnt>
                                    </StmntSeq>
                                </HierarchyLvl>
                                <HierarchyLvl HierarchyLvlId="60" HierarchyLvlTypeId="5" Intrnl_Id="367" Name="testingPositiveToNegativeWithFalseAndZero">
                                    <Header>
                                        <Loc EndOffset="8629" SrcFileId="2" StartOffset="8563"/>
                                    </Header>
                                    <LocList>
                                        <Loc EndOffset="8878" SrcFileId="2" StartOffset="8563"/>
                                    </LocList>
                                    <StmntSeq Intrnl_Id="368">
                                        <LocList>
                                            <Loc EndOffset="8672" SrcFileId="2" StartOffset="8634"/>
                                            <Loc EndOffset="8730" SrcFileId="2" StartOffset="8675"/>
                                            <Loc EndOffset="8770" SrcFileId="2" StartOffset="8733"/>
                                            <Loc EndOffset="8872" SrcFileId="2" StartOffset="8773"/>
                                        </LocList>
                                        <BasicStmnt CovItemId="S52" CovItemPrefix="org.jfree.data.test.RangeTest.java" Intrnl_Id="369">
                                            <LocList>
                                                <Loc EndOffset="8672" SrcFileId="2" StartOffset="8634"/>
                                            </LocList>
                                        </BasicStmnt>
                                        <BasicStmnt CovItemId="S53" CovItemPrefix="org.jfree.data.test.RangeTest.java" Intrnl_Id="370">
                                            <LocList>
                                                <Loc EndOffset="8730" SrcFileId="2" StartOffset="8675"/>
                                            </LocList>
                                        </BasicStmnt>
                                        <BasicStmnt CovItemId="S54" CovItemPrefix="org.jfree.data.test.RangeTest.java" Intrnl_Id="371">
                                            <LocList>
                                                <Loc EndOffset="8770" SrcFileId="2" StartOffset="8733"/>
                                            </LocList>
                                        </BasicStmnt>
                                        <BasicStmnt CovItemId="S55" CovItemPrefix="org.jfree.data.test.RangeTest.java" Intrnl_Id="372">
                                            <LocList>
                                                <Loc EndOffset="8872" SrcFileId="2" StartOffset="8773"/>
                                            </LocList>
                                        </BasicStmnt>
                                    </StmntSeq>
                                </HierarchyLvl>
                                <HierarchyLvl HierarchyLvlId="61" HierarchyLvlTypeId="5" Intrnl_Id="373" Name="testingPositiveToPositiveWithTrue">
                                    <Header>
                                        <Loc EndOffset="8955" SrcFileId="2" StartOffset="8899"/>
                                    </Header>
                                    <LocList>
                                        <Loc EndOffset="9214" SrcFileId="2" StartOffset="8899"/>
                                    </LocList>
                                    <StmntSeq Intrnl_Id="374">
                                        <LocList>
                                            <Loc EndOffset="8998" SrcFileId="2" StartOffset="8960"/>
                                            <Loc EndOffset="9054" SrcFileId="2" StartOffset="9001"/>
                                            <Loc EndOffset="9097" SrcFileId="2" StartOffset="9060"/>
                                            <Loc EndOffset="9208" SrcFileId="2" StartOffset="9103"/>
                                        </LocList>
                                        <BasicStmnt CovItemId="S56" CovItemPrefix="org.jfree.data.test.RangeTest.java" Intrnl_Id="375">
                                            <LocList>
                                                <Loc EndOffset="8998" SrcFileId="2" StartOffset="8960"/>
                                            </LocList>
                                        </BasicStmnt>
                                        <BasicStmnt CovItemId="S57" CovItemPrefix="org.jfree.data.test.RangeTest.java" Intrnl_Id="376">
                                            <LocList>
                                                <Loc EndOffset="9054" SrcFileId="2" StartOffset="9001"/>
                                            </LocList>
                                        </BasicStmnt>
                                        <BasicStmnt CovItemId="S58" CovItemPrefix="org.jfree.data.test.RangeTest.java" Intrnl_Id="377">
                                            <LocList>
                                                <Loc EndOffset="9097" SrcFileId="2" StartOffset="9060"/>
                                            </LocList>
                                        </BasicStmnt>
                                        <BasicStmnt CovItemId="S59" CovItemPrefix="org.jfree.data.test.RangeTest.java" Intrnl_Id="378">
                                            <LocList>
                                                <Loc EndOffset="9208" SrcFileId="2" StartOffset="9103"/>
                                            </LocList>
                                        </BasicStmnt>
                                    </StmntSeq>
                                </HierarchyLvl>
                                <HierarchyLvl HierarchyLvlId="62" HierarchyLvlTypeId="5" Intrnl_Id="379" Name="testingPositiveToPositiveWithTrueWrongAnswer">
                                    <Header>
                                        <Loc EndOffset="9302" SrcFileId="2" StartOffset="9235"/>
                                    </Header>
                                    <LocList>
                                        <Loc EndOffset="9555" SrcFileId="2" StartOffset="9235"/>
                                    </LocList>
                                    <StmntSeq Intrnl_Id="380">
                                        <LocList>
                                            <Loc EndOffset="9345" SrcFileId="2" StartOffset="9307"/>
                                            <Loc EndOffset="9401" SrcFileId="2" StartOffset="9348"/>
                                            <Loc EndOffset="9442" SrcFileId="2" StartOffset="9405"/>
                                            <Loc EndOffset="9549" SrcFileId="2" StartOffset="9446"/>
                                        </LocList>
                                        <BasicStmnt CovItemId="S60" CovItemPrefix="org.jfree.data.test.RangeTest.java" Intrnl_Id="381">
                                            <LocList>
                                                <Loc EndOffset="9345" SrcFileId="2" StartOffset="9307"/>
                                            </LocList>
                                        </BasicStmnt>
                                        <BasicStmnt CovItemId="S61" CovItemPrefix="org.jfree.data.test.RangeTest.java" Intrnl_Id="382">
                                            <LocList>
                                                <Loc EndOffset="9401" SrcFileId="2" StartOffset="9348"/>
                                            </LocList>
                                        </BasicStmnt>
                                        <BasicStmnt CovItemId="S62" CovItemPrefix="org.jfree.data.test.RangeTest.java" Intrnl_Id="383">
                                            <LocList>
                                                <Loc EndOffset="9442" SrcFileId="2" StartOffset="9405"/>
                                            </LocList>
                                        </BasicStmnt>
                                        <BasicStmnt CovItemId="S63" CovItemPrefix="org.jfree.data.test.RangeTest.java" Intrnl_Id="384">
                                            <LocList>
                                                <Loc EndOffset="9549" SrcFileId="2" StartOffset="9446"/>
                                            </LocList>
                                        </BasicStmnt>
                                    </StmntSeq>
                                </HierarchyLvl>
                                <HierarchyLvl HierarchyLvlId="63" HierarchyLvlTypeId="5" Intrnl_Id="385" Name="testingNegativeToPositiveWithFalse">
                                    <Header>
                                        <Loc EndOffset="9633" SrcFileId="2" StartOffset="9576"/>
                                    </Header>
                                    <LocList>
                                        <Loc EndOffset="9885" SrcFileId="2" StartOffset="9576"/>
                                    </LocList>
                                    <StmntSeq Intrnl_Id="386">
                                        <LocList>
                                            <Loc EndOffset="9678" SrcFileId="2" StartOffset="9638"/>
                                            <Loc EndOffset="9735" SrcFileId="2" StartOffset="9681"/>
                                            <Loc EndOffset="9776" SrcFileId="2" StartOffset="9739"/>
                                            <Loc EndOffset="9879" SrcFileId="2" StartOffset="9780"/>
                                        </LocList>
                                        <BasicStmnt CovItemId="S64" CovItemPrefix="org.jfree.data.test.RangeTest.java" Intrnl_Id="387">
                                            <LocList>
                                                <Loc EndOffset="9678" SrcFileId="2" StartOffset="9638"/>
                                            </LocList>
                                        </BasicStmnt>
                                        <BasicStmnt CovItemId="S65" CovItemPrefix="org.jfree.data.test.RangeTest.java" Intrnl_Id="388">
                                            <LocList>
                                                <Loc EndOffset="9735" SrcFileId="2" StartOffset="9681"/>
                                            </LocList>
                                        </BasicStmnt>
                                        <BasicStmnt CovItemId="S66" CovItemPrefix="org.jfree.data.test.RangeTest.java" Intrnl_Id="389">
                                            <LocList>
                                                <Loc EndOffset="9776" SrcFileId="2" StartOffset="9739"/>
                                            </LocList>
                                        </BasicStmnt>
                                        <BasicStmnt CovItemId="S67" CovItemPrefix="org.jfree.data.test.RangeTest.java" Intrnl_Id="390">
                                            <LocList>
                                                <Loc EndOffset="9879" SrcFileId="2" StartOffset="9780"/>
                                            </LocList>
                                        </BasicStmnt>
                                    </StmntSeq>
                                </HierarchyLvl>
                                <HierarchyLvl HierarchyLvlId="64" HierarchyLvlTypeId="5" Intrnl_Id="391" Name="testingNegativeToPositiveWithTrue">
                                    <Header>
                                        <Loc EndOffset="9962" SrcFileId="2" StartOffset="9906"/>
                                    </Header>
                                    <LocList>
                                        <Loc EndOffset="10209" SrcFileId="2" StartOffset="9906"/>
                                    </LocList>
                                    <StmntSeq Intrnl_Id="392">
                                        <LocList>
                                            <Loc EndOffset="10007" SrcFileId="2" StartOffset="9967"/>
                                            <Loc EndOffset="10063" SrcFileId="2" StartOffset="10010"/>
                                            <Loc EndOffset="10103" SrcFileId="2" StartOffset="10066"/>
                                            <Loc EndOffset="10203" SrcFileId="2" StartOffset="10106"/>
                                        </LocList>
                                        <BasicStmnt CovItemId="S68" CovItemPrefix="org.jfree.data.test.RangeTest.java" Intrnl_Id="393">
                                            <LocList>
                                                <Loc EndOffset="10007" SrcFileId="2" StartOffset="9967"/>
                                            </LocList>
                                        </BasicStmnt>
                                        <BasicStmnt CovItemId="S69" CovItemPrefix="org.jfree.data.test.RangeTest.java" Intrnl_Id="394">
                                            <LocList>
                                                <Loc EndOffset="10063" SrcFileId="2" StartOffset="10010"/>
                                            </LocList>
                                        </BasicStmnt>
                                        <BasicStmnt CovItemId="S70" CovItemPrefix="org.jfree.data.test.RangeTest.java" Intrnl_Id="395">
                                            <LocList>
                                                <Loc EndOffset="10103" SrcFileId="2" StartOffset="10066"/>
                                            </LocList>
                                        </BasicStmnt>
                                        <BasicStmnt CovItemId="S71" CovItemPrefix="org.jfree.data.test.RangeTest.java" Intrnl_Id="396">
                                            <LocList>
                                                <Loc EndOffset="10203" SrcFileId="2" StartOffset="10106"/>
                                            </LocList>
                                        </BasicStmnt>
                                    </StmntSeq>
                                </HierarchyLvl>
                                <HierarchyLvl HierarchyLvlId="65" HierarchyLvlTypeId="5" Intrnl_Id="397" Name="testingNegativeToPositiveWithTrueSplitRange">
                                    <Header>
                                        <Loc EndOffset="10296" SrcFileId="2" StartOffset="10230"/>
                                    </Header>
                                    <LocList>
                                        <Loc EndOffset="10538" SrcFileId="2" StartOffset="10230"/>
                                    </LocList>
                                    <StmntSeq Intrnl_Id="398">
                                        <LocList>
                                            <Loc EndOffset="10340" SrcFileId="2" StartOffset="10301"/>
                                            <Loc EndOffset="10396" SrcFileId="2" StartOffset="10343"/>
                                            <Loc EndOffset="10435" SrcFileId="2" StartOffset="10398"/>
                                            <Loc EndOffset="10532" SrcFileId="2" StartOffset="10437"/>
                                        </LocList>
                                        <BasicStmnt CovItemId="S72" CovItemPrefix="org.jfree.data.test.RangeTest.java" Intrnl_Id="399">
                                            <LocList>
                                                <Loc EndOffset="10340" SrcFileId="2" StartOffset="10301"/>
                                            </LocList>
                                        </BasicStmnt>
                                        <BasicStmnt CovItemId="S73" CovItemPrefix="org.jfree.data.test.RangeTest.java" Intrnl_Id="400">
                                            <LocList>
                                                <Loc EndOffset="10396" SrcFileId="2" StartOffset="10343"/>
                                            </LocList>
                                        </BasicStmnt>
                                        <BasicStmnt CovItemId="S74" CovItemPrefix="org.jfree.data.test.RangeTest.java" Intrnl_Id="401">
                                            <LocList>
                                                <Loc EndOffset="10435" SrcFileId="2" StartOffset="10398"/>
                                            </LocList>
                                        </BasicStmnt>
                                        <BasicStmnt CovItemId="S75" CovItemPrefix="org.jfree.data.test.RangeTest.java" Intrnl_Id="402">
                                            <LocList>
                                                <Loc EndOffset="10532" SrcFileId="2" StartOffset="10437"/>
                                            </LocList>
                                        </BasicStmnt>
                                    </StmntSeq>
                                </HierarchyLvl>
                                <HierarchyLvl HierarchyLvlId="66" HierarchyLvlTypeId="5" Intrnl_Id="403" Name="testingNegativeToPositiveWithFalseSplitRange">
                                    <Header>
                                        <Loc EndOffset="10626" SrcFileId="2" StartOffset="10559"/>
                                    </Header>
                                    <LocList>
                                        <Loc EndOffset="10867" SrcFileId="2" StartOffset="10559"/>
                                    </LocList>
                                    <StmntSeq Intrnl_Id="404">
                                        <LocList>
                                            <Loc EndOffset="10670" SrcFileId="2" StartOffset="10631"/>
                                            <Loc EndOffset="10727" SrcFileId="2" StartOffset="10673"/>
                                            <Loc EndOffset="10766" SrcFileId="2" StartOffset="10729"/>
                                            <Loc EndOffset="10861" SrcFileId="2" StartOffset="10768"/>
                                        </LocList>
                                        <BasicStmnt CovItemId="S76" CovItemPrefix="org.jfree.data.test.RangeTest.java" Intrnl_Id="405">
                                            <LocList>
                                                <Loc EndOffset="10670" SrcFileId="2" StartOffset="10631"/>
                                            </LocList>
                                        </BasicStmnt>
                                        <BasicStmnt CovItemId="S77" CovItemPrefix="org.jfree.data.test.RangeTest.java" Intrnl_Id="406">
                                            <LocList>
                                                <Loc EndOffset="10727" SrcFileId="2" StartOffset="10673"/>
                                            </LocList>
                                        </BasicStmnt>
                                        <BasicStmnt CovItemId="S78" CovItemPrefix="org.jfree.data.test.RangeTest.java" Intrnl_Id="407">
                                            <LocList>
                                                <Loc EndOffset="10766" SrcFileId="2" StartOffset="10729"/>
                                            </LocList>
                                        </BasicStmnt>
                                        <BasicStmnt CovItemId="S79" CovItemPrefix="org.jfree.data.test.RangeTest.java" Intrnl_Id="408">
                                            <LocList>
                                                <Loc EndOffset="10861" SrcFileId="2" StartOffset="10768"/>
                                            </LocList>
                                        </BasicStmnt>
                                    </StmntSeq>
                                </HierarchyLvl>
                                <HierarchyLvl HierarchyLvlId="67" HierarchyLvlTypeId="5" Intrnl_Id="409" Name="testingNegativeToPositiveWithFalseSplitRangeCorrectAnswer">
                                    <Header>
                                        <Loc EndOffset="10969" SrcFileId="2" StartOffset="10889"/>
                                    </Header>
                                    <LocList>
                                        <Loc EndOffset="11214" SrcFileId="2" StartOffset="10889"/>
                                    </LocList>
                                    <StmntSeq Intrnl_Id="410">
                                        <LocList>
                                            <Loc EndOffset="11013" SrcFileId="2" StartOffset="10974"/>
                                            <Loc EndOffset="11070" SrcFileId="2" StartOffset="11016"/>
                                            <Loc EndOffset="11109" SrcFileId="2" StartOffset="11072"/>
                                            <Loc EndOffset="11208" SrcFileId="2" StartOffset="11111"/>
                                        </LocList>
                                        <BasicStmnt CovItemId="S80" CovItemPrefix="org.jfree.data.test.RangeTest.java" Intrnl_Id="411">
                                            <LocList>
                                                <Loc EndOffset="11013" SrcFileId="2" StartOffset="10974"/>
                                            </LocList>
                                        </BasicStmnt>
                                        <BasicStmnt CovItemId="S81" CovItemPrefix="org.jfree.data.test.RangeTest.java" Intrnl_Id="412">
                                            <LocList>
                                                <Loc EndOffset="11070" SrcFileId="2" StartOffset="11016"/>
                                            </LocList>
                                        </BasicStmnt>
                                        <BasicStmnt CovItemId="S82" CovItemPrefix="org.jfree.data.test.RangeTest.java" Intrnl_Id="413">
                                            <LocList>
                                                <Loc EndOffset="11109" SrcFileId="2" StartOffset="11072"/>
                                            </LocList>
                                        </BasicStmnt>
                                        <BasicStmnt CovItemId="S83" CovItemPrefix="org.jfree.data.test.RangeTest.java" Intrnl_Id="414">
                                            <LocList>
                                                <Loc EndOffset="11208" SrcFileId="2" StartOffset="11111"/>
                                            </LocList>
                                        </BasicStmnt>
                                    </StmntSeq>
                                </HierarchyLvl>
                                <HierarchyLvl HierarchyLvlId="68" HierarchyLvlTypeId="5" Intrnl_Id="415" Name="testingPositiveToPositiveWithFalseWrongAnswer">
                                    <Header>
                                        <Loc EndOffset="11305" SrcFileId="2" StartOffset="11237"/>
                                    </Header>
                                    <LocList>
                                        <Loc EndOffset="11553" SrcFileId="2" StartOffset="11237"/>
                                    </LocList>
                                    <StmntSeq Intrnl_Id="416">
                                        <LocList>
                                            <Loc EndOffset="11348" SrcFileId="2" StartOffset="11310"/>
                                            <Loc EndOffset="11405" SrcFileId="2" StartOffset="11351"/>
                                            <Loc EndOffset="11444" SrcFileId="2" StartOffset="11407"/>
                                            <Loc EndOffset="11547" SrcFileId="2" StartOffset="11446"/>
                                        </LocList>
                                        <BasicStmnt CovItemId="S84" CovItemPrefix="org.jfree.data.test.RangeTest.java" Intrnl_Id="417">
                                            <LocList>
                                                <Loc EndOffset="11348" SrcFileId="2" StartOffset="11310"/>
                                            </LocList>
                                        </BasicStmnt>
                                        <BasicStmnt CovItemId="S85" CovItemPrefix="org.jfree.data.test.RangeTest.java" Intrnl_Id="418">
                                            <LocList>
                                                <Loc EndOffset="11405" SrcFileId="2" StartOffset="11351"/>
                                            </LocList>
                                        </BasicStmnt>
                                        <BasicStmnt CovItemId="S86" CovItemPrefix="org.jfree.data.test.RangeTest.java" Intrnl_Id="419">
                                            <LocList>
                                                <Loc EndOffset="11444" SrcFileId="2" StartOffset="11407"/>
                                            </LocList>
                                        </BasicStmnt>
                                        <BasicStmnt CovItemId="S87" CovItemPrefix="org.jfree.data.test.RangeTest.java" Intrnl_Id="420">
                                            <LocList>
                                                <Loc EndOffset="11547" SrcFileId="2" StartOffset="11446"/>
                                            </LocList>
                                        </BasicStmnt>
                                    </StmntSeq>
                                </HierarchyLvl>
                                <HierarchyLvl HierarchyLvlId="69" HierarchyLvlTypeId="5" Intrnl_Id="421" Name="testingPositiveToPositiveWithFalseCorrectAnswer">
                                    <Header>
                                        <Loc EndOffset="11644" SrcFileId="2" StartOffset="11574"/>
                                    </Header>
                                    <LocList>
                                        <Loc EndOffset="11892" SrcFileId="2" StartOffset="11574"/>
                                    </LocList>
                                    <StmntSeq Intrnl_Id="422">
                                        <LocList>
                                            <Loc EndOffset="11687" SrcFileId="2" StartOffset="11649"/>
                                            <Loc EndOffset="11744" SrcFileId="2" StartOffset="11690"/>
                                            <Loc EndOffset="11783" SrcFileId="2" StartOffset="11746"/>
                                            <Loc EndOffset="11886" SrcFileId="2" StartOffset="11785"/>
                                        </LocList>
                                        <BasicStmnt CovItemId="S88" CovItemPrefix="org.jfree.data.test.RangeTest.java" Intrnl_Id="423">
                                            <LocList>
                                                <Loc EndOffset="11687" SrcFileId="2" StartOffset="11649"/>
                                            </LocList>
                                        </BasicStmnt>
                                        <BasicStmnt CovItemId="S89" CovItemPrefix="org.jfree.data.test.RangeTest.java" Intrnl_Id="424">
                                            <LocList>
                                                <Loc EndOffset="11744" SrcFileId="2" StartOffset="11690"/>
                                            </LocList>
                                        </BasicStmnt>
                                        <BasicStmnt CovItemId="S90" CovItemPrefix="org.jfree.data.test.RangeTest.java" Intrnl_Id="425">
                                            <LocList>
                                                <Loc EndOffset="11783" SrcFileId="2" StartOffset="11746"/>
                                            </LocList>
                                        </BasicStmnt>
                                        <BasicStmnt CovItemId="S91" CovItemPrefix="org.jfree.data.test.RangeTest.java" Intrnl_Id="426">
                                            <LocList>
                                                <Loc EndOffset="11886" SrcFileId="2" StartOffset="11785"/>
                                            </LocList>
                                        </BasicStmnt>
                                    </StmntSeq>
                                </HierarchyLvl>
                                <HierarchyLvl HierarchyLvlId="70" HierarchyLvlTypeId="5" Intrnl_Id="427" Name="shiftTestWithNullRange">
                                    <Header>
                                        <Loc EndOffset="11984" SrcFileId="2" StartOffset="11898"/>
                                    </Header>
                                    <LocList>
                                        <Loc EndOffset="12023" SrcFileId="2" StartOffset="11898"/>
                                    </LocList>
                                    <StmntSeq Intrnl_Id="428">
                                        <LocList>
                                            <Loc EndOffset="12020" SrcFileId="2" StartOffset="11992"/>
                                        </LocList>
                                        <BasicStmnt CovItemId="S92" CovItemPrefix="org.jfree.data.test.RangeTest.java" Intrnl_Id="429">
                                            <LocList>
                                                <Loc EndOffset="12020" SrcFileId="2" StartOffset="11992"/>
                                            </LocList>
                                        </BasicStmnt>
                                    </StmntSeq>
                                </HierarchyLvl>
                                <HierarchyLvl HierarchyLvlId="71" HierarchyLvlTypeId="5" Intrnl_Id="430" Name="testingPositiveToPositive">
                                    <Header>
                                        <Loc EndOffset="12131" SrcFileId="2" StartOffset="12083"/>
                                    </Header>
                                    <LocList>
                                        <Loc EndOffset="12370" SrcFileId="2" StartOffset="12083"/>
                                    </LocList>
                                    <StmntSeq Intrnl_Id="431">
                                        <LocList>
                                            <Loc EndOffset="12174" SrcFileId="2" StartOffset="12136"/>
                                            <Loc EndOffset="12224" SrcFileId="2" StartOffset="12177"/>
                                            <Loc EndOffset="12263" SrcFileId="2" StartOffset="12226"/>
                                            <Loc EndOffset="12364" SrcFileId="2" StartOffset="12265"/>
                                        </LocList>
                                        <BasicStmnt CovItemId="S93" CovItemPrefix="org.jfree.data.test.RangeTest.java" Intrnl_Id="432">
                                            <LocList>
                                                <Loc EndOffset="12174" SrcFileId="2" StartOffset="12136"/>
                                            </LocList>
                                        </BasicStmnt>
                                        <BasicStmnt CovItemId="S94" CovItemPrefix="org.jfree.data.test.RangeTest.java" Intrnl_Id="433">
                                            <LocList>
                                                <Loc EndOffset="12224" SrcFileId="2" StartOffset="12177"/>
                                            </LocList>
                                        </BasicStmnt>
                                        <BasicStmnt CovItemId="S95" CovItemPrefix="org.jfree.data.test.RangeTest.java" Intrnl_Id="434">
                                            <LocList>
                                                <Loc EndOffset="12263" SrcFileId="2" StartOffset="12226"/>
                                            </LocList>
                                        </BasicStmnt>
                                        <BasicStmnt CovItemId="S96" CovItemPrefix="org.jfree.data.test.RangeTest.java" Intrnl_Id="435">
                                            <LocList>
                                                <Loc EndOffset="12364" SrcFileId="2" StartOffset="12265"/>
                                            </LocList>
                                        </BasicStmnt>
                                    </StmntSeq>
                                </HierarchyLvl>
                                <HierarchyLvl HierarchyLvlId="72" HierarchyLvlTypeId="5" Intrnl_Id="436" Name="testingPositiveToNegative">
                                    <Header>
                                        <Loc EndOffset="12441" SrcFileId="2" StartOffset="12393"/>
                                    </Header>
                                    <LocList>
                                        <Loc EndOffset="12678" SrcFileId="2" StartOffset="12393"/>
                                    </LocList>
                                    <StmntSeq Intrnl_Id="437">
                                        <LocList>
                                            <Loc EndOffset="12484" SrcFileId="2" StartOffset="12446"/>
                                            <Loc EndOffset="12535" SrcFileId="2" StartOffset="12487"/>
                                            <Loc EndOffset="12574" SrcFileId="2" StartOffset="12537"/>
                                            <Loc EndOffset="12672" SrcFileId="2" StartOffset="12576"/>
                                        </LocList>
                                        <BasicStmnt CovItemId="S97" CovItemPrefix="org.jfree.data.test.RangeTest.java" Intrnl_Id="438">
                                            <LocList>
                                                <Loc EndOffset="12484" SrcFileId="2" StartOffset="12446"/>
                                            </LocList>
                                        </BasicStmnt>
                                        <BasicStmnt CovItemId="S98" CovItemPrefix="org.jfree.data.test.RangeTest.java" Intrnl_Id="439">
                                            <LocList>
                                                <Loc EndOffset="12535" SrcFileId="2" StartOffset="12487"/>
                                            </LocList>
                                        </BasicStmnt>
                                        <BasicStmnt CovItemId="S99" CovItemPrefix="org.jfree.data.test.RangeTest.java" Intrnl_Id="440">
                                            <LocList>
                                                <Loc EndOffset="12574" SrcFileId="2" StartOffset="12537"/>
                                            </LocList>
                                        </BasicStmnt>
                                        <BasicStmnt CovItemId="S100" CovItemPrefix="org.jfree.data.test.RangeTest.java" Intrnl_Id="441">
                                            <LocList>
                                                <Loc EndOffset="12672" SrcFileId="2" StartOffset="12576"/>
                                            </LocList>
                                        </BasicStmnt>
                                    </StmntSeq>
                                </HierarchyLvl>
                                <HierarchyLvl HierarchyLvlId="73" HierarchyLvlTypeId="5" Intrnl_Id="442" Name="testingPositiveToNegativeSplit">
                                    <Header>
                                        <Loc EndOffset="12752" SrcFileId="2" StartOffset="12699"/>
                                    </Header>
                                    <LocList>
                                        <Loc EndOffset="12993" SrcFileId="2" StartOffset="12699"/>
                                    </LocList>
                                    <StmntSeq Intrnl_Id="443">
                                        <LocList>
                                            <Loc EndOffset="12796" SrcFileId="2" StartOffset="12757"/>
                                            <Loc EndOffset="12847" SrcFileId="2" StartOffset="12799"/>
                                            <Loc EndOffset="12887" SrcFileId="2" StartOffset="12849"/>
                                            <Loc EndOffset="12987" SrcFileId="2" StartOffset="12889"/>
                                        </LocList>
                                        <BasicStmnt CovItemId="S101" CovItemPrefix="org.jfree.data.test.RangeTest.java" Intrnl_Id="444">
                                            <LocList>
                                                <Loc EndOffset="12796" SrcFileId="2" StartOffset="12757"/>
                                            </LocList>
                                        </BasicStmnt>
                                        <BasicStmnt CovItemId="S102" CovItemPrefix="org.jfree.data.test.RangeTest.java" Intrnl_Id="445">
                                            <LocList>
                                                <Loc EndOffset="12847" SrcFileId="2" StartOffset="12799"/>
                                            </LocList>
                                        </BasicStmnt>
                                        <BasicStmnt CovItemId="S103" CovItemPrefix="org.jfree.data.test.RangeTest.java" Intrnl_Id="446">
                                            <LocList>
                                                <Loc EndOffset="12887" SrcFileId="2" StartOffset="12849"/>
                                            </LocList>
                                        </BasicStmnt>
                                        <BasicStmnt CovItemId="S104" CovItemPrefix="org.jfree.data.test.RangeTest.java" Intrnl_Id="447">
                                            <LocList>
                                                <Loc EndOffset="12987" SrcFileId="2" StartOffset="12889"/>
                                            </LocList>
                                        </BasicStmnt>
                                    </StmntSeq>
                                </HierarchyLvl>
                                <HierarchyLvl HierarchyLvlId="74" HierarchyLvlTypeId="5" Intrnl_Id="448" Name="testingPositiveToNegativeSplit1">
                                    <Header>
                                        <Loc EndOffset="13068" SrcFileId="2" StartOffset="13014"/>
                                    </Header>
                                    <LocList>
                                        <Loc EndOffset="13303" SrcFileId="2" StartOffset="13014"/>
                                    </LocList>
                                    <StmntSeq Intrnl_Id="449">
                                        <LocList>
                                            <Loc EndOffset="13111" SrcFileId="2" StartOffset="13073"/>
                                            <Loc EndOffset="13162" SrcFileId="2" StartOffset="13114"/>
                                            <Loc EndOffset="13203" SrcFileId="2" StartOffset="13164"/>
                                            <Loc EndOffset="13297" SrcFileId="2" StartOffset="13205"/>
                                        </LocList>
                                        <BasicStmnt CovItemId="S105" CovItemPrefix="org.jfree.data.test.RangeTest.java" Intrnl_Id="450">
                                            <LocList>
                                                <Loc EndOffset="13111" SrcFileId="2" StartOffset="13073"/>
                                            </LocList>
                                        </BasicStmnt>
                                        <BasicStmnt CovItemId="S106" CovItemPrefix="org.jfree.data.test.RangeTest.java" Intrnl_Id="451">
                                            <LocList>
                                                <Loc EndOffset="13162" SrcFileId="2" StartOffset="13114"/>
                                            </LocList>
                                        </BasicStmnt>
                                        <BasicStmnt CovItemId="S107" CovItemPrefix="org.jfree.data.test.RangeTest.java" Intrnl_Id="452">
                                            <LocList>
                                                <Loc EndOffset="13203" SrcFileId="2" StartOffset="13164"/>
                                            </LocList>
                                        </BasicStmnt>
                                        <BasicStmnt CovItemId="S108" CovItemPrefix="org.jfree.data.test.RangeTest.java" Intrnl_Id="453">
                                            <LocList>
                                                <Loc EndOffset="13297" SrcFileId="2" StartOffset="13205"/>
                                            </LocList>
                                        </BasicStmnt>
                                    </StmntSeq>
                                </HierarchyLvl>
                                <HierarchyLvl HierarchyLvlId="75" HierarchyLvlTypeId="5" Intrnl_Id="454" Name="testingNegativeToPositive">
                                    <Header>
                                        <Loc EndOffset="13373" SrcFileId="2" StartOffset="13325"/>
                                    </Header>
                                    <LocList>
                                        <Loc EndOffset="13606" SrcFileId="2" StartOffset="13325"/>
                                    </LocList>
                                    <StmntSeq Intrnl_Id="455">
                                        <LocList>
                                            <Loc EndOffset="13418" SrcFileId="2" StartOffset="13378"/>
                                            <Loc EndOffset="13468" SrcFileId="2" StartOffset="13421"/>
                                            <Loc EndOffset="13507" SrcFileId="2" StartOffset="13470"/>
                                            <Loc EndOffset="13600" SrcFileId="2" StartOffset="13509"/>
                                        </LocList>
                                        <BasicStmnt CovItemId="S109" CovItemPrefix="org.jfree.data.test.RangeTest.java" Intrnl_Id="456">
                                            <LocList>
                                                <Loc EndOffset="13418" SrcFileId="2" StartOffset="13378"/>
                                            </LocList>
                                        </BasicStmnt>
                                        <BasicStmnt CovItemId="S110" CovItemPrefix="org.jfree.data.test.RangeTest.java" Intrnl_Id="457">
                                            <LocList>
                                                <Loc EndOffset="13468" SrcFileId="2" StartOffset="13421"/>
                                            </LocList>
                                        </BasicStmnt>
                                        <BasicStmnt CovItemId="S111" CovItemPrefix="org.jfree.data.test.RangeTest.java" Intrnl_Id="458">
                                            <LocList>
                                                <Loc EndOffset="13507" SrcFileId="2" StartOffset="13470"/>
                                            </LocList>
                                        </BasicStmnt>
                                        <BasicStmnt CovItemId="S112" CovItemPrefix="org.jfree.data.test.RangeTest.java" Intrnl_Id="459">
                                            <LocList>
                                                <Loc EndOffset="13600" SrcFileId="2" StartOffset="13509"/>
                                            </LocList>
                                        </BasicStmnt>
                                    </StmntSeq>
                                </HierarchyLvl>
                                <HierarchyLvl HierarchyLvlId="76" HierarchyLvlTypeId="5" Intrnl_Id="460" Name="testingNegativeToPositiveWithCorrectAnswer">
                                    <Header>
                                        <Loc EndOffset="13692" SrcFileId="2" StartOffset="13627"/>
                                    </Header>
                                    <LocList>
                                        <Loc EndOffset="13921" SrcFileId="2" StartOffset="13627"/>
                                    </LocList>
                                    <StmntSeq Intrnl_Id="461">
                                        <LocList>
                                            <Loc EndOffset="13737" SrcFileId="2" StartOffset="13697"/>
                                            <Loc EndOffset="13787" SrcFileId="2" StartOffset="13740"/>
                                            <Loc EndOffset="13822" SrcFileId="2" StartOffset="13789"/>
                                            <Loc EndOffset="13915" SrcFileId="2" StartOffset="13824"/>
                                        </LocList>
                                        <BasicStmnt CovItemId="S113" CovItemPrefix="org.jfree.data.test.RangeTest.java" Intrnl_Id="462">
                                            <LocList>
                                                <Loc EndOffset="13737" SrcFileId="2" StartOffset="13697"/>
                                            </LocList>
                                        </BasicStmnt>
                                        <BasicStmnt CovItemId="S114" CovItemPrefix="org.jfree.data.test.RangeTest.java" Intrnl_Id="463">
                                            <LocList>
                                                <Loc EndOffset="13787" SrcFileId="2" StartOffset="13740"/>
                                            </LocList>
                                        </BasicStmnt>
                                        <BasicStmnt CovItemId="S115" CovItemPrefix="org.jfree.data.test.RangeTest.java" Intrnl_Id="464">
                                            <LocList>
                                                <Loc EndOffset="13822" SrcFileId="2" StartOffset="13789"/>
                                            </LocList>
                                        </BasicStmnt>
                                        <BasicStmnt CovItemId="S116" CovItemPrefix="org.jfree.data.test.RangeTest.java" Intrnl_Id="465">
                                            <LocList>
                                                <Loc EndOffset="13915" SrcFileId="2" StartOffset="13824"/>
                                            </LocList>
                                        </BasicStmnt>
                                    </StmntSeq>
                                </HierarchyLvl>
                                <HierarchyLvl HierarchyLvlId="77" HierarchyLvlTypeId="5" Intrnl_Id="466" Name="testingNegativeToPositiveWithCorrectAnswerSplit">
                                    <Header>
                                        <Loc EndOffset="14012" SrcFileId="2" StartOffset="13942"/>
                                    </Header>
                                    <LocList>
                                        <Loc EndOffset="14240" SrcFileId="2" StartOffset="13942"/>
                                    </LocList>
                                    <StmntSeq Intrnl_Id="467">
                                        <LocList>
                                            <Loc EndOffset="14056" SrcFileId="2" StartOffset="14017"/>
                                            <Loc EndOffset="14106" SrcFileId="2" StartOffset="14059"/>
                                            <Loc EndOffset="14141" SrcFileId="2" StartOffset="14108"/>
                                            <Loc EndOffset="14234" SrcFileId="2" StartOffset="14143"/>
                                        </LocList>
                                        <BasicStmnt CovItemId="S117" CovItemPrefix="org.jfree.data.test.RangeTest.java" Intrnl_Id="468">
                                            <LocList>
                                                <Loc EndOffset="14056" SrcFileId="2" StartOffset="14017"/>
                                            </LocList>
                                        </BasicStmnt>
                                        <BasicStmnt CovItemId="S118" CovItemPrefix="org.jfree.data.test.RangeTest.java" Intrnl_Id="469">
                                            <LocList>
                                                <Loc EndOffset="14106" SrcFileId="2" StartOffset="14059"/>
                                            </LocList>
                                        </BasicStmnt>
                                        <BasicStmnt CovItemId="S119" CovItemPrefix="org.jfree.data.test.RangeTest.java" Intrnl_Id="470">
                                            <LocList>
                                                <Loc EndOffset="14141" SrcFileId="2" StartOffset="14108"/>
                                            </LocList>
                                        </BasicStmnt>
                                        <BasicStmnt CovItemId="S120" CovItemPrefix="org.jfree.data.test.RangeTest.java" Intrnl_Id="471">
                                            <LocList>
                                                <Loc EndOffset="14234" SrcFileId="2" StartOffset="14143"/>
                                            </LocList>
                                        </BasicStmnt>
                                    </StmntSeq>
                                </HierarchyLvl>
                                <HierarchyLvl HierarchyLvlId="78" HierarchyLvlTypeId="5" Intrnl_Id="472" Name="testingNegativeToPositiveWithWrongAnswerSplit1">
                                    <Header>
                                        <Loc EndOffset="14330" SrcFileId="2" StartOffset="14261"/>
                                    </Header>
                                    <LocList>
                                        <Loc EndOffset="14560" SrcFileId="2" StartOffset="14261"/>
                                    </LocList>
                                    <StmntSeq Intrnl_Id="473">
                                        <LocList>
                                            <Loc EndOffset="14374" SrcFileId="2" StartOffset="14335"/>
                                            <Loc EndOffset="14424" SrcFileId="2" StartOffset="14377"/>
                                            <Loc EndOffset="14461" SrcFileId="2" StartOffset="14426"/>
                                            <Loc EndOffset="14554" SrcFileId="2" StartOffset="14463"/>
                                        </LocList>
                                        <BasicStmnt CovItemId="S121" CovItemPrefix="org.jfree.data.test.RangeTest.java" Intrnl_Id="474">
                                            <LocList>
                                                <Loc EndOffset="14374" SrcFileId="2" StartOffset="14335"/>
                                            </LocList>
                                        </BasicStmnt>
                                        <BasicStmnt CovItemId="S122" CovItemPrefix="org.jfree.data.test.RangeTest.java" Intrnl_Id="475">
                                            <LocList>
                                                <Loc EndOffset="14424" SrcFileId="2" StartOffset="14377"/>
                                            </LocList>
                                        </BasicStmnt>
                                        <BasicStmnt CovItemId="S123" CovItemPrefix="org.jfree.data.test.RangeTest.java" Intrnl_Id="476">
                                            <LocList>
                                                <Loc EndOffset="14461" SrcFileId="2" StartOffset="14426"/>
                                            </LocList>
                                        </BasicStmnt>
                                        <BasicStmnt CovItemId="S124" CovItemPrefix="org.jfree.data.test.RangeTest.java" Intrnl_Id="477">
                                            <LocList>
                                                <Loc EndOffset="14554" SrcFileId="2" StartOffset="14463"/>
                                            </LocList>
                                        </BasicStmnt>
                                    </StmntSeq>
                                </HierarchyLvl>
                                <HierarchyLvl HierarchyLvlId="79" HierarchyLvlTypeId="5" Intrnl_Id="478" Name="testingNegativeToZero">
                                    <Header>
                                        <Loc EndOffset="14625" SrcFileId="2" StartOffset="14581"/>
                                    </Header>
                                    <LocList>
                                        <Loc EndOffset="14852" SrcFileId="2" StartOffset="14581"/>
                                    </LocList>
                                    <StmntSeq Intrnl_Id="479">
                                        <LocList>
                                            <Loc EndOffset="14670" SrcFileId="2" StartOffset="14630"/>
                                            <Loc EndOffset="14720" SrcFileId="2" StartOffset="14673"/>
                                            <Loc EndOffset="14755" SrcFileId="2" StartOffset="14722"/>
                                            <Loc EndOffset="14846" SrcFileId="2" StartOffset="14757"/>
                                        </LocList>
                                        <BasicStmnt CovItemId="S125" CovItemPrefix="org.jfree.data.test.RangeTest.java" Intrnl_Id="480">
                                            <LocList>
                                                <Loc EndOffset="14670" SrcFileId="2" StartOffset="14630"/>
                                            </LocList>
                                        </BasicStmnt>
                                        <BasicStmnt CovItemId="S126" CovItemPrefix="org.jfree.data.test.RangeTest.java" Intrnl_Id="481">
                                            <LocList>
                                                <Loc EndOffset="14720" SrcFileId="2" StartOffset="14673"/>
                                            </LocList>
                                        </BasicStmnt>
                                        <BasicStmnt CovItemId="S127" CovItemPrefix="org.jfree.data.test.RangeTest.java" Intrnl_Id="482">
                                            <LocList>
                                                <Loc EndOffset="14755" SrcFileId="2" StartOffset="14722"/>
                                            </LocList>
                                        </BasicStmnt>
                                        <BasicStmnt CovItemId="S128" CovItemPrefix="org.jfree.data.test.RangeTest.java" Intrnl_Id="483">
                                            <LocList>
                                                <Loc EndOffset="14846" SrcFileId="2" StartOffset="14757"/>
                                            </LocList>
                                        </BasicStmnt>
                                    </StmntSeq>
                                </HierarchyLvl>
                                <HierarchyLvl HierarchyLvlId="80" HierarchyLvlTypeId="5" Intrnl_Id="484" Name="testingPositiveToZero">
                                    <Header>
                                        <Loc EndOffset="14917" SrcFileId="2" StartOffset="14873"/>
                                    </Header>
                                    <LocList>
                                        <Loc EndOffset="15144" SrcFileId="2" StartOffset="14873"/>
                                    </LocList>
                                    <StmntSeq Intrnl_Id="485">
                                        <LocList>
                                            <Loc EndOffset="14960" SrcFileId="2" StartOffset="14922"/>
                                            <Loc EndOffset="15011" SrcFileId="2" StartOffset="14963"/>
                                            <Loc EndOffset="15046" SrcFileId="2" StartOffset="15013"/>
                                            <Loc EndOffset="15138" SrcFileId="2" StartOffset="15048"/>
                                        </LocList>
                                        <BasicStmnt CovItemId="S129" CovItemPrefix="org.jfree.data.test.RangeTest.java" Intrnl_Id="486">
                                            <LocList>
                                                <Loc EndOffset="14960" SrcFileId="2" StartOffset="14922"/>
                                            </LocList>
                                        </BasicStmnt>
                                        <BasicStmnt CovItemId="S130" CovItemPrefix="org.jfree.data.test.RangeTest.java" Intrnl_Id="487">
                                            <LocList>
                                                <Loc EndOffset="15011" SrcFileId="2" StartOffset="14963"/>
                                            </LocList>
                                        </BasicStmnt>
                                        <BasicStmnt CovItemId="S131" CovItemPrefix="org.jfree.data.test.RangeTest.java" Intrnl_Id="488">
                                            <LocList>
                                                <Loc EndOffset="15046" SrcFileId="2" StartOffset="15013"/>
                                            </LocList>
                                        </BasicStmnt>
                                        <BasicStmnt CovItemId="S132" CovItemPrefix="org.jfree.data.test.RangeTest.java" Intrnl_Id="489">
                                            <LocList>
                                                <Loc EndOffset="15138" SrcFileId="2" StartOffset="15048"/>
                                            </LocList>
                                        </BasicStmnt>
                                    </StmntSeq>
                                </HierarchyLvl>
                                <HierarchyLvl HierarchyLvlId="81" HierarchyLvlTypeId="5" Intrnl_Id="490" Name="shiftTestWithNullRange1">
                                    <Header>
                                        <Loc EndOffset="15255" SrcFileId="2" StartOffset="15168"/>
                                    </Header>
                                    <LocList>
                                        <Loc EndOffset="15289" SrcFileId="2" StartOffset="15168"/>
                                    </LocList>
                                    <StmntSeq Intrnl_Id="491">
                                        <LocList>
                                            <Loc EndOffset="15286" SrcFileId="2" StartOffset="15263"/>
                                        </LocList>
                                        <BasicStmnt CovItemId="S133" CovItemPrefix="org.jfree.data.test.RangeTest.java" Intrnl_Id="492">
                                            <LocList>
                                                <Loc EndOffset="15286" SrcFileId="2" StartOffset="15263"/>
                                            </LocList>
                                        </BasicStmnt>
                                    </StmntSeq>
                                </HierarchyLvl>
                                <HierarchyLvl HierarchyLvlId="82" HierarchyLvlTypeId="5" Intrnl_Id="493" Name="NegativeAndPositive">
                                    <Header>
                                        <Loc EndOffset="15379" SrcFileId="2" StartOffset="15339"/>
                                    </Header>
                                    <LocList>
                                        <Loc EndOffset="15544" SrcFileId="2" StartOffset="15339"/>
                                    </LocList>
                                    <StmntSeq Intrnl_Id="494">
                                        <LocList>
                                            <Loc EndOffset="15419" SrcFileId="2" StartOffset="15384"/>
                                            <Loc EndOffset="15455" SrcFileId="2" StartOffset="15422"/>
                                            <Loc EndOffset="15541" SrcFileId="2" StartOffset="15458"/>
                                        </LocList>
                                        <BasicStmnt CovItemId="S134" CovItemPrefix="org.jfree.data.test.RangeTest.java" Intrnl_Id="495">
                                            <LocList>
                                                <Loc EndOffset="15419" SrcFileId="2" StartOffset="15384"/>
                                            </LocList>
                                        </BasicStmnt>
                                        <BasicStmnt CovItemId="S135" CovItemPrefix="org.jfree.data.test.RangeTest.java" Intrnl_Id="496">
                                            <LocList>
                                                <Loc EndOffset="15455" SrcFileId="2" StartOffset="15422"/>
                                            </LocList>
                                        </BasicStmnt>
                                        <BasicStmnt CovItemId="S136" CovItemPrefix="org.jfree.data.test.RangeTest.java" Intrnl_Id="497">
                                            <LocList>
                                                <Loc EndOffset="15541" SrcFileId="2" StartOffset="15458"/>
                                            </LocList>
                                        </BasicStmnt>
                                    </StmntSeq>
                                </HierarchyLvl>
                                <HierarchyLvl HierarchyLvlId="83" HierarchyLvlTypeId="5" Intrnl_Id="498" Name="PositiveAndPositive">
                                    <Header>
                                        <Loc EndOffset="15606" SrcFileId="2" StartOffset="15566"/>
                                    </Header>
                                    <LocList>
                                        <Loc EndOffset="15768" SrcFileId="2" StartOffset="15566"/>
                                    </LocList>
                                    <StmntSeq Intrnl_Id="499">
                                        <LocList>
                                            <Loc EndOffset="15645" SrcFileId="2" StartOffset="15611"/>
                                            <Loc EndOffset="15681" SrcFileId="2" StartOffset="15648"/>
                                            <Loc EndOffset="15765" SrcFileId="2" StartOffset="15684"/>
                                        </LocList>
                                        <BasicStmnt CovItemId="S137" CovItemPrefix="org.jfree.data.test.RangeTest.java" Intrnl_Id="500">
                                            <LocList>
                                                <Loc EndOffset="15645" SrcFileId="2" StartOffset="15611"/>
                                            </LocList>
                                        </BasicStmnt>
                                        <BasicStmnt CovItemId="S138" CovItemPrefix="org.jfree.data.test.RangeTest.java" Intrnl_Id="501">
                                            <LocList>
                                                <Loc EndOffset="15681" SrcFileId="2" StartOffset="15648"/>
                                            </LocList>
                                        </BasicStmnt>
                                        <BasicStmnt CovItemId="S139" CovItemPrefix="org.jfree.data.test.RangeTest.java" Intrnl_Id="502">
                                            <LocList>
                                                <Loc EndOffset="15765" SrcFileId="2" StartOffset="15684"/>
                                            </LocList>
                                        </BasicStmnt>
                                    </StmntSeq>
                                </HierarchyLvl>
                                <HierarchyLvl HierarchyLvlId="84" HierarchyLvlTypeId="5" Intrnl_Id="503" Name="NegativeAndNegative">
                                    <Header>
                                        <Loc EndOffset="15829" SrcFileId="2" StartOffset="15789"/>
                                    </Header>
                                    <LocList>
                                        <Loc EndOffset="15997" SrcFileId="2" StartOffset="15789"/>
                                    </LocList>
                                    <StmntSeq Intrnl_Id="504">
                                        <LocList>
                                            <Loc EndOffset="15870" SrcFileId="2" StartOffset="15834"/>
                                            <Loc EndOffset="15906" SrcFileId="2" StartOffset="15873"/>
                                            <Loc EndOffset="15994" SrcFileId="2" StartOffset="15909"/>
                                        </LocList>
                                        <BasicStmnt CovItemId="S140" CovItemPrefix="org.jfree.data.test.RangeTest.java" Intrnl_Id="505">
                                            <LocList>
                                                <Loc EndOffset="15870" SrcFileId="2" StartOffset="15834"/>
                                            </LocList>
                                        </BasicStmnt>
                                        <BasicStmnt CovItemId="S141" CovItemPrefix="org.jfree.data.test.RangeTest.java" Intrnl_Id="506">
                                            <LocList>
                                                <Loc EndOffset="15906" SrcFileId="2" StartOffset="15873"/>
                                            </LocList>
                                        </BasicStmnt>
                                        <BasicStmnt CovItemId="S142" CovItemPrefix="org.jfree.data.test.RangeTest.java" Intrnl_Id="507">
                                            <LocList>
                                                <Loc EndOffset="15994" SrcFileId="2" StartOffset="15909"/>
                                            </LocList>
                                        </BasicStmnt>
                                    </StmntSeq>
                                </HierarchyLvl>
                                <HierarchyLvl HierarchyLvlId="85" HierarchyLvlTypeId="5" Intrnl_Id="508" Name="ZeroAndZero">
                                    <Header>
                                        <Loc EndOffset="16050" SrcFileId="2" StartOffset="16018"/>
                                    </Header>
                                    <LocList>
                                        <Loc EndOffset="16212" SrcFileId="2" StartOffset="16018"/>
                                    </LocList>
                                    <StmntSeq Intrnl_Id="509">
                                        <LocList>
                                            <Loc EndOffset="16089" SrcFileId="2" StartOffset="16055"/>
                                            <Loc EndOffset="16125" SrcFileId="2" StartOffset="16092"/>
                                            <Loc EndOffset="16209" SrcFileId="2" StartOffset="16128"/>
                                        </LocList>
                                        <BasicStmnt CovItemId="S143" CovItemPrefix="org.jfree.data.test.RangeTest.java" Intrnl_Id="510">
                                            <LocList>
                                                <Loc EndOffset="16089" SrcFileId="2" StartOffset="16055"/>
                                            </LocList>
                                        </BasicStmnt>
                                        <BasicStmnt CovItemId="S144" CovItemPrefix="org.jfree.data.test.RangeTest.java" Intrnl_Id="511">
                                            <LocList>
                                                <Loc EndOffset="16125" SrcFileId="2" StartOffset="16092"/>
                                            </LocList>
                                        </BasicStmnt>
                                        <BasicStmnt CovItemId="S145" CovItemPrefix="org.jfree.data.test.RangeTest.java" Intrnl_Id="512">
                                            <LocList>
                                                <Loc EndOffset="16209" SrcFileId="2" StartOffset="16128"/>
                                            </LocList>
                                        </BasicStmnt>
                                    </StmntSeq>
                                </HierarchyLvl>
                                <HierarchyLvl HierarchyLvlId="86" HierarchyLvlTypeId="5" Intrnl_Id="513" Name="WrongStringFormatGap">
                                    <Header>
                                        <Loc EndOffset="16274" SrcFileId="2" StartOffset="16233"/>
                                    </Header>
                                    <LocList>
                                        <Loc EndOffset="16437" SrcFileId="2" StartOffset="16233"/>
                                    </LocList>
                                    <StmntSeq Intrnl_Id="514">
                                        <LocList>
                                            <Loc EndOffset="16313" SrcFileId="2" StartOffset="16279"/>
                                            <Loc EndOffset="16349" SrcFileId="2" StartOffset="16316"/>
                                            <Loc EndOffset="16434" SrcFileId="2" StartOffset="16352"/>
                                        </LocList>
                                        <BasicStmnt CovItemId="S146" CovItemPrefix="org.jfree.data.test.RangeTest.java" Intrnl_Id="515">
                                            <LocList>
                                                <Loc EndOffset="16313" SrcFileId="2" StartOffset="16279"/>
                                            </LocList>
                                        </BasicStmnt>
                                        <BasicStmnt CovItemId="S147" CovItemPrefix="org.jfree.data.test.RangeTest.java" Intrnl_Id="516">
                                            <LocList>
                                                <Loc EndOffset="16349" SrcFileId="2" StartOffset="16316"/>
                                            </LocList>
                                        </BasicStmnt>
                                        <BasicStmnt CovItemId="S148" CovItemPrefix="org.jfree.data.test.RangeTest.java" Intrnl_Id="517">
                                            <LocList>
                                                <Loc EndOffset="16434" SrcFileId="2" StartOffset="16352"/>
                                            </LocList>
                                        </BasicStmnt>
                                    </StmntSeq>
                                </HierarchyLvl>
                                <HierarchyLvl HierarchyLvlId="87" HierarchyLvlTypeId="5" Intrnl_Id="518" Name="WrongStringFormatSpelling">
                                    <Header>
                                        <Loc EndOffset="16504" SrcFileId="2" StartOffset="16458"/>
                                    </Header>
                                    <LocList>
                                        <Loc EndOffset="16665" SrcFileId="2" StartOffset="16458"/>
                                    </LocList>
                                    <StmntSeq Intrnl_Id="519">
                                        <LocList>
                                            <Loc EndOffset="16543" SrcFileId="2" StartOffset="16509"/>
                                            <Loc EndOffset="16579" SrcFileId="2" StartOffset="16546"/>
                                            <Loc EndOffset="16662" SrcFileId="2" StartOffset="16582"/>
                                        </LocList>
                                        <BasicStmnt CovItemId="S149" CovItemPrefix="org.jfree.data.test.RangeTest.java" Intrnl_Id="520">
                                            <LocList>
                                                <Loc EndOffset="16543" SrcFileId="2" StartOffset="16509"/>
                                            </LocList>
                                        </BasicStmnt>
                                        <BasicStmnt CovItemId="S150" CovItemPrefix="org.jfree.data.test.RangeTest.java" Intrnl_Id="521">
                                            <LocList>
                                                <Loc EndOffset="16579" SrcFileId="2" StartOffset="16546"/>
                                            </LocList>
                                        </BasicStmnt>
                                        <BasicStmnt CovItemId="S151" CovItemPrefix="org.jfree.data.test.RangeTest.java" Intrnl_Id="522">
                                            <LocList>
                                                <Loc EndOffset="16662" SrcFileId="2" StartOffset="16582"/>
                                            </LocList>
                                        </BasicStmnt>
                                    </StmntSeq>
                                </HierarchyLvl>
                                <HierarchyLvl HierarchyLvlId="88" HierarchyLvlTypeId="5" Intrnl_Id="523" Name="intersectRangeRightSide">
                                    <Header>
                                        <Loc EndOffset="16758" SrcFileId="2" StartOffset="16714"/>
                                    </Header>
                                    <LocList>
                                        <Loc EndOffset="16875" SrcFileId="2" StartOffset="16714"/>
                                    </LocList>
                                    <StmntSeq Intrnl_Id="524">
                                        <LocList>
                                            <Loc EndOffset="16799" SrcFileId="2" StartOffset="16769"/>
                                            <Loc EndOffset="16832" SrcFileId="2" StartOffset="16802"/>
                                            <Loc EndOffset="16872" SrcFileId="2" StartOffset="16838"/>
                                        </LocList>
                                        <BasicStmnt CovItemId="S152" CovItemPrefix="org.jfree.data.test.RangeTest.java" Intrnl_Id="525">
                                            <LocList>
                                                <Loc EndOffset="16799" SrcFileId="2" StartOffset="16769"/>
                                            </LocList>
                                        </BasicStmnt>
                                        <BasicStmnt CovItemId="S153" CovItemPrefix="org.jfree.data.test.RangeTest.java" Intrnl_Id="526">
                                            <LocList>
                                                <Loc EndOffset="16832" SrcFileId="2" StartOffset="16802"/>
                                            </LocList>
                                        </BasicStmnt>
                                        <BasicStmnt CovItemId="S154" CovItemPrefix="org.jfree.data.test.RangeTest.java" Intrnl_Id="527">
                                            <LocList>
                                                <Loc EndOffset="16872" SrcFileId="2" StartOffset="16838"/>
                                            </LocList>
                                        </BasicStmnt>
                                    </StmntSeq>
                                </HierarchyLvl>
                                <HierarchyLvl HierarchyLvlId="89" HierarchyLvlTypeId="5" Intrnl_Id="528" Name="intersectRangeLeftSide">
                                    <Header>
                                        <Loc EndOffset="16940" SrcFileId="2" StartOffset="16897"/>
                                    </Header>
                                    <LocList>
                                        <Loc EndOffset="17057" SrcFileId="2" StartOffset="16897"/>
                                    </LocList>
                                    <StmntSeq Intrnl_Id="529">
                                        <LocList>
                                            <Loc EndOffset="16981" SrcFileId="2" StartOffset="16951"/>
                                            <Loc EndOffset="17014" SrcFileId="2" StartOffset="16984"/>
                                            <Loc EndOffset="17054" SrcFileId="2" StartOffset="17020"/>
                                        </LocList>
                                        <BasicStmnt CovItemId="S155" CovItemPrefix="org.jfree.data.test.RangeTest.java" Intrnl_Id="530">
                                            <LocList>
                                                <Loc EndOffset="16981" SrcFileId="2" StartOffset="16951"/>
                                            </LocList>
                                        </BasicStmnt>
                                        <BasicStmnt CovItemId="S156" CovItemPrefix="org.jfree.data.test.RangeTest.java" Intrnl_Id="531">
                                            <LocList>
                                                <Loc EndOffset="17014" SrcFileId="2" StartOffset="16984"/>
                                            </LocList>
                                        </BasicStmnt>
                                        <BasicStmnt CovItemId="S157" CovItemPrefix="org.jfree.data.test.RangeTest.java" Intrnl_Id="532">
                                            <LocList>
                                                <Loc EndOffset="17054" SrcFileId="2" StartOffset="17020"/>
                                            </LocList>
                                        </BasicStmnt>
                                    </StmntSeq>
                                </HierarchyLvl>
                                <HierarchyLvl HierarchyLvlId="90" HierarchyLvlTypeId="5" Intrnl_Id="533" Name="intersectRangeBothSides">
                                    <Header>
                                        <Loc EndOffset="17124" SrcFileId="2" StartOffset="17080"/>
                                    </Header>
                                    <LocList>
                                        <Loc EndOffset="17237" SrcFileId="2" StartOffset="17080"/>
                                    </LocList>
                                    <StmntSeq Intrnl_Id="534">
                                        <LocList>
                                            <Loc EndOffset="17162" SrcFileId="2" StartOffset="17132"/>
                                            <Loc EndOffset="17194" SrcFileId="2" StartOffset="17165"/>
                                            <Loc EndOffset="17234" SrcFileId="2" StartOffset="17200"/>
                                        </LocList>
                                        <BasicStmnt CovItemId="S158" CovItemPrefix="org.jfree.data.test.RangeTest.java" Intrnl_Id="535">
                                            <LocList>
                                                <Loc EndOffset="17162" SrcFileId="2" StartOffset="17132"/>
                                            </LocList>
                                        </BasicStmnt>
                                        <BasicStmnt CovItemId="S159" CovItemPrefix="org.jfree.data.test.RangeTest.java" Intrnl_Id="536">
                                            <LocList>
                                                <Loc EndOffset="17194" SrcFileId="2" StartOffset="17165"/>
                                            </LocList>
                                        </BasicStmnt>
                                        <BasicStmnt CovItemId="S160" CovItemPrefix="org.jfree.data.test.RangeTest.java" Intrnl_Id="537">
                                            <LocList>
                                                <Loc EndOffset="17234" SrcFileId="2" StartOffset="17200"/>
                                            </LocList>
                                        </BasicStmnt>
                                    </StmntSeq>
                                </HierarchyLvl>
                                <HierarchyLvl HierarchyLvlId="91" HierarchyLvlTypeId="5" Intrnl_Id="538" Name="intersectRangeFloatRightSide">
                                    <Header>
                                        <Loc EndOffset="17313" SrcFileId="2" StartOffset="17264"/>
                                    </Header>
                                    <LocList>
                                        <Loc EndOffset="17429" SrcFileId="2" StartOffset="17264"/>
                                    </LocList>
                                    <StmntSeq Intrnl_Id="539">
                                        <LocList>
                                            <Loc EndOffset="17350" SrcFileId="2" StartOffset="17318"/>
                                            <Loc EndOffset="17386" SrcFileId="2" StartOffset="17353"/>
                                            <Loc EndOffset="17426" SrcFileId="2" StartOffset="17392"/>
                                        </LocList>
                                        <BasicStmnt CovItemId="S161" CovItemPrefix="org.jfree.data.test.RangeTest.java" Intrnl_Id="540">
                                            <LocList>
                                                <Loc EndOffset="17350" SrcFileId="2" StartOffset="17318"/>
                                            </LocList>
                                        </BasicStmnt>
                                        <BasicStmnt CovItemId="S162" CovItemPrefix="org.jfree.data.test.RangeTest.java" Intrnl_Id="541">
                                            <LocList>
                                                <Loc EndOffset="17386" SrcFileId="2" StartOffset="17353"/>
                                            </LocList>
                                        </BasicStmnt>
                                        <BasicStmnt CovItemId="S163" CovItemPrefix="org.jfree.data.test.RangeTest.java" Intrnl_Id="542">
                                            <LocList>
                                                <Loc EndOffset="17426" SrcFileId="2" StartOffset="17392"/>
                                            </LocList>
                                        </BasicStmnt>
                                    </StmntSeq>
                                </HierarchyLvl>
                                <HierarchyLvl HierarchyLvlId="92" HierarchyLvlTypeId="5" Intrnl_Id="543" Name="intersectRangeFloatLeftSide">
                                    <Header>
                                        <Loc EndOffset="17498" SrcFileId="2" StartOffset="17450"/>
                                    </Header>
                                    <LocList>
                                        <Loc EndOffset="17612" SrcFileId="2" StartOffset="17450"/>
                                    </LocList>
                                    <StmntSeq Intrnl_Id="544">
                                        <LocList>
                                            <Loc EndOffset="17535" SrcFileId="2" StartOffset="17503"/>
                                            <Loc EndOffset="17569" SrcFileId="2" StartOffset="17538"/>
                                            <Loc EndOffset="17609" SrcFileId="2" StartOffset="17575"/>
                                        </LocList>
                                        <BasicStmnt CovItemId="S164" CovItemPrefix="org.jfree.data.test.RangeTest.java" Intrnl_Id="545">
                                            <LocList>
                                                <Loc EndOffset="17535" SrcFileId="2" StartOffset="17503"/>
                                            </LocList>
                                        </BasicStmnt>
                                        <BasicStmnt CovItemId="S165" CovItemPrefix="org.jfree.data.test.RangeTest.java" Intrnl_Id="546">
                                            <LocList>
                                                <Loc EndOffset="17569" SrcFileId="2" StartOffset="17538"/>
                                            </LocList>
                                        </BasicStmnt>
                                        <BasicStmnt CovItemId="S166" CovItemPrefix="org.jfree.data.test.RangeTest.java" Intrnl_Id="547">
                                            <LocList>
                                                <Loc EndOffset="17609" SrcFileId="2" StartOffset="17575"/>
                                            </LocList>
                                        </BasicStmnt>
                                    </StmntSeq>
                                </HierarchyLvl>
                                <HierarchyLvl HierarchyLvlId="93" HierarchyLvlTypeId="5" Intrnl_Id="548" Name="centeralValueCorrectNegativeNegative">
                                    <Header>
                                        <Loc EndOffset="17726" SrcFileId="2" StartOffset="17669"/>
                                    </Header>
                                    <LocList>
                                        <Loc EndOffset="17869" SrcFileId="2" StartOffset="17669"/>
                                    </LocList>
                                    <StmntSeq Intrnl_Id="549">
                                        <LocList>
                                            <Loc EndOffset="17762" SrcFileId="2" StartOffset="17731"/>
                                            <Loc EndOffset="17866" SrcFileId="2" StartOffset="17768"/>
                                        </LocList>
                                        <BasicStmnt CovItemId="S167" CovItemPrefix="org.jfree.data.test.RangeTest.java" Intrnl_Id="550">
                                            <LocList>
                                                <Loc EndOffset="17762" SrcFileId="2" StartOffset="17731"/>
                                            </LocList>
                                        </BasicStmnt>
                                        <BasicStmnt CovItemId="S168" CovItemPrefix="org.jfree.data.test.RangeTest.java" Intrnl_Id="551">
                                            <LocList>
                                                <Loc EndOffset="17866" SrcFileId="2" StartOffset="17768"/>
                                            </LocList>
                                        </BasicStmnt>
                                    </StmntSeq>
                                </HierarchyLvl>
                                <HierarchyLvl HierarchyLvlId="94" HierarchyLvlTypeId="5" Intrnl_Id="552" Name="centeralValueCorrectNegativePositive">
                                    <Header>
                                        <Loc EndOffset="17948" SrcFileId="2" StartOffset="17891"/>
                                    </Header>
                                    <LocList>
                                        <Loc EndOffset="18088" SrcFileId="2" StartOffset="17891"/>
                                    </LocList>
                                    <StmntSeq Intrnl_Id="553">
                                        <LocList>
                                            <Loc EndOffset="17983" SrcFileId="2" StartOffset="17953"/>
                                            <Loc EndOffset="18085" SrcFileId="2" StartOffset="17989"/>
                                        </LocList>
                                        <BasicStmnt CovItemId="S169" CovItemPrefix="org.jfree.data.test.RangeTest.java" Intrnl_Id="554">
                                            <LocList>
                                                <Loc EndOffset="17983" SrcFileId="2" StartOffset="17953"/>
                                            </LocList>
                                        </BasicStmnt>
                                        <BasicStmnt CovItemId="S170" CovItemPrefix="org.jfree.data.test.RangeTest.java" Intrnl_Id="555">
                                            <LocList>
                                                <Loc EndOffset="18085" SrcFileId="2" StartOffset="17989"/>
                                            </LocList>
                                        </BasicStmnt>
                                    </StmntSeq>
                                </HierarchyLvl>
                                <HierarchyLvl HierarchyLvlId="95" HierarchyLvlTypeId="5" Intrnl_Id="556" Name="centeralValueCorrectPositivePositive">
                                    <Header>
                                        <Loc EndOffset="18166" SrcFileId="2" StartOffset="18109"/>
                                    </Header>
                                    <LocList>
                                        <Loc EndOffset="18303" SrcFileId="2" StartOffset="18109"/>
                                    </LocList>
                                    <StmntSeq Intrnl_Id="557">
                                        <LocList>
                                            <Loc EndOffset="18204" SrcFileId="2" StartOffset="18171"/>
                                            <Loc EndOffset="18300" SrcFileId="2" StartOffset="18207"/>
                                        </LocList>
                                        <BasicStmnt CovItemId="S171" CovItemPrefix="org.jfree.data.test.RangeTest.java" Intrnl_Id="558">
                                            <LocList>
                                                <Loc EndOffset="18204" SrcFileId="2" StartOffset="18171"/>
                                            </LocList>
                                        </BasicStmnt>
                                        <BasicStmnt CovItemId="S172" CovItemPrefix="org.jfree.data.test.RangeTest.java" Intrnl_Id="559">
                                            <LocList>
                                                <Loc EndOffset="18300" SrcFileId="2" StartOffset="18207"/>
                                            </LocList>
                                        </BasicStmnt>
                                    </StmntSeq>
                                </HierarchyLvl>
                                <HierarchyLvl HierarchyLvlId="96" HierarchyLvlTypeId="5" Intrnl_Id="560" Name="centeralValueWrongPositivePositive">
                                    <Header>
                                        <Loc EndOffset="18379" SrcFileId="2" StartOffset="18324"/>
                                    </Header>
                                    <LocList>
                                        <Loc EndOffset="18514" SrcFileId="2" StartOffset="18324"/>
                                    </LocList>
                                    <StmntSeq Intrnl_Id="561">
                                        <LocList>
                                            <Loc EndOffset="18417" SrcFileId="2" StartOffset="18384"/>
                                            <Loc EndOffset="18511" SrcFileId="2" StartOffset="18419"/>
                                        </LocList>
                                        <BasicStmnt CovItemId="S173" CovItemPrefix="org.jfree.data.test.RangeTest.java" Intrnl_Id="562">
                                            <LocList>
                                                <Loc EndOffset="18417" SrcFileId="2" StartOffset="18384"/>
                                            </LocList>
                                        </BasicStmnt>
                                        <BasicStmnt CovItemId="S174" CovItemPrefix="org.jfree.data.test.RangeTest.java" Intrnl_Id="563">
                                            <LocList>
                                                <Loc EndOffset="18511" SrcFileId="2" StartOffset="18419"/>
                                            </LocList>
                                        </BasicStmnt>
                                    </StmntSeq>
                                </HierarchyLvl>
                                <HierarchyLvl HierarchyLvlId="97" HierarchyLvlTypeId="5" Intrnl_Id="564" Name="centeralValueWrongNegativeNegative">
                                    <Header>
                                        <Loc EndOffset="18590" SrcFileId="2" StartOffset="18535"/>
                                    </Header>
                                    <LocList>
                                        <Loc EndOffset="18727" SrcFileId="2" StartOffset="18535"/>
                                    </LocList>
                                    <StmntSeq Intrnl_Id="565">
                                        <LocList>
                                            <Loc EndOffset="18626" SrcFileId="2" StartOffset="18595"/>
                                            <Loc EndOffset="18724" SrcFileId="2" StartOffset="18629"/>
                                        </LocList>
                                        <BasicStmnt CovItemId="S175" CovItemPrefix="org.jfree.data.test.RangeTest.java" Intrnl_Id="566">
                                            <LocList>
                                                <Loc EndOffset="18626" SrcFileId="2" StartOffset="18595"/>
                                            </LocList>
                                        </BasicStmnt>
                                        <BasicStmnt CovItemId="S176" CovItemPrefix="org.jfree.data.test.RangeTest.java" Intrnl_Id="567">
                                            <LocList>
                                                <Loc EndOffset="18724" SrcFileId="2" StartOffset="18629"/>
                                            </LocList>
                                        </BasicStmnt>
                                    </StmntSeq>
                                </HierarchyLvl>
                                <HierarchyLvl HierarchyLvlId="98" HierarchyLvlTypeId="5" Intrnl_Id="568" Name="centeralValueWrongNegativePositive">
                                    <Header>
                                        <Loc EndOffset="18803" SrcFileId="2" StartOffset="18748"/>
                                    </Header>
                                    <LocList>
                                        <Loc EndOffset="18937" SrcFileId="2" StartOffset="18748"/>
                                    </LocList>
                                    <StmntSeq Intrnl_Id="569">
                                        <LocList>
                                            <Loc EndOffset="18838" SrcFileId="2" StartOffset="18808"/>
                                            <Loc EndOffset="18934" SrcFileId="2" StartOffset="18841"/>
                                        </LocList>
                                        <BasicStmnt CovItemId="S177" CovItemPrefix="org.jfree.data.test.RangeTest.java" Intrnl_Id="570">
                                            <LocList>
                                                <Loc EndOffset="18838" SrcFileId="2" StartOffset="18808"/>
                                            </LocList>
                                        </BasicStmnt>
                                        <BasicStmnt CovItemId="S178" CovItemPrefix="org.jfree.data.test.RangeTest.java" Intrnl_Id="571">
                                            <LocList>
                                                <Loc EndOffset="18934" SrcFileId="2" StartOffset="18841"/>
                                            </LocList>
                                        </BasicStmnt>
                                    </StmntSeq>
                                </HierarchyLvl>
                                <HierarchyLvl HierarchyLvlId="99" HierarchyLvlTypeId="5" Intrnl_Id="572" Name="expandToIncludeLeftSideCorrect">
                                    <Header>
                                        <Loc EndOffset="19040" SrcFileId="2" StartOffset="18989"/>
                                    </Header>
                                    <LocList>
                                        <Loc EndOffset="19195" SrcFileId="2" StartOffset="18989"/>
                                    </LocList>
                                    <StmntSeq Intrnl_Id="573">
                                        <LocList>
                                            <Loc EndOffset="19075" SrcFileId="2" StartOffset="19045"/>
                                            <Loc EndOffset="19192" SrcFileId="2" StartOffset="19081"/>
                                        </LocList>
                                        <BasicStmnt CovItemId="S179" CovItemPrefix="org.jfree.data.test.RangeTest.java" Intrnl_Id="574">
                                            <LocList>
                                                <Loc EndOffset="19075" SrcFileId="2" StartOffset="19045"/>
                                            </LocList>
                                        </BasicStmnt>
                                        <BasicStmnt CovItemId="S180" CovItemPrefix="org.jfree.data.test.RangeTest.java" Intrnl_Id="575">
                                            <LocList>
                                                <Loc EndOffset="19192" SrcFileId="2" StartOffset="19081"/>
                                            </LocList>
                                        </BasicStmnt>
                                    </StmntSeq>
                                </HierarchyLvl>
                                <HierarchyLvl HierarchyLvlId="100" HierarchyLvlTypeId="5" Intrnl_Id="576" Name="expandToIncludeRightSideCorrect">
                                    <Header>
                                        <Loc EndOffset="19268" SrcFileId="2" StartOffset="19216"/>
                                    </Header>
                                    <LocList>
                                        <Loc EndOffset="19420" SrcFileId="2" StartOffset="19216"/>
                                    </LocList>
                                    <StmntSeq Intrnl_Id="577">
                                        <LocList>
                                            <Loc EndOffset="19303" SrcFileId="2" StartOffset="19273"/>
                                            <Loc EndOffset="19417" SrcFileId="2" StartOffset="19306"/>
                                        </LocList>
                                        <BasicStmnt CovItemId="S181" CovItemPrefix="org.jfree.data.test.RangeTest.java" Intrnl_Id="578">
                                            <LocList>
                                                <Loc EndOffset="19303" SrcFileId="2" StartOffset="19273"/>
                                            </LocList>
                                        </BasicStmnt>
                                        <BasicStmnt CovItemId="S182" CovItemPrefix="org.jfree.data.test.RangeTest.java" Intrnl_Id="579">
                                            <LocList>
                                                <Loc EndOffset="19417" SrcFileId="2" StartOffset="19306"/>
                                            </LocList>
                                        </BasicStmnt>
                                    </StmntSeq>
                                </HierarchyLvl>
                                <HierarchyLvl HierarchyLvlId="101" HierarchyLvlTypeId="5" Intrnl_Id="580" Name="NoNeedToExpandToIncludeCorrect">
                                    <Header>
                                        <Loc EndOffset="19492" SrcFileId="2" StartOffset="19441"/>
                                    </Header>
                                    <LocList>
                                        <Loc EndOffset="19646" SrcFileId="2" StartOffset="19441"/>
                                    </LocList>
                                    <StmntSeq Intrnl_Id="581">
                                        <LocList>
                                            <Loc EndOffset="19527" SrcFileId="2" StartOffset="19497"/>
                                            <Loc EndOffset="19643" SrcFileId="2" StartOffset="19530"/>
                                        </LocList>
                                        <BasicStmnt CovItemId="S183" CovItemPrefix="org.jfree.data.test.RangeTest.java" Intrnl_Id="582">
                                            <LocList>
                                                <Loc EndOffset="19527" SrcFileId="2" StartOffset="19497"/>
                                            </LocList>
                                        </BasicStmnt>
                                        <BasicStmnt CovItemId="S184" CovItemPrefix="org.jfree.data.test.RangeTest.java" Intrnl_Id="583">
                                            <LocList>
                                                <Loc EndOffset="19643" SrcFileId="2" StartOffset="19530"/>
                                            </LocList>
                                        </BasicStmnt>
                                    </StmntSeq>
                                </HierarchyLvl>
                                <HierarchyLvl HierarchyLvlId="102" HierarchyLvlTypeId="5" Intrnl_Id="584" Name="expandToIncludeRightSideWrong">
                                    <Header>
                                        <Loc EndOffset="19717" SrcFileId="2" StartOffset="19667"/>
                                    </Header>
                                    <LocList>
                                        <Loc EndOffset="19859" SrcFileId="2" StartOffset="19667"/>
                                    </LocList>
                                    <StmntSeq Intrnl_Id="585">
                                        <LocList>
                                            <Loc EndOffset="19752" SrcFileId="2" StartOffset="19722"/>
                                            <Loc EndOffset="19856" SrcFileId="2" StartOffset="19755"/>
                                        </LocList>
                                        <BasicStmnt CovItemId="S185" CovItemPrefix="org.jfree.data.test.RangeTest.java" Intrnl_Id="586">
                                            <LocList>
                                                <Loc EndOffset="19752" SrcFileId="2" StartOffset="19722"/>
                                            </LocList>
                                        </BasicStmnt>
                                        <BasicStmnt CovItemId="S186" CovItemPrefix="org.jfree.data.test.RangeTest.java" Intrnl_Id="587">
                                            <LocList>
                                                <Loc EndOffset="19856" SrcFileId="2" StartOffset="19755"/>
                                            </LocList>
                                        </BasicStmnt>
                                    </StmntSeq>
                                </HierarchyLvl>
                                <HierarchyLvl HierarchyLvlId="103" HierarchyLvlTypeId="5" Intrnl_Id="588" Name="expandToIncludeLeftSideWrong">
                                    <Header>
                                        <Loc EndOffset="19929" SrcFileId="2" StartOffset="19880"/>
                                    </Header>
                                    <LocList>
                                        <Loc EndOffset="20070" SrcFileId="2" StartOffset="19880"/>
                                    </LocList>
                                    <StmntSeq Intrnl_Id="589">
                                        <LocList>
                                            <Loc EndOffset="19964" SrcFileId="2" StartOffset="19934"/>
                                            <Loc EndOffset="20067" SrcFileId="2" StartOffset="19967"/>
                                        </LocList>
                                        <BasicStmnt CovItemId="S187" CovItemPrefix="org.jfree.data.test.RangeTest.java" Intrnl_Id="590">
                                            <LocList>
                                                <Loc EndOffset="19964" SrcFileId="2" StartOffset="19934"/>
                                            </LocList>
                                        </BasicStmnt>
                                        <BasicStmnt CovItemId="S188" CovItemPrefix="org.jfree.data.test.RangeTest.java" Intrnl_Id="591">
                                            <LocList>
                                                <Loc EndOffset="20067" SrcFileId="2" StartOffset="19967"/>
                                            </LocList>
                                        </BasicStmnt>
                                    </StmntSeq>
                                </HierarchyLvl>
                                <HierarchyLvl HierarchyLvlId="104" HierarchyLvlTypeId="5" Intrnl_Id="592" Name="expandToIncludeLeftSideSame">
                                    <Header>
                                        <Loc EndOffset="20139" SrcFileId="2" StartOffset="20091"/>
                                    </Header>
                                    <LocList>
                                        <Loc EndOffset="20277" SrcFileId="2" StartOffset="20091"/>
                                    </LocList>
                                    <StmntSeq Intrnl_Id="593">
                                        <LocList>
                                            <Loc EndOffset="20174" SrcFileId="2" StartOffset="20144"/>
                                            <Loc EndOffset="20274" SrcFileId="2" StartOffset="20176"/>
                                        </LocList>
                                        <BasicStmnt CovItemId="S189" CovItemPrefix="org.jfree.data.test.RangeTest.java" Intrnl_Id="594">
                                            <LocList>
                                                <Loc EndOffset="20174" SrcFileId="2" StartOffset="20144"/>
                                            </LocList>
                                        </BasicStmnt>
                                        <BasicStmnt CovItemId="S190" CovItemPrefix="org.jfree.data.test.RangeTest.java" Intrnl_Id="595">
                                            <LocList>
                                                <Loc EndOffset="20274" SrcFileId="2" StartOffset="20176"/>
                                            </LocList>
                                        </BasicStmnt>
                                    </StmntSeq>
                                </HierarchyLvl>
                                <HierarchyLvl HierarchyLvlId="105" HierarchyLvlTypeId="5" Intrnl_Id="596" Name="expandToIncludeRightSideSame">
                                    <Header>
                                        <Loc EndOffset="20347" SrcFileId="2" StartOffset="20298"/>
                                    </Header>
                                    <LocList>
                                        <Loc EndOffset="20482" SrcFileId="2" StartOffset="20298"/>
                                    </LocList>
                                    <StmntSeq Intrnl_Id="597">
                                        <LocList>
                                            <Loc EndOffset="20382" SrcFileId="2" StartOffset="20352"/>
                                            <Loc EndOffset="20479" SrcFileId="2" StartOffset="20384"/>
                                        </LocList>
                                        <BasicStmnt CovItemId="S191" CovItemPrefix="org.jfree.data.test.RangeTest.java" Intrnl_Id="598">
                                            <LocList>
                                                <Loc EndOffset="20382" SrcFileId="2" StartOffset="20352"/>
                                            </LocList>
                                        </BasicStmnt>
                                        <BasicStmnt CovItemId="S192" CovItemPrefix="org.jfree.data.test.RangeTest.java" Intrnl_Id="599">
                                            <LocList>
                                                <Loc EndOffset="20479" SrcFileId="2" StartOffset="20384"/>
                                            </LocList>
                                        </BasicStmnt>
                                    </StmntSeq>
                                </HierarchyLvl>
                                <HierarchyLvl HierarchyLvlId="106" HierarchyLvlTypeId="5" Intrnl_Id="600" Name="expandUsingZeroMarginsTest">
                                    <Header>
                                        <Loc EndOffset="20553" SrcFileId="2" StartOffset="20506"/>
                                    </Header>
                                    <LocList>
                                        <Loc EndOffset="20730" SrcFileId="2" StartOffset="20506"/>
                                    </LocList>
                                    <StmntSeq Intrnl_Id="601">
                                        <LocList>
                                            <Loc EndOffset="20585" SrcFileId="2" StartOffset="20558"/>
                                            <Loc EndOffset="20615" SrcFileId="2" StartOffset="20588"/>
                                            <Loc EndOffset="20727" SrcFileId="2" StartOffset="20618"/>
                                        </LocList>
                                        <BasicStmnt CovItemId="S193" CovItemPrefix="org.jfree.data.test.RangeTest.java" Intrnl_Id="602">
                                            <LocList>
                                                <Loc EndOffset="20585" SrcFileId="2" StartOffset="20558"/>
                                            </LocList>
                                        </BasicStmnt>
                                        <BasicStmnt CovItemId="S194" CovItemPrefix="org.jfree.data.test.RangeTest.java" Intrnl_Id="603">
                                            <LocList>
                                                <Loc EndOffset="20615" SrcFileId="2" StartOffset="20588"/>
                                            </LocList>
                                        </BasicStmnt>
                                        <BasicStmnt CovItemId="S195" CovItemPrefix="org.jfree.data.test.RangeTest.java" Intrnl_Id="604">
                                            <LocList>
                                                <Loc EndOffset="20727" SrcFileId="2" StartOffset="20618"/>
                                            </LocList>
                                        </BasicStmnt>
                                    </StmntSeq>
                                </HierarchyLvl>
                                <HierarchyLvl HierarchyLvlId="107" HierarchyLvlTypeId="5" Intrnl_Id="605" Name="nullRange">
                                    <Header>
                                        <Loc EndOffset="20796" SrcFileId="2" StartOffset="20766"/>
                                    </Header>
                                    <LocList>
                                        <Loc EndOffset="21026" SrcFileId="2" StartOffset="20766"/>
                                    </LocList>
                                    <StmntSeq Intrnl_Id="606">
                                        <LocList>
                                            <Loc EndOffset="20837" SrcFileId="2" StartOffset="20810"/>
                                            <Loc EndOffset="20888" SrcFileId="2" StartOffset="20841"/>
                                            <Loc EndOffset="21023" SrcFileId="2" StartOffset="20801"/>
                                        </LocList>
                                        <BasicStmnt CovItemId="S197" CovItemPrefix="org.jfree.data.test.RangeTest.java" Intrnl_Id="607">
                                            <LocList>
                                                <Loc EndOffset="20837" SrcFileId="2" StartOffset="20810"/>
                                            </LocList>
                                        </BasicStmnt>
                                        <BasicStmnt CovItemId="S198" CovItemPrefix="org.jfree.data.test.RangeTest.java" Intrnl_Id="608">
                                            <LocList>
                                                <Loc EndOffset="20888" SrcFileId="2" StartOffset="20841"/>
                                            </LocList>
                                        </BasicStmnt>
                                        <CondStmnt CovItemId="S196" CovItemPrefix="org.jfree.data.test.RangeTest.java" Intrnl_Id="609">
                                            <Branch CovItemId="B5" CovItemPrefix="org.jfree.data.test.RangeTest.java" Implct="true" Intrnl_Id="610">
                                                <Cond/>
                                                <LocList/>
                                                <StmntSeq Intrnl_Id="611">
                                                    <LocList/>
                                                </StmntSeq>
                                            </Branch>
                                            <Branch CovItemId="B6" CovItemPrefix="org.jfree.data.test.RangeTest.java" Implct="false" Intrnl_Id="612">
                                                <Cond>
                                                    <Loc EndOffset="20913" SrcFileId="2" StartOffset="20895"/>
                                                </Cond>
                                                <LocList>
                                                    <Loc EndOffset="21023" SrcFileId="2" StartOffset="20914"/>
                                                </LocList>
                                                <StmntSeq Intrnl_Id="613">
                                                    <LocList>
                                                        <Loc EndOffset="21019" SrcFileId="2" StartOffset="20919"/>
                                                    </LocList>
                                                    <BasicStmnt CovItemId="S199" CovItemPrefix="org.jfree.data.test.RangeTest.java" Intrnl_Id="614">
                                                        <LocList>
                                                            <Loc EndOffset="21019" SrcFileId="2" StartOffset="20919"/>
                                                        </LocList>
                                                    </BasicStmnt>
                                                </StmntSeq>
                                            </Branch>
                                            <Keyword EndOffset="20804" SrcFileId="2" StartOffset="20801"/>
                                            <LocList>
                                                <Loc EndOffset="21023" SrcFileId="2" StartOffset="20801"/>
                                            </LocList>
                                        </CondStmnt>
                                    </StmntSeq>
                                </HierarchyLvl>
                                <HierarchyLvl HierarchyLvlId="108" HierarchyLvlTypeId="5" Intrnl_Id="615" Name="sameUpperBoundary">
                                    <Header>
                                        <Loc EndOffset="21162" SrcFileId="2" StartOffset="21124"/>
                                    </Header>
                                    <LocList>
                                        <Loc EndOffset="21312" SrcFileId="2" StartOffset="21124"/>
                                    </LocList>
                                    <StmntSeq Intrnl_Id="616">
                                        <LocList>
                                            <Loc EndOffset="21309" SrcFileId="2" StartOffset="21167"/>
                                        </LocList>
                                        <BasicStmnt CovItemId="S200" CovItemPrefix="org.jfree.data.test.RangeTest.java" Intrnl_Id="617">
                                            <LocList>
                                                <Loc EndOffset="21309" SrcFileId="2" StartOffset="21167"/>
                                            </LocList>
                                        </BasicStmnt>
                                    </StmntSeq>
                                </HierarchyLvl>
                                <HierarchyLvl HierarchyLvlId="109" HierarchyLvlTypeId="5" Intrnl_Id="618" Name="sameLowerBoundary">
                                    <Header>
                                        <Loc EndOffset="21432" SrcFileId="2" StartOffset="21393"/>
                                    </Header>
                                    <LocList>
                                        <Loc EndOffset="21582" SrcFileId="2" StartOffset="21393"/>
                                    </LocList>
                                    <StmntSeq Intrnl_Id="619">
                                        <LocList>
                                            <Loc EndOffset="21579" SrcFileId="2" StartOffset="21437"/>
                                        </LocList>
                                        <BasicStmnt CovItemId="S201" CovItemPrefix="org.jfree.data.test.RangeTest.java" Intrnl_Id="620">
                                            <LocList>
                                                <Loc EndOffset="21579" SrcFileId="2" StartOffset="21437"/>
                                            </LocList>
                                        </BasicStmnt>
                                    </StmntSeq>
                                </HierarchyLvl>
                                <HierarchyLvl HierarchyLvlId="110" HierarchyLvlTypeId="5" Intrnl_Id="621" Name="diffRanges">
                                    <Header>
                                        <Loc EndOffset="21678" SrcFileId="2" StartOffset="21647"/>
                                    </Header>
                                    <LocList>
                                        <Loc EndOffset="21783" SrcFileId="2" StartOffset="21647"/>
                                    </LocList>
                                    <StmntSeq Intrnl_Id="622">
                                        <LocList>
                                            <Loc EndOffset="21780" SrcFileId="2" StartOffset="21683"/>
                                        </LocList>
                                        <BasicStmnt CovItemId="S202" CovItemPrefix="org.jfree.data.test.RangeTest.java" Intrnl_Id="623">
                                            <LocList>
                                                <Loc EndOffset="21780" SrcFileId="2" StartOffset="21683"/>
                                            </LocList>
                                        </BasicStmnt>
                                    </StmntSeq>
                                </HierarchyLvl>
                                <HierarchyLvl HierarchyLvlId="111" HierarchyLvlTypeId="5" Intrnl_Id="624" Name="sameRanges">
                                    <Header>
                                        <Loc EndOffset="21874" SrcFileId="2" StartOffset="21843"/>
                                    </Header>
                                    <LocList>
                                        <Loc EndOffset="21973" SrcFileId="2" StartOffset="21843"/>
                                    </LocList>
                                    <StmntSeq Intrnl_Id="625">
                                        <LocList>
                                            <Loc EndOffset="21970" SrcFileId="2" StartOffset="21879"/>
                                        </LocList>
                                        <BasicStmnt CovItemId="S203" CovItemPrefix="org.jfree.data.test.RangeTest.java" Intrnl_Id="626">
                                            <LocList>
                                                <Loc EndOffset="21970" SrcFileId="2" StartOffset="21879"/>
                                            </LocList>
                                        </BasicStmnt>
                                    </StmntSeq>
                                </HierarchyLvl>
                                <HierarchyLvl HierarchyLvlId="112" HierarchyLvlTypeId="5" Intrnl_Id="627" Name="nullRangeEquals">
                                    <Header>
                                        <Loc EndOffset="22033" SrcFileId="2" StartOffset="21997"/>
                                    </Header>
                                    <LocList>
                                        <Loc EndOffset="22112" SrcFileId="2" StartOffset="21997"/>
                                    </LocList>
                                    <StmntSeq Intrnl_Id="628">
                                        <LocList>
                                            <Loc EndOffset="22109" SrcFileId="2" StartOffset="22038"/>
                                        </LocList>
                                        <BasicStmnt CovItemId="S204" CovItemPrefix="org.jfree.data.test.RangeTest.java" Intrnl_Id="629">
                                            <LocList>
                                                <Loc EndOffset="22109" SrcFileId="2" StartOffset="22038"/>
                                            </LocList>
                                        </BasicStmnt>
                                    </StmntSeq>
                                </HierarchyLvl>
                                <HierarchyLvl HierarchyLvlId="113" HierarchyLvlTypeId="5" Intrnl_Id="630" Name="inLowerBoundary">
                                    <Header>
                                        <Loc EndOffset="22213" SrcFileId="2" StartOffset="22177"/>
                                    </Header>
                                    <LocList>
                                        <Loc EndOffset="22299" SrcFileId="2" StartOffset="22177"/>
                                    </LocList>
                                    <StmntSeq Intrnl_Id="631">
                                        <LocList>
                                            <Loc EndOffset="22296" SrcFileId="2" StartOffset="22218"/>
                                        </LocList>
                                        <BasicStmnt CovItemId="S205" CovItemPrefix="org.jfree.data.test.RangeTest.java" Intrnl_Id="632">
                                            <LocList>
                                                <Loc EndOffset="22296" SrcFileId="2" StartOffset="22218"/>
                                            </LocList>
                                        </BasicStmnt>
                                    </StmntSeq>
                                </HierarchyLvl>
                                <HierarchyLvl HierarchyLvlId="114" HierarchyLvlTypeId="5" Intrnl_Id="633" Name="inUpperBoundary">
                                    <Header>
                                        <Loc EndOffset="22382" SrcFileId="2" StartOffset="22346"/>
                                    </Header>
                                    <LocList>
                                        <Loc EndOffset="22466" SrcFileId="2" StartOffset="22346"/>
                                    </LocList>
                                    <StmntSeq Intrnl_Id="634">
                                        <LocList>
                                            <Loc EndOffset="22463" SrcFileId="2" StartOffset="22387"/>
                                        </LocList>
                                        <BasicStmnt CovItemId="S206" CovItemPrefix="org.jfree.data.test.RangeTest.java" Intrnl_Id="635">
                                            <LocList>
                                                <Loc EndOffset="22463" SrcFileId="2" StartOffset="22387"/>
                                            </LocList>
                                        </BasicStmnt>
                                    </StmntSeq>
                                </HierarchyLvl>
                                <HierarchyLvl HierarchyLvlId="115" HierarchyLvlTypeId="5" Intrnl_Id="636" Name="numberInRange">
                                    <Header>
                                        <Loc EndOffset="22536" SrcFileId="2" StartOffset="22502"/>
                                    </Header>
                                    <LocList>
                                        <Loc EndOffset="22615" SrcFileId="2" StartOffset="22502"/>
                                    </LocList>
                                    <StmntSeq Intrnl_Id="637">
                                        <LocList>
                                            <Loc EndOffset="22612" SrcFileId="2" StartOffset="22541"/>
                                        </LocList>
                                        <BasicStmnt CovItemId="S207" CovItemPrefix="org.jfree.data.test.RangeTest.java" Intrnl_Id="638">
                                            <LocList>
                                                <Loc EndOffset="22612" SrcFileId="2" StartOffset="22541"/>
                                            </LocList>
                                        </BasicStmnt>
                                    </StmntSeq>
                                </HierarchyLvl>
                                <HierarchyLvl HierarchyLvlId="116" HierarchyLvlTypeId="5" Intrnl_Id="639" Name="tearDown">
                                    <Header>
                                        <Loc EndOffset="22670" SrcFileId="2" StartOffset="22621"/>
                                    </Header>
                                    <LocList>
                                        <Loc EndOffset="22677" SrcFileId="2" StartOffset="22621"/>
                                    </LocList>
                                </HierarchyLvl>
                                <HierarchyLvl HierarchyLvlId="117" HierarchyLvlTypeId="5" Intrnl_Id="640" Name="tearDownAfterClass">
                                    <Header>
                                        <Loc EndOffset="22752" SrcFileId="2" StartOffset="22681"/>
                                    </Header>
                                    <LocList>
                                        <Loc EndOffset="22759" SrcFileId="2" StartOffset="22681"/>
                                    </LocList>
                                </HierarchyLvl>
                            </HierarchyLvl>
                        </HierarchyLvl>
                    </HierarchyLvl>
                </HierarchyLvl>
            </HierarchyLvl>
        </HierarchyLvl>
    </MASTRoot>
</TestSessionContainer>
