<?xml version="1.0" encoding="UTF-8"?><TestSessionContainer xmlns="http://www.codecover.org/xml/testsession-container" Date="1677711624030" TestSessionContainerId="5628f180-bb87-4262-923b-27578162adad" version="1.0">
    <SrcFileList>
        <SrcFile Content="package org.jfree.data.test;&#13;&#10;&#13;&#10;import static org.junit.Assert.*; import org.jfree.data.Range; import org.junit.*;&#13;&#10;&#13;&#10;public class RangeTest{&#13;&#10;&#13;&#10;private Range testRange;&#13;&#10;&#13;&#10;&#13;&#10;private Range exampleRange;&#13;&#10;&#13;&#10;private Range exampleRange2;&#13;&#10;&#13;&#10;private Range rangeN;&#13;&#10;&#13;&#10;private Range rangeZ;&#13;&#10;&#13;&#10;private Range rangeP;&#13;&#10;&#13;&#10;private Range range;&#13;&#10;&#13;&#10;private Range rangeC;&#13;&#10;&#13;&#10;private Range rangeDoub;&#13;&#10;&#13;&#10;private Range range1, range2;&#13;&#10;&#13;&#10;&#13;&#10;&#13;&#10;@BeforeClass public static void setUpBeforeClass() throws Exception {&#13;&#10;&#13;&#10;}&#13;&#10;&#13;&#10;@Before&#13;&#10;&#13;&#10;public void setUp() throws Exception {&#13;&#10;&#13;&#10;testRange = new Range(-4, 8);&#13;&#10;&#13;&#10;&#13;&#10;exampleRange = new Range(-1, 1);&#13;&#10;&#13;&#10;exampleRange2 = new Range(-1, -1);//size zero&#13;&#10;&#13;&#10;&#13;&#10;rangeN = new Range(-10, 1); // range for negative lower bound&#13;&#10;&#13;&#10;rangeZ = new Range(0, 0); // range for lower and upper bound being 0&#13;&#10;&#13;&#10;rangeP = new Range(1, 10); // range for positive lower bound&#13;&#10;&#13;&#10;rangeDoub = new Range(2.5, 5.0); // range for double values&#13;&#10;&#13;&#10;range = new Range(10, 50); //create range from 10 to 100&#13;&#10;&#13;&#10;rangeC = new Range(5, 20);// new range from 5 to 20&#13;&#10;&#13;&#10;&#13;&#10;&#13;&#10;}&#13;&#10;&#13;&#10;&#13;&#10;// constrain() test cases&#13;&#10;&#13;&#10;/*if the input number is lower than the lower boundary of the range than the constrain should be the lower boundary*/&#13;&#10;&#13;&#10;@Test&#13;&#10;&#13;&#10;public void numberLowerThanLowerBoundary() {&#13;&#10;&#13;&#10;assertEquals(&quot;The constrain value of -5 in the range of -1 and 1 should be -1)&quot;,-1,exampleRange.constrain(-5), 0.000001d);&#13;&#10;&#13;&#10;}&#13;&#10;&#13;&#10;&#13;&#10;/*if the input number is lower than the lower boundary of a range of zero than the constrain should be the lower boundary*/&#13;&#10;&#13;&#10;@Test&#13;&#10;&#13;&#10;public void numberLowerThanLowerBoundaryWithRangeZero() {&#13;&#10;&#13;&#10;assertEquals(&quot;The constrain value of -5 in the range of -1 and -1 should be -1)&quot;,-1,exampleRange2.constrain(-5), 0.000001d);&#13;&#10;&#13;&#10;}&#13;&#10;&#13;&#10;&#13;&#10;/*if the input number is higher than the upper boundary of the range than the constrain should be the upper boundary*/&#13;&#10;&#13;&#10;@Test&#13;&#10;&#13;&#10;public void numberHigherThanUpperBoundary() {&#13;&#10;&#13;&#10;assertEquals(&quot;The constrain value of 5 in the range of -1 and 1 should be 1)&quot;,1,exampleRange.constrain(5), 0.000001d);&#13;&#10;&#13;&#10;}&#13;&#10;&#13;&#10;&#13;&#10;/*if the input number is higher than the upper boundary of a range of zero than the constrain should be the upper boundary*/&#13;&#10;&#13;&#10;@Test&#13;&#10;&#13;&#10;public void numberHigherThanUpperBoundaryWithRangeZero() {&#13;&#10;&#13;&#10;assertEquals(&quot;The constrain value of 5 in the range of -1 and -1 should be -1)&quot;,-1,exampleRange2.constrain(-5), 0.000001d);&#13;&#10;&#13;&#10;}&#13;&#10;&#13;&#10;&#13;&#10;/*if the input number is within the range than the constrain should be the input*/&#13;&#10;&#13;&#10;@Test&#13;&#10;&#13;&#10;public void numberWithinRange() {&#13;&#10;&#13;&#10;assertEquals(&quot;The constrain value of 0 in the range of -1 and 1 should be 0)&quot;,0,exampleRange.constrain(0), 0.000001d);&#13;&#10;&#13;&#10;}&#13;&#10;&#13;&#10;&#13;&#10;/*if the input number is equal to the lower boundary of the range than the constrain should be the input/lower boundary*/&#13;&#10;&#13;&#10;@Test&#13;&#10;&#13;&#10;public void numberIsLowerBoundary() {&#13;&#10;&#13;&#10;assertEquals(&quot;The constrain value of -1 in the range of -1 and 1 should be -1)&quot;,-1,exampleRange.constrain(-5), 0.000001d);&#13;&#10;&#13;&#10;}&#13;&#10;&#13;&#10;&#13;&#10;/*if the input number is equal to the upper boundary of the range than the constrain should be the input/upper boundary*/&#13;&#10;&#13;&#10;@Test&#13;&#10;&#13;&#10;public void numberIsUpperBoundary() {&#13;&#10;&#13;&#10;assertEquals(&quot;The constrain value of 1 in the range of -1 and 1 should be 1)&quot;,1,exampleRange.constrain(1), 0.000001d);&#13;&#10;&#13;&#10;}&#13;&#10;&#13;&#10;&#13;&#10;// getLength() test cases&#13;&#10;&#13;&#10;// pass: returns the correct length&#13;&#10;&#13;&#10;@Test&#13;&#10;&#13;&#10;public void getLengthValidOutput() {&#13;&#10;&#13;&#10;assertEquals(&quot;The length of the range from -4 to 8 should be 12&quot;,&#13;&#10;&#13;&#10;12, testRange.getLength(), .000000001d);&#13;&#10;&#13;&#10;}&#13;&#10;&#13;&#10;&#13;&#10;// combine() test cases&#13;&#10;&#13;&#10;/*first range is null*/&#13;&#10;&#13;&#10;@Test&#13;&#10;&#13;&#10;public void firstRangeNull() {&#13;&#10;&#13;&#10;assertEquals(&quot;The combination of null range and range[-1,1] should be [-1,1]&quot;,new Range(-1,1),Range.combine(null,(new Range(-1,1))));&#13;&#10;&#13;&#10;}&#13;&#10;&#13;&#10;&#13;&#10;/*second range is null*/&#13;&#10;&#13;&#10;@Test&#13;&#10;&#13;&#10;public void secondRangeNull() {&#13;&#10;&#13;&#10;assertEquals(&quot;The combination of range[-1,1] and null range should be [-1,1]&quot;,new Range(-1,1),Range.combine((new Range(-1,1)),null));&#13;&#10;&#13;&#10;}&#13;&#10;&#13;&#10;&#13;&#10;/*both ranges are null*/&#13;&#10;&#13;&#10;@Test&#13;&#10;&#13;&#10;public void bothRangeNull() {&#13;&#10;&#13;&#10;assertEquals(&quot;The combination of two null ranges should be null&quot;,null,Range.combine(null,null));&#13;&#10;&#13;&#10;}&#13;&#10;&#13;&#10;&#13;&#10;/*identical ranges*/&#13;&#10;&#13;&#10;@Test&#13;&#10;&#13;&#10;public void identicalRanges() {&#13;&#10;&#13;&#10;assertEquals(&quot;The combination of range[-1,1] and range[-1,1] should be [-1,1]&quot;,new Range(-1,1),Range.combine((new Range(-1,1)),(new Range(-1,1))));&#13;&#10;&#13;&#10;}&#13;&#10;&#13;&#10;&#13;&#10;/*ranges are continuous*/&#13;&#10;&#13;&#10;@Test&#13;&#10;&#13;&#10;public void continuousRanges() {&#13;&#10;&#13;&#10;try{&#13;&#10;&#13;&#10;assertEquals(&quot;The combination of range[-1,1] and range[1,2] should be [-1,2]&quot;,new Range(-1,2),Range.combine((new Range(-1,1)),(new Range(1,2))));&#13;&#10;&#13;&#10;}&#13;&#10;&#13;&#10;catch(Exception e) {&#13;&#10;&#13;&#10;fail(&quot; continuousRanges should not have an error but we get &quot;+ e.getClass() + e.getMessage());&#13;&#10;&#13;&#10;}&#13;&#10;&#13;&#10;}&#13;&#10;&#13;&#10;&#13;&#10;/*ranges are not continuous*/&#13;&#10;&#13;&#10;@Test&#13;&#10;&#13;&#10;public void notContinuousRanges() {&#13;&#10;&#13;&#10;try {&#13;&#10;&#13;&#10;assertEquals(&quot;The combination of range[-1,1] and range[5,10] should be [-1,10]&quot;,new Range(-1,10),Range.combine((new Range(-1,1)),(new Range(5,10))));&#13;&#10;&#13;&#10;}&#13;&#10;&#13;&#10;catch(Exception e) {&#13;&#10;&#13;&#10;fail(&quot; notContinuousRanges should not have an error but we get &quot;+ e.getClass() + e.getMessage());&#13;&#10;&#13;&#10;}&#13;&#10;&#13;&#10;}&#13;&#10;&#13;&#10;&#13;&#10;// getLowerBound() test&#13;&#10;&#13;&#10;@Test&#13;&#10;&#13;&#10;public void testNegativeNumberForLowerBound() { // Lower bound being a negative number&#13;&#10;&#13;&#10;assertEquals(&quot;The value of lower bound should return -10&quot;,-10, rangeN.getLowerBound(), .000000001d);&#13;&#10;&#13;&#10;}&#13;&#10;&#13;&#10;&#13;&#10;@Test&#13;&#10;&#13;&#10;public void testZeroForLowerBound() { // Lower bound being at 0&#13;&#10;&#13;&#10;assertEquals(&quot;The value of lower bound should return 0&quot;, 0, rangeZ.getLowerBound(), .000000001d);&#13;&#10;&#13;&#10;}&#13;&#10;&#13;&#10;&#13;&#10;@Test&#13;&#10;&#13;&#10;public void testPositiveNumberForLowerBound() { // Lower bound being a positive number&#13;&#10;&#13;&#10;assertEquals(&quot;The value of lower bound should return 1&quot;, 1, rangeP.getLowerBound(), .000000001d);&#13;&#10;&#13;&#10;}&#13;&#10;&#13;&#10;@Test&#13;&#10;&#13;&#10;public void testDoubleForLowerBound() { // Lower bound being a double&#13;&#10;&#13;&#10;assertEquals(&quot;The value of lower bound should return 2.5&quot;, 2.5, rangeDoub.getLowerBound(), .000000001d);&#13;&#10;&#13;&#10;}&#13;&#10;&#13;&#10;&#13;&#10;// getUpperBound() test cases&#13;&#10;&#13;&#10;@Test&#13;&#10;&#13;&#10;public void testNegativeNumberForUpperBound() { // Upper bound being a negative number&#13;&#10;&#13;&#10;assertEquals(&quot;The value of upper bound should return 1&quot;, 1, rangeN.getUpperBound(), .000000001d);&#13;&#10;&#13;&#10;}&#13;&#10;&#13;&#10;// Test has a failure, the upper bound is not returned&#13;&#10;&#13;&#10;// Test passes for the value of the lower bound&#13;&#10;&#13;&#10;&#13;&#10;@Test&#13;&#10;&#13;&#10;public void testZeroForUpperBound() { // Upper bound being at 0&#13;&#10;&#13;&#10;assertEquals(&quot;The value of upper bound should return 0&quot;, 0, rangeZ.getUpperBound(), .000000001d);&#13;&#10;&#13;&#10;}&#13;&#10;&#13;&#10;// Test passes only because lower bound == upper bound == 0&#13;&#10;&#13;&#10;&#13;&#10;@Test&#13;&#10;&#13;&#10;public void testPositiveNumberForUpperBound() { // Upper bound being a positive number&#13;&#10;&#13;&#10;assertEquals(&quot;The value of upper bound should return 10&quot;, 10, rangeP.getUpperBound(), .000000001d);&#13;&#10;&#13;&#10;}&#13;&#10;&#13;&#10;// Test has a failure, the upper bound is not returned&#13;&#10;&#13;&#10;// Test passes for the value of the lower bound&#13;&#10;&#13;&#10;&#13;&#10;@Test&#13;&#10;&#13;&#10;public void testDoubleForUpperBound() { // Upper bound being a double&#13;&#10;&#13;&#10;assertEquals(&quot;The value of upper bound should return 5.0&quot;, 5.0, rangeDoub.getUpperBound(), .000000001d);&#13;&#10;&#13;&#10;}&#13;&#10;&#13;&#10;// Test has a failure, the upper bound is not returned&#13;&#10;&#13;&#10;// Test passes for the value of the lower bound&#13;&#10;&#13;&#10;&#13;&#10;&#13;&#10;&#13;&#10;&#13;&#10;// shift(Range base, double delta, boolean allowZeroCrossing)&#13;&#10;&#13;&#10;&#13;&#10;//should pass&#13;&#10;&#13;&#10;@Test&#13;&#10;&#13;&#10;public void testingPositiveToZeroWithTrue() {&#13;&#10;&#9;Range origRange = new Range(3.0, 3.0);&#13;&#10;&#9;Range rangeShift = Range.shift(origRange, -3.0, true);&#13;&#10;  Range expected = new Range(0.0, 0.0);&#13;&#10;  assertTrue(&quot;A shift of -3 should return a range of (0, 0)&quot;,&#13;&#10;          rangeShift.equals(expected));&#13;&#10;&#9;&#13;&#10;}&#13;&#10;&#13;&#10;//should pass&#13;&#10;&#13;&#10;@Test&#13;&#10;&#13;&#10;public void testingPositiveToZeroWithFalse() {&#13;&#10;&#9;Range origRange = new Range(3.0, 3.0);&#13;&#10;&#9;Range rangeShift = Range.shift(origRange, -3.0, false);&#13;&#10;Range expected = new Range(0.0, 0.0);&#13;&#10;assertTrue(&quot;A shift of -3 should return a range of (0, 0)&quot;,&#13;&#10;        rangeShift.equals(expected));&#13;&#10;&#9;&#13;&#10;}&#13;&#10;&#13;&#10;//should pass&#13;&#10;&#13;&#10;@Test&#13;&#10;&#13;&#10;public void testingPositiveToNegativeWithTrue() {&#13;&#10;&#9;Range origRange = new Range(3.0, 3.0);&#13;&#10;&#9;Range rangeShift = Range.shift(origRange, -5.0, true);&#13;&#10;    Range expected = new Range(-2.0, -2.0);&#13;&#10;    assertTrue(&quot;A shift of -5 should return a range of (0, 0)&quot;,&#13;&#10;            rangeShift.equals(expected));&#13;&#10;&#9;&#13;&#10;}&#13;&#10;&#13;&#10;// should fail&#13;&#10;&#13;&#10;@Test&#13;&#10;&#13;&#10;&#13;&#10;public void testingPositiveToNegativeWithFalse() {&#13;&#10;&#9;Range origRange = new Range(3.0, 3.0);&#13;&#10;&#9;Range rangeShift = Range.shift(origRange, -5.0, false);&#13;&#10;    Range expected = new Range(-2.0, -2.0);&#13;&#10;    assertTrue(&quot;A shift of -5 should return a range of (0, 0)&quot;,&#13;&#10;            rangeShift.equals(expected));&#13;&#10;&#9;&#13;&#10;}&#13;&#10;&#13;&#10;//should pass&#13;&#10;&#13;&#10;@Test&#13;&#10;&#13;&#10;&#13;&#10;public void testingPositiveToNegativeWithFalseAndZero() {&#13;&#10;&#9;Range origRange = new Range(3.0, 3.0);&#13;&#10;&#9;Range rangeShift = Range.shift(origRange, -5.0, false);&#13;&#10; Range expected = new Range(0.0, 0.0);&#13;&#10; assertTrue(&quot;A shift of -5 should return a range of (0, 0)&quot;,&#13;&#10;         rangeShift.equals(expected));&#13;&#10;&#9;&#13;&#10;}&#13;&#10;&#13;&#10;//should pass&#13;&#10;&#13;&#10;@Test&#13;&#10;&#13;&#10;public void testingPositiveToPositiveWithTrue() {&#13;&#10;&#9;Range origRange = new Range(3.4, 3.7);&#13;&#10;&#9;Range rangeShift = Range.shift(origRange, 5.0, true);&#13;&#10;    Range expected = new Range(8.4, 8.7);&#13;&#10;    assertTrue(&quot;A shift of 5 should return a range of (8.4, 8.7)&quot;,&#13;&#10;            rangeShift.equals(expected));&#13;&#10;&#9;&#13;&#10;}&#13;&#10;&#13;&#10;//should fail&#13;&#10;&#13;&#10;@Test&#13;&#10;&#13;&#10;public void testingPositiveToPositiveWithTrueWrongAnswer() {&#13;&#10;&#9;Range origRange = new Range(3.4, 3.7);&#13;&#10;&#9;Range rangeShift = Range.shift(origRange, 5.0, true);&#13;&#10;  Range expected = new Range(8.4, 8.9);&#13;&#10;  assertTrue(&quot;A shift of 5 should return a range of (8.4, 8.7)&quot;,&#13;&#10;          rangeShift.equals(expected));&#13;&#10;&#9;&#13;&#10;}&#13;&#10;&#13;&#10;//should fail&#13;&#10;&#13;&#10;@Test&#13;&#10;&#13;&#10;public void testingNegativeToPositiveWithFalse() {&#13;&#10;&#9;Range origRange = new Range(-3.0, -2.0);&#13;&#10;&#9;Range rangeShift = Range.shift(origRange, 5.0, false);&#13;&#10;  Range expected = new Range(2.0, 3.0);&#13;&#10;  assertTrue(&quot;A shift of 5 should return a range of (0, 0)&quot;,&#13;&#10;          rangeShift.equals(expected));&#13;&#10;&#9;&#13;&#10;}&#13;&#10;&#13;&#10;//should pass&#13;&#10;&#13;&#10;@Test&#13;&#10;&#13;&#10;public void testingNegativeToPositiveWithTrue() {&#13;&#10;&#9;Range origRange = new Range(-3.0, -2.0);&#13;&#10;&#9;Range rangeShift = Range.shift(origRange, 5.0, true);&#13;&#10;Range expected = new Range(2.0, 3.0);&#13;&#10;assertTrue(&quot;A shift of 5 should return a range of (2, 3)&quot;,&#13;&#10;        rangeShift.equals(expected));&#13;&#10;&#9;&#13;&#10;}&#13;&#10;&#13;&#10;//should pass&#13;&#10;&#13;&#10;@Test&#13;&#10;&#13;&#10;public void testingNegativeToPositiveWithTrueSplitRange() {&#13;&#10;&#9;Range origRange = new Range(-3.0, 2.0);&#13;&#10;&#9;Range rangeShift = Range.shift(origRange, 5.0, true);&#13;&#10;Range expected = new Range(2.0, 7.0);&#13;&#10;assertTrue(&quot;A shift of 5 should return a range of (2, 7)&quot;,&#13;&#10;      rangeShift.equals(expected));&#13;&#10;&#9;&#13;&#10;}&#13;&#10;&#13;&#10;//should fail&#13;&#10;&#13;&#10;@Test&#13;&#10;&#13;&#10;public void testingNegativeToPositiveWithFalseSplitRange() {&#13;&#10;&#9;Range origRange = new Range(-3.0, 2.0);&#13;&#10;&#9;Range rangeShift = Range.shift(origRange, 5.0, false);&#13;&#10;Range expected = new Range(2.0, 7.0);&#13;&#10;assertTrue(&quot;A shift of 5 should return a range of (0, 7)&quot;,&#13;&#10;    rangeShift.equals(expected));&#13;&#10;&#9;&#13;&#10;}&#13;&#10;&#13;&#10;// should pass&#13;&#10;&#13;&#10;@Test&#13;&#10;&#13;&#10;public void testingNegativeToPositiveWithFalseSplitRangeCorrectAnswer() {&#13;&#10;&#9;Range origRange = new Range(-3.0, 2.0);&#13;&#10;&#9;Range rangeShift = Range.shift(origRange, 5.0, false);&#13;&#10;Range expected = new Range(0.0, 7.0);&#13;&#10;assertTrue(&quot;A shift of 0 should return a range of (0.0, 7.0)&quot;,&#13;&#10;    rangeShift.equals(expected));&#13;&#10;&#9;&#13;&#10;}&#13;&#10;&#13;&#10;&#13;&#10;//should fail&#13;&#10;&#13;&#10;@Test&#13;&#10;&#13;&#10;public void testingPositiveToPositiveWithFalseWrongAnswer() {&#13;&#10;&#9;Range origRange = new Range(3.4, 3.7);&#13;&#10;&#9;Range rangeShift = Range.shift(origRange, 5.0, false);&#13;&#10;Range expected = new Range(8.4, 8.9);&#13;&#10;assertTrue(&quot;A shift of 0 should return a range of (8.4, 8.7)&quot;,&#13;&#10;        rangeShift.equals(expected));&#13;&#10;&#9;&#13;&#10;}&#13;&#10;&#13;&#10;//should pass&#13;&#10;&#13;&#10;@Test&#13;&#10;&#13;&#10;public void testingPositiveToPositiveWithFalseCorrectAnswer() {&#13;&#10;&#9;Range origRange = new Range(3.4, 3.7);&#13;&#10;&#9;Range rangeShift = Range.shift(origRange, 5.3, false);&#13;&#10;Range expected = new Range(8.7, 9.0);&#13;&#10;assertTrue(&quot;A shift of 5.3 should return a range of (8.7, 9.0)&quot;,&#13;&#10;      rangeShift.equals(expected));&#13;&#10;&#9;&#13;&#10;}&#13;&#10;&#13;&#10;&#13;&#10;@Test(expected = IllegalArgumentException.class)&#13;&#10;public void shiftTestWithNullRange() {&#13;&#10;    Range.shift(null, -3, true);&#13;&#10;}&#13;&#10;&#13;&#10;&#13;&#10;//shift(Range base, double delta)&#13;&#10;&#13;&#10;//should pass&#13;&#10;&#13;&#10;@Test&#13;&#10;&#13;&#10;public void testingPositiveToPositive() {&#13;&#10;&#9;Range origRange = new Range(3.4, 3.7);&#13;&#10;&#9;Range rangeShift = Range.shift(origRange, 5.3);&#13;&#10;Range expected = new Range(8.7, 9.0);&#13;&#10;assertTrue(&quot;A shift of 5.3 should return a range of (8.7, 9.0)&quot;,&#13;&#10;    rangeShift.equals(expected));&#13;&#10;&#9;&#13;&#10;}&#13;&#10;&#13;&#10;// should pass &#13;&#10;&#13;&#10;@Test&#13;&#10;&#13;&#10;public void testingPositiveToNegative() {&#13;&#10;&#9;Range origRange = new Range(3.4, 3.7);&#13;&#10;&#9;Range rangeShift = Range.shift(origRange, -5.3);&#13;&#10;Range expected = new Range(0.0, 0.0);&#13;&#10;assertTrue(&quot;A shift of -5.3 should return a range of (0 ,0)&quot;,&#13;&#10;    rangeShift.equals(expected));&#13;&#10;&#9;&#13;&#10;}&#13;&#10;&#13;&#10;//should pass&#13;&#10;&#13;&#10;@Test&#13;&#10;&#13;&#10;public void testingPositiveToNegativeSplit() {&#13;&#10;&#9;Range origRange = new Range(-3.4, 3.7);&#13;&#10;&#9;Range rangeShift = Range.shift(origRange, -5.3);&#13;&#10;Range expected = new Range(-8.7, 0.0);&#13;&#10;assertTrue(&quot;A shift of -5.3 should return a range of (-8.7, 0.0)&quot;,&#13;&#10; rangeShift.equals(expected));&#13;&#10;&#9;&#13;&#10;}&#13;&#10;&#13;&#10;//should fail&#13;&#10;&#13;&#10;@Test&#13;&#10;&#13;&#10;public void testingPositiveToNegativeSplit1() {&#13;&#10;&#9;Range origRange = new Range(3.4, 3.7);&#13;&#10;&#9;Range rangeShift = Range.shift(origRange, -5.3);&#13;&#10;Range expected = new Range(-1.9, -1.6);&#13;&#10;assertTrue(&quot;A shift of -5.3 should return a range of (0, 0)&quot;,&#13;&#10;rangeShift.equals(expected));&#13;&#10;&#9;&#13;&#10;}&#13;&#10;&#13;&#10;//should fail &#13;&#10;&#13;&#10;@Test&#13;&#10;&#13;&#10;public void testingNegativeToPositive() {&#13;&#10;&#9;Range origRange = new Range(-3.4, -3.1);&#13;&#10;&#9;Range rangeShift = Range.shift(origRange, 5.3);&#13;&#10;Range expected = new Range(1.9, 2.2);&#13;&#10;assertTrue(&quot;A shift of 5.3 should return a range of (0, 0)&quot;,&#13;&#10;rangeShift.equals(expected));&#13;&#10;&#9;&#13;&#10;}&#13;&#10;&#13;&#10;//should pass&#13;&#10;&#13;&#10;@Test&#13;&#10;&#13;&#10;public void testingNegativeToPositiveWithCorrectAnswer() {&#13;&#10;&#9;Range origRange = new Range(-3.4, -3.1);&#13;&#10;&#9;Range rangeShift = Range.shift(origRange, 5.3);&#13;&#10;Range expected = new Range(0, 0);&#13;&#10;assertTrue(&quot;A shift of 5.3 should return a range of (0, 0)&quot;,&#13;&#10;rangeShift.equals(expected));&#13;&#10;&#9;&#13;&#10;}&#13;&#10;&#13;&#10;//should pass&#13;&#10;&#13;&#10;@Test&#13;&#10;&#13;&#10;public void testingNegativeToPositiveWithCorrectAnswerSplit() {&#13;&#10;&#9;Range origRange = new Range(-3.4, 3.7);&#13;&#10;&#9;Range rangeShift = Range.shift(origRange, 5.3);&#13;&#10;Range expected = new Range(0, 9);&#13;&#10;assertTrue(&quot;A shift of 5.3 should return a range of (0, 9)&quot;,&#13;&#10;rangeShift.equals(expected));&#13;&#10;&#9;&#13;&#10;}&#13;&#10;&#13;&#10;//should fail&#13;&#10;&#13;&#10;@Test&#13;&#10;&#13;&#10;public void testingNegativeToPositiveWithWrongAnswerSplit1() {&#13;&#10;&#9;Range origRange = new Range(-3.4, 3.7);&#13;&#10;&#9;Range rangeShift = Range.shift(origRange, 5.3);&#13;&#10;Range expected = new Range(1.9, 9);&#13;&#10;assertTrue(&quot;A shift of 5.3 should return a range of (0, 9)&quot;,&#13;&#10;rangeShift.equals(expected));&#13;&#10;&#9;&#13;&#10;}&#13;&#10;&#13;&#10;//should pass&#13;&#10;&#13;&#10;@Test&#13;&#10;&#13;&#10;public void testingNegativeToZero() {&#13;&#10;&#9;Range origRange = new Range(-4.0, -4.0);&#13;&#10;&#9;Range rangeShift = Range.shift(origRange, 4.0);&#13;&#10;Range expected = new Range(0, 0);&#13;&#10;assertTrue(&quot;A shift of 4 should return a range of (0, 0)&quot;,&#13;&#10;rangeShift.equals(expected));&#13;&#10;&#9;&#13;&#10;}&#13;&#10;&#13;&#10;//should pass&#13;&#10;&#13;&#10;@Test&#13;&#10;&#13;&#10;public void testingPositiveToZero() {&#13;&#10;&#9;Range origRange = new Range(4.0, 4.0);&#13;&#10;&#9;Range rangeShift = Range.shift(origRange, -4.0);&#13;&#10;Range expected = new Range(0, 0);&#13;&#10;assertTrue(&quot;A shift of -4 should return a range of (0, 0)&quot;,&#13;&#10;rangeShift.equals(expected));&#13;&#10;&#9;&#13;&#10;}&#13;&#10;&#13;&#10;&#13;&#10;// should pass&#13;&#10;&#13;&#10;@Test(expected = IllegalArgumentException.class)&#13;&#10;public void shiftTestWithNullRange1() {&#13;&#10;    Range.shift(null, -3 );&#13;&#10;}&#13;&#10;&#13;&#10;&#13;&#10;// toString() Tests&#13;&#10;&#13;&#10;&#13;&#10;// should pass &#13;&#10;&#13;&#10;@Test&#13;&#10;public void NegativeAndPositive() {&#13;&#10;&#9;Range range = new Range(-3.4, 4.1);&#13;&#10;&#9;String actual = range.toString();&#13;&#10;&#9;assertEquals(&quot;The string should match Range[-3.4,4.1]&quot;, &quot;Range[-3.4,4.1]&quot;, actual);&#13;&#10;}&#13;&#10;&#13;&#10;// should pass&#13;&#10;&#13;&#10;@Test&#13;&#10;public void PositiveAndPositive() {&#13;&#10;&#9;Range range = new Range(3.0, 5.0);&#13;&#10;&#9;String actual = range.toString();&#13;&#10;&#9;assertEquals(&quot;The string should match Range[3.0,5.0]&quot;, &quot;Range[3.0,5.0]&quot;, actual);&#13;&#10;}&#13;&#10;&#13;&#10;//should pass&#13;&#10;&#13;&#10;@Test&#13;&#10;public void NegativeAndNegative() {&#13;&#10;&#9;Range range = new Range(-8.2, -1.1);&#13;&#10;&#9;String actual = range.toString();&#13;&#10;&#9;assertEquals(&quot;The string should match Range[-8.2,-1.1]&quot;, &quot;Range[-8.2,-1.1]&quot;, actual);&#13;&#10;}&#13;&#10;&#13;&#10;//should pass&#13;&#10;&#13;&#10;@Test&#13;&#10;public void ZeroAndZero() {&#13;&#10;&#9;Range range = new Range(0.0, 0.0);&#13;&#10;&#9;String actual = range.toString();&#13;&#10;&#9;assertEquals(&quot;The string should match Range[0.0,0.0]&quot;, &quot;Range[0.0,0.0]&quot;, actual);&#13;&#10;}&#13;&#10;&#13;&#10;//should fail&#13;&#10;&#13;&#10;@Test&#13;&#10;public void WrongStringFormatGap() {&#13;&#10;&#9;Range range = new Range(0.0, 0.0);&#13;&#10;&#9;String actual = range.toString();&#13;&#10;&#9;assertEquals(&quot;The string should match Range[0.0,0.0]&quot;, &quot;Range[0.0, 0.0]&quot;, actual);&#13;&#10;}&#13;&#10;&#13;&#10;//should fail&#13;&#10;&#13;&#10;@Test&#13;&#10;public void WrongStringFormatSpelling() {&#13;&#10;&#9;Range range = new Range(0.0, 0.0);&#13;&#10;&#9;String actual = range.toString();&#13;&#10;&#9;assertEquals(&quot;The string should match Range[0.0,0.0]&quot;, &quot;Ran[0.0, 0.0]&quot;, actual);&#13;&#10;}&#13;&#10;&#13;&#10;&#13;&#10;// intersects() Tests&#13;&#10;&#13;&#10;// should pass&#13;&#10;&#13;&#10;@Test&#13;&#10;public void intersectRangeRightSide() {&#13;&#10;    &#13;&#10;&#9;Range orig = new Range(-2, 3);&#13;&#10;&#9;Range test = new Range(-8, 0);&#13;&#10;&#9;&#13;&#10;&#9;assertTrue(orig.intersects(test));&#13;&#10;}&#13;&#10;&#13;&#10;// should pass&#13;&#10;&#13;&#10;@Test&#13;&#10;public void intersectRangeLeftSide() {&#13;&#10;    &#13;&#10;&#9;Range orig = new Range(-2, 3);&#13;&#10;&#9;Range test = new Range(-1, 5);&#13;&#10;&#9;&#13;&#10;&#9;assertTrue(orig.intersects(test));&#13;&#10;}&#13;&#10;&#13;&#10;&#13;&#10;//should pass&#13;&#10;&#13;&#10;@Test&#13;&#10;public void intersectRangeBothSides() {&#13;&#10; &#13;&#10;&#9;Range orig = new Range(-2, 3);&#13;&#10;&#9;Range test = new Range(0, 2);&#13;&#10;&#9;&#13;&#10;&#9;assertTrue(orig.intersects(test));&#13;&#10;}&#13;&#10;&#13;&#10;&#13;&#10;&#13;&#10;//should pass&#13;&#10;&#13;&#10;&#13;&#10;@Test&#13;&#10;public void intersectRangeFloatRightSide() {&#13;&#10;&#9;Range orig = new Range(-1.9, 3);&#13;&#10;&#9;Range test = new Range(-3, -1.7);&#13;&#10;&#9;&#13;&#10;&#9;assertTrue(orig.intersects(test));&#13;&#10;}&#13;&#10;&#13;&#10;//should pass&#13;&#10;&#13;&#10;@Test&#13;&#10;public void intersectRangeFloatLeftSide() {&#13;&#10;&#9;Range orig = new Range(-2, 2.9);&#13;&#10;&#9;Range test = new Range(2.8, 8);&#13;&#10;&#9;&#13;&#10;&#9;assertTrue(orig.intersects(test));&#13;&#10;}&#13;&#10;&#13;&#10;&#13;&#10;&#13;&#10;// getCenteralValue() Tests&#13;&#10;&#13;&#10;// should pass&#13;&#10;&#13;&#10;@Test&#13;&#10;public void centeralValueCorrectNegativeNegative() {&#13;&#10;&#9;Range orig = new Range(-2, -1);&#13;&#10;    assertEquals(&quot;The centeral value should be -1.5&quot;,&#13;&#10;    -1.5, orig.getCentralValue(), .000000001d);&#13;&#10;}&#13;&#10;&#13;&#10;// should pass&#13;&#10;&#13;&#10;@Test&#13;&#10;public void centeralValueCorrectNegativePositive() {&#13;&#10;&#9;Range orig = new Range(-2, 3);&#13;&#10;    assertEquals(&quot;The centeral value should be 0.5&quot;,&#13;&#10;    0.5, orig.getCentralValue(), .000000001d);&#13;&#10;}&#13;&#10;&#13;&#10;//should pass&#13;&#10;&#13;&#10;@Test&#13;&#10;public void centeralValueCorrectPositivePositive() {&#13;&#10;&#9;Range orig = new Range(2.5, 2.9);&#13;&#10; assertEquals(&quot;The centeral value should be 2.7&quot;,&#13;&#10; 2.7, orig.getCentralValue(), .000000001d);&#13;&#10;}&#13;&#10;&#13;&#10;//should fail&#13;&#10;&#13;&#10;@Test&#13;&#10;public void centeralValueWrongPositivePositive() {&#13;&#10;&#9;Range orig = new Range(2.5, 2.9);&#13;&#10;assertEquals(&quot;The centeral value should be 2.7&quot;,&#13;&#10;2.6, orig.getCentralValue(), .000000001d);&#13;&#10;}&#13;&#10;&#13;&#10;//should fail&#13;&#10;&#13;&#10;@Test&#13;&#10;public void centeralValueWrongNegativeNegative() {&#13;&#10;&#9;Range orig = new Range(-2, -1);&#13;&#10; assertEquals(&quot;The centeral value should be -1.5&quot;,&#13;&#10; -1.9, orig.getCentralValue(), .000000001d);&#13;&#10;}&#13;&#10;&#13;&#10;//should fail&#13;&#10;&#13;&#10;@Test&#13;&#10;public void centeralValueWrongNegativePositive() {&#13;&#10;&#9;Range orig = new Range(-2, 3);&#13;&#10; assertEquals(&quot;The centeral value should be 0.5&quot;,&#13;&#10; 0.0, orig.getCentralValue(), .000000001d);&#13;&#10;}&#13;&#10;&#13;&#10;// expandToInclude() Tests&#13;&#10;&#13;&#10;// should pass&#13;&#10;&#13;&#10;@Test&#13;&#10;public void expandToIncludeLeftSideCorrect() {&#13;&#10;&#9;Range orig = new Range(-1, 1);&#13;&#10;    assertEquals(&quot;New Range should be (-10, 1)&quot;, new Range(-10, 1),&#13;&#10;            Range.expandToInclude(orig, -10));&#13;&#10;}&#13;&#10;&#13;&#10;//should pass&#13;&#10;&#13;&#10;@Test&#13;&#10;public void expandToIncludeRightSideCorrect() {&#13;&#10;&#9;Range orig = new Range(-1, 1);&#13;&#10;&#9;assertEquals(&quot;New Range should be (-1, 2.9)&quot;, new Range(-1, 2.9),&#13;&#10;          Range.expandToInclude(orig, 2.9));&#13;&#10;}&#13;&#10;&#13;&#10;//should pass&#13;&#10;&#13;&#10;@Test&#13;&#10;public void NoNeedToExpandToIncludeCorrect() {&#13;&#10;&#9;Range orig = new Range(-1, 1);&#13;&#10;&#9;assertEquals(&quot;New Range should be (-1.0, 1.0)&quot;, new Range(-1.0, 1.0),&#13;&#10;        Range.expandToInclude(orig, 0.3));&#13;&#10;}&#13;&#10;&#13;&#10;//should fail&#13;&#10;&#13;&#10;@Test&#13;&#10;public void expandToIncludeRightSideWrong() {&#13;&#10;&#9;Range orig = new Range(-1, 1);&#13;&#10;&#9;assertEquals(&quot;New Range should be (-1, 7)&quot;, new Range(-1, 6),&#13;&#10;      Range.expandToInclude(orig, 7));&#13;&#10;}&#13;&#10;&#13;&#10;//should fail&#13;&#10;&#13;&#10;@Test&#13;&#10;public void expandToIncludeLeftSideWrong() {&#13;&#10;&#9;Range orig = new Range(-1, 1);&#13;&#10;&#9;assertEquals(&quot;New Range should be (-3, 1)&quot;, new Range(-2, 1),&#13;&#10;    Range.expandToInclude(orig, -3));&#13;&#10;}&#13;&#10;&#13;&#10;//should pass&#13;&#10;&#13;&#10;@Test&#13;&#10;public void expandToIncludeLeftSideSame() {&#13;&#10;&#9;Range orig = new Range(-1, 1);&#13;&#10;assertEquals(&quot;New Range should be (-1, 1)&quot;, new Range(-1, 1),&#13;&#10;  Range.expandToInclude(orig, -1));&#13;&#10;}&#13;&#10;&#13;&#10;//should pass&#13;&#10;&#13;&#10;@Test&#13;&#10;public void expandToIncludeRightSideSame() {&#13;&#10;&#9;Range orig = new Range(-1, 1);&#13;&#10;assertEquals(&quot;New Range should be (-1, 1)&quot;, new Range(-1, 1),&#13;&#10;Range.expandToInclude(orig, 1));&#13;&#10;}&#13;&#10;&#13;&#10;&#13;&#10;// expand test&#13;&#10;&#13;&#10;@Test&#13;&#10;public void expandUsingZeroMarginsTest() {&#13;&#10;&#9;range1 = new Range(12, 32);&#13;&#10;&#9;range2 = new Range(13, 20);&#13;&#10;&#9;assertEquals(&quot;Used expand with 0 on both ranges but the range changed.&quot;, Range.expand(range1, 0, 0), range2);&#13;&#10;}&#13;&#10;&#13;&#10;//if null range object is used&#13;&#10;@Test&#13;&#10;public void nullRange() {&#13;&#10;&#9;try {&#13;&#10;&#9;&#9;Range.expand(null,0.2,0.5);&#13;&#10;&#9;&#9;fail(&quot;InvalidParameterException was not used&quot;);&#13;&#10;&#9;}&#13;&#10;&#9;catch(Exception e) {&#13;&#10;&#9;&#9;assertEquals(&quot;Did not use InvalidParameterException&quot;, IllegalArgumentException.class, e.getClass());&#13;&#10;&#9;}&#13;&#10;}&#13;&#10;&#13;&#10;&#13;&#10;// Equals test&#13;&#10;//if two upper boundaries are same but the lower boundaries are different &#13;&#10;@Test&#13;&#10;public void sameUpperBoundary() {&#13;&#10;&#9;assertEquals(&quot;Testing two Range objects with the same upper boundary but different lower boundaries&quot;, false, range.equals(new Range(20, 50)));&#13;&#10;}&#13;&#10;&#9;&#13;&#10;//if two lower boundaries are same but the upper boundaries are different &#13;&#10;@Test&#13;&#10;public void  sameLowerBoundary() {&#13;&#10;&#9;assertEquals(&quot;Testing two Range objects with the same lower boundary but different upper boundaries&quot;, false, range.equals(new Range(10, 40)));&#13;&#10;}&#13;&#10;&#9;&#13;&#10;//if two different objects with different ranges are equal&#13;&#10;@Test&#13;&#10;public void diffRanges() {&#13;&#10;&#9;assertEquals(&quot;Testing object with two different ranges&quot;, false, range.equals(new Range(30, 70)));&#13;&#10;}&#13;&#10;&#9;&#13;&#10;//is two different objects with same ranges are equal&#13;&#10;@Test&#13;&#10;public void sameRanges() {&#13;&#10;&#9;assertEquals(&quot;Testing object with two same ranges&quot;, true, range.equals(new Range(10, 50)));&#13;&#10;}&#13;&#10;&#9;&#13;&#10;//if null is used&#13;&#10;@Test&#13;&#10;public void nullRangeEquals() {&#13;&#10;&#9;assertEquals(&quot;Testing a null range object&quot;, false, range.equals(null));&#13;&#10;}&#13;&#10;&#13;&#10;//contain Tests&#13;&#10;&#13;&#10;//if the lower boundary is in the range &#13;&#10;@Test&#13;&#10;public void inLowerBoundary() {&#13;&#10;&#9;assertTrue(&quot;The lower boundary is out of the range&quot;, this.rangeC.contains(5));&#13;&#10;}&#13;&#10;&#9;&#13;&#10;//if the upper boundary is in the range &#13;&#10;@Test&#13;&#10;public void inUpperBoundary() {&#13;&#10;&#9;assertTrue(&quot;The upper Bound is out of the range&quot;, this.rangeC.contains(20));&#13;&#10;}&#13;&#10;&#9;&#13;&#10;//number in between the range&#13;&#10;@Test&#13;&#10;public void numberInRange() {&#13;&#10;&#9;assertTrue(&quot;The number is out of the range&quot;, this.rangeC.contains(10));&#13;&#10;}&#13;&#10;&#13;&#10;&#13;&#10;@After&#13;&#10;&#13;&#10;public void tearDown() throws Exception {&#13;&#10;&#13;&#10;}&#13;&#10;&#13;&#10;@AfterClass&#13;&#10;&#13;&#10;public static void tearDownAfterClass() throws Exception {&#13;&#10;&#13;&#10;}&#13;&#10;&#13;&#10;}" Filename="RangeTest.java" Intrnl_Id="1"/>
    </SrcFileList>
    <CritList>
        <CritListEntry Name="org.codecover.model.utils.criteria.LoopCoverage" PluginName="org.codecover"/>
        <CritListEntry Name="org.codecover.model.utils.criteria.QMOCoverage" PluginName="org.codecover"/>
        <CritListEntry Name="org.codecover.model.utils.criteria.ConditionCoverage" PluginName="org.codecover"/>
        <CritListEntry Name="org.codecover.model.utils.criteria.BranchCoverage" PluginName="org.codecover"/>
        <CritListEntry Name="org.codecover.model.utils.criteria.SynchronizedStatementCoverage" PluginName="org.codecover"/>
        <CritListEntry Name="org.codecover.model.utils.criteria.StatementCoverage" PluginName="org.codecover"/>
    </CritList>
    <BoolOpList/>
    <HierarchyLvlTypeList>
        <HierarchyLvlType EnglishName="package" IntrnlName="package" Intrnl_Id="2"/>
        <HierarchyLvlType EnglishName="method" IntrnlName="method" Intrnl_Id="3"/>
        <HierarchyLvlType EnglishName="class" IntrnlName="class" Intrnl_Id="4"/>
        <HierarchyLvlType EnglishName="default package" IntrnlName="default package" Intrnl_Id="5"/>
    </HierarchyLvlTypeList>
    <MASTRoot>
        <HierarchyLvl HierarchyLvlId="5622" HierarchyLvlTypeId="5" Intrnl_Id="6" Name="default package">
            <Header/>
            <LocList/>
            <HierarchyLvl HierarchyLvlId="5621" HierarchyLvlTypeId="2" Intrnl_Id="7" Name="org">
                <Header/>
                <LocList/>
                <HierarchyLvl HierarchyLvlId="5620" HierarchyLvlTypeId="2" Intrnl_Id="8" Name="jfree">
                    <Header/>
                    <LocList/>
                    <HierarchyLvl HierarchyLvlId="5619" HierarchyLvlTypeId="2" Intrnl_Id="9" Name="data">
                        <Header/>
                        <LocList/>
                        <HierarchyLvl HierarchyLvlId="5618" HierarchyLvlTypeId="2" Intrnl_Id="10" Name="test">
                            <Header/>
                            <LocList/>
                            <HierarchyLvl HierarchyLvlId="5617" HierarchyLvlTypeId="4" Intrnl_Id="11" Name="RangeTest">
                                <Header>
                                    <Loc EndOffset="140" SrcFileId="1" StartOffset="118"/>
                                </Header>
                                <LocList>
                                    <Loc EndOffset="22762" SrcFileId="1" StartOffset="118"/>
                                </LocList>
                                <HierarchyLvl HierarchyLvlId="5531" HierarchyLvlTypeId="3" Intrnl_Id="12" Name="setUpBeforeClass">
                                    <Header>
                                        <Loc EndOffset="494" SrcFileId="1" StartOffset="427"/>
                                    </Header>
                                    <LocList>
                                        <Loc EndOffset="501" SrcFileId="1" StartOffset="427"/>
                                    </LocList>
                                </HierarchyLvl>
                                <HierarchyLvl HierarchyLvlId="5532" HierarchyLvlTypeId="3" Intrnl_Id="13" Name="setUp">
                                    <Header>
                                        <Loc EndOffset="552" SrcFileId="1" StartOffset="505"/>
                                    </Header>
                                    <LocList>
                                        <Loc EndOffset="1064" SrcFileId="1" StartOffset="505"/>
                                    </LocList>
                                    <StmntSeq Intrnl_Id="14">
                                        <LocList>
                                            <Loc EndOffset="587" SrcFileId="1" StartOffset="558"/>
                                            <Loc EndOffset="625" SrcFileId="1" StartOffset="593"/>
                                            <Loc EndOffset="663" SrcFileId="1" StartOffset="629"/>
                                            <Loc EndOffset="707" SrcFileId="1" StartOffset="680"/>
                                            <Loc EndOffset="770" SrcFileId="1" StartOffset="745"/>
                                            <Loc EndOffset="843" SrcFileId="1" StartOffset="817"/>
                                            <Loc EndOffset="913" SrcFileId="1" StartOffset="881"/>
                                            <Loc EndOffset="970" SrcFileId="1" StartOffset="944"/>
                                            <Loc EndOffset="1030" SrcFileId="1" StartOffset="1004"/>
                                        </LocList>
                                        <BasicStmnt CovItemId="S1" CovItemPrefix="org.jfree.data.test.RangeTest.java" Intrnl_Id="15">
                                            <LocList>
                                                <Loc EndOffset="587" SrcFileId="1" StartOffset="558"/>
                                            </LocList>
                                        </BasicStmnt>
                                        <BasicStmnt CovItemId="S2" CovItemPrefix="org.jfree.data.test.RangeTest.java" Intrnl_Id="16">
                                            <LocList>
                                                <Loc EndOffset="625" SrcFileId="1" StartOffset="593"/>
                                            </LocList>
                                        </BasicStmnt>
                                        <BasicStmnt CovItemId="S3" CovItemPrefix="org.jfree.data.test.RangeTest.java" Intrnl_Id="17">
                                            <LocList>
                                                <Loc EndOffset="663" SrcFileId="1" StartOffset="629"/>
                                            </LocList>
                                        </BasicStmnt>
                                        <BasicStmnt CovItemId="S4" CovItemPrefix="org.jfree.data.test.RangeTest.java" Intrnl_Id="18">
                                            <LocList>
                                                <Loc EndOffset="707" SrcFileId="1" StartOffset="680"/>
                                            </LocList>
                                        </BasicStmnt>
                                        <BasicStmnt CovItemId="S5" CovItemPrefix="org.jfree.data.test.RangeTest.java" Intrnl_Id="19">
                                            <LocList>
                                                <Loc EndOffset="770" SrcFileId="1" StartOffset="745"/>
                                            </LocList>
                                        </BasicStmnt>
                                        <BasicStmnt CovItemId="S6" CovItemPrefix="org.jfree.data.test.RangeTest.java" Intrnl_Id="20">
                                            <LocList>
                                                <Loc EndOffset="843" SrcFileId="1" StartOffset="817"/>
                                            </LocList>
                                        </BasicStmnt>
                                        <BasicStmnt CovItemId="S7" CovItemPrefix="org.jfree.data.test.RangeTest.java" Intrnl_Id="21">
                                            <LocList>
                                                <Loc EndOffset="913" SrcFileId="1" StartOffset="881"/>
                                            </LocList>
                                        </BasicStmnt>
                                        <BasicStmnt CovItemId="S8" CovItemPrefix="org.jfree.data.test.RangeTest.java" Intrnl_Id="22">
                                            <LocList>
                                                <Loc EndOffset="970" SrcFileId="1" StartOffset="944"/>
                                            </LocList>
                                        </BasicStmnt>
                                        <BasicStmnt CovItemId="S9" CovItemPrefix="org.jfree.data.test.RangeTest.java" Intrnl_Id="23">
                                            <LocList>
                                                <Loc EndOffset="1030" SrcFileId="1" StartOffset="1004"/>
                                            </LocList>
                                        </BasicStmnt>
                                    </StmntSeq>
                                </HierarchyLvl>
                                <HierarchyLvl HierarchyLvlId="5533" HierarchyLvlTypeId="3" Intrnl_Id="24" Name="numberLowerThanLowerBoundary">
                                    <Header>
                                        <Loc EndOffset="1271" SrcFileId="1" StartOffset="1220"/>
                                    </Header>
                                    <LocList>
                                        <Loc EndOffset="1404" SrcFileId="1" StartOffset="1220"/>
                                    </LocList>
                                    <StmntSeq Intrnl_Id="25">
                                        <LocList>
                                            <Loc EndOffset="1399" SrcFileId="1" StartOffset="1277"/>
                                        </LocList>
                                        <BasicStmnt CovItemId="S10" CovItemPrefix="org.jfree.data.test.RangeTest.java" Intrnl_Id="26">
                                            <LocList>
                                                <Loc EndOffset="1399" SrcFileId="1" StartOffset="1277"/>
                                            </LocList>
                                        </BasicStmnt>
                                    </StmntSeq>
                                </HierarchyLvl>
                                <HierarchyLvl HierarchyLvlId="5534" HierarchyLvlTypeId="3" Intrnl_Id="27" Name="numberLowerThanLowerBoundaryWithRangeZero">
                                    <Header>
                                        <Loc EndOffset="1601" SrcFileId="1" StartOffset="1537"/>
                                    </Header>
                                    <LocList>
                                        <Loc EndOffset="1736" SrcFileId="1" StartOffset="1537"/>
                                    </LocList>
                                    <StmntSeq Intrnl_Id="28">
                                        <LocList>
                                            <Loc EndOffset="1731" SrcFileId="1" StartOffset="1607"/>
                                        </LocList>
                                        <BasicStmnt CovItemId="S11" CovItemPrefix="org.jfree.data.test.RangeTest.java" Intrnl_Id="29">
                                            <LocList>
                                                <Loc EndOffset="1731" SrcFileId="1" StartOffset="1607"/>
                                            </LocList>
                                        </BasicStmnt>
                                    </StmntSeq>
                                </HierarchyLvl>
                                <HierarchyLvl HierarchyLvlId="5535" HierarchyLvlTypeId="3" Intrnl_Id="30" Name="numberHigherThanUpperBoundary">
                                    <Header>
                                        <Loc EndOffset="1916" SrcFileId="1" StartOffset="1864"/>
                                    </Header>
                                    <LocList>
                                        <Loc EndOffset="2045" SrcFileId="1" StartOffset="1864"/>
                                    </LocList>
                                    <StmntSeq Intrnl_Id="31">
                                        <LocList>
                                            <Loc EndOffset="2040" SrcFileId="1" StartOffset="1922"/>
                                        </LocList>
                                        <BasicStmnt CovItemId="S12" CovItemPrefix="org.jfree.data.test.RangeTest.java" Intrnl_Id="32">
                                            <LocList>
                                                <Loc EndOffset="2040" SrcFileId="1" StartOffset="1922"/>
                                            </LocList>
                                        </BasicStmnt>
                                    </StmntSeq>
                                </HierarchyLvl>
                                <HierarchyLvl HierarchyLvlId="5536" HierarchyLvlTypeId="3" Intrnl_Id="33" Name="numberHigherThanUpperBoundaryWithRangeZero">
                                    <Header>
                                        <Loc EndOffset="2244" SrcFileId="1" StartOffset="2179"/>
                                    </Header>
                                    <LocList>
                                        <Loc EndOffset="2378" SrcFileId="1" StartOffset="2179"/>
                                    </LocList>
                                    <StmntSeq Intrnl_Id="34">
                                        <LocList>
                                            <Loc EndOffset="2373" SrcFileId="1" StartOffset="2250"/>
                                        </LocList>
                                        <BasicStmnt CovItemId="S13" CovItemPrefix="org.jfree.data.test.RangeTest.java" Intrnl_Id="35">
                                            <LocList>
                                                <Loc EndOffset="2373" SrcFileId="1" StartOffset="2250"/>
                                            </LocList>
                                        </BasicStmnt>
                                    </StmntSeq>
                                </HierarchyLvl>
                                <HierarchyLvl HierarchyLvlId="5537" HierarchyLvlTypeId="3" Intrnl_Id="36" Name="numberWithinRange">
                                    <Header>
                                        <Loc EndOffset="2510" SrcFileId="1" StartOffset="2470"/>
                                    </Header>
                                    <LocList>
                                        <Loc EndOffset="2639" SrcFileId="1" StartOffset="2470"/>
                                    </LocList>
                                    <StmntSeq Intrnl_Id="37">
                                        <LocList>
                                            <Loc EndOffset="2634" SrcFileId="1" StartOffset="2516"/>
                                        </LocList>
                                        <BasicStmnt CovItemId="S14" CovItemPrefix="org.jfree.data.test.RangeTest.java" Intrnl_Id="38">
                                            <LocList>
                                                <Loc EndOffset="2634" SrcFileId="1" StartOffset="2516"/>
                                            </LocList>
                                        </BasicStmnt>
                                    </StmntSeq>
                                </HierarchyLvl>
                                <HierarchyLvl HierarchyLvlId="5538" HierarchyLvlTypeId="3" Intrnl_Id="39" Name="numberIsLowerBoundary">
                                    <Header>
                                        <Loc EndOffset="2814" SrcFileId="1" StartOffset="2770"/>
                                    </Header>
                                    <LocList>
                                        <Loc EndOffset="2947" SrcFileId="1" StartOffset="2770"/>
                                    </LocList>
                                    <StmntSeq Intrnl_Id="40">
                                        <LocList>
                                            <Loc EndOffset="2942" SrcFileId="1" StartOffset="2820"/>
                                        </LocList>
                                        <BasicStmnt CovItemId="S15" CovItemPrefix="org.jfree.data.test.RangeTest.java" Intrnl_Id="41">
                                            <LocList>
                                                <Loc EndOffset="2942" SrcFileId="1" StartOffset="2820"/>
                                            </LocList>
                                        </BasicStmnt>
                                    </StmntSeq>
                                </HierarchyLvl>
                                <HierarchyLvl HierarchyLvlId="5539" HierarchyLvlTypeId="3" Intrnl_Id="42" Name="numberIsUpperBoundary">
                                    <Header>
                                        <Loc EndOffset="3122" SrcFileId="1" StartOffset="3078"/>
                                    </Header>
                                    <LocList>
                                        <Loc EndOffset="3251" SrcFileId="1" StartOffset="3078"/>
                                    </LocList>
                                    <StmntSeq Intrnl_Id="43">
                                        <LocList>
                                            <Loc EndOffset="3246" SrcFileId="1" StartOffset="3128"/>
                                        </LocList>
                                        <BasicStmnt CovItemId="S16" CovItemPrefix="org.jfree.data.test.RangeTest.java" Intrnl_Id="44">
                                            <LocList>
                                                <Loc EndOffset="3246" SrcFileId="1" StartOffset="3128"/>
                                            </LocList>
                                        </BasicStmnt>
                                    </StmntSeq>
                                </HierarchyLvl>
                                <HierarchyLvl HierarchyLvlId="5540" HierarchyLvlTypeId="3" Intrnl_Id="45" Name="getLengthValidOutput">
                                    <Header>
                                        <Loc EndOffset="3368" SrcFileId="1" StartOffset="3325"/>
                                    </Header>
                                    <LocList>
                                        <Loc EndOffset="3488" SrcFileId="1" StartOffset="3325"/>
                                    </LocList>
                                    <StmntSeq Intrnl_Id="46">
                                        <LocList>
                                            <Loc EndOffset="3483" SrcFileId="1" StartOffset="3374"/>
                                        </LocList>
                                        <BasicStmnt CovItemId="S17" CovItemPrefix="org.jfree.data.test.RangeTest.java" Intrnl_Id="47">
                                            <LocList>
                                                <Loc EndOffset="3483" SrcFileId="1" StartOffset="3374"/>
                                            </LocList>
                                        </BasicStmnt>
                                    </StmntSeq>
                                </HierarchyLvl>
                                <HierarchyLvl HierarchyLvlId="5541" HierarchyLvlTypeId="3" Intrnl_Id="48" Name="firstRangeNull">
                                    <Header>
                                        <Loc EndOffset="3585" SrcFileId="1" StartOffset="3548"/>
                                    </Header>
                                    <LocList>
                                        <Loc EndOffset="3729" SrcFileId="1" StartOffset="3548"/>
                                    </LocList>
                                    <StmntSeq Intrnl_Id="49">
                                        <LocList>
                                            <Loc EndOffset="3724" SrcFileId="1" StartOffset="3591"/>
                                        </LocList>
                                        <BasicStmnt CovItemId="S18" CovItemPrefix="org.jfree.data.test.RangeTest.java" Intrnl_Id="50">
                                            <LocList>
                                                <Loc EndOffset="3724" SrcFileId="1" StartOffset="3591"/>
                                            </LocList>
                                        </BasicStmnt>
                                    </StmntSeq>
                                </HierarchyLvl>
                                <HierarchyLvl HierarchyLvlId="5542" HierarchyLvlTypeId="3" Intrnl_Id="51" Name="secondRangeNull">
                                    <Header>
                                        <Loc EndOffset="3801" SrcFileId="1" StartOffset="3763"/>
                                    </Header>
                                    <LocList>
                                        <Loc EndOffset="3945" SrcFileId="1" StartOffset="3763"/>
                                    </LocList>
                                    <StmntSeq Intrnl_Id="52">
                                        <LocList>
                                            <Loc EndOffset="3940" SrcFileId="1" StartOffset="3807"/>
                                        </LocList>
                                        <BasicStmnt CovItemId="S19" CovItemPrefix="org.jfree.data.test.RangeTest.java" Intrnl_Id="53">
                                            <LocList>
                                                <Loc EndOffset="3940" SrcFileId="1" StartOffset="3807"/>
                                            </LocList>
                                        </BasicStmnt>
                                    </StmntSeq>
                                </HierarchyLvl>
                                <HierarchyLvl HierarchyLvlId="5543" HierarchyLvlTypeId="3" Intrnl_Id="54" Name="bothRangeNull">
                                    <Header>
                                        <Loc EndOffset="4015" SrcFileId="1" StartOffset="3979"/>
                                    </Header>
                                    <LocList>
                                        <Loc EndOffset="4122" SrcFileId="1" StartOffset="3979"/>
                                    </LocList>
                                    <StmntSeq Intrnl_Id="55">
                                        <LocList>
                                            <Loc EndOffset="4117" SrcFileId="1" StartOffset="4021"/>
                                        </LocList>
                                        <BasicStmnt CovItemId="S20" CovItemPrefix="org.jfree.data.test.RangeTest.java" Intrnl_Id="56">
                                            <LocList>
                                                <Loc EndOffset="4117" SrcFileId="1" StartOffset="4021"/>
                                            </LocList>
                                        </BasicStmnt>
                                    </StmntSeq>
                                </HierarchyLvl>
                                <HierarchyLvl HierarchyLvlId="5544" HierarchyLvlTypeId="3" Intrnl_Id="57" Name="identicalRanges">
                                    <Header>
                                        <Loc EndOffset="4190" SrcFileId="1" StartOffset="4152"/>
                                    </Header>
                                    <LocList>
                                        <Loc EndOffset="4348" SrcFileId="1" StartOffset="4152"/>
                                    </LocList>
                                    <StmntSeq Intrnl_Id="58">
                                        <LocList>
                                            <Loc EndOffset="4343" SrcFileId="1" StartOffset="4196"/>
                                        </LocList>
                                        <BasicStmnt CovItemId="S21" CovItemPrefix="org.jfree.data.test.RangeTest.java" Intrnl_Id="59">
                                            <LocList>
                                                <Loc EndOffset="4343" SrcFileId="1" StartOffset="4196"/>
                                            </LocList>
                                        </BasicStmnt>
                                    </StmntSeq>
                                </HierarchyLvl>
                                <HierarchyLvl HierarchyLvlId="5545" HierarchyLvlTypeId="3" Intrnl_Id="60" Name="continuousRanges">
                                    <Header>
                                        <Loc EndOffset="4422" SrcFileId="1" StartOffset="4383"/>
                                    </Header>
                                    <LocList>
                                        <Loc EndOffset="4718" SrcFileId="1" StartOffset="4383"/>
                                    </LocList>
                                    <StmntSeq Intrnl_Id="61">
                                        <LocList>
                                            <Loc EndOffset="4581" SrcFileId="1" StartOffset="4436"/>
                                            <Loc EndOffset="4713" SrcFileId="1" StartOffset="4428"/>
                                        </LocList>
                                        <BasicStmnt CovItemId="S23" CovItemPrefix="org.jfree.data.test.RangeTest.java" Intrnl_Id="62">
                                            <LocList>
                                                <Loc EndOffset="4581" SrcFileId="1" StartOffset="4436"/>
                                            </LocList>
                                        </BasicStmnt>
                                        <CondStmnt CovItemId="S22" CovItemPrefix="org.jfree.data.test.RangeTest.java" Intrnl_Id="63">
                                            <Branch CovItemId="B1" CovItemPrefix="org.jfree.data.test.RangeTest.java" Implct="true" Intrnl_Id="64">
                                                <Cond/>
                                                <LocList/>
                                                <StmntSeq Intrnl_Id="65">
                                                    <LocList/>
                                                </StmntSeq>
                                            </Branch>
                                            <Branch CovItemId="B2" CovItemPrefix="org.jfree.data.test.RangeTest.java" Implct="false" Intrnl_Id="66">
                                                <Cond>
                                                    <Loc EndOffset="4608" SrcFileId="1" StartOffset="4590"/>
                                                </Cond>
                                                <LocList>
                                                    <Loc EndOffset="4713" SrcFileId="1" StartOffset="4609"/>
                                                </LocList>
                                                <StmntSeq Intrnl_Id="67">
                                                    <LocList>
                                                        <Loc EndOffset="4708" SrcFileId="1" StartOffset="4614"/>
                                                    </LocList>
                                                    <BasicStmnt CovItemId="S24" CovItemPrefix="org.jfree.data.test.RangeTest.java" Intrnl_Id="68">
                                                        <LocList>
                                                            <Loc EndOffset="4708" SrcFileId="1" StartOffset="4614"/>
                                                        </LocList>
                                                    </BasicStmnt>
                                                </StmntSeq>
                                            </Branch>
                                            <Keyword EndOffset="4431" SrcFileId="1" StartOffset="4428"/>
                                            <LocList>
                                                <Loc EndOffset="4713" SrcFileId="1" StartOffset="4428"/>
                                            </LocList>
                                        </CondStmnt>
                                    </StmntSeq>
                                </HierarchyLvl>
                                <HierarchyLvl HierarchyLvlId="5546" HierarchyLvlTypeId="3" Intrnl_Id="69" Name="notContinuousRanges">
                                    <Header>
                                        <Loc EndOffset="4799" SrcFileId="1" StartOffset="4757"/>
                                    </Header>
                                    <LocList>
                                        <Loc EndOffset="5103" SrcFileId="1" StartOffset="4757"/>
                                    </LocList>
                                    <StmntSeq Intrnl_Id="70">
                                        <LocList>
                                            <Loc EndOffset="4963" SrcFileId="1" StartOffset="4814"/>
                                            <Loc EndOffset="5098" SrcFileId="1" StartOffset="4805"/>
                                        </LocList>
                                        <BasicStmnt CovItemId="S26" CovItemPrefix="org.jfree.data.test.RangeTest.java" Intrnl_Id="71">
                                            <LocList>
                                                <Loc EndOffset="4963" SrcFileId="1" StartOffset="4814"/>
                                            </LocList>
                                        </BasicStmnt>
                                        <CondStmnt CovItemId="S25" CovItemPrefix="org.jfree.data.test.RangeTest.java" Intrnl_Id="72">
                                            <Branch CovItemId="B3" CovItemPrefix="org.jfree.data.test.RangeTest.java" Implct="true" Intrnl_Id="73">
                                                <Cond/>
                                                <LocList/>
                                                <StmntSeq Intrnl_Id="74">
                                                    <LocList/>
                                                </StmntSeq>
                                            </Branch>
                                            <Branch CovItemId="B4" CovItemPrefix="org.jfree.data.test.RangeTest.java" Implct="false" Intrnl_Id="75">
                                                <Cond>
                                                    <Loc EndOffset="4990" SrcFileId="1" StartOffset="4972"/>
                                                </Cond>
                                                <LocList>
                                                    <Loc EndOffset="5098" SrcFileId="1" StartOffset="4991"/>
                                                </LocList>
                                                <StmntSeq Intrnl_Id="76">
                                                    <LocList>
                                                        <Loc EndOffset="5093" SrcFileId="1" StartOffset="4996"/>
                                                    </LocList>
                                                    <BasicStmnt CovItemId="S27" CovItemPrefix="org.jfree.data.test.RangeTest.java" Intrnl_Id="77">
                                                        <LocList>
                                                            <Loc EndOffset="5093" SrcFileId="1" StartOffset="4996"/>
                                                        </LocList>
                                                    </BasicStmnt>
                                                </StmntSeq>
                                            </Branch>
                                            <Keyword EndOffset="4808" SrcFileId="1" StartOffset="4805"/>
                                            <LocList>
                                                <Loc EndOffset="5098" SrcFileId="1" StartOffset="4805"/>
                                            </LocList>
                                        </CondStmnt>
                                    </StmntSeq>
                                </HierarchyLvl>
                                <HierarchyLvl HierarchyLvlId="5547" HierarchyLvlTypeId="3" Intrnl_Id="78" Name="testNegativeNumberForLowerBound">
                                    <Header>
                                        <Loc EndOffset="5190" SrcFileId="1" StartOffset="5136"/>
                                    </Header>
                                    <LocList>
                                        <Loc EndOffset="5340" SrcFileId="1" StartOffset="5136"/>
                                    </LocList>
                                    <StmntSeq Intrnl_Id="79">
                                        <LocList>
                                            <Loc EndOffset="5335" SrcFileId="1" StartOffset="5235"/>
                                        </LocList>
                                        <BasicStmnt CovItemId="S28" CovItemPrefix="org.jfree.data.test.RangeTest.java" Intrnl_Id="80">
                                            <LocList>
                                                <Loc EndOffset="5335" SrcFileId="1" StartOffset="5235"/>
                                            </LocList>
                                        </BasicStmnt>
                                    </StmntSeq>
                                </HierarchyLvl>
                                <HierarchyLvl HierarchyLvlId="5548" HierarchyLvlTypeId="3" Intrnl_Id="81" Name="testZeroForLowerBound">
                                    <Header>
                                        <Loc EndOffset="5390" SrcFileId="1" StartOffset="5346"/>
                                    </Header>
                                    <LocList>
                                        <Loc EndOffset="5524" SrcFileId="1" StartOffset="5346"/>
                                    </LocList>
                                    <StmntSeq Intrnl_Id="82">
                                        <LocList>
                                            <Loc EndOffset="5519" SrcFileId="1" StartOffset="5422"/>
                                        </LocList>
                                        <BasicStmnt CovItemId="S29" CovItemPrefix="org.jfree.data.test.RangeTest.java" Intrnl_Id="83">
                                            <LocList>
                                                <Loc EndOffset="5519" SrcFileId="1" StartOffset="5422"/>
                                            </LocList>
                                        </BasicStmnt>
                                    </StmntSeq>
                                </HierarchyLvl>
                                <HierarchyLvl HierarchyLvlId="5549" HierarchyLvlTypeId="3" Intrnl_Id="84" Name="testPositiveNumberForLowerBound">
                                    <Header>
                                        <Loc EndOffset="5584" SrcFileId="1" StartOffset="5530"/>
                                    </Header>
                                    <LocList>
                                        <Loc EndOffset="5731" SrcFileId="1" StartOffset="5530"/>
                                    </LocList>
                                    <StmntSeq Intrnl_Id="85">
                                        <LocList>
                                            <Loc EndOffset="5726" SrcFileId="1" StartOffset="5629"/>
                                        </LocList>
                                        <BasicStmnt CovItemId="S30" CovItemPrefix="org.jfree.data.test.RangeTest.java" Intrnl_Id="86">
                                            <LocList>
                                                <Loc EndOffset="5726" SrcFileId="1" StartOffset="5629"/>
                                            </LocList>
                                        </BasicStmnt>
                                    </StmntSeq>
                                </HierarchyLvl>
                                <HierarchyLvl HierarchyLvlId="5550" HierarchyLvlTypeId="3" Intrnl_Id="87" Name="testDoubleForLowerBound">
                                    <Header>
                                        <Loc EndOffset="5781" SrcFileId="1" StartOffset="5735"/>
                                    </Header>
                                    <LocList>
                                        <Loc EndOffset="5926" SrcFileId="1" StartOffset="5735"/>
                                    </LocList>
                                    <StmntSeq Intrnl_Id="88">
                                        <LocList>
                                            <Loc EndOffset="5921" SrcFileId="1" StartOffset="5817"/>
                                        </LocList>
                                        <BasicStmnt CovItemId="S31" CovItemPrefix="org.jfree.data.test.RangeTest.java" Intrnl_Id="89">
                                            <LocList>
                                                <Loc EndOffset="5921" SrcFileId="1" StartOffset="5817"/>
                                            </LocList>
                                        </BasicStmnt>
                                    </StmntSeq>
                                </HierarchyLvl>
                                <HierarchyLvl HierarchyLvlId="5551" HierarchyLvlTypeId="3" Intrnl_Id="90" Name="testNegativeNumberForUpperBound">
                                    <Header>
                                        <Loc EndOffset="6019" SrcFileId="1" StartOffset="5965"/>
                                    </Header>
                                    <LocList>
                                        <Loc EndOffset="6166" SrcFileId="1" StartOffset="5965"/>
                                    </LocList>
                                    <StmntSeq Intrnl_Id="91">
                                        <LocList>
                                            <Loc EndOffset="6161" SrcFileId="1" StartOffset="6064"/>
                                        </LocList>
                                        <BasicStmnt CovItemId="S32" CovItemPrefix="org.jfree.data.test.RangeTest.java" Intrnl_Id="92">
                                            <LocList>
                                                <Loc EndOffset="6161" SrcFileId="1" StartOffset="6064"/>
                                            </LocList>
                                        </BasicStmnt>
                                    </StmntSeq>
                                </HierarchyLvl>
                                <HierarchyLvl HierarchyLvlId="5552" HierarchyLvlTypeId="3" Intrnl_Id="93" Name="testZeroForUpperBound">
                                    <Header>
                                        <Loc EndOffset="6325" SrcFileId="1" StartOffset="6281"/>
                                    </Header>
                                    <LocList>
                                        <Loc EndOffset="6459" SrcFileId="1" StartOffset="6281"/>
                                    </LocList>
                                    <StmntSeq Intrnl_Id="94">
                                        <LocList>
                                            <Loc EndOffset="6454" SrcFileId="1" StartOffset="6357"/>
                                        </LocList>
                                        <BasicStmnt CovItemId="S33" CovItemPrefix="org.jfree.data.test.RangeTest.java" Intrnl_Id="95">
                                            <LocList>
                                                <Loc EndOffset="6454" SrcFileId="1" StartOffset="6357"/>
                                            </LocList>
                                        </BasicStmnt>
                                    </StmntSeq>
                                </HierarchyLvl>
                                <HierarchyLvl HierarchyLvlId="5553" HierarchyLvlTypeId="3" Intrnl_Id="96" Name="testPositiveNumberForUpperBound">
                                    <Header>
                                        <Loc EndOffset="6582" SrcFileId="1" StartOffset="6528"/>
                                    </Header>
                                    <LocList>
                                        <Loc EndOffset="6731" SrcFileId="1" StartOffset="6528"/>
                                    </LocList>
                                    <StmntSeq Intrnl_Id="97">
                                        <LocList>
                                            <Loc EndOffset="6726" SrcFileId="1" StartOffset="6627"/>
                                        </LocList>
                                        <BasicStmnt CovItemId="S34" CovItemPrefix="org.jfree.data.test.RangeTest.java" Intrnl_Id="98">
                                            <LocList>
                                                <Loc EndOffset="6726" SrcFileId="1" StartOffset="6627"/>
                                            </LocList>
                                        </BasicStmnt>
                                    </StmntSeq>
                                </HierarchyLvl>
                                <HierarchyLvl HierarchyLvlId="5554" HierarchyLvlTypeId="3" Intrnl_Id="99" Name="testDoubleForUpperBound">
                                    <Header>
                                        <Loc EndOffset="6892" SrcFileId="1" StartOffset="6846"/>
                                    </Header>
                                    <LocList>
                                        <Loc EndOffset="7037" SrcFileId="1" StartOffset="6846"/>
                                    </LocList>
                                    <StmntSeq Intrnl_Id="100">
                                        <LocList>
                                            <Loc EndOffset="7032" SrcFileId="1" StartOffset="6928"/>
                                        </LocList>
                                        <BasicStmnt CovItemId="S35" CovItemPrefix="org.jfree.data.test.RangeTest.java" Intrnl_Id="101">
                                            <LocList>
                                                <Loc EndOffset="7032" SrcFileId="1" StartOffset="6928"/>
                                            </LocList>
                                        </BasicStmnt>
                                    </StmntSeq>
                                </HierarchyLvl>
                                <HierarchyLvl HierarchyLvlId="5555" HierarchyLvlTypeId="3" Intrnl_Id="102" Name="testingPositiveToZeroWithTrue">
                                    <Header>
                                        <Loc EndOffset="7294" SrcFileId="1" StartOffset="7242"/>
                                    </Header>
                                    <LocList>
                                        <Loc EndOffset="7545" SrcFileId="1" StartOffset="7242"/>
                                    </LocList>
                                    <StmntSeq Intrnl_Id="103">
                                        <LocList>
                                            <Loc EndOffset="7337" SrcFileId="1" StartOffset="7299"/>
                                            <Loc EndOffset="7394" SrcFileId="1" StartOffset="7340"/>
                                            <Loc EndOffset="7435" SrcFileId="1" StartOffset="7398"/>
                                            <Loc EndOffset="7539" SrcFileId="1" StartOffset="7439"/>
                                        </LocList>
                                        <BasicStmnt CovItemId="S36" CovItemPrefix="org.jfree.data.test.RangeTest.java" Intrnl_Id="104">
                                            <LocList>
                                                <Loc EndOffset="7337" SrcFileId="1" StartOffset="7299"/>
                                            </LocList>
                                        </BasicStmnt>
                                        <BasicStmnt CovItemId="S37" CovItemPrefix="org.jfree.data.test.RangeTest.java" Intrnl_Id="105">
                                            <LocList>
                                                <Loc EndOffset="7394" SrcFileId="1" StartOffset="7340"/>
                                            </LocList>
                                        </BasicStmnt>
                                        <BasicStmnt CovItemId="S38" CovItemPrefix="org.jfree.data.test.RangeTest.java" Intrnl_Id="106">
                                            <LocList>
                                                <Loc EndOffset="7435" SrcFileId="1" StartOffset="7398"/>
                                            </LocList>
                                        </BasicStmnt>
                                        <BasicStmnt CovItemId="S39" CovItemPrefix="org.jfree.data.test.RangeTest.java" Intrnl_Id="107">
                                            <LocList>
                                                <Loc EndOffset="7539" SrcFileId="1" StartOffset="7439"/>
                                            </LocList>
                                        </BasicStmnt>
                                    </StmntSeq>
                                </HierarchyLvl>
                                <HierarchyLvl HierarchyLvlId="5556" HierarchyLvlTypeId="3" Intrnl_Id="108" Name="testingPositiveToZeroWithFalse">
                                    <Header>
                                        <Loc EndOffset="7619" SrcFileId="1" StartOffset="7566"/>
                                    </Header>
                                    <LocList>
                                        <Loc EndOffset="7865" SrcFileId="1" StartOffset="7566"/>
                                    </LocList>
                                    <StmntSeq Intrnl_Id="109">
                                        <LocList>
                                            <Loc EndOffset="7662" SrcFileId="1" StartOffset="7624"/>
                                            <Loc EndOffset="7720" SrcFileId="1" StartOffset="7665"/>
                                            <Loc EndOffset="7759" SrcFileId="1" StartOffset="7722"/>
                                            <Loc EndOffset="7859" SrcFileId="1" StartOffset="7761"/>
                                        </LocList>
                                        <BasicStmnt CovItemId="S40" CovItemPrefix="org.jfree.data.test.RangeTest.java" Intrnl_Id="110">
                                            <LocList>
                                                <Loc EndOffset="7662" SrcFileId="1" StartOffset="7624"/>
                                            </LocList>
                                        </BasicStmnt>
                                        <BasicStmnt CovItemId="S41" CovItemPrefix="org.jfree.data.test.RangeTest.java" Intrnl_Id="111">
                                            <LocList>
                                                <Loc EndOffset="7720" SrcFileId="1" StartOffset="7665"/>
                                            </LocList>
                                        </BasicStmnt>
                                        <BasicStmnt CovItemId="S42" CovItemPrefix="org.jfree.data.test.RangeTest.java" Intrnl_Id="112">
                                            <LocList>
                                                <Loc EndOffset="7759" SrcFileId="1" StartOffset="7722"/>
                                            </LocList>
                                        </BasicStmnt>
                                        <BasicStmnt CovItemId="S43" CovItemPrefix="org.jfree.data.test.RangeTest.java" Intrnl_Id="113">
                                            <LocList>
                                                <Loc EndOffset="7859" SrcFileId="1" StartOffset="7761"/>
                                            </LocList>
                                        </BasicStmnt>
                                    </StmntSeq>
                                </HierarchyLvl>
                                <HierarchyLvl HierarchyLvlId="5557" HierarchyLvlTypeId="3" Intrnl_Id="114" Name="testingPositiveToNegativeWithTrue">
                                    <Header>
                                        <Loc EndOffset="7942" SrcFileId="1" StartOffset="7886"/>
                                    </Header>
                                    <LocList>
                                        <Loc EndOffset="8201" SrcFileId="1" StartOffset="7886"/>
                                    </LocList>
                                    <StmntSeq Intrnl_Id="115">
                                        <LocList>
                                            <Loc EndOffset="7985" SrcFileId="1" StartOffset="7947"/>
                                            <Loc EndOffset="8042" SrcFileId="1" StartOffset="7988"/>
                                            <Loc EndOffset="8087" SrcFileId="1" StartOffset="8048"/>
                                            <Loc EndOffset="8195" SrcFileId="1" StartOffset="8093"/>
                                        </LocList>
                                        <BasicStmnt CovItemId="S44" CovItemPrefix="org.jfree.data.test.RangeTest.java" Intrnl_Id="116">
                                            <LocList>
                                                <Loc EndOffset="7985" SrcFileId="1" StartOffset="7947"/>
                                            </LocList>
                                        </BasicStmnt>
                                        <BasicStmnt CovItemId="S45" CovItemPrefix="org.jfree.data.test.RangeTest.java" Intrnl_Id="117">
                                            <LocList>
                                                <Loc EndOffset="8042" SrcFileId="1" StartOffset="7988"/>
                                            </LocList>
                                        </BasicStmnt>
                                        <BasicStmnt CovItemId="S46" CovItemPrefix="org.jfree.data.test.RangeTest.java" Intrnl_Id="118">
                                            <LocList>
                                                <Loc EndOffset="8087" SrcFileId="1" StartOffset="8048"/>
                                            </LocList>
                                        </BasicStmnt>
                                        <BasicStmnt CovItemId="S47" CovItemPrefix="org.jfree.data.test.RangeTest.java" Intrnl_Id="119">
                                            <LocList>
                                                <Loc EndOffset="8195" SrcFileId="1" StartOffset="8093"/>
                                            </LocList>
                                        </BasicStmnt>
                                    </StmntSeq>
                                </HierarchyLvl>
                                <HierarchyLvl HierarchyLvlId="5558" HierarchyLvlTypeId="3" Intrnl_Id="120" Name="testingPositiveToNegativeWithFalse">
                                    <Header>
                                        <Loc EndOffset="8282" SrcFileId="1" StartOffset="8223"/>
                                    </Header>
                                    <LocList>
                                        <Loc EndOffset="8542" SrcFileId="1" StartOffset="8223"/>
                                    </LocList>
                                    <StmntSeq Intrnl_Id="121">
                                        <LocList>
                                            <Loc EndOffset="8325" SrcFileId="1" StartOffset="8287"/>
                                            <Loc EndOffset="8383" SrcFileId="1" StartOffset="8328"/>
                                            <Loc EndOffset="8428" SrcFileId="1" StartOffset="8389"/>
                                            <Loc EndOffset="8536" SrcFileId="1" StartOffset="8434"/>
                                        </LocList>
                                        <BasicStmnt CovItemId="S48" CovItemPrefix="org.jfree.data.test.RangeTest.java" Intrnl_Id="122">
                                            <LocList>
                                                <Loc EndOffset="8325" SrcFileId="1" StartOffset="8287"/>
                                            </LocList>
                                        </BasicStmnt>
                                        <BasicStmnt CovItemId="S49" CovItemPrefix="org.jfree.data.test.RangeTest.java" Intrnl_Id="123">
                                            <LocList>
                                                <Loc EndOffset="8383" SrcFileId="1" StartOffset="8328"/>
                                            </LocList>
                                        </BasicStmnt>
                                        <BasicStmnt CovItemId="S50" CovItemPrefix="org.jfree.data.test.RangeTest.java" Intrnl_Id="124">
                                            <LocList>
                                                <Loc EndOffset="8428" SrcFileId="1" StartOffset="8389"/>
                                            </LocList>
                                        </BasicStmnt>
                                        <BasicStmnt CovItemId="S51" CovItemPrefix="org.jfree.data.test.RangeTest.java" Intrnl_Id="125">
                                            <LocList>
                                                <Loc EndOffset="8536" SrcFileId="1" StartOffset="8434"/>
                                            </LocList>
                                        </BasicStmnt>
                                    </StmntSeq>
                                </HierarchyLvl>
                                <HierarchyLvl HierarchyLvlId="5559" HierarchyLvlTypeId="3" Intrnl_Id="126" Name="testingPositiveToNegativeWithFalseAndZero">
                                    <Header>
                                        <Loc EndOffset="8629" SrcFileId="1" StartOffset="8563"/>
                                    </Header>
                                    <LocList>
                                        <Loc EndOffset="8878" SrcFileId="1" StartOffset="8563"/>
                                    </LocList>
                                    <StmntSeq Intrnl_Id="127">
                                        <LocList>
                                            <Loc EndOffset="8672" SrcFileId="1" StartOffset="8634"/>
                                            <Loc EndOffset="8730" SrcFileId="1" StartOffset="8675"/>
                                            <Loc EndOffset="8770" SrcFileId="1" StartOffset="8733"/>
                                            <Loc EndOffset="8872" SrcFileId="1" StartOffset="8773"/>
                                        </LocList>
                                        <BasicStmnt CovItemId="S52" CovItemPrefix="org.jfree.data.test.RangeTest.java" Intrnl_Id="128">
                                            <LocList>
                                                <Loc EndOffset="8672" SrcFileId="1" StartOffset="8634"/>
                                            </LocList>
                                        </BasicStmnt>
                                        <BasicStmnt CovItemId="S53" CovItemPrefix="org.jfree.data.test.RangeTest.java" Intrnl_Id="129">
                                            <LocList>
                                                <Loc EndOffset="8730" SrcFileId="1" StartOffset="8675"/>
                                            </LocList>
                                        </BasicStmnt>
                                        <BasicStmnt CovItemId="S54" CovItemPrefix="org.jfree.data.test.RangeTest.java" Intrnl_Id="130">
                                            <LocList>
                                                <Loc EndOffset="8770" SrcFileId="1" StartOffset="8733"/>
                                            </LocList>
                                        </BasicStmnt>
                                        <BasicStmnt CovItemId="S55" CovItemPrefix="org.jfree.data.test.RangeTest.java" Intrnl_Id="131">
                                            <LocList>
                                                <Loc EndOffset="8872" SrcFileId="1" StartOffset="8773"/>
                                            </LocList>
                                        </BasicStmnt>
                                    </StmntSeq>
                                </HierarchyLvl>
                                <HierarchyLvl HierarchyLvlId="5560" HierarchyLvlTypeId="3" Intrnl_Id="132" Name="testingPositiveToPositiveWithTrue">
                                    <Header>
                                        <Loc EndOffset="8955" SrcFileId="1" StartOffset="8899"/>
                                    </Header>
                                    <LocList>
                                        <Loc EndOffset="9214" SrcFileId="1" StartOffset="8899"/>
                                    </LocList>
                                    <StmntSeq Intrnl_Id="133">
                                        <LocList>
                                            <Loc EndOffset="8998" SrcFileId="1" StartOffset="8960"/>
                                            <Loc EndOffset="9054" SrcFileId="1" StartOffset="9001"/>
                                            <Loc EndOffset="9097" SrcFileId="1" StartOffset="9060"/>
                                            <Loc EndOffset="9208" SrcFileId="1" StartOffset="9103"/>
                                        </LocList>
                                        <BasicStmnt CovItemId="S56" CovItemPrefix="org.jfree.data.test.RangeTest.java" Intrnl_Id="134">
                                            <LocList>
                                                <Loc EndOffset="8998" SrcFileId="1" StartOffset="8960"/>
                                            </LocList>
                                        </BasicStmnt>
                                        <BasicStmnt CovItemId="S57" CovItemPrefix="org.jfree.data.test.RangeTest.java" Intrnl_Id="135">
                                            <LocList>
                                                <Loc EndOffset="9054" SrcFileId="1" StartOffset="9001"/>
                                            </LocList>
                                        </BasicStmnt>
                                        <BasicStmnt CovItemId="S58" CovItemPrefix="org.jfree.data.test.RangeTest.java" Intrnl_Id="136">
                                            <LocList>
                                                <Loc EndOffset="9097" SrcFileId="1" StartOffset="9060"/>
                                            </LocList>
                                        </BasicStmnt>
                                        <BasicStmnt CovItemId="S59" CovItemPrefix="org.jfree.data.test.RangeTest.java" Intrnl_Id="137">
                                            <LocList>
                                                <Loc EndOffset="9208" SrcFileId="1" StartOffset="9103"/>
                                            </LocList>
                                        </BasicStmnt>
                                    </StmntSeq>
                                </HierarchyLvl>
                                <HierarchyLvl HierarchyLvlId="5561" HierarchyLvlTypeId="3" Intrnl_Id="138" Name="testingPositiveToPositiveWithTrueWrongAnswer">
                                    <Header>
                                        <Loc EndOffset="9302" SrcFileId="1" StartOffset="9235"/>
                                    </Header>
                                    <LocList>
                                        <Loc EndOffset="9555" SrcFileId="1" StartOffset="9235"/>
                                    </LocList>
                                    <StmntSeq Intrnl_Id="139">
                                        <LocList>
                                            <Loc EndOffset="9345" SrcFileId="1" StartOffset="9307"/>
                                            <Loc EndOffset="9401" SrcFileId="1" StartOffset="9348"/>
                                            <Loc EndOffset="9442" SrcFileId="1" StartOffset="9405"/>
                                            <Loc EndOffset="9549" SrcFileId="1" StartOffset="9446"/>
                                        </LocList>
                                        <BasicStmnt CovItemId="S60" CovItemPrefix="org.jfree.data.test.RangeTest.java" Intrnl_Id="140">
                                            <LocList>
                                                <Loc EndOffset="9345" SrcFileId="1" StartOffset="9307"/>
                                            </LocList>
                                        </BasicStmnt>
                                        <BasicStmnt CovItemId="S61" CovItemPrefix="org.jfree.data.test.RangeTest.java" Intrnl_Id="141">
                                            <LocList>
                                                <Loc EndOffset="9401" SrcFileId="1" StartOffset="9348"/>
                                            </LocList>
                                        </BasicStmnt>
                                        <BasicStmnt CovItemId="S62" CovItemPrefix="org.jfree.data.test.RangeTest.java" Intrnl_Id="142">
                                            <LocList>
                                                <Loc EndOffset="9442" SrcFileId="1" StartOffset="9405"/>
                                            </LocList>
                                        </BasicStmnt>
                                        <BasicStmnt CovItemId="S63" CovItemPrefix="org.jfree.data.test.RangeTest.java" Intrnl_Id="143">
                                            <LocList>
                                                <Loc EndOffset="9549" SrcFileId="1" StartOffset="9446"/>
                                            </LocList>
                                        </BasicStmnt>
                                    </StmntSeq>
                                </HierarchyLvl>
                                <HierarchyLvl HierarchyLvlId="5562" HierarchyLvlTypeId="3" Intrnl_Id="144" Name="testingNegativeToPositiveWithFalse">
                                    <Header>
                                        <Loc EndOffset="9633" SrcFileId="1" StartOffset="9576"/>
                                    </Header>
                                    <LocList>
                                        <Loc EndOffset="9885" SrcFileId="1" StartOffset="9576"/>
                                    </LocList>
                                    <StmntSeq Intrnl_Id="145">
                                        <LocList>
                                            <Loc EndOffset="9678" SrcFileId="1" StartOffset="9638"/>
                                            <Loc EndOffset="9735" SrcFileId="1" StartOffset="9681"/>
                                            <Loc EndOffset="9776" SrcFileId="1" StartOffset="9739"/>
                                            <Loc EndOffset="9879" SrcFileId="1" StartOffset="9780"/>
                                        </LocList>
                                        <BasicStmnt CovItemId="S64" CovItemPrefix="org.jfree.data.test.RangeTest.java" Intrnl_Id="146">
                                            <LocList>
                                                <Loc EndOffset="9678" SrcFileId="1" StartOffset="9638"/>
                                            </LocList>
                                        </BasicStmnt>
                                        <BasicStmnt CovItemId="S65" CovItemPrefix="org.jfree.data.test.RangeTest.java" Intrnl_Id="147">
                                            <LocList>
                                                <Loc EndOffset="9735" SrcFileId="1" StartOffset="9681"/>
                                            </LocList>
                                        </BasicStmnt>
                                        <BasicStmnt CovItemId="S66" CovItemPrefix="org.jfree.data.test.RangeTest.java" Intrnl_Id="148">
                                            <LocList>
                                                <Loc EndOffset="9776" SrcFileId="1" StartOffset="9739"/>
                                            </LocList>
                                        </BasicStmnt>
                                        <BasicStmnt CovItemId="S67" CovItemPrefix="org.jfree.data.test.RangeTest.java" Intrnl_Id="149">
                                            <LocList>
                                                <Loc EndOffset="9879" SrcFileId="1" StartOffset="9780"/>
                                            </LocList>
                                        </BasicStmnt>
                                    </StmntSeq>
                                </HierarchyLvl>
                                <HierarchyLvl HierarchyLvlId="5563" HierarchyLvlTypeId="3" Intrnl_Id="150" Name="testingNegativeToPositiveWithTrue">
                                    <Header>
                                        <Loc EndOffset="9962" SrcFileId="1" StartOffset="9906"/>
                                    </Header>
                                    <LocList>
                                        <Loc EndOffset="10207" SrcFileId="1" StartOffset="9906"/>
                                    </LocList>
                                    <StmntSeq Intrnl_Id="151">
                                        <LocList>
                                            <Loc EndOffset="10007" SrcFileId="1" StartOffset="9967"/>
                                            <Loc EndOffset="10063" SrcFileId="1" StartOffset="10010"/>
                                            <Loc EndOffset="10102" SrcFileId="1" StartOffset="10065"/>
                                            <Loc EndOffset="10201" SrcFileId="1" StartOffset="10104"/>
                                        </LocList>
                                        <BasicStmnt CovItemId="S68" CovItemPrefix="org.jfree.data.test.RangeTest.java" Intrnl_Id="152">
                                            <LocList>
                                                <Loc EndOffset="10007" SrcFileId="1" StartOffset="9967"/>
                                            </LocList>
                                        </BasicStmnt>
                                        <BasicStmnt CovItemId="S69" CovItemPrefix="org.jfree.data.test.RangeTest.java" Intrnl_Id="153">
                                            <LocList>
                                                <Loc EndOffset="10063" SrcFileId="1" StartOffset="10010"/>
                                            </LocList>
                                        </BasicStmnt>
                                        <BasicStmnt CovItemId="S70" CovItemPrefix="org.jfree.data.test.RangeTest.java" Intrnl_Id="154">
                                            <LocList>
                                                <Loc EndOffset="10102" SrcFileId="1" StartOffset="10065"/>
                                            </LocList>
                                        </BasicStmnt>
                                        <BasicStmnt CovItemId="S71" CovItemPrefix="org.jfree.data.test.RangeTest.java" Intrnl_Id="155">
                                            <LocList>
                                                <Loc EndOffset="10201" SrcFileId="1" StartOffset="10104"/>
                                            </LocList>
                                        </BasicStmnt>
                                    </StmntSeq>
                                </HierarchyLvl>
                                <HierarchyLvl HierarchyLvlId="5564" HierarchyLvlTypeId="3" Intrnl_Id="156" Name="testingNegativeToPositiveWithTrueSplitRange">
                                    <Header>
                                        <Loc EndOffset="10294" SrcFileId="1" StartOffset="10228"/>
                                    </Header>
                                    <LocList>
                                        <Loc EndOffset="10536" SrcFileId="1" StartOffset="10228"/>
                                    </LocList>
                                    <StmntSeq Intrnl_Id="157">
                                        <LocList>
                                            <Loc EndOffset="10338" SrcFileId="1" StartOffset="10299"/>
                                            <Loc EndOffset="10394" SrcFileId="1" StartOffset="10341"/>
                                            <Loc EndOffset="10433" SrcFileId="1" StartOffset="10396"/>
                                            <Loc EndOffset="10530" SrcFileId="1" StartOffset="10435"/>
                                        </LocList>
                                        <BasicStmnt CovItemId="S72" CovItemPrefix="org.jfree.data.test.RangeTest.java" Intrnl_Id="158">
                                            <LocList>
                                                <Loc EndOffset="10338" SrcFileId="1" StartOffset="10299"/>
                                            </LocList>
                                        </BasicStmnt>
                                        <BasicStmnt CovItemId="S73" CovItemPrefix="org.jfree.data.test.RangeTest.java" Intrnl_Id="159">
                                            <LocList>
                                                <Loc EndOffset="10394" SrcFileId="1" StartOffset="10341"/>
                                            </LocList>
                                        </BasicStmnt>
                                        <BasicStmnt CovItemId="S74" CovItemPrefix="org.jfree.data.test.RangeTest.java" Intrnl_Id="160">
                                            <LocList>
                                                <Loc EndOffset="10433" SrcFileId="1" StartOffset="10396"/>
                                            </LocList>
                                        </BasicStmnt>
                                        <BasicStmnt CovItemId="S75" CovItemPrefix="org.jfree.data.test.RangeTest.java" Intrnl_Id="161">
                                            <LocList>
                                                <Loc EndOffset="10530" SrcFileId="1" StartOffset="10435"/>
                                            </LocList>
                                        </BasicStmnt>
                                    </StmntSeq>
                                </HierarchyLvl>
                                <HierarchyLvl HierarchyLvlId="5565" HierarchyLvlTypeId="3" Intrnl_Id="162" Name="testingNegativeToPositiveWithFalseSplitRange">
                                    <Header>
                                        <Loc EndOffset="10624" SrcFileId="1" StartOffset="10557"/>
                                    </Header>
                                    <LocList>
                                        <Loc EndOffset="10865" SrcFileId="1" StartOffset="10557"/>
                                    </LocList>
                                    <StmntSeq Intrnl_Id="163">
                                        <LocList>
                                            <Loc EndOffset="10668" SrcFileId="1" StartOffset="10629"/>
                                            <Loc EndOffset="10725" SrcFileId="1" StartOffset="10671"/>
                                            <Loc EndOffset="10764" SrcFileId="1" StartOffset="10727"/>
                                            <Loc EndOffset="10859" SrcFileId="1" StartOffset="10766"/>
                                        </LocList>
                                        <BasicStmnt CovItemId="S76" CovItemPrefix="org.jfree.data.test.RangeTest.java" Intrnl_Id="164">
                                            <LocList>
                                                <Loc EndOffset="10668" SrcFileId="1" StartOffset="10629"/>
                                            </LocList>
                                        </BasicStmnt>
                                        <BasicStmnt CovItemId="S77" CovItemPrefix="org.jfree.data.test.RangeTest.java" Intrnl_Id="165">
                                            <LocList>
                                                <Loc EndOffset="10725" SrcFileId="1" StartOffset="10671"/>
                                            </LocList>
                                        </BasicStmnt>
                                        <BasicStmnt CovItemId="S78" CovItemPrefix="org.jfree.data.test.RangeTest.java" Intrnl_Id="166">
                                            <LocList>
                                                <Loc EndOffset="10764" SrcFileId="1" StartOffset="10727"/>
                                            </LocList>
                                        </BasicStmnt>
                                        <BasicStmnt CovItemId="S79" CovItemPrefix="org.jfree.data.test.RangeTest.java" Intrnl_Id="167">
                                            <LocList>
                                                <Loc EndOffset="10859" SrcFileId="1" StartOffset="10766"/>
                                            </LocList>
                                        </BasicStmnt>
                                    </StmntSeq>
                                </HierarchyLvl>
                                <HierarchyLvl HierarchyLvlId="5566" HierarchyLvlTypeId="3" Intrnl_Id="168" Name="testingNegativeToPositiveWithFalseSplitRangeCorrectAnswer">
                                    <Header>
                                        <Loc EndOffset="10967" SrcFileId="1" StartOffset="10887"/>
                                    </Header>
                                    <LocList>
                                        <Loc EndOffset="11212" SrcFileId="1" StartOffset="10887"/>
                                    </LocList>
                                    <StmntSeq Intrnl_Id="169">
                                        <LocList>
                                            <Loc EndOffset="11011" SrcFileId="1" StartOffset="10972"/>
                                            <Loc EndOffset="11068" SrcFileId="1" StartOffset="11014"/>
                                            <Loc EndOffset="11107" SrcFileId="1" StartOffset="11070"/>
                                            <Loc EndOffset="11206" SrcFileId="1" StartOffset="11109"/>
                                        </LocList>
                                        <BasicStmnt CovItemId="S80" CovItemPrefix="org.jfree.data.test.RangeTest.java" Intrnl_Id="170">
                                            <LocList>
                                                <Loc EndOffset="11011" SrcFileId="1" StartOffset="10972"/>
                                            </LocList>
                                        </BasicStmnt>
                                        <BasicStmnt CovItemId="S81" CovItemPrefix="org.jfree.data.test.RangeTest.java" Intrnl_Id="171">
                                            <LocList>
                                                <Loc EndOffset="11068" SrcFileId="1" StartOffset="11014"/>
                                            </LocList>
                                        </BasicStmnt>
                                        <BasicStmnt CovItemId="S82" CovItemPrefix="org.jfree.data.test.RangeTest.java" Intrnl_Id="172">
                                            <LocList>
                                                <Loc EndOffset="11107" SrcFileId="1" StartOffset="11070"/>
                                            </LocList>
                                        </BasicStmnt>
                                        <BasicStmnt CovItemId="S83" CovItemPrefix="org.jfree.data.test.RangeTest.java" Intrnl_Id="173">
                                            <LocList>
                                                <Loc EndOffset="11206" SrcFileId="1" StartOffset="11109"/>
                                            </LocList>
                                        </BasicStmnt>
                                    </StmntSeq>
                                </HierarchyLvl>
                                <HierarchyLvl HierarchyLvlId="5567" HierarchyLvlTypeId="3" Intrnl_Id="174" Name="testingPositiveToPositiveWithFalseWrongAnswer">
                                    <Header>
                                        <Loc EndOffset="11303" SrcFileId="1" StartOffset="11235"/>
                                    </Header>
                                    <LocList>
                                        <Loc EndOffset="11551" SrcFileId="1" StartOffset="11235"/>
                                    </LocList>
                                    <StmntSeq Intrnl_Id="175">
                                        <LocList>
                                            <Loc EndOffset="11346" SrcFileId="1" StartOffset="11308"/>
                                            <Loc EndOffset="11403" SrcFileId="1" StartOffset="11349"/>
                                            <Loc EndOffset="11442" SrcFileId="1" StartOffset="11405"/>
                                            <Loc EndOffset="11545" SrcFileId="1" StartOffset="11444"/>
                                        </LocList>
                                        <BasicStmnt CovItemId="S84" CovItemPrefix="org.jfree.data.test.RangeTest.java" Intrnl_Id="176">
                                            <LocList>
                                                <Loc EndOffset="11346" SrcFileId="1" StartOffset="11308"/>
                                            </LocList>
                                        </BasicStmnt>
                                        <BasicStmnt CovItemId="S85" CovItemPrefix="org.jfree.data.test.RangeTest.java" Intrnl_Id="177">
                                            <LocList>
                                                <Loc EndOffset="11403" SrcFileId="1" StartOffset="11349"/>
                                            </LocList>
                                        </BasicStmnt>
                                        <BasicStmnt CovItemId="S86" CovItemPrefix="org.jfree.data.test.RangeTest.java" Intrnl_Id="178">
                                            <LocList>
                                                <Loc EndOffset="11442" SrcFileId="1" StartOffset="11405"/>
                                            </LocList>
                                        </BasicStmnt>
                                        <BasicStmnt CovItemId="S87" CovItemPrefix="org.jfree.data.test.RangeTest.java" Intrnl_Id="179">
                                            <LocList>
                                                <Loc EndOffset="11545" SrcFileId="1" StartOffset="11444"/>
                                            </LocList>
                                        </BasicStmnt>
                                    </StmntSeq>
                                </HierarchyLvl>
                                <HierarchyLvl HierarchyLvlId="5568" HierarchyLvlTypeId="3" Intrnl_Id="180" Name="testingPositiveToPositiveWithFalseCorrectAnswer">
                                    <Header>
                                        <Loc EndOffset="11642" SrcFileId="1" StartOffset="11572"/>
                                    </Header>
                                    <LocList>
                                        <Loc EndOffset="11890" SrcFileId="1" StartOffset="11572"/>
                                    </LocList>
                                    <StmntSeq Intrnl_Id="181">
                                        <LocList>
                                            <Loc EndOffset="11685" SrcFileId="1" StartOffset="11647"/>
                                            <Loc EndOffset="11742" SrcFileId="1" StartOffset="11688"/>
                                            <Loc EndOffset="11781" SrcFileId="1" StartOffset="11744"/>
                                            <Loc EndOffset="11884" SrcFileId="1" StartOffset="11783"/>
                                        </LocList>
                                        <BasicStmnt CovItemId="S88" CovItemPrefix="org.jfree.data.test.RangeTest.java" Intrnl_Id="182">
                                            <LocList>
                                                <Loc EndOffset="11685" SrcFileId="1" StartOffset="11647"/>
                                            </LocList>
                                        </BasicStmnt>
                                        <BasicStmnt CovItemId="S89" CovItemPrefix="org.jfree.data.test.RangeTest.java" Intrnl_Id="183">
                                            <LocList>
                                                <Loc EndOffset="11742" SrcFileId="1" StartOffset="11688"/>
                                            </LocList>
                                        </BasicStmnt>
                                        <BasicStmnt CovItemId="S90" CovItemPrefix="org.jfree.data.test.RangeTest.java" Intrnl_Id="184">
                                            <LocList>
                                                <Loc EndOffset="11781" SrcFileId="1" StartOffset="11744"/>
                                            </LocList>
                                        </BasicStmnt>
                                        <BasicStmnt CovItemId="S91" CovItemPrefix="org.jfree.data.test.RangeTest.java" Intrnl_Id="185">
                                            <LocList>
                                                <Loc EndOffset="11884" SrcFileId="1" StartOffset="11783"/>
                                            </LocList>
                                        </BasicStmnt>
                                    </StmntSeq>
                                </HierarchyLvl>
                                <HierarchyLvl HierarchyLvlId="5569" HierarchyLvlTypeId="3" Intrnl_Id="186" Name="shiftTestWithNullRange">
                                    <Header>
                                        <Loc EndOffset="11982" SrcFileId="1" StartOffset="11896"/>
                                    </Header>
                                    <LocList>
                                        <Loc EndOffset="12021" SrcFileId="1" StartOffset="11896"/>
                                    </LocList>
                                    <StmntSeq Intrnl_Id="187">
                                        <LocList>
                                            <Loc EndOffset="12018" SrcFileId="1" StartOffset="11990"/>
                                        </LocList>
                                        <BasicStmnt CovItemId="S92" CovItemPrefix="org.jfree.data.test.RangeTest.java" Intrnl_Id="188">
                                            <LocList>
                                                <Loc EndOffset="12018" SrcFileId="1" StartOffset="11990"/>
                                            </LocList>
                                        </BasicStmnt>
                                    </StmntSeq>
                                </HierarchyLvl>
                                <HierarchyLvl HierarchyLvlId="5570" HierarchyLvlTypeId="3" Intrnl_Id="189" Name="testingPositiveToPositive">
                                    <Header>
                                        <Loc EndOffset="12129" SrcFileId="1" StartOffset="12081"/>
                                    </Header>
                                    <LocList>
                                        <Loc EndOffset="12368" SrcFileId="1" StartOffset="12081"/>
                                    </LocList>
                                    <StmntSeq Intrnl_Id="190">
                                        <LocList>
                                            <Loc EndOffset="12172" SrcFileId="1" StartOffset="12134"/>
                                            <Loc EndOffset="12222" SrcFileId="1" StartOffset="12175"/>
                                            <Loc EndOffset="12261" SrcFileId="1" StartOffset="12224"/>
                                            <Loc EndOffset="12362" SrcFileId="1" StartOffset="12263"/>
                                        </LocList>
                                        <BasicStmnt CovItemId="S93" CovItemPrefix="org.jfree.data.test.RangeTest.java" Intrnl_Id="191">
                                            <LocList>
                                                <Loc EndOffset="12172" SrcFileId="1" StartOffset="12134"/>
                                            </LocList>
                                        </BasicStmnt>
                                        <BasicStmnt CovItemId="S94" CovItemPrefix="org.jfree.data.test.RangeTest.java" Intrnl_Id="192">
                                            <LocList>
                                                <Loc EndOffset="12222" SrcFileId="1" StartOffset="12175"/>
                                            </LocList>
                                        </BasicStmnt>
                                        <BasicStmnt CovItemId="S95" CovItemPrefix="org.jfree.data.test.RangeTest.java" Intrnl_Id="193">
                                            <LocList>
                                                <Loc EndOffset="12261" SrcFileId="1" StartOffset="12224"/>
                                            </LocList>
                                        </BasicStmnt>
                                        <BasicStmnt CovItemId="S96" CovItemPrefix="org.jfree.data.test.RangeTest.java" Intrnl_Id="194">
                                            <LocList>
                                                <Loc EndOffset="12362" SrcFileId="1" StartOffset="12263"/>
                                            </LocList>
                                        </BasicStmnt>
                                    </StmntSeq>
                                </HierarchyLvl>
                                <HierarchyLvl HierarchyLvlId="5571" HierarchyLvlTypeId="3" Intrnl_Id="195" Name="testingPositiveToNegative">
                                    <Header>
                                        <Loc EndOffset="12439" SrcFileId="1" StartOffset="12391"/>
                                    </Header>
                                    <LocList>
                                        <Loc EndOffset="12676" SrcFileId="1" StartOffset="12391"/>
                                    </LocList>
                                    <StmntSeq Intrnl_Id="196">
                                        <LocList>
                                            <Loc EndOffset="12482" SrcFileId="1" StartOffset="12444"/>
                                            <Loc EndOffset="12533" SrcFileId="1" StartOffset="12485"/>
                                            <Loc EndOffset="12572" SrcFileId="1" StartOffset="12535"/>
                                            <Loc EndOffset="12670" SrcFileId="1" StartOffset="12574"/>
                                        </LocList>
                                        <BasicStmnt CovItemId="S97" CovItemPrefix="org.jfree.data.test.RangeTest.java" Intrnl_Id="197">
                                            <LocList>
                                                <Loc EndOffset="12482" SrcFileId="1" StartOffset="12444"/>
                                            </LocList>
                                        </BasicStmnt>
                                        <BasicStmnt CovItemId="S98" CovItemPrefix="org.jfree.data.test.RangeTest.java" Intrnl_Id="198">
                                            <LocList>
                                                <Loc EndOffset="12533" SrcFileId="1" StartOffset="12485"/>
                                            </LocList>
                                        </BasicStmnt>
                                        <BasicStmnt CovItemId="S99" CovItemPrefix="org.jfree.data.test.RangeTest.java" Intrnl_Id="199">
                                            <LocList>
                                                <Loc EndOffset="12572" SrcFileId="1" StartOffset="12535"/>
                                            </LocList>
                                        </BasicStmnt>
                                        <BasicStmnt CovItemId="S100" CovItemPrefix="org.jfree.data.test.RangeTest.java" Intrnl_Id="200">
                                            <LocList>
                                                <Loc EndOffset="12670" SrcFileId="1" StartOffset="12574"/>
                                            </LocList>
                                        </BasicStmnt>
                                    </StmntSeq>
                                </HierarchyLvl>
                                <HierarchyLvl HierarchyLvlId="5572" HierarchyLvlTypeId="3" Intrnl_Id="201" Name="testingPositiveToNegativeSplit">
                                    <Header>
                                        <Loc EndOffset="12750" SrcFileId="1" StartOffset="12697"/>
                                    </Header>
                                    <LocList>
                                        <Loc EndOffset="12991" SrcFileId="1" StartOffset="12697"/>
                                    </LocList>
                                    <StmntSeq Intrnl_Id="202">
                                        <LocList>
                                            <Loc EndOffset="12794" SrcFileId="1" StartOffset="12755"/>
                                            <Loc EndOffset="12845" SrcFileId="1" StartOffset="12797"/>
                                            <Loc EndOffset="12885" SrcFileId="1" StartOffset="12847"/>
                                            <Loc EndOffset="12985" SrcFileId="1" StartOffset="12887"/>
                                        </LocList>
                                        <BasicStmnt CovItemId="S101" CovItemPrefix="org.jfree.data.test.RangeTest.java" Intrnl_Id="203">
                                            <LocList>
                                                <Loc EndOffset="12794" SrcFileId="1" StartOffset="12755"/>
                                            </LocList>
                                        </BasicStmnt>
                                        <BasicStmnt CovItemId="S102" CovItemPrefix="org.jfree.data.test.RangeTest.java" Intrnl_Id="204">
                                            <LocList>
                                                <Loc EndOffset="12845" SrcFileId="1" StartOffset="12797"/>
                                            </LocList>
                                        </BasicStmnt>
                                        <BasicStmnt CovItemId="S103" CovItemPrefix="org.jfree.data.test.RangeTest.java" Intrnl_Id="205">
                                            <LocList>
                                                <Loc EndOffset="12885" SrcFileId="1" StartOffset="12847"/>
                                            </LocList>
                                        </BasicStmnt>
                                        <BasicStmnt CovItemId="S104" CovItemPrefix="org.jfree.data.test.RangeTest.java" Intrnl_Id="206">
                                            <LocList>
                                                <Loc EndOffset="12985" SrcFileId="1" StartOffset="12887"/>
                                            </LocList>
                                        </BasicStmnt>
                                    </StmntSeq>
                                </HierarchyLvl>
                                <HierarchyLvl HierarchyLvlId="5573" HierarchyLvlTypeId="3" Intrnl_Id="207" Name="testingPositiveToNegativeSplit1">
                                    <Header>
                                        <Loc EndOffset="13066" SrcFileId="1" StartOffset="13012"/>
                                    </Header>
                                    <LocList>
                                        <Loc EndOffset="13301" SrcFileId="1" StartOffset="13012"/>
                                    </LocList>
                                    <StmntSeq Intrnl_Id="208">
                                        <LocList>
                                            <Loc EndOffset="13109" SrcFileId="1" StartOffset="13071"/>
                                            <Loc EndOffset="13160" SrcFileId="1" StartOffset="13112"/>
                                            <Loc EndOffset="13201" SrcFileId="1" StartOffset="13162"/>
                                            <Loc EndOffset="13295" SrcFileId="1" StartOffset="13203"/>
                                        </LocList>
                                        <BasicStmnt CovItemId="S105" CovItemPrefix="org.jfree.data.test.RangeTest.java" Intrnl_Id="209">
                                            <LocList>
                                                <Loc EndOffset="13109" SrcFileId="1" StartOffset="13071"/>
                                            </LocList>
                                        </BasicStmnt>
                                        <BasicStmnt CovItemId="S106" CovItemPrefix="org.jfree.data.test.RangeTest.java" Intrnl_Id="210">
                                            <LocList>
                                                <Loc EndOffset="13160" SrcFileId="1" StartOffset="13112"/>
                                            </LocList>
                                        </BasicStmnt>
                                        <BasicStmnt CovItemId="S107" CovItemPrefix="org.jfree.data.test.RangeTest.java" Intrnl_Id="211">
                                            <LocList>
                                                <Loc EndOffset="13201" SrcFileId="1" StartOffset="13162"/>
                                            </LocList>
                                        </BasicStmnt>
                                        <BasicStmnt CovItemId="S108" CovItemPrefix="org.jfree.data.test.RangeTest.java" Intrnl_Id="212">
                                            <LocList>
                                                <Loc EndOffset="13295" SrcFileId="1" StartOffset="13203"/>
                                            </LocList>
                                        </BasicStmnt>
                                    </StmntSeq>
                                </HierarchyLvl>
                                <HierarchyLvl HierarchyLvlId="5574" HierarchyLvlTypeId="3" Intrnl_Id="213" Name="testingNegativeToPositive">
                                    <Header>
                                        <Loc EndOffset="13371" SrcFileId="1" StartOffset="13323"/>
                                    </Header>
                                    <LocList>
                                        <Loc EndOffset="13604" SrcFileId="1" StartOffset="13323"/>
                                    </LocList>
                                    <StmntSeq Intrnl_Id="214">
                                        <LocList>
                                            <Loc EndOffset="13416" SrcFileId="1" StartOffset="13376"/>
                                            <Loc EndOffset="13466" SrcFileId="1" StartOffset="13419"/>
                                            <Loc EndOffset="13505" SrcFileId="1" StartOffset="13468"/>
                                            <Loc EndOffset="13598" SrcFileId="1" StartOffset="13507"/>
                                        </LocList>
                                        <BasicStmnt CovItemId="S109" CovItemPrefix="org.jfree.data.test.RangeTest.java" Intrnl_Id="215">
                                            <LocList>
                                                <Loc EndOffset="13416" SrcFileId="1" StartOffset="13376"/>
                                            </LocList>
                                        </BasicStmnt>
                                        <BasicStmnt CovItemId="S110" CovItemPrefix="org.jfree.data.test.RangeTest.java" Intrnl_Id="216">
                                            <LocList>
                                                <Loc EndOffset="13466" SrcFileId="1" StartOffset="13419"/>
                                            </LocList>
                                        </BasicStmnt>
                                        <BasicStmnt CovItemId="S111" CovItemPrefix="org.jfree.data.test.RangeTest.java" Intrnl_Id="217">
                                            <LocList>
                                                <Loc EndOffset="13505" SrcFileId="1" StartOffset="13468"/>
                                            </LocList>
                                        </BasicStmnt>
                                        <BasicStmnt CovItemId="S112" CovItemPrefix="org.jfree.data.test.RangeTest.java" Intrnl_Id="218">
                                            <LocList>
                                                <Loc EndOffset="13598" SrcFileId="1" StartOffset="13507"/>
                                            </LocList>
                                        </BasicStmnt>
                                    </StmntSeq>
                                </HierarchyLvl>
                                <HierarchyLvl HierarchyLvlId="5575" HierarchyLvlTypeId="3" Intrnl_Id="219" Name="testingNegativeToPositiveWithCorrectAnswer">
                                    <Header>
                                        <Loc EndOffset="13690" SrcFileId="1" StartOffset="13625"/>
                                    </Header>
                                    <LocList>
                                        <Loc EndOffset="13919" SrcFileId="1" StartOffset="13625"/>
                                    </LocList>
                                    <StmntSeq Intrnl_Id="220">
                                        <LocList>
                                            <Loc EndOffset="13735" SrcFileId="1" StartOffset="13695"/>
                                            <Loc EndOffset="13785" SrcFileId="1" StartOffset="13738"/>
                                            <Loc EndOffset="13820" SrcFileId="1" StartOffset="13787"/>
                                            <Loc EndOffset="13913" SrcFileId="1" StartOffset="13822"/>
                                        </LocList>
                                        <BasicStmnt CovItemId="S113" CovItemPrefix="org.jfree.data.test.RangeTest.java" Intrnl_Id="221">
                                            <LocList>
                                                <Loc EndOffset="13735" SrcFileId="1" StartOffset="13695"/>
                                            </LocList>
                                        </BasicStmnt>
                                        <BasicStmnt CovItemId="S114" CovItemPrefix="org.jfree.data.test.RangeTest.java" Intrnl_Id="222">
                                            <LocList>
                                                <Loc EndOffset="13785" SrcFileId="1" StartOffset="13738"/>
                                            </LocList>
                                        </BasicStmnt>
                                        <BasicStmnt CovItemId="S115" CovItemPrefix="org.jfree.data.test.RangeTest.java" Intrnl_Id="223">
                                            <LocList>
                                                <Loc EndOffset="13820" SrcFileId="1" StartOffset="13787"/>
                                            </LocList>
                                        </BasicStmnt>
                                        <BasicStmnt CovItemId="S116" CovItemPrefix="org.jfree.data.test.RangeTest.java" Intrnl_Id="224">
                                            <LocList>
                                                <Loc EndOffset="13913" SrcFileId="1" StartOffset="13822"/>
                                            </LocList>
                                        </BasicStmnt>
                                    </StmntSeq>
                                </HierarchyLvl>
                                <HierarchyLvl HierarchyLvlId="5576" HierarchyLvlTypeId="3" Intrnl_Id="225" Name="testingNegativeToPositiveWithCorrectAnswerSplit">
                                    <Header>
                                        <Loc EndOffset="14010" SrcFileId="1" StartOffset="13940"/>
                                    </Header>
                                    <LocList>
                                        <Loc EndOffset="14238" SrcFileId="1" StartOffset="13940"/>
                                    </LocList>
                                    <StmntSeq Intrnl_Id="226">
                                        <LocList>
                                            <Loc EndOffset="14054" SrcFileId="1" StartOffset="14015"/>
                                            <Loc EndOffset="14104" SrcFileId="1" StartOffset="14057"/>
                                            <Loc EndOffset="14139" SrcFileId="1" StartOffset="14106"/>
                                            <Loc EndOffset="14232" SrcFileId="1" StartOffset="14141"/>
                                        </LocList>
                                        <BasicStmnt CovItemId="S117" CovItemPrefix="org.jfree.data.test.RangeTest.java" Intrnl_Id="227">
                                            <LocList>
                                                <Loc EndOffset="14054" SrcFileId="1" StartOffset="14015"/>
                                            </LocList>
                                        </BasicStmnt>
                                        <BasicStmnt CovItemId="S118" CovItemPrefix="org.jfree.data.test.RangeTest.java" Intrnl_Id="228">
                                            <LocList>
                                                <Loc EndOffset="14104" SrcFileId="1" StartOffset="14057"/>
                                            </LocList>
                                        </BasicStmnt>
                                        <BasicStmnt CovItemId="S119" CovItemPrefix="org.jfree.data.test.RangeTest.java" Intrnl_Id="229">
                                            <LocList>
                                                <Loc EndOffset="14139" SrcFileId="1" StartOffset="14106"/>
                                            </LocList>
                                        </BasicStmnt>
                                        <BasicStmnt CovItemId="S120" CovItemPrefix="org.jfree.data.test.RangeTest.java" Intrnl_Id="230">
                                            <LocList>
                                                <Loc EndOffset="14232" SrcFileId="1" StartOffset="14141"/>
                                            </LocList>
                                        </BasicStmnt>
                                    </StmntSeq>
                                </HierarchyLvl>
                                <HierarchyLvl HierarchyLvlId="5577" HierarchyLvlTypeId="3" Intrnl_Id="231" Name="testingNegativeToPositiveWithWrongAnswerSplit1">
                                    <Header>
                                        <Loc EndOffset="14328" SrcFileId="1" StartOffset="14259"/>
                                    </Header>
                                    <LocList>
                                        <Loc EndOffset="14558" SrcFileId="1" StartOffset="14259"/>
                                    </LocList>
                                    <StmntSeq Intrnl_Id="232">
                                        <LocList>
                                            <Loc EndOffset="14372" SrcFileId="1" StartOffset="14333"/>
                                            <Loc EndOffset="14422" SrcFileId="1" StartOffset="14375"/>
                                            <Loc EndOffset="14459" SrcFileId="1" StartOffset="14424"/>
                                            <Loc EndOffset="14552" SrcFileId="1" StartOffset="14461"/>
                                        </LocList>
                                        <BasicStmnt CovItemId="S121" CovItemPrefix="org.jfree.data.test.RangeTest.java" Intrnl_Id="233">
                                            <LocList>
                                                <Loc EndOffset="14372" SrcFileId="1" StartOffset="14333"/>
                                            </LocList>
                                        </BasicStmnt>
                                        <BasicStmnt CovItemId="S122" CovItemPrefix="org.jfree.data.test.RangeTest.java" Intrnl_Id="234">
                                            <LocList>
                                                <Loc EndOffset="14422" SrcFileId="1" StartOffset="14375"/>
                                            </LocList>
                                        </BasicStmnt>
                                        <BasicStmnt CovItemId="S123" CovItemPrefix="org.jfree.data.test.RangeTest.java" Intrnl_Id="235">
                                            <LocList>
                                                <Loc EndOffset="14459" SrcFileId="1" StartOffset="14424"/>
                                            </LocList>
                                        </BasicStmnt>
                                        <BasicStmnt CovItemId="S124" CovItemPrefix="org.jfree.data.test.RangeTest.java" Intrnl_Id="236">
                                            <LocList>
                                                <Loc EndOffset="14552" SrcFileId="1" StartOffset="14461"/>
                                            </LocList>
                                        </BasicStmnt>
                                    </StmntSeq>
                                </HierarchyLvl>
                                <HierarchyLvl HierarchyLvlId="5578" HierarchyLvlTypeId="3" Intrnl_Id="237" Name="testingNegativeToZero">
                                    <Header>
                                        <Loc EndOffset="14623" SrcFileId="1" StartOffset="14579"/>
                                    </Header>
                                    <LocList>
                                        <Loc EndOffset="14850" SrcFileId="1" StartOffset="14579"/>
                                    </LocList>
                                    <StmntSeq Intrnl_Id="238">
                                        <LocList>
                                            <Loc EndOffset="14668" SrcFileId="1" StartOffset="14628"/>
                                            <Loc EndOffset="14718" SrcFileId="1" StartOffset="14671"/>
                                            <Loc EndOffset="14753" SrcFileId="1" StartOffset="14720"/>
                                            <Loc EndOffset="14844" SrcFileId="1" StartOffset="14755"/>
                                        </LocList>
                                        <BasicStmnt CovItemId="S125" CovItemPrefix="org.jfree.data.test.RangeTest.java" Intrnl_Id="239">
                                            <LocList>
                                                <Loc EndOffset="14668" SrcFileId="1" StartOffset="14628"/>
                                            </LocList>
                                        </BasicStmnt>
                                        <BasicStmnt CovItemId="S126" CovItemPrefix="org.jfree.data.test.RangeTest.java" Intrnl_Id="240">
                                            <LocList>
                                                <Loc EndOffset="14718" SrcFileId="1" StartOffset="14671"/>
                                            </LocList>
                                        </BasicStmnt>
                                        <BasicStmnt CovItemId="S127" CovItemPrefix="org.jfree.data.test.RangeTest.java" Intrnl_Id="241">
                                            <LocList>
                                                <Loc EndOffset="14753" SrcFileId="1" StartOffset="14720"/>
                                            </LocList>
                                        </BasicStmnt>
                                        <BasicStmnt CovItemId="S128" CovItemPrefix="org.jfree.data.test.RangeTest.java" Intrnl_Id="242">
                                            <LocList>
                                                <Loc EndOffset="14844" SrcFileId="1" StartOffset="14755"/>
                                            </LocList>
                                        </BasicStmnt>
                                    </StmntSeq>
                                </HierarchyLvl>
                                <HierarchyLvl HierarchyLvlId="5579" HierarchyLvlTypeId="3" Intrnl_Id="243" Name="testingPositiveToZero">
                                    <Header>
                                        <Loc EndOffset="14915" SrcFileId="1" StartOffset="14871"/>
                                    </Header>
                                    <LocList>
                                        <Loc EndOffset="15142" SrcFileId="1" StartOffset="14871"/>
                                    </LocList>
                                    <StmntSeq Intrnl_Id="244">
                                        <LocList>
                                            <Loc EndOffset="14958" SrcFileId="1" StartOffset="14920"/>
                                            <Loc EndOffset="15009" SrcFileId="1" StartOffset="14961"/>
                                            <Loc EndOffset="15044" SrcFileId="1" StartOffset="15011"/>
                                            <Loc EndOffset="15136" SrcFileId="1" StartOffset="15046"/>
                                        </LocList>
                                        <BasicStmnt CovItemId="S129" CovItemPrefix="org.jfree.data.test.RangeTest.java" Intrnl_Id="245">
                                            <LocList>
                                                <Loc EndOffset="14958" SrcFileId="1" StartOffset="14920"/>
                                            </LocList>
                                        </BasicStmnt>
                                        <BasicStmnt CovItemId="S130" CovItemPrefix="org.jfree.data.test.RangeTest.java" Intrnl_Id="246">
                                            <LocList>
                                                <Loc EndOffset="15009" SrcFileId="1" StartOffset="14961"/>
                                            </LocList>
                                        </BasicStmnt>
                                        <BasicStmnt CovItemId="S131" CovItemPrefix="org.jfree.data.test.RangeTest.java" Intrnl_Id="247">
                                            <LocList>
                                                <Loc EndOffset="15044" SrcFileId="1" StartOffset="15011"/>
                                            </LocList>
                                        </BasicStmnt>
                                        <BasicStmnt CovItemId="S132" CovItemPrefix="org.jfree.data.test.RangeTest.java" Intrnl_Id="248">
                                            <LocList>
                                                <Loc EndOffset="15136" SrcFileId="1" StartOffset="15046"/>
                                            </LocList>
                                        </BasicStmnt>
                                    </StmntSeq>
                                </HierarchyLvl>
                                <HierarchyLvl HierarchyLvlId="5580" HierarchyLvlTypeId="3" Intrnl_Id="249" Name="shiftTestWithNullRange1">
                                    <Header>
                                        <Loc EndOffset="15253" SrcFileId="1" StartOffset="15166"/>
                                    </Header>
                                    <LocList>
                                        <Loc EndOffset="15287" SrcFileId="1" StartOffset="15166"/>
                                    </LocList>
                                    <StmntSeq Intrnl_Id="250">
                                        <LocList>
                                            <Loc EndOffset="15284" SrcFileId="1" StartOffset="15261"/>
                                        </LocList>
                                        <BasicStmnt CovItemId="S133" CovItemPrefix="org.jfree.data.test.RangeTest.java" Intrnl_Id="251">
                                            <LocList>
                                                <Loc EndOffset="15284" SrcFileId="1" StartOffset="15261"/>
                                            </LocList>
                                        </BasicStmnt>
                                    </StmntSeq>
                                </HierarchyLvl>
                                <HierarchyLvl HierarchyLvlId="5581" HierarchyLvlTypeId="3" Intrnl_Id="252" Name="NegativeAndPositive">
                                    <Header>
                                        <Loc EndOffset="15377" SrcFileId="1" StartOffset="15337"/>
                                    </Header>
                                    <LocList>
                                        <Loc EndOffset="15542" SrcFileId="1" StartOffset="15337"/>
                                    </LocList>
                                    <StmntSeq Intrnl_Id="253">
                                        <LocList>
                                            <Loc EndOffset="15417" SrcFileId="1" StartOffset="15382"/>
                                            <Loc EndOffset="15453" SrcFileId="1" StartOffset="15420"/>
                                            <Loc EndOffset="15539" SrcFileId="1" StartOffset="15456"/>
                                        </LocList>
                                        <BasicStmnt CovItemId="S134" CovItemPrefix="org.jfree.data.test.RangeTest.java" Intrnl_Id="254">
                                            <LocList>
                                                <Loc EndOffset="15417" SrcFileId="1" StartOffset="15382"/>
                                            </LocList>
                                        </BasicStmnt>
                                        <BasicStmnt CovItemId="S135" CovItemPrefix="org.jfree.data.test.RangeTest.java" Intrnl_Id="255">
                                            <LocList>
                                                <Loc EndOffset="15453" SrcFileId="1" StartOffset="15420"/>
                                            </LocList>
                                        </BasicStmnt>
                                        <BasicStmnt CovItemId="S136" CovItemPrefix="org.jfree.data.test.RangeTest.java" Intrnl_Id="256">
                                            <LocList>
                                                <Loc EndOffset="15539" SrcFileId="1" StartOffset="15456"/>
                                            </LocList>
                                        </BasicStmnt>
                                    </StmntSeq>
                                </HierarchyLvl>
                                <HierarchyLvl HierarchyLvlId="5582" HierarchyLvlTypeId="3" Intrnl_Id="257" Name="PositiveAndPositive">
                                    <Header>
                                        <Loc EndOffset="15604" SrcFileId="1" StartOffset="15564"/>
                                    </Header>
                                    <LocList>
                                        <Loc EndOffset="15766" SrcFileId="1" StartOffset="15564"/>
                                    </LocList>
                                    <StmntSeq Intrnl_Id="258">
                                        <LocList>
                                            <Loc EndOffset="15643" SrcFileId="1" StartOffset="15609"/>
                                            <Loc EndOffset="15679" SrcFileId="1" StartOffset="15646"/>
                                            <Loc EndOffset="15763" SrcFileId="1" StartOffset="15682"/>
                                        </LocList>
                                        <BasicStmnt CovItemId="S137" CovItemPrefix="org.jfree.data.test.RangeTest.java" Intrnl_Id="259">
                                            <LocList>
                                                <Loc EndOffset="15643" SrcFileId="1" StartOffset="15609"/>
                                            </LocList>
                                        </BasicStmnt>
                                        <BasicStmnt CovItemId="S138" CovItemPrefix="org.jfree.data.test.RangeTest.java" Intrnl_Id="260">
                                            <LocList>
                                                <Loc EndOffset="15679" SrcFileId="1" StartOffset="15646"/>
                                            </LocList>
                                        </BasicStmnt>
                                        <BasicStmnt CovItemId="S139" CovItemPrefix="org.jfree.data.test.RangeTest.java" Intrnl_Id="261">
                                            <LocList>
                                                <Loc EndOffset="15763" SrcFileId="1" StartOffset="15682"/>
                                            </LocList>
                                        </BasicStmnt>
                                    </StmntSeq>
                                </HierarchyLvl>
                                <HierarchyLvl HierarchyLvlId="5583" HierarchyLvlTypeId="3" Intrnl_Id="262" Name="NegativeAndNegative">
                                    <Header>
                                        <Loc EndOffset="15827" SrcFileId="1" StartOffset="15787"/>
                                    </Header>
                                    <LocList>
                                        <Loc EndOffset="15995" SrcFileId="1" StartOffset="15787"/>
                                    </LocList>
                                    <StmntSeq Intrnl_Id="263">
                                        <LocList>
                                            <Loc EndOffset="15868" SrcFileId="1" StartOffset="15832"/>
                                            <Loc EndOffset="15904" SrcFileId="1" StartOffset="15871"/>
                                            <Loc EndOffset="15992" SrcFileId="1" StartOffset="15907"/>
                                        </LocList>
                                        <BasicStmnt CovItemId="S140" CovItemPrefix="org.jfree.data.test.RangeTest.java" Intrnl_Id="264">
                                            <LocList>
                                                <Loc EndOffset="15868" SrcFileId="1" StartOffset="15832"/>
                                            </LocList>
                                        </BasicStmnt>
                                        <BasicStmnt CovItemId="S141" CovItemPrefix="org.jfree.data.test.RangeTest.java" Intrnl_Id="265">
                                            <LocList>
                                                <Loc EndOffset="15904" SrcFileId="1" StartOffset="15871"/>
                                            </LocList>
                                        </BasicStmnt>
                                        <BasicStmnt CovItemId="S142" CovItemPrefix="org.jfree.data.test.RangeTest.java" Intrnl_Id="266">
                                            <LocList>
                                                <Loc EndOffset="15992" SrcFileId="1" StartOffset="15907"/>
                                            </LocList>
                                        </BasicStmnt>
                                    </StmntSeq>
                                </HierarchyLvl>
                                <HierarchyLvl HierarchyLvlId="5584" HierarchyLvlTypeId="3" Intrnl_Id="267" Name="ZeroAndZero">
                                    <Header>
                                        <Loc EndOffset="16048" SrcFileId="1" StartOffset="16016"/>
                                    </Header>
                                    <LocList>
                                        <Loc EndOffset="16210" SrcFileId="1" StartOffset="16016"/>
                                    </LocList>
                                    <StmntSeq Intrnl_Id="268">
                                        <LocList>
                                            <Loc EndOffset="16087" SrcFileId="1" StartOffset="16053"/>
                                            <Loc EndOffset="16123" SrcFileId="1" StartOffset="16090"/>
                                            <Loc EndOffset="16207" SrcFileId="1" StartOffset="16126"/>
                                        </LocList>
                                        <BasicStmnt CovItemId="S143" CovItemPrefix="org.jfree.data.test.RangeTest.java" Intrnl_Id="269">
                                            <LocList>
                                                <Loc EndOffset="16087" SrcFileId="1" StartOffset="16053"/>
                                            </LocList>
                                        </BasicStmnt>
                                        <BasicStmnt CovItemId="S144" CovItemPrefix="org.jfree.data.test.RangeTest.java" Intrnl_Id="270">
                                            <LocList>
                                                <Loc EndOffset="16123" SrcFileId="1" StartOffset="16090"/>
                                            </LocList>
                                        </BasicStmnt>
                                        <BasicStmnt CovItemId="S145" CovItemPrefix="org.jfree.data.test.RangeTest.java" Intrnl_Id="271">
                                            <LocList>
                                                <Loc EndOffset="16207" SrcFileId="1" StartOffset="16126"/>
                                            </LocList>
                                        </BasicStmnt>
                                    </StmntSeq>
                                </HierarchyLvl>
                                <HierarchyLvl HierarchyLvlId="5585" HierarchyLvlTypeId="3" Intrnl_Id="272" Name="WrongStringFormatGap">
                                    <Header>
                                        <Loc EndOffset="16272" SrcFileId="1" StartOffset="16231"/>
                                    </Header>
                                    <LocList>
                                        <Loc EndOffset="16435" SrcFileId="1" StartOffset="16231"/>
                                    </LocList>
                                    <StmntSeq Intrnl_Id="273">
                                        <LocList>
                                            <Loc EndOffset="16311" SrcFileId="1" StartOffset="16277"/>
                                            <Loc EndOffset="16347" SrcFileId="1" StartOffset="16314"/>
                                            <Loc EndOffset="16432" SrcFileId="1" StartOffset="16350"/>
                                        </LocList>
                                        <BasicStmnt CovItemId="S146" CovItemPrefix="org.jfree.data.test.RangeTest.java" Intrnl_Id="274">
                                            <LocList>
                                                <Loc EndOffset="16311" SrcFileId="1" StartOffset="16277"/>
                                            </LocList>
                                        </BasicStmnt>
                                        <BasicStmnt CovItemId="S147" CovItemPrefix="org.jfree.data.test.RangeTest.java" Intrnl_Id="275">
                                            <LocList>
                                                <Loc EndOffset="16347" SrcFileId="1" StartOffset="16314"/>
                                            </LocList>
                                        </BasicStmnt>
                                        <BasicStmnt CovItemId="S148" CovItemPrefix="org.jfree.data.test.RangeTest.java" Intrnl_Id="276">
                                            <LocList>
                                                <Loc EndOffset="16432" SrcFileId="1" StartOffset="16350"/>
                                            </LocList>
                                        </BasicStmnt>
                                    </StmntSeq>
                                </HierarchyLvl>
                                <HierarchyLvl HierarchyLvlId="5586" HierarchyLvlTypeId="3" Intrnl_Id="277" Name="WrongStringFormatSpelling">
                                    <Header>
                                        <Loc EndOffset="16502" SrcFileId="1" StartOffset="16456"/>
                                    </Header>
                                    <LocList>
                                        <Loc EndOffset="16663" SrcFileId="1" StartOffset="16456"/>
                                    </LocList>
                                    <StmntSeq Intrnl_Id="278">
                                        <LocList>
                                            <Loc EndOffset="16541" SrcFileId="1" StartOffset="16507"/>
                                            <Loc EndOffset="16577" SrcFileId="1" StartOffset="16544"/>
                                            <Loc EndOffset="16660" SrcFileId="1" StartOffset="16580"/>
                                        </LocList>
                                        <BasicStmnt CovItemId="S149" CovItemPrefix="org.jfree.data.test.RangeTest.java" Intrnl_Id="279">
                                            <LocList>
                                                <Loc EndOffset="16541" SrcFileId="1" StartOffset="16507"/>
                                            </LocList>
                                        </BasicStmnt>
                                        <BasicStmnt CovItemId="S150" CovItemPrefix="org.jfree.data.test.RangeTest.java" Intrnl_Id="280">
                                            <LocList>
                                                <Loc EndOffset="16577" SrcFileId="1" StartOffset="16544"/>
                                            </LocList>
                                        </BasicStmnt>
                                        <BasicStmnt CovItemId="S151" CovItemPrefix="org.jfree.data.test.RangeTest.java" Intrnl_Id="281">
                                            <LocList>
                                                <Loc EndOffset="16660" SrcFileId="1" StartOffset="16580"/>
                                            </LocList>
                                        </BasicStmnt>
                                    </StmntSeq>
                                </HierarchyLvl>
                                <HierarchyLvl HierarchyLvlId="5587" HierarchyLvlTypeId="3" Intrnl_Id="282" Name="intersectRangeRightSide">
                                    <Header>
                                        <Loc EndOffset="16756" SrcFileId="1" StartOffset="16712"/>
                                    </Header>
                                    <LocList>
                                        <Loc EndOffset="16873" SrcFileId="1" StartOffset="16712"/>
                                    </LocList>
                                    <StmntSeq Intrnl_Id="283">
                                        <LocList>
                                            <Loc EndOffset="16797" SrcFileId="1" StartOffset="16767"/>
                                            <Loc EndOffset="16830" SrcFileId="1" StartOffset="16800"/>
                                            <Loc EndOffset="16870" SrcFileId="1" StartOffset="16836"/>
                                        </LocList>
                                        <BasicStmnt CovItemId="S152" CovItemPrefix="org.jfree.data.test.RangeTest.java" Intrnl_Id="284">
                                            <LocList>
                                                <Loc EndOffset="16797" SrcFileId="1" StartOffset="16767"/>
                                            </LocList>
                                        </BasicStmnt>
                                        <BasicStmnt CovItemId="S153" CovItemPrefix="org.jfree.data.test.RangeTest.java" Intrnl_Id="285">
                                            <LocList>
                                                <Loc EndOffset="16830" SrcFileId="1" StartOffset="16800"/>
                                            </LocList>
                                        </BasicStmnt>
                                        <BasicStmnt CovItemId="S154" CovItemPrefix="org.jfree.data.test.RangeTest.java" Intrnl_Id="286">
                                            <LocList>
                                                <Loc EndOffset="16870" SrcFileId="1" StartOffset="16836"/>
                                            </LocList>
                                        </BasicStmnt>
                                    </StmntSeq>
                                </HierarchyLvl>
                                <HierarchyLvl HierarchyLvlId="5588" HierarchyLvlTypeId="3" Intrnl_Id="287" Name="intersectRangeLeftSide">
                                    <Header>
                                        <Loc EndOffset="16938" SrcFileId="1" StartOffset="16895"/>
                                    </Header>
                                    <LocList>
                                        <Loc EndOffset="17055" SrcFileId="1" StartOffset="16895"/>
                                    </LocList>
                                    <StmntSeq Intrnl_Id="288">
                                        <LocList>
                                            <Loc EndOffset="16979" SrcFileId="1" StartOffset="16949"/>
                                            <Loc EndOffset="17012" SrcFileId="1" StartOffset="16982"/>
                                            <Loc EndOffset="17052" SrcFileId="1" StartOffset="17018"/>
                                        </LocList>
                                        <BasicStmnt CovItemId="S155" CovItemPrefix="org.jfree.data.test.RangeTest.java" Intrnl_Id="289">
                                            <LocList>
                                                <Loc EndOffset="16979" SrcFileId="1" StartOffset="16949"/>
                                            </LocList>
                                        </BasicStmnt>
                                        <BasicStmnt CovItemId="S156" CovItemPrefix="org.jfree.data.test.RangeTest.java" Intrnl_Id="290">
                                            <LocList>
                                                <Loc EndOffset="17012" SrcFileId="1" StartOffset="16982"/>
                                            </LocList>
                                        </BasicStmnt>
                                        <BasicStmnt CovItemId="S157" CovItemPrefix="org.jfree.data.test.RangeTest.java" Intrnl_Id="291">
                                            <LocList>
                                                <Loc EndOffset="17052" SrcFileId="1" StartOffset="17018"/>
                                            </LocList>
                                        </BasicStmnt>
                                    </StmntSeq>
                                </HierarchyLvl>
                                <HierarchyLvl HierarchyLvlId="5589" HierarchyLvlTypeId="3" Intrnl_Id="292" Name="intersectRangeBothSides">
                                    <Header>
                                        <Loc EndOffset="17122" SrcFileId="1" StartOffset="17078"/>
                                    </Header>
                                    <LocList>
                                        <Loc EndOffset="17235" SrcFileId="1" StartOffset="17078"/>
                                    </LocList>
                                    <StmntSeq Intrnl_Id="293">
                                        <LocList>
                                            <Loc EndOffset="17160" SrcFileId="1" StartOffset="17130"/>
                                            <Loc EndOffset="17192" SrcFileId="1" StartOffset="17163"/>
                                            <Loc EndOffset="17232" SrcFileId="1" StartOffset="17198"/>
                                        </LocList>
                                        <BasicStmnt CovItemId="S158" CovItemPrefix="org.jfree.data.test.RangeTest.java" Intrnl_Id="294">
                                            <LocList>
                                                <Loc EndOffset="17160" SrcFileId="1" StartOffset="17130"/>
                                            </LocList>
                                        </BasicStmnt>
                                        <BasicStmnt CovItemId="S159" CovItemPrefix="org.jfree.data.test.RangeTest.java" Intrnl_Id="295">
                                            <LocList>
                                                <Loc EndOffset="17192" SrcFileId="1" StartOffset="17163"/>
                                            </LocList>
                                        </BasicStmnt>
                                        <BasicStmnt CovItemId="S160" CovItemPrefix="org.jfree.data.test.RangeTest.java" Intrnl_Id="296">
                                            <LocList>
                                                <Loc EndOffset="17232" SrcFileId="1" StartOffset="17198"/>
                                            </LocList>
                                        </BasicStmnt>
                                    </StmntSeq>
                                </HierarchyLvl>
                                <HierarchyLvl HierarchyLvlId="5590" HierarchyLvlTypeId="3" Intrnl_Id="297" Name="intersectRangeFloatRightSide">
                                    <Header>
                                        <Loc EndOffset="17311" SrcFileId="1" StartOffset="17262"/>
                                    </Header>
                                    <LocList>
                                        <Loc EndOffset="17427" SrcFileId="1" StartOffset="17262"/>
                                    </LocList>
                                    <StmntSeq Intrnl_Id="298">
                                        <LocList>
                                            <Loc EndOffset="17348" SrcFileId="1" StartOffset="17316"/>
                                            <Loc EndOffset="17384" SrcFileId="1" StartOffset="17351"/>
                                            <Loc EndOffset="17424" SrcFileId="1" StartOffset="17390"/>
                                        </LocList>
                                        <BasicStmnt CovItemId="S161" CovItemPrefix="org.jfree.data.test.RangeTest.java" Intrnl_Id="299">
                                            <LocList>
                                                <Loc EndOffset="17348" SrcFileId="1" StartOffset="17316"/>
                                            </LocList>
                                        </BasicStmnt>
                                        <BasicStmnt CovItemId="S162" CovItemPrefix="org.jfree.data.test.RangeTest.java" Intrnl_Id="300">
                                            <LocList>
                                                <Loc EndOffset="17384" SrcFileId="1" StartOffset="17351"/>
                                            </LocList>
                                        </BasicStmnt>
                                        <BasicStmnt CovItemId="S163" CovItemPrefix="org.jfree.data.test.RangeTest.java" Intrnl_Id="301">
                                            <LocList>
                                                <Loc EndOffset="17424" SrcFileId="1" StartOffset="17390"/>
                                            </LocList>
                                        </BasicStmnt>
                                    </StmntSeq>
                                </HierarchyLvl>
                                <HierarchyLvl HierarchyLvlId="5591" HierarchyLvlTypeId="3" Intrnl_Id="302" Name="intersectRangeFloatLeftSide">
                                    <Header>
                                        <Loc EndOffset="17496" SrcFileId="1" StartOffset="17448"/>
                                    </Header>
                                    <LocList>
                                        <Loc EndOffset="17610" SrcFileId="1" StartOffset="17448"/>
                                    </LocList>
                                    <StmntSeq Intrnl_Id="303">
                                        <LocList>
                                            <Loc EndOffset="17533" SrcFileId="1" StartOffset="17501"/>
                                            <Loc EndOffset="17567" SrcFileId="1" StartOffset="17536"/>
                                            <Loc EndOffset="17607" SrcFileId="1" StartOffset="17573"/>
                                        </LocList>
                                        <BasicStmnt CovItemId="S164" CovItemPrefix="org.jfree.data.test.RangeTest.java" Intrnl_Id="304">
                                            <LocList>
                                                <Loc EndOffset="17533" SrcFileId="1" StartOffset="17501"/>
                                            </LocList>
                                        </BasicStmnt>
                                        <BasicStmnt CovItemId="S165" CovItemPrefix="org.jfree.data.test.RangeTest.java" Intrnl_Id="305">
                                            <LocList>
                                                <Loc EndOffset="17567" SrcFileId="1" StartOffset="17536"/>
                                            </LocList>
                                        </BasicStmnt>
                                        <BasicStmnt CovItemId="S166" CovItemPrefix="org.jfree.data.test.RangeTest.java" Intrnl_Id="306">
                                            <LocList>
                                                <Loc EndOffset="17607" SrcFileId="1" StartOffset="17573"/>
                                            </LocList>
                                        </BasicStmnt>
                                    </StmntSeq>
                                </HierarchyLvl>
                                <HierarchyLvl HierarchyLvlId="5592" HierarchyLvlTypeId="3" Intrnl_Id="307" Name="centeralValueCorrectNegativeNegative">
                                    <Header>
                                        <Loc EndOffset="17724" SrcFileId="1" StartOffset="17667"/>
                                    </Header>
                                    <LocList>
                                        <Loc EndOffset="17867" SrcFileId="1" StartOffset="17667"/>
                                    </LocList>
                                    <StmntSeq Intrnl_Id="308">
                                        <LocList>
                                            <Loc EndOffset="17760" SrcFileId="1" StartOffset="17729"/>
                                            <Loc EndOffset="17864" SrcFileId="1" StartOffset="17766"/>
                                        </LocList>
                                        <BasicStmnt CovItemId="S167" CovItemPrefix="org.jfree.data.test.RangeTest.java" Intrnl_Id="309">
                                            <LocList>
                                                <Loc EndOffset="17760" SrcFileId="1" StartOffset="17729"/>
                                            </LocList>
                                        </BasicStmnt>
                                        <BasicStmnt CovItemId="S168" CovItemPrefix="org.jfree.data.test.RangeTest.java" Intrnl_Id="310">
                                            <LocList>
                                                <Loc EndOffset="17864" SrcFileId="1" StartOffset="17766"/>
                                            </LocList>
                                        </BasicStmnt>
                                    </StmntSeq>
                                </HierarchyLvl>
                                <HierarchyLvl HierarchyLvlId="5593" HierarchyLvlTypeId="3" Intrnl_Id="311" Name="centeralValueCorrectNegativePositive">
                                    <Header>
                                        <Loc EndOffset="17946" SrcFileId="1" StartOffset="17889"/>
                                    </Header>
                                    <LocList>
                                        <Loc EndOffset="18086" SrcFileId="1" StartOffset="17889"/>
                                    </LocList>
                                    <StmntSeq Intrnl_Id="312">
                                        <LocList>
                                            <Loc EndOffset="17981" SrcFileId="1" StartOffset="17951"/>
                                            <Loc EndOffset="18083" SrcFileId="1" StartOffset="17987"/>
                                        </LocList>
                                        <BasicStmnt CovItemId="S169" CovItemPrefix="org.jfree.data.test.RangeTest.java" Intrnl_Id="313">
                                            <LocList>
                                                <Loc EndOffset="17981" SrcFileId="1" StartOffset="17951"/>
                                            </LocList>
                                        </BasicStmnt>
                                        <BasicStmnt CovItemId="S170" CovItemPrefix="org.jfree.data.test.RangeTest.java" Intrnl_Id="314">
                                            <LocList>
                                                <Loc EndOffset="18083" SrcFileId="1" StartOffset="17987"/>
                                            </LocList>
                                        </BasicStmnt>
                                    </StmntSeq>
                                </HierarchyLvl>
                                <HierarchyLvl HierarchyLvlId="5594" HierarchyLvlTypeId="3" Intrnl_Id="315" Name="centeralValueCorrectPositivePositive">
                                    <Header>
                                        <Loc EndOffset="18164" SrcFileId="1" StartOffset="18107"/>
                                    </Header>
                                    <LocList>
                                        <Loc EndOffset="18301" SrcFileId="1" StartOffset="18107"/>
                                    </LocList>
                                    <StmntSeq Intrnl_Id="316">
                                        <LocList>
                                            <Loc EndOffset="18202" SrcFileId="1" StartOffset="18169"/>
                                            <Loc EndOffset="18298" SrcFileId="1" StartOffset="18205"/>
                                        </LocList>
                                        <BasicStmnt CovItemId="S171" CovItemPrefix="org.jfree.data.test.RangeTest.java" Intrnl_Id="317">
                                            <LocList>
                                                <Loc EndOffset="18202" SrcFileId="1" StartOffset="18169"/>
                                            </LocList>
                                        </BasicStmnt>
                                        <BasicStmnt CovItemId="S172" CovItemPrefix="org.jfree.data.test.RangeTest.java" Intrnl_Id="318">
                                            <LocList>
                                                <Loc EndOffset="18298" SrcFileId="1" StartOffset="18205"/>
                                            </LocList>
                                        </BasicStmnt>
                                    </StmntSeq>
                                </HierarchyLvl>
                                <HierarchyLvl HierarchyLvlId="5595" HierarchyLvlTypeId="3" Intrnl_Id="319" Name="centeralValueWrongPositivePositive">
                                    <Header>
                                        <Loc EndOffset="18377" SrcFileId="1" StartOffset="18322"/>
                                    </Header>
                                    <LocList>
                                        <Loc EndOffset="18512" SrcFileId="1" StartOffset="18322"/>
                                    </LocList>
                                    <StmntSeq Intrnl_Id="320">
                                        <LocList>
                                            <Loc EndOffset="18415" SrcFileId="1" StartOffset="18382"/>
                                            <Loc EndOffset="18509" SrcFileId="1" StartOffset="18417"/>
                                        </LocList>
                                        <BasicStmnt CovItemId="S173" CovItemPrefix="org.jfree.data.test.RangeTest.java" Intrnl_Id="321">
                                            <LocList>
                                                <Loc EndOffset="18415" SrcFileId="1" StartOffset="18382"/>
                                            </LocList>
                                        </BasicStmnt>
                                        <BasicStmnt CovItemId="S174" CovItemPrefix="org.jfree.data.test.RangeTest.java" Intrnl_Id="322">
                                            <LocList>
                                                <Loc EndOffset="18509" SrcFileId="1" StartOffset="18417"/>
                                            </LocList>
                                        </BasicStmnt>
                                    </StmntSeq>
                                </HierarchyLvl>
                                <HierarchyLvl HierarchyLvlId="5596" HierarchyLvlTypeId="3" Intrnl_Id="323" Name="centeralValueWrongNegativeNegative">
                                    <Header>
                                        <Loc EndOffset="18588" SrcFileId="1" StartOffset="18533"/>
                                    </Header>
                                    <LocList>
                                        <Loc EndOffset="18725" SrcFileId="1" StartOffset="18533"/>
                                    </LocList>
                                    <StmntSeq Intrnl_Id="324">
                                        <LocList>
                                            <Loc EndOffset="18624" SrcFileId="1" StartOffset="18593"/>
                                            <Loc EndOffset="18722" SrcFileId="1" StartOffset="18627"/>
                                        </LocList>
                                        <BasicStmnt CovItemId="S175" CovItemPrefix="org.jfree.data.test.RangeTest.java" Intrnl_Id="325">
                                            <LocList>
                                                <Loc EndOffset="18624" SrcFileId="1" StartOffset="18593"/>
                                            </LocList>
                                        </BasicStmnt>
                                        <BasicStmnt CovItemId="S176" CovItemPrefix="org.jfree.data.test.RangeTest.java" Intrnl_Id="326">
                                            <LocList>
                                                <Loc EndOffset="18722" SrcFileId="1" StartOffset="18627"/>
                                            </LocList>
                                        </BasicStmnt>
                                    </StmntSeq>
                                </HierarchyLvl>
                                <HierarchyLvl HierarchyLvlId="5597" HierarchyLvlTypeId="3" Intrnl_Id="327" Name="centeralValueWrongNegativePositive">
                                    <Header>
                                        <Loc EndOffset="18801" SrcFileId="1" StartOffset="18746"/>
                                    </Header>
                                    <LocList>
                                        <Loc EndOffset="18935" SrcFileId="1" StartOffset="18746"/>
                                    </LocList>
                                    <StmntSeq Intrnl_Id="328">
                                        <LocList>
                                            <Loc EndOffset="18836" SrcFileId="1" StartOffset="18806"/>
                                            <Loc EndOffset="18932" SrcFileId="1" StartOffset="18839"/>
                                        </LocList>
                                        <BasicStmnt CovItemId="S177" CovItemPrefix="org.jfree.data.test.RangeTest.java" Intrnl_Id="329">
                                            <LocList>
                                                <Loc EndOffset="18836" SrcFileId="1" StartOffset="18806"/>
                                            </LocList>
                                        </BasicStmnt>
                                        <BasicStmnt CovItemId="S178" CovItemPrefix="org.jfree.data.test.RangeTest.java" Intrnl_Id="330">
                                            <LocList>
                                                <Loc EndOffset="18932" SrcFileId="1" StartOffset="18839"/>
                                            </LocList>
                                        </BasicStmnt>
                                    </StmntSeq>
                                </HierarchyLvl>
                                <HierarchyLvl HierarchyLvlId="5598" HierarchyLvlTypeId="3" Intrnl_Id="331" Name="expandToIncludeLeftSideCorrect">
                                    <Header>
                                        <Loc EndOffset="19038" SrcFileId="1" StartOffset="18987"/>
                                    </Header>
                                    <LocList>
                                        <Loc EndOffset="19193" SrcFileId="1" StartOffset="18987"/>
                                    </LocList>
                                    <StmntSeq Intrnl_Id="332">
                                        <LocList>
                                            <Loc EndOffset="19073" SrcFileId="1" StartOffset="19043"/>
                                            <Loc EndOffset="19190" SrcFileId="1" StartOffset="19079"/>
                                        </LocList>
                                        <BasicStmnt CovItemId="S179" CovItemPrefix="org.jfree.data.test.RangeTest.java" Intrnl_Id="333">
                                            <LocList>
                                                <Loc EndOffset="19073" SrcFileId="1" StartOffset="19043"/>
                                            </LocList>
                                        </BasicStmnt>
                                        <BasicStmnt CovItemId="S180" CovItemPrefix="org.jfree.data.test.RangeTest.java" Intrnl_Id="334">
                                            <LocList>
                                                <Loc EndOffset="19190" SrcFileId="1" StartOffset="19079"/>
                                            </LocList>
                                        </BasicStmnt>
                                    </StmntSeq>
                                </HierarchyLvl>
                                <HierarchyLvl HierarchyLvlId="5599" HierarchyLvlTypeId="3" Intrnl_Id="335" Name="expandToIncludeRightSideCorrect">
                                    <Header>
                                        <Loc EndOffset="19266" SrcFileId="1" StartOffset="19214"/>
                                    </Header>
                                    <LocList>
                                        <Loc EndOffset="19418" SrcFileId="1" StartOffset="19214"/>
                                    </LocList>
                                    <StmntSeq Intrnl_Id="336">
                                        <LocList>
                                            <Loc EndOffset="19301" SrcFileId="1" StartOffset="19271"/>
                                            <Loc EndOffset="19415" SrcFileId="1" StartOffset="19304"/>
                                        </LocList>
                                        <BasicStmnt CovItemId="S181" CovItemPrefix="org.jfree.data.test.RangeTest.java" Intrnl_Id="337">
                                            <LocList>
                                                <Loc EndOffset="19301" SrcFileId="1" StartOffset="19271"/>
                                            </LocList>
                                        </BasicStmnt>
                                        <BasicStmnt CovItemId="S182" CovItemPrefix="org.jfree.data.test.RangeTest.java" Intrnl_Id="338">
                                            <LocList>
                                                <Loc EndOffset="19415" SrcFileId="1" StartOffset="19304"/>
                                            </LocList>
                                        </BasicStmnt>
                                    </StmntSeq>
                                </HierarchyLvl>
                                <HierarchyLvl HierarchyLvlId="5600" HierarchyLvlTypeId="3" Intrnl_Id="339" Name="NoNeedToExpandToIncludeCorrect">
                                    <Header>
                                        <Loc EndOffset="19490" SrcFileId="1" StartOffset="19439"/>
                                    </Header>
                                    <LocList>
                                        <Loc EndOffset="19644" SrcFileId="1" StartOffset="19439"/>
                                    </LocList>
                                    <StmntSeq Intrnl_Id="340">
                                        <LocList>
                                            <Loc EndOffset="19525" SrcFileId="1" StartOffset="19495"/>
                                            <Loc EndOffset="19641" SrcFileId="1" StartOffset="19528"/>
                                        </LocList>
                                        <BasicStmnt CovItemId="S183" CovItemPrefix="org.jfree.data.test.RangeTest.java" Intrnl_Id="341">
                                            <LocList>
                                                <Loc EndOffset="19525" SrcFileId="1" StartOffset="19495"/>
                                            </LocList>
                                        </BasicStmnt>
                                        <BasicStmnt CovItemId="S184" CovItemPrefix="org.jfree.data.test.RangeTest.java" Intrnl_Id="342">
                                            <LocList>
                                                <Loc EndOffset="19641" SrcFileId="1" StartOffset="19528"/>
                                            </LocList>
                                        </BasicStmnt>
                                    </StmntSeq>
                                </HierarchyLvl>
                                <HierarchyLvl HierarchyLvlId="5601" HierarchyLvlTypeId="3" Intrnl_Id="343" Name="expandToIncludeRightSideWrong">
                                    <Header>
                                        <Loc EndOffset="19715" SrcFileId="1" StartOffset="19665"/>
                                    </Header>
                                    <LocList>
                                        <Loc EndOffset="19857" SrcFileId="1" StartOffset="19665"/>
                                    </LocList>
                                    <StmntSeq Intrnl_Id="344">
                                        <LocList>
                                            <Loc EndOffset="19750" SrcFileId="1" StartOffset="19720"/>
                                            <Loc EndOffset="19854" SrcFileId="1" StartOffset="19753"/>
                                        </LocList>
                                        <BasicStmnt CovItemId="S185" CovItemPrefix="org.jfree.data.test.RangeTest.java" Intrnl_Id="345">
                                            <LocList>
                                                <Loc EndOffset="19750" SrcFileId="1" StartOffset="19720"/>
                                            </LocList>
                                        </BasicStmnt>
                                        <BasicStmnt CovItemId="S186" CovItemPrefix="org.jfree.data.test.RangeTest.java" Intrnl_Id="346">
                                            <LocList>
                                                <Loc EndOffset="19854" SrcFileId="1" StartOffset="19753"/>
                                            </LocList>
                                        </BasicStmnt>
                                    </StmntSeq>
                                </HierarchyLvl>
                                <HierarchyLvl HierarchyLvlId="5602" HierarchyLvlTypeId="3" Intrnl_Id="347" Name="expandToIncludeLeftSideWrong">
                                    <Header>
                                        <Loc EndOffset="19927" SrcFileId="1" StartOffset="19878"/>
                                    </Header>
                                    <LocList>
                                        <Loc EndOffset="20068" SrcFileId="1" StartOffset="19878"/>
                                    </LocList>
                                    <StmntSeq Intrnl_Id="348">
                                        <LocList>
                                            <Loc EndOffset="19962" SrcFileId="1" StartOffset="19932"/>
                                            <Loc EndOffset="20065" SrcFileId="1" StartOffset="19965"/>
                                        </LocList>
                                        <BasicStmnt CovItemId="S187" CovItemPrefix="org.jfree.data.test.RangeTest.java" Intrnl_Id="349">
                                            <LocList>
                                                <Loc EndOffset="19962" SrcFileId="1" StartOffset="19932"/>
                                            </LocList>
                                        </BasicStmnt>
                                        <BasicStmnt CovItemId="S188" CovItemPrefix="org.jfree.data.test.RangeTest.java" Intrnl_Id="350">
                                            <LocList>
                                                <Loc EndOffset="20065" SrcFileId="1" StartOffset="19965"/>
                                            </LocList>
                                        </BasicStmnt>
                                    </StmntSeq>
                                </HierarchyLvl>
                                <HierarchyLvl HierarchyLvlId="5603" HierarchyLvlTypeId="3" Intrnl_Id="351" Name="expandToIncludeLeftSideSame">
                                    <Header>
                                        <Loc EndOffset="20137" SrcFileId="1" StartOffset="20089"/>
                                    </Header>
                                    <LocList>
                                        <Loc EndOffset="20275" SrcFileId="1" StartOffset="20089"/>
                                    </LocList>
                                    <StmntSeq Intrnl_Id="352">
                                        <LocList>
                                            <Loc EndOffset="20172" SrcFileId="1" StartOffset="20142"/>
                                            <Loc EndOffset="20272" SrcFileId="1" StartOffset="20174"/>
                                        </LocList>
                                        <BasicStmnt CovItemId="S189" CovItemPrefix="org.jfree.data.test.RangeTest.java" Intrnl_Id="353">
                                            <LocList>
                                                <Loc EndOffset="20172" SrcFileId="1" StartOffset="20142"/>
                                            </LocList>
                                        </BasicStmnt>
                                        <BasicStmnt CovItemId="S190" CovItemPrefix="org.jfree.data.test.RangeTest.java" Intrnl_Id="354">
                                            <LocList>
                                                <Loc EndOffset="20272" SrcFileId="1" StartOffset="20174"/>
                                            </LocList>
                                        </BasicStmnt>
                                    </StmntSeq>
                                </HierarchyLvl>
                                <HierarchyLvl HierarchyLvlId="5604" HierarchyLvlTypeId="3" Intrnl_Id="355" Name="expandToIncludeRightSideSame">
                                    <Header>
                                        <Loc EndOffset="20345" SrcFileId="1" StartOffset="20296"/>
                                    </Header>
                                    <LocList>
                                        <Loc EndOffset="20480" SrcFileId="1" StartOffset="20296"/>
                                    </LocList>
                                    <StmntSeq Intrnl_Id="356">
                                        <LocList>
                                            <Loc EndOffset="20380" SrcFileId="1" StartOffset="20350"/>
                                            <Loc EndOffset="20477" SrcFileId="1" StartOffset="20382"/>
                                        </LocList>
                                        <BasicStmnt CovItemId="S191" CovItemPrefix="org.jfree.data.test.RangeTest.java" Intrnl_Id="357">
                                            <LocList>
                                                <Loc EndOffset="20380" SrcFileId="1" StartOffset="20350"/>
                                            </LocList>
                                        </BasicStmnt>
                                        <BasicStmnt CovItemId="S192" CovItemPrefix="org.jfree.data.test.RangeTest.java" Intrnl_Id="358">
                                            <LocList>
                                                <Loc EndOffset="20477" SrcFileId="1" StartOffset="20382"/>
                                            </LocList>
                                        </BasicStmnt>
                                    </StmntSeq>
                                </HierarchyLvl>
                                <HierarchyLvl HierarchyLvlId="5605" HierarchyLvlTypeId="3" Intrnl_Id="359" Name="expandUsingZeroMarginsTest">
                                    <Header>
                                        <Loc EndOffset="20551" SrcFileId="1" StartOffset="20504"/>
                                    </Header>
                                    <LocList>
                                        <Loc EndOffset="20728" SrcFileId="1" StartOffset="20504"/>
                                    </LocList>
                                    <StmntSeq Intrnl_Id="360">
                                        <LocList>
                                            <Loc EndOffset="20583" SrcFileId="1" StartOffset="20556"/>
                                            <Loc EndOffset="20613" SrcFileId="1" StartOffset="20586"/>
                                            <Loc EndOffset="20725" SrcFileId="1" StartOffset="20616"/>
                                        </LocList>
                                        <BasicStmnt CovItemId="S193" CovItemPrefix="org.jfree.data.test.RangeTest.java" Intrnl_Id="361">
                                            <LocList>
                                                <Loc EndOffset="20583" SrcFileId="1" StartOffset="20556"/>
                                            </LocList>
                                        </BasicStmnt>
                                        <BasicStmnt CovItemId="S194" CovItemPrefix="org.jfree.data.test.RangeTest.java" Intrnl_Id="362">
                                            <LocList>
                                                <Loc EndOffset="20613" SrcFileId="1" StartOffset="20586"/>
                                            </LocList>
                                        </BasicStmnt>
                                        <BasicStmnt CovItemId="S195" CovItemPrefix="org.jfree.data.test.RangeTest.java" Intrnl_Id="363">
                                            <LocList>
                                                <Loc EndOffset="20725" SrcFileId="1" StartOffset="20616"/>
                                            </LocList>
                                        </BasicStmnt>
                                    </StmntSeq>
                                </HierarchyLvl>
                                <HierarchyLvl HierarchyLvlId="5606" HierarchyLvlTypeId="3" Intrnl_Id="364" Name="nullRange">
                                    <Header>
                                        <Loc EndOffset="20794" SrcFileId="1" StartOffset="20764"/>
                                    </Header>
                                    <LocList>
                                        <Loc EndOffset="21024" SrcFileId="1" StartOffset="20764"/>
                                    </LocList>
                                    <StmntSeq Intrnl_Id="365">
                                        <LocList>
                                            <Loc EndOffset="20835" SrcFileId="1" StartOffset="20808"/>
                                            <Loc EndOffset="20886" SrcFileId="1" StartOffset="20839"/>
                                            <Loc EndOffset="21021" SrcFileId="1" StartOffset="20799"/>
                                        </LocList>
                                        <BasicStmnt CovItemId="S197" CovItemPrefix="org.jfree.data.test.RangeTest.java" Intrnl_Id="366">
                                            <LocList>
                                                <Loc EndOffset="20835" SrcFileId="1" StartOffset="20808"/>
                                            </LocList>
                                        </BasicStmnt>
                                        <BasicStmnt CovItemId="S198" CovItemPrefix="org.jfree.data.test.RangeTest.java" Intrnl_Id="367">
                                            <LocList>
                                                <Loc EndOffset="20886" SrcFileId="1" StartOffset="20839"/>
                                            </LocList>
                                        </BasicStmnt>
                                        <CondStmnt CovItemId="S196" CovItemPrefix="org.jfree.data.test.RangeTest.java" Intrnl_Id="368">
                                            <Branch CovItemId="B5" CovItemPrefix="org.jfree.data.test.RangeTest.java" Implct="true" Intrnl_Id="369">
                                                <Cond/>
                                                <LocList/>
                                                <StmntSeq Intrnl_Id="370">
                                                    <LocList/>
                                                </StmntSeq>
                                            </Branch>
                                            <Branch CovItemId="B6" CovItemPrefix="org.jfree.data.test.RangeTest.java" Implct="false" Intrnl_Id="371">
                                                <Cond>
                                                    <Loc EndOffset="20911" SrcFileId="1" StartOffset="20893"/>
                                                </Cond>
                                                <LocList>
                                                    <Loc EndOffset="21021" SrcFileId="1" StartOffset="20912"/>
                                                </LocList>
                                                <StmntSeq Intrnl_Id="372">
                                                    <LocList>
                                                        <Loc EndOffset="21017" SrcFileId="1" StartOffset="20917"/>
                                                    </LocList>
                                                    <BasicStmnt CovItemId="S199" CovItemPrefix="org.jfree.data.test.RangeTest.java" Intrnl_Id="373">
                                                        <LocList>
                                                            <Loc EndOffset="21017" SrcFileId="1" StartOffset="20917"/>
                                                        </LocList>
                                                    </BasicStmnt>
                                                </StmntSeq>
                                            </Branch>
                                            <Keyword EndOffset="20802" SrcFileId="1" StartOffset="20799"/>
                                            <LocList>
                                                <Loc EndOffset="21021" SrcFileId="1" StartOffset="20799"/>
                                            </LocList>
                                        </CondStmnt>
                                    </StmntSeq>
                                </HierarchyLvl>
                                <HierarchyLvl HierarchyLvlId="5607" HierarchyLvlTypeId="3" Intrnl_Id="374" Name="sameUpperBoundary">
                                    <Header>
                                        <Loc EndOffset="21160" SrcFileId="1" StartOffset="21122"/>
                                    </Header>
                                    <LocList>
                                        <Loc EndOffset="21310" SrcFileId="1" StartOffset="21122"/>
                                    </LocList>
                                    <StmntSeq Intrnl_Id="375">
                                        <LocList>
                                            <Loc EndOffset="21307" SrcFileId="1" StartOffset="21165"/>
                                        </LocList>
                                        <BasicStmnt CovItemId="S200" CovItemPrefix="org.jfree.data.test.RangeTest.java" Intrnl_Id="376">
                                            <LocList>
                                                <Loc EndOffset="21307" SrcFileId="1" StartOffset="21165"/>
                                            </LocList>
                                        </BasicStmnt>
                                    </StmntSeq>
                                </HierarchyLvl>
                                <HierarchyLvl HierarchyLvlId="5608" HierarchyLvlTypeId="3" Intrnl_Id="377" Name="sameLowerBoundary">
                                    <Header>
                                        <Loc EndOffset="21430" SrcFileId="1" StartOffset="21391"/>
                                    </Header>
                                    <LocList>
                                        <Loc EndOffset="21580" SrcFileId="1" StartOffset="21391"/>
                                    </LocList>
                                    <StmntSeq Intrnl_Id="378">
                                        <LocList>
                                            <Loc EndOffset="21577" SrcFileId="1" StartOffset="21435"/>
                                        </LocList>
                                        <BasicStmnt CovItemId="S201" CovItemPrefix="org.jfree.data.test.RangeTest.java" Intrnl_Id="379">
                                            <LocList>
                                                <Loc EndOffset="21577" SrcFileId="1" StartOffset="21435"/>
                                            </LocList>
                                        </BasicStmnt>
                                    </StmntSeq>
                                </HierarchyLvl>
                                <HierarchyLvl HierarchyLvlId="5609" HierarchyLvlTypeId="3" Intrnl_Id="380" Name="diffRanges">
                                    <Header>
                                        <Loc EndOffset="21676" SrcFileId="1" StartOffset="21645"/>
                                    </Header>
                                    <LocList>
                                        <Loc EndOffset="21781" SrcFileId="1" StartOffset="21645"/>
                                    </LocList>
                                    <StmntSeq Intrnl_Id="381">
                                        <LocList>
                                            <Loc EndOffset="21778" SrcFileId="1" StartOffset="21681"/>
                                        </LocList>
                                        <BasicStmnt CovItemId="S202" CovItemPrefix="org.jfree.data.test.RangeTest.java" Intrnl_Id="382">
                                            <LocList>
                                                <Loc EndOffset="21778" SrcFileId="1" StartOffset="21681"/>
                                            </LocList>
                                        </BasicStmnt>
                                    </StmntSeq>
                                </HierarchyLvl>
                                <HierarchyLvl HierarchyLvlId="5610" HierarchyLvlTypeId="3" Intrnl_Id="383" Name="sameRanges">
                                    <Header>
                                        <Loc EndOffset="21872" SrcFileId="1" StartOffset="21841"/>
                                    </Header>
                                    <LocList>
                                        <Loc EndOffset="21971" SrcFileId="1" StartOffset="21841"/>
                                    </LocList>
                                    <StmntSeq Intrnl_Id="384">
                                        <LocList>
                                            <Loc EndOffset="21968" SrcFileId="1" StartOffset="21877"/>
                                        </LocList>
                                        <BasicStmnt CovItemId="S203" CovItemPrefix="org.jfree.data.test.RangeTest.java" Intrnl_Id="385">
                                            <LocList>
                                                <Loc EndOffset="21968" SrcFileId="1" StartOffset="21877"/>
                                            </LocList>
                                        </BasicStmnt>
                                    </StmntSeq>
                                </HierarchyLvl>
                                <HierarchyLvl HierarchyLvlId="5611" HierarchyLvlTypeId="3" Intrnl_Id="386" Name="nullRangeEquals">
                                    <Header>
                                        <Loc EndOffset="22031" SrcFileId="1" StartOffset="21995"/>
                                    </Header>
                                    <LocList>
                                        <Loc EndOffset="22110" SrcFileId="1" StartOffset="21995"/>
                                    </LocList>
                                    <StmntSeq Intrnl_Id="387">
                                        <LocList>
                                            <Loc EndOffset="22107" SrcFileId="1" StartOffset="22036"/>
                                        </LocList>
                                        <BasicStmnt CovItemId="S204" CovItemPrefix="org.jfree.data.test.RangeTest.java" Intrnl_Id="388">
                                            <LocList>
                                                <Loc EndOffset="22107" SrcFileId="1" StartOffset="22036"/>
                                            </LocList>
                                        </BasicStmnt>
                                    </StmntSeq>
                                </HierarchyLvl>
                                <HierarchyLvl HierarchyLvlId="5612" HierarchyLvlTypeId="3" Intrnl_Id="389" Name="inLowerBoundary">
                                    <Header>
                                        <Loc EndOffset="22211" SrcFileId="1" StartOffset="22175"/>
                                    </Header>
                                    <LocList>
                                        <Loc EndOffset="22297" SrcFileId="1" StartOffset="22175"/>
                                    </LocList>
                                    <StmntSeq Intrnl_Id="390">
                                        <LocList>
                                            <Loc EndOffset="22294" SrcFileId="1" StartOffset="22216"/>
                                        </LocList>
                                        <BasicStmnt CovItemId="S205" CovItemPrefix="org.jfree.data.test.RangeTest.java" Intrnl_Id="391">
                                            <LocList>
                                                <Loc EndOffset="22294" SrcFileId="1" StartOffset="22216"/>
                                            </LocList>
                                        </BasicStmnt>
                                    </StmntSeq>
                                </HierarchyLvl>
                                <HierarchyLvl HierarchyLvlId="5613" HierarchyLvlTypeId="3" Intrnl_Id="392" Name="inUpperBoundary">
                                    <Header>
                                        <Loc EndOffset="22380" SrcFileId="1" StartOffset="22344"/>
                                    </Header>
                                    <LocList>
                                        <Loc EndOffset="22464" SrcFileId="1" StartOffset="22344"/>
                                    </LocList>
                                    <StmntSeq Intrnl_Id="393">
                                        <LocList>
                                            <Loc EndOffset="22461" SrcFileId="1" StartOffset="22385"/>
                                        </LocList>
                                        <BasicStmnt CovItemId="S206" CovItemPrefix="org.jfree.data.test.RangeTest.java" Intrnl_Id="394">
                                            <LocList>
                                                <Loc EndOffset="22461" SrcFileId="1" StartOffset="22385"/>
                                            </LocList>
                                        </BasicStmnt>
                                    </StmntSeq>
                                </HierarchyLvl>
                                <HierarchyLvl HierarchyLvlId="5614" HierarchyLvlTypeId="3" Intrnl_Id="395" Name="numberInRange">
                                    <Header>
                                        <Loc EndOffset="22534" SrcFileId="1" StartOffset="22500"/>
                                    </Header>
                                    <LocList>
                                        <Loc EndOffset="22613" SrcFileId="1" StartOffset="22500"/>
                                    </LocList>
                                    <StmntSeq Intrnl_Id="396">
                                        <LocList>
                                            <Loc EndOffset="22610" SrcFileId="1" StartOffset="22539"/>
                                        </LocList>
                                        <BasicStmnt CovItemId="S207" CovItemPrefix="org.jfree.data.test.RangeTest.java" Intrnl_Id="397">
                                            <LocList>
                                                <Loc EndOffset="22610" SrcFileId="1" StartOffset="22539"/>
                                            </LocList>
                                        </BasicStmnt>
                                    </StmntSeq>
                                </HierarchyLvl>
                                <HierarchyLvl HierarchyLvlId="5615" HierarchyLvlTypeId="3" Intrnl_Id="398" Name="tearDown">
                                    <Header>
                                        <Loc EndOffset="22668" SrcFileId="1" StartOffset="22619"/>
                                    </Header>
                                    <LocList>
                                        <Loc EndOffset="22675" SrcFileId="1" StartOffset="22619"/>
                                    </LocList>
                                </HierarchyLvl>
                                <HierarchyLvl HierarchyLvlId="5616" HierarchyLvlTypeId="3" Intrnl_Id="399" Name="tearDownAfterClass">
                                    <Header>
                                        <Loc EndOffset="22750" SrcFileId="1" StartOffset="22679"/>
                                    </Header>
                                    <LocList>
                                        <Loc EndOffset="22757" SrcFileId="1" StartOffset="22679"/>
                                    </LocList>
                                </HierarchyLvl>
                            </HierarchyLvl>
                        </HierarchyLvl>
                    </HierarchyLvl>
                </HierarchyLvl>
            </HierarchyLvl>
        </HierarchyLvl>
    </MASTRoot>
</TestSessionContainer>
