<?xml version="1.0" encoding="UTF-8"?><TestSessionContainer xmlns="http://www.codecover.org/xml/testsession-container" Date="1677722799204" TestSessionContainerId="ada5f9cc-3b18-4580-9bf4-c7cc79b586e2" version="1.0">
    <SrcFileList>
        <SrcFile Content="package org.jfree.data.test;&#13;&#10;&#13;&#10;import static org.junit.Assert.*;&#13;&#10;&#13;&#10;import java.security.InvalidParameterException;&#13;&#10;&#13;&#10;import org.jfree.data.DataUtilities;&#13;&#10;import org.jfree.data.KeyedValues;&#13;&#10;import org.jfree.data.Values2D;&#13;&#10;import org.jmock.Expectations;&#13;&#10;import org.jmock.Mockery;&#13;&#10;import org.junit.After;&#13;&#10;import org.junit.AfterClass;&#13;&#10;import org.junit.Before;&#13;&#10;import org.junit.BeforeClass;&#13;&#10;import org.junit.Test;&#13;&#10;&#13;&#10;public class DataUtilitesTest extends DataUtilities {&#13;&#10;&#9;Mockery mockingContext;&#13;&#10;    private Values2D values;&#13;&#10;    &#13;&#10;&#9;@BeforeClass&#13;&#10;&#9;public static void setUpBeforeClass() throws Exception {&#13;&#10;&#9;}&#13;&#10;&#9;&#13;&#10;&#9;@Before&#13;&#10;&#9;public void setUp() throws Exception {&#13;&#10;&#9;&#9; mockingContext = new Mockery();&#13;&#10;&#9;     values = mockingContext.mock(Values2D.class);&#13;&#10;&#9;     &#13;&#10;&#9;}&#13;&#10;&#9;&#13;&#10;&#9;&#13;&#10;&#9;&#13;&#10;&#9;// calculateColumnTotal() test cases &#13;&#10;//&#9;pass: returns correct value for three rows&#13;&#10;&#9;@Test&#13;&#10;&#9;public void calculateColumnTotalForThreeRows() {&#13;&#10;&#9;    // setup&#13;&#10;&#9; &#13;&#10;&#9;    &#13;&#10;&#9;    mockingContext.checking(new Expectations() {&#13;&#10;&#9;        {&#13;&#10;&#9;            one(values).getRowCount();&#13;&#10;&#9;            will(returnValue(3));&#13;&#10;&#9;            one(values).getValue(0, 0);&#13;&#10;&#9;            will(returnValue(7.5));&#13;&#10;&#9;            one(values).getValue(1, 0);&#13;&#10;&#9;            will(returnValue(2.5));&#13;&#10;&#9;            one(values).getValue(2, 0);&#13;&#10;&#9;            will(returnValue(10));&#13;&#10;&#9;            &#13;&#10;&#9;        }&#13;&#10;&#9;    });&#13;&#10;&#9;    //exercise&#9;&#13;&#10;&#9;    double result = DataUtilities.calculateColumnTotal(values, 0);&#13;&#10;&#9;    // verify&#13;&#10;&#9;    assertEquals(result, 20.0, .001d);&#13;&#10;&#9;    // tear-down: NONE in this test method&#13;&#10;&#9;}&#13;&#10;&#9;&#13;&#10;&#9;// pass: returns correct value for multiple columns&#13;&#10;&#9;@Test&#13;&#10;&#9;public void calculateColumnTotalForMutipleColumns() {&#13;&#10;&#9;    &#13;&#10;&#9;    mockingContext.checking(new Expectations() {&#13;&#10;&#9;        {&#13;&#10;//&#9;        &#9;one(values).getColumnCount();&#13;&#10;//&#9;            will(returnValue(2));&#13;&#10;&#9;            &#13;&#10;&#9;            one(values).getRowCount();&#13;&#10;&#9;            will(returnValue(3));&#13;&#10;&#9;            &#13;&#10;&#9;            one(values).getValue(0, 0);&#13;&#10;&#9;            will(returnValue(5));&#13;&#10;&#9;            one(values).getValue(1, 0);&#13;&#10;&#9;            will(returnValue(10));&#13;&#10;&#9;            one(values).getValue(2, 0);&#13;&#10;&#9;            will(returnValue(3));&#13;&#10;&#9;            &#13;&#10;&#9;            will(returnValue(3));&#13;&#10;&#9;            one(values).getValue(0, 1);&#13;&#10;&#9;            will(returnValue(1));&#13;&#10;&#9;            one(values).getValue(1, 1);&#13;&#10;&#9;            will(returnValue(1));&#13;&#10;&#9;            one(values).getValue(2, 1);&#13;&#10;&#9;            will(returnValue(2));&#13;&#10;&#9;            &#13;&#10;&#9;        }&#13;&#10;&#9;    });&#13;&#10;&#9;    &#13;&#10;&#9;    //exercise&#9;&#13;&#10;&#9;    double result = DataUtilities.calculateColumnTotal(values, 0);&#13;&#10;&#9;    // verify&#13;&#10;&#9;    assertEquals(result, 18.0, .00001d);&#13;&#10;&#9;    // tear-down: NONE in this test method&#13;&#10;&#9;}&#13;&#10;&#9;&#13;&#10;&#13;&#10;&#9;&#13;&#10;&#9;// pass: returns correct value for multiple columns&#13;&#10;&#9;&#9;@Test&#13;&#10;&#9;&#9;public void NegativeColumn() {&#13;&#10;&#9;&#9;    &#13;&#10;&#9;&#9;    mockingContext.checking(new Expectations() {&#13;&#10;&#9;&#9;        {&#13;&#10;//&#9;&#9;        &#9;one(values).getColumnCount();&#13;&#10;//&#9;&#9;            will(returnValue(2));&#13;&#10;&#9;&#9;            &#13;&#10;&#9;&#9;            one(values).getRowCount();&#13;&#10;&#9;&#9;            will(returnValue(3));&#13;&#10;&#9;&#9;            &#13;&#10;&#9;&#9;            one(values).getValue(0, -0);&#13;&#10;&#9;&#9;            will(returnValue(5));&#13;&#10;&#9;&#9;            one(values).getValue(1, -0);&#13;&#10;&#9;&#9;            will(returnValue(10));&#13;&#10;&#9;&#9;            one(values).getValue(2, -0);&#13;&#10;&#9;&#9;            will(returnValue(3));&#13;&#10;&#9;&#9;            &#13;&#10;&#9;&#9;            &#13;&#10;&#9;&#9;        }&#13;&#10;&#9;&#9;    });&#13;&#10;&#9;&#9;    &#13;&#10;&#9;&#9;    //exercise&#9;&#13;&#10;&#9;&#9;    double result = DataUtilities.calculateColumnTotal(values, -0);&#13;&#10;&#9;&#9;    // verify&#13;&#10;&#9;&#9;    assertEquals(result, 18.0, .00001d);&#13;&#10;&#9;&#9;    // tear-down: NONE in this test method&#13;&#10;&#9;&#9;}&#13;&#10;&#9;&#9;&#13;&#10;&#9;&#9;@Test&#13;&#10;&#9;&#9;public void NullValuesForColumn() {&#13;&#10;&#9;&#9;    &#13;&#10;&#9;&#9;    mockingContext.checking(new Expectations() {&#13;&#10;&#9;&#9;        {&#13;&#10;//&#9;&#9;        &#9;one(values).getColumnCount();&#13;&#10;//&#9;&#9;            will(returnValue(2));&#13;&#10;&#9;&#9;            &#13;&#10;&#9;&#9;            one(values).getRowCount();&#13;&#10;&#9;&#9;            will(returnValue(3));&#13;&#10;&#9;&#9;            &#13;&#10;&#9;&#9;            one(values).getValue(0, 2);&#13;&#10;&#9;&#9;            will(returnValue(null));&#13;&#10;&#9;&#9;            one(values).getValue(1, 2);&#13;&#10;&#9;&#9;            will(returnValue(null));&#13;&#10;&#9;&#9;            one(values).getValue(2, 2);&#13;&#10;&#9;&#9;            will(returnValue(null));&#13;&#10;&#9;&#9;            &#13;&#10;&#9;&#9;            &#13;&#10;&#9;&#9;        }&#13;&#10;&#9;&#9;    });&#13;&#10;&#9;&#9;    &#13;&#10;&#9;&#9;    //exercise&#9;&#13;&#10;&#9;&#9;    double result = DataUtilities.calculateColumnTotal(values, 2);&#13;&#10;&#9;&#9;    // verify&#13;&#10;&#9;&#9;    assertEquals(result, 0.0, .00001d);&#13;&#10;&#9;&#9;    // tear-down: NONE in this test method&#13;&#10;&#9;&#9;}&#13;&#10;&#13;&#10;&#9;&#9;@Test(expected = IndexOutOfBoundsException.class)&#13;&#10;&#9;&#9;// This tests to see if an IndexOutOfBoundsException is thrown when entering a column greater than the maximum index allows (in this case, column 2)&#13;&#10;&#9;&#9;public void CalculateColumnTotalOutOfBounds() {&#13;&#10;&#9;&#9;&#9;Mockery context = new Mockery();&#13;&#10;&#9;&#9;&#9;final Values2D values = context.mock(Values2D.class);&#13;&#10;&#9;&#9;&#9;context.checking(new org.jmock.Expectations() {&#13;&#10;&#9;&#9;&#9;&#9;{&#13;&#10;&#9;&#9;&#9;&#9;&#9;one(values).getRowCount();&#13;&#10;&#9;&#9;&#9;&#9;&#9;will(returnValue(3));&#13;&#10;&#9;&#9;&#9;&#9;&#9;one(values).getValue(0, 2);&#13;&#10;&#9;&#9;&#9;&#9;&#9;will(returnValue(7));&#13;&#10;&#9;&#9;&#9;&#9;&#9;one(values).getValue(1, 2);&#13;&#10;&#9;&#9;&#9;&#9;&#9;will(returnValue(3));&#13;&#10;&#9;&#9;&#9;&#9;&#9;one(values).getValue(2, 2);&#13;&#10;&#9;&#9;&#9;&#9;&#9;will(returnValue(2));&#13;&#10;&#9;&#9;&#9;&#9;}&#13;&#10;&#9;&#9;&#9;});&#13;&#10;&#9;&#9;&#9;double results = DataUtilities.calculateColumnTotal(values, 2);&#13;&#10;&#9;&#9;&#9;assertEquals(results, 12, 0.0000001d);&#13;&#10;&#9;&#9;}&#13;&#10;&#13;&#10;&#9;&#13;&#10;&#9;// calculateRowTotal() test cases&#13;&#10;&#9;// pass: returns correct value for one row&#13;&#10;&#9;@Test&#13;&#10;&#9;public void calculateRowTotalForOneRow() {&#13;&#10;&#9;    &#13;&#10;&#9;    mockingContext.checking(new Expectations() {&#13;&#10;&#9;        {&#13;&#10;&#9;        &#9;&#13;&#10;&#9;            one(values).getColumnCount();&#13;&#10;&#9;            will(returnValue(1));&#13;&#10;&#9;            &#13;&#10;&#9;            one(values).getValue(0, 0);&#13;&#10;&#9;            will(returnValue(3));&#13;&#10;&#9;            one(values).getValue(0, 1);&#13;&#10;&#9;            will(returnValue(2));&#13;&#10;&#9;            one(values).getValue(0, 2);&#13;&#10;&#9;            will(returnValue(3));&#13;&#10;&#9;            &#13;&#10;&#9;        }&#13;&#10;&#9;    });&#13;&#10;&#9;    &#13;&#10;&#9;    //exercise&#9;&#13;&#10;&#9;    double result = DataUtilities.calculateRowTotal(values,0);&#13;&#10;&#9;    assertEquals(3, result, .000000001d);&#13;&#10;&#9;    // tear-down: NONE in this test method&#13;&#10;&#9;}&#13;&#10;&#9;&#13;&#10;&#9;// pass: returns correct value for multiple rows&#13;&#10;&#9;@Test&#13;&#10;&#9;public void calculateRowTotalForMutipleRows() {&#13;&#10;&#9;    &#13;&#10;&#9;    mockingContext.checking(new Expectations() {&#13;&#10;&#9;        {&#13;&#10;&#9;        &#9;&#13;&#10;&#9;            one(values).getColumnCount();&#13;&#10;&#9;            will(returnValue(3));&#13;&#10;&#9;            &#13;&#10;&#9;  &#13;&#10;&#9;            one(values).getValue(1, 0);&#13;&#10;&#9;            will(returnValue(1));&#13;&#10;&#9;            one(values).getValue(1, 1);&#13;&#10;&#9;            will(returnValue(1));&#13;&#10;&#9;            one(values).getValue(1, 2);&#13;&#10;&#9;            will(returnValue(2));&#13;&#10;&#9;            &#13;&#10;&#9;        }&#13;&#10;&#9;    });&#13;&#10;&#9;    &#13;&#10;&#9;    //exercise&#9;&#13;&#10;&#9;    double result = DataUtilities.calculateRowTotal(values,1);&#13;&#10;&#9;    // verify&#13;&#10;&#9;    assertEquals(4.0, result, .00001d);&#13;&#10;&#9;    // tear-down: NONE in this test method&#13;&#10;&#9;}&#13;&#10;&#9;&#13;&#10;&#13;&#10;&#9;/**&#13;&#10;&#9; * Testing function when data is valid and row is negative&#13;&#10;&#9; */&#13;&#10;&#9;@Test&#13;&#10;&#9;public void NegativeRow() {&#13;&#10;&#9;&#9;&#13;&#10;&#9;&#9;mockingContext.checking(new Expectations() {&#13;&#10;&#9;        {&#13;&#10;&#9;        &#9;&#13;&#10;&#9;            one(values).getColumnCount();&#13;&#10;&#9;            will(returnValue(3));&#13;&#10;&#9;            &#13;&#10;&#9;  &#13;&#10;&#9;            one(values).getValue(1, 0);&#13;&#10;&#9;            will(returnValue(null));&#13;&#10;&#9;            one(values).getValue(1, 1);&#13;&#10;&#9;            will(returnValue(null));&#13;&#10;&#9;            one(values).getValue(1, 2);&#13;&#10;&#9;            will(returnValue(null));&#13;&#10;&#9;            &#13;&#10;&#9;        }&#13;&#10;&#9;    });&#13;&#10;&#9;    &#13;&#10;&#9;    //exercise&#9;&#13;&#10;&#9;    double result = DataUtilities.calculateRowTotal(values,1);&#13;&#10;&#9;    // verify&#13;&#10;&#9;    assertEquals(0.0, result, .00001d);&#13;&#10;&#9;}&#13;&#10;&#9;&#13;&#10;&#9;/**&#13;&#10;&#9; * Testing function when data is valid and row is negative&#13;&#10;&#9; */&#13;&#10;&#9;@Test&#13;&#10;&#9;public void PositiveRowNullValues() {&#13;&#10;&#9;&#9;&#13;&#10;&#9;&#9;&#9;&#9;mockingContext.checking(new Expectations() { &#13;&#10;&#9;&#9;&#9;&#9;&#9;{&#13;&#10;&#9;&#9;&#9;&#9;&#9;&#9;one(values).getColumnCount(); &#13;&#10;&#9;&#9;&#9;&#9;&#9;&#9;will(returnValue(1));&#13;&#10;&#9;&#9;&#9;&#9;&#9;&#9;&#13;&#10;&#9;&#9;&#9;&#9;&#9;&#9;one(values).getValue(-0, 0);&#13;&#10;&#9;&#9;&#9;&#9;&#9;&#9;will(returnValue(null));&#13;&#10;&#9;&#9;&#9;&#9;&#9;&#9;&#13;&#10;&#9;&#9;&#9;&#9;&#9;&#9;one(values).getValue(-0, 1); &#13;&#10;&#9;&#9;&#9;&#9;&#9;&#9;will(returnValue(null));&#13;&#10;&#9;&#9;&#9;&#9;&#9;&#9;&#13;&#10;&#9;&#9;&#9;&#9;&#9;&#9;&#13;&#10;&#9;&#9;&#9;&#9;&#9;} &#13;&#10;&#9;&#9;&#9;&#9;});&#13;&#10;&#9;&#9;&#9;&#13;&#10;&#9;&#9;//exercise&#9;&#13;&#10;&#9;    double result = DataUtilities.calculateRowTotal(values,-0);&#13;&#10;&#9;    // verify&#13;&#10;&#9;&#9;assertEquals(0.0, result, .000000001d);&#13;&#10;&#9;}&#13;&#10;&#9;&#13;&#10;&#9;@Test(expected = IndexOutOfBoundsException.class)&#13;&#10;&#9;// This tests to see if an IndexOutOfBoundsException is thrown when entering a column greater than the maximum index allows (in this case, column 2)&#13;&#10;&#9;public void CalculateRowTotalOutOfBounds() {&#13;&#10;&#9;&#9;Mockery context = new Mockery();&#13;&#10;&#9;&#9;final Values2D values = context.mock(Values2D.class);&#13;&#10;&#9;&#9;context.checking(new org.jmock.Expectations() {&#13;&#10;&#9;&#9;&#9;{&#13;&#10;&#9;&#9;&#9;&#9;one(values).getColumnCount(); &#13;&#10;&#9;&#9;&#9;&#9;will(returnValue(2));&#13;&#10;&#9;&#9;&#9;&#9;&#13;&#10;&#9;&#9;&#9;&#9;one(values).getValue(1, 0);&#13;&#10;&#9;&#9;&#9;&#9;will(returnValue(8));&#13;&#10;&#9;&#9;&#9;&#9;&#13;&#10;&#9;&#9;&#9;&#9;one(values).getValue(1, 1); &#13;&#10;&#9;&#9;&#9;&#9;will(returnValue(7));&#13;&#10;&#9;&#9;&#9;&#9;&#13;&#10;&#9;&#9;&#9;}&#13;&#10;&#9;&#9;});&#13;&#10;&#9;&#9;double results = DataUtilities.calculateRowTotal(values, 1);&#13;&#10;&#9;&#9;assertEquals(results, 15, 0.0000001d);&#13;&#10;&#9;}&#13;&#10;&#13;&#10;&#13;&#10;&#13;&#10;&#9;&#13;&#10;&#9;// createNumberArray() test cases&#13;&#10;&#9;/* Pass()&#13;&#10;&#9; * The last element is returned as null&#13;&#10;&#9; */&#13;&#10;&#9;&#13;&#10;&#9;@Test&#13;&#10;&#9; public void createNumberArrayFourDoubleElements() {&#13;&#10;&#9;&#9;double[] test = new double[] { 1.0, 1.11, -1.52, 1.5};&#13;&#10;&#9;&#9;Number arr[] = DataUtilities.createNumberArray(new double[] { 1.0, 1.11, -1.52, 1.5});&#13;&#10;&#9;&#9;assertEquals(&quot;Data of arrays should be equal.&quot;,&#13;&#10;&#9;&#9;&#9;&#9;test[0], arr[0]);&#9; &#13;&#10;&#9;assertEquals(&quot;Data of arrays should be equal.&quot;,&#13;&#10;&#9;&#9;&#9;test[1], arr[1]);&#13;&#10;&#9;assertEquals(&quot;Data of arrays should be equal.&quot;,&#13;&#10;&#9;&#9;&#9;test[2], arr[2]);&#13;&#10;&#9;assertEquals(&quot;Data of arrays should be equal.&quot;,&#13;&#10;&#9;&#9;&#9;test[3], arr[3]);}&#13;&#10;&#9;&#13;&#10;&#9;&#13;&#10;&#9;/* Pass &#13;&#10;&#9; * Returns all the elements except the last one&#13;&#10;&#9; */&#13;&#10;&#9;&#13;&#10;&#9;@Test&#13;&#10;&#9; public void createNumberArrayThreeDoubleElements() {&#13;&#10;&#9;&#9;double[] test = new double[] { 1.0, 1.11, -1.52, 1.5};&#13;&#10;&#9;&#9;Number arr[] = DataUtilities.createNumberArray(new double[] { 1.0, 1.11, -1.52, 1.5});&#13;&#10;&#9;&#9;assertEquals(&quot;Data of arrays should be equal.&quot;,&#13;&#10;&#9;&#9;&#9;&#9;test[0], arr[0]);&#9; &#13;&#10;&#9;assertEquals(&quot;Data of arrays should be equal.&quot;,&#13;&#10;&#9;&#9;&#9;test[1], arr[1]);&#13;&#10;&#9;assertEquals(&quot;Data of arrays should be equal.&quot;,&#13;&#10;&#9;&#9;&#9;test[2], arr[2]);}&#13;&#10;&#9;&#13;&#10;&#9;/* Pass &#13;&#10;&#9; * Returns the correct length&#13;&#10;&#9; */&#13;&#10;&#9;&#13;&#10;&#9;@Test&#13;&#10;&#9;public void createNumberArraySizeTest() {&#13;&#10;&#9;&#9;double[] test1 = new double[] { 1.0, 1.11, -1.52, 1.5};&#13;&#10;&#9;&#9;Number arr1[] = DataUtilities.createNumberArray(new double[] { 1.0, 1.11, -1.52, 1.5});&#13;&#10;&#9;&#9;assertEquals(&quot;Length of arrays should be equal.&quot;,&#13;&#10;&#9;&#9;&#9;&#9;test1.length, arr1.length);&#13;&#10;&#13;&#10;&#9;}&#13;&#10;&#9;&#13;&#10;&#9;/* Pass &#13;&#10;&#9; * Throws an exception if the function is passed a null value&#13;&#10;&#9; */&#13;&#10;&#13;&#10;&#9;@Test(expected = IllegalArgumentException.class)&#13;&#10;&#9; public void createNumberArrayNullArgument() throws Exception{&#13;&#10;&#9;&#9; DataUtilities.createNumberArray(null);&#13;&#10;&#9; }&#13;&#10;&#9;&#13;&#10;&#9;&#13;&#10;&#9;// createNumberArray2D() test cases&#13;&#10;&#9;/* Pass&#13;&#10;&#9; *&#13;&#10;&#9; */&#13;&#10;&#9;&#13;&#10;&#9;@Test&#13;&#10;&#9;public void create2DNumberArrayThreeDoubleElements() {&#13;&#10;&#9;&#9;double[][] test = new double[][]{{1.0, 3.0, 7.0}, {2.0, 4.0, 4.4}};&#13;&#10;&#9;&#9;Number[][] arr = DataUtilities.createNumberArray2D(new double[][]{{1.0, 3.0, 7.0}, {2.0, 4.0, 4.4}});&#13;&#10;&#9;&#9;assertEquals(&quot;Data of arrays should be equal.&quot;,&#13;&#10;&#9;&#9;&#9;&#9;test[0][0], arr[0][0]);&#9; &#13;&#10;&#9;&#9;assertEquals(&quot;Data of arrays should be equal.&quot;,&#13;&#10;&#9;&#9;&#9;test[0][1], arr[0][1]);&#13;&#10;&#9;&#9;assertEquals(&quot;Data of arrays should be equal.&quot;,&#13;&#10;&#9;&#9;&#9;test[0][2], arr[0][2]);&#13;&#10;&#9;&#9;&#13;&#10;&#9;&#9;assertEquals(&quot;Data of arrays should be equal.&quot;,&#13;&#10;&#9;&#9;test[1][2], arr[1][2]);&#13;&#10;&#9;&#9;&#9;&#13;&#10;&#9;}&#13;&#10;&#9;&#13;&#10;&#9;@Test&#13;&#10;&#9;public void lastTwoRowsZeroo(){&#13;&#10;&#9;&#9;Mockery mockingContext = new Mockery();&#13;&#10;&#9;&#9;final KeyedValues values = mockingContext.mock(KeyedValues.class);&#13;&#10;&#9;&#9;mockingContext.checking(new Expectations() {&#13;&#10;&#9;&#9;&#9;{&#13;&#10;&#9;&#9;&#9;&#9;allowing(values).getItemCount();&#13;&#10;&#9;&#9;&#9;&#9;will(returnValue(3));&#13;&#10;&#9;&#9;&#9;&#9;allowing(values).getValue(0);&#13;&#10;&#9;&#9;&#9;&#9;will(returnValue(2));&#13;&#10;&#9;&#9;&#9;&#9;allowing(values).getValue(1);&#13;&#10;&#9;&#9;&#9;&#9;will(returnValue(0));&#13;&#10;&#9;&#9;&#9;&#9;allowing(values).getValue(2);&#13;&#10;&#9;&#9;&#9;&#9;will(returnValue(0));&#13;&#10;&#9;&#9;&#9;&#9;&#13;&#10;&#9;&#9;&#9;&#9;allowing(values).getKey(0);&#13;&#10;&#9;&#9;&#9;&#9;will(returnValue(0));&#13;&#10;&#9;&#9;&#9;&#9;allowing(values).getKey(1);&#13;&#10;&#9;&#9;&#9;&#9;will(returnValue(1));&#13;&#10;&#9;&#9;&#9;&#9;allowing(values).getKey(2);&#13;&#10;&#9;&#9;&#9;&#9;will(returnValue(2));&#13;&#10;&#9;&#9;&#9;&#9;&#13;&#10;&#9;&#9;&#9;}&#13;&#10;&#9;&#9;});&#13;&#10;&#9;&#9;&#13;&#10;&#9;&#9;KeyedValues result = DataUtilities.getCumulativePercentages(values);&#13;&#10;&#9;&#9;assertEquals(1.0, result.getValue(0));&#13;&#10;&#9;&#9;assertEquals(1.0, result.getValue(1));&#13;&#10;&#9;&#9;assertEquals(1.0, result.getValue(2));&#13;&#10;&#9;&#9;&#13;&#10;&#9;}&#13;&#10;&#9;&#13;&#10;&#9;&#13;&#10;&#9;&#13;&#10;&#9;/* Pass &#13;&#10;&#9; * Returns all the elements except the last one&#13;&#10;&#9; */&#13;&#10;&#9;&#13;&#10;&#9;@Test&#13;&#10;&#9;public void create2DNumberArrayTwoDoubleElements() {&#13;&#10;&#9;&#9;double[][] test = new double[][]{{1.0, 3.0, 7.0}, {2.0, 4.0, 4.4}};&#13;&#10;&#9;&#9;Number[][] arr = DataUtilities.createNumberArray2D(new double[][]{{1.0, 3.0, 7.0}, {2.0, 4.0, 4.4}});&#13;&#10;&#9;&#9;assertEquals(&quot;Data of arrays should be equal.&quot;,&#13;&#10;&#9;&#9;&#9;&#9;test[0][0], arr[0][0]);&#9; &#13;&#10;&#9;&#9;assertEquals(&quot;Data of arrays should be equal.&quot;,&#13;&#10;&#9;&#9;&#9;test[0][1], arr[0][1]);&#13;&#10;&#9;&#9;assertEquals(&quot;Data of arrays should be equal.&quot;,&#13;&#10;&#9;&#9;&#9;&#9;test[1][0], arr[1][0]);&#9; &#13;&#10;&#9;&#9;assertEquals(&quot;Data of arrays should be equal.&quot;,&#13;&#10;&#9;&#9;&#9;test[1][1], arr[1][1]);&#13;&#10;&#9;&#9;&#13;&#10;&#9;&#9;&#9;&#13;&#10;&#9;}&#13;&#10;&#9;&#13;&#10;&#9;/* Pass &#13;&#10;&#9; * Returns the correct length&#13;&#10;&#9; */&#13;&#10;&#9;&#13;&#10;&#9;@Test&#13;&#10;&#9;public void create2DNumberArraySizeTest() {&#13;&#10;&#9;&#9;double[][] test = new double[][]{{1.0, 3.0, 7.0}, {2.0, 4.0, 4.4}};&#13;&#10;&#9;&#9;Number[][] arr = DataUtilities.createNumberArray2D(new double[][]{{1.0, 3.0, 7.0}, {2.0, 4.0, 4.4}});&#13;&#10;&#9;&#9;assertEquals(&quot;Length of arrays should be equal.&quot;,&#13;&#10;&#9;&#9;&#9;&#9;test.length, arr.length);&#13;&#10;&#13;&#10;&#9;}&#13;&#10;&#9;&#13;&#10;&#9;/* Pass &#13;&#10;&#9; * Throws an exception if the function is passed a null value&#13;&#10;&#9; */&#13;&#10;&#9;&#13;&#10;&#9;@Test(expected = IllegalArgumentException.class)&#13;&#10;&#9; public void create2DNumberArrayNullArgument() throws Exception{&#13;&#10;&#9;&#9; DataUtilities.createNumberArray2D(null);&#13;&#10;&#9; }&#13;&#10;&#9;&#13;&#10;&#9;// getCumulativePercentages() test cases&#13;&#10;&#9;// fail: returns wrong percentage&#13;&#10;&#9;@Test&#13;&#10;&#9; public void testingAllElements(){&#13;&#10;&#9;&#9;Mockery mockingContext = new Mockery();&#13;&#10;&#9;&#9;final KeyedValues keyValues = mockingContext.mock(KeyedValues.class);&#13;&#10;&#9;&#9; mockingContext.checking(new Expectations() {&#13;&#10;&#9;&#9;&#9;{&#13;&#10;&#9;&#9;&#9;&#9;atLeast(1).of(keyValues).getItemCount();&#13;&#10;&#9;&#9;&#9;&#9;will(returnValue(3));&#13;&#10;&#9;        &#9;&#13;&#10;&#9;&#9;&#9;&#9;atLeast(1).of(keyValues).getValue(0);&#13;&#10;&#9;&#9;&#9;&#9;will(returnValue(1));&#13;&#10;&#9;&#9;&#9;&#9;&#13;&#10;&#9;&#9;&#9;&#9;atLeast(1).of(keyValues).getValue(1);&#13;&#10;&#9;&#9;&#9;&#9;will(returnValue(2));&#13;&#10;&#9;&#9;&#9;&#9;&#13;&#10;&#9;&#9;&#9;&#9;atLeast(1).of(keyValues).getValue(2);&#13;&#10;&#9;&#9;&#9;&#9;will(returnValue(3));&#13;&#10;&#9;&#9;&#9;&#9;&#13;&#10;&#9;&#9;&#9;&#9;atLeast(1).of(keyValues).getKey(0);&#13;&#10;&#9;&#9;&#9;&#9;will(returnValue(&quot;key0&quot;));&#13;&#10;&#9;&#9;&#9;&#9;&#13;&#10;&#9;&#9;&#9;&#9;atLeast(1).of(keyValues).getKey(1);&#13;&#10;&#9;&#9;&#9;&#9;will(returnValue(&quot;key1&quot;));&#13;&#10;&#9;&#9;&#9;&#9;&#13;&#10;&#9;&#9;&#9;&#9;atLeast(1).of(keyValues).getKey(2);&#13;&#10;&#9;&#9;&#9;&#9;will(returnValue(&quot;key2&quot;));&#13;&#10;&#9;     &#9;}&#13;&#10;&#9;&#9; });&#13;&#10;&#9;&#9; &#13;&#10;&#9;&#9; KeyedValues result = DataUtilities.getCumulativePercentages(keyValues);&#13;&#10;&#9;&#9; &#13;&#10;&#9;&#9; assertEquals(0.5, result.getValue(1).doubleValue(), .000000001d);&#13;&#10;&#9;&#9; assertEquals(1.0, result.getValue(2).doubleValue(), .000000001d);&#13;&#10;&#9; }&#13;&#10;&#9;&#13;&#10;&#13;&#10;&#9; // pass: returns correct percentage&#13;&#10;&#9; @Test&#13;&#10;&#9;&#9;public void allZeroRows(){&#13;&#10;&#9;&#9;&#9;Mockery mockingContext = new Mockery();&#13;&#10;&#9;&#9;&#9;final KeyedValues values = mockingContext.mock(KeyedValues.class);&#13;&#10;&#9;&#9;&#9;mockingContext.checking(new Expectations() {&#13;&#10;&#9;&#9;&#9;&#9;{&#13;&#10;&#9;&#9;&#9;&#9;&#9;allowing(values).getItemCount();&#13;&#10;&#9;&#9;&#9;&#9;&#9;will(returnValue(4));&#13;&#10;&#9;&#9;&#9;&#9;&#9;allowing(values).getValue(0);&#13;&#10;&#9;&#9;&#9;&#9;&#9;will(returnValue(0));&#13;&#10;&#9;&#9;&#9;&#9;&#9;allowing(values).getValue(1);&#13;&#10;&#9;&#9;&#9;&#9;&#9;will(returnValue(0));&#13;&#10;&#9;&#9;&#9;&#9;&#9;allowing(values).getValue(2);&#13;&#10;&#9;&#9;&#9;&#9;&#9;will(returnValue(0));&#13;&#10;&#9;&#9;&#9;&#9;&#9;allowing(values).getValue(3);&#13;&#10;&#9;&#9;&#9;&#9;&#9;will(returnValue(0));&#13;&#10;&#9;&#9;&#9;&#9;&#9;allowing(values).getKey(0);&#13;&#10;&#9;&#9;&#9;&#9;&#9;will(returnValue(0));&#13;&#10;&#9;&#9;&#9;&#9;&#9;allowing(values).getKey(1);&#13;&#10;&#9;&#9;&#9;&#9;&#9;will(returnValue(1));&#13;&#10;&#9;&#9;&#9;&#9;&#9;allowing(values).getKey(2);&#13;&#10;&#9;&#9;&#9;&#9;&#9;will(returnValue(2));&#13;&#10;&#9;&#9;&#9;&#9;&#9;allowing(values).getKey(3);&#13;&#10;&#9;&#9;&#9;&#9;&#9;will(returnValue(3));&#13;&#10;&#9;&#9;&#9;&#9;}&#13;&#10;&#9;&#9;&#9;});&#13;&#10;&#9;&#9;&#9;&#13;&#10;&#9;&#9;&#9;KeyedValues result = DataUtilities.getCumulativePercentages(values);&#13;&#10;&#9;&#9;&#9;assertEquals(0.0 / 0.0, result.getValue(0));&#13;&#10;&#9;&#9;&#9;assertEquals(0.0 / 0.0, result.getValue(1));&#13;&#10;&#9;&#9;&#9;assertEquals(0.0 / 0.0, result.getValue(2));&#13;&#10;&#9;&#9;&#9;assertEquals(0.0 / 0.0, result.getValue(3));&#13;&#10;&#9;&#9;}&#13;&#10;&#9; &#13;&#10;&#9; // fail: first percentage value is wrong&#13;&#10;&#9; @Test&#13;&#10;&#9;&#9;public void lastTwoRowsZero(){&#13;&#10;&#9;&#9;&#9;Mockery mockingContext = new Mockery();&#13;&#10;&#9;&#9;&#9;final KeyedValues values = mockingContext.mock(KeyedValues.class);&#13;&#10;&#9;&#9;&#9;mockingContext.checking(new Expectations() {&#13;&#10;&#9;&#9;&#9;&#9;{&#13;&#10;&#9;&#9;&#9;&#9;&#9;allowing(values).getItemCount();&#13;&#10;&#9;&#9;&#9;&#9;&#9;will(returnValue(3));&#13;&#10;&#9;&#9;&#9;&#9;&#9;allowing(values).getValue(0);&#13;&#10;&#9;&#9;&#9;&#9;&#9;will(returnValue(2));&#13;&#10;&#9;&#9;&#9;&#9;&#9;allowing(values).getValue(1);&#13;&#10;&#9;&#9;&#9;&#9;&#9;will(returnValue(0));&#13;&#10;&#9;&#9;&#9;&#9;&#9;allowing(values).getValue(2);&#13;&#10;&#9;&#9;&#9;&#9;&#9;will(returnValue(0));&#13;&#10;&#9;&#9;&#9;&#9;&#9;&#13;&#10;&#9;&#9;&#9;&#9;&#9;allowing(values).getKey(0);&#13;&#10;&#9;&#9;&#9;&#9;&#9;will(returnValue(0));&#13;&#10;&#9;&#9;&#9;&#9;&#9;allowing(values).getKey(1);&#13;&#10;&#9;&#9;&#9;&#9;&#9;will(returnValue(1));&#13;&#10;&#9;&#9;&#9;&#9;&#9;allowing(values).getKey(2);&#13;&#10;&#9;&#9;&#9;&#9;&#9;will(returnValue(2));&#13;&#10;&#9;&#9;&#9;&#9;&#9;&#13;&#10;&#9;&#9;&#9;&#9;}&#13;&#10;&#9;&#9;&#9;});&#13;&#10;&#9;&#9;&#9;&#13;&#10;&#9;&#9;&#9;KeyedValues result = DataUtilities.getCumulativePercentages(values);&#13;&#10;&#9;&#9;&#9;assertEquals(1.0, result.getValue(0));&#13;&#10;&#9;&#9;&#9;assertEquals(1.0, result.getValue(1));&#13;&#10;&#9;&#9;&#9;assertEquals(1.0, result.getValue(2));&#13;&#10;&#9;&#9;&#9;&#13;&#10;&#9;&#9;}&#13;&#10;&#9; &#13;&#10;&#9; // pass: returns the correct percentage&#13;&#10;&#9; @Test&#13;&#10;&#9;&#9;public void firstThreeRowsZero(){&#13;&#10;&#9;&#9;&#9;Mockery mockingContext = new Mockery();&#13;&#10;&#9;&#9;&#9;final KeyedValues values = mockingContext.mock(KeyedValues.class);&#13;&#10;&#9;&#9;&#9;mockingContext.checking(new Expectations() {&#13;&#10;&#9;&#9;&#9;&#9;{&#13;&#10;&#9;&#9;&#9;&#9;&#9;allowing(values).getItemCount();&#13;&#10;&#9;&#9;&#9;&#9;&#9;will(returnValue(3));&#13;&#10;&#9;&#9;&#9;&#9;&#9;allowing(values).getValue(0);&#13;&#10;&#9;&#9;&#9;&#9;&#9;will(returnValue(0));&#13;&#10;&#9;&#9;&#9;&#9;&#9;allowing(values).getValue(1);&#13;&#10;&#9;&#9;&#9;&#9;&#9;will(returnValue(0));&#13;&#10;&#9;&#9;&#9;&#9;&#9;allowing(values).getValue(2);&#13;&#10;&#9;&#9;&#9;&#9;&#9;will(returnValue(2));&#13;&#10;&#9;&#9;&#9;&#9;&#9;&#13;&#10;&#9;&#9;&#9;&#9;&#9;allowing(values).getKey(0);&#13;&#10;&#9;&#9;&#9;&#9;&#9;will(returnValue(0));&#13;&#10;&#9;&#9;&#9;&#9;&#9;allowing(values).getKey(1);&#13;&#10;&#9;&#9;&#9;&#9;&#9;will(returnValue(1));&#13;&#10;&#9;&#9;&#9;&#9;&#9;allowing(values).getKey(2);&#13;&#10;&#9;&#9;&#9;&#9;&#9;will(returnValue(2));&#13;&#10;&#9;&#9;&#9;&#9;&#9;&#13;&#10;&#9;&#9;&#9;&#9;}&#13;&#10;&#9;&#9;&#9;});&#13;&#10;&#9;&#9;&#9;&#13;&#10;&#9;&#9;&#9;KeyedValues result = DataUtilities.getCumulativePercentages(values);&#13;&#10;&#9;&#9;&#9;assertEquals(0.0, result.getValue(0));&#13;&#10;&#9;&#9;&#9;assertEquals(0.0, result.getValue(1));&#13;&#10;&#9;&#9;&#9;assertEquals(1.0, result.getValue(2));&#13;&#10;&#9;&#9;&#9;&#13;&#10;&#9;&#9;}&#13;&#10;&#9; &#13;&#10;&#9;&#13;&#10;&#9;&#13;&#10;&#9;@After&#13;&#10;&#9;public void tearDown() throws Exception {&#13;&#10;&#9;}&#13;&#10;&#13;&#10;&#9;@AfterClass&#13;&#10;&#9;public static void tearDownAfterClass() throws Exception {&#13;&#10;&#9;}&#13;&#10;&#9;&#13;&#10;&#9;&#13;&#10;&#9;&#13;&#10;&#13;&#10;&#9;&#13;&#10;&#9;&#13;&#10;&#13;&#10;}" Filename="DataUtilitesTest.java" Intrnl_Id="1"/>
        <SrcFile Content="package org.jfree.data.test;&#13;&#10;&#13;&#10;import static org.junit.Assert.*; import org.jfree.data.Range; import org.junit.*;&#13;&#10;&#13;&#10;public class RangeTest{&#13;&#10;&#13;&#10;private Range testRange;&#13;&#10;&#13;&#10;&#13;&#10;private Range exampleRange;&#13;&#10;&#13;&#10;private Range exampleRange2;&#13;&#10;&#13;&#10;private Range rangeN;&#13;&#10;&#13;&#10;private Range rangeZ;&#13;&#10;&#13;&#10;private Range rangeP;&#13;&#10;&#13;&#10;private Range range;&#13;&#10;&#13;&#10;private Range rangeC;&#13;&#10;&#13;&#10;private Range rangeDoub;&#13;&#10;&#13;&#10;private Range range1, range2;&#13;&#10;&#13;&#10;&#13;&#10;&#13;&#10;@BeforeClass public static void setUpBeforeClass() throws Exception {&#13;&#10;&#13;&#10;}&#13;&#10;&#13;&#10;@Before&#13;&#10;&#13;&#10;public void setUp() throws Exception {&#13;&#10;&#13;&#10;testRange = new Range(-4, 8);&#13;&#10;&#13;&#10;&#13;&#10;exampleRange = new Range(-1, 1);&#13;&#10;&#13;&#10;exampleRange2 = new Range(-1, -1);//size zero&#13;&#10;&#13;&#10;&#13;&#10;rangeN = new Range(-10, 1); // range for negative lower bound&#13;&#10;&#13;&#10;rangeZ = new Range(0, 0); // range for lower and upper bound being 0&#13;&#10;&#13;&#10;rangeP = new Range(1, 10); // range for positive lower bound&#13;&#10;&#13;&#10;rangeDoub = new Range(2.5, 5.0); // range for double values&#13;&#10;&#13;&#10;range = new Range(10, 50); //create range from 10 to 100&#13;&#10;&#13;&#10;rangeC = new Range(5, 20);// new range from 5 to 20&#13;&#10;&#13;&#10;&#13;&#10;&#13;&#10;}&#13;&#10;&#13;&#10;&#13;&#10;// constrain() test cases&#13;&#10;&#13;&#10;/*if the input number is lower than the lower boundary of the range than the constrain should be the lower boundary*/&#13;&#10;&#13;&#10;@Test&#13;&#10;&#13;&#10;public void numberLowerThanLowerBoundary() {&#13;&#10;&#13;&#10;assertEquals(&quot;The constrain value of -5 in the range of -1 and 1 should be -1)&quot;,-1,exampleRange.constrain(-5), 0.000001d);&#13;&#10;&#13;&#10;}&#13;&#10;&#13;&#10;&#13;&#10;/*if the input number is lower than the lower boundary of a range of zero than the constrain should be the lower boundary*/&#13;&#10;&#13;&#10;@Test&#13;&#10;&#13;&#10;public void numberLowerThanLowerBoundaryWithRangeZero() {&#13;&#10;&#13;&#10;assertEquals(&quot;The constrain value of -5 in the range of -1 and -1 should be -1)&quot;,-1,exampleRange2.constrain(-5), 0.000001d);&#13;&#10;&#13;&#10;}&#13;&#10;&#13;&#10;&#13;&#10;/*if the input number is higher than the upper boundary of the range than the constrain should be the upper boundary*/&#13;&#10;&#13;&#10;@Test&#13;&#10;&#13;&#10;public void numberHigherThanUpperBoundary() {&#13;&#10;&#13;&#10;assertEquals(&quot;The constrain value of 5 in the range of -1 and 1 should be 1)&quot;,1,exampleRange.constrain(5), 0.000001d);&#13;&#10;&#13;&#10;}&#13;&#10;&#13;&#10;&#13;&#10;/*if the input number is higher than the upper boundary of a range of zero than the constrain should be the upper boundary*/&#13;&#10;&#13;&#10;@Test&#13;&#10;&#13;&#10;public void numberHigherThanUpperBoundaryWithRangeZero() {&#13;&#10;&#13;&#10;assertEquals(&quot;The constrain value of 5 in the range of -1 and -1 should be -1)&quot;,-1,exampleRange2.constrain(-5), 0.000001d);&#13;&#10;&#13;&#10;}&#13;&#10;&#13;&#10;&#13;&#10;/*if the input number is within the range than the constrain should be the input*/&#13;&#10;&#13;&#10;@Test&#13;&#10;&#13;&#10;public void numberWithinRange() {&#13;&#10;&#13;&#10;assertEquals(&quot;The constrain value of 0 in the range of -1 and 1 should be 0)&quot;,0,exampleRange.constrain(0), 0.000001d);&#13;&#10;&#13;&#10;}&#13;&#10;&#13;&#10;&#13;&#10;/*if the input number is equal to the lower boundary of the range than the constrain should be the input/lower boundary*/&#13;&#10;&#13;&#10;@Test&#13;&#10;&#13;&#10;public void numberIsLowerBoundary() {&#13;&#10;&#13;&#10;assertEquals(&quot;The constrain value of -1 in the range of -1 and 1 should be -1)&quot;,-1,exampleRange.constrain(-5), 0.000001d);&#13;&#10;&#13;&#10;}&#13;&#10;&#13;&#10;&#13;&#10;/*if the input number is equal to the upper boundary of the range than the constrain should be the input/upper boundary*/&#13;&#10;&#13;&#10;@Test&#13;&#10;&#13;&#10;public void numberIsUpperBoundary() {&#13;&#10;&#13;&#10;assertEquals(&quot;The constrain value of 1 in the range of -1 and 1 should be 1)&quot;,1,exampleRange.constrain(1), 0.000001d);&#13;&#10;&#13;&#10;}&#13;&#10;&#13;&#10;&#13;&#10;// getLength() test cases&#13;&#10;&#13;&#10;// pass: returns the correct length&#13;&#10;&#13;&#10;@Test&#13;&#10;&#13;&#10;public void getLengthValidOutput() {&#13;&#10;&#13;&#10;assertEquals(&quot;The length of the range from -4 to 8 should be 12&quot;,&#13;&#10;&#13;&#10;12, testRange.getLength(), .000000001d);&#13;&#10;&#13;&#10;}&#13;&#10;&#13;&#10;&#13;&#10;// combine() test cases&#13;&#10;&#13;&#10;/*first range is null*/&#13;&#10;&#13;&#10;@Test&#13;&#10;&#13;&#10;public void firstRangeNull() {&#13;&#10;&#13;&#10;assertEquals(&quot;The combination of null range and range[-1,1] should be [-1,1]&quot;,new Range(-1,1),Range.combine(null,(new Range(-1,1))));&#13;&#10;&#13;&#10;}&#13;&#10;&#13;&#10;&#13;&#10;/*second range is null*/&#13;&#10;&#13;&#10;@Test&#13;&#10;&#13;&#10;public void secondRangeNull() {&#13;&#10;&#13;&#10;assertEquals(&quot;The combination of range[-1,1] and null range should be [-1,1]&quot;,new Range(-1,1),Range.combine((new Range(-1,1)),null));&#13;&#10;&#13;&#10;}&#13;&#10;&#13;&#10;&#13;&#10;/*both ranges are null*/&#13;&#10;&#13;&#10;@Test&#13;&#10;&#13;&#10;public void bothRangeNull() {&#13;&#10;&#13;&#10;assertEquals(&quot;The combination of two null ranges should be null&quot;,null,Range.combine(null,null));&#13;&#10;&#13;&#10;}&#13;&#10;&#13;&#10;&#13;&#10;/*identical ranges*/&#13;&#10;&#13;&#10;@Test&#13;&#10;&#13;&#10;public void identicalRanges() {&#13;&#10;&#13;&#10;assertEquals(&quot;The combination of range[-1,1] and range[-1,1] should be [-1,1]&quot;,new Range(-1,1),Range.combine((new Range(-1,1)),(new Range(-1,1))));&#13;&#10;&#13;&#10;}&#13;&#10;&#13;&#10;&#13;&#10;/*ranges are continuous*/&#13;&#10;&#13;&#10;@Test&#13;&#10;&#13;&#10;public void continuousRanges() {&#13;&#10;&#13;&#10;try{&#13;&#10;&#13;&#10;assertEquals(&quot;The combination of range[-1,1] and range[1,2] should be [-1,2]&quot;,new Range(-1,2),Range.combine((new Range(-1,1)),(new Range(1,2))));&#13;&#10;&#13;&#10;}&#13;&#10;&#13;&#10;catch(Exception e) {&#13;&#10;&#13;&#10;fail(&quot; continuousRanges should not have an error but we get &quot;+ e.getClass() + e.getMessage());&#13;&#10;&#13;&#10;}&#13;&#10;&#13;&#10;}&#13;&#10;&#13;&#10;&#13;&#10;/*ranges are not continuous*/&#13;&#10;&#13;&#10;@Test&#13;&#10;&#13;&#10;public void notContinuousRanges() {&#13;&#10;&#13;&#10;try {&#13;&#10;&#13;&#10;assertEquals(&quot;The combination of range[-1,1] and range[5,10] should be [-1,10]&quot;,new Range(-1,10),Range.combine((new Range(-1,1)),(new Range(5,10))));&#13;&#10;&#13;&#10;}&#13;&#10;&#13;&#10;catch(Exception e) {&#13;&#10;&#13;&#10;fail(&quot; notContinuousRanges should not have an error but we get &quot;+ e.getClass() + e.getMessage());&#13;&#10;&#13;&#10;}&#13;&#10;&#13;&#10;}&#13;&#10;&#13;&#10;&#13;&#10;// getLowerBound() test&#13;&#10;&#13;&#10;@Test&#13;&#10;&#13;&#10;public void testNegativeNumberForLowerBound() { // Lower bound being a negative number&#13;&#10;&#13;&#10;assertEquals(&quot;The value of lower bound should return -10&quot;,-10, rangeN.getLowerBound(), .000000001d);&#13;&#10;&#13;&#10;}&#13;&#10;&#13;&#10;&#13;&#10;@Test&#13;&#10;&#13;&#10;public void testZeroForLowerBound() { // Lower bound being at 0&#13;&#10;&#13;&#10;assertEquals(&quot;The value of lower bound should return 0&quot;, 0, rangeZ.getLowerBound(), .000000001d);&#13;&#10;&#13;&#10;}&#13;&#10;&#13;&#10;&#13;&#10;@Test&#13;&#10;&#13;&#10;public void testPositiveNumberForLowerBound() { // Lower bound being a positive number&#13;&#10;&#13;&#10;assertEquals(&quot;The value of lower bound should return 1&quot;, 1, rangeP.getLowerBound(), .000000001d);&#13;&#10;&#13;&#10;}&#13;&#10;&#13;&#10;@Test&#13;&#10;&#13;&#10;public void testDoubleForLowerBound() { // Lower bound being a double&#13;&#10;&#13;&#10;assertEquals(&quot;The value of lower bound should return 2.5&quot;, 2.5, rangeDoub.getLowerBound(), .000000001d);&#13;&#10;&#13;&#10;}&#13;&#10;&#13;&#10;&#13;&#10;// getUpperBound() test cases&#13;&#10;&#13;&#10;@Test&#13;&#10;&#13;&#10;public void testNegativeNumberForUpperBound() { // Upper bound being a negative number&#13;&#10;&#13;&#10;assertEquals(&quot;The value of upper bound should return 1&quot;, 1, rangeN.getUpperBound(), .000000001d);&#13;&#10;&#13;&#10;}&#13;&#10;&#13;&#10;// Test has a failure, the upper bound is not returned&#13;&#10;&#13;&#10;// Test passes for the value of the lower bound&#13;&#10;&#13;&#10;&#13;&#10;@Test&#13;&#10;&#13;&#10;public void testZeroForUpperBound() { // Upper bound being at 0&#13;&#10;&#13;&#10;assertEquals(&quot;The value of upper bound should return 0&quot;, 0, rangeZ.getUpperBound(), .000000001d);&#13;&#10;&#13;&#10;}&#13;&#10;&#13;&#10;// Test passes only because lower bound == upper bound == 0&#13;&#10;&#13;&#10;&#13;&#10;@Test&#13;&#10;&#13;&#10;public void testPositiveNumberForUpperBound() { // Upper bound being a positive number&#13;&#10;&#13;&#10;assertEquals(&quot;The value of upper bound should return 10&quot;, 10, rangeP.getUpperBound(), .000000001d);&#13;&#10;&#13;&#10;}&#13;&#10;&#13;&#10;// Test has a failure, the upper bound is not returned&#13;&#10;&#13;&#10;// Test passes for the value of the lower bound&#13;&#10;&#13;&#10;&#13;&#10;@Test&#13;&#10;&#13;&#10;public void testDoubleForUpperBound() { // Upper bound being a double&#13;&#10;&#13;&#10;assertEquals(&quot;The value of upper bound should return 5.0&quot;, 5.0, rangeDoub.getUpperBound(), .000000001d);&#13;&#10;&#13;&#10;}&#13;&#10;&#13;&#10;// Test has a failure, the upper bound is not returned&#13;&#10;&#13;&#10;// Test passes for the value of the lower bound&#13;&#10;&#13;&#10;&#13;&#10;&#13;&#10;&#13;&#10;&#13;&#10;// shift(Range base, double delta, boolean allowZeroCrossing)&#13;&#10;&#13;&#10;&#13;&#10;//should pass&#13;&#10;&#13;&#10;@Test&#13;&#10;&#13;&#10;public void testingPositiveToZeroWithTrue() {&#13;&#10;&#9;Range origRange = new Range(3.0, 3.0);&#13;&#10;&#9;Range rangeShift = Range.shift(origRange, -3.0, true);&#13;&#10;  Range expected = new Range(0.0, 0.0);&#13;&#10;  assertTrue(&quot;A shift of -3 should return a range of (0, 0)&quot;,&#13;&#10;          rangeShift.equals(expected));&#13;&#10;&#9;&#13;&#10;}&#13;&#10;&#13;&#10;//should pass&#13;&#10;&#13;&#10;@Test&#13;&#10;&#13;&#10;public void testingPositiveToZeroWithFalse() {&#13;&#10;&#9;Range origRange = new Range(3.0, 3.0);&#13;&#10;&#9;Range rangeShift = Range.shift(origRange, -3.0, false);&#13;&#10;Range expected = new Range(0.0, 0.0);&#13;&#10;assertTrue(&quot;A shift of -3 should return a range of (0, 0)&quot;,&#13;&#10;        rangeShift.equals(expected));&#13;&#10;&#9;&#13;&#10;}&#13;&#10;&#13;&#10;//should pass&#13;&#10;&#13;&#10;@Test&#13;&#10;&#13;&#10;public void testingPositiveToNegativeWithTrue() {&#13;&#10;&#9;Range origRange = new Range(3.0, 3.0);&#13;&#10;&#9;Range rangeShift = Range.shift(origRange, -5.0, true);&#13;&#10;    Range expected = new Range(-2.0, -2.0);&#13;&#10;    assertTrue(&quot;A shift of -5 should return a range of (0, 0)&quot;,&#13;&#10;            rangeShift.equals(expected));&#13;&#10;&#9;&#13;&#10;}&#13;&#10;&#13;&#10;// should fail&#13;&#10;&#13;&#10;@Test&#13;&#10;&#13;&#10;&#13;&#10;public void testingPositiveToNegativeWithFalse() {&#13;&#10;&#9;Range origRange = new Range(3.0, 3.0);&#13;&#10;&#9;Range rangeShift = Range.shift(origRange, -5.0, false);&#13;&#10;    Range expected = new Range(-2.0, -2.0);&#13;&#10;    assertTrue(&quot;A shift of -5 should return a range of (0, 0)&quot;,&#13;&#10;            rangeShift.equals(expected));&#13;&#10;&#9;&#13;&#10;}&#13;&#10;&#13;&#10;//should pass&#13;&#10;&#13;&#10;@Test&#13;&#10;&#13;&#10;&#13;&#10;public void testingPositiveToNegativeWithFalseAndZero() {&#13;&#10;&#9;Range origRange = new Range(3.0, 3.0);&#13;&#10;&#9;Range rangeShift = Range.shift(origRange, -5.0, false);&#13;&#10; Range expected = new Range(0.0, 0.0);&#13;&#10; assertTrue(&quot;A shift of -5 should return a range of (0, 0)&quot;,&#13;&#10;         rangeShift.equals(expected));&#13;&#10;&#9;&#13;&#10;}&#13;&#10;&#13;&#10;//should pass&#13;&#10;&#13;&#10;@Test&#13;&#10;&#13;&#10;public void testingPositiveToPositiveWithTrue() {&#13;&#10;&#9;Range origRange = new Range(3.4, 3.7);&#13;&#10;&#9;Range rangeShift = Range.shift(origRange, 5.0, true);&#13;&#10;    Range expected = new Range(8.4, 8.7);&#13;&#10;    assertTrue(&quot;A shift of 5 should return a range of (8.4, 8.7)&quot;,&#13;&#10;            rangeShift.equals(expected));&#13;&#10;&#9;&#13;&#10;}&#13;&#10;&#13;&#10;//should fail&#13;&#10;&#13;&#10;@Test&#13;&#10;&#13;&#10;public void testingPositiveToPositiveWithTrueWrongAnswer() {&#13;&#10;&#9;Range origRange = new Range(3.4, 3.7);&#13;&#10;&#9;Range rangeShift = Range.shift(origRange, 5.0, true);&#13;&#10;  Range expected = new Range(8.4, 8.9);&#13;&#10;  assertTrue(&quot;A shift of 5 should return a range of (8.4, 8.7)&quot;,&#13;&#10;          rangeShift.equals(expected));&#13;&#10;&#9;&#13;&#10;}&#13;&#10;&#13;&#10;//should fail&#13;&#10;&#13;&#10;@Test&#13;&#10;&#13;&#10;public void testingNegativeToPositiveWithFalse() {&#13;&#10;&#9;Range origRange = new Range(-3.0, -2.0);&#13;&#10;&#9;Range rangeShift = Range.shift(origRange, 5.0, false);&#13;&#10;  Range expected = new Range(2.0, 3.0);&#13;&#10;  assertTrue(&quot;A shift of 5 should return a range of (0, 0)&quot;,&#13;&#10;          rangeShift.equals(expected));&#13;&#10;&#9;&#13;&#10;}&#13;&#10;&#13;&#10;//should pass&#13;&#10;&#13;&#10;@Test&#13;&#10;&#13;&#10;public void testingNegativeToPositiveWithTrue() {&#13;&#10;&#9;Range origRange = new Range(-3.0, -2.0);&#13;&#10;&#9;Range rangeShift = Range.shift(origRange, 5.0, true);&#13;&#10;&#9;Range expected = new Range(2.0, 3.0);&#13;&#10;&#9;assertTrue(&quot;A shift of 5 should return a range of (2, 3)&quot;,&#13;&#10;        rangeShift.equals(expected));&#13;&#10;&#9;&#13;&#10;}&#13;&#10;&#13;&#10;//should pass&#13;&#10;&#13;&#10;@Test&#13;&#10;&#13;&#10;public void testingNegativeToPositiveWithTrueSplitRange() {&#13;&#10;&#9;Range origRange = new Range(-3.0, 2.0);&#13;&#10;&#9;Range rangeShift = Range.shift(origRange, 5.0, true);&#13;&#10;Range expected = new Range(2.0, 7.0);&#13;&#10;assertTrue(&quot;A shift of 5 should return a range of (2, 7)&quot;,&#13;&#10;      rangeShift.equals(expected));&#13;&#10;&#9;&#13;&#10;}&#13;&#10;&#13;&#10;//should fail&#13;&#10;&#13;&#10;@Test&#13;&#10;&#13;&#10;public void testingNegativeToPositiveWithFalseSplitRange() {&#13;&#10;&#9;Range origRange = new Range(-3.0, 2.0);&#13;&#10;&#9;Range rangeShift = Range.shift(origRange, 5.0, false);&#13;&#10;Range expected = new Range(2.0, 7.0);&#13;&#10;assertTrue(&quot;A shift of 5 should return a range of (0, 7)&quot;,&#13;&#10;    rangeShift.equals(expected));&#13;&#10;&#9;&#13;&#10;}&#13;&#10;&#13;&#10;// should pass&#13;&#10;&#13;&#10;@Test&#13;&#10;&#13;&#10;public void testingNegativeToPositiveWithFalseSplitRangeCorrectAnswer() {&#13;&#10;&#9;Range origRange = new Range(-3.0, 2.0);&#13;&#10;&#9;Range rangeShift = Range.shift(origRange, 5.0, false);&#13;&#10;Range expected = new Range(0.0, 7.0);&#13;&#10;assertTrue(&quot;A shift of 0 should return a range of (0.0, 7.0)&quot;,&#13;&#10;    rangeShift.equals(expected));&#13;&#10;&#9;&#13;&#10;}&#13;&#10;&#13;&#10;&#13;&#10;//should fail&#13;&#10;&#13;&#10;@Test&#13;&#10;&#13;&#10;public void testingPositiveToPositiveWithFalseWrongAnswer() {&#13;&#10;&#9;Range origRange = new Range(3.4, 3.7);&#13;&#10;&#9;Range rangeShift = Range.shift(origRange, 5.0, false);&#13;&#10;Range expected = new Range(8.4, 8.9);&#13;&#10;assertTrue(&quot;A shift of 0 should return a range of (8.4, 8.7)&quot;,&#13;&#10;        rangeShift.equals(expected));&#13;&#10;&#9;&#13;&#10;}&#13;&#10;&#13;&#10;//should pass&#13;&#10;&#13;&#10;@Test&#13;&#10;&#13;&#10;public void testingPositiveToPositiveWithFalseCorrectAnswer() {&#13;&#10;&#9;Range origRange = new Range(3.4, 3.7);&#13;&#10;&#9;Range rangeShift = Range.shift(origRange, 5.3, false);&#13;&#10;Range expected = new Range(8.7, 9.0);&#13;&#10;assertTrue(&quot;A shift of 5.3 should return a range of (8.7, 9.0)&quot;,&#13;&#10;      rangeShift.equals(expected));&#13;&#10;&#9;&#13;&#10;}&#13;&#10;&#13;&#10;&#13;&#10;@Test(expected = IllegalArgumentException.class)&#13;&#10;public void shiftTestWithNullRange() {&#13;&#10;    Range.shift(null, -3, true);&#13;&#10;}&#13;&#10;&#13;&#10;&#13;&#10;//shift(Range base, double delta)&#13;&#10;&#13;&#10;//should pass&#13;&#10;&#13;&#10;@Test&#13;&#10;&#13;&#10;public void testingPositiveToPositive() {&#13;&#10;&#9;Range origRange = new Range(3.4, 3.7);&#13;&#10;&#9;Range rangeShift = Range.shift(origRange, 5.3);&#13;&#10;Range expected = new Range(8.7, 9.0);&#13;&#10;assertTrue(&quot;A shift of 5.3 should return a range of (8.7, 9.0)&quot;,&#13;&#10;    rangeShift.equals(expected));&#13;&#10;&#9;&#13;&#10;}&#13;&#10;&#13;&#10;// should pass &#13;&#10;&#13;&#10;@Test&#13;&#10;&#13;&#10;public void testingPositiveToNegative() {&#13;&#10;&#9;Range origRange = new Range(3.4, 3.7);&#13;&#10;&#9;Range rangeShift = Range.shift(origRange, -5.3);&#13;&#10;Range expected = new Range(0.0, 0.0);&#13;&#10;assertTrue(&quot;A shift of -5.3 should return a range of (0 ,0)&quot;,&#13;&#10;    rangeShift.equals(expected));&#13;&#10;&#9;&#13;&#10;}&#13;&#10;&#13;&#10;//should pass&#13;&#10;&#13;&#10;@Test&#13;&#10;&#13;&#10;public void testingPositiveToNegativeSplit() {&#13;&#10;&#9;Range origRange = new Range(-3.4, 3.7);&#13;&#10;&#9;Range rangeShift = Range.shift(origRange, -5.3);&#13;&#10;Range expected = new Range(-8.7, 0.0);&#13;&#10;assertTrue(&quot;A shift of -5.3 should return a range of (-8.7, 0.0)&quot;,&#13;&#10; rangeShift.equals(expected));&#13;&#10;&#9;&#13;&#10;}&#13;&#10;&#13;&#10;//should fail&#13;&#10;&#13;&#10;@Test&#13;&#10;&#13;&#10;public void testingPositiveToNegativeSplit1() {&#13;&#10;&#9;Range origRange = new Range(3.4, 3.7);&#13;&#10;&#9;Range rangeShift = Range.shift(origRange, -5.3);&#13;&#10;Range expected = new Range(-1.9, -1.6);&#13;&#10;assertTrue(&quot;A shift of -5.3 should return a range of (0, 0)&quot;,&#13;&#10;rangeShift.equals(expected));&#13;&#10;&#9;&#13;&#10;}&#13;&#10;&#13;&#10;//should fail &#13;&#10;&#13;&#10;@Test&#13;&#10;&#13;&#10;public void testingNegativeToPositive() {&#13;&#10;&#9;Range origRange = new Range(-3.4, -3.1);&#13;&#10;&#9;Range rangeShift = Range.shift(origRange, 5.3);&#13;&#10;Range expected = new Range(1.9, 2.2);&#13;&#10;assertTrue(&quot;A shift of 5.3 should return a range of (0, 0)&quot;,&#13;&#10;rangeShift.equals(expected));&#13;&#10;&#9;&#13;&#10;}&#13;&#10;&#13;&#10;//should pass&#13;&#10;&#13;&#10;@Test&#13;&#10;&#13;&#10;public void testingNegativeToPositiveWithCorrectAnswer() {&#13;&#10;&#9;Range origRange = new Range(-3.4, -3.1);&#13;&#10;&#9;Range rangeShift = Range.shift(origRange, 5.3);&#13;&#10;Range expected = new Range(0, 0);&#13;&#10;assertTrue(&quot;A shift of 5.3 should return a range of (0, 0)&quot;,&#13;&#10;rangeShift.equals(expected));&#13;&#10;&#9;&#13;&#10;}&#13;&#10;&#13;&#10;//should pass&#13;&#10;&#13;&#10;@Test&#13;&#10;&#13;&#10;public void testingNegativeToPositiveWithCorrectAnswerSplit() {&#13;&#10;&#9;Range origRange = new Range(-3.4, 3.7);&#13;&#10;&#9;Range rangeShift = Range.shift(origRange, 5.3);&#13;&#10;Range expected = new Range(0, 9);&#13;&#10;assertTrue(&quot;A shift of 5.3 should return a range of (0, 9)&quot;,&#13;&#10;rangeShift.equals(expected));&#13;&#10;&#9;&#13;&#10;}&#13;&#10;&#13;&#10;//should fail&#13;&#10;&#13;&#10;@Test&#13;&#10;&#13;&#10;public void testingNegativeToPositiveWithWrongAnswerSplit1() {&#13;&#10;&#9;Range origRange = new Range(-3.4, 3.7);&#13;&#10;&#9;Range rangeShift = Range.shift(origRange, 5.3);&#13;&#10;Range expected = new Range(1.9, 9);&#13;&#10;assertTrue(&quot;A shift of 5.3 should return a range of (0, 9)&quot;,&#13;&#10;rangeShift.equals(expected));&#13;&#10;&#9;&#13;&#10;}&#13;&#10;&#13;&#10;//should pass&#13;&#10;&#13;&#10;@Test&#13;&#10;&#13;&#10;public void testingNegativeToZero() {&#13;&#10;&#9;Range origRange = new Range(-4.0, -4.0);&#13;&#10;&#9;Range rangeShift = Range.shift(origRange, 4.0);&#13;&#10;Range expected = new Range(0, 0);&#13;&#10;assertTrue(&quot;A shift of 4 should return a range of (0, 0)&quot;,&#13;&#10;rangeShift.equals(expected));&#13;&#10;&#9;&#13;&#10;}&#13;&#10;&#13;&#10;//should pass&#13;&#10;&#13;&#10;@Test&#13;&#10;&#13;&#10;public void testingPositiveToZero() {&#13;&#10;&#9;Range origRange = new Range(4.0, 4.0);&#13;&#10;&#9;Range rangeShift = Range.shift(origRange, -4.0);&#13;&#10;Range expected = new Range(0, 0);&#13;&#10;assertTrue(&quot;A shift of -4 should return a range of (0, 0)&quot;,&#13;&#10;rangeShift.equals(expected));&#13;&#10;&#9;&#13;&#10;}&#13;&#10;&#13;&#10;&#13;&#10;// should pass&#13;&#10;&#13;&#10;@Test(expected = IllegalArgumentException.class)&#13;&#10;public void shiftTestWithNullRange1() {&#13;&#10;    Range.shift(null, -3 );&#13;&#10;}&#13;&#10;&#13;&#10;&#13;&#10;// toString() Tests&#13;&#10;&#13;&#10;&#13;&#10;// should pass &#13;&#10;&#13;&#10;@Test&#13;&#10;public void NegativeAndPositive() {&#13;&#10;&#9;Range range = new Range(-3.4, 4.1);&#13;&#10;&#9;String actual = range.toString();&#13;&#10;&#9;assertEquals(&quot;The string should match Range[-3.4,4.1]&quot;, &quot;Range[-3.4,4.1]&quot;, actual);&#13;&#10;}&#13;&#10;&#13;&#10;// should pass&#13;&#10;&#13;&#10;@Test&#13;&#10;public void PositiveAndPositive() {&#13;&#10;&#9;Range range = new Range(3.0, 5.0);&#13;&#10;&#9;String actual = range.toString();&#13;&#10;&#9;assertEquals(&quot;The string should match Range[3.0,5.0]&quot;, &quot;Range[3.0,5.0]&quot;, actual);&#13;&#10;}&#13;&#10;&#13;&#10;//should pass&#13;&#10;&#13;&#10;@Test&#13;&#10;public void NegativeAndNegative() {&#13;&#10;&#9;Range range = new Range(-8.2, -1.1);&#13;&#10;&#9;String actual = range.toString();&#13;&#10;&#9;assertEquals(&quot;The string should match Range[-8.2,-1.1]&quot;, &quot;Range[-8.2,-1.1]&quot;, actual);&#13;&#10;}&#13;&#10;&#13;&#10;//should pass&#13;&#10;&#13;&#10;@Test&#13;&#10;public void ZeroAndZero() {&#13;&#10;&#9;Range range = new Range(0.0, 0.0);&#13;&#10;&#9;String actual = range.toString();&#13;&#10;&#9;assertEquals(&quot;The string should match Range[0.0,0.0]&quot;, &quot;Range[0.0,0.0]&quot;, actual);&#13;&#10;}&#13;&#10;&#13;&#10;//should fail&#13;&#10;&#13;&#10;@Test&#13;&#10;public void WrongStringFormatGap() {&#13;&#10;&#9;Range range = new Range(0.0, 0.0);&#13;&#10;&#9;String actual = range.toString();&#13;&#10;&#9;assertEquals(&quot;The string should match Range[0.0,0.0]&quot;, &quot;Range[0.0, 0.0]&quot;, actual);&#13;&#10;}&#13;&#10;&#13;&#10;//should fail&#13;&#10;&#13;&#10;@Test&#13;&#10;public void WrongStringFormatSpelling() {&#13;&#10;&#9;Range range = new Range(0.0, 0.0);&#13;&#10;&#9;String actual = range.toString();&#13;&#10;&#9;assertEquals(&quot;The string should match Range[0.0,0.0]&quot;, &quot;Ran[0.0, 0.0]&quot;, actual);&#13;&#10;}&#13;&#10;&#13;&#10;&#13;&#10;// intersects() Tests&#13;&#10;&#13;&#10;// should pass&#13;&#10;&#13;&#10;@Test&#13;&#10;public void intersectRangeRightSide() {&#13;&#10;    &#13;&#10;&#9;Range orig = new Range(-2, 3);&#13;&#10;&#9;Range test = new Range(-8, 0);&#13;&#10;&#9;&#13;&#10;&#9;assertTrue(orig.intersects(test));&#13;&#10;}&#13;&#10;&#13;&#10;// should pass&#13;&#10;&#13;&#10;@Test&#13;&#10;public void intersectRangeLeftSide() {&#13;&#10;    &#13;&#10;&#9;Range orig = new Range(-2, 3);&#13;&#10;&#9;Range test = new Range(-1, 5);&#13;&#10;&#9;&#13;&#10;&#9;assertTrue(orig.intersects(test));&#13;&#10;}&#13;&#10;&#13;&#10;&#13;&#10;//should pass&#13;&#10;&#13;&#10;@Test&#13;&#10;public void intersectRangeBothSides() {&#13;&#10; &#13;&#10;&#9;Range orig = new Range(-2, 3);&#13;&#10;&#9;Range test = new Range(0, 2);&#13;&#10;&#9;&#13;&#10;&#9;assertTrue(orig.intersects(test));&#13;&#10;}&#13;&#10;&#13;&#10;&#13;&#10;&#13;&#10;//should pass&#13;&#10;&#13;&#10;&#13;&#10;@Test&#13;&#10;public void intersectRangeFloatRightSide() {&#13;&#10;&#9;Range orig = new Range(-1.9, 3);&#13;&#10;&#9;Range test = new Range(-3, -1.7);&#13;&#10;&#9;&#13;&#10;&#9;assertTrue(orig.intersects(test));&#13;&#10;}&#13;&#10;&#13;&#10;//should pass&#13;&#10;&#13;&#10;@Test&#13;&#10;public void intersectRangeFloatLeftSide() {&#13;&#10;&#9;Range orig = new Range(-2, 2.9);&#13;&#10;&#9;Range test = new Range(2.8, 8);&#13;&#10;&#9;&#13;&#10;&#9;assertTrue(orig.intersects(test));&#13;&#10;}&#13;&#10;&#13;&#10;&#13;&#10;&#13;&#10;// getCenteralValue() Tests&#13;&#10;&#13;&#10;// should pass&#13;&#10;&#13;&#10;@Test&#13;&#10;public void centeralValueCorrectNegativeNegative() {&#13;&#10;&#9;Range orig = new Range(-2, -1);&#13;&#10;    assertEquals(&quot;The centeral value should be -1.5&quot;,&#13;&#10;    -1.5, orig.getCentralValue(), .000000001d);&#13;&#10;}&#13;&#10;&#13;&#10;// should pass&#13;&#10;&#13;&#10;@Test&#13;&#10;public void centeralValueCorrectNegativePositive() {&#13;&#10;&#9;Range orig = new Range(-2, 3);&#13;&#10;    assertEquals(&quot;The centeral value should be 0.5&quot;,&#13;&#10;    0.5, orig.getCentralValue(), .000000001d);&#13;&#10;}&#13;&#10;&#13;&#10;//should pass&#13;&#10;&#13;&#10;@Test&#13;&#10;public void centeralValueCorrectPositivePositive() {&#13;&#10;&#9;Range orig = new Range(2.5, 2.9);&#13;&#10; assertEquals(&quot;The centeral value should be 2.7&quot;,&#13;&#10; 2.7, orig.getCentralValue(), .000000001d);&#13;&#10;}&#13;&#10;&#13;&#10;//should fail&#13;&#10;&#13;&#10;@Test&#13;&#10;public void centeralValueWrongPositivePositive() {&#13;&#10;&#9;Range orig = new Range(2.5, 2.9);&#13;&#10;assertEquals(&quot;The centeral value should be 2.7&quot;,&#13;&#10;2.6, orig.getCentralValue(), .000000001d);&#13;&#10;}&#13;&#10;&#13;&#10;//should fail&#13;&#10;&#13;&#10;@Test&#13;&#10;public void centeralValueWrongNegativeNegative() {&#13;&#10;&#9;Range orig = new Range(-2, -1);&#13;&#10; assertEquals(&quot;The centeral value should be -1.5&quot;,&#13;&#10; -1.9, orig.getCentralValue(), .000000001d);&#13;&#10;}&#13;&#10;&#13;&#10;//should fail&#13;&#10;&#13;&#10;@Test&#13;&#10;public void centeralValueWrongNegativePositive() {&#13;&#10;&#9;Range orig = new Range(-2, 3);&#13;&#10; assertEquals(&quot;The centeral value should be 0.5&quot;,&#13;&#10; 0.0, orig.getCentralValue(), .000000001d);&#13;&#10;}&#13;&#10;&#13;&#10;// expandToInclude() Tests&#13;&#10;&#13;&#10;// should pass&#13;&#10;&#13;&#10;@Test&#13;&#10;public void expandToIncludeLeftSideCorrect() {&#13;&#10;&#9;Range orig = new Range(-1, 1);&#13;&#10;    assertEquals(&quot;New Range should be (-10, 1)&quot;, new Range(-10, 1),&#13;&#10;            Range.expandToInclude(orig, -10));&#13;&#10;}&#13;&#10;&#13;&#10;//should pass&#13;&#10;&#13;&#10;@Test&#13;&#10;public void expandToIncludeRightSideCorrect() {&#13;&#10;&#9;Range orig = new Range(-1, 1);&#13;&#10;&#9;assertEquals(&quot;New Range should be (-1, 2.9)&quot;, new Range(-1, 2.9),&#13;&#10;          Range.expandToInclude(orig, 2.9));&#13;&#10;}&#13;&#10;&#13;&#10;//should pass&#13;&#10;&#13;&#10;@Test&#13;&#10;public void NoNeedToExpandToIncludeCorrect() {&#13;&#10;&#9;Range orig = new Range(-1, 1);&#13;&#10;&#9;assertEquals(&quot;New Range should be (-1.0, 1.0)&quot;, new Range(-1.0, 1.0),&#13;&#10;        Range.expandToInclude(orig, 0.3));&#13;&#10;}&#13;&#10;&#13;&#10;//should fail&#13;&#10;&#13;&#10;@Test&#13;&#10;public void expandToIncludeRightSideWrong() {&#13;&#10;&#9;Range orig = new Range(-1, 1);&#13;&#10;&#9;assertEquals(&quot;New Range should be (-1, 7)&quot;, new Range(-1, 6),&#13;&#10;      Range.expandToInclude(orig, 7));&#13;&#10;}&#13;&#10;&#13;&#10;//should fail&#13;&#10;&#13;&#10;@Test&#13;&#10;public void expandToIncludeLeftSideWrong() {&#13;&#10;&#9;Range orig = new Range(-1, 1);&#13;&#10;&#9;assertEquals(&quot;New Range should be (-3, 1)&quot;, new Range(-2, 1),&#13;&#10;    Range.expandToInclude(orig, -3));&#13;&#10;}&#13;&#10;&#13;&#10;//should pass&#13;&#10;&#13;&#10;@Test&#13;&#10;public void expandToIncludeLeftSideSame() {&#13;&#10;&#9;Range orig = new Range(-1, 1);&#13;&#10;assertEquals(&quot;New Range should be (-1, 1)&quot;, new Range(-1, 1),&#13;&#10;  Range.expandToInclude(orig, -1));&#13;&#10;}&#13;&#10;&#13;&#10;//should pass&#13;&#10;&#13;&#10;@Test&#13;&#10;public void expandToIncludeRightSideSame() {&#13;&#10;&#9;Range orig = new Range(-1, 1);&#13;&#10;assertEquals(&quot;New Range should be (-1, 1)&quot;, new Range(-1, 1),&#13;&#10;Range.expandToInclude(orig, 1));&#13;&#10;}&#13;&#10;&#13;&#10;&#13;&#10;// expand test&#13;&#10;&#13;&#10;@Test&#13;&#10;public void expandUsingZeroMarginsTest() {&#13;&#10;&#9;range1 = new Range(12, 32);&#13;&#10;&#9;range2 = new Range(13, 20);&#13;&#10;&#9;assertEquals(&quot;Used expand with 0 on both ranges but the range changed.&quot;, Range.expand(range1, 0, 0), range2);&#13;&#10;}&#13;&#10;&#13;&#10;//if null range object is used&#13;&#10;@Test&#13;&#10;public void nullRange() {&#13;&#10;&#9;try {&#13;&#10;&#9;&#9;Range.expand(null,0.2,0.5);&#13;&#10;&#9;&#9;fail(&quot;InvalidParameterException was not used&quot;);&#13;&#10;&#9;}&#13;&#10;&#9;catch(Exception e) {&#13;&#10;&#9;&#9;assertEquals(&quot;Did not use InvalidParameterException&quot;, IllegalArgumentException.class, e.getClass());&#13;&#10;&#9;}&#13;&#10;}&#13;&#10;&#13;&#10;&#13;&#10;// Equals test&#13;&#10;//if two upper boundaries are same but the lower boundaries are different &#13;&#10;@Test&#13;&#10;public void sameUpperBoundary() {&#13;&#10;&#9;assertEquals(&quot;Testing two Range objects with the same upper boundary but different lower boundaries&quot;, false, range.equals(new Range(20, 50)));&#13;&#10;}&#13;&#10;&#9;&#13;&#10;//if two lower boundaries are same but the upper boundaries are different &#13;&#10;@Test&#13;&#10;public void  sameLowerBoundary() {&#13;&#10;&#9;assertEquals(&quot;Testing two Range objects with the same lower boundary but different upper boundaries&quot;, false, range.equals(new Range(10, 40)));&#13;&#10;}&#13;&#10;&#9;&#13;&#10;//if two different objects with different ranges are equal&#13;&#10;@Test&#13;&#10;public void diffRanges() {&#13;&#10;&#9;assertEquals(&quot;Testing object with two different ranges&quot;, false, range.equals(new Range(30, 70)));&#13;&#10;}&#13;&#10;&#9;&#13;&#10;//is two different objects with same ranges are equal&#13;&#10;@Test&#13;&#10;public void sameRanges() {&#13;&#10;&#9;assertEquals(&quot;Testing object with two same ranges&quot;, true, range.equals(new Range(10, 50)));&#13;&#10;}&#13;&#10;&#9;&#13;&#10;//if null is used&#13;&#10;@Test&#13;&#10;public void nullRangeEquals() {&#13;&#10;&#9;assertEquals(&quot;Testing a null range object&quot;, false, range.equals(null));&#13;&#10;}&#13;&#10;&#13;&#10;//contain Tests&#13;&#10;&#13;&#10;//if the lower boundary is in the range &#13;&#10;@Test&#13;&#10;public void inLowerBoundary() {&#13;&#10;&#9;assertTrue(&quot;The lower boundary is out of the range&quot;, this.rangeC.contains(5));&#13;&#10;}&#13;&#10;&#9;&#13;&#10;//if the upper boundary is in the range &#13;&#10;@Test&#13;&#10;public void inUpperBoundary() {&#13;&#10;&#9;assertTrue(&quot;The upper Bound is out of the range&quot;, this.rangeC.contains(20));&#13;&#10;}&#13;&#10;&#9;&#13;&#10;//number in between the range&#13;&#10;@Test&#13;&#10;public void numberInRange() {&#13;&#10;&#9;assertTrue(&quot;The number is out of the range&quot;, this.rangeC.contains(10));&#13;&#10;}&#13;&#10;&#13;&#10;&#13;&#10;@After&#13;&#10;&#13;&#10;public void tearDown() throws Exception {&#13;&#10;&#13;&#10;}&#13;&#10;&#13;&#10;@AfterClass&#13;&#10;&#13;&#10;public static void tearDownAfterClass() throws Exception {&#13;&#10;&#13;&#10;}&#13;&#10;&#13;&#10;}" Filename="RangeTest.java" Intrnl_Id="2"/>
    </SrcFileList>
    <CritList>
        <CritListEntry Name="org.codecover.model.utils.criteria.LoopCoverage" PluginName="org.codecover"/>
        <CritListEntry Name="org.codecover.model.utils.criteria.QMOCoverage" PluginName="org.codecover"/>
        <CritListEntry Name="org.codecover.model.utils.criteria.ConditionCoverage" PluginName="org.codecover"/>
        <CritListEntry Name="org.codecover.model.utils.criteria.BranchCoverage" PluginName="org.codecover"/>
        <CritListEntry Name="org.codecover.model.utils.criteria.SynchronizedStatementCoverage" PluginName="org.codecover"/>
        <CritListEntry Name="org.codecover.model.utils.criteria.StatementCoverage" PluginName="org.codecover"/>
    </CritList>
    <BoolOpList/>
    <HierarchyLvlTypeList>
        <HierarchyLvlType EnglishName="package" IntrnlName="package" Intrnl_Id="3"/>
        <HierarchyLvlType EnglishName="anonymous class" IntrnlName="class" Intrnl_Id="4"/>
        <HierarchyLvlType EnglishName="method" IntrnlName="method" Intrnl_Id="5"/>
        <HierarchyLvlType EnglishName="class" IntrnlName="class" Intrnl_Id="6"/>
        <HierarchyLvlType EnglishName="default package" IntrnlName="default package" Intrnl_Id="7"/>
    </HierarchyLvlTypeList>
    <MASTRoot>
        <HierarchyLvl HierarchyLvlId="4159" HierarchyLvlTypeId="7" Intrnl_Id="8" Name="default package">
            <Header/>
            <LocList/>
            <HierarchyLvl HierarchyLvlId="4158" HierarchyLvlTypeId="3" Intrnl_Id="9" Name="org">
                <Header/>
                <LocList/>
                <HierarchyLvl HierarchyLvlId="4157" HierarchyLvlTypeId="3" Intrnl_Id="10" Name="jfree">
                    <Header/>
                    <LocList/>
                    <HierarchyLvl HierarchyLvlId="4156" HierarchyLvlTypeId="3" Intrnl_Id="11" Name="data">
                        <Header/>
                        <LocList/>
                        <HierarchyLvl HierarchyLvlId="4155" HierarchyLvlTypeId="3" Intrnl_Id="12" Name="test">
                            <Header/>
                            <LocList/>
                            <HierarchyLvl HierarchyLvlId="4067" HierarchyLvlTypeId="6" Intrnl_Id="13" Name="DataUtilitesTest">
                                <Header>
                                    <Loc EndOffset="475" SrcFileId="1" StartOffset="424"/>
                                </Header>
                                <LocList>
                                    <Loc EndOffset="17587" SrcFileId="1" StartOffset="424"/>
                                </LocList>
                                <HierarchyLvl HierarchyLvlId="4025" HierarchyLvlTypeId="5" Intrnl_Id="14" Name="setUpBeforeClass">
                                    <Header>
                                        <Loc EndOffset="611" SrcFileId="1" StartOffset="542"/>
                                    </Header>
                                    <LocList>
                                        <Loc EndOffset="617" SrcFileId="1" StartOffset="542"/>
                                    </LocList>
                                </HierarchyLvl>
                                <HierarchyLvl HierarchyLvlId="4026" HierarchyLvlTypeId="5" Intrnl_Id="15" Name="setUp">
                                    <Header>
                                        <Loc EndOffset="669" SrcFileId="1" StartOffset="623"/>
                                    </Header>
                                    <LocList>
                                        <Loc EndOffset="772" SrcFileId="1" StartOffset="623"/>
                                    </LocList>
                                    <StmntSeq Intrnl_Id="16">
                                        <LocList>
                                            <Loc EndOffset="707" SrcFileId="1" StartOffset="676"/>
                                            <Loc EndOffset="760" SrcFileId="1" StartOffset="715"/>
                                        </LocList>
                                        <BasicStmnt CovItemId="S1" CovItemPrefix="org.jfree.data.test.DataUtilitesTest.java" Intrnl_Id="17">
                                            <LocList>
                                                <Loc EndOffset="707" SrcFileId="1" StartOffset="676"/>
                                            </LocList>
                                        </BasicStmnt>
                                        <BasicStmnt CovItemId="S2" CovItemPrefix="org.jfree.data.test.DataUtilitesTest.java" Intrnl_Id="18">
                                            <LocList>
                                                <Loc EndOffset="760" SrcFileId="1" StartOffset="715"/>
                                            </LocList>
                                        </BasicStmnt>
                                    </StmntSeq>
                                </HierarchyLvl>
                                <HierarchyLvl HierarchyLvlId="4028" HierarchyLvlTypeId="5" Intrnl_Id="19" Name="calculateColumnTotalForThreeRows">
                                    <Header>
                                        <Loc EndOffset="925" SrcFileId="1" StartOffset="871"/>
                                    </Header>
                                    <LocList>
                                        <Loc EndOffset="1562" SrcFileId="1" StartOffset="871"/>
                                    </LocList>
                                    <StmntSeq Intrnl_Id="20">
                                        <LocList>
                                            <Loc EndOffset="984" SrcFileId="1" StartOffset="960"/>
                                            <Loc EndOffset="1369" SrcFileId="1" StartOffset="1367"/>
                                            <Loc EndOffset="1456" SrcFileId="1" StartOffset="1394"/>
                                            <Loc EndOffset="1513" SrcFileId="1" StartOffset="1479"/>
                                        </LocList>
                                        <BasicStmnt CovItemId="S3" CovItemPrefix="org.jfree.data.test.DataUtilitesTest.java" Intrnl_Id="21">
                                            <LocList>
                                                <Loc EndOffset="984" SrcFileId="1" StartOffset="960"/>
                                                <Loc EndOffset="1369" SrcFileId="1" StartOffset="1367"/>
                                            </LocList>
                                        </BasicStmnt>
                                        <BasicStmnt CovItemId="S12" CovItemPrefix="org.jfree.data.test.DataUtilitesTest.java" Intrnl_Id="22">
                                            <LocList>
                                                <Loc EndOffset="1456" SrcFileId="1" StartOffset="1394"/>
                                            </LocList>
                                        </BasicStmnt>
                                        <BasicStmnt CovItemId="S13" CovItemPrefix="org.jfree.data.test.DataUtilitesTest.java" Intrnl_Id="23">
                                            <LocList>
                                                <Loc EndOffset="1513" SrcFileId="1" StartOffset="1479"/>
                                            </LocList>
                                        </BasicStmnt>
                                    </StmntSeq>
                                    <HierarchyLvl HierarchyLvlId="4027" HierarchyLvlTypeId="4" Intrnl_Id="24" Name="Expectations">
                                        <Header>
                                            <Loc EndOffset="1002" SrcFileId="1" StartOffset="988"/>
                                        </Header>
                                        <LocList>
                                            <Loc EndOffset="1367" SrcFileId="1" StartOffset="984"/>
                                        </LocList>
                                        <StmntSeq Intrnl_Id="25">
                                            <LocList>
                                                <Loc EndOffset="1057" SrcFileId="1" StartOffset="1031"/>
                                                <Loc EndOffset="1093" SrcFileId="1" StartOffset="1072"/>
                                                <Loc EndOffset="1135" SrcFileId="1" StartOffset="1108"/>
                                                <Loc EndOffset="1173" SrcFileId="1" StartOffset="1150"/>
                                                <Loc EndOffset="1215" SrcFileId="1" StartOffset="1188"/>
                                                <Loc EndOffset="1253" SrcFileId="1" StartOffset="1230"/>
                                                <Loc EndOffset="1295" SrcFileId="1" StartOffset="1268"/>
                                                <Loc EndOffset="1332" SrcFileId="1" StartOffset="1310"/>
                                            </LocList>
                                            <BasicStmnt CovItemId="S4" CovItemPrefix="org.jfree.data.test.DataUtilitesTest.java" Intrnl_Id="26">
                                                <LocList>
                                                    <Loc EndOffset="1057" SrcFileId="1" StartOffset="1031"/>
                                                </LocList>
                                            </BasicStmnt>
                                            <BasicStmnt CovItemId="S5" CovItemPrefix="org.jfree.data.test.DataUtilitesTest.java" Intrnl_Id="27">
                                                <LocList>
                                                    <Loc EndOffset="1093" SrcFileId="1" StartOffset="1072"/>
                                                </LocList>
                                            </BasicStmnt>
                                            <BasicStmnt CovItemId="S6" CovItemPrefix="org.jfree.data.test.DataUtilitesTest.java" Intrnl_Id="28">
                                                <LocList>
                                                    <Loc EndOffset="1135" SrcFileId="1" StartOffset="1108"/>
                                                </LocList>
                                            </BasicStmnt>
                                            <BasicStmnt CovItemId="S7" CovItemPrefix="org.jfree.data.test.DataUtilitesTest.java" Intrnl_Id="29">
                                                <LocList>
                                                    <Loc EndOffset="1173" SrcFileId="1" StartOffset="1150"/>
                                                </LocList>
                                            </BasicStmnt>
                                            <BasicStmnt CovItemId="S8" CovItemPrefix="org.jfree.data.test.DataUtilitesTest.java" Intrnl_Id="30">
                                                <LocList>
                                                    <Loc EndOffset="1215" SrcFileId="1" StartOffset="1188"/>
                                                </LocList>
                                            </BasicStmnt>
                                            <BasicStmnt CovItemId="S9" CovItemPrefix="org.jfree.data.test.DataUtilitesTest.java" Intrnl_Id="31">
                                                <LocList>
                                                    <Loc EndOffset="1253" SrcFileId="1" StartOffset="1230"/>
                                                </LocList>
                                            </BasicStmnt>
                                            <BasicStmnt CovItemId="S10" CovItemPrefix="org.jfree.data.test.DataUtilitesTest.java" Intrnl_Id="32">
                                                <LocList>
                                                    <Loc EndOffset="1295" SrcFileId="1" StartOffset="1268"/>
                                                </LocList>
                                            </BasicStmnt>
                                            <BasicStmnt CovItemId="S11" CovItemPrefix="org.jfree.data.test.DataUtilitesTest.java" Intrnl_Id="33">
                                                <LocList>
                                                    <Loc EndOffset="1332" SrcFileId="1" StartOffset="1310"/>
                                                </LocList>
                                            </BasicStmnt>
                                        </StmntSeq>
                                    </HierarchyLvl>
                                </HierarchyLvl>
                                <HierarchyLvl HierarchyLvlId="4030" HierarchyLvlTypeId="5" Intrnl_Id="34" Name="calculateColumnTotalForMutipleColumns">
                                    <Header>
                                        <Loc EndOffset="1681" SrcFileId="1" StartOffset="1622"/>
                                    </Header>
                                    <LocList>
                                        <Loc EndOffset="2700" SrcFileId="1" StartOffset="1622"/>
                                    </LocList>
                                    <StmntSeq Intrnl_Id="35">
                                        <LocList>
                                            <Loc EndOffset="1721" SrcFileId="1" StartOffset="1697"/>
                                            <Loc EndOffset="2498" SrcFileId="1" StartOffset="2496"/>
                                            <Loc EndOffset="2592" SrcFileId="1" StartOffset="2530"/>
                                            <Loc EndOffset="2651" SrcFileId="1" StartOffset="2615"/>
                                        </LocList>
                                        <BasicStmnt CovItemId="S14" CovItemPrefix="org.jfree.data.test.DataUtilitesTest.java" Intrnl_Id="36">
                                            <LocList>
                                                <Loc EndOffset="1721" SrcFileId="1" StartOffset="1697"/>
                                                <Loc EndOffset="2498" SrcFileId="1" StartOffset="2496"/>
                                            </LocList>
                                        </BasicStmnt>
                                        <BasicStmnt CovItemId="S30" CovItemPrefix="org.jfree.data.test.DataUtilitesTest.java" Intrnl_Id="37">
                                            <LocList>
                                                <Loc EndOffset="2592" SrcFileId="1" StartOffset="2530"/>
                                            </LocList>
                                        </BasicStmnt>
                                        <BasicStmnt CovItemId="S31" CovItemPrefix="org.jfree.data.test.DataUtilitesTest.java" Intrnl_Id="38">
                                            <LocList>
                                                <Loc EndOffset="2651" SrcFileId="1" StartOffset="2615"/>
                                            </LocList>
                                        </BasicStmnt>
                                    </StmntSeq>
                                    <HierarchyLvl HierarchyLvlId="4029" HierarchyLvlTypeId="4" Intrnl_Id="39" Name="Expectations">
                                        <Header>
                                            <Loc EndOffset="1739" SrcFileId="1" StartOffset="1725"/>
                                        </Header>
                                        <LocList>
                                            <Loc EndOffset="2496" SrcFileId="1" StartOffset="1721"/>
                                        </LocList>
                                        <StmntSeq Intrnl_Id="40">
                                            <LocList>
                                                <Loc EndOffset="1890" SrcFileId="1" StartOffset="1864"/>
                                                <Loc EndOffset="1926" SrcFileId="1" StartOffset="1905"/>
                                                <Loc EndOffset="1983" SrcFileId="1" StartOffset="1956"/>
                                                <Loc EndOffset="2019" SrcFileId="1" StartOffset="1998"/>
                                                <Loc EndOffset="2061" SrcFileId="1" StartOffset="2034"/>
                                                <Loc EndOffset="2098" SrcFileId="1" StartOffset="2076"/>
                                                <Loc EndOffset="2140" SrcFileId="1" StartOffset="2113"/>
                                                <Loc EndOffset="2176" SrcFileId="1" StartOffset="2155"/>
                                                <Loc EndOffset="2227" SrcFileId="1" StartOffset="2206"/>
                                                <Loc EndOffset="2269" SrcFileId="1" StartOffset="2242"/>
                                                <Loc EndOffset="2305" SrcFileId="1" StartOffset="2284"/>
                                                <Loc EndOffset="2347" SrcFileId="1" StartOffset="2320"/>
                                                <Loc EndOffset="2383" SrcFileId="1" StartOffset="2362"/>
                                                <Loc EndOffset="2425" SrcFileId="1" StartOffset="2398"/>
                                                <Loc EndOffset="2461" SrcFileId="1" StartOffset="2440"/>
                                            </LocList>
                                            <BasicStmnt CovItemId="S15" CovItemPrefix="org.jfree.data.test.DataUtilitesTest.java" Intrnl_Id="41">
                                                <LocList>
                                                    <Loc EndOffset="1890" SrcFileId="1" StartOffset="1864"/>
                                                </LocList>
                                            </BasicStmnt>
                                            <BasicStmnt CovItemId="S16" CovItemPrefix="org.jfree.data.test.DataUtilitesTest.java" Intrnl_Id="42">
                                                <LocList>
                                                    <Loc EndOffset="1926" SrcFileId="1" StartOffset="1905"/>
                                                </LocList>
                                            </BasicStmnt>
                                            <BasicStmnt CovItemId="S17" CovItemPrefix="org.jfree.data.test.DataUtilitesTest.java" Intrnl_Id="43">
                                                <LocList>
                                                    <Loc EndOffset="1983" SrcFileId="1" StartOffset="1956"/>
                                                </LocList>
                                            </BasicStmnt>
                                            <BasicStmnt CovItemId="S18" CovItemPrefix="org.jfree.data.test.DataUtilitesTest.java" Intrnl_Id="44">
                                                <LocList>
                                                    <Loc EndOffset="2019" SrcFileId="1" StartOffset="1998"/>
                                                </LocList>
                                            </BasicStmnt>
                                            <BasicStmnt CovItemId="S19" CovItemPrefix="org.jfree.data.test.DataUtilitesTest.java" Intrnl_Id="45">
                                                <LocList>
                                                    <Loc EndOffset="2061" SrcFileId="1" StartOffset="2034"/>
                                                </LocList>
                                            </BasicStmnt>
                                            <BasicStmnt CovItemId="S20" CovItemPrefix="org.jfree.data.test.DataUtilitesTest.java" Intrnl_Id="46">
                                                <LocList>
                                                    <Loc EndOffset="2098" SrcFileId="1" StartOffset="2076"/>
                                                </LocList>
                                            </BasicStmnt>
                                            <BasicStmnt CovItemId="S21" CovItemPrefix="org.jfree.data.test.DataUtilitesTest.java" Intrnl_Id="47">
                                                <LocList>
                                                    <Loc EndOffset="2140" SrcFileId="1" StartOffset="2113"/>
                                                </LocList>
                                            </BasicStmnt>
                                            <BasicStmnt CovItemId="S22" CovItemPrefix="org.jfree.data.test.DataUtilitesTest.java" Intrnl_Id="48">
                                                <LocList>
                                                    <Loc EndOffset="2176" SrcFileId="1" StartOffset="2155"/>
                                                </LocList>
                                            </BasicStmnt>
                                            <BasicStmnt CovItemId="S23" CovItemPrefix="org.jfree.data.test.DataUtilitesTest.java" Intrnl_Id="49">
                                                <LocList>
                                                    <Loc EndOffset="2227" SrcFileId="1" StartOffset="2206"/>
                                                </LocList>
                                            </BasicStmnt>
                                            <BasicStmnt CovItemId="S24" CovItemPrefix="org.jfree.data.test.DataUtilitesTest.java" Intrnl_Id="50">
                                                <LocList>
                                                    <Loc EndOffset="2269" SrcFileId="1" StartOffset="2242"/>
                                                </LocList>
                                            </BasicStmnt>
                                            <BasicStmnt CovItemId="S25" CovItemPrefix="org.jfree.data.test.DataUtilitesTest.java" Intrnl_Id="51">
                                                <LocList>
                                                    <Loc EndOffset="2305" SrcFileId="1" StartOffset="2284"/>
                                                </LocList>
                                            </BasicStmnt>
                                            <BasicStmnt CovItemId="S26" CovItemPrefix="org.jfree.data.test.DataUtilitesTest.java" Intrnl_Id="52">
                                                <LocList>
                                                    <Loc EndOffset="2347" SrcFileId="1" StartOffset="2320"/>
                                                </LocList>
                                            </BasicStmnt>
                                            <BasicStmnt CovItemId="S27" CovItemPrefix="org.jfree.data.test.DataUtilitesTest.java" Intrnl_Id="53">
                                                <LocList>
                                                    <Loc EndOffset="2383" SrcFileId="1" StartOffset="2362"/>
                                                </LocList>
                                            </BasicStmnt>
                                            <BasicStmnt CovItemId="S28" CovItemPrefix="org.jfree.data.test.DataUtilitesTest.java" Intrnl_Id="54">
                                                <LocList>
                                                    <Loc EndOffset="2425" SrcFileId="1" StartOffset="2398"/>
                                                </LocList>
                                            </BasicStmnt>
                                            <BasicStmnt CovItemId="S29" CovItemPrefix="org.jfree.data.test.DataUtilitesTest.java" Intrnl_Id="55">
                                                <LocList>
                                                    <Loc EndOffset="2461" SrcFileId="1" StartOffset="2440"/>
                                                </LocList>
                                            </BasicStmnt>
                                        </StmntSeq>
                                    </HierarchyLvl>
                                </HierarchyLvl>
                                <HierarchyLvl HierarchyLvlId="4032" HierarchyLvlTypeId="5" Intrnl_Id="56" Name="NegativeColumn">
                                    <Header>
                                        <Loc EndOffset="2803" SrcFileId="1" StartOffset="2766"/>
                                    </Header>
                                    <LocList>
                                        <Loc EndOffset="3582" SrcFileId="1" StartOffset="2766"/>
                                    </LocList>
                                    <StmntSeq Intrnl_Id="57">
                                        <LocList>
                                            <Loc EndOffset="2845" SrcFileId="1" StartOffset="2821"/>
                                            <Loc EndOffset="3372" SrcFileId="1" StartOffset="3370"/>
                                            <Loc EndOffset="3470" SrcFileId="1" StartOffset="3407"/>
                                            <Loc EndOffset="3531" SrcFileId="1" StartOffset="3495"/>
                                        </LocList>
                                        <BasicStmnt CovItemId="S32" CovItemPrefix="org.jfree.data.test.DataUtilitesTest.java" Intrnl_Id="58">
                                            <LocList>
                                                <Loc EndOffset="2845" SrcFileId="1" StartOffset="2821"/>
                                                <Loc EndOffset="3372" SrcFileId="1" StartOffset="3370"/>
                                            </LocList>
                                        </BasicStmnt>
                                        <BasicStmnt CovItemId="S41" CovItemPrefix="org.jfree.data.test.DataUtilitesTest.java" Intrnl_Id="59">
                                            <LocList>
                                                <Loc EndOffset="3470" SrcFileId="1" StartOffset="3407"/>
                                            </LocList>
                                        </BasicStmnt>
                                        <BasicStmnt CovItemId="S42" CovItemPrefix="org.jfree.data.test.DataUtilitesTest.java" Intrnl_Id="60">
                                            <LocList>
                                                <Loc EndOffset="3531" SrcFileId="1" StartOffset="3495"/>
                                            </LocList>
                                        </BasicStmnt>
                                    </StmntSeq>
                                    <HierarchyLvl HierarchyLvlId="4031" HierarchyLvlTypeId="4" Intrnl_Id="61" Name="Expectations">
                                        <Header>
                                            <Loc EndOffset="2863" SrcFileId="1" StartOffset="2849"/>
                                        </Header>
                                        <LocList>
                                            <Loc EndOffset="3370" SrcFileId="1" StartOffset="2845"/>
                                        </LocList>
                                        <StmntSeq Intrnl_Id="62">
                                            <LocList>
                                                <Loc EndOffset="3019" SrcFileId="1" StartOffset="2993"/>
                                                <Loc EndOffset="3056" SrcFileId="1" StartOffset="3035"/>
                                                <Loc EndOffset="3116" SrcFileId="1" StartOffset="3088"/>
                                                <Loc EndOffset="3153" SrcFileId="1" StartOffset="3132"/>
                                                <Loc EndOffset="3197" SrcFileId="1" StartOffset="3169"/>
                                                <Loc EndOffset="3235" SrcFileId="1" StartOffset="3213"/>
                                                <Loc EndOffset="3279" SrcFileId="1" StartOffset="3251"/>
                                                <Loc EndOffset="3316" SrcFileId="1" StartOffset="3295"/>
                                            </LocList>
                                            <BasicStmnt CovItemId="S33" CovItemPrefix="org.jfree.data.test.DataUtilitesTest.java" Intrnl_Id="63">
                                                <LocList>
                                                    <Loc EndOffset="3019" SrcFileId="1" StartOffset="2993"/>
                                                </LocList>
                                            </BasicStmnt>
                                            <BasicStmnt CovItemId="S34" CovItemPrefix="org.jfree.data.test.DataUtilitesTest.java" Intrnl_Id="64">
                                                <LocList>
                                                    <Loc EndOffset="3056" SrcFileId="1" StartOffset="3035"/>
                                                </LocList>
                                            </BasicStmnt>
                                            <BasicStmnt CovItemId="S35" CovItemPrefix="org.jfree.data.test.DataUtilitesTest.java" Intrnl_Id="65">
                                                <LocList>
                                                    <Loc EndOffset="3116" SrcFileId="1" StartOffset="3088"/>
                                                </LocList>
                                            </BasicStmnt>
                                            <BasicStmnt CovItemId="S36" CovItemPrefix="org.jfree.data.test.DataUtilitesTest.java" Intrnl_Id="66">
                                                <LocList>
                                                    <Loc EndOffset="3153" SrcFileId="1" StartOffset="3132"/>
                                                </LocList>
                                            </BasicStmnt>
                                            <BasicStmnt CovItemId="S37" CovItemPrefix="org.jfree.data.test.DataUtilitesTest.java" Intrnl_Id="67">
                                                <LocList>
                                                    <Loc EndOffset="3197" SrcFileId="1" StartOffset="3169"/>
                                                </LocList>
                                            </BasicStmnt>
                                            <BasicStmnt CovItemId="S38" CovItemPrefix="org.jfree.data.test.DataUtilitesTest.java" Intrnl_Id="68">
                                                <LocList>
                                                    <Loc EndOffset="3235" SrcFileId="1" StartOffset="3213"/>
                                                </LocList>
                                            </BasicStmnt>
                                            <BasicStmnt CovItemId="S39" CovItemPrefix="org.jfree.data.test.DataUtilitesTest.java" Intrnl_Id="69">
                                                <LocList>
                                                    <Loc EndOffset="3279" SrcFileId="1" StartOffset="3251"/>
                                                </LocList>
                                            </BasicStmnt>
                                            <BasicStmnt CovItemId="S40" CovItemPrefix="org.jfree.data.test.DataUtilitesTest.java" Intrnl_Id="70">
                                                <LocList>
                                                    <Loc EndOffset="3316" SrcFileId="1" StartOffset="3295"/>
                                                </LocList>
                                            </BasicStmnt>
                                        </StmntSeq>
                                    </HierarchyLvl>
                                </HierarchyLvl>
                                <HierarchyLvl HierarchyLvlId="4034" HierarchyLvlTypeId="5" Intrnl_Id="71" Name="NullValuesForColumn">
                                    <Header>
                                        <Loc EndOffset="3632" SrcFileId="1" StartOffset="3590"/>
                                    </Header>
                                    <LocList>
                                        <Loc EndOffset="4414" SrcFileId="1" StartOffset="3590"/>
                                    </LocList>
                                    <StmntSeq Intrnl_Id="72">
                                        <LocList>
                                            <Loc EndOffset="3674" SrcFileId="1" StartOffset="3650"/>
                                            <Loc EndOffset="4206" SrcFileId="1" StartOffset="4204"/>
                                            <Loc EndOffset="4303" SrcFileId="1" StartOffset="4241"/>
                                            <Loc EndOffset="4363" SrcFileId="1" StartOffset="4328"/>
                                        </LocList>
                                        <BasicStmnt CovItemId="S43" CovItemPrefix="org.jfree.data.test.DataUtilitesTest.java" Intrnl_Id="73">
                                            <LocList>
                                                <Loc EndOffset="3674" SrcFileId="1" StartOffset="3650"/>
                                                <Loc EndOffset="4206" SrcFileId="1" StartOffset="4204"/>
                                            </LocList>
                                        </BasicStmnt>
                                        <BasicStmnt CovItemId="S52" CovItemPrefix="org.jfree.data.test.DataUtilitesTest.java" Intrnl_Id="74">
                                            <LocList>
                                                <Loc EndOffset="4303" SrcFileId="1" StartOffset="4241"/>
                                            </LocList>
                                        </BasicStmnt>
                                        <BasicStmnt CovItemId="S53" CovItemPrefix="org.jfree.data.test.DataUtilitesTest.java" Intrnl_Id="75">
                                            <LocList>
                                                <Loc EndOffset="4363" SrcFileId="1" StartOffset="4328"/>
                                            </LocList>
                                        </BasicStmnt>
                                    </StmntSeq>
                                    <HierarchyLvl HierarchyLvlId="4033" HierarchyLvlTypeId="4" Intrnl_Id="76" Name="Expectations">
                                        <Header>
                                            <Loc EndOffset="3692" SrcFileId="1" StartOffset="3678"/>
                                        </Header>
                                        <LocList>
                                            <Loc EndOffset="4204" SrcFileId="1" StartOffset="3674"/>
                                        </LocList>
                                        <StmntSeq Intrnl_Id="77">
                                            <LocList>
                                                <Loc EndOffset="3848" SrcFileId="1" StartOffset="3822"/>
                                                <Loc EndOffset="3885" SrcFileId="1" StartOffset="3864"/>
                                                <Loc EndOffset="3944" SrcFileId="1" StartOffset="3917"/>
                                                <Loc EndOffset="3984" SrcFileId="1" StartOffset="3960"/>
                                                <Loc EndOffset="4027" SrcFileId="1" StartOffset="4000"/>
                                                <Loc EndOffset="4067" SrcFileId="1" StartOffset="4043"/>
                                                <Loc EndOffset="4110" SrcFileId="1" StartOffset="4083"/>
                                                <Loc EndOffset="4150" SrcFileId="1" StartOffset="4126"/>
                                            </LocList>
                                            <BasicStmnt CovItemId="S44" CovItemPrefix="org.jfree.data.test.DataUtilitesTest.java" Intrnl_Id="78">
                                                <LocList>
                                                    <Loc EndOffset="3848" SrcFileId="1" StartOffset="3822"/>
                                                </LocList>
                                            </BasicStmnt>
                                            <BasicStmnt CovItemId="S45" CovItemPrefix="org.jfree.data.test.DataUtilitesTest.java" Intrnl_Id="79">
                                                <LocList>
                                                    <Loc EndOffset="3885" SrcFileId="1" StartOffset="3864"/>
                                                </LocList>
                                            </BasicStmnt>
                                            <BasicStmnt CovItemId="S46" CovItemPrefix="org.jfree.data.test.DataUtilitesTest.java" Intrnl_Id="80">
                                                <LocList>
                                                    <Loc EndOffset="3944" SrcFileId="1" StartOffset="3917"/>
                                                </LocList>
                                            </BasicStmnt>
                                            <BasicStmnt CovItemId="S47" CovItemPrefix="org.jfree.data.test.DataUtilitesTest.java" Intrnl_Id="81">
                                                <LocList>
                                                    <Loc EndOffset="3984" SrcFileId="1" StartOffset="3960"/>
                                                </LocList>
                                            </BasicStmnt>
                                            <BasicStmnt CovItemId="S48" CovItemPrefix="org.jfree.data.test.DataUtilitesTest.java" Intrnl_Id="82">
                                                <LocList>
                                                    <Loc EndOffset="4027" SrcFileId="1" StartOffset="4000"/>
                                                </LocList>
                                            </BasicStmnt>
                                            <BasicStmnt CovItemId="S49" CovItemPrefix="org.jfree.data.test.DataUtilitesTest.java" Intrnl_Id="83">
                                                <LocList>
                                                    <Loc EndOffset="4067" SrcFileId="1" StartOffset="4043"/>
                                                </LocList>
                                            </BasicStmnt>
                                            <BasicStmnt CovItemId="S50" CovItemPrefix="org.jfree.data.test.DataUtilitesTest.java" Intrnl_Id="84">
                                                <LocList>
                                                    <Loc EndOffset="4110" SrcFileId="1" StartOffset="4083"/>
                                                </LocList>
                                            </BasicStmnt>
                                            <BasicStmnt CovItemId="S51" CovItemPrefix="org.jfree.data.test.DataUtilitesTest.java" Intrnl_Id="85">
                                                <LocList>
                                                    <Loc EndOffset="4150" SrcFileId="1" StartOffset="4126"/>
                                                </LocList>
                                            </BasicStmnt>
                                        </StmntSeq>
                                    </HierarchyLvl>
                                </HierarchyLvl>
                                <HierarchyLvl HierarchyLvlId="4036" HierarchyLvlTypeId="5" Intrnl_Id="86" Name="CalculateColumnTotalOutOfBounds">
                                    <Header>
                                        <Loc EndOffset="4670" SrcFileId="1" StartOffset="4420"/>
                                    </Header>
                                    <LocList>
                                        <Loc EndOffset="5204" SrcFileId="1" StartOffset="4420"/>
                                    </LocList>
                                    <StmntSeq Intrnl_Id="87">
                                        <LocList>
                                            <Loc EndOffset="4709" SrcFileId="1" StartOffset="4677"/>
                                            <Loc EndOffset="4767" SrcFileId="1" StartOffset="4714"/>
                                            <Loc EndOffset="4789" SrcFileId="1" StartOffset="4772"/>
                                            <Loc EndOffset="5088" SrcFileId="1" StartOffset="5086"/>
                                            <Loc EndOffset="5156" SrcFileId="1" StartOffset="5093"/>
                                            <Loc EndOffset="5199" SrcFileId="1" StartOffset="5161"/>
                                        </LocList>
                                        <BasicStmnt CovItemId="S54" CovItemPrefix="org.jfree.data.test.DataUtilitesTest.java" Intrnl_Id="88">
                                            <LocList>
                                                <Loc EndOffset="4709" SrcFileId="1" StartOffset="4677"/>
                                            </LocList>
                                        </BasicStmnt>
                                        <BasicStmnt CovItemId="S55" CovItemPrefix="org.jfree.data.test.DataUtilitesTest.java" Intrnl_Id="89">
                                            <LocList>
                                                <Loc EndOffset="4767" SrcFileId="1" StartOffset="4714"/>
                                            </LocList>
                                        </BasicStmnt>
                                        <BasicStmnt CovItemId="S56" CovItemPrefix="org.jfree.data.test.DataUtilitesTest.java" Intrnl_Id="90">
                                            <LocList>
                                                <Loc EndOffset="4789" SrcFileId="1" StartOffset="4772"/>
                                                <Loc EndOffset="5088" SrcFileId="1" StartOffset="5086"/>
                                            </LocList>
                                        </BasicStmnt>
                                        <BasicStmnt CovItemId="S65" CovItemPrefix="org.jfree.data.test.DataUtilitesTest.java" Intrnl_Id="91">
                                            <LocList>
                                                <Loc EndOffset="5156" SrcFileId="1" StartOffset="5093"/>
                                            </LocList>
                                        </BasicStmnt>
                                        <BasicStmnt CovItemId="S66" CovItemPrefix="org.jfree.data.test.DataUtilitesTest.java" Intrnl_Id="92">
                                            <LocList>
                                                <Loc EndOffset="5199" SrcFileId="1" StartOffset="5161"/>
                                            </LocList>
                                        </BasicStmnt>
                                    </StmntSeq>
                                    <HierarchyLvl HierarchyLvlId="4035" HierarchyLvlTypeId="4" Intrnl_Id="93" Name="org.jmock.Expectations">
                                        <Header>
                                            <Loc EndOffset="4817" SrcFileId="1" StartOffset="4793"/>
                                        </Header>
                                        <LocList>
                                            <Loc EndOffset="5086" SrcFileId="1" StartOffset="4789"/>
                                        </LocList>
                                        <StmntSeq Intrnl_Id="94">
                                            <LocList>
                                                <Loc EndOffset="4859" SrcFileId="1" StartOffset="4833"/>
                                                <Loc EndOffset="4887" SrcFileId="1" StartOffset="4866"/>
                                                <Loc EndOffset="4921" SrcFileId="1" StartOffset="4894"/>
                                                <Loc EndOffset="4949" SrcFileId="1" StartOffset="4928"/>
                                                <Loc EndOffset="4983" SrcFileId="1" StartOffset="4956"/>
                                                <Loc EndOffset="5011" SrcFileId="1" StartOffset="4990"/>
                                                <Loc EndOffset="5045" SrcFileId="1" StartOffset="5018"/>
                                                <Loc EndOffset="5073" SrcFileId="1" StartOffset="5052"/>
                                            </LocList>
                                            <BasicStmnt CovItemId="S57" CovItemPrefix="org.jfree.data.test.DataUtilitesTest.java" Intrnl_Id="95">
                                                <LocList>
                                                    <Loc EndOffset="4859" SrcFileId="1" StartOffset="4833"/>
                                                </LocList>
                                            </BasicStmnt>
                                            <BasicStmnt CovItemId="S58" CovItemPrefix="org.jfree.data.test.DataUtilitesTest.java" Intrnl_Id="96">
                                                <LocList>
                                                    <Loc EndOffset="4887" SrcFileId="1" StartOffset="4866"/>
                                                </LocList>
                                            </BasicStmnt>
                                            <BasicStmnt CovItemId="S59" CovItemPrefix="org.jfree.data.test.DataUtilitesTest.java" Intrnl_Id="97">
                                                <LocList>
                                                    <Loc EndOffset="4921" SrcFileId="1" StartOffset="4894"/>
                                                </LocList>
                                            </BasicStmnt>
                                            <BasicStmnt CovItemId="S60" CovItemPrefix="org.jfree.data.test.DataUtilitesTest.java" Intrnl_Id="98">
                                                <LocList>
                                                    <Loc EndOffset="4949" SrcFileId="1" StartOffset="4928"/>
                                                </LocList>
                                            </BasicStmnt>
                                            <BasicStmnt CovItemId="S61" CovItemPrefix="org.jfree.data.test.DataUtilitesTest.java" Intrnl_Id="99">
                                                <LocList>
                                                    <Loc EndOffset="4983" SrcFileId="1" StartOffset="4956"/>
                                                </LocList>
                                            </BasicStmnt>
                                            <BasicStmnt CovItemId="S62" CovItemPrefix="org.jfree.data.test.DataUtilitesTest.java" Intrnl_Id="100">
                                                <LocList>
                                                    <Loc EndOffset="5011" SrcFileId="1" StartOffset="4990"/>
                                                </LocList>
                                            </BasicStmnt>
                                            <BasicStmnt CovItemId="S63" CovItemPrefix="org.jfree.data.test.DataUtilitesTest.java" Intrnl_Id="101">
                                                <LocList>
                                                    <Loc EndOffset="5045" SrcFileId="1" StartOffset="5018"/>
                                                </LocList>
                                            </BasicStmnt>
                                            <BasicStmnt CovItemId="S64" CovItemPrefix="org.jfree.data.test.DataUtilitesTest.java" Intrnl_Id="102">
                                                <LocList>
                                                    <Loc EndOffset="5073" SrcFileId="1" StartOffset="5052"/>
                                                </LocList>
                                            </BasicStmnt>
                                        </StmntSeq>
                                    </HierarchyLvl>
                                </HierarchyLvl>
                                <HierarchyLvl HierarchyLvlId="4038" HierarchyLvlTypeId="5" Intrnl_Id="103" Name="calculateRowTotalForOneRow">
                                    <Header>
                                        <Loc EndOffset="5341" SrcFileId="1" StartOffset="5293"/>
                                    </Header>
                                    <LocList>
                                        <Loc EndOffset="5974" SrcFileId="1" StartOffset="5293"/>
                                    </LocList>
                                    <StmntSeq Intrnl_Id="104">
                                        <LocList>
                                            <Loc EndOffset="5381" SrcFileId="1" StartOffset="5357"/>
                                            <Loc EndOffset="5791" SrcFileId="1" StartOffset="5789"/>
                                            <Loc EndOffset="5881" SrcFileId="1" StartOffset="5823"/>
                                            <Loc EndOffset="5925" SrcFileId="1" StartOffset="5888"/>
                                        </LocList>
                                        <BasicStmnt CovItemId="S67" CovItemPrefix="org.jfree.data.test.DataUtilitesTest.java" Intrnl_Id="105">
                                            <LocList>
                                                <Loc EndOffset="5381" SrcFileId="1" StartOffset="5357"/>
                                                <Loc EndOffset="5791" SrcFileId="1" StartOffset="5789"/>
                                            </LocList>
                                        </BasicStmnt>
                                        <BasicStmnt CovItemId="S76" CovItemPrefix="org.jfree.data.test.DataUtilitesTest.java" Intrnl_Id="106">
                                            <LocList>
                                                <Loc EndOffset="5881" SrcFileId="1" StartOffset="5823"/>
                                            </LocList>
                                        </BasicStmnt>
                                        <BasicStmnt CovItemId="S77" CovItemPrefix="org.jfree.data.test.DataUtilitesTest.java" Intrnl_Id="107">
                                            <LocList>
                                                <Loc EndOffset="5925" SrcFileId="1" StartOffset="5888"/>
                                            </LocList>
                                        </BasicStmnt>
                                    </StmntSeq>
                                    <HierarchyLvl HierarchyLvlId="4037" HierarchyLvlTypeId="4" Intrnl_Id="108" Name="Expectations">
                                        <Header>
                                            <Loc EndOffset="5399" SrcFileId="1" StartOffset="5385"/>
                                        </Header>
                                        <LocList>
                                            <Loc EndOffset="5789" SrcFileId="1" StartOffset="5381"/>
                                        </LocList>
                                        <StmntSeq Intrnl_Id="109">
                                            <LocList>
                                                <Loc EndOffset="5469" SrcFileId="1" StartOffset="5440"/>
                                                <Loc EndOffset="5505" SrcFileId="1" StartOffset="5484"/>
                                                <Loc EndOffset="5562" SrcFileId="1" StartOffset="5535"/>
                                                <Loc EndOffset="5598" SrcFileId="1" StartOffset="5577"/>
                                                <Loc EndOffset="5640" SrcFileId="1" StartOffset="5613"/>
                                                <Loc EndOffset="5676" SrcFileId="1" StartOffset="5655"/>
                                                <Loc EndOffset="5718" SrcFileId="1" StartOffset="5691"/>
                                                <Loc EndOffset="5754" SrcFileId="1" StartOffset="5733"/>
                                            </LocList>
                                            <BasicStmnt CovItemId="S68" CovItemPrefix="org.jfree.data.test.DataUtilitesTest.java" Intrnl_Id="110">
                                                <LocList>
                                                    <Loc EndOffset="5469" SrcFileId="1" StartOffset="5440"/>
                                                </LocList>
                                            </BasicStmnt>
                                            <BasicStmnt CovItemId="S69" CovItemPrefix="org.jfree.data.test.DataUtilitesTest.java" Intrnl_Id="111">
                                                <LocList>
                                                    <Loc EndOffset="5505" SrcFileId="1" StartOffset="5484"/>
                                                </LocList>
                                            </BasicStmnt>
                                            <BasicStmnt CovItemId="S70" CovItemPrefix="org.jfree.data.test.DataUtilitesTest.java" Intrnl_Id="112">
                                                <LocList>
                                                    <Loc EndOffset="5562" SrcFileId="1" StartOffset="5535"/>
                                                </LocList>
                                            </BasicStmnt>
                                            <BasicStmnt CovItemId="S71" CovItemPrefix="org.jfree.data.test.DataUtilitesTest.java" Intrnl_Id="113">
                                                <LocList>
                                                    <Loc EndOffset="5598" SrcFileId="1" StartOffset="5577"/>
                                                </LocList>
                                            </BasicStmnt>
                                            <BasicStmnt CovItemId="S72" CovItemPrefix="org.jfree.data.test.DataUtilitesTest.java" Intrnl_Id="114">
                                                <LocList>
                                                    <Loc EndOffset="5640" SrcFileId="1" StartOffset="5613"/>
                                                </LocList>
                                            </BasicStmnt>
                                            <BasicStmnt CovItemId="S73" CovItemPrefix="org.jfree.data.test.DataUtilitesTest.java" Intrnl_Id="115">
                                                <LocList>
                                                    <Loc EndOffset="5676" SrcFileId="1" StartOffset="5655"/>
                                                </LocList>
                                            </BasicStmnt>
                                            <BasicStmnt CovItemId="S74" CovItemPrefix="org.jfree.data.test.DataUtilitesTest.java" Intrnl_Id="116">
                                                <LocList>
                                                    <Loc EndOffset="5718" SrcFileId="1" StartOffset="5691"/>
                                                </LocList>
                                            </BasicStmnt>
                                            <BasicStmnt CovItemId="S75" CovItemPrefix="org.jfree.data.test.DataUtilitesTest.java" Intrnl_Id="117">
                                                <LocList>
                                                    <Loc EndOffset="5754" SrcFileId="1" StartOffset="5733"/>
                                                </LocList>
                                            </BasicStmnt>
                                        </StmntSeq>
                                    </HierarchyLvl>
                                </HierarchyLvl>
                                <HierarchyLvl HierarchyLvlId="4040" HierarchyLvlTypeId="5" Intrnl_Id="118" Name="calculateRowTotalForMutipleRows">
                                    <Header>
                                        <Loc EndOffset="6084" SrcFileId="1" StartOffset="6031"/>
                                    </Header>
                                    <LocList>
                                        <Loc EndOffset="6736" SrcFileId="1" StartOffset="6031"/>
                                    </LocList>
                                    <StmntSeq Intrnl_Id="119">
                                        <LocList>
                                            <Loc EndOffset="6124" SrcFileId="1" StartOffset="6100"/>
                                            <Loc EndOffset="6539" SrcFileId="1" StartOffset="6537"/>
                                            <Loc EndOffset="6629" SrcFileId="1" StartOffset="6571"/>
                                            <Loc EndOffset="6687" SrcFileId="1" StartOffset="6652"/>
                                        </LocList>
                                        <BasicStmnt CovItemId="S78" CovItemPrefix="org.jfree.data.test.DataUtilitesTest.java" Intrnl_Id="120">
                                            <LocList>
                                                <Loc EndOffset="6124" SrcFileId="1" StartOffset="6100"/>
                                                <Loc EndOffset="6539" SrcFileId="1" StartOffset="6537"/>
                                            </LocList>
                                        </BasicStmnt>
                                        <BasicStmnt CovItemId="S87" CovItemPrefix="org.jfree.data.test.DataUtilitesTest.java" Intrnl_Id="121">
                                            <LocList>
                                                <Loc EndOffset="6629" SrcFileId="1" StartOffset="6571"/>
                                            </LocList>
                                        </BasicStmnt>
                                        <BasicStmnt CovItemId="S88" CovItemPrefix="org.jfree.data.test.DataUtilitesTest.java" Intrnl_Id="122">
                                            <LocList>
                                                <Loc EndOffset="6687" SrcFileId="1" StartOffset="6652"/>
                                            </LocList>
                                        </BasicStmnt>
                                    </StmntSeq>
                                    <HierarchyLvl HierarchyLvlId="4039" HierarchyLvlTypeId="4" Intrnl_Id="123" Name="Expectations">
                                        <Header>
                                            <Loc EndOffset="6142" SrcFileId="1" StartOffset="6128"/>
                                        </Header>
                                        <LocList>
                                            <Loc EndOffset="6537" SrcFileId="1" StartOffset="6124"/>
                                        </LocList>
                                        <StmntSeq Intrnl_Id="124">
                                            <LocList>
                                                <Loc EndOffset="6212" SrcFileId="1" StartOffset="6183"/>
                                                <Loc EndOffset="6248" SrcFileId="1" StartOffset="6227"/>
                                                <Loc EndOffset="6310" SrcFileId="1" StartOffset="6283"/>
                                                <Loc EndOffset="6346" SrcFileId="1" StartOffset="6325"/>
                                                <Loc EndOffset="6388" SrcFileId="1" StartOffset="6361"/>
                                                <Loc EndOffset="6424" SrcFileId="1" StartOffset="6403"/>
                                                <Loc EndOffset="6466" SrcFileId="1" StartOffset="6439"/>
                                                <Loc EndOffset="6502" SrcFileId="1" StartOffset="6481"/>
                                            </LocList>
                                            <BasicStmnt CovItemId="S79" CovItemPrefix="org.jfree.data.test.DataUtilitesTest.java" Intrnl_Id="125">
                                                <LocList>
                                                    <Loc EndOffset="6212" SrcFileId="1" StartOffset="6183"/>
                                                </LocList>
                                            </BasicStmnt>
                                            <BasicStmnt CovItemId="S80" CovItemPrefix="org.jfree.data.test.DataUtilitesTest.java" Intrnl_Id="126">
                                                <LocList>
                                                    <Loc EndOffset="6248" SrcFileId="1" StartOffset="6227"/>
                                                </LocList>
                                            </BasicStmnt>
                                            <BasicStmnt CovItemId="S81" CovItemPrefix="org.jfree.data.test.DataUtilitesTest.java" Intrnl_Id="127">
                                                <LocList>
                                                    <Loc EndOffset="6310" SrcFileId="1" StartOffset="6283"/>
                                                </LocList>
                                            </BasicStmnt>
                                            <BasicStmnt CovItemId="S82" CovItemPrefix="org.jfree.data.test.DataUtilitesTest.java" Intrnl_Id="128">
                                                <LocList>
                                                    <Loc EndOffset="6346" SrcFileId="1" StartOffset="6325"/>
                                                </LocList>
                                            </BasicStmnt>
                                            <BasicStmnt CovItemId="S83" CovItemPrefix="org.jfree.data.test.DataUtilitesTest.java" Intrnl_Id="129">
                                                <LocList>
                                                    <Loc EndOffset="6388" SrcFileId="1" StartOffset="6361"/>
                                                </LocList>
                                            </BasicStmnt>
                                            <BasicStmnt CovItemId="S84" CovItemPrefix="org.jfree.data.test.DataUtilitesTest.java" Intrnl_Id="130">
                                                <LocList>
                                                    <Loc EndOffset="6424" SrcFileId="1" StartOffset="6403"/>
                                                </LocList>
                                            </BasicStmnt>
                                            <BasicStmnt CovItemId="S85" CovItemPrefix="org.jfree.data.test.DataUtilitesTest.java" Intrnl_Id="131">
                                                <LocList>
                                                    <Loc EndOffset="6466" SrcFileId="1" StartOffset="6439"/>
                                                </LocList>
                                            </BasicStmnt>
                                            <BasicStmnt CovItemId="S86" CovItemPrefix="org.jfree.data.test.DataUtilitesTest.java" Intrnl_Id="132">
                                                <LocList>
                                                    <Loc EndOffset="6502" SrcFileId="1" StartOffset="6481"/>
                                                </LocList>
                                            </BasicStmnt>
                                        </StmntSeq>
                                    </HierarchyLvl>
                                </HierarchyLvl>
                                <HierarchyLvl HierarchyLvlId="4042" HierarchyLvlTypeId="5" Intrnl_Id="133" Name="NegativeRow">
                                    <Header>
                                        <Loc EndOffset="6850" SrcFileId="1" StartOffset="6817"/>
                                    </Header>
                                    <LocList>
                                        <Loc EndOffset="7460" SrcFileId="1" StartOffset="6817"/>
                                    </LocList>
                                    <StmntSeq Intrnl_Id="134">
                                        <LocList>
                                            <Loc EndOffset="6884" SrcFileId="1" StartOffset="6860"/>
                                            <Loc EndOffset="7308" SrcFileId="1" StartOffset="7306"/>
                                            <Loc EndOffset="7398" SrcFileId="1" StartOffset="7340"/>
                                            <Loc EndOffset="7456" SrcFileId="1" StartOffset="7421"/>
                                        </LocList>
                                        <BasicStmnt CovItemId="S89" CovItemPrefix="org.jfree.data.test.DataUtilitesTest.java" Intrnl_Id="135">
                                            <LocList>
                                                <Loc EndOffset="6884" SrcFileId="1" StartOffset="6860"/>
                                                <Loc EndOffset="7308" SrcFileId="1" StartOffset="7306"/>
                                            </LocList>
                                        </BasicStmnt>
                                        <BasicStmnt CovItemId="S98" CovItemPrefix="org.jfree.data.test.DataUtilitesTest.java" Intrnl_Id="136">
                                            <LocList>
                                                <Loc EndOffset="7398" SrcFileId="1" StartOffset="7340"/>
                                            </LocList>
                                        </BasicStmnt>
                                        <BasicStmnt CovItemId="S99" CovItemPrefix="org.jfree.data.test.DataUtilitesTest.java" Intrnl_Id="137">
                                            <LocList>
                                                <Loc EndOffset="7456" SrcFileId="1" StartOffset="7421"/>
                                            </LocList>
                                        </BasicStmnt>
                                    </StmntSeq>
                                    <HierarchyLvl HierarchyLvlId="4041" HierarchyLvlTypeId="4" Intrnl_Id="138" Name="Expectations">
                                        <Header>
                                            <Loc EndOffset="6902" SrcFileId="1" StartOffset="6888"/>
                                        </Header>
                                        <LocList>
                                            <Loc EndOffset="7306" SrcFileId="1" StartOffset="6884"/>
                                        </LocList>
                                        <StmntSeq Intrnl_Id="139">
                                            <LocList>
                                                <Loc EndOffset="6972" SrcFileId="1" StartOffset="6943"/>
                                                <Loc EndOffset="7008" SrcFileId="1" StartOffset="6987"/>
                                                <Loc EndOffset="7070" SrcFileId="1" StartOffset="7043"/>
                                                <Loc EndOffset="7109" SrcFileId="1" StartOffset="7085"/>
                                                <Loc EndOffset="7151" SrcFileId="1" StartOffset="7124"/>
                                                <Loc EndOffset="7190" SrcFileId="1" StartOffset="7166"/>
                                                <Loc EndOffset="7232" SrcFileId="1" StartOffset="7205"/>
                                                <Loc EndOffset="7271" SrcFileId="1" StartOffset="7247"/>
                                            </LocList>
                                            <BasicStmnt CovItemId="S90" CovItemPrefix="org.jfree.data.test.DataUtilitesTest.java" Intrnl_Id="140">
                                                <LocList>
                                                    <Loc EndOffset="6972" SrcFileId="1" StartOffset="6943"/>
                                                </LocList>
                                            </BasicStmnt>
                                            <BasicStmnt CovItemId="S91" CovItemPrefix="org.jfree.data.test.DataUtilitesTest.java" Intrnl_Id="141">
                                                <LocList>
                                                    <Loc EndOffset="7008" SrcFileId="1" StartOffset="6987"/>
                                                </LocList>
                                            </BasicStmnt>
                                            <BasicStmnt CovItemId="S92" CovItemPrefix="org.jfree.data.test.DataUtilitesTest.java" Intrnl_Id="142">
                                                <LocList>
                                                    <Loc EndOffset="7070" SrcFileId="1" StartOffset="7043"/>
                                                </LocList>
                                            </BasicStmnt>
                                            <BasicStmnt CovItemId="S93" CovItemPrefix="org.jfree.data.test.DataUtilitesTest.java" Intrnl_Id="143">
                                                <LocList>
                                                    <Loc EndOffset="7109" SrcFileId="1" StartOffset="7085"/>
                                                </LocList>
                                            </BasicStmnt>
                                            <BasicStmnt CovItemId="S94" CovItemPrefix="org.jfree.data.test.DataUtilitesTest.java" Intrnl_Id="144">
                                                <LocList>
                                                    <Loc EndOffset="7151" SrcFileId="1" StartOffset="7124"/>
                                                </LocList>
                                            </BasicStmnt>
                                            <BasicStmnt CovItemId="S95" CovItemPrefix="org.jfree.data.test.DataUtilitesTest.java" Intrnl_Id="145">
                                                <LocList>
                                                    <Loc EndOffset="7190" SrcFileId="1" StartOffset="7166"/>
                                                </LocList>
                                            </BasicStmnt>
                                            <BasicStmnt CovItemId="S96" CovItemPrefix="org.jfree.data.test.DataUtilitesTest.java" Intrnl_Id="146">
                                                <LocList>
                                                    <Loc EndOffset="7232" SrcFileId="1" StartOffset="7205"/>
                                                </LocList>
                                            </BasicStmnt>
                                            <BasicStmnt CovItemId="S97" CovItemPrefix="org.jfree.data.test.DataUtilitesTest.java" Intrnl_Id="147">
                                                <LocList>
                                                    <Loc EndOffset="7271" SrcFileId="1" StartOffset="7247"/>
                                                </LocList>
                                            </BasicStmnt>
                                        </StmntSeq>
                                    </HierarchyLvl>
                                </HierarchyLvl>
                                <HierarchyLvl HierarchyLvlId="4044" HierarchyLvlTypeId="5" Intrnl_Id="148" Name="PositiveRowNullValues">
                                    <Header>
                                        <Loc EndOffset="7582" SrcFileId="1" StartOffset="7539"/>
                                    </Header>
                                    <LocList>
                                        <Loc EndOffset="8050" SrcFileId="1" StartOffset="7539"/>
                                    </LocList>
                                    <StmntSeq Intrnl_Id="149">
                                        <LocList>
                                            <Loc EndOffset="7618" SrcFileId="1" StartOffset="7594"/>
                                            <Loc EndOffset="7901" SrcFileId="1" StartOffset="7899"/>
                                            <Loc EndOffset="7987" SrcFileId="1" StartOffset="7928"/>
                                            <Loc EndOffset="8046" SrcFileId="1" StartOffset="8007"/>
                                        </LocList>
                                        <BasicStmnt CovItemId="S100" CovItemPrefix="org.jfree.data.test.DataUtilitesTest.java" Intrnl_Id="150">
                                            <LocList>
                                                <Loc EndOffset="7618" SrcFileId="1" StartOffset="7594"/>
                                                <Loc EndOffset="7901" SrcFileId="1" StartOffset="7899"/>
                                            </LocList>
                                        </BasicStmnt>
                                        <BasicStmnt CovItemId="S107" CovItemPrefix="org.jfree.data.test.DataUtilitesTest.java" Intrnl_Id="151">
                                            <LocList>
                                                <Loc EndOffset="7987" SrcFileId="1" StartOffset="7928"/>
                                            </LocList>
                                        </BasicStmnt>
                                        <BasicStmnt CovItemId="S108" CovItemPrefix="org.jfree.data.test.DataUtilitesTest.java" Intrnl_Id="152">
                                            <LocList>
                                                <Loc EndOffset="8046" SrcFileId="1" StartOffset="8007"/>
                                            </LocList>
                                        </BasicStmnt>
                                    </StmntSeq>
                                    <HierarchyLvl HierarchyLvlId="4043" HierarchyLvlTypeId="4" Intrnl_Id="153" Name="Expectations">
                                        <Header>
                                            <Loc EndOffset="7636" SrcFileId="1" StartOffset="7622"/>
                                        </Header>
                                        <LocList>
                                            <Loc EndOffset="7899" SrcFileId="1" StartOffset="7618"/>
                                        </LocList>
                                        <StmntSeq Intrnl_Id="154">
                                            <LocList>
                                                <Loc EndOffset="7684" SrcFileId="1" StartOffset="7655"/>
                                                <Loc EndOffset="7714" SrcFileId="1" StartOffset="7693"/>
                                                <Loc EndOffset="7758" SrcFileId="1" StartOffset="7730"/>
                                                <Loc EndOffset="7790" SrcFileId="1" StartOffset="7766"/>
                                                <Loc EndOffset="7834" SrcFileId="1" StartOffset="7806"/>
                                                <Loc EndOffset="7867" SrcFileId="1" StartOffset="7843"/>
                                            </LocList>
                                            <BasicStmnt CovItemId="S101" CovItemPrefix="org.jfree.data.test.DataUtilitesTest.java" Intrnl_Id="155">
                                                <LocList>
                                                    <Loc EndOffset="7684" SrcFileId="1" StartOffset="7655"/>
                                                </LocList>
                                            </BasicStmnt>
                                            <BasicStmnt CovItemId="S102" CovItemPrefix="org.jfree.data.test.DataUtilitesTest.java" Intrnl_Id="156">
                                                <LocList>
                                                    <Loc EndOffset="7714" SrcFileId="1" StartOffset="7693"/>
                                                </LocList>
                                            </BasicStmnt>
                                            <BasicStmnt CovItemId="S103" CovItemPrefix="org.jfree.data.test.DataUtilitesTest.java" Intrnl_Id="157">
                                                <LocList>
                                                    <Loc EndOffset="7758" SrcFileId="1" StartOffset="7730"/>
                                                </LocList>
                                            </BasicStmnt>
                                            <BasicStmnt CovItemId="S104" CovItemPrefix="org.jfree.data.test.DataUtilitesTest.java" Intrnl_Id="158">
                                                <LocList>
                                                    <Loc EndOffset="7790" SrcFileId="1" StartOffset="7766"/>
                                                </LocList>
                                            </BasicStmnt>
                                            <BasicStmnt CovItemId="S105" CovItemPrefix="org.jfree.data.test.DataUtilitesTest.java" Intrnl_Id="159">
                                                <LocList>
                                                    <Loc EndOffset="7834" SrcFileId="1" StartOffset="7806"/>
                                                </LocList>
                                            </BasicStmnt>
                                            <BasicStmnt CovItemId="S106" CovItemPrefix="org.jfree.data.test.DataUtilitesTest.java" Intrnl_Id="160">
                                                <LocList>
                                                    <Loc EndOffset="7867" SrcFileId="1" StartOffset="7843"/>
                                                </LocList>
                                            </BasicStmnt>
                                        </StmntSeq>
                                    </HierarchyLvl>
                                </HierarchyLvl>
                                <HierarchyLvl HierarchyLvlId="4046" HierarchyLvlTypeId="5" Intrnl_Id="161" Name="CalculateRowTotalOutOfBounds">
                                    <Header>
                                        <Loc EndOffset="8301" SrcFileId="1" StartOffset="8056"/>
                                    </Header>
                                    <LocList>
                                        <Loc EndOffset="8778" SrcFileId="1" StartOffset="8056"/>
                                    </LocList>
                                    <StmntSeq Intrnl_Id="162">
                                        <LocList>
                                            <Loc EndOffset="8339" SrcFileId="1" StartOffset="8307"/>
                                            <Loc EndOffset="8396" SrcFileId="1" StartOffset="8343"/>
                                            <Loc EndOffset="8417" SrcFileId="1" StartOffset="8400"/>
                                            <Loc EndOffset="8668" SrcFileId="1" StartOffset="8666"/>
                                            <Loc EndOffset="8732" SrcFileId="1" StartOffset="8672"/>
                                            <Loc EndOffset="8774" SrcFileId="1" StartOffset="8736"/>
                                        </LocList>
                                        <BasicStmnt CovItemId="S109" CovItemPrefix="org.jfree.data.test.DataUtilitesTest.java" Intrnl_Id="163">
                                            <LocList>
                                                <Loc EndOffset="8339" SrcFileId="1" StartOffset="8307"/>
                                            </LocList>
                                        </BasicStmnt>
                                        <BasicStmnt CovItemId="S110" CovItemPrefix="org.jfree.data.test.DataUtilitesTest.java" Intrnl_Id="164">
                                            <LocList>
                                                <Loc EndOffset="8396" SrcFileId="1" StartOffset="8343"/>
                                            </LocList>
                                        </BasicStmnt>
                                        <BasicStmnt CovItemId="S111" CovItemPrefix="org.jfree.data.test.DataUtilitesTest.java" Intrnl_Id="165">
                                            <LocList>
                                                <Loc EndOffset="8417" SrcFileId="1" StartOffset="8400"/>
                                                <Loc EndOffset="8668" SrcFileId="1" StartOffset="8666"/>
                                            </LocList>
                                        </BasicStmnt>
                                        <BasicStmnt CovItemId="S118" CovItemPrefix="org.jfree.data.test.DataUtilitesTest.java" Intrnl_Id="166">
                                            <LocList>
                                                <Loc EndOffset="8732" SrcFileId="1" StartOffset="8672"/>
                                            </LocList>
                                        </BasicStmnt>
                                        <BasicStmnt CovItemId="S119" CovItemPrefix="org.jfree.data.test.DataUtilitesTest.java" Intrnl_Id="167">
                                            <LocList>
                                                <Loc EndOffset="8774" SrcFileId="1" StartOffset="8736"/>
                                            </LocList>
                                        </BasicStmnt>
                                    </StmntSeq>
                                    <HierarchyLvl HierarchyLvlId="4045" HierarchyLvlTypeId="4" Intrnl_Id="168" Name="org.jmock.Expectations">
                                        <Header>
                                            <Loc EndOffset="8445" SrcFileId="1" StartOffset="8421"/>
                                        </Header>
                                        <LocList>
                                            <Loc EndOffset="8666" SrcFileId="1" StartOffset="8417"/>
                                        </LocList>
                                        <StmntSeq Intrnl_Id="169">
                                            <LocList>
                                                <Loc EndOffset="8488" SrcFileId="1" StartOffset="8459"/>
                                                <Loc EndOffset="8516" SrcFileId="1" StartOffset="8495"/>
                                                <Loc EndOffset="8555" SrcFileId="1" StartOffset="8528"/>
                                                <Loc EndOffset="8582" SrcFileId="1" StartOffset="8561"/>
                                                <Loc EndOffset="8621" SrcFileId="1" StartOffset="8594"/>
                                                <Loc EndOffset="8649" SrcFileId="1" StartOffset="8628"/>
                                            </LocList>
                                            <BasicStmnt CovItemId="S112" CovItemPrefix="org.jfree.data.test.DataUtilitesTest.java" Intrnl_Id="170">
                                                <LocList>
                                                    <Loc EndOffset="8488" SrcFileId="1" StartOffset="8459"/>
                                                </LocList>
                                            </BasicStmnt>
                                            <BasicStmnt CovItemId="S113" CovItemPrefix="org.jfree.data.test.DataUtilitesTest.java" Intrnl_Id="171">
                                                <LocList>
                                                    <Loc EndOffset="8516" SrcFileId="1" StartOffset="8495"/>
                                                </LocList>
                                            </BasicStmnt>
                                            <BasicStmnt CovItemId="S114" CovItemPrefix="org.jfree.data.test.DataUtilitesTest.java" Intrnl_Id="172">
                                                <LocList>
                                                    <Loc EndOffset="8555" SrcFileId="1" StartOffset="8528"/>
                                                </LocList>
                                            </BasicStmnt>
                                            <BasicStmnt CovItemId="S115" CovItemPrefix="org.jfree.data.test.DataUtilitesTest.java" Intrnl_Id="173">
                                                <LocList>
                                                    <Loc EndOffset="8582" SrcFileId="1" StartOffset="8561"/>
                                                </LocList>
                                            </BasicStmnt>
                                            <BasicStmnt CovItemId="S116" CovItemPrefix="org.jfree.data.test.DataUtilitesTest.java" Intrnl_Id="174">
                                                <LocList>
                                                    <Loc EndOffset="8621" SrcFileId="1" StartOffset="8594"/>
                                                </LocList>
                                            </BasicStmnt>
                                            <BasicStmnt CovItemId="S117" CovItemPrefix="org.jfree.data.test.DataUtilitesTest.java" Intrnl_Id="175">
                                                <LocList>
                                                    <Loc EndOffset="8649" SrcFileId="1" StartOffset="8628"/>
                                                </LocList>
                                            </BasicStmnt>
                                        </StmntSeq>
                                    </HierarchyLvl>
                                </HierarchyLvl>
                                <HierarchyLvl HierarchyLvlId="4047" HierarchyLvlTypeId="5" Intrnl_Id="176" Name="createNumberArrayFourDoubleElements">
                                    <Header>
                                        <Loc EndOffset="8947" SrcFileId="1" StartOffset="8889"/>
                                    </Header>
                                    <LocList>
                                        <Loc EndOffset="9390" SrcFileId="1" StartOffset="8889"/>
                                    </LocList>
                                    <StmntSeq Intrnl_Id="177">
                                        <LocList>
                                            <Loc EndOffset="9007" SrcFileId="1" StartOffset="8953"/>
                                            <Loc EndOffset="9097" SrcFileId="1" StartOffset="9011"/>
                                            <Loc EndOffset="9171" SrcFileId="1" StartOffset="9101"/>
                                            <Loc EndOffset="9245" SrcFileId="1" StartOffset="9176"/>
                                            <Loc EndOffset="9317" SrcFileId="1" StartOffset="9248"/>
                                            <Loc EndOffset="9389" SrcFileId="1" StartOffset="9320"/>
                                        </LocList>
                                        <BasicStmnt CovItemId="S120" CovItemPrefix="org.jfree.data.test.DataUtilitesTest.java" Intrnl_Id="178">
                                            <LocList>
                                                <Loc EndOffset="9007" SrcFileId="1" StartOffset="8953"/>
                                            </LocList>
                                        </BasicStmnt>
                                        <BasicStmnt CovItemId="S121" CovItemPrefix="org.jfree.data.test.DataUtilitesTest.java" Intrnl_Id="179">
                                            <LocList>
                                                <Loc EndOffset="9097" SrcFileId="1" StartOffset="9011"/>
                                            </LocList>
                                        </BasicStmnt>
                                        <BasicStmnt CovItemId="S122" CovItemPrefix="org.jfree.data.test.DataUtilitesTest.java" Intrnl_Id="180">
                                            <LocList>
                                                <Loc EndOffset="9171" SrcFileId="1" StartOffset="9101"/>
                                            </LocList>
                                        </BasicStmnt>
                                        <BasicStmnt CovItemId="S123" CovItemPrefix="org.jfree.data.test.DataUtilitesTest.java" Intrnl_Id="181">
                                            <LocList>
                                                <Loc EndOffset="9245" SrcFileId="1" StartOffset="9176"/>
                                            </LocList>
                                        </BasicStmnt>
                                        <BasicStmnt CovItemId="S124" CovItemPrefix="org.jfree.data.test.DataUtilitesTest.java" Intrnl_Id="182">
                                            <LocList>
                                                <Loc EndOffset="9317" SrcFileId="1" StartOffset="9248"/>
                                            </LocList>
                                        </BasicStmnt>
                                        <BasicStmnt CovItemId="S125" CovItemPrefix="org.jfree.data.test.DataUtilitesTest.java" Intrnl_Id="183">
                                            <LocList>
                                                <Loc EndOffset="9389" SrcFileId="1" StartOffset="9320"/>
                                            </LocList>
                                        </BasicStmnt>
                                    </StmntSeq>
                                </HierarchyLvl>
                                <HierarchyLvl HierarchyLvlId="4048" HierarchyLvlTypeId="5" Intrnl_Id="184" Name="createNumberArrayThreeDoubleElements">
                                    <Header>
                                        <Loc EndOffset="9528" SrcFileId="1" StartOffset="9469"/>
                                    </Header>
                                    <LocList>
                                        <Loc EndOffset="9899" SrcFileId="1" StartOffset="9469"/>
                                    </LocList>
                                    <StmntSeq Intrnl_Id="185">
                                        <LocList>
                                            <Loc EndOffset="9588" SrcFileId="1" StartOffset="9534"/>
                                            <Loc EndOffset="9678" SrcFileId="1" StartOffset="9592"/>
                                            <Loc EndOffset="9752" SrcFileId="1" StartOffset="9682"/>
                                            <Loc EndOffset="9826" SrcFileId="1" StartOffset="9757"/>
                                            <Loc EndOffset="9898" SrcFileId="1" StartOffset="9829"/>
                                        </LocList>
                                        <BasicStmnt CovItemId="S126" CovItemPrefix="org.jfree.data.test.DataUtilitesTest.java" Intrnl_Id="186">
                                            <LocList>
                                                <Loc EndOffset="9588" SrcFileId="1" StartOffset="9534"/>
                                            </LocList>
                                        </BasicStmnt>
                                        <BasicStmnt CovItemId="S127" CovItemPrefix="org.jfree.data.test.DataUtilitesTest.java" Intrnl_Id="187">
                                            <LocList>
                                                <Loc EndOffset="9678" SrcFileId="1" StartOffset="9592"/>
                                            </LocList>
                                        </BasicStmnt>
                                        <BasicStmnt CovItemId="S128" CovItemPrefix="org.jfree.data.test.DataUtilitesTest.java" Intrnl_Id="188">
                                            <LocList>
                                                <Loc EndOffset="9752" SrcFileId="1" StartOffset="9682"/>
                                            </LocList>
                                        </BasicStmnt>
                                        <BasicStmnt CovItemId="S129" CovItemPrefix="org.jfree.data.test.DataUtilitesTest.java" Intrnl_Id="189">
                                            <LocList>
                                                <Loc EndOffset="9826" SrcFileId="1" StartOffset="9757"/>
                                            </LocList>
                                        </BasicStmnt>
                                        <BasicStmnt CovItemId="S130" CovItemPrefix="org.jfree.data.test.DataUtilitesTest.java" Intrnl_Id="190">
                                            <LocList>
                                                <Loc EndOffset="9898" SrcFileId="1" StartOffset="9829"/>
                                            </LocList>
                                        </BasicStmnt>
                                    </StmntSeq>
                                </HierarchyLvl>
                                <HierarchyLvl HierarchyLvlId="4049" HierarchyLvlTypeId="5" Intrnl_Id="191" Name="createNumberArraySizeTest">
                                    <Header>
                                        <Loc EndOffset="10004" SrcFileId="1" StartOffset="9957"/>
                                    </Header>
                                    <LocList>
                                        <Loc EndOffset="10248" SrcFileId="1" StartOffset="9957"/>
                                    </LocList>
                                    <StmntSeq Intrnl_Id="192">
                                        <LocList>
                                            <Loc EndOffset="10065" SrcFileId="1" StartOffset="10010"/>
                                            <Loc EndOffset="10156" SrcFileId="1" StartOffset="10069"/>
                                            <Loc EndOffset="10242" SrcFileId="1" StartOffset="10160"/>
                                        </LocList>
                                        <BasicStmnt CovItemId="S131" CovItemPrefix="org.jfree.data.test.DataUtilitesTest.java" Intrnl_Id="193">
                                            <LocList>
                                                <Loc EndOffset="10065" SrcFileId="1" StartOffset="10010"/>
                                            </LocList>
                                        </BasicStmnt>
                                        <BasicStmnt CovItemId="S132" CovItemPrefix="org.jfree.data.test.DataUtilitesTest.java" Intrnl_Id="194">
                                            <LocList>
                                                <Loc EndOffset="10156" SrcFileId="1" StartOffset="10069"/>
                                            </LocList>
                                        </BasicStmnt>
                                        <BasicStmnt CovItemId="S133" CovItemPrefix="org.jfree.data.test.DataUtilitesTest.java" Intrnl_Id="195">
                                            <LocList>
                                                <Loc EndOffset="10242" SrcFileId="1" StartOffset="10160"/>
                                            </LocList>
                                        </BasicStmnt>
                                    </StmntSeq>
                                </HierarchyLvl>
                                <HierarchyLvl HierarchyLvlId="4050" HierarchyLvlTypeId="5" Intrnl_Id="196" Name="createNumberArrayNullArgument">
                                    <Header>
                                        <Loc EndOffset="10449" SrcFileId="1" StartOffset="10337"/>
                                    </Header>
                                    <LocList>
                                        <Loc EndOffset="10498" SrcFileId="1" StartOffset="10337"/>
                                    </LocList>
                                    <StmntSeq Intrnl_Id="197">
                                        <LocList>
                                            <Loc EndOffset="10493" SrcFileId="1" StartOffset="10455"/>
                                        </LocList>
                                        <BasicStmnt CovItemId="S134" CovItemPrefix="org.jfree.data.test.DataUtilitesTest.java" Intrnl_Id="198">
                                            <LocList>
                                                <Loc EndOffset="10493" SrcFileId="1" StartOffset="10455"/>
                                            </LocList>
                                        </BasicStmnt>
                                    </StmntSeq>
                                </HierarchyLvl>
                                <HierarchyLvl HierarchyLvlId="4051" HierarchyLvlTypeId="5" Intrnl_Id="199" Name="create2DNumberArrayThreeDoubleElements">
                                    <Header>
                                        <Loc EndOffset="10629" SrcFileId="1" StartOffset="10569"/>
                                    </Header>
                                    <LocList>
                                        <Loc EndOffset="11138" SrcFileId="1" StartOffset="10569"/>
                                    </LocList>
                                    <StmntSeq Intrnl_Id="200">
                                        <LocList>
                                            <Loc EndOffset="10702" SrcFileId="1" StartOffset="10635"/>
                                            <Loc EndOffset="10807" SrcFileId="1" StartOffset="10706"/>
                                            <Loc EndOffset="10887" SrcFileId="1" StartOffset="10811"/>
                                            <Loc EndOffset="10968" SrcFileId="1" StartOffset="10893"/>
                                            <Loc EndOffset="11047" SrcFileId="1" StartOffset="10972"/>
                                            <Loc EndOffset="11129" SrcFileId="1" StartOffset="11055"/>
                                        </LocList>
                                        <BasicStmnt CovItemId="S135" CovItemPrefix="org.jfree.data.test.DataUtilitesTest.java" Intrnl_Id="201">
                                            <LocList>
                                                <Loc EndOffset="10702" SrcFileId="1" StartOffset="10635"/>
                                            </LocList>
                                        </BasicStmnt>
                                        <BasicStmnt CovItemId="S136" CovItemPrefix="org.jfree.data.test.DataUtilitesTest.java" Intrnl_Id="202">
                                            <LocList>
                                                <Loc EndOffset="10807" SrcFileId="1" StartOffset="10706"/>
                                            </LocList>
                                        </BasicStmnt>
                                        <BasicStmnt CovItemId="S137" CovItemPrefix="org.jfree.data.test.DataUtilitesTest.java" Intrnl_Id="203">
                                            <LocList>
                                                <Loc EndOffset="10887" SrcFileId="1" StartOffset="10811"/>
                                            </LocList>
                                        </BasicStmnt>
                                        <BasicStmnt CovItemId="S138" CovItemPrefix="org.jfree.data.test.DataUtilitesTest.java" Intrnl_Id="204">
                                            <LocList>
                                                <Loc EndOffset="10968" SrcFileId="1" StartOffset="10893"/>
                                            </LocList>
                                        </BasicStmnt>
                                        <BasicStmnt CovItemId="S139" CovItemPrefix="org.jfree.data.test.DataUtilitesTest.java" Intrnl_Id="205">
                                            <LocList>
                                                <Loc EndOffset="11047" SrcFileId="1" StartOffset="10972"/>
                                            </LocList>
                                        </BasicStmnt>
                                        <BasicStmnt CovItemId="S140" CovItemPrefix="org.jfree.data.test.DataUtilitesTest.java" Intrnl_Id="206">
                                            <LocList>
                                                <Loc EndOffset="11129" SrcFileId="1" StartOffset="11055"/>
                                            </LocList>
                                        </BasicStmnt>
                                    </StmntSeq>
                                </HierarchyLvl>
                                <HierarchyLvl HierarchyLvlId="4053" HierarchyLvlTypeId="5" Intrnl_Id="207" Name="lastTwoRowsZeroo">
                                    <Header>
                                        <Loc EndOffset="11182" SrcFileId="1" StartOffset="11144"/>
                                    </Header>
                                    <LocList>
                                        <Loc EndOffset="12016" SrcFileId="1" StartOffset="11144"/>
                                    </LocList>
                                    <StmntSeq Intrnl_Id="208">
                                        <LocList>
                                            <Loc EndOffset="11226" SrcFileId="1" StartOffset="11187"/>
                                            <Loc EndOffset="11296" SrcFileId="1" StartOffset="11230"/>
                                            <Loc EndOffset="11324" SrcFileId="1" StartOffset="11300"/>
                                            <Loc EndOffset="11806" SrcFileId="1" StartOffset="11804"/>
                                            <Loc EndOffset="11882" SrcFileId="1" StartOffset="11814"/>
                                            <Loc EndOffset="11924" SrcFileId="1" StartOffset="11886"/>
                                            <Loc EndOffset="11966" SrcFileId="1" StartOffset="11928"/>
                                            <Loc EndOffset="12008" SrcFileId="1" StartOffset="11970"/>
                                        </LocList>
                                        <BasicStmnt CovItemId="S141" CovItemPrefix="org.jfree.data.test.DataUtilitesTest.java" Intrnl_Id="209">
                                            <LocList>
                                                <Loc EndOffset="11226" SrcFileId="1" StartOffset="11187"/>
                                            </LocList>
                                        </BasicStmnt>
                                        <BasicStmnt CovItemId="S142" CovItemPrefix="org.jfree.data.test.DataUtilitesTest.java" Intrnl_Id="210">
                                            <LocList>
                                                <Loc EndOffset="11296" SrcFileId="1" StartOffset="11230"/>
                                            </LocList>
                                        </BasicStmnt>
                                        <BasicStmnt CovItemId="S143" CovItemPrefix="org.jfree.data.test.DataUtilitesTest.java" Intrnl_Id="211">
                                            <LocList>
                                                <Loc EndOffset="11324" SrcFileId="1" StartOffset="11300"/>
                                                <Loc EndOffset="11806" SrcFileId="1" StartOffset="11804"/>
                                            </LocList>
                                        </BasicStmnt>
                                        <BasicStmnt CovItemId="S158" CovItemPrefix="org.jfree.data.test.DataUtilitesTest.java" Intrnl_Id="212">
                                            <LocList>
                                                <Loc EndOffset="11882" SrcFileId="1" StartOffset="11814"/>
                                            </LocList>
                                        </BasicStmnt>
                                        <BasicStmnt CovItemId="S159" CovItemPrefix="org.jfree.data.test.DataUtilitesTest.java" Intrnl_Id="213">
                                            <LocList>
                                                <Loc EndOffset="11924" SrcFileId="1" StartOffset="11886"/>
                                            </LocList>
                                        </BasicStmnt>
                                        <BasicStmnt CovItemId="S160" CovItemPrefix="org.jfree.data.test.DataUtilitesTest.java" Intrnl_Id="214">
                                            <LocList>
                                                <Loc EndOffset="11966" SrcFileId="1" StartOffset="11928"/>
                                            </LocList>
                                        </BasicStmnt>
                                        <BasicStmnt CovItemId="S161" CovItemPrefix="org.jfree.data.test.DataUtilitesTest.java" Intrnl_Id="215">
                                            <LocList>
                                                <Loc EndOffset="12008" SrcFileId="1" StartOffset="11970"/>
                                            </LocList>
                                        </BasicStmnt>
                                    </StmntSeq>
                                    <HierarchyLvl HierarchyLvlId="4052" HierarchyLvlTypeId="4" Intrnl_Id="216" Name="Expectations">
                                        <Header>
                                            <Loc EndOffset="11342" SrcFileId="1" StartOffset="11328"/>
                                        </Header>
                                        <LocList>
                                            <Loc EndOffset="11804" SrcFileId="1" StartOffset="11324"/>
                                        </LocList>
                                        <StmntSeq Intrnl_Id="217">
                                            <LocList>
                                                <Loc EndOffset="11388" SrcFileId="1" StartOffset="11356"/>
                                                <Loc EndOffset="11415" SrcFileId="1" StartOffset="11394"/>
                                                <Loc EndOffset="11450" SrcFileId="1" StartOffset="11421"/>
                                                <Loc EndOffset="11477" SrcFileId="1" StartOffset="11456"/>
                                                <Loc EndOffset="11512" SrcFileId="1" StartOffset="11483"/>
                                                <Loc EndOffset="11539" SrcFileId="1" StartOffset="11518"/>
                                                <Loc EndOffset="11574" SrcFileId="1" StartOffset="11545"/>
                                                <Loc EndOffset="11601" SrcFileId="1" StartOffset="11580"/>
                                                <Loc EndOffset="11640" SrcFileId="1" StartOffset="11613"/>
                                                <Loc EndOffset="11667" SrcFileId="1" StartOffset="11646"/>
                                                <Loc EndOffset="11700" SrcFileId="1" StartOffset="11673"/>
                                                <Loc EndOffset="11727" SrcFileId="1" StartOffset="11706"/>
                                                <Loc EndOffset="11760" SrcFileId="1" StartOffset="11733"/>
                                                <Loc EndOffset="11787" SrcFileId="1" StartOffset="11766"/>
                                            </LocList>
                                            <BasicStmnt CovItemId="S144" CovItemPrefix="org.jfree.data.test.DataUtilitesTest.java" Intrnl_Id="218">
                                                <LocList>
                                                    <Loc EndOffset="11388" SrcFileId="1" StartOffset="11356"/>
                                                </LocList>
                                            </BasicStmnt>
                                            <BasicStmnt CovItemId="S145" CovItemPrefix="org.jfree.data.test.DataUtilitesTest.java" Intrnl_Id="219">
                                                <LocList>
                                                    <Loc EndOffset="11415" SrcFileId="1" StartOffset="11394"/>
                                                </LocList>
                                            </BasicStmnt>
                                            <BasicStmnt CovItemId="S146" CovItemPrefix="org.jfree.data.test.DataUtilitesTest.java" Intrnl_Id="220">
                                                <LocList>
                                                    <Loc EndOffset="11450" SrcFileId="1" StartOffset="11421"/>
                                                </LocList>
                                            </BasicStmnt>
                                            <BasicStmnt CovItemId="S147" CovItemPrefix="org.jfree.data.test.DataUtilitesTest.java" Intrnl_Id="221">
                                                <LocList>
                                                    <Loc EndOffset="11477" SrcFileId="1" StartOffset="11456"/>
                                                </LocList>
                                            </BasicStmnt>
                                            <BasicStmnt CovItemId="S148" CovItemPrefix="org.jfree.data.test.DataUtilitesTest.java" Intrnl_Id="222">
                                                <LocList>
                                                    <Loc EndOffset="11512" SrcFileId="1" StartOffset="11483"/>
                                                </LocList>
                                            </BasicStmnt>
                                            <BasicStmnt CovItemId="S149" CovItemPrefix="org.jfree.data.test.DataUtilitesTest.java" Intrnl_Id="223">
                                                <LocList>
                                                    <Loc EndOffset="11539" SrcFileId="1" StartOffset="11518"/>
                                                </LocList>
                                            </BasicStmnt>
                                            <BasicStmnt CovItemId="S150" CovItemPrefix="org.jfree.data.test.DataUtilitesTest.java" Intrnl_Id="224">
                                                <LocList>
                                                    <Loc EndOffset="11574" SrcFileId="1" StartOffset="11545"/>
                                                </LocList>
                                            </BasicStmnt>
                                            <BasicStmnt CovItemId="S151" CovItemPrefix="org.jfree.data.test.DataUtilitesTest.java" Intrnl_Id="225">
                                                <LocList>
                                                    <Loc EndOffset="11601" SrcFileId="1" StartOffset="11580"/>
                                                </LocList>
                                            </BasicStmnt>
                                            <BasicStmnt CovItemId="S152" CovItemPrefix="org.jfree.data.test.DataUtilitesTest.java" Intrnl_Id="226">
                                                <LocList>
                                                    <Loc EndOffset="11640" SrcFileId="1" StartOffset="11613"/>
                                                </LocList>
                                            </BasicStmnt>
                                            <BasicStmnt CovItemId="S153" CovItemPrefix="org.jfree.data.test.DataUtilitesTest.java" Intrnl_Id="227">
                                                <LocList>
                                                    <Loc EndOffset="11667" SrcFileId="1" StartOffset="11646"/>
                                                </LocList>
                                            </BasicStmnt>
                                            <BasicStmnt CovItemId="S154" CovItemPrefix="org.jfree.data.test.DataUtilitesTest.java" Intrnl_Id="228">
                                                <LocList>
                                                    <Loc EndOffset="11700" SrcFileId="1" StartOffset="11673"/>
                                                </LocList>
                                            </BasicStmnt>
                                            <BasicStmnt CovItemId="S155" CovItemPrefix="org.jfree.data.test.DataUtilitesTest.java" Intrnl_Id="229">
                                                <LocList>
                                                    <Loc EndOffset="11727" SrcFileId="1" StartOffset="11706"/>
                                                </LocList>
                                            </BasicStmnt>
                                            <BasicStmnt CovItemId="S156" CovItemPrefix="org.jfree.data.test.DataUtilitesTest.java" Intrnl_Id="230">
                                                <LocList>
                                                    <Loc EndOffset="11760" SrcFileId="1" StartOffset="11733"/>
                                                </LocList>
                                            </BasicStmnt>
                                            <BasicStmnt CovItemId="S157" CovItemPrefix="org.jfree.data.test.DataUtilitesTest.java" Intrnl_Id="231">
                                                <LocList>
                                                    <Loc EndOffset="11787" SrcFileId="1" StartOffset="11766"/>
                                                </LocList>
                                            </BasicStmnt>
                                        </StmntSeq>
                                    </HierarchyLvl>
                                </HierarchyLvl>
                                <HierarchyLvl HierarchyLvlId="4054" HierarchyLvlTypeId="5" Intrnl_Id="232" Name="create2DNumberArrayTwoDoubleElements">
                                    <Header>
                                        <Loc EndOffset="12156" SrcFileId="1" StartOffset="12098"/>
                                    </Header>
                                    <LocList>
                                        <Loc EndOffset="12669" SrcFileId="1" StartOffset="12098"/>
                                    </LocList>
                                    <StmntSeq Intrnl_Id="233">
                                        <LocList>
                                            <Loc EndOffset="12229" SrcFileId="1" StartOffset="12162"/>
                                            <Loc EndOffset="12334" SrcFileId="1" StartOffset="12233"/>
                                            <Loc EndOffset="12414" SrcFileId="1" StartOffset="12338"/>
                                            <Loc EndOffset="12495" SrcFileId="1" StartOffset="12420"/>
                                            <Loc EndOffset="12575" SrcFileId="1" StartOffset="12499"/>
                                            <Loc EndOffset="12656" SrcFileId="1" StartOffset="12581"/>
                                        </LocList>
                                        <BasicStmnt CovItemId="S162" CovItemPrefix="org.jfree.data.test.DataUtilitesTest.java" Intrnl_Id="234">
                                            <LocList>
                                                <Loc EndOffset="12229" SrcFileId="1" StartOffset="12162"/>
                                            </LocList>
                                        </BasicStmnt>
                                        <BasicStmnt CovItemId="S163" CovItemPrefix="org.jfree.data.test.DataUtilitesTest.java" Intrnl_Id="235">
                                            <LocList>
                                                <Loc EndOffset="12334" SrcFileId="1" StartOffset="12233"/>
                                            </LocList>
                                        </BasicStmnt>
                                        <BasicStmnt CovItemId="S164" CovItemPrefix="org.jfree.data.test.DataUtilitesTest.java" Intrnl_Id="236">
                                            <LocList>
                                                <Loc EndOffset="12414" SrcFileId="1" StartOffset="12338"/>
                                            </LocList>
                                        </BasicStmnt>
                                        <BasicStmnt CovItemId="S165" CovItemPrefix="org.jfree.data.test.DataUtilitesTest.java" Intrnl_Id="237">
                                            <LocList>
                                                <Loc EndOffset="12495" SrcFileId="1" StartOffset="12420"/>
                                            </LocList>
                                        </BasicStmnt>
                                        <BasicStmnt CovItemId="S166" CovItemPrefix="org.jfree.data.test.DataUtilitesTest.java" Intrnl_Id="238">
                                            <LocList>
                                                <Loc EndOffset="12575" SrcFileId="1" StartOffset="12499"/>
                                            </LocList>
                                        </BasicStmnt>
                                        <BasicStmnt CovItemId="S167" CovItemPrefix="org.jfree.data.test.DataUtilitesTest.java" Intrnl_Id="239">
                                            <LocList>
                                                <Loc EndOffset="12656" SrcFileId="1" StartOffset="12581"/>
                                            </LocList>
                                        </BasicStmnt>
                                    </StmntSeq>
                                </HierarchyLvl>
                                <HierarchyLvl HierarchyLvlId="4055" HierarchyLvlTypeId="5" Intrnl_Id="240" Name="create2DNumberArraySizeTest">
                                    <Header>
                                        <Loc EndOffset="12776" SrcFileId="1" StartOffset="12727"/>
                                    </Header>
                                    <LocList>
                                        <Loc EndOffset="13044" SrcFileId="1" StartOffset="12727"/>
                                    </LocList>
                                    <StmntSeq Intrnl_Id="241">
                                        <LocList>
                                            <Loc EndOffset="12849" SrcFileId="1" StartOffset="12782"/>
                                            <Loc EndOffset="12954" SrcFileId="1" StartOffset="12853"/>
                                            <Loc EndOffset="13038" SrcFileId="1" StartOffset="12958"/>
                                        </LocList>
                                        <BasicStmnt CovItemId="S168" CovItemPrefix="org.jfree.data.test.DataUtilitesTest.java" Intrnl_Id="242">
                                            <LocList>
                                                <Loc EndOffset="12849" SrcFileId="1" StartOffset="12782"/>
                                            </LocList>
                                        </BasicStmnt>
                                        <BasicStmnt CovItemId="S169" CovItemPrefix="org.jfree.data.test.DataUtilitesTest.java" Intrnl_Id="243">
                                            <LocList>
                                                <Loc EndOffset="12954" SrcFileId="1" StartOffset="12853"/>
                                            </LocList>
                                        </BasicStmnt>
                                        <BasicStmnt CovItemId="S170" CovItemPrefix="org.jfree.data.test.DataUtilitesTest.java" Intrnl_Id="244">
                                            <LocList>
                                                <Loc EndOffset="13038" SrcFileId="1" StartOffset="12958"/>
                                            </LocList>
                                        </BasicStmnt>
                                    </StmntSeq>
                                </HierarchyLvl>
                                <HierarchyLvl HierarchyLvlId="4056" HierarchyLvlTypeId="5" Intrnl_Id="245" Name="create2DNumberArrayNullArgument">
                                    <Header>
                                        <Loc EndOffset="13248" SrcFileId="1" StartOffset="13134"/>
                                    </Header>
                                    <LocList>
                                        <Loc EndOffset="13299" SrcFileId="1" StartOffset="13134"/>
                                    </LocList>
                                    <StmntSeq Intrnl_Id="246">
                                        <LocList>
                                            <Loc EndOffset="13294" SrcFileId="1" StartOffset="13254"/>
                                        </LocList>
                                        <BasicStmnt CovItemId="S171" CovItemPrefix="org.jfree.data.test.DataUtilitesTest.java" Intrnl_Id="247">
                                            <LocList>
                                                <Loc EndOffset="13294" SrcFileId="1" StartOffset="13254"/>
                                            </LocList>
                                        </BasicStmnt>
                                    </StmntSeq>
                                </HierarchyLvl>
                                <HierarchyLvl HierarchyLvlId="4058" HierarchyLvlTypeId="5" Intrnl_Id="248" Name="testingAllElements">
                                    <Header>
                                        <Loc EndOffset="13425" SrcFileId="1" StartOffset="13384"/>
                                    </Header>
                                    <LocList>
                                        <Loc EndOffset="14390" SrcFileId="1" StartOffset="13384"/>
                                    </LocList>
                                    <StmntSeq Intrnl_Id="249">
                                        <LocList>
                                            <Loc EndOffset="13469" SrcFileId="1" StartOffset="13430"/>
                                            <Loc EndOffset="13542" SrcFileId="1" StartOffset="13473"/>
                                            <Loc EndOffset="13571" SrcFileId="1" StartOffset="13547"/>
                                            <Loc EndOffset="14159" SrcFileId="1" StartOffset="14157"/>
                                            <Loc EndOffset="14240" SrcFileId="1" StartOffset="14169"/>
                                            <Loc EndOffset="14315" SrcFileId="1" StartOffset="14250"/>
                                            <Loc EndOffset="14385" SrcFileId="1" StartOffset="14320"/>
                                        </LocList>
                                        <BasicStmnt CovItemId="S172" CovItemPrefix="org.jfree.data.test.DataUtilitesTest.java" Intrnl_Id="250">
                                            <LocList>
                                                <Loc EndOffset="13469" SrcFileId="1" StartOffset="13430"/>
                                            </LocList>
                                        </BasicStmnt>
                                        <BasicStmnt CovItemId="S173" CovItemPrefix="org.jfree.data.test.DataUtilitesTest.java" Intrnl_Id="251">
                                            <LocList>
                                                <Loc EndOffset="13542" SrcFileId="1" StartOffset="13473"/>
                                            </LocList>
                                        </BasicStmnt>
                                        <BasicStmnt CovItemId="S174" CovItemPrefix="org.jfree.data.test.DataUtilitesTest.java" Intrnl_Id="252">
                                            <LocList>
                                                <Loc EndOffset="13571" SrcFileId="1" StartOffset="13547"/>
                                                <Loc EndOffset="14159" SrcFileId="1" StartOffset="14157"/>
                                            </LocList>
                                        </BasicStmnt>
                                        <BasicStmnt CovItemId="S189" CovItemPrefix="org.jfree.data.test.DataUtilitesTest.java" Intrnl_Id="253">
                                            <LocList>
                                                <Loc EndOffset="14240" SrcFileId="1" StartOffset="14169"/>
                                            </LocList>
                                        </BasicStmnt>
                                        <BasicStmnt CovItemId="S190" CovItemPrefix="org.jfree.data.test.DataUtilitesTest.java" Intrnl_Id="254">
                                            <LocList>
                                                <Loc EndOffset="14315" SrcFileId="1" StartOffset="14250"/>
                                            </LocList>
                                        </BasicStmnt>
                                        <BasicStmnt CovItemId="S191" CovItemPrefix="org.jfree.data.test.DataUtilitesTest.java" Intrnl_Id="255">
                                            <LocList>
                                                <Loc EndOffset="14385" SrcFileId="1" StartOffset="14320"/>
                                            </LocList>
                                        </BasicStmnt>
                                    </StmntSeq>
                                    <HierarchyLvl HierarchyLvlId="4057" HierarchyLvlTypeId="4" Intrnl_Id="256" Name="Expectations">
                                        <Header>
                                            <Loc EndOffset="13589" SrcFileId="1" StartOffset="13575"/>
                                        </Header>
                                        <LocList>
                                            <Loc EndOffset="14157" SrcFileId="1" StartOffset="13571"/>
                                        </LocList>
                                        <StmntSeq Intrnl_Id="257">
                                            <LocList>
                                                <Loc EndOffset="13643" SrcFileId="1" StartOffset="13603"/>
                                                <Loc EndOffset="13670" SrcFileId="1" StartOffset="13649"/>
                                                <Loc EndOffset="13725" SrcFileId="1" StartOffset="13688"/>
                                                <Loc EndOffset="13752" SrcFileId="1" StartOffset="13731"/>
                                                <Loc EndOffset="13801" SrcFileId="1" StartOffset="13764"/>
                                                <Loc EndOffset="13828" SrcFileId="1" StartOffset="13807"/>
                                                <Loc EndOffset="13877" SrcFileId="1" StartOffset="13840"/>
                                                <Loc EndOffset="13904" SrcFileId="1" StartOffset="13883"/>
                                                <Loc EndOffset="13951" SrcFileId="1" StartOffset="13916"/>
                                                <Loc EndOffset="13983" SrcFileId="1" StartOffset="13957"/>
                                                <Loc EndOffset="14030" SrcFileId="1" StartOffset="13995"/>
                                                <Loc EndOffset="14062" SrcFileId="1" StartOffset="14036"/>
                                                <Loc EndOffset="14109" SrcFileId="1" StartOffset="14074"/>
                                                <Loc EndOffset="14141" SrcFileId="1" StartOffset="14115"/>
                                            </LocList>
                                            <BasicStmnt CovItemId="S175" CovItemPrefix="org.jfree.data.test.DataUtilitesTest.java" Intrnl_Id="258">
                                                <LocList>
                                                    <Loc EndOffset="13643" SrcFileId="1" StartOffset="13603"/>
                                                </LocList>
                                            </BasicStmnt>
                                            <BasicStmnt CovItemId="S176" CovItemPrefix="org.jfree.data.test.DataUtilitesTest.java" Intrnl_Id="259">
                                                <LocList>
                                                    <Loc EndOffset="13670" SrcFileId="1" StartOffset="13649"/>
                                                </LocList>
                                            </BasicStmnt>
                                            <BasicStmnt CovItemId="S177" CovItemPrefix="org.jfree.data.test.DataUtilitesTest.java" Intrnl_Id="260">
                                                <LocList>
                                                    <Loc EndOffset="13725" SrcFileId="1" StartOffset="13688"/>
                                                </LocList>
                                            </BasicStmnt>
                                            <BasicStmnt CovItemId="S178" CovItemPrefix="org.jfree.data.test.DataUtilitesTest.java" Intrnl_Id="261">
                                                <LocList>
                                                    <Loc EndOffset="13752" SrcFileId="1" StartOffset="13731"/>
                                                </LocList>
                                            </BasicStmnt>
                                            <BasicStmnt CovItemId="S179" CovItemPrefix="org.jfree.data.test.DataUtilitesTest.java" Intrnl_Id="262">
                                                <LocList>
                                                    <Loc EndOffset="13801" SrcFileId="1" StartOffset="13764"/>
                                                </LocList>
                                            </BasicStmnt>
                                            <BasicStmnt CovItemId="S180" CovItemPrefix="org.jfree.data.test.DataUtilitesTest.java" Intrnl_Id="263">
                                                <LocList>
                                                    <Loc EndOffset="13828" SrcFileId="1" StartOffset="13807"/>
                                                </LocList>
                                            </BasicStmnt>
                                            <BasicStmnt CovItemId="S181" CovItemPrefix="org.jfree.data.test.DataUtilitesTest.java" Intrnl_Id="264">
                                                <LocList>
                                                    <Loc EndOffset="13877" SrcFileId="1" StartOffset="13840"/>
                                                </LocList>
                                            </BasicStmnt>
                                            <BasicStmnt CovItemId="S182" CovItemPrefix="org.jfree.data.test.DataUtilitesTest.java" Intrnl_Id="265">
                                                <LocList>
                                                    <Loc EndOffset="13904" SrcFileId="1" StartOffset="13883"/>
                                                </LocList>
                                            </BasicStmnt>
                                            <BasicStmnt CovItemId="S183" CovItemPrefix="org.jfree.data.test.DataUtilitesTest.java" Intrnl_Id="266">
                                                <LocList>
                                                    <Loc EndOffset="13951" SrcFileId="1" StartOffset="13916"/>
                                                </LocList>
                                            </BasicStmnt>
                                            <BasicStmnt CovItemId="S184" CovItemPrefix="org.jfree.data.test.DataUtilitesTest.java" Intrnl_Id="267">
                                                <LocList>
                                                    <Loc EndOffset="13983" SrcFileId="1" StartOffset="13957"/>
                                                </LocList>
                                            </BasicStmnt>
                                            <BasicStmnt CovItemId="S185" CovItemPrefix="org.jfree.data.test.DataUtilitesTest.java" Intrnl_Id="268">
                                                <LocList>
                                                    <Loc EndOffset="14030" SrcFileId="1" StartOffset="13995"/>
                                                </LocList>
                                            </BasicStmnt>
                                            <BasicStmnt CovItemId="S186" CovItemPrefix="org.jfree.data.test.DataUtilitesTest.java" Intrnl_Id="269">
                                                <LocList>
                                                    <Loc EndOffset="14062" SrcFileId="1" StartOffset="14036"/>
                                                </LocList>
                                            </BasicStmnt>
                                            <BasicStmnt CovItemId="S187" CovItemPrefix="org.jfree.data.test.DataUtilitesTest.java" Intrnl_Id="270">
                                                <LocList>
                                                    <Loc EndOffset="14109" SrcFileId="1" StartOffset="14074"/>
                                                </LocList>
                                            </BasicStmnt>
                                            <BasicStmnt CovItemId="S188" CovItemPrefix="org.jfree.data.test.DataUtilitesTest.java" Intrnl_Id="271">
                                                <LocList>
                                                    <Loc EndOffset="14141" SrcFileId="1" StartOffset="14115"/>
                                                </LocList>
                                            </BasicStmnt>
                                        </StmntSeq>
                                    </HierarchyLvl>
                                </HierarchyLvl>
                                <HierarchyLvl HierarchyLvlId="4060" HierarchyLvlTypeId="5" Intrnl_Id="272" Name="allZeroRows">
                                    <Header>
                                        <Loc EndOffset="14472" SrcFileId="1" StartOffset="14438"/>
                                    </Header>
                                    <LocList>
                                        <Loc EndOffset="15509" SrcFileId="1" StartOffset="14438"/>
                                    </LocList>
                                    <StmntSeq Intrnl_Id="273">
                                        <LocList>
                                            <Loc EndOffset="14517" SrcFileId="1" StartOffset="14478"/>
                                            <Loc EndOffset="14588" SrcFileId="1" StartOffset="14522"/>
                                            <Loc EndOffset="14617" SrcFileId="1" StartOffset="14593"/>
                                            <Loc EndOffset="15230" SrcFileId="1" StartOffset="15228"/>
                                            <Loc EndOffset="15308" SrcFileId="1" StartOffset="15240"/>
                                            <Loc EndOffset="15357" SrcFileId="1" StartOffset="15313"/>
                                            <Loc EndOffset="15406" SrcFileId="1" StartOffset="15362"/>
                                            <Loc EndOffset="15455" SrcFileId="1" StartOffset="15411"/>
                                            <Loc EndOffset="15504" SrcFileId="1" StartOffset="15460"/>
                                        </LocList>
                                        <BasicStmnt CovItemId="S192" CovItemPrefix="org.jfree.data.test.DataUtilitesTest.java" Intrnl_Id="274">
                                            <LocList>
                                                <Loc EndOffset="14517" SrcFileId="1" StartOffset="14478"/>
                                            </LocList>
                                        </BasicStmnt>
                                        <BasicStmnt CovItemId="S193" CovItemPrefix="org.jfree.data.test.DataUtilitesTest.java" Intrnl_Id="275">
                                            <LocList>
                                                <Loc EndOffset="14588" SrcFileId="1" StartOffset="14522"/>
                                            </LocList>
                                        </BasicStmnt>
                                        <BasicStmnt CovItemId="S194" CovItemPrefix="org.jfree.data.test.DataUtilitesTest.java" Intrnl_Id="276">
                                            <LocList>
                                                <Loc EndOffset="14617" SrcFileId="1" StartOffset="14593"/>
                                                <Loc EndOffset="15230" SrcFileId="1" StartOffset="15228"/>
                                            </LocList>
                                        </BasicStmnt>
                                        <BasicStmnt CovItemId="S213" CovItemPrefix="org.jfree.data.test.DataUtilitesTest.java" Intrnl_Id="277">
                                            <LocList>
                                                <Loc EndOffset="15308" SrcFileId="1" StartOffset="15240"/>
                                            </LocList>
                                        </BasicStmnt>
                                        <BasicStmnt CovItemId="S214" CovItemPrefix="org.jfree.data.test.DataUtilitesTest.java" Intrnl_Id="278">
                                            <LocList>
                                                <Loc EndOffset="15357" SrcFileId="1" StartOffset="15313"/>
                                            </LocList>
                                        </BasicStmnt>
                                        <BasicStmnt CovItemId="S215" CovItemPrefix="org.jfree.data.test.DataUtilitesTest.java" Intrnl_Id="279">
                                            <LocList>
                                                <Loc EndOffset="15406" SrcFileId="1" StartOffset="15362"/>
                                            </LocList>
                                        </BasicStmnt>
                                        <BasicStmnt CovItemId="S216" CovItemPrefix="org.jfree.data.test.DataUtilitesTest.java" Intrnl_Id="280">
                                            <LocList>
                                                <Loc EndOffset="15455" SrcFileId="1" StartOffset="15411"/>
                                            </LocList>
                                        </BasicStmnt>
                                        <BasicStmnt CovItemId="S217" CovItemPrefix="org.jfree.data.test.DataUtilitesTest.java" Intrnl_Id="281">
                                            <LocList>
                                                <Loc EndOffset="15504" SrcFileId="1" StartOffset="15460"/>
                                            </LocList>
                                        </BasicStmnt>
                                    </StmntSeq>
                                    <HierarchyLvl HierarchyLvlId="4059" HierarchyLvlTypeId="4" Intrnl_Id="282" Name="Expectations">
                                        <Header>
                                            <Loc EndOffset="14635" SrcFileId="1" StartOffset="14621"/>
                                        </Header>
                                        <LocList>
                                            <Loc EndOffset="15228" SrcFileId="1" StartOffset="14617"/>
                                        </LocList>
                                        <StmntSeq Intrnl_Id="283">
                                            <LocList>
                                                <Loc EndOffset="14683" SrcFileId="1" StartOffset="14651"/>
                                                <Loc EndOffset="14711" SrcFileId="1" StartOffset="14690"/>
                                                <Loc EndOffset="14747" SrcFileId="1" StartOffset="14718"/>
                                                <Loc EndOffset="14775" SrcFileId="1" StartOffset="14754"/>
                                                <Loc EndOffset="14811" SrcFileId="1" StartOffset="14782"/>
                                                <Loc EndOffset="14839" SrcFileId="1" StartOffset="14818"/>
                                                <Loc EndOffset="14875" SrcFileId="1" StartOffset="14846"/>
                                                <Loc EndOffset="14903" SrcFileId="1" StartOffset="14882"/>
                                                <Loc EndOffset="14939" SrcFileId="1" StartOffset="14910"/>
                                                <Loc EndOffset="14967" SrcFileId="1" StartOffset="14946"/>
                                                <Loc EndOffset="15001" SrcFileId="1" StartOffset="14974"/>
                                                <Loc EndOffset="15029" SrcFileId="1" StartOffset="15008"/>
                                                <Loc EndOffset="15063" SrcFileId="1" StartOffset="15036"/>
                                                <Loc EndOffset="15091" SrcFileId="1" StartOffset="15070"/>
                                                <Loc EndOffset="15125" SrcFileId="1" StartOffset="15098"/>
                                                <Loc EndOffset="15153" SrcFileId="1" StartOffset="15132"/>
                                                <Loc EndOffset="15187" SrcFileId="1" StartOffset="15160"/>
                                                <Loc EndOffset="15215" SrcFileId="1" StartOffset="15194"/>
                                            </LocList>
                                            <BasicStmnt CovItemId="S195" CovItemPrefix="org.jfree.data.test.DataUtilitesTest.java" Intrnl_Id="284">
                                                <LocList>
                                                    <Loc EndOffset="14683" SrcFileId="1" StartOffset="14651"/>
                                                </LocList>
                                            </BasicStmnt>
                                            <BasicStmnt CovItemId="S196" CovItemPrefix="org.jfree.data.test.DataUtilitesTest.java" Intrnl_Id="285">
                                                <LocList>
                                                    <Loc EndOffset="14711" SrcFileId="1" StartOffset="14690"/>
                                                </LocList>
                                            </BasicStmnt>
                                            <BasicStmnt CovItemId="S197" CovItemPrefix="org.jfree.data.test.DataUtilitesTest.java" Intrnl_Id="286">
                                                <LocList>
                                                    <Loc EndOffset="14747" SrcFileId="1" StartOffset="14718"/>
                                                </LocList>
                                            </BasicStmnt>
                                            <BasicStmnt CovItemId="S198" CovItemPrefix="org.jfree.data.test.DataUtilitesTest.java" Intrnl_Id="287">
                                                <LocList>
                                                    <Loc EndOffset="14775" SrcFileId="1" StartOffset="14754"/>
                                                </LocList>
                                            </BasicStmnt>
                                            <BasicStmnt CovItemId="S199" CovItemPrefix="org.jfree.data.test.DataUtilitesTest.java" Intrnl_Id="288">
                                                <LocList>
                                                    <Loc EndOffset="14811" SrcFileId="1" StartOffset="14782"/>
                                                </LocList>
                                            </BasicStmnt>
                                            <BasicStmnt CovItemId="S200" CovItemPrefix="org.jfree.data.test.DataUtilitesTest.java" Intrnl_Id="289">
                                                <LocList>
                                                    <Loc EndOffset="14839" SrcFileId="1" StartOffset="14818"/>
                                                </LocList>
                                            </BasicStmnt>
                                            <BasicStmnt CovItemId="S201" CovItemPrefix="org.jfree.data.test.DataUtilitesTest.java" Intrnl_Id="290">
                                                <LocList>
                                                    <Loc EndOffset="14875" SrcFileId="1" StartOffset="14846"/>
                                                </LocList>
                                            </BasicStmnt>
                                            <BasicStmnt CovItemId="S202" CovItemPrefix="org.jfree.data.test.DataUtilitesTest.java" Intrnl_Id="291">
                                                <LocList>
                                                    <Loc EndOffset="14903" SrcFileId="1" StartOffset="14882"/>
                                                </LocList>
                                            </BasicStmnt>
                                            <BasicStmnt CovItemId="S203" CovItemPrefix="org.jfree.data.test.DataUtilitesTest.java" Intrnl_Id="292">
                                                <LocList>
                                                    <Loc EndOffset="14939" SrcFileId="1" StartOffset="14910"/>
                                                </LocList>
                                            </BasicStmnt>
                                            <BasicStmnt CovItemId="S204" CovItemPrefix="org.jfree.data.test.DataUtilitesTest.java" Intrnl_Id="293">
                                                <LocList>
                                                    <Loc EndOffset="14967" SrcFileId="1" StartOffset="14946"/>
                                                </LocList>
                                            </BasicStmnt>
                                            <BasicStmnt CovItemId="S205" CovItemPrefix="org.jfree.data.test.DataUtilitesTest.java" Intrnl_Id="294">
                                                <LocList>
                                                    <Loc EndOffset="15001" SrcFileId="1" StartOffset="14974"/>
                                                </LocList>
                                            </BasicStmnt>
                                            <BasicStmnt CovItemId="S206" CovItemPrefix="org.jfree.data.test.DataUtilitesTest.java" Intrnl_Id="295">
                                                <LocList>
                                                    <Loc EndOffset="15029" SrcFileId="1" StartOffset="15008"/>
                                                </LocList>
                                            </BasicStmnt>
                                            <BasicStmnt CovItemId="S207" CovItemPrefix="org.jfree.data.test.DataUtilitesTest.java" Intrnl_Id="296">
                                                <LocList>
                                                    <Loc EndOffset="15063" SrcFileId="1" StartOffset="15036"/>
                                                </LocList>
                                            </BasicStmnt>
                                            <BasicStmnt CovItemId="S208" CovItemPrefix="org.jfree.data.test.DataUtilitesTest.java" Intrnl_Id="297">
                                                <LocList>
                                                    <Loc EndOffset="15091" SrcFileId="1" StartOffset="15070"/>
                                                </LocList>
                                            </BasicStmnt>
                                            <BasicStmnt CovItemId="S209" CovItemPrefix="org.jfree.data.test.DataUtilitesTest.java" Intrnl_Id="298">
                                                <LocList>
                                                    <Loc EndOffset="15125" SrcFileId="1" StartOffset="15098"/>
                                                </LocList>
                                            </BasicStmnt>
                                            <BasicStmnt CovItemId="S210" CovItemPrefix="org.jfree.data.test.DataUtilitesTest.java" Intrnl_Id="299">
                                                <LocList>
                                                    <Loc EndOffset="15153" SrcFileId="1" StartOffset="15132"/>
                                                </LocList>
                                            </BasicStmnt>
                                            <BasicStmnt CovItemId="S211" CovItemPrefix="org.jfree.data.test.DataUtilitesTest.java" Intrnl_Id="300">
                                                <LocList>
                                                    <Loc EndOffset="15187" SrcFileId="1" StartOffset="15160"/>
                                                </LocList>
                                            </BasicStmnt>
                                            <BasicStmnt CovItemId="S212" CovItemPrefix="org.jfree.data.test.DataUtilitesTest.java" Intrnl_Id="301">
                                                <LocList>
                                                    <Loc EndOffset="15215" SrcFileId="1" StartOffset="15194"/>
                                                </LocList>
                                            </BasicStmnt>
                                        </StmntSeq>
                                    </HierarchyLvl>
                                </HierarchyLvl>
                                <HierarchyLvl HierarchyLvlId="4062" HierarchyLvlTypeId="5" Intrnl_Id="302" Name="lastTwoRowsZero">
                                    <Header>
                                        <Loc EndOffset="15599" SrcFileId="1" StartOffset="15561"/>
                                    </Header>
                                    <LocList>
                                        <Loc EndOffset="16462" SrcFileId="1" StartOffset="15561"/>
                                    </LocList>
                                    <StmntSeq Intrnl_Id="303">
                                        <LocList>
                                            <Loc EndOffset="15644" SrcFileId="1" StartOffset="15605"/>
                                            <Loc EndOffset="15715" SrcFileId="1" StartOffset="15649"/>
                                            <Loc EndOffset="15744" SrcFileId="1" StartOffset="15720"/>
                                            <Loc EndOffset="16245" SrcFileId="1" StartOffset="16243"/>
                                            <Loc EndOffset="16323" SrcFileId="1" StartOffset="16255"/>
                                            <Loc EndOffset="16366" SrcFileId="1" StartOffset="16328"/>
                                            <Loc EndOffset="16409" SrcFileId="1" StartOffset="16371"/>
                                            <Loc EndOffset="16452" SrcFileId="1" StartOffset="16414"/>
                                        </LocList>
                                        <BasicStmnt CovItemId="S218" CovItemPrefix="org.jfree.data.test.DataUtilitesTest.java" Intrnl_Id="304">
                                            <LocList>
                                                <Loc EndOffset="15644" SrcFileId="1" StartOffset="15605"/>
                                            </LocList>
                                        </BasicStmnt>
                                        <BasicStmnt CovItemId="S219" CovItemPrefix="org.jfree.data.test.DataUtilitesTest.java" Intrnl_Id="305">
                                            <LocList>
                                                <Loc EndOffset="15715" SrcFileId="1" StartOffset="15649"/>
                                            </LocList>
                                        </BasicStmnt>
                                        <BasicStmnt CovItemId="S220" CovItemPrefix="org.jfree.data.test.DataUtilitesTest.java" Intrnl_Id="306">
                                            <LocList>
                                                <Loc EndOffset="15744" SrcFileId="1" StartOffset="15720"/>
                                                <Loc EndOffset="16245" SrcFileId="1" StartOffset="16243"/>
                                            </LocList>
                                        </BasicStmnt>
                                        <BasicStmnt CovItemId="S235" CovItemPrefix="org.jfree.data.test.DataUtilitesTest.java" Intrnl_Id="307">
                                            <LocList>
                                                <Loc EndOffset="16323" SrcFileId="1" StartOffset="16255"/>
                                            </LocList>
                                        </BasicStmnt>
                                        <BasicStmnt CovItemId="S236" CovItemPrefix="org.jfree.data.test.DataUtilitesTest.java" Intrnl_Id="308">
                                            <LocList>
                                                <Loc EndOffset="16366" SrcFileId="1" StartOffset="16328"/>
                                            </LocList>
                                        </BasicStmnt>
                                        <BasicStmnt CovItemId="S237" CovItemPrefix="org.jfree.data.test.DataUtilitesTest.java" Intrnl_Id="309">
                                            <LocList>
                                                <Loc EndOffset="16409" SrcFileId="1" StartOffset="16371"/>
                                            </LocList>
                                        </BasicStmnt>
                                        <BasicStmnt CovItemId="S238" CovItemPrefix="org.jfree.data.test.DataUtilitesTest.java" Intrnl_Id="310">
                                            <LocList>
                                                <Loc EndOffset="16452" SrcFileId="1" StartOffset="16414"/>
                                            </LocList>
                                        </BasicStmnt>
                                    </StmntSeq>
                                    <HierarchyLvl HierarchyLvlId="4061" HierarchyLvlTypeId="4" Intrnl_Id="311" Name="Expectations">
                                        <Header>
                                            <Loc EndOffset="15762" SrcFileId="1" StartOffset="15748"/>
                                        </Header>
                                        <LocList>
                                            <Loc EndOffset="16243" SrcFileId="1" StartOffset="15744"/>
                                        </LocList>
                                        <StmntSeq Intrnl_Id="312">
                                            <LocList>
                                                <Loc EndOffset="15810" SrcFileId="1" StartOffset="15778"/>
                                                <Loc EndOffset="15838" SrcFileId="1" StartOffset="15817"/>
                                                <Loc EndOffset="15874" SrcFileId="1" StartOffset="15845"/>
                                                <Loc EndOffset="15902" SrcFileId="1" StartOffset="15881"/>
                                                <Loc EndOffset="15938" SrcFileId="1" StartOffset="15909"/>
                                                <Loc EndOffset="15966" SrcFileId="1" StartOffset="15945"/>
                                                <Loc EndOffset="16002" SrcFileId="1" StartOffset="15973"/>
                                                <Loc EndOffset="16030" SrcFileId="1" StartOffset="16009"/>
                                                <Loc EndOffset="16071" SrcFileId="1" StartOffset="16044"/>
                                                <Loc EndOffset="16099" SrcFileId="1" StartOffset="16078"/>
                                                <Loc EndOffset="16133" SrcFileId="1" StartOffset="16106"/>
                                                <Loc EndOffset="16161" SrcFileId="1" StartOffset="16140"/>
                                                <Loc EndOffset="16195" SrcFileId="1" StartOffset="16168"/>
                                                <Loc EndOffset="16223" SrcFileId="1" StartOffset="16202"/>
                                            </LocList>
                                            <BasicStmnt CovItemId="S221" CovItemPrefix="org.jfree.data.test.DataUtilitesTest.java" Intrnl_Id="313">
                                                <LocList>
                                                    <Loc EndOffset="15810" SrcFileId="1" StartOffset="15778"/>
                                                </LocList>
                                            </BasicStmnt>
                                            <BasicStmnt CovItemId="S222" CovItemPrefix="org.jfree.data.test.DataUtilitesTest.java" Intrnl_Id="314">
                                                <LocList>
                                                    <Loc EndOffset="15838" SrcFileId="1" StartOffset="15817"/>
                                                </LocList>
                                            </BasicStmnt>
                                            <BasicStmnt CovItemId="S223" CovItemPrefix="org.jfree.data.test.DataUtilitesTest.java" Intrnl_Id="315">
                                                <LocList>
                                                    <Loc EndOffset="15874" SrcFileId="1" StartOffset="15845"/>
                                                </LocList>
                                            </BasicStmnt>
                                            <BasicStmnt CovItemId="S224" CovItemPrefix="org.jfree.data.test.DataUtilitesTest.java" Intrnl_Id="316">
                                                <LocList>
                                                    <Loc EndOffset="15902" SrcFileId="1" StartOffset="15881"/>
                                                </LocList>
                                            </BasicStmnt>
                                            <BasicStmnt CovItemId="S225" CovItemPrefix="org.jfree.data.test.DataUtilitesTest.java" Intrnl_Id="317">
                                                <LocList>
                                                    <Loc EndOffset="15938" SrcFileId="1" StartOffset="15909"/>
                                                </LocList>
                                            </BasicStmnt>
                                            <BasicStmnt CovItemId="S226" CovItemPrefix="org.jfree.data.test.DataUtilitesTest.java" Intrnl_Id="318">
                                                <LocList>
                                                    <Loc EndOffset="15966" SrcFileId="1" StartOffset="15945"/>
                                                </LocList>
                                            </BasicStmnt>
                                            <BasicStmnt CovItemId="S227" CovItemPrefix="org.jfree.data.test.DataUtilitesTest.java" Intrnl_Id="319">
                                                <LocList>
                                                    <Loc EndOffset="16002" SrcFileId="1" StartOffset="15973"/>
                                                </LocList>
                                            </BasicStmnt>
                                            <BasicStmnt CovItemId="S228" CovItemPrefix="org.jfree.data.test.DataUtilitesTest.java" Intrnl_Id="320">
                                                <LocList>
                                                    <Loc EndOffset="16030" SrcFileId="1" StartOffset="16009"/>
                                                </LocList>
                                            </BasicStmnt>
                                            <BasicStmnt CovItemId="S229" CovItemPrefix="org.jfree.data.test.DataUtilitesTest.java" Intrnl_Id="321">
                                                <LocList>
                                                    <Loc EndOffset="16071" SrcFileId="1" StartOffset="16044"/>
                                                </LocList>
                                            </BasicStmnt>
                                            <BasicStmnt CovItemId="S230" CovItemPrefix="org.jfree.data.test.DataUtilitesTest.java" Intrnl_Id="322">
                                                <LocList>
                                                    <Loc EndOffset="16099" SrcFileId="1" StartOffset="16078"/>
                                                </LocList>
                                            </BasicStmnt>
                                            <BasicStmnt CovItemId="S231" CovItemPrefix="org.jfree.data.test.DataUtilitesTest.java" Intrnl_Id="323">
                                                <LocList>
                                                    <Loc EndOffset="16133" SrcFileId="1" StartOffset="16106"/>
                                                </LocList>
                                            </BasicStmnt>
                                            <BasicStmnt CovItemId="S232" CovItemPrefix="org.jfree.data.test.DataUtilitesTest.java" Intrnl_Id="324">
                                                <LocList>
                                                    <Loc EndOffset="16161" SrcFileId="1" StartOffset="16140"/>
                                                </LocList>
                                            </BasicStmnt>
                                            <BasicStmnt CovItemId="S233" CovItemPrefix="org.jfree.data.test.DataUtilitesTest.java" Intrnl_Id="325">
                                                <LocList>
                                                    <Loc EndOffset="16195" SrcFileId="1" StartOffset="16168"/>
                                                </LocList>
                                            </BasicStmnt>
                                            <BasicStmnt CovItemId="S234" CovItemPrefix="org.jfree.data.test.DataUtilitesTest.java" Intrnl_Id="326">
                                                <LocList>
                                                    <Loc EndOffset="16223" SrcFileId="1" StartOffset="16202"/>
                                                </LocList>
                                            </BasicStmnt>
                                        </StmntSeq>
                                    </HierarchyLvl>
                                </HierarchyLvl>
                                <HierarchyLvl HierarchyLvlId="4064" HierarchyLvlTypeId="5" Intrnl_Id="327" Name="firstThreeRowsZero">
                                    <Header>
                                        <Loc EndOffset="16554" SrcFileId="1" StartOffset="16513"/>
                                    </Header>
                                    <LocList>
                                        <Loc EndOffset="17417" SrcFileId="1" StartOffset="16513"/>
                                    </LocList>
                                    <StmntSeq Intrnl_Id="328">
                                        <LocList>
                                            <Loc EndOffset="16599" SrcFileId="1" StartOffset="16560"/>
                                            <Loc EndOffset="16670" SrcFileId="1" StartOffset="16604"/>
                                            <Loc EndOffset="16699" SrcFileId="1" StartOffset="16675"/>
                                            <Loc EndOffset="17200" SrcFileId="1" StartOffset="17198"/>
                                            <Loc EndOffset="17278" SrcFileId="1" StartOffset="17210"/>
                                            <Loc EndOffset="17321" SrcFileId="1" StartOffset="17283"/>
                                            <Loc EndOffset="17364" SrcFileId="1" StartOffset="17326"/>
                                            <Loc EndOffset="17407" SrcFileId="1" StartOffset="17369"/>
                                        </LocList>
                                        <BasicStmnt CovItemId="S239" CovItemPrefix="org.jfree.data.test.DataUtilitesTest.java" Intrnl_Id="329">
                                            <LocList>
                                                <Loc EndOffset="16599" SrcFileId="1" StartOffset="16560"/>
                                            </LocList>
                                        </BasicStmnt>
                                        <BasicStmnt CovItemId="S240" CovItemPrefix="org.jfree.data.test.DataUtilitesTest.java" Intrnl_Id="330">
                                            <LocList>
                                                <Loc EndOffset="16670" SrcFileId="1" StartOffset="16604"/>
                                            </LocList>
                                        </BasicStmnt>
                                        <BasicStmnt CovItemId="S241" CovItemPrefix="org.jfree.data.test.DataUtilitesTest.java" Intrnl_Id="331">
                                            <LocList>
                                                <Loc EndOffset="16699" SrcFileId="1" StartOffset="16675"/>
                                                <Loc EndOffset="17200" SrcFileId="1" StartOffset="17198"/>
                                            </LocList>
                                        </BasicStmnt>
                                        <BasicStmnt CovItemId="S256" CovItemPrefix="org.jfree.data.test.DataUtilitesTest.java" Intrnl_Id="332">
                                            <LocList>
                                                <Loc EndOffset="17278" SrcFileId="1" StartOffset="17210"/>
                                            </LocList>
                                        </BasicStmnt>
                                        <BasicStmnt CovItemId="S257" CovItemPrefix="org.jfree.data.test.DataUtilitesTest.java" Intrnl_Id="333">
                                            <LocList>
                                                <Loc EndOffset="17321" SrcFileId="1" StartOffset="17283"/>
                                            </LocList>
                                        </BasicStmnt>
                                        <BasicStmnt CovItemId="S258" CovItemPrefix="org.jfree.data.test.DataUtilitesTest.java" Intrnl_Id="334">
                                            <LocList>
                                                <Loc EndOffset="17364" SrcFileId="1" StartOffset="17326"/>
                                            </LocList>
                                        </BasicStmnt>
                                        <BasicStmnt CovItemId="S259" CovItemPrefix="org.jfree.data.test.DataUtilitesTest.java" Intrnl_Id="335">
                                            <LocList>
                                                <Loc EndOffset="17407" SrcFileId="1" StartOffset="17369"/>
                                            </LocList>
                                        </BasicStmnt>
                                    </StmntSeq>
                                    <HierarchyLvl HierarchyLvlId="4063" HierarchyLvlTypeId="4" Intrnl_Id="336" Name="Expectations">
                                        <Header>
                                            <Loc EndOffset="16717" SrcFileId="1" StartOffset="16703"/>
                                        </Header>
                                        <LocList>
                                            <Loc EndOffset="17198" SrcFileId="1" StartOffset="16699"/>
                                        </LocList>
                                        <StmntSeq Intrnl_Id="337">
                                            <LocList>
                                                <Loc EndOffset="16765" SrcFileId="1" StartOffset="16733"/>
                                                <Loc EndOffset="16793" SrcFileId="1" StartOffset="16772"/>
                                                <Loc EndOffset="16829" SrcFileId="1" StartOffset="16800"/>
                                                <Loc EndOffset="16857" SrcFileId="1" StartOffset="16836"/>
                                                <Loc EndOffset="16893" SrcFileId="1" StartOffset="16864"/>
                                                <Loc EndOffset="16921" SrcFileId="1" StartOffset="16900"/>
                                                <Loc EndOffset="16957" SrcFileId="1" StartOffset="16928"/>
                                                <Loc EndOffset="16985" SrcFileId="1" StartOffset="16964"/>
                                                <Loc EndOffset="17026" SrcFileId="1" StartOffset="16999"/>
                                                <Loc EndOffset="17054" SrcFileId="1" StartOffset="17033"/>
                                                <Loc EndOffset="17088" SrcFileId="1" StartOffset="17061"/>
                                                <Loc EndOffset="17116" SrcFileId="1" StartOffset="17095"/>
                                                <Loc EndOffset="17150" SrcFileId="1" StartOffset="17123"/>
                                                <Loc EndOffset="17178" SrcFileId="1" StartOffset="17157"/>
                                            </LocList>
                                            <BasicStmnt CovItemId="S242" CovItemPrefix="org.jfree.data.test.DataUtilitesTest.java" Intrnl_Id="338">
                                                <LocList>
                                                    <Loc EndOffset="16765" SrcFileId="1" StartOffset="16733"/>
                                                </LocList>
                                            </BasicStmnt>
                                            <BasicStmnt CovItemId="S243" CovItemPrefix="org.jfree.data.test.DataUtilitesTest.java" Intrnl_Id="339">
                                                <LocList>
                                                    <Loc EndOffset="16793" SrcFileId="1" StartOffset="16772"/>
                                                </LocList>
                                            </BasicStmnt>
                                            <BasicStmnt CovItemId="S244" CovItemPrefix="org.jfree.data.test.DataUtilitesTest.java" Intrnl_Id="340">
                                                <LocList>
                                                    <Loc EndOffset="16829" SrcFileId="1" StartOffset="16800"/>
                                                </LocList>
                                            </BasicStmnt>
                                            <BasicStmnt CovItemId="S245" CovItemPrefix="org.jfree.data.test.DataUtilitesTest.java" Intrnl_Id="341">
                                                <LocList>
                                                    <Loc EndOffset="16857" SrcFileId="1" StartOffset="16836"/>
                                                </LocList>
                                            </BasicStmnt>
                                            <BasicStmnt CovItemId="S246" CovItemPrefix="org.jfree.data.test.DataUtilitesTest.java" Intrnl_Id="342">
                                                <LocList>
                                                    <Loc EndOffset="16893" SrcFileId="1" StartOffset="16864"/>
                                                </LocList>
                                            </BasicStmnt>
                                            <BasicStmnt CovItemId="S247" CovItemPrefix="org.jfree.data.test.DataUtilitesTest.java" Intrnl_Id="343">
                                                <LocList>
                                                    <Loc EndOffset="16921" SrcFileId="1" StartOffset="16900"/>
                                                </LocList>
                                            </BasicStmnt>
                                            <BasicStmnt CovItemId="S248" CovItemPrefix="org.jfree.data.test.DataUtilitesTest.java" Intrnl_Id="344">
                                                <LocList>
                                                    <Loc EndOffset="16957" SrcFileId="1" StartOffset="16928"/>
                                                </LocList>
                                            </BasicStmnt>
                                            <BasicStmnt CovItemId="S249" CovItemPrefix="org.jfree.data.test.DataUtilitesTest.java" Intrnl_Id="345">
                                                <LocList>
                                                    <Loc EndOffset="16985" SrcFileId="1" StartOffset="16964"/>
                                                </LocList>
                                            </BasicStmnt>
                                            <BasicStmnt CovItemId="S250" CovItemPrefix="org.jfree.data.test.DataUtilitesTest.java" Intrnl_Id="346">
                                                <LocList>
                                                    <Loc EndOffset="17026" SrcFileId="1" StartOffset="16999"/>
                                                </LocList>
                                            </BasicStmnt>
                                            <BasicStmnt CovItemId="S251" CovItemPrefix="org.jfree.data.test.DataUtilitesTest.java" Intrnl_Id="347">
                                                <LocList>
                                                    <Loc EndOffset="17054" SrcFileId="1" StartOffset="17033"/>
                                                </LocList>
                                            </BasicStmnt>
                                            <BasicStmnt CovItemId="S252" CovItemPrefix="org.jfree.data.test.DataUtilitesTest.java" Intrnl_Id="348">
                                                <LocList>
                                                    <Loc EndOffset="17088" SrcFileId="1" StartOffset="17061"/>
                                                </LocList>
                                            </BasicStmnt>
                                            <BasicStmnt CovItemId="S253" CovItemPrefix="org.jfree.data.test.DataUtilitesTest.java" Intrnl_Id="349">
                                                <LocList>
                                                    <Loc EndOffset="17116" SrcFileId="1" StartOffset="17095"/>
                                                </LocList>
                                            </BasicStmnt>
                                            <BasicStmnt CovItemId="S254" CovItemPrefix="org.jfree.data.test.DataUtilitesTest.java" Intrnl_Id="350">
                                                <LocList>
                                                    <Loc EndOffset="17150" SrcFileId="1" StartOffset="17123"/>
                                                </LocList>
                                            </BasicStmnt>
                                            <BasicStmnt CovItemId="S255" CovItemPrefix="org.jfree.data.test.DataUtilitesTest.java" Intrnl_Id="351">
                                                <LocList>
                                                    <Loc EndOffset="17178" SrcFileId="1" StartOffset="17157"/>
                                                </LocList>
                                            </BasicStmnt>
                                        </StmntSeq>
                                    </HierarchyLvl>
                                </HierarchyLvl>
                                <HierarchyLvl HierarchyLvlId="4065" HierarchyLvlTypeId="5" Intrnl_Id="352" Name="tearDown">
                                    <Header>
                                        <Loc EndOffset="17478" SrcFileId="1" StartOffset="17430"/>
                                    </Header>
                                    <LocList>
                                        <Loc EndOffset="17484" SrcFileId="1" StartOffset="17430"/>
                                    </LocList>
                                </HierarchyLvl>
                                <HierarchyLvl HierarchyLvlId="4066" HierarchyLvlTypeId="5" Intrnl_Id="353" Name="tearDownAfterClass">
                                    <Header>
                                        <Loc EndOffset="17559" SrcFileId="1" StartOffset="17489"/>
                                    </Header>
                                    <LocList>
                                        <Loc EndOffset="17565" SrcFileId="1" StartOffset="17489"/>
                                    </LocList>
                                </HierarchyLvl>
                            </HierarchyLvl>
                            <HierarchyLvl HierarchyLvlId="4154" HierarchyLvlTypeId="6" Intrnl_Id="354" Name="RangeTest">
                                <Header>
                                    <Loc EndOffset="140" SrcFileId="2" StartOffset="118"/>
                                </Header>
                                <LocList>
                                    <Loc EndOffset="22764" SrcFileId="2" StartOffset="118"/>
                                </LocList>
                                <HierarchyLvl HierarchyLvlId="4068" HierarchyLvlTypeId="5" Intrnl_Id="355" Name="setUpBeforeClass">
                                    <Header>
                                        <Loc EndOffset="494" SrcFileId="2" StartOffset="427"/>
                                    </Header>
                                    <LocList>
                                        <Loc EndOffset="501" SrcFileId="2" StartOffset="427"/>
                                    </LocList>
                                </HierarchyLvl>
                                <HierarchyLvl HierarchyLvlId="4069" HierarchyLvlTypeId="5" Intrnl_Id="356" Name="setUp">
                                    <Header>
                                        <Loc EndOffset="552" SrcFileId="2" StartOffset="505"/>
                                    </Header>
                                    <LocList>
                                        <Loc EndOffset="1064" SrcFileId="2" StartOffset="505"/>
                                    </LocList>
                                    <StmntSeq Intrnl_Id="357">
                                        <LocList>
                                            <Loc EndOffset="587" SrcFileId="2" StartOffset="558"/>
                                            <Loc EndOffset="625" SrcFileId="2" StartOffset="593"/>
                                            <Loc EndOffset="663" SrcFileId="2" StartOffset="629"/>
                                            <Loc EndOffset="707" SrcFileId="2" StartOffset="680"/>
                                            <Loc EndOffset="770" SrcFileId="2" StartOffset="745"/>
                                            <Loc EndOffset="843" SrcFileId="2" StartOffset="817"/>
                                            <Loc EndOffset="913" SrcFileId="2" StartOffset="881"/>
                                            <Loc EndOffset="970" SrcFileId="2" StartOffset="944"/>
                                            <Loc EndOffset="1030" SrcFileId="2" StartOffset="1004"/>
                                        </LocList>
                                        <BasicStmnt CovItemId="S1" CovItemPrefix="org.jfree.data.test.RangeTest.java" Intrnl_Id="358">
                                            <LocList>
                                                <Loc EndOffset="587" SrcFileId="2" StartOffset="558"/>
                                            </LocList>
                                        </BasicStmnt>
                                        <BasicStmnt CovItemId="S2" CovItemPrefix="org.jfree.data.test.RangeTest.java" Intrnl_Id="359">
                                            <LocList>
                                                <Loc EndOffset="625" SrcFileId="2" StartOffset="593"/>
                                            </LocList>
                                        </BasicStmnt>
                                        <BasicStmnt CovItemId="S3" CovItemPrefix="org.jfree.data.test.RangeTest.java" Intrnl_Id="360">
                                            <LocList>
                                                <Loc EndOffset="663" SrcFileId="2" StartOffset="629"/>
                                            </LocList>
                                        </BasicStmnt>
                                        <BasicStmnt CovItemId="S4" CovItemPrefix="org.jfree.data.test.RangeTest.java" Intrnl_Id="361">
                                            <LocList>
                                                <Loc EndOffset="707" SrcFileId="2" StartOffset="680"/>
                                            </LocList>
                                        </BasicStmnt>
                                        <BasicStmnt CovItemId="S5" CovItemPrefix="org.jfree.data.test.RangeTest.java" Intrnl_Id="362">
                                            <LocList>
                                                <Loc EndOffset="770" SrcFileId="2" StartOffset="745"/>
                                            </LocList>
                                        </BasicStmnt>
                                        <BasicStmnt CovItemId="S6" CovItemPrefix="org.jfree.data.test.RangeTest.java" Intrnl_Id="363">
                                            <LocList>
                                                <Loc EndOffset="843" SrcFileId="2" StartOffset="817"/>
                                            </LocList>
                                        </BasicStmnt>
                                        <BasicStmnt CovItemId="S7" CovItemPrefix="org.jfree.data.test.RangeTest.java" Intrnl_Id="364">
                                            <LocList>
                                                <Loc EndOffset="913" SrcFileId="2" StartOffset="881"/>
                                            </LocList>
                                        </BasicStmnt>
                                        <BasicStmnt CovItemId="S8" CovItemPrefix="org.jfree.data.test.RangeTest.java" Intrnl_Id="365">
                                            <LocList>
                                                <Loc EndOffset="970" SrcFileId="2" StartOffset="944"/>
                                            </LocList>
                                        </BasicStmnt>
                                        <BasicStmnt CovItemId="S9" CovItemPrefix="org.jfree.data.test.RangeTest.java" Intrnl_Id="366">
                                            <LocList>
                                                <Loc EndOffset="1030" SrcFileId="2" StartOffset="1004"/>
                                            </LocList>
                                        </BasicStmnt>
                                    </StmntSeq>
                                </HierarchyLvl>
                                <HierarchyLvl HierarchyLvlId="4070" HierarchyLvlTypeId="5" Intrnl_Id="367" Name="numberLowerThanLowerBoundary">
                                    <Header>
                                        <Loc EndOffset="1271" SrcFileId="2" StartOffset="1220"/>
                                    </Header>
                                    <LocList>
                                        <Loc EndOffset="1404" SrcFileId="2" StartOffset="1220"/>
                                    </LocList>
                                    <StmntSeq Intrnl_Id="368">
                                        <LocList>
                                            <Loc EndOffset="1399" SrcFileId="2" StartOffset="1277"/>
                                        </LocList>
                                        <BasicStmnt CovItemId="S10" CovItemPrefix="org.jfree.data.test.RangeTest.java" Intrnl_Id="369">
                                            <LocList>
                                                <Loc EndOffset="1399" SrcFileId="2" StartOffset="1277"/>
                                            </LocList>
                                        </BasicStmnt>
                                    </StmntSeq>
                                </HierarchyLvl>
                                <HierarchyLvl HierarchyLvlId="4071" HierarchyLvlTypeId="5" Intrnl_Id="370" Name="numberLowerThanLowerBoundaryWithRangeZero">
                                    <Header>
                                        <Loc EndOffset="1601" SrcFileId="2" StartOffset="1537"/>
                                    </Header>
                                    <LocList>
                                        <Loc EndOffset="1736" SrcFileId="2" StartOffset="1537"/>
                                    </LocList>
                                    <StmntSeq Intrnl_Id="371">
                                        <LocList>
                                            <Loc EndOffset="1731" SrcFileId="2" StartOffset="1607"/>
                                        </LocList>
                                        <BasicStmnt CovItemId="S11" CovItemPrefix="org.jfree.data.test.RangeTest.java" Intrnl_Id="372">
                                            <LocList>
                                                <Loc EndOffset="1731" SrcFileId="2" StartOffset="1607"/>
                                            </LocList>
                                        </BasicStmnt>
                                    </StmntSeq>
                                </HierarchyLvl>
                                <HierarchyLvl HierarchyLvlId="4072" HierarchyLvlTypeId="5" Intrnl_Id="373" Name="numberHigherThanUpperBoundary">
                                    <Header>
                                        <Loc EndOffset="1916" SrcFileId="2" StartOffset="1864"/>
                                    </Header>
                                    <LocList>
                                        <Loc EndOffset="2045" SrcFileId="2" StartOffset="1864"/>
                                    </LocList>
                                    <StmntSeq Intrnl_Id="374">
                                        <LocList>
                                            <Loc EndOffset="2040" SrcFileId="2" StartOffset="1922"/>
                                        </LocList>
                                        <BasicStmnt CovItemId="S12" CovItemPrefix="org.jfree.data.test.RangeTest.java" Intrnl_Id="375">
                                            <LocList>
                                                <Loc EndOffset="2040" SrcFileId="2" StartOffset="1922"/>
                                            </LocList>
                                        </BasicStmnt>
                                    </StmntSeq>
                                </HierarchyLvl>
                                <HierarchyLvl HierarchyLvlId="4073" HierarchyLvlTypeId="5" Intrnl_Id="376" Name="numberHigherThanUpperBoundaryWithRangeZero">
                                    <Header>
                                        <Loc EndOffset="2244" SrcFileId="2" StartOffset="2179"/>
                                    </Header>
                                    <LocList>
                                        <Loc EndOffset="2378" SrcFileId="2" StartOffset="2179"/>
                                    </LocList>
                                    <StmntSeq Intrnl_Id="377">
                                        <LocList>
                                            <Loc EndOffset="2373" SrcFileId="2" StartOffset="2250"/>
                                        </LocList>
                                        <BasicStmnt CovItemId="S13" CovItemPrefix="org.jfree.data.test.RangeTest.java" Intrnl_Id="378">
                                            <LocList>
                                                <Loc EndOffset="2373" SrcFileId="2" StartOffset="2250"/>
                                            </LocList>
                                        </BasicStmnt>
                                    </StmntSeq>
                                </HierarchyLvl>
                                <HierarchyLvl HierarchyLvlId="4074" HierarchyLvlTypeId="5" Intrnl_Id="379" Name="numberWithinRange">
                                    <Header>
                                        <Loc EndOffset="2510" SrcFileId="2" StartOffset="2470"/>
                                    </Header>
                                    <LocList>
                                        <Loc EndOffset="2639" SrcFileId="2" StartOffset="2470"/>
                                    </LocList>
                                    <StmntSeq Intrnl_Id="380">
                                        <LocList>
                                            <Loc EndOffset="2634" SrcFileId="2" StartOffset="2516"/>
                                        </LocList>
                                        <BasicStmnt CovItemId="S14" CovItemPrefix="org.jfree.data.test.RangeTest.java" Intrnl_Id="381">
                                            <LocList>
                                                <Loc EndOffset="2634" SrcFileId="2" StartOffset="2516"/>
                                            </LocList>
                                        </BasicStmnt>
                                    </StmntSeq>
                                </HierarchyLvl>
                                <HierarchyLvl HierarchyLvlId="4075" HierarchyLvlTypeId="5" Intrnl_Id="382" Name="numberIsLowerBoundary">
                                    <Header>
                                        <Loc EndOffset="2814" SrcFileId="2" StartOffset="2770"/>
                                    </Header>
                                    <LocList>
                                        <Loc EndOffset="2947" SrcFileId="2" StartOffset="2770"/>
                                    </LocList>
                                    <StmntSeq Intrnl_Id="383">
                                        <LocList>
                                            <Loc EndOffset="2942" SrcFileId="2" StartOffset="2820"/>
                                        </LocList>
                                        <BasicStmnt CovItemId="S15" CovItemPrefix="org.jfree.data.test.RangeTest.java" Intrnl_Id="384">
                                            <LocList>
                                                <Loc EndOffset="2942" SrcFileId="2" StartOffset="2820"/>
                                            </LocList>
                                        </BasicStmnt>
                                    </StmntSeq>
                                </HierarchyLvl>
                                <HierarchyLvl HierarchyLvlId="4076" HierarchyLvlTypeId="5" Intrnl_Id="385" Name="numberIsUpperBoundary">
                                    <Header>
                                        <Loc EndOffset="3122" SrcFileId="2" StartOffset="3078"/>
                                    </Header>
                                    <LocList>
                                        <Loc EndOffset="3251" SrcFileId="2" StartOffset="3078"/>
                                    </LocList>
                                    <StmntSeq Intrnl_Id="386">
                                        <LocList>
                                            <Loc EndOffset="3246" SrcFileId="2" StartOffset="3128"/>
                                        </LocList>
                                        <BasicStmnt CovItemId="S16" CovItemPrefix="org.jfree.data.test.RangeTest.java" Intrnl_Id="387">
                                            <LocList>
                                                <Loc EndOffset="3246" SrcFileId="2" StartOffset="3128"/>
                                            </LocList>
                                        </BasicStmnt>
                                    </StmntSeq>
                                </HierarchyLvl>
                                <HierarchyLvl HierarchyLvlId="4077" HierarchyLvlTypeId="5" Intrnl_Id="388" Name="getLengthValidOutput">
                                    <Header>
                                        <Loc EndOffset="3368" SrcFileId="2" StartOffset="3325"/>
                                    </Header>
                                    <LocList>
                                        <Loc EndOffset="3488" SrcFileId="2" StartOffset="3325"/>
                                    </LocList>
                                    <StmntSeq Intrnl_Id="389">
                                        <LocList>
                                            <Loc EndOffset="3483" SrcFileId="2" StartOffset="3374"/>
                                        </LocList>
                                        <BasicStmnt CovItemId="S17" CovItemPrefix="org.jfree.data.test.RangeTest.java" Intrnl_Id="390">
                                            <LocList>
                                                <Loc EndOffset="3483" SrcFileId="2" StartOffset="3374"/>
                                            </LocList>
                                        </BasicStmnt>
                                    </StmntSeq>
                                </HierarchyLvl>
                                <HierarchyLvl HierarchyLvlId="4078" HierarchyLvlTypeId="5" Intrnl_Id="391" Name="firstRangeNull">
                                    <Header>
                                        <Loc EndOffset="3585" SrcFileId="2" StartOffset="3548"/>
                                    </Header>
                                    <LocList>
                                        <Loc EndOffset="3729" SrcFileId="2" StartOffset="3548"/>
                                    </LocList>
                                    <StmntSeq Intrnl_Id="392">
                                        <LocList>
                                            <Loc EndOffset="3724" SrcFileId="2" StartOffset="3591"/>
                                        </LocList>
                                        <BasicStmnt CovItemId="S18" CovItemPrefix="org.jfree.data.test.RangeTest.java" Intrnl_Id="393">
                                            <LocList>
                                                <Loc EndOffset="3724" SrcFileId="2" StartOffset="3591"/>
                                            </LocList>
                                        </BasicStmnt>
                                    </StmntSeq>
                                </HierarchyLvl>
                                <HierarchyLvl HierarchyLvlId="4079" HierarchyLvlTypeId="5" Intrnl_Id="394" Name="secondRangeNull">
                                    <Header>
                                        <Loc EndOffset="3801" SrcFileId="2" StartOffset="3763"/>
                                    </Header>
                                    <LocList>
                                        <Loc EndOffset="3945" SrcFileId="2" StartOffset="3763"/>
                                    </LocList>
                                    <StmntSeq Intrnl_Id="395">
                                        <LocList>
                                            <Loc EndOffset="3940" SrcFileId="2" StartOffset="3807"/>
                                        </LocList>
                                        <BasicStmnt CovItemId="S19" CovItemPrefix="org.jfree.data.test.RangeTest.java" Intrnl_Id="396">
                                            <LocList>
                                                <Loc EndOffset="3940" SrcFileId="2" StartOffset="3807"/>
                                            </LocList>
                                        </BasicStmnt>
                                    </StmntSeq>
                                </HierarchyLvl>
                                <HierarchyLvl HierarchyLvlId="4080" HierarchyLvlTypeId="5" Intrnl_Id="397" Name="bothRangeNull">
                                    <Header>
                                        <Loc EndOffset="4015" SrcFileId="2" StartOffset="3979"/>
                                    </Header>
                                    <LocList>
                                        <Loc EndOffset="4122" SrcFileId="2" StartOffset="3979"/>
                                    </LocList>
                                    <StmntSeq Intrnl_Id="398">
                                        <LocList>
                                            <Loc EndOffset="4117" SrcFileId="2" StartOffset="4021"/>
                                        </LocList>
                                        <BasicStmnt CovItemId="S20" CovItemPrefix="org.jfree.data.test.RangeTest.java" Intrnl_Id="399">
                                            <LocList>
                                                <Loc EndOffset="4117" SrcFileId="2" StartOffset="4021"/>
                                            </LocList>
                                        </BasicStmnt>
                                    </StmntSeq>
                                </HierarchyLvl>
                                <HierarchyLvl HierarchyLvlId="4081" HierarchyLvlTypeId="5" Intrnl_Id="400" Name="identicalRanges">
                                    <Header>
                                        <Loc EndOffset="4190" SrcFileId="2" StartOffset="4152"/>
                                    </Header>
                                    <LocList>
                                        <Loc EndOffset="4348" SrcFileId="2" StartOffset="4152"/>
                                    </LocList>
                                    <StmntSeq Intrnl_Id="401">
                                        <LocList>
                                            <Loc EndOffset="4343" SrcFileId="2" StartOffset="4196"/>
                                        </LocList>
                                        <BasicStmnt CovItemId="S21" CovItemPrefix="org.jfree.data.test.RangeTest.java" Intrnl_Id="402">
                                            <LocList>
                                                <Loc EndOffset="4343" SrcFileId="2" StartOffset="4196"/>
                                            </LocList>
                                        </BasicStmnt>
                                    </StmntSeq>
                                </HierarchyLvl>
                                <HierarchyLvl HierarchyLvlId="4082" HierarchyLvlTypeId="5" Intrnl_Id="403" Name="continuousRanges">
                                    <Header>
                                        <Loc EndOffset="4422" SrcFileId="2" StartOffset="4383"/>
                                    </Header>
                                    <LocList>
                                        <Loc EndOffset="4718" SrcFileId="2" StartOffset="4383"/>
                                    </LocList>
                                    <StmntSeq Intrnl_Id="404">
                                        <LocList>
                                            <Loc EndOffset="4581" SrcFileId="2" StartOffset="4436"/>
                                            <Loc EndOffset="4713" SrcFileId="2" StartOffset="4428"/>
                                        </LocList>
                                        <BasicStmnt CovItemId="S23" CovItemPrefix="org.jfree.data.test.RangeTest.java" Intrnl_Id="405">
                                            <LocList>
                                                <Loc EndOffset="4581" SrcFileId="2" StartOffset="4436"/>
                                            </LocList>
                                        </BasicStmnt>
                                        <CondStmnt CovItemId="S22" CovItemPrefix="org.jfree.data.test.RangeTest.java" Intrnl_Id="406">
                                            <Branch CovItemId="B1" CovItemPrefix="org.jfree.data.test.RangeTest.java" Implct="true" Intrnl_Id="407">
                                                <Cond/>
                                                <LocList/>
                                                <StmntSeq Intrnl_Id="408">
                                                    <LocList/>
                                                </StmntSeq>
                                            </Branch>
                                            <Branch CovItemId="B2" CovItemPrefix="org.jfree.data.test.RangeTest.java" Implct="false" Intrnl_Id="409">
                                                <Cond>
                                                    <Loc EndOffset="4608" SrcFileId="2" StartOffset="4590"/>
                                                </Cond>
                                                <LocList>
                                                    <Loc EndOffset="4713" SrcFileId="2" StartOffset="4609"/>
                                                </LocList>
                                                <StmntSeq Intrnl_Id="410">
                                                    <LocList>
                                                        <Loc EndOffset="4708" SrcFileId="2" StartOffset="4614"/>
                                                    </LocList>
                                                    <BasicStmnt CovItemId="S24" CovItemPrefix="org.jfree.data.test.RangeTest.java" Intrnl_Id="411">
                                                        <LocList>
                                                            <Loc EndOffset="4708" SrcFileId="2" StartOffset="4614"/>
                                                        </LocList>
                                                    </BasicStmnt>
                                                </StmntSeq>
                                            </Branch>
                                            <Keyword EndOffset="4431" SrcFileId="2" StartOffset="4428"/>
                                            <LocList>
                                                <Loc EndOffset="4713" SrcFileId="2" StartOffset="4428"/>
                                            </LocList>
                                        </CondStmnt>
                                    </StmntSeq>
                                </HierarchyLvl>
                                <HierarchyLvl HierarchyLvlId="4083" HierarchyLvlTypeId="5" Intrnl_Id="412" Name="notContinuousRanges">
                                    <Header>
                                        <Loc EndOffset="4799" SrcFileId="2" StartOffset="4757"/>
                                    </Header>
                                    <LocList>
                                        <Loc EndOffset="5103" SrcFileId="2" StartOffset="4757"/>
                                    </LocList>
                                    <StmntSeq Intrnl_Id="413">
                                        <LocList>
                                            <Loc EndOffset="4963" SrcFileId="2" StartOffset="4814"/>
                                            <Loc EndOffset="5098" SrcFileId="2" StartOffset="4805"/>
                                        </LocList>
                                        <BasicStmnt CovItemId="S26" CovItemPrefix="org.jfree.data.test.RangeTest.java" Intrnl_Id="414">
                                            <LocList>
                                                <Loc EndOffset="4963" SrcFileId="2" StartOffset="4814"/>
                                            </LocList>
                                        </BasicStmnt>
                                        <CondStmnt CovItemId="S25" CovItemPrefix="org.jfree.data.test.RangeTest.java" Intrnl_Id="415">
                                            <Branch CovItemId="B3" CovItemPrefix="org.jfree.data.test.RangeTest.java" Implct="true" Intrnl_Id="416">
                                                <Cond/>
                                                <LocList/>
                                                <StmntSeq Intrnl_Id="417">
                                                    <LocList/>
                                                </StmntSeq>
                                            </Branch>
                                            <Branch CovItemId="B4" CovItemPrefix="org.jfree.data.test.RangeTest.java" Implct="false" Intrnl_Id="418">
                                                <Cond>
                                                    <Loc EndOffset="4990" SrcFileId="2" StartOffset="4972"/>
                                                </Cond>
                                                <LocList>
                                                    <Loc EndOffset="5098" SrcFileId="2" StartOffset="4991"/>
                                                </LocList>
                                                <StmntSeq Intrnl_Id="419">
                                                    <LocList>
                                                        <Loc EndOffset="5093" SrcFileId="2" StartOffset="4996"/>
                                                    </LocList>
                                                    <BasicStmnt CovItemId="S27" CovItemPrefix="org.jfree.data.test.RangeTest.java" Intrnl_Id="420">
                                                        <LocList>
                                                            <Loc EndOffset="5093" SrcFileId="2" StartOffset="4996"/>
                                                        </LocList>
                                                    </BasicStmnt>
                                                </StmntSeq>
                                            </Branch>
                                            <Keyword EndOffset="4808" SrcFileId="2" StartOffset="4805"/>
                                            <LocList>
                                                <Loc EndOffset="5098" SrcFileId="2" StartOffset="4805"/>
                                            </LocList>
                                        </CondStmnt>
                                    </StmntSeq>
                                </HierarchyLvl>
                                <HierarchyLvl HierarchyLvlId="4084" HierarchyLvlTypeId="5" Intrnl_Id="421" Name="testNegativeNumberForLowerBound">
                                    <Header>
                                        <Loc EndOffset="5190" SrcFileId="2" StartOffset="5136"/>
                                    </Header>
                                    <LocList>
                                        <Loc EndOffset="5340" SrcFileId="2" StartOffset="5136"/>
                                    </LocList>
                                    <StmntSeq Intrnl_Id="422">
                                        <LocList>
                                            <Loc EndOffset="5335" SrcFileId="2" StartOffset="5235"/>
                                        </LocList>
                                        <BasicStmnt CovItemId="S28" CovItemPrefix="org.jfree.data.test.RangeTest.java" Intrnl_Id="423">
                                            <LocList>
                                                <Loc EndOffset="5335" SrcFileId="2" StartOffset="5235"/>
                                            </LocList>
                                        </BasicStmnt>
                                    </StmntSeq>
                                </HierarchyLvl>
                                <HierarchyLvl HierarchyLvlId="4085" HierarchyLvlTypeId="5" Intrnl_Id="424" Name="testZeroForLowerBound">
                                    <Header>
                                        <Loc EndOffset="5390" SrcFileId="2" StartOffset="5346"/>
                                    </Header>
                                    <LocList>
                                        <Loc EndOffset="5524" SrcFileId="2" StartOffset="5346"/>
                                    </LocList>
                                    <StmntSeq Intrnl_Id="425">
                                        <LocList>
                                            <Loc EndOffset="5519" SrcFileId="2" StartOffset="5422"/>
                                        </LocList>
                                        <BasicStmnt CovItemId="S29" CovItemPrefix="org.jfree.data.test.RangeTest.java" Intrnl_Id="426">
                                            <LocList>
                                                <Loc EndOffset="5519" SrcFileId="2" StartOffset="5422"/>
                                            </LocList>
                                        </BasicStmnt>
                                    </StmntSeq>
                                </HierarchyLvl>
                                <HierarchyLvl HierarchyLvlId="4086" HierarchyLvlTypeId="5" Intrnl_Id="427" Name="testPositiveNumberForLowerBound">
                                    <Header>
                                        <Loc EndOffset="5584" SrcFileId="2" StartOffset="5530"/>
                                    </Header>
                                    <LocList>
                                        <Loc EndOffset="5731" SrcFileId="2" StartOffset="5530"/>
                                    </LocList>
                                    <StmntSeq Intrnl_Id="428">
                                        <LocList>
                                            <Loc EndOffset="5726" SrcFileId="2" StartOffset="5629"/>
                                        </LocList>
                                        <BasicStmnt CovItemId="S30" CovItemPrefix="org.jfree.data.test.RangeTest.java" Intrnl_Id="429">
                                            <LocList>
                                                <Loc EndOffset="5726" SrcFileId="2" StartOffset="5629"/>
                                            </LocList>
                                        </BasicStmnt>
                                    </StmntSeq>
                                </HierarchyLvl>
                                <HierarchyLvl HierarchyLvlId="4087" HierarchyLvlTypeId="5" Intrnl_Id="430" Name="testDoubleForLowerBound">
                                    <Header>
                                        <Loc EndOffset="5781" SrcFileId="2" StartOffset="5735"/>
                                    </Header>
                                    <LocList>
                                        <Loc EndOffset="5926" SrcFileId="2" StartOffset="5735"/>
                                    </LocList>
                                    <StmntSeq Intrnl_Id="431">
                                        <LocList>
                                            <Loc EndOffset="5921" SrcFileId="2" StartOffset="5817"/>
                                        </LocList>
                                        <BasicStmnt CovItemId="S31" CovItemPrefix="org.jfree.data.test.RangeTest.java" Intrnl_Id="432">
                                            <LocList>
                                                <Loc EndOffset="5921" SrcFileId="2" StartOffset="5817"/>
                                            </LocList>
                                        </BasicStmnt>
                                    </StmntSeq>
                                </HierarchyLvl>
                                <HierarchyLvl HierarchyLvlId="4088" HierarchyLvlTypeId="5" Intrnl_Id="433" Name="testNegativeNumberForUpperBound">
                                    <Header>
                                        <Loc EndOffset="6019" SrcFileId="2" StartOffset="5965"/>
                                    </Header>
                                    <LocList>
                                        <Loc EndOffset="6166" SrcFileId="2" StartOffset="5965"/>
                                    </LocList>
                                    <StmntSeq Intrnl_Id="434">
                                        <LocList>
                                            <Loc EndOffset="6161" SrcFileId="2" StartOffset="6064"/>
                                        </LocList>
                                        <BasicStmnt CovItemId="S32" CovItemPrefix="org.jfree.data.test.RangeTest.java" Intrnl_Id="435">
                                            <LocList>
                                                <Loc EndOffset="6161" SrcFileId="2" StartOffset="6064"/>
                                            </LocList>
                                        </BasicStmnt>
                                    </StmntSeq>
                                </HierarchyLvl>
                                <HierarchyLvl HierarchyLvlId="4089" HierarchyLvlTypeId="5" Intrnl_Id="436" Name="testZeroForUpperBound">
                                    <Header>
                                        <Loc EndOffset="6325" SrcFileId="2" StartOffset="6281"/>
                                    </Header>
                                    <LocList>
                                        <Loc EndOffset="6459" SrcFileId="2" StartOffset="6281"/>
                                    </LocList>
                                    <StmntSeq Intrnl_Id="437">
                                        <LocList>
                                            <Loc EndOffset="6454" SrcFileId="2" StartOffset="6357"/>
                                        </LocList>
                                        <BasicStmnt CovItemId="S33" CovItemPrefix="org.jfree.data.test.RangeTest.java" Intrnl_Id="438">
                                            <LocList>
                                                <Loc EndOffset="6454" SrcFileId="2" StartOffset="6357"/>
                                            </LocList>
                                        </BasicStmnt>
                                    </StmntSeq>
                                </HierarchyLvl>
                                <HierarchyLvl HierarchyLvlId="4090" HierarchyLvlTypeId="5" Intrnl_Id="439" Name="testPositiveNumberForUpperBound">
                                    <Header>
                                        <Loc EndOffset="6582" SrcFileId="2" StartOffset="6528"/>
                                    </Header>
                                    <LocList>
                                        <Loc EndOffset="6731" SrcFileId="2" StartOffset="6528"/>
                                    </LocList>
                                    <StmntSeq Intrnl_Id="440">
                                        <LocList>
                                            <Loc EndOffset="6726" SrcFileId="2" StartOffset="6627"/>
                                        </LocList>
                                        <BasicStmnt CovItemId="S34" CovItemPrefix="org.jfree.data.test.RangeTest.java" Intrnl_Id="441">
                                            <LocList>
                                                <Loc EndOffset="6726" SrcFileId="2" StartOffset="6627"/>
                                            </LocList>
                                        </BasicStmnt>
                                    </StmntSeq>
                                </HierarchyLvl>
                                <HierarchyLvl HierarchyLvlId="4091" HierarchyLvlTypeId="5" Intrnl_Id="442" Name="testDoubleForUpperBound">
                                    <Header>
                                        <Loc EndOffset="6892" SrcFileId="2" StartOffset="6846"/>
                                    </Header>
                                    <LocList>
                                        <Loc EndOffset="7037" SrcFileId="2" StartOffset="6846"/>
                                    </LocList>
                                    <StmntSeq Intrnl_Id="443">
                                        <LocList>
                                            <Loc EndOffset="7032" SrcFileId="2" StartOffset="6928"/>
                                        </LocList>
                                        <BasicStmnt CovItemId="S35" CovItemPrefix="org.jfree.data.test.RangeTest.java" Intrnl_Id="444">
                                            <LocList>
                                                <Loc EndOffset="7032" SrcFileId="2" StartOffset="6928"/>
                                            </LocList>
                                        </BasicStmnt>
                                    </StmntSeq>
                                </HierarchyLvl>
                                <HierarchyLvl HierarchyLvlId="4092" HierarchyLvlTypeId="5" Intrnl_Id="445" Name="testingPositiveToZeroWithTrue">
                                    <Header>
                                        <Loc EndOffset="7294" SrcFileId="2" StartOffset="7242"/>
                                    </Header>
                                    <LocList>
                                        <Loc EndOffset="7545" SrcFileId="2" StartOffset="7242"/>
                                    </LocList>
                                    <StmntSeq Intrnl_Id="446">
                                        <LocList>
                                            <Loc EndOffset="7337" SrcFileId="2" StartOffset="7299"/>
                                            <Loc EndOffset="7394" SrcFileId="2" StartOffset="7340"/>
                                            <Loc EndOffset="7435" SrcFileId="2" StartOffset="7398"/>
                                            <Loc EndOffset="7539" SrcFileId="2" StartOffset="7439"/>
                                        </LocList>
                                        <BasicStmnt CovItemId="S36" CovItemPrefix="org.jfree.data.test.RangeTest.java" Intrnl_Id="447">
                                            <LocList>
                                                <Loc EndOffset="7337" SrcFileId="2" StartOffset="7299"/>
                                            </LocList>
                                        </BasicStmnt>
                                        <BasicStmnt CovItemId="S37" CovItemPrefix="org.jfree.data.test.RangeTest.java" Intrnl_Id="448">
                                            <LocList>
                                                <Loc EndOffset="7394" SrcFileId="2" StartOffset="7340"/>
                                            </LocList>
                                        </BasicStmnt>
                                        <BasicStmnt CovItemId="S38" CovItemPrefix="org.jfree.data.test.RangeTest.java" Intrnl_Id="449">
                                            <LocList>
                                                <Loc EndOffset="7435" SrcFileId="2" StartOffset="7398"/>
                                            </LocList>
                                        </BasicStmnt>
                                        <BasicStmnt CovItemId="S39" CovItemPrefix="org.jfree.data.test.RangeTest.java" Intrnl_Id="450">
                                            <LocList>
                                                <Loc EndOffset="7539" SrcFileId="2" StartOffset="7439"/>
                                            </LocList>
                                        </BasicStmnt>
                                    </StmntSeq>
                                </HierarchyLvl>
                                <HierarchyLvl HierarchyLvlId="4093" HierarchyLvlTypeId="5" Intrnl_Id="451" Name="testingPositiveToZeroWithFalse">
                                    <Header>
                                        <Loc EndOffset="7619" SrcFileId="2" StartOffset="7566"/>
                                    </Header>
                                    <LocList>
                                        <Loc EndOffset="7865" SrcFileId="2" StartOffset="7566"/>
                                    </LocList>
                                    <StmntSeq Intrnl_Id="452">
                                        <LocList>
                                            <Loc EndOffset="7662" SrcFileId="2" StartOffset="7624"/>
                                            <Loc EndOffset="7720" SrcFileId="2" StartOffset="7665"/>
                                            <Loc EndOffset="7759" SrcFileId="2" StartOffset="7722"/>
                                            <Loc EndOffset="7859" SrcFileId="2" StartOffset="7761"/>
                                        </LocList>
                                        <BasicStmnt CovItemId="S40" CovItemPrefix="org.jfree.data.test.RangeTest.java" Intrnl_Id="453">
                                            <LocList>
                                                <Loc EndOffset="7662" SrcFileId="2" StartOffset="7624"/>
                                            </LocList>
                                        </BasicStmnt>
                                        <BasicStmnt CovItemId="S41" CovItemPrefix="org.jfree.data.test.RangeTest.java" Intrnl_Id="454">
                                            <LocList>
                                                <Loc EndOffset="7720" SrcFileId="2" StartOffset="7665"/>
                                            </LocList>
                                        </BasicStmnt>
                                        <BasicStmnt CovItemId="S42" CovItemPrefix="org.jfree.data.test.RangeTest.java" Intrnl_Id="455">
                                            <LocList>
                                                <Loc EndOffset="7759" SrcFileId="2" StartOffset="7722"/>
                                            </LocList>
                                        </BasicStmnt>
                                        <BasicStmnt CovItemId="S43" CovItemPrefix="org.jfree.data.test.RangeTest.java" Intrnl_Id="456">
                                            <LocList>
                                                <Loc EndOffset="7859" SrcFileId="2" StartOffset="7761"/>
                                            </LocList>
                                        </BasicStmnt>
                                    </StmntSeq>
                                </HierarchyLvl>
                                <HierarchyLvl HierarchyLvlId="4094" HierarchyLvlTypeId="5" Intrnl_Id="457" Name="testingPositiveToNegativeWithTrue">
                                    <Header>
                                        <Loc EndOffset="7942" SrcFileId="2" StartOffset="7886"/>
                                    </Header>
                                    <LocList>
                                        <Loc EndOffset="8201" SrcFileId="2" StartOffset="7886"/>
                                    </LocList>
                                    <StmntSeq Intrnl_Id="458">
                                        <LocList>
                                            <Loc EndOffset="7985" SrcFileId="2" StartOffset="7947"/>
                                            <Loc EndOffset="8042" SrcFileId="2" StartOffset="7988"/>
                                            <Loc EndOffset="8087" SrcFileId="2" StartOffset="8048"/>
                                            <Loc EndOffset="8195" SrcFileId="2" StartOffset="8093"/>
                                        </LocList>
                                        <BasicStmnt CovItemId="S44" CovItemPrefix="org.jfree.data.test.RangeTest.java" Intrnl_Id="459">
                                            <LocList>
                                                <Loc EndOffset="7985" SrcFileId="2" StartOffset="7947"/>
                                            </LocList>
                                        </BasicStmnt>
                                        <BasicStmnt CovItemId="S45" CovItemPrefix="org.jfree.data.test.RangeTest.java" Intrnl_Id="460">
                                            <LocList>
                                                <Loc EndOffset="8042" SrcFileId="2" StartOffset="7988"/>
                                            </LocList>
                                        </BasicStmnt>
                                        <BasicStmnt CovItemId="S46" CovItemPrefix="org.jfree.data.test.RangeTest.java" Intrnl_Id="461">
                                            <LocList>
                                                <Loc EndOffset="8087" SrcFileId="2" StartOffset="8048"/>
                                            </LocList>
                                        </BasicStmnt>
                                        <BasicStmnt CovItemId="S47" CovItemPrefix="org.jfree.data.test.RangeTest.java" Intrnl_Id="462">
                                            <LocList>
                                                <Loc EndOffset="8195" SrcFileId="2" StartOffset="8093"/>
                                            </LocList>
                                        </BasicStmnt>
                                    </StmntSeq>
                                </HierarchyLvl>
                                <HierarchyLvl HierarchyLvlId="4095" HierarchyLvlTypeId="5" Intrnl_Id="463" Name="testingPositiveToNegativeWithFalse">
                                    <Header>
                                        <Loc EndOffset="8282" SrcFileId="2" StartOffset="8223"/>
                                    </Header>
                                    <LocList>
                                        <Loc EndOffset="8542" SrcFileId="2" StartOffset="8223"/>
                                    </LocList>
                                    <StmntSeq Intrnl_Id="464">
                                        <LocList>
                                            <Loc EndOffset="8325" SrcFileId="2" StartOffset="8287"/>
                                            <Loc EndOffset="8383" SrcFileId="2" StartOffset="8328"/>
                                            <Loc EndOffset="8428" SrcFileId="2" StartOffset="8389"/>
                                            <Loc EndOffset="8536" SrcFileId="2" StartOffset="8434"/>
                                        </LocList>
                                        <BasicStmnt CovItemId="S48" CovItemPrefix="org.jfree.data.test.RangeTest.java" Intrnl_Id="465">
                                            <LocList>
                                                <Loc EndOffset="8325" SrcFileId="2" StartOffset="8287"/>
                                            </LocList>
                                        </BasicStmnt>
                                        <BasicStmnt CovItemId="S49" CovItemPrefix="org.jfree.data.test.RangeTest.java" Intrnl_Id="466">
                                            <LocList>
                                                <Loc EndOffset="8383" SrcFileId="2" StartOffset="8328"/>
                                            </LocList>
                                        </BasicStmnt>
                                        <BasicStmnt CovItemId="S50" CovItemPrefix="org.jfree.data.test.RangeTest.java" Intrnl_Id="467">
                                            <LocList>
                                                <Loc EndOffset="8428" SrcFileId="2" StartOffset="8389"/>
                                            </LocList>
                                        </BasicStmnt>
                                        <BasicStmnt CovItemId="S51" CovItemPrefix="org.jfree.data.test.RangeTest.java" Intrnl_Id="468">
                                            <LocList>
                                                <Loc EndOffset="8536" SrcFileId="2" StartOffset="8434"/>
                                            </LocList>
                                        </BasicStmnt>
                                    </StmntSeq>
                                </HierarchyLvl>
                                <HierarchyLvl HierarchyLvlId="4096" HierarchyLvlTypeId="5" Intrnl_Id="469" Name="testingPositiveToNegativeWithFalseAndZero">
                                    <Header>
                                        <Loc EndOffset="8629" SrcFileId="2" StartOffset="8563"/>
                                    </Header>
                                    <LocList>
                                        <Loc EndOffset="8878" SrcFileId="2" StartOffset="8563"/>
                                    </LocList>
                                    <StmntSeq Intrnl_Id="470">
                                        <LocList>
                                            <Loc EndOffset="8672" SrcFileId="2" StartOffset="8634"/>
                                            <Loc EndOffset="8730" SrcFileId="2" StartOffset="8675"/>
                                            <Loc EndOffset="8770" SrcFileId="2" StartOffset="8733"/>
                                            <Loc EndOffset="8872" SrcFileId="2" StartOffset="8773"/>
                                        </LocList>
                                        <BasicStmnt CovItemId="S52" CovItemPrefix="org.jfree.data.test.RangeTest.java" Intrnl_Id="471">
                                            <LocList>
                                                <Loc EndOffset="8672" SrcFileId="2" StartOffset="8634"/>
                                            </LocList>
                                        </BasicStmnt>
                                        <BasicStmnt CovItemId="S53" CovItemPrefix="org.jfree.data.test.RangeTest.java" Intrnl_Id="472">
                                            <LocList>
                                                <Loc EndOffset="8730" SrcFileId="2" StartOffset="8675"/>
                                            </LocList>
                                        </BasicStmnt>
                                        <BasicStmnt CovItemId="S54" CovItemPrefix="org.jfree.data.test.RangeTest.java" Intrnl_Id="473">
                                            <LocList>
                                                <Loc EndOffset="8770" SrcFileId="2" StartOffset="8733"/>
                                            </LocList>
                                        </BasicStmnt>
                                        <BasicStmnt CovItemId="S55" CovItemPrefix="org.jfree.data.test.RangeTest.java" Intrnl_Id="474">
                                            <LocList>
                                                <Loc EndOffset="8872" SrcFileId="2" StartOffset="8773"/>
                                            </LocList>
                                        </BasicStmnt>
                                    </StmntSeq>
                                </HierarchyLvl>
                                <HierarchyLvl HierarchyLvlId="4097" HierarchyLvlTypeId="5" Intrnl_Id="475" Name="testingPositiveToPositiveWithTrue">
                                    <Header>
                                        <Loc EndOffset="8955" SrcFileId="2" StartOffset="8899"/>
                                    </Header>
                                    <LocList>
                                        <Loc EndOffset="9214" SrcFileId="2" StartOffset="8899"/>
                                    </LocList>
                                    <StmntSeq Intrnl_Id="476">
                                        <LocList>
                                            <Loc EndOffset="8998" SrcFileId="2" StartOffset="8960"/>
                                            <Loc EndOffset="9054" SrcFileId="2" StartOffset="9001"/>
                                            <Loc EndOffset="9097" SrcFileId="2" StartOffset="9060"/>
                                            <Loc EndOffset="9208" SrcFileId="2" StartOffset="9103"/>
                                        </LocList>
                                        <BasicStmnt CovItemId="S56" CovItemPrefix="org.jfree.data.test.RangeTest.java" Intrnl_Id="477">
                                            <LocList>
                                                <Loc EndOffset="8998" SrcFileId="2" StartOffset="8960"/>
                                            </LocList>
                                        </BasicStmnt>
                                        <BasicStmnt CovItemId="S57" CovItemPrefix="org.jfree.data.test.RangeTest.java" Intrnl_Id="478">
                                            <LocList>
                                                <Loc EndOffset="9054" SrcFileId="2" StartOffset="9001"/>
                                            </LocList>
                                        </BasicStmnt>
                                        <BasicStmnt CovItemId="S58" CovItemPrefix="org.jfree.data.test.RangeTest.java" Intrnl_Id="479">
                                            <LocList>
                                                <Loc EndOffset="9097" SrcFileId="2" StartOffset="9060"/>
                                            </LocList>
                                        </BasicStmnt>
                                        <BasicStmnt CovItemId="S59" CovItemPrefix="org.jfree.data.test.RangeTest.java" Intrnl_Id="480">
                                            <LocList>
                                                <Loc EndOffset="9208" SrcFileId="2" StartOffset="9103"/>
                                            </LocList>
                                        </BasicStmnt>
                                    </StmntSeq>
                                </HierarchyLvl>
                                <HierarchyLvl HierarchyLvlId="4098" HierarchyLvlTypeId="5" Intrnl_Id="481" Name="testingPositiveToPositiveWithTrueWrongAnswer">
                                    <Header>
                                        <Loc EndOffset="9302" SrcFileId="2" StartOffset="9235"/>
                                    </Header>
                                    <LocList>
                                        <Loc EndOffset="9555" SrcFileId="2" StartOffset="9235"/>
                                    </LocList>
                                    <StmntSeq Intrnl_Id="482">
                                        <LocList>
                                            <Loc EndOffset="9345" SrcFileId="2" StartOffset="9307"/>
                                            <Loc EndOffset="9401" SrcFileId="2" StartOffset="9348"/>
                                            <Loc EndOffset="9442" SrcFileId="2" StartOffset="9405"/>
                                            <Loc EndOffset="9549" SrcFileId="2" StartOffset="9446"/>
                                        </LocList>
                                        <BasicStmnt CovItemId="S60" CovItemPrefix="org.jfree.data.test.RangeTest.java" Intrnl_Id="483">
                                            <LocList>
                                                <Loc EndOffset="9345" SrcFileId="2" StartOffset="9307"/>
                                            </LocList>
                                        </BasicStmnt>
                                        <BasicStmnt CovItemId="S61" CovItemPrefix="org.jfree.data.test.RangeTest.java" Intrnl_Id="484">
                                            <LocList>
                                                <Loc EndOffset="9401" SrcFileId="2" StartOffset="9348"/>
                                            </LocList>
                                        </BasicStmnt>
                                        <BasicStmnt CovItemId="S62" CovItemPrefix="org.jfree.data.test.RangeTest.java" Intrnl_Id="485">
                                            <LocList>
                                                <Loc EndOffset="9442" SrcFileId="2" StartOffset="9405"/>
                                            </LocList>
                                        </BasicStmnt>
                                        <BasicStmnt CovItemId="S63" CovItemPrefix="org.jfree.data.test.RangeTest.java" Intrnl_Id="486">
                                            <LocList>
                                                <Loc EndOffset="9549" SrcFileId="2" StartOffset="9446"/>
                                            </LocList>
                                        </BasicStmnt>
                                    </StmntSeq>
                                </HierarchyLvl>
                                <HierarchyLvl HierarchyLvlId="4099" HierarchyLvlTypeId="5" Intrnl_Id="487" Name="testingNegativeToPositiveWithFalse">
                                    <Header>
                                        <Loc EndOffset="9633" SrcFileId="2" StartOffset="9576"/>
                                    </Header>
                                    <LocList>
                                        <Loc EndOffset="9885" SrcFileId="2" StartOffset="9576"/>
                                    </LocList>
                                    <StmntSeq Intrnl_Id="488">
                                        <LocList>
                                            <Loc EndOffset="9678" SrcFileId="2" StartOffset="9638"/>
                                            <Loc EndOffset="9735" SrcFileId="2" StartOffset="9681"/>
                                            <Loc EndOffset="9776" SrcFileId="2" StartOffset="9739"/>
                                            <Loc EndOffset="9879" SrcFileId="2" StartOffset="9780"/>
                                        </LocList>
                                        <BasicStmnt CovItemId="S64" CovItemPrefix="org.jfree.data.test.RangeTest.java" Intrnl_Id="489">
                                            <LocList>
                                                <Loc EndOffset="9678" SrcFileId="2" StartOffset="9638"/>
                                            </LocList>
                                        </BasicStmnt>
                                        <BasicStmnt CovItemId="S65" CovItemPrefix="org.jfree.data.test.RangeTest.java" Intrnl_Id="490">
                                            <LocList>
                                                <Loc EndOffset="9735" SrcFileId="2" StartOffset="9681"/>
                                            </LocList>
                                        </BasicStmnt>
                                        <BasicStmnt CovItemId="S66" CovItemPrefix="org.jfree.data.test.RangeTest.java" Intrnl_Id="491">
                                            <LocList>
                                                <Loc EndOffset="9776" SrcFileId="2" StartOffset="9739"/>
                                            </LocList>
                                        </BasicStmnt>
                                        <BasicStmnt CovItemId="S67" CovItemPrefix="org.jfree.data.test.RangeTest.java" Intrnl_Id="492">
                                            <LocList>
                                                <Loc EndOffset="9879" SrcFileId="2" StartOffset="9780"/>
                                            </LocList>
                                        </BasicStmnt>
                                    </StmntSeq>
                                </HierarchyLvl>
                                <HierarchyLvl HierarchyLvlId="4100" HierarchyLvlTypeId="5" Intrnl_Id="493" Name="testingNegativeToPositiveWithTrue">
                                    <Header>
                                        <Loc EndOffset="9962" SrcFileId="2" StartOffset="9906"/>
                                    </Header>
                                    <LocList>
                                        <Loc EndOffset="10209" SrcFileId="2" StartOffset="9906"/>
                                    </LocList>
                                    <StmntSeq Intrnl_Id="494">
                                        <LocList>
                                            <Loc EndOffset="10007" SrcFileId="2" StartOffset="9967"/>
                                            <Loc EndOffset="10063" SrcFileId="2" StartOffset="10010"/>
                                            <Loc EndOffset="10103" SrcFileId="2" StartOffset="10066"/>
                                            <Loc EndOffset="10203" SrcFileId="2" StartOffset="10106"/>
                                        </LocList>
                                        <BasicStmnt CovItemId="S68" CovItemPrefix="org.jfree.data.test.RangeTest.java" Intrnl_Id="495">
                                            <LocList>
                                                <Loc EndOffset="10007" SrcFileId="2" StartOffset="9967"/>
                                            </LocList>
                                        </BasicStmnt>
                                        <BasicStmnt CovItemId="S69" CovItemPrefix="org.jfree.data.test.RangeTest.java" Intrnl_Id="496">
                                            <LocList>
                                                <Loc EndOffset="10063" SrcFileId="2" StartOffset="10010"/>
                                            </LocList>
                                        </BasicStmnt>
                                        <BasicStmnt CovItemId="S70" CovItemPrefix="org.jfree.data.test.RangeTest.java" Intrnl_Id="497">
                                            <LocList>
                                                <Loc EndOffset="10103" SrcFileId="2" StartOffset="10066"/>
                                            </LocList>
                                        </BasicStmnt>
                                        <BasicStmnt CovItemId="S71" CovItemPrefix="org.jfree.data.test.RangeTest.java" Intrnl_Id="498">
                                            <LocList>
                                                <Loc EndOffset="10203" SrcFileId="2" StartOffset="10106"/>
                                            </LocList>
                                        </BasicStmnt>
                                    </StmntSeq>
                                </HierarchyLvl>
                                <HierarchyLvl HierarchyLvlId="4101" HierarchyLvlTypeId="5" Intrnl_Id="499" Name="testingNegativeToPositiveWithTrueSplitRange">
                                    <Header>
                                        <Loc EndOffset="10296" SrcFileId="2" StartOffset="10230"/>
                                    </Header>
                                    <LocList>
                                        <Loc EndOffset="10538" SrcFileId="2" StartOffset="10230"/>
                                    </LocList>
                                    <StmntSeq Intrnl_Id="500">
                                        <LocList>
                                            <Loc EndOffset="10340" SrcFileId="2" StartOffset="10301"/>
                                            <Loc EndOffset="10396" SrcFileId="2" StartOffset="10343"/>
                                            <Loc EndOffset="10435" SrcFileId="2" StartOffset="10398"/>
                                            <Loc EndOffset="10532" SrcFileId="2" StartOffset="10437"/>
                                        </LocList>
                                        <BasicStmnt CovItemId="S72" CovItemPrefix="org.jfree.data.test.RangeTest.java" Intrnl_Id="501">
                                            <LocList>
                                                <Loc EndOffset="10340" SrcFileId="2" StartOffset="10301"/>
                                            </LocList>
                                        </BasicStmnt>
                                        <BasicStmnt CovItemId="S73" CovItemPrefix="org.jfree.data.test.RangeTest.java" Intrnl_Id="502">
                                            <LocList>
                                                <Loc EndOffset="10396" SrcFileId="2" StartOffset="10343"/>
                                            </LocList>
                                        </BasicStmnt>
                                        <BasicStmnt CovItemId="S74" CovItemPrefix="org.jfree.data.test.RangeTest.java" Intrnl_Id="503">
                                            <LocList>
                                                <Loc EndOffset="10435" SrcFileId="2" StartOffset="10398"/>
                                            </LocList>
                                        </BasicStmnt>
                                        <BasicStmnt CovItemId="S75" CovItemPrefix="org.jfree.data.test.RangeTest.java" Intrnl_Id="504">
                                            <LocList>
                                                <Loc EndOffset="10532" SrcFileId="2" StartOffset="10437"/>
                                            </LocList>
                                        </BasicStmnt>
                                    </StmntSeq>
                                </HierarchyLvl>
                                <HierarchyLvl HierarchyLvlId="4102" HierarchyLvlTypeId="5" Intrnl_Id="505" Name="testingNegativeToPositiveWithFalseSplitRange">
                                    <Header>
                                        <Loc EndOffset="10626" SrcFileId="2" StartOffset="10559"/>
                                    </Header>
                                    <LocList>
                                        <Loc EndOffset="10867" SrcFileId="2" StartOffset="10559"/>
                                    </LocList>
                                    <StmntSeq Intrnl_Id="506">
                                        <LocList>
                                            <Loc EndOffset="10670" SrcFileId="2" StartOffset="10631"/>
                                            <Loc EndOffset="10727" SrcFileId="2" StartOffset="10673"/>
                                            <Loc EndOffset="10766" SrcFileId="2" StartOffset="10729"/>
                                            <Loc EndOffset="10861" SrcFileId="2" StartOffset="10768"/>
                                        </LocList>
                                        <BasicStmnt CovItemId="S76" CovItemPrefix="org.jfree.data.test.RangeTest.java" Intrnl_Id="507">
                                            <LocList>
                                                <Loc EndOffset="10670" SrcFileId="2" StartOffset="10631"/>
                                            </LocList>
                                        </BasicStmnt>
                                        <BasicStmnt CovItemId="S77" CovItemPrefix="org.jfree.data.test.RangeTest.java" Intrnl_Id="508">
                                            <LocList>
                                                <Loc EndOffset="10727" SrcFileId="2" StartOffset="10673"/>
                                            </LocList>
                                        </BasicStmnt>
                                        <BasicStmnt CovItemId="S78" CovItemPrefix="org.jfree.data.test.RangeTest.java" Intrnl_Id="509">
                                            <LocList>
                                                <Loc EndOffset="10766" SrcFileId="2" StartOffset="10729"/>
                                            </LocList>
                                        </BasicStmnt>
                                        <BasicStmnt CovItemId="S79" CovItemPrefix="org.jfree.data.test.RangeTest.java" Intrnl_Id="510">
                                            <LocList>
                                                <Loc EndOffset="10861" SrcFileId="2" StartOffset="10768"/>
                                            </LocList>
                                        </BasicStmnt>
                                    </StmntSeq>
                                </HierarchyLvl>
                                <HierarchyLvl HierarchyLvlId="4103" HierarchyLvlTypeId="5" Intrnl_Id="511" Name="testingNegativeToPositiveWithFalseSplitRangeCorrectAnswer">
                                    <Header>
                                        <Loc EndOffset="10969" SrcFileId="2" StartOffset="10889"/>
                                    </Header>
                                    <LocList>
                                        <Loc EndOffset="11214" SrcFileId="2" StartOffset="10889"/>
                                    </LocList>
                                    <StmntSeq Intrnl_Id="512">
                                        <LocList>
                                            <Loc EndOffset="11013" SrcFileId="2" StartOffset="10974"/>
                                            <Loc EndOffset="11070" SrcFileId="2" StartOffset="11016"/>
                                            <Loc EndOffset="11109" SrcFileId="2" StartOffset="11072"/>
                                            <Loc EndOffset="11208" SrcFileId="2" StartOffset="11111"/>
                                        </LocList>
                                        <BasicStmnt CovItemId="S80" CovItemPrefix="org.jfree.data.test.RangeTest.java" Intrnl_Id="513">
                                            <LocList>
                                                <Loc EndOffset="11013" SrcFileId="2" StartOffset="10974"/>
                                            </LocList>
                                        </BasicStmnt>
                                        <BasicStmnt CovItemId="S81" CovItemPrefix="org.jfree.data.test.RangeTest.java" Intrnl_Id="514">
                                            <LocList>
                                                <Loc EndOffset="11070" SrcFileId="2" StartOffset="11016"/>
                                            </LocList>
                                        </BasicStmnt>
                                        <BasicStmnt CovItemId="S82" CovItemPrefix="org.jfree.data.test.RangeTest.java" Intrnl_Id="515">
                                            <LocList>
                                                <Loc EndOffset="11109" SrcFileId="2" StartOffset="11072"/>
                                            </LocList>
                                        </BasicStmnt>
                                        <BasicStmnt CovItemId="S83" CovItemPrefix="org.jfree.data.test.RangeTest.java" Intrnl_Id="516">
                                            <LocList>
                                                <Loc EndOffset="11208" SrcFileId="2" StartOffset="11111"/>
                                            </LocList>
                                        </BasicStmnt>
                                    </StmntSeq>
                                </HierarchyLvl>
                                <HierarchyLvl HierarchyLvlId="4104" HierarchyLvlTypeId="5" Intrnl_Id="517" Name="testingPositiveToPositiveWithFalseWrongAnswer">
                                    <Header>
                                        <Loc EndOffset="11305" SrcFileId="2" StartOffset="11237"/>
                                    </Header>
                                    <LocList>
                                        <Loc EndOffset="11553" SrcFileId="2" StartOffset="11237"/>
                                    </LocList>
                                    <StmntSeq Intrnl_Id="518">
                                        <LocList>
                                            <Loc EndOffset="11348" SrcFileId="2" StartOffset="11310"/>
                                            <Loc EndOffset="11405" SrcFileId="2" StartOffset="11351"/>
                                            <Loc EndOffset="11444" SrcFileId="2" StartOffset="11407"/>
                                            <Loc EndOffset="11547" SrcFileId="2" StartOffset="11446"/>
                                        </LocList>
                                        <BasicStmnt CovItemId="S84" CovItemPrefix="org.jfree.data.test.RangeTest.java" Intrnl_Id="519">
                                            <LocList>
                                                <Loc EndOffset="11348" SrcFileId="2" StartOffset="11310"/>
                                            </LocList>
                                        </BasicStmnt>
                                        <BasicStmnt CovItemId="S85" CovItemPrefix="org.jfree.data.test.RangeTest.java" Intrnl_Id="520">
                                            <LocList>
                                                <Loc EndOffset="11405" SrcFileId="2" StartOffset="11351"/>
                                            </LocList>
                                        </BasicStmnt>
                                        <BasicStmnt CovItemId="S86" CovItemPrefix="org.jfree.data.test.RangeTest.java" Intrnl_Id="521">
                                            <LocList>
                                                <Loc EndOffset="11444" SrcFileId="2" StartOffset="11407"/>
                                            </LocList>
                                        </BasicStmnt>
                                        <BasicStmnt CovItemId="S87" CovItemPrefix="org.jfree.data.test.RangeTest.java" Intrnl_Id="522">
                                            <LocList>
                                                <Loc EndOffset="11547" SrcFileId="2" StartOffset="11446"/>
                                            </LocList>
                                        </BasicStmnt>
                                    </StmntSeq>
                                </HierarchyLvl>
                                <HierarchyLvl HierarchyLvlId="4105" HierarchyLvlTypeId="5" Intrnl_Id="523" Name="testingPositiveToPositiveWithFalseCorrectAnswer">
                                    <Header>
                                        <Loc EndOffset="11644" SrcFileId="2" StartOffset="11574"/>
                                    </Header>
                                    <LocList>
                                        <Loc EndOffset="11892" SrcFileId="2" StartOffset="11574"/>
                                    </LocList>
                                    <StmntSeq Intrnl_Id="524">
                                        <LocList>
                                            <Loc EndOffset="11687" SrcFileId="2" StartOffset="11649"/>
                                            <Loc EndOffset="11744" SrcFileId="2" StartOffset="11690"/>
                                            <Loc EndOffset="11783" SrcFileId="2" StartOffset="11746"/>
                                            <Loc EndOffset="11886" SrcFileId="2" StartOffset="11785"/>
                                        </LocList>
                                        <BasicStmnt CovItemId="S88" CovItemPrefix="org.jfree.data.test.RangeTest.java" Intrnl_Id="525">
                                            <LocList>
                                                <Loc EndOffset="11687" SrcFileId="2" StartOffset="11649"/>
                                            </LocList>
                                        </BasicStmnt>
                                        <BasicStmnt CovItemId="S89" CovItemPrefix="org.jfree.data.test.RangeTest.java" Intrnl_Id="526">
                                            <LocList>
                                                <Loc EndOffset="11744" SrcFileId="2" StartOffset="11690"/>
                                            </LocList>
                                        </BasicStmnt>
                                        <BasicStmnt CovItemId="S90" CovItemPrefix="org.jfree.data.test.RangeTest.java" Intrnl_Id="527">
                                            <LocList>
                                                <Loc EndOffset="11783" SrcFileId="2" StartOffset="11746"/>
                                            </LocList>
                                        </BasicStmnt>
                                        <BasicStmnt CovItemId="S91" CovItemPrefix="org.jfree.data.test.RangeTest.java" Intrnl_Id="528">
                                            <LocList>
                                                <Loc EndOffset="11886" SrcFileId="2" StartOffset="11785"/>
                                            </LocList>
                                        </BasicStmnt>
                                    </StmntSeq>
                                </HierarchyLvl>
                                <HierarchyLvl HierarchyLvlId="4106" HierarchyLvlTypeId="5" Intrnl_Id="529" Name="shiftTestWithNullRange">
                                    <Header>
                                        <Loc EndOffset="11984" SrcFileId="2" StartOffset="11898"/>
                                    </Header>
                                    <LocList>
                                        <Loc EndOffset="12023" SrcFileId="2" StartOffset="11898"/>
                                    </LocList>
                                    <StmntSeq Intrnl_Id="530">
                                        <LocList>
                                            <Loc EndOffset="12020" SrcFileId="2" StartOffset="11992"/>
                                        </LocList>
                                        <BasicStmnt CovItemId="S92" CovItemPrefix="org.jfree.data.test.RangeTest.java" Intrnl_Id="531">
                                            <LocList>
                                                <Loc EndOffset="12020" SrcFileId="2" StartOffset="11992"/>
                                            </LocList>
                                        </BasicStmnt>
                                    </StmntSeq>
                                </HierarchyLvl>
                                <HierarchyLvl HierarchyLvlId="4107" HierarchyLvlTypeId="5" Intrnl_Id="532" Name="testingPositiveToPositive">
                                    <Header>
                                        <Loc EndOffset="12131" SrcFileId="2" StartOffset="12083"/>
                                    </Header>
                                    <LocList>
                                        <Loc EndOffset="12370" SrcFileId="2" StartOffset="12083"/>
                                    </LocList>
                                    <StmntSeq Intrnl_Id="533">
                                        <LocList>
                                            <Loc EndOffset="12174" SrcFileId="2" StartOffset="12136"/>
                                            <Loc EndOffset="12224" SrcFileId="2" StartOffset="12177"/>
                                            <Loc EndOffset="12263" SrcFileId="2" StartOffset="12226"/>
                                            <Loc EndOffset="12364" SrcFileId="2" StartOffset="12265"/>
                                        </LocList>
                                        <BasicStmnt CovItemId="S93" CovItemPrefix="org.jfree.data.test.RangeTest.java" Intrnl_Id="534">
                                            <LocList>
                                                <Loc EndOffset="12174" SrcFileId="2" StartOffset="12136"/>
                                            </LocList>
                                        </BasicStmnt>
                                        <BasicStmnt CovItemId="S94" CovItemPrefix="org.jfree.data.test.RangeTest.java" Intrnl_Id="535">
                                            <LocList>
                                                <Loc EndOffset="12224" SrcFileId="2" StartOffset="12177"/>
                                            </LocList>
                                        </BasicStmnt>
                                        <BasicStmnt CovItemId="S95" CovItemPrefix="org.jfree.data.test.RangeTest.java" Intrnl_Id="536">
                                            <LocList>
                                                <Loc EndOffset="12263" SrcFileId="2" StartOffset="12226"/>
                                            </LocList>
                                        </BasicStmnt>
                                        <BasicStmnt CovItemId="S96" CovItemPrefix="org.jfree.data.test.RangeTest.java" Intrnl_Id="537">
                                            <LocList>
                                                <Loc EndOffset="12364" SrcFileId="2" StartOffset="12265"/>
                                            </LocList>
                                        </BasicStmnt>
                                    </StmntSeq>
                                </HierarchyLvl>
                                <HierarchyLvl HierarchyLvlId="4108" HierarchyLvlTypeId="5" Intrnl_Id="538" Name="testingPositiveToNegative">
                                    <Header>
                                        <Loc EndOffset="12441" SrcFileId="2" StartOffset="12393"/>
                                    </Header>
                                    <LocList>
                                        <Loc EndOffset="12678" SrcFileId="2" StartOffset="12393"/>
                                    </LocList>
                                    <StmntSeq Intrnl_Id="539">
                                        <LocList>
                                            <Loc EndOffset="12484" SrcFileId="2" StartOffset="12446"/>
                                            <Loc EndOffset="12535" SrcFileId="2" StartOffset="12487"/>
                                            <Loc EndOffset="12574" SrcFileId="2" StartOffset="12537"/>
                                            <Loc EndOffset="12672" SrcFileId="2" StartOffset="12576"/>
                                        </LocList>
                                        <BasicStmnt CovItemId="S97" CovItemPrefix="org.jfree.data.test.RangeTest.java" Intrnl_Id="540">
                                            <LocList>
                                                <Loc EndOffset="12484" SrcFileId="2" StartOffset="12446"/>
                                            </LocList>
                                        </BasicStmnt>
                                        <BasicStmnt CovItemId="S98" CovItemPrefix="org.jfree.data.test.RangeTest.java" Intrnl_Id="541">
                                            <LocList>
                                                <Loc EndOffset="12535" SrcFileId="2" StartOffset="12487"/>
                                            </LocList>
                                        </BasicStmnt>
                                        <BasicStmnt CovItemId="S99" CovItemPrefix="org.jfree.data.test.RangeTest.java" Intrnl_Id="542">
                                            <LocList>
                                                <Loc EndOffset="12574" SrcFileId="2" StartOffset="12537"/>
                                            </LocList>
                                        </BasicStmnt>
                                        <BasicStmnt CovItemId="S100" CovItemPrefix="org.jfree.data.test.RangeTest.java" Intrnl_Id="543">
                                            <LocList>
                                                <Loc EndOffset="12672" SrcFileId="2" StartOffset="12576"/>
                                            </LocList>
                                        </BasicStmnt>
                                    </StmntSeq>
                                </HierarchyLvl>
                                <HierarchyLvl HierarchyLvlId="4109" HierarchyLvlTypeId="5" Intrnl_Id="544" Name="testingPositiveToNegativeSplit">
                                    <Header>
                                        <Loc EndOffset="12752" SrcFileId="2" StartOffset="12699"/>
                                    </Header>
                                    <LocList>
                                        <Loc EndOffset="12993" SrcFileId="2" StartOffset="12699"/>
                                    </LocList>
                                    <StmntSeq Intrnl_Id="545">
                                        <LocList>
                                            <Loc EndOffset="12796" SrcFileId="2" StartOffset="12757"/>
                                            <Loc EndOffset="12847" SrcFileId="2" StartOffset="12799"/>
                                            <Loc EndOffset="12887" SrcFileId="2" StartOffset="12849"/>
                                            <Loc EndOffset="12987" SrcFileId="2" StartOffset="12889"/>
                                        </LocList>
                                        <BasicStmnt CovItemId="S101" CovItemPrefix="org.jfree.data.test.RangeTest.java" Intrnl_Id="546">
                                            <LocList>
                                                <Loc EndOffset="12796" SrcFileId="2" StartOffset="12757"/>
                                            </LocList>
                                        </BasicStmnt>
                                        <BasicStmnt CovItemId="S102" CovItemPrefix="org.jfree.data.test.RangeTest.java" Intrnl_Id="547">
                                            <LocList>
                                                <Loc EndOffset="12847" SrcFileId="2" StartOffset="12799"/>
                                            </LocList>
                                        </BasicStmnt>
                                        <BasicStmnt CovItemId="S103" CovItemPrefix="org.jfree.data.test.RangeTest.java" Intrnl_Id="548">
                                            <LocList>
                                                <Loc EndOffset="12887" SrcFileId="2" StartOffset="12849"/>
                                            </LocList>
                                        </BasicStmnt>
                                        <BasicStmnt CovItemId="S104" CovItemPrefix="org.jfree.data.test.RangeTest.java" Intrnl_Id="549">
                                            <LocList>
                                                <Loc EndOffset="12987" SrcFileId="2" StartOffset="12889"/>
                                            </LocList>
                                        </BasicStmnt>
                                    </StmntSeq>
                                </HierarchyLvl>
                                <HierarchyLvl HierarchyLvlId="4110" HierarchyLvlTypeId="5" Intrnl_Id="550" Name="testingPositiveToNegativeSplit1">
                                    <Header>
                                        <Loc EndOffset="13068" SrcFileId="2" StartOffset="13014"/>
                                    </Header>
                                    <LocList>
                                        <Loc EndOffset="13303" SrcFileId="2" StartOffset="13014"/>
                                    </LocList>
                                    <StmntSeq Intrnl_Id="551">
                                        <LocList>
                                            <Loc EndOffset="13111" SrcFileId="2" StartOffset="13073"/>
                                            <Loc EndOffset="13162" SrcFileId="2" StartOffset="13114"/>
                                            <Loc EndOffset="13203" SrcFileId="2" StartOffset="13164"/>
                                            <Loc EndOffset="13297" SrcFileId="2" StartOffset="13205"/>
                                        </LocList>
                                        <BasicStmnt CovItemId="S105" CovItemPrefix="org.jfree.data.test.RangeTest.java" Intrnl_Id="552">
                                            <LocList>
                                                <Loc EndOffset="13111" SrcFileId="2" StartOffset="13073"/>
                                            </LocList>
                                        </BasicStmnt>
                                        <BasicStmnt CovItemId="S106" CovItemPrefix="org.jfree.data.test.RangeTest.java" Intrnl_Id="553">
                                            <LocList>
                                                <Loc EndOffset="13162" SrcFileId="2" StartOffset="13114"/>
                                            </LocList>
                                        </BasicStmnt>
                                        <BasicStmnt CovItemId="S107" CovItemPrefix="org.jfree.data.test.RangeTest.java" Intrnl_Id="554">
                                            <LocList>
                                                <Loc EndOffset="13203" SrcFileId="2" StartOffset="13164"/>
                                            </LocList>
                                        </BasicStmnt>
                                        <BasicStmnt CovItemId="S108" CovItemPrefix="org.jfree.data.test.RangeTest.java" Intrnl_Id="555">
                                            <LocList>
                                                <Loc EndOffset="13297" SrcFileId="2" StartOffset="13205"/>
                                            </LocList>
                                        </BasicStmnt>
                                    </StmntSeq>
                                </HierarchyLvl>
                                <HierarchyLvl HierarchyLvlId="4111" HierarchyLvlTypeId="5" Intrnl_Id="556" Name="testingNegativeToPositive">
                                    <Header>
                                        <Loc EndOffset="13373" SrcFileId="2" StartOffset="13325"/>
                                    </Header>
                                    <LocList>
                                        <Loc EndOffset="13606" SrcFileId="2" StartOffset="13325"/>
                                    </LocList>
                                    <StmntSeq Intrnl_Id="557">
                                        <LocList>
                                            <Loc EndOffset="13418" SrcFileId="2" StartOffset="13378"/>
                                            <Loc EndOffset="13468" SrcFileId="2" StartOffset="13421"/>
                                            <Loc EndOffset="13507" SrcFileId="2" StartOffset="13470"/>
                                            <Loc EndOffset="13600" SrcFileId="2" StartOffset="13509"/>
                                        </LocList>
                                        <BasicStmnt CovItemId="S109" CovItemPrefix="org.jfree.data.test.RangeTest.java" Intrnl_Id="558">
                                            <LocList>
                                                <Loc EndOffset="13418" SrcFileId="2" StartOffset="13378"/>
                                            </LocList>
                                        </BasicStmnt>
                                        <BasicStmnt CovItemId="S110" CovItemPrefix="org.jfree.data.test.RangeTest.java" Intrnl_Id="559">
                                            <LocList>
                                                <Loc EndOffset="13468" SrcFileId="2" StartOffset="13421"/>
                                            </LocList>
                                        </BasicStmnt>
                                        <BasicStmnt CovItemId="S111" CovItemPrefix="org.jfree.data.test.RangeTest.java" Intrnl_Id="560">
                                            <LocList>
                                                <Loc EndOffset="13507" SrcFileId="2" StartOffset="13470"/>
                                            </LocList>
                                        </BasicStmnt>
                                        <BasicStmnt CovItemId="S112" CovItemPrefix="org.jfree.data.test.RangeTest.java" Intrnl_Id="561">
                                            <LocList>
                                                <Loc EndOffset="13600" SrcFileId="2" StartOffset="13509"/>
                                            </LocList>
                                        </BasicStmnt>
                                    </StmntSeq>
                                </HierarchyLvl>
                                <HierarchyLvl HierarchyLvlId="4112" HierarchyLvlTypeId="5" Intrnl_Id="562" Name="testingNegativeToPositiveWithCorrectAnswer">
                                    <Header>
                                        <Loc EndOffset="13692" SrcFileId="2" StartOffset="13627"/>
                                    </Header>
                                    <LocList>
                                        <Loc EndOffset="13921" SrcFileId="2" StartOffset="13627"/>
                                    </LocList>
                                    <StmntSeq Intrnl_Id="563">
                                        <LocList>
                                            <Loc EndOffset="13737" SrcFileId="2" StartOffset="13697"/>
                                            <Loc EndOffset="13787" SrcFileId="2" StartOffset="13740"/>
                                            <Loc EndOffset="13822" SrcFileId="2" StartOffset="13789"/>
                                            <Loc EndOffset="13915" SrcFileId="2" StartOffset="13824"/>
                                        </LocList>
                                        <BasicStmnt CovItemId="S113" CovItemPrefix="org.jfree.data.test.RangeTest.java" Intrnl_Id="564">
                                            <LocList>
                                                <Loc EndOffset="13737" SrcFileId="2" StartOffset="13697"/>
                                            </LocList>
                                        </BasicStmnt>
                                        <BasicStmnt CovItemId="S114" CovItemPrefix="org.jfree.data.test.RangeTest.java" Intrnl_Id="565">
                                            <LocList>
                                                <Loc EndOffset="13787" SrcFileId="2" StartOffset="13740"/>
                                            </LocList>
                                        </BasicStmnt>
                                        <BasicStmnt CovItemId="S115" CovItemPrefix="org.jfree.data.test.RangeTest.java" Intrnl_Id="566">
                                            <LocList>
                                                <Loc EndOffset="13822" SrcFileId="2" StartOffset="13789"/>
                                            </LocList>
                                        </BasicStmnt>
                                        <BasicStmnt CovItemId="S116" CovItemPrefix="org.jfree.data.test.RangeTest.java" Intrnl_Id="567">
                                            <LocList>
                                                <Loc EndOffset="13915" SrcFileId="2" StartOffset="13824"/>
                                            </LocList>
                                        </BasicStmnt>
                                    </StmntSeq>
                                </HierarchyLvl>
                                <HierarchyLvl HierarchyLvlId="4113" HierarchyLvlTypeId="5" Intrnl_Id="568" Name="testingNegativeToPositiveWithCorrectAnswerSplit">
                                    <Header>
                                        <Loc EndOffset="14012" SrcFileId="2" StartOffset="13942"/>
                                    </Header>
                                    <LocList>
                                        <Loc EndOffset="14240" SrcFileId="2" StartOffset="13942"/>
                                    </LocList>
                                    <StmntSeq Intrnl_Id="569">
                                        <LocList>
                                            <Loc EndOffset="14056" SrcFileId="2" StartOffset="14017"/>
                                            <Loc EndOffset="14106" SrcFileId="2" StartOffset="14059"/>
                                            <Loc EndOffset="14141" SrcFileId="2" StartOffset="14108"/>
                                            <Loc EndOffset="14234" SrcFileId="2" StartOffset="14143"/>
                                        </LocList>
                                        <BasicStmnt CovItemId="S117" CovItemPrefix="org.jfree.data.test.RangeTest.java" Intrnl_Id="570">
                                            <LocList>
                                                <Loc EndOffset="14056" SrcFileId="2" StartOffset="14017"/>
                                            </LocList>
                                        </BasicStmnt>
                                        <BasicStmnt CovItemId="S118" CovItemPrefix="org.jfree.data.test.RangeTest.java" Intrnl_Id="571">
                                            <LocList>
                                                <Loc EndOffset="14106" SrcFileId="2" StartOffset="14059"/>
                                            </LocList>
                                        </BasicStmnt>
                                        <BasicStmnt CovItemId="S119" CovItemPrefix="org.jfree.data.test.RangeTest.java" Intrnl_Id="572">
                                            <LocList>
                                                <Loc EndOffset="14141" SrcFileId="2" StartOffset="14108"/>
                                            </LocList>
                                        </BasicStmnt>
                                        <BasicStmnt CovItemId="S120" CovItemPrefix="org.jfree.data.test.RangeTest.java" Intrnl_Id="573">
                                            <LocList>
                                                <Loc EndOffset="14234" SrcFileId="2" StartOffset="14143"/>
                                            </LocList>
                                        </BasicStmnt>
                                    </StmntSeq>
                                </HierarchyLvl>
                                <HierarchyLvl HierarchyLvlId="4114" HierarchyLvlTypeId="5" Intrnl_Id="574" Name="testingNegativeToPositiveWithWrongAnswerSplit1">
                                    <Header>
                                        <Loc EndOffset="14330" SrcFileId="2" StartOffset="14261"/>
                                    </Header>
                                    <LocList>
                                        <Loc EndOffset="14560" SrcFileId="2" StartOffset="14261"/>
                                    </LocList>
                                    <StmntSeq Intrnl_Id="575">
                                        <LocList>
                                            <Loc EndOffset="14374" SrcFileId="2" StartOffset="14335"/>
                                            <Loc EndOffset="14424" SrcFileId="2" StartOffset="14377"/>
                                            <Loc EndOffset="14461" SrcFileId="2" StartOffset="14426"/>
                                            <Loc EndOffset="14554" SrcFileId="2" StartOffset="14463"/>
                                        </LocList>
                                        <BasicStmnt CovItemId="S121" CovItemPrefix="org.jfree.data.test.RangeTest.java" Intrnl_Id="576">
                                            <LocList>
                                                <Loc EndOffset="14374" SrcFileId="2" StartOffset="14335"/>
                                            </LocList>
                                        </BasicStmnt>
                                        <BasicStmnt CovItemId="S122" CovItemPrefix="org.jfree.data.test.RangeTest.java" Intrnl_Id="577">
                                            <LocList>
                                                <Loc EndOffset="14424" SrcFileId="2" StartOffset="14377"/>
                                            </LocList>
                                        </BasicStmnt>
                                        <BasicStmnt CovItemId="S123" CovItemPrefix="org.jfree.data.test.RangeTest.java" Intrnl_Id="578">
                                            <LocList>
                                                <Loc EndOffset="14461" SrcFileId="2" StartOffset="14426"/>
                                            </LocList>
                                        </BasicStmnt>
                                        <BasicStmnt CovItemId="S124" CovItemPrefix="org.jfree.data.test.RangeTest.java" Intrnl_Id="579">
                                            <LocList>
                                                <Loc EndOffset="14554" SrcFileId="2" StartOffset="14463"/>
                                            </LocList>
                                        </BasicStmnt>
                                    </StmntSeq>
                                </HierarchyLvl>
                                <HierarchyLvl HierarchyLvlId="4115" HierarchyLvlTypeId="5" Intrnl_Id="580" Name="testingNegativeToZero">
                                    <Header>
                                        <Loc EndOffset="14625" SrcFileId="2" StartOffset="14581"/>
                                    </Header>
                                    <LocList>
                                        <Loc EndOffset="14852" SrcFileId="2" StartOffset="14581"/>
                                    </LocList>
                                    <StmntSeq Intrnl_Id="581">
                                        <LocList>
                                            <Loc EndOffset="14670" SrcFileId="2" StartOffset="14630"/>
                                            <Loc EndOffset="14720" SrcFileId="2" StartOffset="14673"/>
                                            <Loc EndOffset="14755" SrcFileId="2" StartOffset="14722"/>
                                            <Loc EndOffset="14846" SrcFileId="2" StartOffset="14757"/>
                                        </LocList>
                                        <BasicStmnt CovItemId="S125" CovItemPrefix="org.jfree.data.test.RangeTest.java" Intrnl_Id="582">
                                            <LocList>
                                                <Loc EndOffset="14670" SrcFileId="2" StartOffset="14630"/>
                                            </LocList>
                                        </BasicStmnt>
                                        <BasicStmnt CovItemId="S126" CovItemPrefix="org.jfree.data.test.RangeTest.java" Intrnl_Id="583">
                                            <LocList>
                                                <Loc EndOffset="14720" SrcFileId="2" StartOffset="14673"/>
                                            </LocList>
                                        </BasicStmnt>
                                        <BasicStmnt CovItemId="S127" CovItemPrefix="org.jfree.data.test.RangeTest.java" Intrnl_Id="584">
                                            <LocList>
                                                <Loc EndOffset="14755" SrcFileId="2" StartOffset="14722"/>
                                            </LocList>
                                        </BasicStmnt>
                                        <BasicStmnt CovItemId="S128" CovItemPrefix="org.jfree.data.test.RangeTest.java" Intrnl_Id="585">
                                            <LocList>
                                                <Loc EndOffset="14846" SrcFileId="2" StartOffset="14757"/>
                                            </LocList>
                                        </BasicStmnt>
                                    </StmntSeq>
                                </HierarchyLvl>
                                <HierarchyLvl HierarchyLvlId="4116" HierarchyLvlTypeId="5" Intrnl_Id="586" Name="testingPositiveToZero">
                                    <Header>
                                        <Loc EndOffset="14917" SrcFileId="2" StartOffset="14873"/>
                                    </Header>
                                    <LocList>
                                        <Loc EndOffset="15144" SrcFileId="2" StartOffset="14873"/>
                                    </LocList>
                                    <StmntSeq Intrnl_Id="587">
                                        <LocList>
                                            <Loc EndOffset="14960" SrcFileId="2" StartOffset="14922"/>
                                            <Loc EndOffset="15011" SrcFileId="2" StartOffset="14963"/>
                                            <Loc EndOffset="15046" SrcFileId="2" StartOffset="15013"/>
                                            <Loc EndOffset="15138" SrcFileId="2" StartOffset="15048"/>
                                        </LocList>
                                        <BasicStmnt CovItemId="S129" CovItemPrefix="org.jfree.data.test.RangeTest.java" Intrnl_Id="588">
                                            <LocList>
                                                <Loc EndOffset="14960" SrcFileId="2" StartOffset="14922"/>
                                            </LocList>
                                        </BasicStmnt>
                                        <BasicStmnt CovItemId="S130" CovItemPrefix="org.jfree.data.test.RangeTest.java" Intrnl_Id="589">
                                            <LocList>
                                                <Loc EndOffset="15011" SrcFileId="2" StartOffset="14963"/>
                                            </LocList>
                                        </BasicStmnt>
                                        <BasicStmnt CovItemId="S131" CovItemPrefix="org.jfree.data.test.RangeTest.java" Intrnl_Id="590">
                                            <LocList>
                                                <Loc EndOffset="15046" SrcFileId="2" StartOffset="15013"/>
                                            </LocList>
                                        </BasicStmnt>
                                        <BasicStmnt CovItemId="S132" CovItemPrefix="org.jfree.data.test.RangeTest.java" Intrnl_Id="591">
                                            <LocList>
                                                <Loc EndOffset="15138" SrcFileId="2" StartOffset="15048"/>
                                            </LocList>
                                        </BasicStmnt>
                                    </StmntSeq>
                                </HierarchyLvl>
                                <HierarchyLvl HierarchyLvlId="4117" HierarchyLvlTypeId="5" Intrnl_Id="592" Name="shiftTestWithNullRange1">
                                    <Header>
                                        <Loc EndOffset="15255" SrcFileId="2" StartOffset="15168"/>
                                    </Header>
                                    <LocList>
                                        <Loc EndOffset="15289" SrcFileId="2" StartOffset="15168"/>
                                    </LocList>
                                    <StmntSeq Intrnl_Id="593">
                                        <LocList>
                                            <Loc EndOffset="15286" SrcFileId="2" StartOffset="15263"/>
                                        </LocList>
                                        <BasicStmnt CovItemId="S133" CovItemPrefix="org.jfree.data.test.RangeTest.java" Intrnl_Id="594">
                                            <LocList>
                                                <Loc EndOffset="15286" SrcFileId="2" StartOffset="15263"/>
                                            </LocList>
                                        </BasicStmnt>
                                    </StmntSeq>
                                </HierarchyLvl>
                                <HierarchyLvl HierarchyLvlId="4118" HierarchyLvlTypeId="5" Intrnl_Id="595" Name="NegativeAndPositive">
                                    <Header>
                                        <Loc EndOffset="15379" SrcFileId="2" StartOffset="15339"/>
                                    </Header>
                                    <LocList>
                                        <Loc EndOffset="15544" SrcFileId="2" StartOffset="15339"/>
                                    </LocList>
                                    <StmntSeq Intrnl_Id="596">
                                        <LocList>
                                            <Loc EndOffset="15419" SrcFileId="2" StartOffset="15384"/>
                                            <Loc EndOffset="15455" SrcFileId="2" StartOffset="15422"/>
                                            <Loc EndOffset="15541" SrcFileId="2" StartOffset="15458"/>
                                        </LocList>
                                        <BasicStmnt CovItemId="S134" CovItemPrefix="org.jfree.data.test.RangeTest.java" Intrnl_Id="597">
                                            <LocList>
                                                <Loc EndOffset="15419" SrcFileId="2" StartOffset="15384"/>
                                            </LocList>
                                        </BasicStmnt>
                                        <BasicStmnt CovItemId="S135" CovItemPrefix="org.jfree.data.test.RangeTest.java" Intrnl_Id="598">
                                            <LocList>
                                                <Loc EndOffset="15455" SrcFileId="2" StartOffset="15422"/>
                                            </LocList>
                                        </BasicStmnt>
                                        <BasicStmnt CovItemId="S136" CovItemPrefix="org.jfree.data.test.RangeTest.java" Intrnl_Id="599">
                                            <LocList>
                                                <Loc EndOffset="15541" SrcFileId="2" StartOffset="15458"/>
                                            </LocList>
                                        </BasicStmnt>
                                    </StmntSeq>
                                </HierarchyLvl>
                                <HierarchyLvl HierarchyLvlId="4119" HierarchyLvlTypeId="5" Intrnl_Id="600" Name="PositiveAndPositive">
                                    <Header>
                                        <Loc EndOffset="15606" SrcFileId="2" StartOffset="15566"/>
                                    </Header>
                                    <LocList>
                                        <Loc EndOffset="15768" SrcFileId="2" StartOffset="15566"/>
                                    </LocList>
                                    <StmntSeq Intrnl_Id="601">
                                        <LocList>
                                            <Loc EndOffset="15645" SrcFileId="2" StartOffset="15611"/>
                                            <Loc EndOffset="15681" SrcFileId="2" StartOffset="15648"/>
                                            <Loc EndOffset="15765" SrcFileId="2" StartOffset="15684"/>
                                        </LocList>
                                        <BasicStmnt CovItemId="S137" CovItemPrefix="org.jfree.data.test.RangeTest.java" Intrnl_Id="602">
                                            <LocList>
                                                <Loc EndOffset="15645" SrcFileId="2" StartOffset="15611"/>
                                            </LocList>
                                        </BasicStmnt>
                                        <BasicStmnt CovItemId="S138" CovItemPrefix="org.jfree.data.test.RangeTest.java" Intrnl_Id="603">
                                            <LocList>
                                                <Loc EndOffset="15681" SrcFileId="2" StartOffset="15648"/>
                                            </LocList>
                                        </BasicStmnt>
                                        <BasicStmnt CovItemId="S139" CovItemPrefix="org.jfree.data.test.RangeTest.java" Intrnl_Id="604">
                                            <LocList>
                                                <Loc EndOffset="15765" SrcFileId="2" StartOffset="15684"/>
                                            </LocList>
                                        </BasicStmnt>
                                    </StmntSeq>
                                </HierarchyLvl>
                                <HierarchyLvl HierarchyLvlId="4120" HierarchyLvlTypeId="5" Intrnl_Id="605" Name="NegativeAndNegative">
                                    <Header>
                                        <Loc EndOffset="15829" SrcFileId="2" StartOffset="15789"/>
                                    </Header>
                                    <LocList>
                                        <Loc EndOffset="15997" SrcFileId="2" StartOffset="15789"/>
                                    </LocList>
                                    <StmntSeq Intrnl_Id="606">
                                        <LocList>
                                            <Loc EndOffset="15870" SrcFileId="2" StartOffset="15834"/>
                                            <Loc EndOffset="15906" SrcFileId="2" StartOffset="15873"/>
                                            <Loc EndOffset="15994" SrcFileId="2" StartOffset="15909"/>
                                        </LocList>
                                        <BasicStmnt CovItemId="S140" CovItemPrefix="org.jfree.data.test.RangeTest.java" Intrnl_Id="607">
                                            <LocList>
                                                <Loc EndOffset="15870" SrcFileId="2" StartOffset="15834"/>
                                            </LocList>
                                        </BasicStmnt>
                                        <BasicStmnt CovItemId="S141" CovItemPrefix="org.jfree.data.test.RangeTest.java" Intrnl_Id="608">
                                            <LocList>
                                                <Loc EndOffset="15906" SrcFileId="2" StartOffset="15873"/>
                                            </LocList>
                                        </BasicStmnt>
                                        <BasicStmnt CovItemId="S142" CovItemPrefix="org.jfree.data.test.RangeTest.java" Intrnl_Id="609">
                                            <LocList>
                                                <Loc EndOffset="15994" SrcFileId="2" StartOffset="15909"/>
                                            </LocList>
                                        </BasicStmnt>
                                    </StmntSeq>
                                </HierarchyLvl>
                                <HierarchyLvl HierarchyLvlId="4121" HierarchyLvlTypeId="5" Intrnl_Id="610" Name="ZeroAndZero">
                                    <Header>
                                        <Loc EndOffset="16050" SrcFileId="2" StartOffset="16018"/>
                                    </Header>
                                    <LocList>
                                        <Loc EndOffset="16212" SrcFileId="2" StartOffset="16018"/>
                                    </LocList>
                                    <StmntSeq Intrnl_Id="611">
                                        <LocList>
                                            <Loc EndOffset="16089" SrcFileId="2" StartOffset="16055"/>
                                            <Loc EndOffset="16125" SrcFileId="2" StartOffset="16092"/>
                                            <Loc EndOffset="16209" SrcFileId="2" StartOffset="16128"/>
                                        </LocList>
                                        <BasicStmnt CovItemId="S143" CovItemPrefix="org.jfree.data.test.RangeTest.java" Intrnl_Id="612">
                                            <LocList>
                                                <Loc EndOffset="16089" SrcFileId="2" StartOffset="16055"/>
                                            </LocList>
                                        </BasicStmnt>
                                        <BasicStmnt CovItemId="S144" CovItemPrefix="org.jfree.data.test.RangeTest.java" Intrnl_Id="613">
                                            <LocList>
                                                <Loc EndOffset="16125" SrcFileId="2" StartOffset="16092"/>
                                            </LocList>
                                        </BasicStmnt>
                                        <BasicStmnt CovItemId="S145" CovItemPrefix="org.jfree.data.test.RangeTest.java" Intrnl_Id="614">
                                            <LocList>
                                                <Loc EndOffset="16209" SrcFileId="2" StartOffset="16128"/>
                                            </LocList>
                                        </BasicStmnt>
                                    </StmntSeq>
                                </HierarchyLvl>
                                <HierarchyLvl HierarchyLvlId="4122" HierarchyLvlTypeId="5" Intrnl_Id="615" Name="WrongStringFormatGap">
                                    <Header>
                                        <Loc EndOffset="16274" SrcFileId="2" StartOffset="16233"/>
                                    </Header>
                                    <LocList>
                                        <Loc EndOffset="16437" SrcFileId="2" StartOffset="16233"/>
                                    </LocList>
                                    <StmntSeq Intrnl_Id="616">
                                        <LocList>
                                            <Loc EndOffset="16313" SrcFileId="2" StartOffset="16279"/>
                                            <Loc EndOffset="16349" SrcFileId="2" StartOffset="16316"/>
                                            <Loc EndOffset="16434" SrcFileId="2" StartOffset="16352"/>
                                        </LocList>
                                        <BasicStmnt CovItemId="S146" CovItemPrefix="org.jfree.data.test.RangeTest.java" Intrnl_Id="617">
                                            <LocList>
                                                <Loc EndOffset="16313" SrcFileId="2" StartOffset="16279"/>
                                            </LocList>
                                        </BasicStmnt>
                                        <BasicStmnt CovItemId="S147" CovItemPrefix="org.jfree.data.test.RangeTest.java" Intrnl_Id="618">
                                            <LocList>
                                                <Loc EndOffset="16349" SrcFileId="2" StartOffset="16316"/>
                                            </LocList>
                                        </BasicStmnt>
                                        <BasicStmnt CovItemId="S148" CovItemPrefix="org.jfree.data.test.RangeTest.java" Intrnl_Id="619">
                                            <LocList>
                                                <Loc EndOffset="16434" SrcFileId="2" StartOffset="16352"/>
                                            </LocList>
                                        </BasicStmnt>
                                    </StmntSeq>
                                </HierarchyLvl>
                                <HierarchyLvl HierarchyLvlId="4123" HierarchyLvlTypeId="5" Intrnl_Id="620" Name="WrongStringFormatSpelling">
                                    <Header>
                                        <Loc EndOffset="16504" SrcFileId="2" StartOffset="16458"/>
                                    </Header>
                                    <LocList>
                                        <Loc EndOffset="16665" SrcFileId="2" StartOffset="16458"/>
                                    </LocList>
                                    <StmntSeq Intrnl_Id="621">
                                        <LocList>
                                            <Loc EndOffset="16543" SrcFileId="2" StartOffset="16509"/>
                                            <Loc EndOffset="16579" SrcFileId="2" StartOffset="16546"/>
                                            <Loc EndOffset="16662" SrcFileId="2" StartOffset="16582"/>
                                        </LocList>
                                        <BasicStmnt CovItemId="S149" CovItemPrefix="org.jfree.data.test.RangeTest.java" Intrnl_Id="622">
                                            <LocList>
                                                <Loc EndOffset="16543" SrcFileId="2" StartOffset="16509"/>
                                            </LocList>
                                        </BasicStmnt>
                                        <BasicStmnt CovItemId="S150" CovItemPrefix="org.jfree.data.test.RangeTest.java" Intrnl_Id="623">
                                            <LocList>
                                                <Loc EndOffset="16579" SrcFileId="2" StartOffset="16546"/>
                                            </LocList>
                                        </BasicStmnt>
                                        <BasicStmnt CovItemId="S151" CovItemPrefix="org.jfree.data.test.RangeTest.java" Intrnl_Id="624">
                                            <LocList>
                                                <Loc EndOffset="16662" SrcFileId="2" StartOffset="16582"/>
                                            </LocList>
                                        </BasicStmnt>
                                    </StmntSeq>
                                </HierarchyLvl>
                                <HierarchyLvl HierarchyLvlId="4124" HierarchyLvlTypeId="5" Intrnl_Id="625" Name="intersectRangeRightSide">
                                    <Header>
                                        <Loc EndOffset="16758" SrcFileId="2" StartOffset="16714"/>
                                    </Header>
                                    <LocList>
                                        <Loc EndOffset="16875" SrcFileId="2" StartOffset="16714"/>
                                    </LocList>
                                    <StmntSeq Intrnl_Id="626">
                                        <LocList>
                                            <Loc EndOffset="16799" SrcFileId="2" StartOffset="16769"/>
                                            <Loc EndOffset="16832" SrcFileId="2" StartOffset="16802"/>
                                            <Loc EndOffset="16872" SrcFileId="2" StartOffset="16838"/>
                                        </LocList>
                                        <BasicStmnt CovItemId="S152" CovItemPrefix="org.jfree.data.test.RangeTest.java" Intrnl_Id="627">
                                            <LocList>
                                                <Loc EndOffset="16799" SrcFileId="2" StartOffset="16769"/>
                                            </LocList>
                                        </BasicStmnt>
                                        <BasicStmnt CovItemId="S153" CovItemPrefix="org.jfree.data.test.RangeTest.java" Intrnl_Id="628">
                                            <LocList>
                                                <Loc EndOffset="16832" SrcFileId="2" StartOffset="16802"/>
                                            </LocList>
                                        </BasicStmnt>
                                        <BasicStmnt CovItemId="S154" CovItemPrefix="org.jfree.data.test.RangeTest.java" Intrnl_Id="629">
                                            <LocList>
                                                <Loc EndOffset="16872" SrcFileId="2" StartOffset="16838"/>
                                            </LocList>
                                        </BasicStmnt>
                                    </StmntSeq>
                                </HierarchyLvl>
                                <HierarchyLvl HierarchyLvlId="4125" HierarchyLvlTypeId="5" Intrnl_Id="630" Name="intersectRangeLeftSide">
                                    <Header>
                                        <Loc EndOffset="16940" SrcFileId="2" StartOffset="16897"/>
                                    </Header>
                                    <LocList>
                                        <Loc EndOffset="17057" SrcFileId="2" StartOffset="16897"/>
                                    </LocList>
                                    <StmntSeq Intrnl_Id="631">
                                        <LocList>
                                            <Loc EndOffset="16981" SrcFileId="2" StartOffset="16951"/>
                                            <Loc EndOffset="17014" SrcFileId="2" StartOffset="16984"/>
                                            <Loc EndOffset="17054" SrcFileId="2" StartOffset="17020"/>
                                        </LocList>
                                        <BasicStmnt CovItemId="S155" CovItemPrefix="org.jfree.data.test.RangeTest.java" Intrnl_Id="632">
                                            <LocList>
                                                <Loc EndOffset="16981" SrcFileId="2" StartOffset="16951"/>
                                            </LocList>
                                        </BasicStmnt>
                                        <BasicStmnt CovItemId="S156" CovItemPrefix="org.jfree.data.test.RangeTest.java" Intrnl_Id="633">
                                            <LocList>
                                                <Loc EndOffset="17014" SrcFileId="2" StartOffset="16984"/>
                                            </LocList>
                                        </BasicStmnt>
                                        <BasicStmnt CovItemId="S157" CovItemPrefix="org.jfree.data.test.RangeTest.java" Intrnl_Id="634">
                                            <LocList>
                                                <Loc EndOffset="17054" SrcFileId="2" StartOffset="17020"/>
                                            </LocList>
                                        </BasicStmnt>
                                    </StmntSeq>
                                </HierarchyLvl>
                                <HierarchyLvl HierarchyLvlId="4126" HierarchyLvlTypeId="5" Intrnl_Id="635" Name="intersectRangeBothSides">
                                    <Header>
                                        <Loc EndOffset="17124" SrcFileId="2" StartOffset="17080"/>
                                    </Header>
                                    <LocList>
                                        <Loc EndOffset="17237" SrcFileId="2" StartOffset="17080"/>
                                    </LocList>
                                    <StmntSeq Intrnl_Id="636">
                                        <LocList>
                                            <Loc EndOffset="17162" SrcFileId="2" StartOffset="17132"/>
                                            <Loc EndOffset="17194" SrcFileId="2" StartOffset="17165"/>
                                            <Loc EndOffset="17234" SrcFileId="2" StartOffset="17200"/>
                                        </LocList>
                                        <BasicStmnt CovItemId="S158" CovItemPrefix="org.jfree.data.test.RangeTest.java" Intrnl_Id="637">
                                            <LocList>
                                                <Loc EndOffset="17162" SrcFileId="2" StartOffset="17132"/>
                                            </LocList>
                                        </BasicStmnt>
                                        <BasicStmnt CovItemId="S159" CovItemPrefix="org.jfree.data.test.RangeTest.java" Intrnl_Id="638">
                                            <LocList>
                                                <Loc EndOffset="17194" SrcFileId="2" StartOffset="17165"/>
                                            </LocList>
                                        </BasicStmnt>
                                        <BasicStmnt CovItemId="S160" CovItemPrefix="org.jfree.data.test.RangeTest.java" Intrnl_Id="639">
                                            <LocList>
                                                <Loc EndOffset="17234" SrcFileId="2" StartOffset="17200"/>
                                            </LocList>
                                        </BasicStmnt>
                                    </StmntSeq>
                                </HierarchyLvl>
                                <HierarchyLvl HierarchyLvlId="4127" HierarchyLvlTypeId="5" Intrnl_Id="640" Name="intersectRangeFloatRightSide">
                                    <Header>
                                        <Loc EndOffset="17313" SrcFileId="2" StartOffset="17264"/>
                                    </Header>
                                    <LocList>
                                        <Loc EndOffset="17429" SrcFileId="2" StartOffset="17264"/>
                                    </LocList>
                                    <StmntSeq Intrnl_Id="641">
                                        <LocList>
                                            <Loc EndOffset="17350" SrcFileId="2" StartOffset="17318"/>
                                            <Loc EndOffset="17386" SrcFileId="2" StartOffset="17353"/>
                                            <Loc EndOffset="17426" SrcFileId="2" StartOffset="17392"/>
                                        </LocList>
                                        <BasicStmnt CovItemId="S161" CovItemPrefix="org.jfree.data.test.RangeTest.java" Intrnl_Id="642">
                                            <LocList>
                                                <Loc EndOffset="17350" SrcFileId="2" StartOffset="17318"/>
                                            </LocList>
                                        </BasicStmnt>
                                        <BasicStmnt CovItemId="S162" CovItemPrefix="org.jfree.data.test.RangeTest.java" Intrnl_Id="643">
                                            <LocList>
                                                <Loc EndOffset="17386" SrcFileId="2" StartOffset="17353"/>
                                            </LocList>
                                        </BasicStmnt>
                                        <BasicStmnt CovItemId="S163" CovItemPrefix="org.jfree.data.test.RangeTest.java" Intrnl_Id="644">
                                            <LocList>
                                                <Loc EndOffset="17426" SrcFileId="2" StartOffset="17392"/>
                                            </LocList>
                                        </BasicStmnt>
                                    </StmntSeq>
                                </HierarchyLvl>
                                <HierarchyLvl HierarchyLvlId="4128" HierarchyLvlTypeId="5" Intrnl_Id="645" Name="intersectRangeFloatLeftSide">
                                    <Header>
                                        <Loc EndOffset="17498" SrcFileId="2" StartOffset="17450"/>
                                    </Header>
                                    <LocList>
                                        <Loc EndOffset="17612" SrcFileId="2" StartOffset="17450"/>
                                    </LocList>
                                    <StmntSeq Intrnl_Id="646">
                                        <LocList>
                                            <Loc EndOffset="17535" SrcFileId="2" StartOffset="17503"/>
                                            <Loc EndOffset="17569" SrcFileId="2" StartOffset="17538"/>
                                            <Loc EndOffset="17609" SrcFileId="2" StartOffset="17575"/>
                                        </LocList>
                                        <BasicStmnt CovItemId="S164" CovItemPrefix="org.jfree.data.test.RangeTest.java" Intrnl_Id="647">
                                            <LocList>
                                                <Loc EndOffset="17535" SrcFileId="2" StartOffset="17503"/>
                                            </LocList>
                                        </BasicStmnt>
                                        <BasicStmnt CovItemId="S165" CovItemPrefix="org.jfree.data.test.RangeTest.java" Intrnl_Id="648">
                                            <LocList>
                                                <Loc EndOffset="17569" SrcFileId="2" StartOffset="17538"/>
                                            </LocList>
                                        </BasicStmnt>
                                        <BasicStmnt CovItemId="S166" CovItemPrefix="org.jfree.data.test.RangeTest.java" Intrnl_Id="649">
                                            <LocList>
                                                <Loc EndOffset="17609" SrcFileId="2" StartOffset="17575"/>
                                            </LocList>
                                        </BasicStmnt>
                                    </StmntSeq>
                                </HierarchyLvl>
                                <HierarchyLvl HierarchyLvlId="4129" HierarchyLvlTypeId="5" Intrnl_Id="650" Name="centeralValueCorrectNegativeNegative">
                                    <Header>
                                        <Loc EndOffset="17726" SrcFileId="2" StartOffset="17669"/>
                                    </Header>
                                    <LocList>
                                        <Loc EndOffset="17869" SrcFileId="2" StartOffset="17669"/>
                                    </LocList>
                                    <StmntSeq Intrnl_Id="651">
                                        <LocList>
                                            <Loc EndOffset="17762" SrcFileId="2" StartOffset="17731"/>
                                            <Loc EndOffset="17866" SrcFileId="2" StartOffset="17768"/>
                                        </LocList>
                                        <BasicStmnt CovItemId="S167" CovItemPrefix="org.jfree.data.test.RangeTest.java" Intrnl_Id="652">
                                            <LocList>
                                                <Loc EndOffset="17762" SrcFileId="2" StartOffset="17731"/>
                                            </LocList>
                                        </BasicStmnt>
                                        <BasicStmnt CovItemId="S168" CovItemPrefix="org.jfree.data.test.RangeTest.java" Intrnl_Id="653">
                                            <LocList>
                                                <Loc EndOffset="17866" SrcFileId="2" StartOffset="17768"/>
                                            </LocList>
                                        </BasicStmnt>
                                    </StmntSeq>
                                </HierarchyLvl>
                                <HierarchyLvl HierarchyLvlId="4130" HierarchyLvlTypeId="5" Intrnl_Id="654" Name="centeralValueCorrectNegativePositive">
                                    <Header>
                                        <Loc EndOffset="17948" SrcFileId="2" StartOffset="17891"/>
                                    </Header>
                                    <LocList>
                                        <Loc EndOffset="18088" SrcFileId="2" StartOffset="17891"/>
                                    </LocList>
                                    <StmntSeq Intrnl_Id="655">
                                        <LocList>
                                            <Loc EndOffset="17983" SrcFileId="2" StartOffset="17953"/>
                                            <Loc EndOffset="18085" SrcFileId="2" StartOffset="17989"/>
                                        </LocList>
                                        <BasicStmnt CovItemId="S169" CovItemPrefix="org.jfree.data.test.RangeTest.java" Intrnl_Id="656">
                                            <LocList>
                                                <Loc EndOffset="17983" SrcFileId="2" StartOffset="17953"/>
                                            </LocList>
                                        </BasicStmnt>
                                        <BasicStmnt CovItemId="S170" CovItemPrefix="org.jfree.data.test.RangeTest.java" Intrnl_Id="657">
                                            <LocList>
                                                <Loc EndOffset="18085" SrcFileId="2" StartOffset="17989"/>
                                            </LocList>
                                        </BasicStmnt>
                                    </StmntSeq>
                                </HierarchyLvl>
                                <HierarchyLvl HierarchyLvlId="4131" HierarchyLvlTypeId="5" Intrnl_Id="658" Name="centeralValueCorrectPositivePositive">
                                    <Header>
                                        <Loc EndOffset="18166" SrcFileId="2" StartOffset="18109"/>
                                    </Header>
                                    <LocList>
                                        <Loc EndOffset="18303" SrcFileId="2" StartOffset="18109"/>
                                    </LocList>
                                    <StmntSeq Intrnl_Id="659">
                                        <LocList>
                                            <Loc EndOffset="18204" SrcFileId="2" StartOffset="18171"/>
                                            <Loc EndOffset="18300" SrcFileId="2" StartOffset="18207"/>
                                        </LocList>
                                        <BasicStmnt CovItemId="S171" CovItemPrefix="org.jfree.data.test.RangeTest.java" Intrnl_Id="660">
                                            <LocList>
                                                <Loc EndOffset="18204" SrcFileId="2" StartOffset="18171"/>
                                            </LocList>
                                        </BasicStmnt>
                                        <BasicStmnt CovItemId="S172" CovItemPrefix="org.jfree.data.test.RangeTest.java" Intrnl_Id="661">
                                            <LocList>
                                                <Loc EndOffset="18300" SrcFileId="2" StartOffset="18207"/>
                                            </LocList>
                                        </BasicStmnt>
                                    </StmntSeq>
                                </HierarchyLvl>
                                <HierarchyLvl HierarchyLvlId="4132" HierarchyLvlTypeId="5" Intrnl_Id="662" Name="centeralValueWrongPositivePositive">
                                    <Header>
                                        <Loc EndOffset="18379" SrcFileId="2" StartOffset="18324"/>
                                    </Header>
                                    <LocList>
                                        <Loc EndOffset="18514" SrcFileId="2" StartOffset="18324"/>
                                    </LocList>
                                    <StmntSeq Intrnl_Id="663">
                                        <LocList>
                                            <Loc EndOffset="18417" SrcFileId="2" StartOffset="18384"/>
                                            <Loc EndOffset="18511" SrcFileId="2" StartOffset="18419"/>
                                        </LocList>
                                        <BasicStmnt CovItemId="S173" CovItemPrefix="org.jfree.data.test.RangeTest.java" Intrnl_Id="664">
                                            <LocList>
                                                <Loc EndOffset="18417" SrcFileId="2" StartOffset="18384"/>
                                            </LocList>
                                        </BasicStmnt>
                                        <BasicStmnt CovItemId="S174" CovItemPrefix="org.jfree.data.test.RangeTest.java" Intrnl_Id="665">
                                            <LocList>
                                                <Loc EndOffset="18511" SrcFileId="2" StartOffset="18419"/>
                                            </LocList>
                                        </BasicStmnt>
                                    </StmntSeq>
                                </HierarchyLvl>
                                <HierarchyLvl HierarchyLvlId="4133" HierarchyLvlTypeId="5" Intrnl_Id="666" Name="centeralValueWrongNegativeNegative">
                                    <Header>
                                        <Loc EndOffset="18590" SrcFileId="2" StartOffset="18535"/>
                                    </Header>
                                    <LocList>
                                        <Loc EndOffset="18727" SrcFileId="2" StartOffset="18535"/>
                                    </LocList>
                                    <StmntSeq Intrnl_Id="667">
                                        <LocList>
                                            <Loc EndOffset="18626" SrcFileId="2" StartOffset="18595"/>
                                            <Loc EndOffset="18724" SrcFileId="2" StartOffset="18629"/>
                                        </LocList>
                                        <BasicStmnt CovItemId="S175" CovItemPrefix="org.jfree.data.test.RangeTest.java" Intrnl_Id="668">
                                            <LocList>
                                                <Loc EndOffset="18626" SrcFileId="2" StartOffset="18595"/>
                                            </LocList>
                                        </BasicStmnt>
                                        <BasicStmnt CovItemId="S176" CovItemPrefix="org.jfree.data.test.RangeTest.java" Intrnl_Id="669">
                                            <LocList>
                                                <Loc EndOffset="18724" SrcFileId="2" StartOffset="18629"/>
                                            </LocList>
                                        </BasicStmnt>
                                    </StmntSeq>
                                </HierarchyLvl>
                                <HierarchyLvl HierarchyLvlId="4134" HierarchyLvlTypeId="5" Intrnl_Id="670" Name="centeralValueWrongNegativePositive">
                                    <Header>
                                        <Loc EndOffset="18803" SrcFileId="2" StartOffset="18748"/>
                                    </Header>
                                    <LocList>
                                        <Loc EndOffset="18937" SrcFileId="2" StartOffset="18748"/>
                                    </LocList>
                                    <StmntSeq Intrnl_Id="671">
                                        <LocList>
                                            <Loc EndOffset="18838" SrcFileId="2" StartOffset="18808"/>
                                            <Loc EndOffset="18934" SrcFileId="2" StartOffset="18841"/>
                                        </LocList>
                                        <BasicStmnt CovItemId="S177" CovItemPrefix="org.jfree.data.test.RangeTest.java" Intrnl_Id="672">
                                            <LocList>
                                                <Loc EndOffset="18838" SrcFileId="2" StartOffset="18808"/>
                                            </LocList>
                                        </BasicStmnt>
                                        <BasicStmnt CovItemId="S178" CovItemPrefix="org.jfree.data.test.RangeTest.java" Intrnl_Id="673">
                                            <LocList>
                                                <Loc EndOffset="18934" SrcFileId="2" StartOffset="18841"/>
                                            </LocList>
                                        </BasicStmnt>
                                    </StmntSeq>
                                </HierarchyLvl>
                                <HierarchyLvl HierarchyLvlId="4135" HierarchyLvlTypeId="5" Intrnl_Id="674" Name="expandToIncludeLeftSideCorrect">
                                    <Header>
                                        <Loc EndOffset="19040" SrcFileId="2" StartOffset="18989"/>
                                    </Header>
                                    <LocList>
                                        <Loc EndOffset="19195" SrcFileId="2" StartOffset="18989"/>
                                    </LocList>
                                    <StmntSeq Intrnl_Id="675">
                                        <LocList>
                                            <Loc EndOffset="19075" SrcFileId="2" StartOffset="19045"/>
                                            <Loc EndOffset="19192" SrcFileId="2" StartOffset="19081"/>
                                        </LocList>
                                        <BasicStmnt CovItemId="S179" CovItemPrefix="org.jfree.data.test.RangeTest.java" Intrnl_Id="676">
                                            <LocList>
                                                <Loc EndOffset="19075" SrcFileId="2" StartOffset="19045"/>
                                            </LocList>
                                        </BasicStmnt>
                                        <BasicStmnt CovItemId="S180" CovItemPrefix="org.jfree.data.test.RangeTest.java" Intrnl_Id="677">
                                            <LocList>
                                                <Loc EndOffset="19192" SrcFileId="2" StartOffset="19081"/>
                                            </LocList>
                                        </BasicStmnt>
                                    </StmntSeq>
                                </HierarchyLvl>
                                <HierarchyLvl HierarchyLvlId="4136" HierarchyLvlTypeId="5" Intrnl_Id="678" Name="expandToIncludeRightSideCorrect">
                                    <Header>
                                        <Loc EndOffset="19268" SrcFileId="2" StartOffset="19216"/>
                                    </Header>
                                    <LocList>
                                        <Loc EndOffset="19420" SrcFileId="2" StartOffset="19216"/>
                                    </LocList>
                                    <StmntSeq Intrnl_Id="679">
                                        <LocList>
                                            <Loc EndOffset="19303" SrcFileId="2" StartOffset="19273"/>
                                            <Loc EndOffset="19417" SrcFileId="2" StartOffset="19306"/>
                                        </LocList>
                                        <BasicStmnt CovItemId="S181" CovItemPrefix="org.jfree.data.test.RangeTest.java" Intrnl_Id="680">
                                            <LocList>
                                                <Loc EndOffset="19303" SrcFileId="2" StartOffset="19273"/>
                                            </LocList>
                                        </BasicStmnt>
                                        <BasicStmnt CovItemId="S182" CovItemPrefix="org.jfree.data.test.RangeTest.java" Intrnl_Id="681">
                                            <LocList>
                                                <Loc EndOffset="19417" SrcFileId="2" StartOffset="19306"/>
                                            </LocList>
                                        </BasicStmnt>
                                    </StmntSeq>
                                </HierarchyLvl>
                                <HierarchyLvl HierarchyLvlId="4137" HierarchyLvlTypeId="5" Intrnl_Id="682" Name="NoNeedToExpandToIncludeCorrect">
                                    <Header>
                                        <Loc EndOffset="19492" SrcFileId="2" StartOffset="19441"/>
                                    </Header>
                                    <LocList>
                                        <Loc EndOffset="19646" SrcFileId="2" StartOffset="19441"/>
                                    </LocList>
                                    <StmntSeq Intrnl_Id="683">
                                        <LocList>
                                            <Loc EndOffset="19527" SrcFileId="2" StartOffset="19497"/>
                                            <Loc EndOffset="19643" SrcFileId="2" StartOffset="19530"/>
                                        </LocList>
                                        <BasicStmnt CovItemId="S183" CovItemPrefix="org.jfree.data.test.RangeTest.java" Intrnl_Id="684">
                                            <LocList>
                                                <Loc EndOffset="19527" SrcFileId="2" StartOffset="19497"/>
                                            </LocList>
                                        </BasicStmnt>
                                        <BasicStmnt CovItemId="S184" CovItemPrefix="org.jfree.data.test.RangeTest.java" Intrnl_Id="685">
                                            <LocList>
                                                <Loc EndOffset="19643" SrcFileId="2" StartOffset="19530"/>
                                            </LocList>
                                        </BasicStmnt>
                                    </StmntSeq>
                                </HierarchyLvl>
                                <HierarchyLvl HierarchyLvlId="4138" HierarchyLvlTypeId="5" Intrnl_Id="686" Name="expandToIncludeRightSideWrong">
                                    <Header>
                                        <Loc EndOffset="19717" SrcFileId="2" StartOffset="19667"/>
                                    </Header>
                                    <LocList>
                                        <Loc EndOffset="19859" SrcFileId="2" StartOffset="19667"/>
                                    </LocList>
                                    <StmntSeq Intrnl_Id="687">
                                        <LocList>
                                            <Loc EndOffset="19752" SrcFileId="2" StartOffset="19722"/>
                                            <Loc EndOffset="19856" SrcFileId="2" StartOffset="19755"/>
                                        </LocList>
                                        <BasicStmnt CovItemId="S185" CovItemPrefix="org.jfree.data.test.RangeTest.java" Intrnl_Id="688">
                                            <LocList>
                                                <Loc EndOffset="19752" SrcFileId="2" StartOffset="19722"/>
                                            </LocList>
                                        </BasicStmnt>
                                        <BasicStmnt CovItemId="S186" CovItemPrefix="org.jfree.data.test.RangeTest.java" Intrnl_Id="689">
                                            <LocList>
                                                <Loc EndOffset="19856" SrcFileId="2" StartOffset="19755"/>
                                            </LocList>
                                        </BasicStmnt>
                                    </StmntSeq>
                                </HierarchyLvl>
                                <HierarchyLvl HierarchyLvlId="4139" HierarchyLvlTypeId="5" Intrnl_Id="690" Name="expandToIncludeLeftSideWrong">
                                    <Header>
                                        <Loc EndOffset="19929" SrcFileId="2" StartOffset="19880"/>
                                    </Header>
                                    <LocList>
                                        <Loc EndOffset="20070" SrcFileId="2" StartOffset="19880"/>
                                    </LocList>
                                    <StmntSeq Intrnl_Id="691">
                                        <LocList>
                                            <Loc EndOffset="19964" SrcFileId="2" StartOffset="19934"/>
                                            <Loc EndOffset="20067" SrcFileId="2" StartOffset="19967"/>
                                        </LocList>
                                        <BasicStmnt CovItemId="S187" CovItemPrefix="org.jfree.data.test.RangeTest.java" Intrnl_Id="692">
                                            <LocList>
                                                <Loc EndOffset="19964" SrcFileId="2" StartOffset="19934"/>
                                            </LocList>
                                        </BasicStmnt>
                                        <BasicStmnt CovItemId="S188" CovItemPrefix="org.jfree.data.test.RangeTest.java" Intrnl_Id="693">
                                            <LocList>
                                                <Loc EndOffset="20067" SrcFileId="2" StartOffset="19967"/>
                                            </LocList>
                                        </BasicStmnt>
                                    </StmntSeq>
                                </HierarchyLvl>
                                <HierarchyLvl HierarchyLvlId="4140" HierarchyLvlTypeId="5" Intrnl_Id="694" Name="expandToIncludeLeftSideSame">
                                    <Header>
                                        <Loc EndOffset="20139" SrcFileId="2" StartOffset="20091"/>
                                    </Header>
                                    <LocList>
                                        <Loc EndOffset="20277" SrcFileId="2" StartOffset="20091"/>
                                    </LocList>
                                    <StmntSeq Intrnl_Id="695">
                                        <LocList>
                                            <Loc EndOffset="20174" SrcFileId="2" StartOffset="20144"/>
                                            <Loc EndOffset="20274" SrcFileId="2" StartOffset="20176"/>
                                        </LocList>
                                        <BasicStmnt CovItemId="S189" CovItemPrefix="org.jfree.data.test.RangeTest.java" Intrnl_Id="696">
                                            <LocList>
                                                <Loc EndOffset="20174" SrcFileId="2" StartOffset="20144"/>
                                            </LocList>
                                        </BasicStmnt>
                                        <BasicStmnt CovItemId="S190" CovItemPrefix="org.jfree.data.test.RangeTest.java" Intrnl_Id="697">
                                            <LocList>
                                                <Loc EndOffset="20274" SrcFileId="2" StartOffset="20176"/>
                                            </LocList>
                                        </BasicStmnt>
                                    </StmntSeq>
                                </HierarchyLvl>
                                <HierarchyLvl HierarchyLvlId="4141" HierarchyLvlTypeId="5" Intrnl_Id="698" Name="expandToIncludeRightSideSame">
                                    <Header>
                                        <Loc EndOffset="20347" SrcFileId="2" StartOffset="20298"/>
                                    </Header>
                                    <LocList>
                                        <Loc EndOffset="20482" SrcFileId="2" StartOffset="20298"/>
                                    </LocList>
                                    <StmntSeq Intrnl_Id="699">
                                        <LocList>
                                            <Loc EndOffset="20382" SrcFileId="2" StartOffset="20352"/>
                                            <Loc EndOffset="20479" SrcFileId="2" StartOffset="20384"/>
                                        </LocList>
                                        <BasicStmnt CovItemId="S191" CovItemPrefix="org.jfree.data.test.RangeTest.java" Intrnl_Id="700">
                                            <LocList>
                                                <Loc EndOffset="20382" SrcFileId="2" StartOffset="20352"/>
                                            </LocList>
                                        </BasicStmnt>
                                        <BasicStmnt CovItemId="S192" CovItemPrefix="org.jfree.data.test.RangeTest.java" Intrnl_Id="701">
                                            <LocList>
                                                <Loc EndOffset="20479" SrcFileId="2" StartOffset="20384"/>
                                            </LocList>
                                        </BasicStmnt>
                                    </StmntSeq>
                                </HierarchyLvl>
                                <HierarchyLvl HierarchyLvlId="4142" HierarchyLvlTypeId="5" Intrnl_Id="702" Name="expandUsingZeroMarginsTest">
                                    <Header>
                                        <Loc EndOffset="20553" SrcFileId="2" StartOffset="20506"/>
                                    </Header>
                                    <LocList>
                                        <Loc EndOffset="20730" SrcFileId="2" StartOffset="20506"/>
                                    </LocList>
                                    <StmntSeq Intrnl_Id="703">
                                        <LocList>
                                            <Loc EndOffset="20585" SrcFileId="2" StartOffset="20558"/>
                                            <Loc EndOffset="20615" SrcFileId="2" StartOffset="20588"/>
                                            <Loc EndOffset="20727" SrcFileId="2" StartOffset="20618"/>
                                        </LocList>
                                        <BasicStmnt CovItemId="S193" CovItemPrefix="org.jfree.data.test.RangeTest.java" Intrnl_Id="704">
                                            <LocList>
                                                <Loc EndOffset="20585" SrcFileId="2" StartOffset="20558"/>
                                            </LocList>
                                        </BasicStmnt>
                                        <BasicStmnt CovItemId="S194" CovItemPrefix="org.jfree.data.test.RangeTest.java" Intrnl_Id="705">
                                            <LocList>
                                                <Loc EndOffset="20615" SrcFileId="2" StartOffset="20588"/>
                                            </LocList>
                                        </BasicStmnt>
                                        <BasicStmnt CovItemId="S195" CovItemPrefix="org.jfree.data.test.RangeTest.java" Intrnl_Id="706">
                                            <LocList>
                                                <Loc EndOffset="20727" SrcFileId="2" StartOffset="20618"/>
                                            </LocList>
                                        </BasicStmnt>
                                    </StmntSeq>
                                </HierarchyLvl>
                                <HierarchyLvl HierarchyLvlId="4143" HierarchyLvlTypeId="5" Intrnl_Id="707" Name="nullRange">
                                    <Header>
                                        <Loc EndOffset="20796" SrcFileId="2" StartOffset="20766"/>
                                    </Header>
                                    <LocList>
                                        <Loc EndOffset="21026" SrcFileId="2" StartOffset="20766"/>
                                    </LocList>
                                    <StmntSeq Intrnl_Id="708">
                                        <LocList>
                                            <Loc EndOffset="20837" SrcFileId="2" StartOffset="20810"/>
                                            <Loc EndOffset="20888" SrcFileId="2" StartOffset="20841"/>
                                            <Loc EndOffset="21023" SrcFileId="2" StartOffset="20801"/>
                                        </LocList>
                                        <BasicStmnt CovItemId="S197" CovItemPrefix="org.jfree.data.test.RangeTest.java" Intrnl_Id="709">
                                            <LocList>
                                                <Loc EndOffset="20837" SrcFileId="2" StartOffset="20810"/>
                                            </LocList>
                                        </BasicStmnt>
                                        <BasicStmnt CovItemId="S198" CovItemPrefix="org.jfree.data.test.RangeTest.java" Intrnl_Id="710">
                                            <LocList>
                                                <Loc EndOffset="20888" SrcFileId="2" StartOffset="20841"/>
                                            </LocList>
                                        </BasicStmnt>
                                        <CondStmnt CovItemId="S196" CovItemPrefix="org.jfree.data.test.RangeTest.java" Intrnl_Id="711">
                                            <Branch CovItemId="B5" CovItemPrefix="org.jfree.data.test.RangeTest.java" Implct="true" Intrnl_Id="712">
                                                <Cond/>
                                                <LocList/>
                                                <StmntSeq Intrnl_Id="713">
                                                    <LocList/>
                                                </StmntSeq>
                                            </Branch>
                                            <Branch CovItemId="B6" CovItemPrefix="org.jfree.data.test.RangeTest.java" Implct="false" Intrnl_Id="714">
                                                <Cond>
                                                    <Loc EndOffset="20913" SrcFileId="2" StartOffset="20895"/>
                                                </Cond>
                                                <LocList>
                                                    <Loc EndOffset="21023" SrcFileId="2" StartOffset="20914"/>
                                                </LocList>
                                                <StmntSeq Intrnl_Id="715">
                                                    <LocList>
                                                        <Loc EndOffset="21019" SrcFileId="2" StartOffset="20919"/>
                                                    </LocList>
                                                    <BasicStmnt CovItemId="S199" CovItemPrefix="org.jfree.data.test.RangeTest.java" Intrnl_Id="716">
                                                        <LocList>
                                                            <Loc EndOffset="21019" SrcFileId="2" StartOffset="20919"/>
                                                        </LocList>
                                                    </BasicStmnt>
                                                </StmntSeq>
                                            </Branch>
                                            <Keyword EndOffset="20804" SrcFileId="2" StartOffset="20801"/>
                                            <LocList>
                                                <Loc EndOffset="21023" SrcFileId="2" StartOffset="20801"/>
                                            </LocList>
                                        </CondStmnt>
                                    </StmntSeq>
                                </HierarchyLvl>
                                <HierarchyLvl HierarchyLvlId="4144" HierarchyLvlTypeId="5" Intrnl_Id="717" Name="sameUpperBoundary">
                                    <Header>
                                        <Loc EndOffset="21162" SrcFileId="2" StartOffset="21124"/>
                                    </Header>
                                    <LocList>
                                        <Loc EndOffset="21312" SrcFileId="2" StartOffset="21124"/>
                                    </LocList>
                                    <StmntSeq Intrnl_Id="718">
                                        <LocList>
                                            <Loc EndOffset="21309" SrcFileId="2" StartOffset="21167"/>
                                        </LocList>
                                        <BasicStmnt CovItemId="S200" CovItemPrefix="org.jfree.data.test.RangeTest.java" Intrnl_Id="719">
                                            <LocList>
                                                <Loc EndOffset="21309" SrcFileId="2" StartOffset="21167"/>
                                            </LocList>
                                        </BasicStmnt>
                                    </StmntSeq>
                                </HierarchyLvl>
                                <HierarchyLvl HierarchyLvlId="4145" HierarchyLvlTypeId="5" Intrnl_Id="720" Name="sameLowerBoundary">
                                    <Header>
                                        <Loc EndOffset="21432" SrcFileId="2" StartOffset="21393"/>
                                    </Header>
                                    <LocList>
                                        <Loc EndOffset="21582" SrcFileId="2" StartOffset="21393"/>
                                    </LocList>
                                    <StmntSeq Intrnl_Id="721">
                                        <LocList>
                                            <Loc EndOffset="21579" SrcFileId="2" StartOffset="21437"/>
                                        </LocList>
                                        <BasicStmnt CovItemId="S201" CovItemPrefix="org.jfree.data.test.RangeTest.java" Intrnl_Id="722">
                                            <LocList>
                                                <Loc EndOffset="21579" SrcFileId="2" StartOffset="21437"/>
                                            </LocList>
                                        </BasicStmnt>
                                    </StmntSeq>
                                </HierarchyLvl>
                                <HierarchyLvl HierarchyLvlId="4146" HierarchyLvlTypeId="5" Intrnl_Id="723" Name="diffRanges">
                                    <Header>
                                        <Loc EndOffset="21678" SrcFileId="2" StartOffset="21647"/>
                                    </Header>
                                    <LocList>
                                        <Loc EndOffset="21783" SrcFileId="2" StartOffset="21647"/>
                                    </LocList>
                                    <StmntSeq Intrnl_Id="724">
                                        <LocList>
                                            <Loc EndOffset="21780" SrcFileId="2" StartOffset="21683"/>
                                        </LocList>
                                        <BasicStmnt CovItemId="S202" CovItemPrefix="org.jfree.data.test.RangeTest.java" Intrnl_Id="725">
                                            <LocList>
                                                <Loc EndOffset="21780" SrcFileId="2" StartOffset="21683"/>
                                            </LocList>
                                        </BasicStmnt>
                                    </StmntSeq>
                                </HierarchyLvl>
                                <HierarchyLvl HierarchyLvlId="4147" HierarchyLvlTypeId="5" Intrnl_Id="726" Name="sameRanges">
                                    <Header>
                                        <Loc EndOffset="21874" SrcFileId="2" StartOffset="21843"/>
                                    </Header>
                                    <LocList>
                                        <Loc EndOffset="21973" SrcFileId="2" StartOffset="21843"/>
                                    </LocList>
                                    <StmntSeq Intrnl_Id="727">
                                        <LocList>
                                            <Loc EndOffset="21970" SrcFileId="2" StartOffset="21879"/>
                                        </LocList>
                                        <BasicStmnt CovItemId="S203" CovItemPrefix="org.jfree.data.test.RangeTest.java" Intrnl_Id="728">
                                            <LocList>
                                                <Loc EndOffset="21970" SrcFileId="2" StartOffset="21879"/>
                                            </LocList>
                                        </BasicStmnt>
                                    </StmntSeq>
                                </HierarchyLvl>
                                <HierarchyLvl HierarchyLvlId="4148" HierarchyLvlTypeId="5" Intrnl_Id="729" Name="nullRangeEquals">
                                    <Header>
                                        <Loc EndOffset="22033" SrcFileId="2" StartOffset="21997"/>
                                    </Header>
                                    <LocList>
                                        <Loc EndOffset="22112" SrcFileId="2" StartOffset="21997"/>
                                    </LocList>
                                    <StmntSeq Intrnl_Id="730">
                                        <LocList>
                                            <Loc EndOffset="22109" SrcFileId="2" StartOffset="22038"/>
                                        </LocList>
                                        <BasicStmnt CovItemId="S204" CovItemPrefix="org.jfree.data.test.RangeTest.java" Intrnl_Id="731">
                                            <LocList>
                                                <Loc EndOffset="22109" SrcFileId="2" StartOffset="22038"/>
                                            </LocList>
                                        </BasicStmnt>
                                    </StmntSeq>
                                </HierarchyLvl>
                                <HierarchyLvl HierarchyLvlId="4149" HierarchyLvlTypeId="5" Intrnl_Id="732" Name="inLowerBoundary">
                                    <Header>
                                        <Loc EndOffset="22213" SrcFileId="2" StartOffset="22177"/>
                                    </Header>
                                    <LocList>
                                        <Loc EndOffset="22299" SrcFileId="2" StartOffset="22177"/>
                                    </LocList>
                                    <StmntSeq Intrnl_Id="733">
                                        <LocList>
                                            <Loc EndOffset="22296" SrcFileId="2" StartOffset="22218"/>
                                        </LocList>
                                        <BasicStmnt CovItemId="S205" CovItemPrefix="org.jfree.data.test.RangeTest.java" Intrnl_Id="734">
                                            <LocList>
                                                <Loc EndOffset="22296" SrcFileId="2" StartOffset="22218"/>
                                            </LocList>
                                        </BasicStmnt>
                                    </StmntSeq>
                                </HierarchyLvl>
                                <HierarchyLvl HierarchyLvlId="4150" HierarchyLvlTypeId="5" Intrnl_Id="735" Name="inUpperBoundary">
                                    <Header>
                                        <Loc EndOffset="22382" SrcFileId="2" StartOffset="22346"/>
                                    </Header>
                                    <LocList>
                                        <Loc EndOffset="22466" SrcFileId="2" StartOffset="22346"/>
                                    </LocList>
                                    <StmntSeq Intrnl_Id="736">
                                        <LocList>
                                            <Loc EndOffset="22463" SrcFileId="2" StartOffset="22387"/>
                                        </LocList>
                                        <BasicStmnt CovItemId="S206" CovItemPrefix="org.jfree.data.test.RangeTest.java" Intrnl_Id="737">
                                            <LocList>
                                                <Loc EndOffset="22463" SrcFileId="2" StartOffset="22387"/>
                                            </LocList>
                                        </BasicStmnt>
                                    </StmntSeq>
                                </HierarchyLvl>
                                <HierarchyLvl HierarchyLvlId="4151" HierarchyLvlTypeId="5" Intrnl_Id="738" Name="numberInRange">
                                    <Header>
                                        <Loc EndOffset="22536" SrcFileId="2" StartOffset="22502"/>
                                    </Header>
                                    <LocList>
                                        <Loc EndOffset="22615" SrcFileId="2" StartOffset="22502"/>
                                    </LocList>
                                    <StmntSeq Intrnl_Id="739">
                                        <LocList>
                                            <Loc EndOffset="22612" SrcFileId="2" StartOffset="22541"/>
                                        </LocList>
                                        <BasicStmnt CovItemId="S207" CovItemPrefix="org.jfree.data.test.RangeTest.java" Intrnl_Id="740">
                                            <LocList>
                                                <Loc EndOffset="22612" SrcFileId="2" StartOffset="22541"/>
                                            </LocList>
                                        </BasicStmnt>
                                    </StmntSeq>
                                </HierarchyLvl>
                                <HierarchyLvl HierarchyLvlId="4152" HierarchyLvlTypeId="5" Intrnl_Id="741" Name="tearDown">
                                    <Header>
                                        <Loc EndOffset="22670" SrcFileId="2" StartOffset="22621"/>
                                    </Header>
                                    <LocList>
                                        <Loc EndOffset="22677" SrcFileId="2" StartOffset="22621"/>
                                    </LocList>
                                </HierarchyLvl>
                                <HierarchyLvl HierarchyLvlId="4153" HierarchyLvlTypeId="5" Intrnl_Id="742" Name="tearDownAfterClass">
                                    <Header>
                                        <Loc EndOffset="22752" SrcFileId="2" StartOffset="22681"/>
                                    </Header>
                                    <LocList>
                                        <Loc EndOffset="22759" SrcFileId="2" StartOffset="22681"/>
                                    </LocList>
                                </HierarchyLvl>
                            </HierarchyLvl>
                        </HierarchyLvl>
                    </HierarchyLvl>
                </HierarchyLvl>
            </HierarchyLvl>
        </HierarchyLvl>
    </MASTRoot>
</TestSessionContainer>
