<?xml version="1.0" encoding="UTF-8"?><TestSessionContainer xmlns="http://www.codecover.org/xml/testsession-container" Date="1677723391128" TestSessionContainerId="0e23790d-fa22-42c5-9ed8-9f0ac4457c9a" version="1.0">
    <SrcFileList>
        <SrcFile Content="package org.jfree.data.test;&#13;&#10;&#13;&#10;import static org.junit.Assert.*;&#13;&#10;&#13;&#10;import java.security.InvalidParameterException;&#13;&#10;&#13;&#10;import org.jfree.data.DataUtilities;&#13;&#10;import org.jfree.data.KeyedValues;&#13;&#10;import org.jfree.data.Values2D;&#13;&#10;import org.jmock.Expectations;&#13;&#10;import org.jmock.Mockery;&#13;&#10;import org.junit.After;&#13;&#10;import org.junit.AfterClass;&#13;&#10;import org.junit.Before;&#13;&#10;import org.junit.BeforeClass;&#13;&#10;import org.junit.Test;&#13;&#10;&#13;&#10;public class DataUtilitesTest extends DataUtilities {&#13;&#10;&#9;Mockery mockingContext;&#13;&#10;    private Values2D values;&#13;&#10;    &#13;&#10;&#9;@BeforeClass&#13;&#10;&#9;public static void setUpBeforeClass() throws Exception {&#13;&#10;&#9;}&#13;&#10;&#9;&#13;&#10;&#9;@Before&#13;&#10;&#9;public void setUp() throws Exception {&#13;&#10;&#9;&#9; mockingContext = new Mockery();&#13;&#10;&#9;     values = mockingContext.mock(Values2D.class);&#13;&#10;&#9;     &#13;&#10;&#9;}&#13;&#10;&#9;&#13;&#10;&#9;&#13;&#10;&#9;&#13;&#10;&#9;// calculateColumnTotal() test cases &#13;&#10;//&#9;pass: returns correct value for three rows&#13;&#10;&#9;@Test&#13;&#10;&#9;public void calculateColumnTotalForThreeRows() {&#13;&#10;&#9;    // setup&#13;&#10;&#9; &#13;&#10;&#9;    &#13;&#10;&#9;    mockingContext.checking(new Expectations() {&#13;&#10;&#9;        {&#13;&#10;&#9;            one(values).getRowCount();&#13;&#10;&#9;            will(returnValue(3));&#13;&#10;&#9;            one(values).getValue(0, 0);&#13;&#10;&#9;            will(returnValue(7.5));&#13;&#10;&#9;            one(values).getValue(1, 0);&#13;&#10;&#9;            will(returnValue(2.5));&#13;&#10;&#9;            one(values).getValue(2, 0);&#13;&#10;&#9;            will(returnValue(10));&#13;&#10;&#9;            &#13;&#10;&#9;        }&#13;&#10;&#9;    });&#13;&#10;&#9;    //exercise&#9;&#13;&#10;&#9;    double result = DataUtilities.calculateColumnTotal(values, 0);&#13;&#10;&#9;    // verify&#13;&#10;&#9;    assertEquals(result, 20.0, .001d);&#13;&#10;&#9;    // tear-down: NONE in this test method&#13;&#10;&#9;}&#13;&#10;&#9;&#13;&#10;&#9;// pass: returns correct value for multiple columns&#13;&#10;&#9;@Test&#13;&#10;&#9;public void calculateColumnTotalForMutipleColumns() {&#13;&#10;&#9;    &#13;&#10;&#9;    mockingContext.checking(new Expectations() {&#13;&#10;&#9;        {&#13;&#10;//&#9;        &#9;one(values).getColumnCount();&#13;&#10;//&#9;            will(returnValue(2));&#13;&#10;&#9;            &#13;&#10;&#9;            one(values).getRowCount();&#13;&#10;&#9;            will(returnValue(3));&#13;&#10;&#9;            &#13;&#10;&#9;            one(values).getValue(0, 0);&#13;&#10;&#9;            will(returnValue(5));&#13;&#10;&#9;            one(values).getValue(1, 0);&#13;&#10;&#9;            will(returnValue(10));&#13;&#10;&#9;            one(values).getValue(2, 0);&#13;&#10;&#9;            will(returnValue(3));&#13;&#10;&#9;            &#13;&#10;&#9;            will(returnValue(3));&#13;&#10;&#9;            one(values).getValue(0, 1);&#13;&#10;&#9;            will(returnValue(1));&#13;&#10;&#9;            one(values).getValue(1, 1);&#13;&#10;&#9;            will(returnValue(1));&#13;&#10;&#9;            one(values).getValue(2, 1);&#13;&#10;&#9;            will(returnValue(2));&#13;&#10;&#9;            &#13;&#10;&#9;        }&#13;&#10;&#9;    });&#13;&#10;&#9;    &#13;&#10;&#9;    //exercise&#9;&#13;&#10;&#9;    double result = DataUtilities.calculateColumnTotal(values, 0);&#13;&#10;&#9;    // verify&#13;&#10;&#9;    assertEquals(result, 18.0, .00001d);&#13;&#10;&#9;    // tear-down: NONE in this test method&#13;&#10;&#9;}&#13;&#10;&#9;&#13;&#10;&#13;&#10;&#9;&#13;&#10;&#9;// pass: returns correct value for multiple columns&#13;&#10;&#9;&#9;@Test&#13;&#10;&#9;&#9;public void NegativeColumn() {&#13;&#10;&#9;&#9;    &#13;&#10;&#9;&#9;    mockingContext.checking(new Expectations() {&#13;&#10;&#9;&#9;        {&#13;&#10;//&#9;&#9;        &#9;one(values).getColumnCount();&#13;&#10;//&#9;&#9;            will(returnValue(2));&#13;&#10;&#9;&#9;            &#13;&#10;&#9;&#9;            one(values).getRowCount();&#13;&#10;&#9;&#9;            will(returnValue(3));&#13;&#10;&#9;&#9;            &#13;&#10;&#9;&#9;            one(values).getValue(0, -0);&#13;&#10;&#9;&#9;            will(returnValue(5));&#13;&#10;&#9;&#9;            one(values).getValue(1, -0);&#13;&#10;&#9;&#9;            will(returnValue(10));&#13;&#10;&#9;&#9;            one(values).getValue(2, -0);&#13;&#10;&#9;&#9;            will(returnValue(3));&#13;&#10;&#9;&#9;            &#13;&#10;&#9;&#9;            &#13;&#10;&#9;&#9;        }&#13;&#10;&#9;&#9;    });&#13;&#10;&#9;&#9;    &#13;&#10;&#9;&#9;    //exercise&#9;&#13;&#10;&#9;&#9;    double result = DataUtilities.calculateColumnTotal(values, -0);&#13;&#10;&#9;&#9;    // verify&#13;&#10;&#9;&#9;    assertEquals(result, 18.0, .00001d);&#13;&#10;&#9;&#9;    // tear-down: NONE in this test method&#13;&#10;&#9;&#9;}&#13;&#10;&#9;&#9;&#13;&#10;&#9;&#9;@Test&#13;&#10;&#9;&#9;public void NullValuesForColumn() {&#13;&#10;&#9;&#9;    &#13;&#10;&#9;&#9;    mockingContext.checking(new Expectations() {&#13;&#10;&#9;&#9;        {&#13;&#10;//&#9;&#9;        &#9;one(values).getColumnCount();&#13;&#10;//&#9;&#9;            will(returnValue(2));&#13;&#10;&#9;&#9;            &#13;&#10;&#9;&#9;            one(values).getRowCount();&#13;&#10;&#9;&#9;            will(returnValue(3));&#13;&#10;&#9;&#9;            &#13;&#10;&#9;&#9;            one(values).getValue(0, 2);&#13;&#10;&#9;&#9;            will(returnValue(null));&#13;&#10;&#9;&#9;            one(values).getValue(1, 2);&#13;&#10;&#9;&#9;            will(returnValue(null));&#13;&#10;&#9;&#9;            one(values).getValue(2, 2);&#13;&#10;&#9;&#9;            will(returnValue(null));&#13;&#10;&#9;&#9;            &#13;&#10;&#9;&#9;            &#13;&#10;&#9;&#9;        }&#13;&#10;&#9;&#9;    });&#13;&#10;&#9;&#9;    &#13;&#10;&#9;&#9;    //exercise&#9;&#13;&#10;&#9;&#9;    double result = DataUtilities.calculateColumnTotal(values, 2);&#13;&#10;&#9;&#9;    // verify&#13;&#10;&#9;&#9;    assertEquals(result, 0.0, .00001d);&#13;&#10;&#9;&#9;    // tear-down: NONE in this test method&#13;&#10;&#9;&#9;}&#13;&#10;&#13;&#10;&#9;&#9;// should throw outOfBounds exception&#13;&#10;&#9;&#9;@Test(expected = IndexOutOfBoundsException.class)&#13;&#10;&#9;&#9;public void CalculateColumnTotalOutOfBounds() {&#13;&#10;&#9;&#9;&#9;Mockery context = new Mockery();&#13;&#10;&#9;&#9;&#9;final Values2D values = context.mock(Values2D.class);&#13;&#10;&#9;&#9;&#9;context.checking(new org.jmock.Expectations() {&#13;&#10;&#9;&#9;&#9;&#9;{&#13;&#10;&#9;&#9;&#9;&#9;&#9;one(values).getRowCount();&#13;&#10;&#9;&#9;&#9;&#9;&#9;will(returnValue(3));&#13;&#10;&#9;&#9;&#9;&#9;&#9;one(values).getValue(0, 2);&#13;&#10;&#9;&#9;&#9;&#9;&#9;will(returnValue(7));&#13;&#10;&#9;&#9;&#9;&#9;&#9;one(values).getValue(1, 2);&#13;&#10;&#9;&#9;&#9;&#9;&#9;will(returnValue(3));&#13;&#10;&#9;&#9;&#9;&#9;&#9;one(values).getValue(2, 2);&#13;&#10;&#9;&#9;&#9;&#9;&#9;will(returnValue(2));&#13;&#10;&#9;&#9;&#9;&#9;}&#13;&#10;&#9;&#9;&#9;});&#13;&#10;&#9;&#9;&#9;double results = DataUtilities.calculateColumnTotal(values, 2);&#13;&#10;&#9;&#9;&#9;assertEquals(results, 12, 0.0000001d);&#13;&#10;&#9;&#9;}&#13;&#10;&#13;&#10;&#9;&#13;&#10;&#9;// calculateRowTotal() test cases&#13;&#10;&#9;// pass: returns correct value for one row&#13;&#10;&#9;@Test&#13;&#10;&#9;public void calculateRowTotalForOneRow() {&#13;&#10;&#9;    &#13;&#10;&#9;    mockingContext.checking(new Expectations() {&#13;&#10;&#9;        {&#13;&#10;&#9;        &#9;&#13;&#10;&#9;            one(values).getColumnCount();&#13;&#10;&#9;            will(returnValue(1));&#13;&#10;&#9;            &#13;&#10;&#9;            one(values).getValue(0, 0);&#13;&#10;&#9;            will(returnValue(3));&#13;&#10;&#9;            one(values).getValue(0, 1);&#13;&#10;&#9;            will(returnValue(2));&#13;&#10;&#9;            one(values).getValue(0, 2);&#13;&#10;&#9;            will(returnValue(3));&#13;&#10;&#9;            &#13;&#10;&#9;        }&#13;&#10;&#9;    });&#13;&#10;&#9;    &#13;&#10;&#9;    //exercise&#9;&#13;&#10;&#9;    double result = DataUtilities.calculateRowTotal(values,0);&#13;&#10;&#9;    assertEquals(3, result, .000000001d);&#13;&#10;&#9;    // tear-down: NONE in this test method&#13;&#10;&#9;}&#13;&#10;&#9;&#13;&#10;&#9;// pass: returns correct value for multiple rows&#13;&#10;&#9;@Test&#13;&#10;&#9;public void calculateRowTotalForMutipleRows() {&#13;&#10;&#9;    &#13;&#10;&#9;    mockingContext.checking(new Expectations() {&#13;&#10;&#9;        {&#13;&#10;&#9;        &#9;&#13;&#10;&#9;            one(values).getColumnCount();&#13;&#10;&#9;            will(returnValue(3));&#13;&#10;&#9;            &#13;&#10;&#9;  &#13;&#10;&#9;            one(values).getValue(1, 0);&#13;&#10;&#9;            will(returnValue(1));&#13;&#10;&#9;            one(values).getValue(1, 1);&#13;&#10;&#9;            will(returnValue(1));&#13;&#10;&#9;            one(values).getValue(1, 2);&#13;&#10;&#9;            will(returnValue(2));&#13;&#10;&#9;            &#13;&#10;&#9;        }&#13;&#10;&#9;    });&#13;&#10;&#9;    &#13;&#10;&#9;    //exercise&#9;&#13;&#10;&#9;    double result = DataUtilities.calculateRowTotal(values,1);&#13;&#10;&#9;    // verify&#13;&#10;&#9;    assertEquals(4.0, result, .00001d);&#13;&#10;&#9;    // tear-down: NONE in this test method&#13;&#10;&#9;}&#13;&#10;&#9;&#13;&#10;&#13;&#10;&#9;/**&#13;&#10;&#9; * Testing function when data is valid and row is negative&#13;&#10;&#9; */&#13;&#10;&#9;@Test&#13;&#10;&#9;public void PositiveRowNullValues() {&#13;&#10;&#9;&#9;&#13;&#10;&#9;&#9;mockingContext.checking(new Expectations() {&#13;&#10;&#9;        {&#13;&#10;&#9;        &#9;&#13;&#10;&#9;            one(values).getColumnCount();&#13;&#10;&#9;            will(returnValue(2));&#13;&#10;&#9;            &#13;&#10;&#9;  &#13;&#10;&#9;            one(values).getValue(1, 0);&#13;&#10;&#9;            will(returnValue(null));&#13;&#10;&#9;            one(values).getValue(1, 1);&#13;&#10;&#9;            will(returnValue(null));&#13;&#10;&#9;            one(values).getValue(1, 2);&#13;&#10;&#9;            will(returnValue(null));&#13;&#10;&#9;            &#13;&#10;&#9;        }&#13;&#10;&#9;    });&#13;&#10;&#9;    &#13;&#10;&#9;    //exercise&#9;&#13;&#10;&#9;    double result = DataUtilities.calculateRowTotal(values,1);&#13;&#10;&#9;    // verify&#13;&#10;&#9;    assertEquals(0.0, result, .00001d);&#13;&#10;&#9;}&#13;&#10;&#9;&#13;&#10;&#9;// should throw outOfBounds exception&#13;&#10;&#9;@Test(expected = IndexOutOfBoundsException.class)&#13;&#10;&#9;public void NegativeRow() {&#13;&#10;&#9;&#9;&#13;&#10;&#9;&#9;&#9;&#9;mockingContext.checking(new Expectations() { &#13;&#10;&#9;&#9;&#9;&#9;&#9;{&#13;&#10;&#9;&#9;&#9;&#9;&#9;&#9;one(values).getColumnCount(); &#13;&#10;&#9;&#9;&#9;&#9;&#9;&#9;will(returnValue(1));&#13;&#10;&#9;&#9;&#9;&#9;&#9;&#9;&#13;&#10;&#9;&#9;&#9;&#9;&#9;&#9;one(values).getValue(-0, 0);&#13;&#10;&#9;&#9;&#9;&#9;&#9;&#9;will(returnValue(null));&#13;&#10;&#9;&#9;&#9;&#9;&#9;&#9;&#13;&#10;&#9;&#9;&#9;&#9;&#9;&#9;one(values).getValue(-0, 1); &#13;&#10;&#9;&#9;&#9;&#9;&#9;&#9;will(returnValue(null));&#13;&#10;&#9;&#9;&#9;&#9;&#9;&#9;&#13;&#10;&#9;&#9;&#9;&#9;&#9;&#9;&#13;&#10;&#9;&#9;&#9;&#9;&#9;} &#13;&#10;&#9;&#9;&#9;&#9;});&#13;&#10;&#9;&#9;&#9;&#13;&#10;&#9;&#9;//exercise&#9;&#13;&#10;&#9;    double result = DataUtilities.calculateRowTotal(values,-0);&#13;&#10;&#9;    // verify&#13;&#10;&#9;&#9;assertEquals(0.0, result, .000000001d);&#13;&#10;&#9;}&#13;&#10;&#9;&#13;&#10;&#9;@Test(expected = IndexOutOfBoundsException.class)&#13;&#10;&#9;public void CalculateRowTotalOutOfBounds() {&#13;&#10;&#9;&#9;Mockery context = new Mockery();&#13;&#10;&#9;&#9;final Values2D values = context.mock(Values2D.class);&#13;&#10;&#9;&#9;context.checking(new org.jmock.Expectations() {&#13;&#10;&#9;&#9;&#9;{&#13;&#10;&#9;&#9;&#9;&#9;one(values).getColumnCount(); &#13;&#10;&#9;&#9;&#9;&#9;will(returnValue(2));&#13;&#10;&#9;&#9;&#9;&#9;&#13;&#10;&#9;&#9;&#9;&#9;one(values).getValue(1, 0);&#13;&#10;&#9;&#9;&#9;&#9;will(returnValue(8));&#13;&#10;&#9;&#9;&#9;&#9;&#13;&#10;&#9;&#9;&#9;&#9;one(values).getValue(1, 1); &#13;&#10;&#9;&#9;&#9;&#9;will(returnValue(7));&#13;&#10;&#9;&#9;&#9;&#9;&#13;&#10;&#9;&#9;&#9;}&#13;&#10;&#9;&#9;});&#13;&#10;&#9;&#9;double results = DataUtilities.calculateRowTotal(values, 1);&#13;&#10;&#9;&#9;assertEquals(results, 15, 0.0000001d);&#13;&#10;&#9;}&#13;&#10;&#9;&#13;&#10;&#9;// Equal() Tests&#13;&#10;&#9;&#13;&#10;&#9;@Test&#13;&#10;    public void EqualArrays() {&#13;&#10;       //Arrange&#13;&#10;&#9;double[][] arr1 = {{0.4, 1.1},{13.2, 15.9},{10.0, 20}};&#13;&#10;&#9;&#9;&#9;&#9;&#9;&#9;&#9;&#13;&#10;&#13;&#10;&#9;double[][] arr2 = {{0.4, 1.1},{13.2, 15.9},{10.0, 20}};&#13;&#10;&#9;&#9;&#9;&#9;&#9;&#9;&#9;&#9;&#13;&#10;       //Act&#13;&#10;&#9;boolean result = DataUtilities.equal(arr1, arr2);&#13;&#10;       //Assert&#13;&#10;&#9;assertTrue(&quot;Arrays should be equal&quot;,result);&#13;&#10;    }&#13;&#10;&#9;&#13;&#10;&#9;&#13;&#10;&#9;@Test&#13;&#10;    public void nonEqualArrays() {&#13;&#10;       //Arrange&#13;&#10;&#9;double[][] arr1 = {{0.4, 1.1},{13.2, 15.9},{10.0, 20}};&#13;&#10;&#13;&#10;&#9;double[][] arr2 = {{0.4, 1.1},{13.2, 15.9},{10.0, 20}};&#13;&#10;&#9;&#9;&#9;&#9;&#9;&#9;&#9;&#9;&#13;&#10;       &#13;&#10;&#9;boolean result = DataUtilities.equal(arr1, arr2);&#13;&#10;      &#13;&#10;&#9;assertFalse(&quot;Arrays should not be equal&quot;,result);&#13;&#10;    }&#13;&#10;&#13;&#10;&#13;&#10;&#13;&#10;&#9;&#13;&#10;&#9;// createNumberArray() test cases&#13;&#10;&#9;/* Pass()&#13;&#10;&#9; * The last element is returned as null&#13;&#10;&#9; */&#13;&#10;&#9;&#13;&#10;&#9;@Test&#13;&#10;&#9; public void createNumberArrayFourDoubleElements() {&#13;&#10;&#9;&#9;double[] test = new double[] { 1.0, 1.11, -1.52, 1.5};&#13;&#10;&#9;&#9;Number arr[] = DataUtilities.createNumberArray(new double[] { 1.0, 1.11, -1.52, 1.5});&#13;&#10;&#9;&#9;assertEquals(&quot;Data of arrays should be equal.&quot;,&#13;&#10;&#9;&#9;&#9;&#9;test[0], arr[0]);&#9; &#13;&#10;&#9;assertEquals(&quot;Data of arrays should be equal.&quot;,&#13;&#10;&#9;&#9;&#9;test[1], arr[1]);&#13;&#10;&#9;assertEquals(&quot;Data of arrays should be equal.&quot;,&#13;&#10;&#9;&#9;&#9;test[2], arr[2]);&#13;&#10;&#9;assertEquals(&quot;Data of arrays should be equal.&quot;,&#13;&#10;&#9;&#9;&#9;test[3], arr[3]);}&#13;&#10;&#9;&#13;&#10;&#9;&#13;&#10;&#9;/* Pass &#13;&#10;&#9; * Returns all the elements except the last one&#13;&#10;&#9; */&#13;&#10;&#9;&#13;&#10;&#9;@Test&#13;&#10;&#9; public void createNumberArrayThreeDoubleElements() {&#13;&#10;&#9;&#9;double[] test = new double[] { 1.0, 1.11, -1.52, 1.5};&#13;&#10;&#9;&#9;Number arr[] = DataUtilities.createNumberArray(new double[] { 1.0, 1.11, -1.52, 1.5});&#13;&#10;&#9;&#9;assertEquals(&quot;Data of arrays should be equal.&quot;,&#13;&#10;&#9;&#9;&#9;&#9;test[0], arr[0]);&#9; &#13;&#10;&#9;assertEquals(&quot;Data of arrays should be equal.&quot;,&#13;&#10;&#9;&#9;&#9;test[1], arr[1]);&#13;&#10;&#9;assertEquals(&quot;Data of arrays should be equal.&quot;,&#13;&#10;&#9;&#9;&#9;test[2], arr[2]);}&#13;&#10;&#9;&#13;&#10;&#9;/* Pass &#13;&#10;&#9; * Returns the correct length&#13;&#10;&#9; */&#13;&#10;&#9;&#13;&#10;&#9;@Test&#13;&#10;&#9;public void createNumberArraySizeTest() {&#13;&#10;&#9;&#9;double[] test1 = new double[] { 1.0, 1.11, -1.52, 1.5};&#13;&#10;&#9;&#9;Number arr1[] = DataUtilities.createNumberArray(new double[] { 1.0, 1.11, -1.52, 1.5});&#13;&#10;&#9;&#9;assertEquals(&quot;Length of arrays should be equal.&quot;,&#13;&#10;&#9;&#9;&#9;&#9;test1.length, arr1.length);&#13;&#10;&#13;&#10;&#9;}&#13;&#10;&#9;&#13;&#10;&#9;/* Pass &#13;&#10;&#9; * Throws an exception if the function is passed a null value&#13;&#10;&#9; */&#13;&#10;&#13;&#10;&#9;@Test(expected = IllegalArgumentException.class)&#13;&#10;&#9; public void createNumberArrayNullArgument() throws Exception{&#13;&#10;&#9;&#9; DataUtilities.createNumberArray(null);&#13;&#10;&#9; }&#13;&#10;&#9;&#13;&#10;&#9;&#13;&#10;&#9;// createNumberArray2D() test cases&#13;&#10;&#9;/* Pass&#13;&#10;&#9; *&#13;&#10;&#9; */&#13;&#10;&#9;&#13;&#10;&#9;@Test&#13;&#10;&#9;public void create2DNumberArrayThreeDoubleElements() {&#13;&#10;&#9;&#9;double[][] test = new double[][]{{1.0, 3.0, 7.0}, {2.0, 4.0, 4.4}};&#13;&#10;&#9;&#9;Number[][] arr = DataUtilities.createNumberArray2D(new double[][]{{1.0, 3.0, 7.0}, {2.0, 4.0, 4.4}});&#13;&#10;&#9;&#9;assertEquals(&quot;Data of arrays should be equal.&quot;,&#13;&#10;&#9;&#9;&#9;&#9;test[0][0], arr[0][0]);&#9; &#13;&#10;&#9;&#9;assertEquals(&quot;Data of arrays should be equal.&quot;,&#13;&#10;&#9;&#9;&#9;test[0][1], arr[0][1]);&#13;&#10;&#9;&#9;assertEquals(&quot;Data of arrays should be equal.&quot;,&#13;&#10;&#9;&#9;&#9;test[0][2], arr[0][2]);&#13;&#10;&#9;&#9;&#13;&#10;&#9;&#9;assertEquals(&quot;Data of arrays should be equal.&quot;,&#13;&#10;&#9;&#9;test[1][2], arr[1][2]);&#13;&#10;&#9;&#9;&#9;&#13;&#10;&#9;}&#13;&#10;&#9;&#13;&#10;&#9;@Test&#13;&#10;&#9;public void lastTwoRowsZeroo(){&#13;&#10;&#9;&#9;Mockery mockingContext = new Mockery();&#13;&#10;&#9;&#9;final KeyedValues values = mockingContext.mock(KeyedValues.class);&#13;&#10;&#9;&#9;mockingContext.checking(new Expectations() {&#13;&#10;&#9;&#9;&#9;{&#13;&#10;&#9;&#9;&#9;&#9;allowing(values).getItemCount();&#13;&#10;&#9;&#9;&#9;&#9;will(returnValue(3));&#13;&#10;&#9;&#9;&#9;&#9;allowing(values).getValue(0);&#13;&#10;&#9;&#9;&#9;&#9;will(returnValue(2));&#13;&#10;&#9;&#9;&#9;&#9;allowing(values).getValue(1);&#13;&#10;&#9;&#9;&#9;&#9;will(returnValue(0));&#13;&#10;&#9;&#9;&#9;&#9;allowing(values).getValue(2);&#13;&#10;&#9;&#9;&#9;&#9;will(returnValue(0));&#13;&#10;&#9;&#9;&#9;&#9;&#13;&#10;&#9;&#9;&#9;&#9;allowing(values).getKey(0);&#13;&#10;&#9;&#9;&#9;&#9;will(returnValue(0));&#13;&#10;&#9;&#9;&#9;&#9;allowing(values).getKey(1);&#13;&#10;&#9;&#9;&#9;&#9;will(returnValue(1));&#13;&#10;&#9;&#9;&#9;&#9;allowing(values).getKey(2);&#13;&#10;&#9;&#9;&#9;&#9;will(returnValue(2));&#13;&#10;&#9;&#9;&#9;&#9;&#13;&#10;&#9;&#9;&#9;}&#13;&#10;&#9;&#9;});&#13;&#10;&#9;&#9;&#13;&#10;&#9;&#9;KeyedValues result = DataUtilities.getCumulativePercentages(values);&#13;&#10;&#9;&#9;assertEquals(1.0, result.getValue(0));&#13;&#10;&#9;&#9;assertEquals(1.0, result.getValue(1));&#13;&#10;&#9;&#9;assertEquals(1.0, result.getValue(2));&#13;&#10;&#9;&#9;&#13;&#10;&#9;}&#13;&#10;&#9;&#13;&#10;&#9;&#13;&#10;&#9;&#13;&#10;&#9;/* Pass &#13;&#10;&#9; * Returns all the elements except the last one&#13;&#10;&#9; */&#13;&#10;&#9;&#13;&#10;&#9;@Test&#13;&#10;&#9;public void create2DNumberArrayTwoDoubleElements() {&#13;&#10;&#9;&#9;double[][] test = new double[][]{{1.0, 3.0, 7.0}, {2.0, 4.0, 4.4}};&#13;&#10;&#9;&#9;Number[][] arr = DataUtilities.createNumberArray2D(new double[][]{{1.0, 3.0, 7.0}, {2.0, 4.0, 4.4}});&#13;&#10;&#9;&#9;assertEquals(&quot;Data of arrays should be equal.&quot;,&#13;&#10;&#9;&#9;&#9;&#9;test[0][0], arr[0][0]);&#9; &#13;&#10;&#9;&#9;assertEquals(&quot;Data of arrays should be equal.&quot;,&#13;&#10;&#9;&#9;&#9;test[0][1], arr[0][1]);&#13;&#10;&#9;&#9;assertEquals(&quot;Data of arrays should be equal.&quot;,&#13;&#10;&#9;&#9;&#9;&#9;test[1][0], arr[1][0]);&#9; &#13;&#10;&#9;&#9;assertEquals(&quot;Data of arrays should be equal.&quot;,&#13;&#10;&#9;&#9;&#9;test[1][1], arr[1][1]);&#13;&#10;&#9;&#9;&#13;&#10;&#9;&#9;&#9;&#13;&#10;&#9;}&#13;&#10;&#9;&#13;&#10;&#9;/* Pass &#13;&#10;&#9; * Returns the correct length&#13;&#10;&#9; */&#13;&#10;&#9;&#13;&#10;&#9;@Test&#13;&#10;&#9;public void create2DNumberArraySizeTest() {&#13;&#10;&#9;&#9;double[][] test = new double[][]{{1.0, 3.0, 7.0}, {2.0, 4.0, 4.4}};&#13;&#10;&#9;&#9;Number[][] arr = DataUtilities.createNumberArray2D(new double[][]{{1.0, 3.0, 7.0}, {2.0, 4.0, 4.4}});&#13;&#10;&#9;&#9;assertEquals(&quot;Length of arrays should be equal.&quot;,&#13;&#10;&#9;&#9;&#9;&#9;test.length, arr.length);&#13;&#10;&#13;&#10;&#9;}&#13;&#10;&#9;&#13;&#10;&#9;/* Pass &#13;&#10;&#9; * Throws an exception if the function is passed a null value&#13;&#10;&#9; */&#13;&#10;&#9;&#13;&#10;&#9;@Test(expected = IllegalArgumentException.class)&#13;&#10;&#9; public void create2DNumberArrayNullArgument() throws Exception{&#13;&#10;&#9;&#9; DataUtilities.createNumberArray2D(null);&#13;&#10;&#9; }&#13;&#10;&#9;&#13;&#10;&#9;// getCumulativePercentages() test cases&#13;&#10;&#9;// fail: returns wrong percentage&#13;&#10;&#9;@Test&#13;&#10;&#9; public void testingAllElements(){&#13;&#10;&#9;&#9;Mockery mockingContext = new Mockery();&#13;&#10;&#9;&#9;final KeyedValues keyValues = mockingContext.mock(KeyedValues.class);&#13;&#10;&#9;&#9; mockingContext.checking(new Expectations() {&#13;&#10;&#9;&#9;&#9;{&#13;&#10;&#9;&#9;&#9;&#9;atLeast(1).of(keyValues).getItemCount();&#13;&#10;&#9;&#9;&#9;&#9;will(returnValue(3));&#13;&#10;&#9;        &#9;&#13;&#10;&#9;&#9;&#9;&#9;atLeast(1).of(keyValues).getValue(0);&#13;&#10;&#9;&#9;&#9;&#9;will(returnValue(1));&#13;&#10;&#9;&#9;&#9;&#9;&#13;&#10;&#9;&#9;&#9;&#9;atLeast(1).of(keyValues).getValue(1);&#13;&#10;&#9;&#9;&#9;&#9;will(returnValue(2));&#13;&#10;&#9;&#9;&#9;&#9;&#13;&#10;&#9;&#9;&#9;&#9;atLeast(1).of(keyValues).getValue(2);&#13;&#10;&#9;&#9;&#9;&#9;will(returnValue(3));&#13;&#10;&#9;&#9;&#9;&#9;&#13;&#10;&#9;&#9;&#9;&#9;atLeast(1).of(keyValues).getKey(0);&#13;&#10;&#9;&#9;&#9;&#9;will(returnValue(&quot;key0&quot;));&#13;&#10;&#9;&#9;&#9;&#9;&#13;&#10;&#9;&#9;&#9;&#9;atLeast(1).of(keyValues).getKey(1);&#13;&#10;&#9;&#9;&#9;&#9;will(returnValue(&quot;key1&quot;));&#13;&#10;&#9;&#9;&#9;&#9;&#13;&#10;&#9;&#9;&#9;&#9;atLeast(1).of(keyValues).getKey(2);&#13;&#10;&#9;&#9;&#9;&#9;will(returnValue(&quot;key2&quot;));&#13;&#10;&#9;     &#9;}&#13;&#10;&#9;&#9; });&#13;&#10;&#9;&#9; &#13;&#10;&#9;&#9; KeyedValues result = DataUtilities.getCumulativePercentages(keyValues);&#13;&#10;&#9;&#9; &#13;&#10;&#9;&#9; assertEquals(0.5, result.getValue(1).doubleValue(), .000000001d);&#13;&#10;&#9;&#9; assertEquals(1.0, result.getValue(2).doubleValue(), .000000001d);&#13;&#10;&#9; }&#13;&#10;&#9;&#13;&#10;&#13;&#10;&#9; // pass: returns correct percentage&#13;&#10;&#9; @Test&#13;&#10;&#9;&#9;public void allZeroRows(){&#13;&#10;&#9;&#9;&#9;Mockery mockingContext = new Mockery();&#13;&#10;&#9;&#9;&#9;final KeyedValues values = mockingContext.mock(KeyedValues.class);&#13;&#10;&#9;&#9;&#9;mockingContext.checking(new Expectations() {&#13;&#10;&#9;&#9;&#9;&#9;{&#13;&#10;&#9;&#9;&#9;&#9;&#9;allowing(values).getItemCount();&#13;&#10;&#9;&#9;&#9;&#9;&#9;will(returnValue(4));&#13;&#10;&#9;&#9;&#9;&#9;&#9;allowing(values).getValue(0);&#13;&#10;&#9;&#9;&#9;&#9;&#9;will(returnValue(0));&#13;&#10;&#9;&#9;&#9;&#9;&#9;allowing(values).getValue(1);&#13;&#10;&#9;&#9;&#9;&#9;&#9;will(returnValue(0));&#13;&#10;&#9;&#9;&#9;&#9;&#9;allowing(values).getValue(2);&#13;&#10;&#9;&#9;&#9;&#9;&#9;will(returnValue(0));&#13;&#10;&#9;&#9;&#9;&#9;&#9;allowing(values).getValue(3);&#13;&#10;&#9;&#9;&#9;&#9;&#9;will(returnValue(0));&#13;&#10;&#9;&#9;&#9;&#9;&#9;allowing(values).getKey(0);&#13;&#10;&#9;&#9;&#9;&#9;&#9;will(returnValue(0));&#13;&#10;&#9;&#9;&#9;&#9;&#9;allowing(values).getKey(1);&#13;&#10;&#9;&#9;&#9;&#9;&#9;will(returnValue(1));&#13;&#10;&#9;&#9;&#9;&#9;&#9;allowing(values).getKey(2);&#13;&#10;&#9;&#9;&#9;&#9;&#9;will(returnValue(2));&#13;&#10;&#9;&#9;&#9;&#9;&#9;allowing(values).getKey(3);&#13;&#10;&#9;&#9;&#9;&#9;&#9;will(returnValue(3));&#13;&#10;&#9;&#9;&#9;&#9;}&#13;&#10;&#9;&#9;&#9;});&#13;&#10;&#9;&#9;&#9;&#13;&#10;&#9;&#9;&#9;KeyedValues result = DataUtilities.getCumulativePercentages(values);&#13;&#10;&#9;&#9;&#9;assertEquals(0.0 / 0.0, result.getValue(0));&#13;&#10;&#9;&#9;&#9;assertEquals(0.0 / 0.0, result.getValue(1));&#13;&#10;&#9;&#9;&#9;assertEquals(0.0 / 0.0, result.getValue(2));&#13;&#10;&#9;&#9;&#9;assertEquals(0.0 / 0.0, result.getValue(3));&#13;&#10;&#9;&#9;}&#13;&#10;&#9; &#13;&#10;&#9; // fail: first percentage value is wrong&#13;&#10;&#9; @Test&#13;&#10;&#9;&#9;public void lastTwoRowsZero(){&#13;&#10;&#9;&#9;&#9;Mockery mockingContext = new Mockery();&#13;&#10;&#9;&#9;&#9;final KeyedValues values = mockingContext.mock(KeyedValues.class);&#13;&#10;&#9;&#9;&#9;mockingContext.checking(new Expectations() {&#13;&#10;&#9;&#9;&#9;&#9;{&#13;&#10;&#9;&#9;&#9;&#9;&#9;allowing(values).getItemCount();&#13;&#10;&#9;&#9;&#9;&#9;&#9;will(returnValue(3));&#13;&#10;&#9;&#9;&#9;&#9;&#9;allowing(values).getValue(0);&#13;&#10;&#9;&#9;&#9;&#9;&#9;will(returnValue(2));&#13;&#10;&#9;&#9;&#9;&#9;&#9;allowing(values).getValue(1);&#13;&#10;&#9;&#9;&#9;&#9;&#9;will(returnValue(0));&#13;&#10;&#9;&#9;&#9;&#9;&#9;allowing(values).getValue(2);&#13;&#10;&#9;&#9;&#9;&#9;&#9;will(returnValue(0));&#13;&#10;&#9;&#9;&#9;&#9;&#9;&#13;&#10;&#9;&#9;&#9;&#9;&#9;allowing(values).getKey(0);&#13;&#10;&#9;&#9;&#9;&#9;&#9;will(returnValue(0));&#13;&#10;&#9;&#9;&#9;&#9;&#9;allowing(values).getKey(1);&#13;&#10;&#9;&#9;&#9;&#9;&#9;will(returnValue(1));&#13;&#10;&#9;&#9;&#9;&#9;&#9;allowing(values).getKey(2);&#13;&#10;&#9;&#9;&#9;&#9;&#9;will(returnValue(2));&#13;&#10;&#9;&#9;&#9;&#9;&#9;&#13;&#10;&#9;&#9;&#9;&#9;}&#13;&#10;&#9;&#9;&#9;});&#13;&#10;&#9;&#9;&#9;&#13;&#10;&#9;&#9;&#9;KeyedValues result = DataUtilities.getCumulativePercentages(values);&#13;&#10;&#9;&#9;&#9;assertEquals(1.0, result.getValue(0));&#13;&#10;&#9;&#9;&#9;assertEquals(1.0, result.getValue(1));&#13;&#10;&#9;&#9;&#9;assertEquals(1.0, result.getValue(2));&#13;&#10;&#9;&#9;&#9;&#13;&#10;&#9;&#9;}&#13;&#10;&#9; &#13;&#10;&#9; // pass: returns the correct percentage&#13;&#10;&#9; @Test&#13;&#10;&#9;&#9;public void firstThreeRowsZero(){&#13;&#10;&#9;&#9;&#9;Mockery mockingContext = new Mockery();&#13;&#10;&#9;&#9;&#9;final KeyedValues values = mockingContext.mock(KeyedValues.class);&#13;&#10;&#9;&#9;&#9;mockingContext.checking(new Expectations() {&#13;&#10;&#9;&#9;&#9;&#9;{&#13;&#10;&#9;&#9;&#9;&#9;&#9;allowing(values).getItemCount();&#13;&#10;&#9;&#9;&#9;&#9;&#9;will(returnValue(3));&#13;&#10;&#9;&#9;&#9;&#9;&#9;allowing(values).getValue(0);&#13;&#10;&#9;&#9;&#9;&#9;&#9;will(returnValue(0));&#13;&#10;&#9;&#9;&#9;&#9;&#9;allowing(values).getValue(1);&#13;&#10;&#9;&#9;&#9;&#9;&#9;will(returnValue(0));&#13;&#10;&#9;&#9;&#9;&#9;&#9;allowing(values).getValue(2);&#13;&#10;&#9;&#9;&#9;&#9;&#9;will(returnValue(2));&#13;&#10;&#9;&#9;&#9;&#9;&#9;&#13;&#10;&#9;&#9;&#9;&#9;&#9;allowing(values).getKey(0);&#13;&#10;&#9;&#9;&#9;&#9;&#9;will(returnValue(0));&#13;&#10;&#9;&#9;&#9;&#9;&#9;allowing(values).getKey(1);&#13;&#10;&#9;&#9;&#9;&#9;&#9;will(returnValue(1));&#13;&#10;&#9;&#9;&#9;&#9;&#9;allowing(values).getKey(2);&#13;&#10;&#9;&#9;&#9;&#9;&#9;will(returnValue(2));&#13;&#10;&#9;&#9;&#9;&#9;&#9;&#13;&#10;&#9;&#9;&#9;&#9;}&#13;&#10;&#9;&#9;&#9;});&#13;&#10;&#9;&#9;&#9;&#13;&#10;&#9;&#9;&#9;KeyedValues result = DataUtilities.getCumulativePercentages(values);&#13;&#10;&#9;&#9;&#9;assertEquals(0.0, result.getValue(0));&#13;&#10;&#9;&#9;&#9;assertEquals(0.0, result.getValue(1));&#13;&#10;&#9;&#9;&#9;assertEquals(1.0, result.getValue(2));&#13;&#10;&#9;&#9;&#9;&#13;&#10;&#9;&#9;}&#13;&#10;&#9; &#13;&#10;&#9;&#13;&#10;&#9;&#13;&#10;&#9;@After&#13;&#10;&#9;public void tearDown() throws Exception {&#13;&#10;&#9;}&#13;&#10;&#13;&#10;&#9;@AfterClass&#13;&#10;&#9;public static void tearDownAfterClass() throws Exception {&#13;&#10;&#9;}&#13;&#10;&#9;&#13;&#10;&#9;&#13;&#10;&#9;&#13;&#10;&#13;&#10;&#9;&#13;&#10;&#9;&#13;&#10;&#13;&#10;}" Filename="DataUtilitesTest.java" Intrnl_Id="1"/>
        <SrcFile Content="package org.jfree.data.test;&#13;&#10;&#13;&#10;import static org.junit.Assert.*; import org.jfree.data.Range; import org.junit.*;&#13;&#10;&#13;&#10;public class RangeTest{&#13;&#10;&#13;&#10;private Range testRange;&#13;&#10;&#13;&#10;&#13;&#10;private Range exampleRange;&#13;&#10;&#13;&#10;private Range exampleRange2;&#13;&#10;&#13;&#10;private Range rangeN;&#13;&#10;&#13;&#10;private Range rangeZ;&#13;&#10;&#13;&#10;private Range rangeP;&#13;&#10;&#13;&#10;private Range range;&#13;&#10;&#13;&#10;private Range rangeC;&#13;&#10;&#13;&#10;private Range rangeDoub;&#13;&#10;&#13;&#10;private Range range1, range2;&#13;&#10;&#13;&#10;&#13;&#10;&#13;&#10;@BeforeClass public static void setUpBeforeClass() throws Exception {&#13;&#10;&#13;&#10;}&#13;&#10;&#13;&#10;@Before&#13;&#10;&#13;&#10;public void setUp() throws Exception {&#13;&#10;&#13;&#10;testRange = new Range(-4, 8);&#13;&#10;&#13;&#10;&#13;&#10;exampleRange = new Range(-1, 1);&#13;&#10;&#13;&#10;exampleRange2 = new Range(-1, -1);//size zero&#13;&#10;&#13;&#10;&#13;&#10;rangeN = new Range(-10, 1); // range for negative lower bound&#13;&#10;&#13;&#10;rangeZ = new Range(0, 0); // range for lower and upper bound being 0&#13;&#10;&#13;&#10;rangeP = new Range(1, 10); // range for positive lower bound&#13;&#10;&#13;&#10;rangeDoub = new Range(2.5, 5.0); // range for double values&#13;&#10;&#13;&#10;range = new Range(10, 50); //create range from 10 to 100&#13;&#10;&#13;&#10;rangeC = new Range(5, 20);// new range from 5 to 20&#13;&#10;&#13;&#10;&#13;&#10;&#13;&#10;}&#13;&#10;&#13;&#10;&#13;&#10;// constrain() test cases&#13;&#10;&#13;&#10;/*if the input number is lower than the lower boundary of the range than the constrain should be the lower boundary*/&#13;&#10;&#13;&#10;@Test&#13;&#10;&#13;&#10;public void numberLowerThanLowerBoundary() {&#13;&#10;&#13;&#10;assertEquals(&quot;The constrain value of -5 in the range of -1 and 1 should be -1)&quot;,-1,exampleRange.constrain(-5), 0.000001d);&#13;&#10;&#13;&#10;}&#13;&#10;&#13;&#10;&#13;&#10;/*if the input number is lower than the lower boundary of a range of zero than the constrain should be the lower boundary*/&#13;&#10;&#13;&#10;@Test&#13;&#10;&#13;&#10;public void numberLowerThanLowerBoundaryWithRangeZero() {&#13;&#10;&#13;&#10;assertEquals(&quot;The constrain value of -5 in the range of -1 and -1 should be -1)&quot;,-1,exampleRange2.constrain(-5), 0.000001d);&#13;&#10;&#13;&#10;}&#13;&#10;&#13;&#10;&#13;&#10;/*if the input number is higher than the upper boundary of the range than the constrain should be the upper boundary*/&#13;&#10;&#13;&#10;@Test&#13;&#10;&#13;&#10;public void numberHigherThanUpperBoundary() {&#13;&#10;&#13;&#10;assertEquals(&quot;The constrain value of 5 in the range of -1 and 1 should be 1)&quot;,1,exampleRange.constrain(5), 0.000001d);&#13;&#10;&#13;&#10;}&#13;&#10;&#13;&#10;&#13;&#10;/*if the input number is higher than the upper boundary of a range of zero than the constrain should be the upper boundary*/&#13;&#10;&#13;&#10;@Test&#13;&#10;&#13;&#10;public void numberHigherThanUpperBoundaryWithRangeZero() {&#13;&#10;&#13;&#10;assertEquals(&quot;The constrain value of 5 in the range of -1 and -1 should be -1)&quot;,-1,exampleRange2.constrain(-5), 0.000001d);&#13;&#10;&#13;&#10;}&#13;&#10;&#13;&#10;&#13;&#10;/*if the input number is within the range than the constrain should be the input*/&#13;&#10;&#13;&#10;@Test&#13;&#10;&#13;&#10;public void numberWithinRange() {&#13;&#10;&#13;&#10;assertEquals(&quot;The constrain value of 0 in the range of -1 and 1 should be 0)&quot;,0,exampleRange.constrain(0), 0.000001d);&#13;&#10;&#13;&#10;}&#13;&#10;&#13;&#10;&#13;&#10;/*if the input number is equal to the lower boundary of the range than the constrain should be the input/lower boundary*/&#13;&#10;&#13;&#10;@Test&#13;&#10;&#13;&#10;public void numberIsLowerBoundary() {&#13;&#10;&#13;&#10;assertEquals(&quot;The constrain value of -1 in the range of -1 and 1 should be -1)&quot;,-1,exampleRange.constrain(-5), 0.000001d);&#13;&#10;&#13;&#10;}&#13;&#10;&#13;&#10;&#13;&#10;/*if the input number is equal to the upper boundary of the range than the constrain should be the input/upper boundary*/&#13;&#10;&#13;&#10;@Test&#13;&#10;&#13;&#10;public void numberIsUpperBoundary() {&#13;&#10;&#13;&#10;assertEquals(&quot;The constrain value of 1 in the range of -1 and 1 should be 1)&quot;,1,exampleRange.constrain(1), 0.000001d);&#13;&#10;&#13;&#10;}&#13;&#10;&#13;&#10;&#13;&#10;// getLength() test cases&#13;&#10;&#13;&#10;// pass: returns the correct length&#13;&#10;&#13;&#10;@Test&#13;&#10;&#13;&#10;public void getLengthValidOutput() {&#13;&#10;&#13;&#10;assertEquals(&quot;The length of the range from -4 to 8 should be 12&quot;,&#13;&#10;&#13;&#10;12, testRange.getLength(), .000000001d);&#13;&#10;&#13;&#10;}&#13;&#10;&#13;&#10;&#13;&#10;// combine() test cases&#13;&#10;&#13;&#10;/*first range is null*/&#13;&#10;&#13;&#10;@Test&#13;&#10;&#13;&#10;public void firstRangeNull() {&#13;&#10;&#13;&#10;assertEquals(&quot;The combination of null range and range[-1,1] should be [-1,1]&quot;,new Range(-1,1),Range.combine(null,(new Range(-1,1))));&#13;&#10;&#13;&#10;}&#13;&#10;&#13;&#10;&#13;&#10;/*second range is null*/&#13;&#10;&#13;&#10;@Test&#13;&#10;&#13;&#10;public void secondRangeNull() {&#13;&#10;&#13;&#10;assertEquals(&quot;The combination of range[-1,1] and null range should be [-1,1]&quot;,new Range(-1,1),Range.combine((new Range(-1,1)),null));&#13;&#10;&#13;&#10;}&#13;&#10;&#13;&#10;&#13;&#10;/*both ranges are null*/&#13;&#10;&#13;&#10;@Test&#13;&#10;&#13;&#10;public void bothRangeNull() {&#13;&#10;&#13;&#10;assertEquals(&quot;The combination of two null ranges should be null&quot;,null,Range.combine(null,null));&#13;&#10;&#13;&#10;}&#13;&#10;&#13;&#10;&#13;&#10;/*identical ranges*/&#13;&#10;&#13;&#10;@Test&#13;&#10;&#13;&#10;public void identicalRanges() {&#13;&#10;&#13;&#10;assertEquals(&quot;The combination of range[-1,1] and range[-1,1] should be [-1,1]&quot;,new Range(-1,1),Range.combine((new Range(-1,1)),(new Range(-1,1))));&#13;&#10;&#13;&#10;}&#13;&#10;&#13;&#10;&#13;&#10;/*ranges are continuous*/&#13;&#10;&#13;&#10;@Test&#13;&#10;&#13;&#10;public void continuousRanges() {&#13;&#10;&#13;&#10;try{&#13;&#10;&#13;&#10;assertEquals(&quot;The combination of range[-1,1] and range[1,2] should be [-1,2]&quot;,new Range(-1,2),Range.combine((new Range(-1,1)),(new Range(1,2))));&#13;&#10;&#13;&#10;}&#13;&#10;&#13;&#10;catch(Exception e) {&#13;&#10;&#13;&#10;fail(&quot; continuousRanges should not have an error but we get &quot;+ e.getClass() + e.getMessage());&#13;&#10;&#13;&#10;}&#13;&#10;&#13;&#10;}&#13;&#10;&#13;&#10;&#13;&#10;/*ranges are not continuous*/&#13;&#10;&#13;&#10;@Test&#13;&#10;&#13;&#10;public void notContinuousRanges() {&#13;&#10;&#13;&#10;try {&#13;&#10;&#13;&#10;assertEquals(&quot;The combination of range[-1,1] and range[5,10] should be [-1,10]&quot;,new Range(-1,10),Range.combine((new Range(-1,1)),(new Range(5,10))));&#13;&#10;&#13;&#10;}&#13;&#10;&#13;&#10;catch(Exception e) {&#13;&#10;&#13;&#10;fail(&quot; notContinuousRanges should not have an error but we get &quot;+ e.getClass() + e.getMessage());&#13;&#10;&#13;&#10;}&#13;&#10;&#13;&#10;}&#13;&#10;&#13;&#10;&#13;&#10;// getLowerBound() test&#13;&#10;&#13;&#10;@Test&#13;&#10;&#13;&#10;public void testNegativeNumberForLowerBound() { // Lower bound being a negative number&#13;&#10;&#13;&#10;assertEquals(&quot;The value of lower bound should return -10&quot;,-10, rangeN.getLowerBound(), .000000001d);&#13;&#10;&#13;&#10;}&#13;&#10;&#13;&#10;&#13;&#10;@Test&#13;&#10;&#13;&#10;public void testZeroForLowerBound() { // Lower bound being at 0&#13;&#10;&#13;&#10;assertEquals(&quot;The value of lower bound should return 0&quot;, 0, rangeZ.getLowerBound(), .000000001d);&#13;&#10;&#13;&#10;}&#13;&#10;&#13;&#10;&#13;&#10;@Test&#13;&#10;&#13;&#10;public void testPositiveNumberForLowerBound() { // Lower bound being a positive number&#13;&#10;&#13;&#10;assertEquals(&quot;The value of lower bound should return 1&quot;, 1, rangeP.getLowerBound(), .000000001d);&#13;&#10;&#13;&#10;}&#13;&#10;&#13;&#10;@Test&#13;&#10;&#13;&#10;public void testDoubleForLowerBound() { // Lower bound being a double&#13;&#10;&#13;&#10;assertEquals(&quot;The value of lower bound should return 2.5&quot;, 2.5, rangeDoub.getLowerBound(), .000000001d);&#13;&#10;&#13;&#10;}&#13;&#10;&#13;&#10;&#13;&#10;// getUpperBound() test cases&#13;&#10;&#13;&#10;@Test&#13;&#10;&#13;&#10;public void testNegativeNumberForUpperBound() { // Upper bound being a negative number&#13;&#10;&#13;&#10;assertEquals(&quot;The value of upper bound should return 1&quot;, 1, rangeN.getUpperBound(), .000000001d);&#13;&#10;&#13;&#10;}&#13;&#10;&#13;&#10;// Test has a failure, the upper bound is not returned&#13;&#10;&#13;&#10;// Test passes for the value of the lower bound&#13;&#10;&#13;&#10;&#13;&#10;@Test&#13;&#10;&#13;&#10;public void testZeroForUpperBound() { // Upper bound being at 0&#13;&#10;&#13;&#10;assertEquals(&quot;The value of upper bound should return 0&quot;, 0, rangeZ.getUpperBound(), .000000001d);&#13;&#10;&#13;&#10;}&#13;&#10;&#13;&#10;// Test passes only because lower bound == upper bound == 0&#13;&#10;&#13;&#10;&#13;&#10;@Test&#13;&#10;&#13;&#10;public void testPositiveNumberForUpperBound() { // Upper bound being a positive number&#13;&#10;&#13;&#10;assertEquals(&quot;The value of upper bound should return 10&quot;, 10, rangeP.getUpperBound(), .000000001d);&#13;&#10;&#13;&#10;}&#13;&#10;&#13;&#10;// Test has a failure, the upper bound is not returned&#13;&#10;&#13;&#10;// Test passes for the value of the lower bound&#13;&#10;&#13;&#10;&#13;&#10;@Test&#13;&#10;&#13;&#10;public void testDoubleForUpperBound() { // Upper bound being a double&#13;&#10;&#13;&#10;assertEquals(&quot;The value of upper bound should return 5.0&quot;, 5.0, rangeDoub.getUpperBound(), .000000001d);&#13;&#10;&#13;&#10;}&#13;&#10;&#13;&#10;// Test has a failure, the upper bound is not returned&#13;&#10;&#13;&#10;// Test passes for the value of the lower bound&#13;&#10;&#13;&#10;&#13;&#10;&#13;&#10;&#13;&#10;&#13;&#10;// shift(Range base, double delta, boolean allowZeroCrossing)&#13;&#10;&#13;&#10;&#13;&#10;//should pass&#13;&#10;&#13;&#10;@Test&#13;&#10;&#13;&#10;public void testingPositiveToZeroWithTrue() {&#13;&#10;&#9;Range origRange = new Range(3.0, 3.0);&#13;&#10;&#9;Range rangeShift = Range.shift(origRange, -3.0, true);&#13;&#10;  Range expected = new Range(0.0, 0.0);&#13;&#10;  assertTrue(&quot;A shift of -3 should return a range of (0, 0)&quot;,&#13;&#10;          rangeShift.equals(expected));&#13;&#10;&#9;&#13;&#10;}&#13;&#10;&#13;&#10;//should pass&#13;&#10;&#13;&#10;@Test&#13;&#10;&#13;&#10;public void testingPositiveToZeroWithFalse() {&#13;&#10;&#9;Range origRange = new Range(3.0, 3.0);&#13;&#10;&#9;Range rangeShift = Range.shift(origRange, -3.0, false);&#13;&#10;Range expected = new Range(0.0, 0.0);&#13;&#10;assertTrue(&quot;A shift of -3 should return a range of (0, 0)&quot;,&#13;&#10;        rangeShift.equals(expected));&#13;&#10;&#9;&#13;&#10;}&#13;&#10;&#13;&#10;//should pass&#13;&#10;&#13;&#10;@Test&#13;&#10;&#13;&#10;public void testingPositiveToNegativeWithTrue() {&#13;&#10;&#9;Range origRange = new Range(3.0, 3.0);&#13;&#10;&#9;Range rangeShift = Range.shift(origRange, -5.0, true);&#13;&#10;    Range expected = new Range(-2.0, -2.0);&#13;&#10;    assertTrue(&quot;A shift of -5 should return a range of (0, 0)&quot;,&#13;&#10;            rangeShift.equals(expected));&#13;&#10;&#9;&#13;&#10;}&#13;&#10;&#13;&#10;// should fail&#13;&#10;&#13;&#10;@Test&#13;&#10;&#13;&#10;&#13;&#10;public void testingPositiveToNegativeWithFalse() {&#13;&#10;&#9;Range origRange = new Range(3.0, 3.0);&#13;&#10;&#9;Range rangeShift = Range.shift(origRange, -5.0, false);&#13;&#10;    Range expected = new Range(-2.0, -2.0);&#13;&#10;    assertTrue(&quot;A shift of -5 should return a range of (0, 0)&quot;,&#13;&#10;            rangeShift.equals(expected));&#13;&#10;&#9;&#13;&#10;}&#13;&#10;&#13;&#10;//should pass&#13;&#10;&#13;&#10;@Test&#13;&#10;&#13;&#10;&#13;&#10;public void testingPositiveToNegativeWithFalseAndZero() {&#13;&#10;&#9;Range origRange = new Range(3.0, 3.0);&#13;&#10;&#9;Range rangeShift = Range.shift(origRange, -5.0, false);&#13;&#10; Range expected = new Range(0.0, 0.0);&#13;&#10; assertTrue(&quot;A shift of -5 should return a range of (0, 0)&quot;,&#13;&#10;         rangeShift.equals(expected));&#13;&#10;&#9;&#13;&#10;}&#13;&#10;&#13;&#10;//should pass&#13;&#10;&#13;&#10;@Test&#13;&#10;&#13;&#10;public void testingPositiveToPositiveWithTrue() {&#13;&#10;&#9;Range origRange = new Range(3.4, 3.7);&#13;&#10;&#9;Range rangeShift = Range.shift(origRange, 5.0, true);&#13;&#10;    Range expected = new Range(8.4, 8.7);&#13;&#10;    assertTrue(&quot;A shift of 5 should return a range of (8.4, 8.7)&quot;,&#13;&#10;            rangeShift.equals(expected));&#13;&#10;&#9;&#13;&#10;}&#13;&#10;&#13;&#10;//should fail&#13;&#10;&#13;&#10;@Test&#13;&#10;&#13;&#10;public void testingPositiveToPositiveWithTrueWrongAnswer() {&#13;&#10;&#9;Range origRange = new Range(3.4, 3.7);&#13;&#10;&#9;Range rangeShift = Range.shift(origRange, 5.0, true);&#13;&#10;  Range expected = new Range(8.4, 8.9);&#13;&#10;  assertTrue(&quot;A shift of 5 should return a range of (8.4, 8.7)&quot;,&#13;&#10;          rangeShift.equals(expected));&#13;&#10;&#9;&#13;&#10;}&#13;&#10;&#13;&#10;//should fail&#13;&#10;&#13;&#10;@Test&#13;&#10;&#13;&#10;public void testingNegativeToPositiveWithFalse() {&#13;&#10;&#9;Range origRange = new Range(-3.0, -2.0);&#13;&#10;&#9;Range rangeShift = Range.shift(origRange, 5.0, false);&#13;&#10;  Range expected = new Range(2.0, 3.0);&#13;&#10;  assertTrue(&quot;A shift of 5 should return a range of (0, 0)&quot;,&#13;&#10;          rangeShift.equals(expected));&#13;&#10;&#9;&#13;&#10;}&#13;&#10;&#13;&#10;//should pass&#13;&#10;&#13;&#10;@Test&#13;&#10;&#13;&#10;public void testingNegativeToPositiveWithTrue() {&#13;&#10;&#9;Range origRange = new Range(-3.0, -2.0);&#13;&#10;&#9;Range rangeShift = Range.shift(origRange, 5.0, true);&#13;&#10;&#9;Range expected = new Range(2.0, 3.0);&#13;&#10;&#9;assertTrue(&quot;A shift of 5 should return a range of (2, 3)&quot;,&#13;&#10;        rangeShift.equals(expected));&#13;&#10;&#9;&#13;&#10;}&#13;&#10;&#13;&#10;//should pass&#13;&#10;&#13;&#10;@Test&#13;&#10;&#13;&#10;public void testingNegativeToPositiveWithTrueSplitRange() {&#13;&#10;&#9;Range origRange = new Range(-3.0, 2.0);&#13;&#10;&#9;Range rangeShift = Range.shift(origRange, 5.0, true);&#13;&#10;Range expected = new Range(2.0, 7.0);&#13;&#10;assertTrue(&quot;A shift of 5 should return a range of (2, 7)&quot;,&#13;&#10;      rangeShift.equals(expected));&#13;&#10;&#9;&#13;&#10;}&#13;&#10;&#13;&#10;//should fail&#13;&#10;&#13;&#10;@Test&#13;&#10;&#13;&#10;public void testingNegativeToPositiveWithFalseSplitRange() {&#13;&#10;&#9;Range origRange = new Range(-3.0, 2.0);&#13;&#10;&#9;Range rangeShift = Range.shift(origRange, 5.0, false);&#13;&#10;Range expected = new Range(2.0, 7.0);&#13;&#10;assertTrue(&quot;A shift of 5 should return a range of (0, 7)&quot;,&#13;&#10;    rangeShift.equals(expected));&#13;&#10;&#9;&#13;&#10;}&#13;&#10;&#13;&#10;// should pass&#13;&#10;&#13;&#10;@Test&#13;&#10;&#13;&#10;public void testingNegativeToPositiveWithFalseSplitRangeCorrectAnswer() {&#13;&#10;&#9;Range origRange = new Range(-3.0, 2.0);&#13;&#10;&#9;Range rangeShift = Range.shift(origRange, 5.0, false);&#13;&#10;Range expected = new Range(0.0, 7.0);&#13;&#10;assertTrue(&quot;A shift of 0 should return a range of (0.0, 7.0)&quot;,&#13;&#10;    rangeShift.equals(expected));&#13;&#10;&#9;&#13;&#10;}&#13;&#10;&#13;&#10;&#13;&#10;//should fail&#13;&#10;&#13;&#10;@Test&#13;&#10;&#13;&#10;public void testingPositiveToPositiveWithFalseWrongAnswer() {&#13;&#10;&#9;Range origRange = new Range(3.4, 3.7);&#13;&#10;&#9;Range rangeShift = Range.shift(origRange, 5.0, false);&#13;&#10;Range expected = new Range(8.4, 8.9);&#13;&#10;assertTrue(&quot;A shift of 0 should return a range of (8.4, 8.7)&quot;,&#13;&#10;        rangeShift.equals(expected));&#13;&#10;&#9;&#13;&#10;}&#13;&#10;&#13;&#10;//should pass&#13;&#10;&#13;&#10;@Test&#13;&#10;&#13;&#10;public void testingPositiveToPositiveWithFalseCorrectAnswer() {&#13;&#10;&#9;Range origRange = new Range(3.4, 3.7);&#13;&#10;&#9;Range rangeShift = Range.shift(origRange, 5.3, false);&#13;&#10;Range expected = new Range(8.7, 9.0);&#13;&#10;assertTrue(&quot;A shift of 5.3 should return a range of (8.7, 9.0)&quot;,&#13;&#10;      rangeShift.equals(expected));&#13;&#10;&#9;&#13;&#10;}&#13;&#10;&#13;&#10;&#13;&#10;@Test(expected = IllegalArgumentException.class)&#13;&#10;public void shiftTestWithNullRange() {&#13;&#10;    Range.shift(null, -3, true);&#13;&#10;}&#13;&#10;&#13;&#10;&#13;&#10;//shift(Range base, double delta)&#13;&#10;&#13;&#10;//should pass&#13;&#10;&#13;&#10;@Test&#13;&#10;&#13;&#10;public void testingPositiveToPositive() {&#13;&#10;&#9;Range origRange = new Range(3.4, 3.7);&#13;&#10;&#9;Range rangeShift = Range.shift(origRange, 5.3);&#13;&#10;Range expected = new Range(8.7, 9.0);&#13;&#10;assertTrue(&quot;A shift of 5.3 should return a range of (8.7, 9.0)&quot;,&#13;&#10;    rangeShift.equals(expected));&#13;&#10;&#9;&#13;&#10;}&#13;&#10;&#13;&#10;// should pass &#13;&#10;&#13;&#10;@Test&#13;&#10;&#13;&#10;public void testingPositiveToNegative() {&#13;&#10;&#9;Range origRange = new Range(3.4, 3.7);&#13;&#10;&#9;Range rangeShift = Range.shift(origRange, -5.3);&#13;&#10;Range expected = new Range(0.0, 0.0);&#13;&#10;assertTrue(&quot;A shift of -5.3 should return a range of (0 ,0)&quot;,&#13;&#10;    rangeShift.equals(expected));&#13;&#10;&#9;&#13;&#10;}&#13;&#10;&#13;&#10;//should pass&#13;&#10;&#13;&#10;@Test&#13;&#10;&#13;&#10;public void testingPositiveToNegativeSplit() {&#13;&#10;&#9;Range origRange = new Range(-3.4, 3.7);&#13;&#10;&#9;Range rangeShift = Range.shift(origRange, -5.3);&#13;&#10;Range expected = new Range(-8.7, 0.0);&#13;&#10;assertTrue(&quot;A shift of -5.3 should return a range of (-8.7, 0.0)&quot;,&#13;&#10; rangeShift.equals(expected));&#13;&#10;&#9;&#13;&#10;}&#13;&#10;&#13;&#10;//should fail&#13;&#10;&#13;&#10;@Test&#13;&#10;&#13;&#10;public void testingPositiveToNegativeSplit1() {&#13;&#10;&#9;Range origRange = new Range(3.4, 3.7);&#13;&#10;&#9;Range rangeShift = Range.shift(origRange, -5.3);&#13;&#10;Range expected = new Range(-1.9, -1.6);&#13;&#10;assertTrue(&quot;A shift of -5.3 should return a range of (0, 0)&quot;,&#13;&#10;rangeShift.equals(expected));&#13;&#10;&#9;&#13;&#10;}&#13;&#10;&#13;&#10;//should fail &#13;&#10;&#13;&#10;@Test&#13;&#10;&#13;&#10;public void testingNegativeToPositive() {&#13;&#10;&#9;Range origRange = new Range(-3.4, -3.1);&#13;&#10;&#9;Range rangeShift = Range.shift(origRange, 5.3);&#13;&#10;Range expected = new Range(1.9, 2.2);&#13;&#10;assertTrue(&quot;A shift of 5.3 should return a range of (0, 0)&quot;,&#13;&#10;rangeShift.equals(expected));&#13;&#10;&#9;&#13;&#10;}&#13;&#10;&#13;&#10;//should pass&#13;&#10;&#13;&#10;@Test&#13;&#10;&#13;&#10;public void testingNegativeToPositiveWithCorrectAnswer() {&#13;&#10;&#9;Range origRange = new Range(-3.4, -3.1);&#13;&#10;&#9;Range rangeShift = Range.shift(origRange, 5.3);&#13;&#10;Range expected = new Range(0, 0);&#13;&#10;assertTrue(&quot;A shift of 5.3 should return a range of (0, 0)&quot;,&#13;&#10;rangeShift.equals(expected));&#13;&#10;&#9;&#13;&#10;}&#13;&#10;&#13;&#10;//should pass&#13;&#10;&#13;&#10;@Test&#13;&#10;&#13;&#10;public void testingNegativeToPositiveWithCorrectAnswerSplit() {&#13;&#10;&#9;Range origRange = new Range(-3.4, 3.7);&#13;&#10;&#9;Range rangeShift = Range.shift(origRange, 5.3);&#13;&#10;Range expected = new Range(0, 9);&#13;&#10;assertTrue(&quot;A shift of 5.3 should return a range of (0, 9)&quot;,&#13;&#10;rangeShift.equals(expected));&#13;&#10;&#9;&#13;&#10;}&#13;&#10;&#13;&#10;//should fail&#13;&#10;&#13;&#10;@Test&#13;&#10;&#13;&#10;public void testingNegativeToPositiveWithWrongAnswerSplit1() {&#13;&#10;&#9;Range origRange = new Range(-3.4, 3.7);&#13;&#10;&#9;Range rangeShift = Range.shift(origRange, 5.3);&#13;&#10;Range expected = new Range(1.9, 9);&#13;&#10;assertTrue(&quot;A shift of 5.3 should return a range of (0, 9)&quot;,&#13;&#10;rangeShift.equals(expected));&#13;&#10;&#9;&#13;&#10;}&#13;&#10;&#13;&#10;//should pass&#13;&#10;&#13;&#10;@Test&#13;&#10;&#13;&#10;public void testingNegativeToZero() {&#13;&#10;&#9;Range origRange = new Range(-4.0, -4.0);&#13;&#10;&#9;Range rangeShift = Range.shift(origRange, 4.0);&#13;&#10;Range expected = new Range(0, 0);&#13;&#10;assertTrue(&quot;A shift of 4 should return a range of (0, 0)&quot;,&#13;&#10;rangeShift.equals(expected));&#13;&#10;&#9;&#13;&#10;}&#13;&#10;&#13;&#10;//should pass&#13;&#10;&#13;&#10;@Test&#13;&#10;&#13;&#10;public void testingPositiveToZero() {&#13;&#10;&#9;Range origRange = new Range(4.0, 4.0);&#13;&#10;&#9;Range rangeShift = Range.shift(origRange, -4.0);&#13;&#10;Range expected = new Range(0, 0);&#13;&#10;assertTrue(&quot;A shift of -4 should return a range of (0, 0)&quot;,&#13;&#10;rangeShift.equals(expected));&#13;&#10;&#9;&#13;&#10;}&#13;&#10;&#13;&#10;&#13;&#10;// should pass&#13;&#10;&#13;&#10;@Test(expected = IllegalArgumentException.class)&#13;&#10;public void shiftTestWithNullRange1() {&#13;&#10;    Range.shift(null, -3 );&#13;&#10;}&#13;&#10;&#13;&#10;&#13;&#10;// toString() Tests&#13;&#10;&#13;&#10;&#13;&#10;// should pass &#13;&#10;&#13;&#10;@Test&#13;&#10;public void NegativeAndPositive() {&#13;&#10;&#9;Range range = new Range(-3.4, 4.1);&#13;&#10;&#9;String actual = range.toString();&#13;&#10;&#9;assertEquals(&quot;The string should match Range[-3.4,4.1]&quot;, &quot;Range[-3.4,4.1]&quot;, actual);&#13;&#10;}&#13;&#10;&#13;&#10;// should pass&#13;&#10;&#13;&#10;@Test&#13;&#10;public void PositiveAndPositive() {&#13;&#10;&#9;Range range = new Range(3.0, 5.0);&#13;&#10;&#9;String actual = range.toString();&#13;&#10;&#9;assertEquals(&quot;The string should match Range[3.0,5.0]&quot;, &quot;Range[3.0,5.0]&quot;, actual);&#13;&#10;}&#13;&#10;&#13;&#10;//should pass&#13;&#10;&#13;&#10;@Test&#13;&#10;public void NegativeAndNegative() {&#13;&#10;&#9;Range range = new Range(-8.2, -1.1);&#13;&#10;&#9;String actual = range.toString();&#13;&#10;&#9;assertEquals(&quot;The string should match Range[-8.2,-1.1]&quot;, &quot;Range[-8.2,-1.1]&quot;, actual);&#13;&#10;}&#13;&#10;&#13;&#10;//should pass&#13;&#10;&#13;&#10;@Test&#13;&#10;public void ZeroAndZero() {&#13;&#10;&#9;Range range = new Range(0.0, 0.0);&#13;&#10;&#9;String actual = range.toString();&#13;&#10;&#9;assertEquals(&quot;The string should match Range[0.0,0.0]&quot;, &quot;Range[0.0,0.0]&quot;, actual);&#13;&#10;}&#13;&#10;&#13;&#10;//should fail&#13;&#10;&#13;&#10;@Test&#13;&#10;public void WrongStringFormatGap() {&#13;&#10;&#9;Range range = new Range(0.0, 0.0);&#13;&#10;&#9;String actual = range.toString();&#13;&#10;&#9;assertEquals(&quot;The string should match Range[0.0,0.0]&quot;, &quot;Range[0.0, 0.0]&quot;, actual);&#13;&#10;}&#13;&#10;&#13;&#10;//should fail&#13;&#10;&#13;&#10;@Test&#13;&#10;public void WrongStringFormatSpelling() {&#13;&#10;&#9;Range range = new Range(0.0, 0.0);&#13;&#10;&#9;String actual = range.toString();&#13;&#10;&#9;assertEquals(&quot;The string should match Range[0.0,0.0]&quot;, &quot;Ran[0.0, 0.0]&quot;, actual);&#13;&#10;}&#13;&#10;&#13;&#10;&#13;&#10;// intersects() Tests&#13;&#10;&#13;&#10;// should pass&#13;&#10;&#13;&#10;@Test&#13;&#10;public void intersectRangeRightSide() {&#13;&#10;    &#13;&#10;&#9;Range orig = new Range(-2, 3);&#13;&#10;&#9;Range test = new Range(-8, 0);&#13;&#10;&#9;&#13;&#10;&#9;assertTrue(orig.intersects(test));&#13;&#10;}&#13;&#10;&#13;&#10;// should pass&#13;&#10;&#13;&#10;@Test&#13;&#10;public void intersectRangeLeftSide() {&#13;&#10;    &#13;&#10;&#9;Range orig = new Range(-2, 3);&#13;&#10;&#9;Range test = new Range(-1, 5);&#13;&#10;&#9;&#13;&#10;&#9;assertTrue(orig.intersects(test));&#13;&#10;}&#13;&#10;&#13;&#10;&#13;&#10;//should pass&#13;&#10;&#13;&#10;@Test&#13;&#10;public void intersectRangeBothSides() {&#13;&#10; &#13;&#10;&#9;Range orig = new Range(-2, 3);&#13;&#10;&#9;Range test = new Range(0, 2);&#13;&#10;&#9;&#13;&#10;&#9;assertTrue(orig.intersects(test));&#13;&#10;}&#13;&#10;&#13;&#10;&#13;&#10;&#13;&#10;//should pass&#13;&#10;&#13;&#10;&#13;&#10;@Test&#13;&#10;public void intersectRangeFloatRightSide() {&#13;&#10;&#9;Range orig = new Range(-1.9, 3);&#13;&#10;&#9;Range test = new Range(-3, -1.7);&#13;&#10;&#9;&#13;&#10;&#9;assertTrue(orig.intersects(test));&#13;&#10;}&#13;&#10;&#13;&#10;//should pass&#13;&#10;&#13;&#10;@Test&#13;&#10;public void intersectRangeFloatLeftSide() {&#13;&#10;&#9;Range orig = new Range(-2, 2.9);&#13;&#10;&#9;Range test = new Range(2.8, 8);&#13;&#10;&#9;&#13;&#10;&#9;assertTrue(orig.intersects(test));&#13;&#10;}&#13;&#10;&#13;&#10;&#13;&#10;&#13;&#10;// getCenteralValue() Tests&#13;&#10;&#13;&#10;// should pass&#13;&#10;&#13;&#10;@Test&#13;&#10;public void centeralValueCorrectNegativeNegative() {&#13;&#10;&#9;Range orig = new Range(-2, -1);&#13;&#10;    assertEquals(&quot;The centeral value should be -1.5&quot;,&#13;&#10;    -1.5, orig.getCentralValue(), .000000001d);&#13;&#10;}&#13;&#10;&#13;&#10;// should pass&#13;&#10;&#13;&#10;@Test&#13;&#10;public void centeralValueCorrectNegativePositive() {&#13;&#10;&#9;Range orig = new Range(-2, 3);&#13;&#10;    assertEquals(&quot;The centeral value should be 0.5&quot;,&#13;&#10;    0.5, orig.getCentralValue(), .000000001d);&#13;&#10;}&#13;&#10;&#13;&#10;//should pass&#13;&#10;&#13;&#10;@Test&#13;&#10;public void centeralValueCorrectPositivePositive() {&#13;&#10;&#9;Range orig = new Range(2.5, 2.9);&#13;&#10; assertEquals(&quot;The centeral value should be 2.7&quot;,&#13;&#10; 2.7, orig.getCentralValue(), .000000001d);&#13;&#10;}&#13;&#10;&#13;&#10;//should fail&#13;&#10;&#13;&#10;@Test&#13;&#10;public void centeralValueWrongPositivePositive() {&#13;&#10;&#9;Range orig = new Range(2.5, 2.9);&#13;&#10;assertEquals(&quot;The centeral value should be 2.7&quot;,&#13;&#10;2.6, orig.getCentralValue(), .000000001d);&#13;&#10;}&#13;&#10;&#13;&#10;//should fail&#13;&#10;&#13;&#10;@Test&#13;&#10;public void centeralValueWrongNegativeNegative() {&#13;&#10;&#9;Range orig = new Range(-2, -1);&#13;&#10; assertEquals(&quot;The centeral value should be -1.5&quot;,&#13;&#10; -1.9, orig.getCentralValue(), .000000001d);&#13;&#10;}&#13;&#10;&#13;&#10;//should fail&#13;&#10;&#13;&#10;@Test&#13;&#10;public void centeralValueWrongNegativePositive() {&#13;&#10;&#9;Range orig = new Range(-2, 3);&#13;&#10; assertEquals(&quot;The centeral value should be 0.5&quot;,&#13;&#10; 0.0, orig.getCentralValue(), .000000001d);&#13;&#10;}&#13;&#10;&#13;&#10;// expandToInclude() Tests&#13;&#10;&#13;&#10;// should pass&#13;&#10;&#13;&#10;@Test&#13;&#10;public void expandToIncludeLeftSideCorrect() {&#13;&#10;&#9;Range orig = new Range(-1, 1);&#13;&#10;    assertEquals(&quot;New Range should be (-10, 1)&quot;, new Range(-10, 1),&#13;&#10;            Range.expandToInclude(orig, -10));&#13;&#10;}&#13;&#10;&#13;&#10;//should pass&#13;&#10;&#13;&#10;@Test&#13;&#10;public void expandToIncludeRightSideCorrect() {&#13;&#10;&#9;Range orig = new Range(-1, 1);&#13;&#10;&#9;assertEquals(&quot;New Range should be (-1, 2.9)&quot;, new Range(-1, 2.9),&#13;&#10;          Range.expandToInclude(orig, 2.9));&#13;&#10;}&#13;&#10;&#13;&#10;//should pass&#13;&#10;&#13;&#10;@Test&#13;&#10;public void NoNeedToExpandToIncludeCorrect() {&#13;&#10;&#9;Range orig = new Range(-1, 1);&#13;&#10;&#9;assertEquals(&quot;New Range should be (-1.0, 1.0)&quot;, new Range(-1.0, 1.0),&#13;&#10;        Range.expandToInclude(orig, 0.3));&#13;&#10;}&#13;&#10;&#13;&#10;//should fail&#13;&#10;&#13;&#10;@Test&#13;&#10;public void expandToIncludeRightSideWrong() {&#13;&#10;&#9;Range orig = new Range(-1, 1);&#13;&#10;&#9;assertEquals(&quot;New Range should be (-1, 7)&quot;, new Range(-1, 6),&#13;&#10;      Range.expandToInclude(orig, 7));&#13;&#10;}&#13;&#10;&#13;&#10;//should fail&#13;&#10;&#13;&#10;@Test&#13;&#10;public void expandToIncludeLeftSideWrong() {&#13;&#10;&#9;Range orig = new Range(-1, 1);&#13;&#10;&#9;assertEquals(&quot;New Range should be (-3, 1)&quot;, new Range(-2, 1),&#13;&#10;    Range.expandToInclude(orig, -3));&#13;&#10;}&#13;&#10;&#13;&#10;//should pass&#13;&#10;&#13;&#10;@Test&#13;&#10;public void expandToIncludeLeftSideSame() {&#13;&#10;&#9;Range orig = new Range(-1, 1);&#13;&#10;assertEquals(&quot;New Range should be (-1, 1)&quot;, new Range(-1, 1),&#13;&#10;  Range.expandToInclude(orig, -1));&#13;&#10;}&#13;&#10;&#13;&#10;//should pass&#13;&#10;&#13;&#10;@Test&#13;&#10;public void expandToIncludeRightSideSame() {&#13;&#10;&#9;Range orig = new Range(-1, 1);&#13;&#10;assertEquals(&quot;New Range should be (-1, 1)&quot;, new Range(-1, 1),&#13;&#10;Range.expandToInclude(orig, 1));&#13;&#10;}&#13;&#10;&#13;&#10;&#13;&#10;// expand test&#13;&#10;&#13;&#10;@Test&#13;&#10;public void expandUsingZeroMarginsTest() {&#13;&#10;&#9;range1 = new Range(12, 32);&#13;&#10;&#9;range2 = new Range(13, 20);&#13;&#10;&#9;assertEquals(&quot;Used expand with 0 on both ranges but the range changed.&quot;, Range.expand(range1, 0, 0), range2);&#13;&#10;}&#13;&#10;&#13;&#10;//if null range object is used&#13;&#10;@Test&#13;&#10;public void nullRange() {&#13;&#10;&#9;try {&#13;&#10;&#9;&#9;Range.expand(null,0.2,0.5);&#13;&#10;&#9;&#9;fail(&quot;InvalidParameterException was not used&quot;);&#13;&#10;&#9;}&#13;&#10;&#9;catch(Exception e) {&#13;&#10;&#9;&#9;assertEquals(&quot;Did not use InvalidParameterException&quot;, IllegalArgumentException.class, e.getClass());&#13;&#10;&#9;}&#13;&#10;}&#13;&#10;&#13;&#10;&#13;&#10;// Equals test&#13;&#10;//if two upper boundaries are same but the lower boundaries are different &#13;&#10;@Test&#13;&#10;public void sameUpperBoundary() {&#13;&#10;&#9;assertEquals(&quot;Testing two Range objects with the same upper boundary but different lower boundaries&quot;, false, range.equals(new Range(20, 50)));&#13;&#10;}&#13;&#10;&#9;&#13;&#10;//if two lower boundaries are same but the upper boundaries are different &#13;&#10;@Test&#13;&#10;public void  sameLowerBoundary() {&#13;&#10;&#9;assertEquals(&quot;Testing two Range objects with the same lower boundary but different upper boundaries&quot;, false, range.equals(new Range(10, 40)));&#13;&#10;}&#13;&#10;&#9;&#13;&#10;//if two different objects with different ranges are equal&#13;&#10;@Test&#13;&#10;public void diffRanges() {&#13;&#10;&#9;assertEquals(&quot;Testing object with two different ranges&quot;, false, range.equals(new Range(30, 70)));&#13;&#10;}&#13;&#10;&#9;&#13;&#10;//is two different objects with same ranges are equal&#13;&#10;@Test&#13;&#10;public void sameRanges() {&#13;&#10;&#9;assertEquals(&quot;Testing object with two same ranges&quot;, true, range.equals(new Range(10, 50)));&#13;&#10;}&#13;&#10;&#9;&#13;&#10;//if null is used&#13;&#10;@Test&#13;&#10;public void nullRangeEquals() {&#13;&#10;&#9;assertEquals(&quot;Testing a null range object&quot;, false, range.equals(null));&#13;&#10;}&#13;&#10;&#13;&#10;//contain Tests&#13;&#10;&#13;&#10;//if the lower boundary is in the range &#13;&#10;@Test&#13;&#10;public void inLowerBoundary() {&#13;&#10;&#9;assertTrue(&quot;The lower boundary is out of the range&quot;, this.rangeC.contains(5));&#13;&#10;}&#13;&#10;&#9;&#13;&#10;//if the upper boundary is in the range &#13;&#10;@Test&#13;&#10;public void inUpperBoundary() {&#13;&#10;&#9;assertTrue(&quot;The upper Bound is out of the range&quot;, this.rangeC.contains(20));&#13;&#10;}&#13;&#10;&#9;&#13;&#10;//number in between the range&#13;&#10;@Test&#13;&#10;public void numberInRange() {&#13;&#10;&#9;assertTrue(&quot;The number is out of the range&quot;, this.rangeC.contains(10));&#13;&#10;}&#13;&#10;&#13;&#10;&#13;&#10;@After&#13;&#10;&#13;&#10;public void tearDown() throws Exception {&#13;&#10;&#13;&#10;}&#13;&#10;&#13;&#10;@AfterClass&#13;&#10;&#13;&#10;public static void tearDownAfterClass() throws Exception {&#13;&#10;&#13;&#10;}&#13;&#10;&#13;&#10;}" Filename="RangeTest.java" Intrnl_Id="2"/>
    </SrcFileList>
    <CritList>
        <CritListEntry Name="org.codecover.model.utils.criteria.LoopCoverage" PluginName="org.codecover"/>
        <CritListEntry Name="org.codecover.model.utils.criteria.QMOCoverage" PluginName="org.codecover"/>
        <CritListEntry Name="org.codecover.model.utils.criteria.ConditionCoverage" PluginName="org.codecover"/>
        <CritListEntry Name="org.codecover.model.utils.criteria.BranchCoverage" PluginName="org.codecover"/>
        <CritListEntry Name="org.codecover.model.utils.criteria.SynchronizedStatementCoverage" PluginName="org.codecover"/>
        <CritListEntry Name="org.codecover.model.utils.criteria.StatementCoverage" PluginName="org.codecover"/>
    </CritList>
    <BoolOpList/>
    <HierarchyLvlTypeList>
        <HierarchyLvlType EnglishName="package" IntrnlName="package" Intrnl_Id="3"/>
        <HierarchyLvlType EnglishName="anonymous class" IntrnlName="class" Intrnl_Id="4"/>
        <HierarchyLvlType EnglishName="method" IntrnlName="method" Intrnl_Id="5"/>
        <HierarchyLvlType EnglishName="class" IntrnlName="class" Intrnl_Id="6"/>
        <HierarchyLvlType EnglishName="default package" IntrnlName="default package" Intrnl_Id="7"/>
    </HierarchyLvlTypeList>
    <MASTRoot>
        <HierarchyLvl HierarchyLvlId="6892" HierarchyLvlTypeId="7" Intrnl_Id="8" Name="default package">
            <Header/>
            <LocList/>
            <HierarchyLvl HierarchyLvlId="6891" HierarchyLvlTypeId="3" Intrnl_Id="9" Name="org">
                <Header/>
                <LocList/>
                <HierarchyLvl HierarchyLvlId="6890" HierarchyLvlTypeId="3" Intrnl_Id="10" Name="jfree">
                    <Header/>
                    <LocList/>
                    <HierarchyLvl HierarchyLvlId="6889" HierarchyLvlTypeId="3" Intrnl_Id="11" Name="data">
                        <Header/>
                        <LocList/>
                        <HierarchyLvl HierarchyLvlId="6888" HierarchyLvlTypeId="3" Intrnl_Id="12" Name="test">
                            <Header/>
                            <LocList/>
                            <HierarchyLvl HierarchyLvlId="6800" HierarchyLvlTypeId="6" Intrnl_Id="13" Name="DataUtilitesTest">
                                <Header>
                                    <Loc EndOffset="475" SrcFileId="1" StartOffset="424"/>
                                </Header>
                                <LocList>
                                    <Loc EndOffset="18018" SrcFileId="1" StartOffset="424"/>
                                </LocList>
                                <HierarchyLvl HierarchyLvlId="6756" HierarchyLvlTypeId="5" Intrnl_Id="14" Name="setUpBeforeClass">
                                    <Header>
                                        <Loc EndOffset="611" SrcFileId="1" StartOffset="542"/>
                                    </Header>
                                    <LocList>
                                        <Loc EndOffset="617" SrcFileId="1" StartOffset="542"/>
                                    </LocList>
                                </HierarchyLvl>
                                <HierarchyLvl HierarchyLvlId="6757" HierarchyLvlTypeId="5" Intrnl_Id="15" Name="setUp">
                                    <Header>
                                        <Loc EndOffset="669" SrcFileId="1" StartOffset="623"/>
                                    </Header>
                                    <LocList>
                                        <Loc EndOffset="772" SrcFileId="1" StartOffset="623"/>
                                    </LocList>
                                    <StmntSeq Intrnl_Id="16">
                                        <LocList>
                                            <Loc EndOffset="707" SrcFileId="1" StartOffset="676"/>
                                            <Loc EndOffset="760" SrcFileId="1" StartOffset="715"/>
                                        </LocList>
                                        <BasicStmnt CovItemId="S1" CovItemPrefix="org.jfree.data.test.DataUtilitesTest.java" Intrnl_Id="17">
                                            <LocList>
                                                <Loc EndOffset="707" SrcFileId="1" StartOffset="676"/>
                                            </LocList>
                                        </BasicStmnt>
                                        <BasicStmnt CovItemId="S2" CovItemPrefix="org.jfree.data.test.DataUtilitesTest.java" Intrnl_Id="18">
                                            <LocList>
                                                <Loc EndOffset="760" SrcFileId="1" StartOffset="715"/>
                                            </LocList>
                                        </BasicStmnt>
                                    </StmntSeq>
                                </HierarchyLvl>
                                <HierarchyLvl HierarchyLvlId="6759" HierarchyLvlTypeId="5" Intrnl_Id="19" Name="calculateColumnTotalForThreeRows">
                                    <Header>
                                        <Loc EndOffset="925" SrcFileId="1" StartOffset="871"/>
                                    </Header>
                                    <LocList>
                                        <Loc EndOffset="1562" SrcFileId="1" StartOffset="871"/>
                                    </LocList>
                                    <StmntSeq Intrnl_Id="20">
                                        <LocList>
                                            <Loc EndOffset="984" SrcFileId="1" StartOffset="960"/>
                                            <Loc EndOffset="1369" SrcFileId="1" StartOffset="1367"/>
                                            <Loc EndOffset="1456" SrcFileId="1" StartOffset="1394"/>
                                            <Loc EndOffset="1513" SrcFileId="1" StartOffset="1479"/>
                                        </LocList>
                                        <BasicStmnt CovItemId="S3" CovItemPrefix="org.jfree.data.test.DataUtilitesTest.java" Intrnl_Id="21">
                                            <LocList>
                                                <Loc EndOffset="984" SrcFileId="1" StartOffset="960"/>
                                                <Loc EndOffset="1369" SrcFileId="1" StartOffset="1367"/>
                                            </LocList>
                                        </BasicStmnt>
                                        <BasicStmnt CovItemId="S12" CovItemPrefix="org.jfree.data.test.DataUtilitesTest.java" Intrnl_Id="22">
                                            <LocList>
                                                <Loc EndOffset="1456" SrcFileId="1" StartOffset="1394"/>
                                            </LocList>
                                        </BasicStmnt>
                                        <BasicStmnt CovItemId="S13" CovItemPrefix="org.jfree.data.test.DataUtilitesTest.java" Intrnl_Id="23">
                                            <LocList>
                                                <Loc EndOffset="1513" SrcFileId="1" StartOffset="1479"/>
                                            </LocList>
                                        </BasicStmnt>
                                    </StmntSeq>
                                    <HierarchyLvl HierarchyLvlId="6758" HierarchyLvlTypeId="4" Intrnl_Id="24" Name="Expectations">
                                        <Header>
                                            <Loc EndOffset="1002" SrcFileId="1" StartOffset="988"/>
                                        </Header>
                                        <LocList>
                                            <Loc EndOffset="1367" SrcFileId="1" StartOffset="984"/>
                                        </LocList>
                                        <StmntSeq Intrnl_Id="25">
                                            <LocList>
                                                <Loc EndOffset="1057" SrcFileId="1" StartOffset="1031"/>
                                                <Loc EndOffset="1093" SrcFileId="1" StartOffset="1072"/>
                                                <Loc EndOffset="1135" SrcFileId="1" StartOffset="1108"/>
                                                <Loc EndOffset="1173" SrcFileId="1" StartOffset="1150"/>
                                                <Loc EndOffset="1215" SrcFileId="1" StartOffset="1188"/>
                                                <Loc EndOffset="1253" SrcFileId="1" StartOffset="1230"/>
                                                <Loc EndOffset="1295" SrcFileId="1" StartOffset="1268"/>
                                                <Loc EndOffset="1332" SrcFileId="1" StartOffset="1310"/>
                                            </LocList>
                                            <BasicStmnt CovItemId="S4" CovItemPrefix="org.jfree.data.test.DataUtilitesTest.java" Intrnl_Id="26">
                                                <LocList>
                                                    <Loc EndOffset="1057" SrcFileId="1" StartOffset="1031"/>
                                                </LocList>
                                            </BasicStmnt>
                                            <BasicStmnt CovItemId="S5" CovItemPrefix="org.jfree.data.test.DataUtilitesTest.java" Intrnl_Id="27">
                                                <LocList>
                                                    <Loc EndOffset="1093" SrcFileId="1" StartOffset="1072"/>
                                                </LocList>
                                            </BasicStmnt>
                                            <BasicStmnt CovItemId="S6" CovItemPrefix="org.jfree.data.test.DataUtilitesTest.java" Intrnl_Id="28">
                                                <LocList>
                                                    <Loc EndOffset="1135" SrcFileId="1" StartOffset="1108"/>
                                                </LocList>
                                            </BasicStmnt>
                                            <BasicStmnt CovItemId="S7" CovItemPrefix="org.jfree.data.test.DataUtilitesTest.java" Intrnl_Id="29">
                                                <LocList>
                                                    <Loc EndOffset="1173" SrcFileId="1" StartOffset="1150"/>
                                                </LocList>
                                            </BasicStmnt>
                                            <BasicStmnt CovItemId="S8" CovItemPrefix="org.jfree.data.test.DataUtilitesTest.java" Intrnl_Id="30">
                                                <LocList>
                                                    <Loc EndOffset="1215" SrcFileId="1" StartOffset="1188"/>
                                                </LocList>
                                            </BasicStmnt>
                                            <BasicStmnt CovItemId="S9" CovItemPrefix="org.jfree.data.test.DataUtilitesTest.java" Intrnl_Id="31">
                                                <LocList>
                                                    <Loc EndOffset="1253" SrcFileId="1" StartOffset="1230"/>
                                                </LocList>
                                            </BasicStmnt>
                                            <BasicStmnt CovItemId="S10" CovItemPrefix="org.jfree.data.test.DataUtilitesTest.java" Intrnl_Id="32">
                                                <LocList>
                                                    <Loc EndOffset="1295" SrcFileId="1" StartOffset="1268"/>
                                                </LocList>
                                            </BasicStmnt>
                                            <BasicStmnt CovItemId="S11" CovItemPrefix="org.jfree.data.test.DataUtilitesTest.java" Intrnl_Id="33">
                                                <LocList>
                                                    <Loc EndOffset="1332" SrcFileId="1" StartOffset="1310"/>
                                                </LocList>
                                            </BasicStmnt>
                                        </StmntSeq>
                                    </HierarchyLvl>
                                </HierarchyLvl>
                                <HierarchyLvl HierarchyLvlId="6761" HierarchyLvlTypeId="5" Intrnl_Id="34" Name="calculateColumnTotalForMutipleColumns">
                                    <Header>
                                        <Loc EndOffset="1681" SrcFileId="1" StartOffset="1622"/>
                                    </Header>
                                    <LocList>
                                        <Loc EndOffset="2700" SrcFileId="1" StartOffset="1622"/>
                                    </LocList>
                                    <StmntSeq Intrnl_Id="35">
                                        <LocList>
                                            <Loc EndOffset="1721" SrcFileId="1" StartOffset="1697"/>
                                            <Loc EndOffset="2498" SrcFileId="1" StartOffset="2496"/>
                                            <Loc EndOffset="2592" SrcFileId="1" StartOffset="2530"/>
                                            <Loc EndOffset="2651" SrcFileId="1" StartOffset="2615"/>
                                        </LocList>
                                        <BasicStmnt CovItemId="S14" CovItemPrefix="org.jfree.data.test.DataUtilitesTest.java" Intrnl_Id="36">
                                            <LocList>
                                                <Loc EndOffset="1721" SrcFileId="1" StartOffset="1697"/>
                                                <Loc EndOffset="2498" SrcFileId="1" StartOffset="2496"/>
                                            </LocList>
                                        </BasicStmnt>
                                        <BasicStmnt CovItemId="S30" CovItemPrefix="org.jfree.data.test.DataUtilitesTest.java" Intrnl_Id="37">
                                            <LocList>
                                                <Loc EndOffset="2592" SrcFileId="1" StartOffset="2530"/>
                                            </LocList>
                                        </BasicStmnt>
                                        <BasicStmnt CovItemId="S31" CovItemPrefix="org.jfree.data.test.DataUtilitesTest.java" Intrnl_Id="38">
                                            <LocList>
                                                <Loc EndOffset="2651" SrcFileId="1" StartOffset="2615"/>
                                            </LocList>
                                        </BasicStmnt>
                                    </StmntSeq>
                                    <HierarchyLvl HierarchyLvlId="6760" HierarchyLvlTypeId="4" Intrnl_Id="39" Name="Expectations">
                                        <Header>
                                            <Loc EndOffset="1739" SrcFileId="1" StartOffset="1725"/>
                                        </Header>
                                        <LocList>
                                            <Loc EndOffset="2496" SrcFileId="1" StartOffset="1721"/>
                                        </LocList>
                                        <StmntSeq Intrnl_Id="40">
                                            <LocList>
                                                <Loc EndOffset="1890" SrcFileId="1" StartOffset="1864"/>
                                                <Loc EndOffset="1926" SrcFileId="1" StartOffset="1905"/>
                                                <Loc EndOffset="1983" SrcFileId="1" StartOffset="1956"/>
                                                <Loc EndOffset="2019" SrcFileId="1" StartOffset="1998"/>
                                                <Loc EndOffset="2061" SrcFileId="1" StartOffset="2034"/>
                                                <Loc EndOffset="2098" SrcFileId="1" StartOffset="2076"/>
                                                <Loc EndOffset="2140" SrcFileId="1" StartOffset="2113"/>
                                                <Loc EndOffset="2176" SrcFileId="1" StartOffset="2155"/>
                                                <Loc EndOffset="2227" SrcFileId="1" StartOffset="2206"/>
                                                <Loc EndOffset="2269" SrcFileId="1" StartOffset="2242"/>
                                                <Loc EndOffset="2305" SrcFileId="1" StartOffset="2284"/>
                                                <Loc EndOffset="2347" SrcFileId="1" StartOffset="2320"/>
                                                <Loc EndOffset="2383" SrcFileId="1" StartOffset="2362"/>
                                                <Loc EndOffset="2425" SrcFileId="1" StartOffset="2398"/>
                                                <Loc EndOffset="2461" SrcFileId="1" StartOffset="2440"/>
                                            </LocList>
                                            <BasicStmnt CovItemId="S15" CovItemPrefix="org.jfree.data.test.DataUtilitesTest.java" Intrnl_Id="41">
                                                <LocList>
                                                    <Loc EndOffset="1890" SrcFileId="1" StartOffset="1864"/>
                                                </LocList>
                                            </BasicStmnt>
                                            <BasicStmnt CovItemId="S16" CovItemPrefix="org.jfree.data.test.DataUtilitesTest.java" Intrnl_Id="42">
                                                <LocList>
                                                    <Loc EndOffset="1926" SrcFileId="1" StartOffset="1905"/>
                                                </LocList>
                                            </BasicStmnt>
                                            <BasicStmnt CovItemId="S17" CovItemPrefix="org.jfree.data.test.DataUtilitesTest.java" Intrnl_Id="43">
                                                <LocList>
                                                    <Loc EndOffset="1983" SrcFileId="1" StartOffset="1956"/>
                                                </LocList>
                                            </BasicStmnt>
                                            <BasicStmnt CovItemId="S18" CovItemPrefix="org.jfree.data.test.DataUtilitesTest.java" Intrnl_Id="44">
                                                <LocList>
                                                    <Loc EndOffset="2019" SrcFileId="1" StartOffset="1998"/>
                                                </LocList>
                                            </BasicStmnt>
                                            <BasicStmnt CovItemId="S19" CovItemPrefix="org.jfree.data.test.DataUtilitesTest.java" Intrnl_Id="45">
                                                <LocList>
                                                    <Loc EndOffset="2061" SrcFileId="1" StartOffset="2034"/>
                                                </LocList>
                                            </BasicStmnt>
                                            <BasicStmnt CovItemId="S20" CovItemPrefix="org.jfree.data.test.DataUtilitesTest.java" Intrnl_Id="46">
                                                <LocList>
                                                    <Loc EndOffset="2098" SrcFileId="1" StartOffset="2076"/>
                                                </LocList>
                                            </BasicStmnt>
                                            <BasicStmnt CovItemId="S21" CovItemPrefix="org.jfree.data.test.DataUtilitesTest.java" Intrnl_Id="47">
                                                <LocList>
                                                    <Loc EndOffset="2140" SrcFileId="1" StartOffset="2113"/>
                                                </LocList>
                                            </BasicStmnt>
                                            <BasicStmnt CovItemId="S22" CovItemPrefix="org.jfree.data.test.DataUtilitesTest.java" Intrnl_Id="48">
                                                <LocList>
                                                    <Loc EndOffset="2176" SrcFileId="1" StartOffset="2155"/>
                                                </LocList>
                                            </BasicStmnt>
                                            <BasicStmnt CovItemId="S23" CovItemPrefix="org.jfree.data.test.DataUtilitesTest.java" Intrnl_Id="49">
                                                <LocList>
                                                    <Loc EndOffset="2227" SrcFileId="1" StartOffset="2206"/>
                                                </LocList>
                                            </BasicStmnt>
                                            <BasicStmnt CovItemId="S24" CovItemPrefix="org.jfree.data.test.DataUtilitesTest.java" Intrnl_Id="50">
                                                <LocList>
                                                    <Loc EndOffset="2269" SrcFileId="1" StartOffset="2242"/>
                                                </LocList>
                                            </BasicStmnt>
                                            <BasicStmnt CovItemId="S25" CovItemPrefix="org.jfree.data.test.DataUtilitesTest.java" Intrnl_Id="51">
                                                <LocList>
                                                    <Loc EndOffset="2305" SrcFileId="1" StartOffset="2284"/>
                                                </LocList>
                                            </BasicStmnt>
                                            <BasicStmnt CovItemId="S26" CovItemPrefix="org.jfree.data.test.DataUtilitesTest.java" Intrnl_Id="52">
                                                <LocList>
                                                    <Loc EndOffset="2347" SrcFileId="1" StartOffset="2320"/>
                                                </LocList>
                                            </BasicStmnt>
                                            <BasicStmnt CovItemId="S27" CovItemPrefix="org.jfree.data.test.DataUtilitesTest.java" Intrnl_Id="53">
                                                <LocList>
                                                    <Loc EndOffset="2383" SrcFileId="1" StartOffset="2362"/>
                                                </LocList>
                                            </BasicStmnt>
                                            <BasicStmnt CovItemId="S28" CovItemPrefix="org.jfree.data.test.DataUtilitesTest.java" Intrnl_Id="54">
                                                <LocList>
                                                    <Loc EndOffset="2425" SrcFileId="1" StartOffset="2398"/>
                                                </LocList>
                                            </BasicStmnt>
                                            <BasicStmnt CovItemId="S29" CovItemPrefix="org.jfree.data.test.DataUtilitesTest.java" Intrnl_Id="55">
                                                <LocList>
                                                    <Loc EndOffset="2461" SrcFileId="1" StartOffset="2440"/>
                                                </LocList>
                                            </BasicStmnt>
                                        </StmntSeq>
                                    </HierarchyLvl>
                                </HierarchyLvl>
                                <HierarchyLvl HierarchyLvlId="6763" HierarchyLvlTypeId="5" Intrnl_Id="56" Name="NegativeColumn">
                                    <Header>
                                        <Loc EndOffset="2803" SrcFileId="1" StartOffset="2766"/>
                                    </Header>
                                    <LocList>
                                        <Loc EndOffset="3582" SrcFileId="1" StartOffset="2766"/>
                                    </LocList>
                                    <StmntSeq Intrnl_Id="57">
                                        <LocList>
                                            <Loc EndOffset="2845" SrcFileId="1" StartOffset="2821"/>
                                            <Loc EndOffset="3372" SrcFileId="1" StartOffset="3370"/>
                                            <Loc EndOffset="3470" SrcFileId="1" StartOffset="3407"/>
                                            <Loc EndOffset="3531" SrcFileId="1" StartOffset="3495"/>
                                        </LocList>
                                        <BasicStmnt CovItemId="S32" CovItemPrefix="org.jfree.data.test.DataUtilitesTest.java" Intrnl_Id="58">
                                            <LocList>
                                                <Loc EndOffset="2845" SrcFileId="1" StartOffset="2821"/>
                                                <Loc EndOffset="3372" SrcFileId="1" StartOffset="3370"/>
                                            </LocList>
                                        </BasicStmnt>
                                        <BasicStmnt CovItemId="S41" CovItemPrefix="org.jfree.data.test.DataUtilitesTest.java" Intrnl_Id="59">
                                            <LocList>
                                                <Loc EndOffset="3470" SrcFileId="1" StartOffset="3407"/>
                                            </LocList>
                                        </BasicStmnt>
                                        <BasicStmnt CovItemId="S42" CovItemPrefix="org.jfree.data.test.DataUtilitesTest.java" Intrnl_Id="60">
                                            <LocList>
                                                <Loc EndOffset="3531" SrcFileId="1" StartOffset="3495"/>
                                            </LocList>
                                        </BasicStmnt>
                                    </StmntSeq>
                                    <HierarchyLvl HierarchyLvlId="6762" HierarchyLvlTypeId="4" Intrnl_Id="61" Name="Expectations">
                                        <Header>
                                            <Loc EndOffset="2863" SrcFileId="1" StartOffset="2849"/>
                                        </Header>
                                        <LocList>
                                            <Loc EndOffset="3370" SrcFileId="1" StartOffset="2845"/>
                                        </LocList>
                                        <StmntSeq Intrnl_Id="62">
                                            <LocList>
                                                <Loc EndOffset="3019" SrcFileId="1" StartOffset="2993"/>
                                                <Loc EndOffset="3056" SrcFileId="1" StartOffset="3035"/>
                                                <Loc EndOffset="3116" SrcFileId="1" StartOffset="3088"/>
                                                <Loc EndOffset="3153" SrcFileId="1" StartOffset="3132"/>
                                                <Loc EndOffset="3197" SrcFileId="1" StartOffset="3169"/>
                                                <Loc EndOffset="3235" SrcFileId="1" StartOffset="3213"/>
                                                <Loc EndOffset="3279" SrcFileId="1" StartOffset="3251"/>
                                                <Loc EndOffset="3316" SrcFileId="1" StartOffset="3295"/>
                                            </LocList>
                                            <BasicStmnt CovItemId="S33" CovItemPrefix="org.jfree.data.test.DataUtilitesTest.java" Intrnl_Id="63">
                                                <LocList>
                                                    <Loc EndOffset="3019" SrcFileId="1" StartOffset="2993"/>
                                                </LocList>
                                            </BasicStmnt>
                                            <BasicStmnt CovItemId="S34" CovItemPrefix="org.jfree.data.test.DataUtilitesTest.java" Intrnl_Id="64">
                                                <LocList>
                                                    <Loc EndOffset="3056" SrcFileId="1" StartOffset="3035"/>
                                                </LocList>
                                            </BasicStmnt>
                                            <BasicStmnt CovItemId="S35" CovItemPrefix="org.jfree.data.test.DataUtilitesTest.java" Intrnl_Id="65">
                                                <LocList>
                                                    <Loc EndOffset="3116" SrcFileId="1" StartOffset="3088"/>
                                                </LocList>
                                            </BasicStmnt>
                                            <BasicStmnt CovItemId="S36" CovItemPrefix="org.jfree.data.test.DataUtilitesTest.java" Intrnl_Id="66">
                                                <LocList>
                                                    <Loc EndOffset="3153" SrcFileId="1" StartOffset="3132"/>
                                                </LocList>
                                            </BasicStmnt>
                                            <BasicStmnt CovItemId="S37" CovItemPrefix="org.jfree.data.test.DataUtilitesTest.java" Intrnl_Id="67">
                                                <LocList>
                                                    <Loc EndOffset="3197" SrcFileId="1" StartOffset="3169"/>
                                                </LocList>
                                            </BasicStmnt>
                                            <BasicStmnt CovItemId="S38" CovItemPrefix="org.jfree.data.test.DataUtilitesTest.java" Intrnl_Id="68">
                                                <LocList>
                                                    <Loc EndOffset="3235" SrcFileId="1" StartOffset="3213"/>
                                                </LocList>
                                            </BasicStmnt>
                                            <BasicStmnt CovItemId="S39" CovItemPrefix="org.jfree.data.test.DataUtilitesTest.java" Intrnl_Id="69">
                                                <LocList>
                                                    <Loc EndOffset="3279" SrcFileId="1" StartOffset="3251"/>
                                                </LocList>
                                            </BasicStmnt>
                                            <BasicStmnt CovItemId="S40" CovItemPrefix="org.jfree.data.test.DataUtilitesTest.java" Intrnl_Id="70">
                                                <LocList>
                                                    <Loc EndOffset="3316" SrcFileId="1" StartOffset="3295"/>
                                                </LocList>
                                            </BasicStmnt>
                                        </StmntSeq>
                                    </HierarchyLvl>
                                </HierarchyLvl>
                                <HierarchyLvl HierarchyLvlId="6765" HierarchyLvlTypeId="5" Intrnl_Id="71" Name="NullValuesForColumn">
                                    <Header>
                                        <Loc EndOffset="3632" SrcFileId="1" StartOffset="3590"/>
                                    </Header>
                                    <LocList>
                                        <Loc EndOffset="4414" SrcFileId="1" StartOffset="3590"/>
                                    </LocList>
                                    <StmntSeq Intrnl_Id="72">
                                        <LocList>
                                            <Loc EndOffset="3674" SrcFileId="1" StartOffset="3650"/>
                                            <Loc EndOffset="4206" SrcFileId="1" StartOffset="4204"/>
                                            <Loc EndOffset="4303" SrcFileId="1" StartOffset="4241"/>
                                            <Loc EndOffset="4363" SrcFileId="1" StartOffset="4328"/>
                                        </LocList>
                                        <BasicStmnt CovItemId="S43" CovItemPrefix="org.jfree.data.test.DataUtilitesTest.java" Intrnl_Id="73">
                                            <LocList>
                                                <Loc EndOffset="3674" SrcFileId="1" StartOffset="3650"/>
                                                <Loc EndOffset="4206" SrcFileId="1" StartOffset="4204"/>
                                            </LocList>
                                        </BasicStmnt>
                                        <BasicStmnt CovItemId="S52" CovItemPrefix="org.jfree.data.test.DataUtilitesTest.java" Intrnl_Id="74">
                                            <LocList>
                                                <Loc EndOffset="4303" SrcFileId="1" StartOffset="4241"/>
                                            </LocList>
                                        </BasicStmnt>
                                        <BasicStmnt CovItemId="S53" CovItemPrefix="org.jfree.data.test.DataUtilitesTest.java" Intrnl_Id="75">
                                            <LocList>
                                                <Loc EndOffset="4363" SrcFileId="1" StartOffset="4328"/>
                                            </LocList>
                                        </BasicStmnt>
                                    </StmntSeq>
                                    <HierarchyLvl HierarchyLvlId="6764" HierarchyLvlTypeId="4" Intrnl_Id="76" Name="Expectations">
                                        <Header>
                                            <Loc EndOffset="3692" SrcFileId="1" StartOffset="3678"/>
                                        </Header>
                                        <LocList>
                                            <Loc EndOffset="4204" SrcFileId="1" StartOffset="3674"/>
                                        </LocList>
                                        <StmntSeq Intrnl_Id="77">
                                            <LocList>
                                                <Loc EndOffset="3848" SrcFileId="1" StartOffset="3822"/>
                                                <Loc EndOffset="3885" SrcFileId="1" StartOffset="3864"/>
                                                <Loc EndOffset="3944" SrcFileId="1" StartOffset="3917"/>
                                                <Loc EndOffset="3984" SrcFileId="1" StartOffset="3960"/>
                                                <Loc EndOffset="4027" SrcFileId="1" StartOffset="4000"/>
                                                <Loc EndOffset="4067" SrcFileId="1" StartOffset="4043"/>
                                                <Loc EndOffset="4110" SrcFileId="1" StartOffset="4083"/>
                                                <Loc EndOffset="4150" SrcFileId="1" StartOffset="4126"/>
                                            </LocList>
                                            <BasicStmnt CovItemId="S44" CovItemPrefix="org.jfree.data.test.DataUtilitesTest.java" Intrnl_Id="78">
                                                <LocList>
                                                    <Loc EndOffset="3848" SrcFileId="1" StartOffset="3822"/>
                                                </LocList>
                                            </BasicStmnt>
                                            <BasicStmnt CovItemId="S45" CovItemPrefix="org.jfree.data.test.DataUtilitesTest.java" Intrnl_Id="79">
                                                <LocList>
                                                    <Loc EndOffset="3885" SrcFileId="1" StartOffset="3864"/>
                                                </LocList>
                                            </BasicStmnt>
                                            <BasicStmnt CovItemId="S46" CovItemPrefix="org.jfree.data.test.DataUtilitesTest.java" Intrnl_Id="80">
                                                <LocList>
                                                    <Loc EndOffset="3944" SrcFileId="1" StartOffset="3917"/>
                                                </LocList>
                                            </BasicStmnt>
                                            <BasicStmnt CovItemId="S47" CovItemPrefix="org.jfree.data.test.DataUtilitesTest.java" Intrnl_Id="81">
                                                <LocList>
                                                    <Loc EndOffset="3984" SrcFileId="1" StartOffset="3960"/>
                                                </LocList>
                                            </BasicStmnt>
                                            <BasicStmnt CovItemId="S48" CovItemPrefix="org.jfree.data.test.DataUtilitesTest.java" Intrnl_Id="82">
                                                <LocList>
                                                    <Loc EndOffset="4027" SrcFileId="1" StartOffset="4000"/>
                                                </LocList>
                                            </BasicStmnt>
                                            <BasicStmnt CovItemId="S49" CovItemPrefix="org.jfree.data.test.DataUtilitesTest.java" Intrnl_Id="83">
                                                <LocList>
                                                    <Loc EndOffset="4067" SrcFileId="1" StartOffset="4043"/>
                                                </LocList>
                                            </BasicStmnt>
                                            <BasicStmnt CovItemId="S50" CovItemPrefix="org.jfree.data.test.DataUtilitesTest.java" Intrnl_Id="84">
                                                <LocList>
                                                    <Loc EndOffset="4110" SrcFileId="1" StartOffset="4083"/>
                                                </LocList>
                                            </BasicStmnt>
                                            <BasicStmnt CovItemId="S51" CovItemPrefix="org.jfree.data.test.DataUtilitesTest.java" Intrnl_Id="85">
                                                <LocList>
                                                    <Loc EndOffset="4150" SrcFileId="1" StartOffset="4126"/>
                                                </LocList>
                                            </BasicStmnt>
                                        </StmntSeq>
                                    </HierarchyLvl>
                                </HierarchyLvl>
                                <HierarchyLvl HierarchyLvlId="6767" HierarchyLvlTypeId="5" Intrnl_Id="86" Name="CalculateColumnTotalOutOfBounds">
                                    <Header>
                                        <Loc EndOffset="4559" SrcFileId="1" StartOffset="4461"/>
                                    </Header>
                                    <LocList>
                                        <Loc EndOffset="5093" SrcFileId="1" StartOffset="4461"/>
                                    </LocList>
                                    <StmntSeq Intrnl_Id="87">
                                        <LocList>
                                            <Loc EndOffset="4598" SrcFileId="1" StartOffset="4566"/>
                                            <Loc EndOffset="4656" SrcFileId="1" StartOffset="4603"/>
                                            <Loc EndOffset="4678" SrcFileId="1" StartOffset="4661"/>
                                            <Loc EndOffset="4977" SrcFileId="1" StartOffset="4975"/>
                                            <Loc EndOffset="5045" SrcFileId="1" StartOffset="4982"/>
                                            <Loc EndOffset="5088" SrcFileId="1" StartOffset="5050"/>
                                        </LocList>
                                        <BasicStmnt CovItemId="S54" CovItemPrefix="org.jfree.data.test.DataUtilitesTest.java" Intrnl_Id="88">
                                            <LocList>
                                                <Loc EndOffset="4598" SrcFileId="1" StartOffset="4566"/>
                                            </LocList>
                                        </BasicStmnt>
                                        <BasicStmnt CovItemId="S55" CovItemPrefix="org.jfree.data.test.DataUtilitesTest.java" Intrnl_Id="89">
                                            <LocList>
                                                <Loc EndOffset="4656" SrcFileId="1" StartOffset="4603"/>
                                            </LocList>
                                        </BasicStmnt>
                                        <BasicStmnt CovItemId="S56" CovItemPrefix="org.jfree.data.test.DataUtilitesTest.java" Intrnl_Id="90">
                                            <LocList>
                                                <Loc EndOffset="4678" SrcFileId="1" StartOffset="4661"/>
                                                <Loc EndOffset="4977" SrcFileId="1" StartOffset="4975"/>
                                            </LocList>
                                        </BasicStmnt>
                                        <BasicStmnt CovItemId="S65" CovItemPrefix="org.jfree.data.test.DataUtilitesTest.java" Intrnl_Id="91">
                                            <LocList>
                                                <Loc EndOffset="5045" SrcFileId="1" StartOffset="4982"/>
                                            </LocList>
                                        </BasicStmnt>
                                        <BasicStmnt CovItemId="S66" CovItemPrefix="org.jfree.data.test.DataUtilitesTest.java" Intrnl_Id="92">
                                            <LocList>
                                                <Loc EndOffset="5088" SrcFileId="1" StartOffset="5050"/>
                                            </LocList>
                                        </BasicStmnt>
                                    </StmntSeq>
                                    <HierarchyLvl HierarchyLvlId="6766" HierarchyLvlTypeId="4" Intrnl_Id="93" Name="org.jmock.Expectations">
                                        <Header>
                                            <Loc EndOffset="4706" SrcFileId="1" StartOffset="4682"/>
                                        </Header>
                                        <LocList>
                                            <Loc EndOffset="4975" SrcFileId="1" StartOffset="4678"/>
                                        </LocList>
                                        <StmntSeq Intrnl_Id="94">
                                            <LocList>
                                                <Loc EndOffset="4748" SrcFileId="1" StartOffset="4722"/>
                                                <Loc EndOffset="4776" SrcFileId="1" StartOffset="4755"/>
                                                <Loc EndOffset="4810" SrcFileId="1" StartOffset="4783"/>
                                                <Loc EndOffset="4838" SrcFileId="1" StartOffset="4817"/>
                                                <Loc EndOffset="4872" SrcFileId="1" StartOffset="4845"/>
                                                <Loc EndOffset="4900" SrcFileId="1" StartOffset="4879"/>
                                                <Loc EndOffset="4934" SrcFileId="1" StartOffset="4907"/>
                                                <Loc EndOffset="4962" SrcFileId="1" StartOffset="4941"/>
                                            </LocList>
                                            <BasicStmnt CovItemId="S57" CovItemPrefix="org.jfree.data.test.DataUtilitesTest.java" Intrnl_Id="95">
                                                <LocList>
                                                    <Loc EndOffset="4748" SrcFileId="1" StartOffset="4722"/>
                                                </LocList>
                                            </BasicStmnt>
                                            <BasicStmnt CovItemId="S58" CovItemPrefix="org.jfree.data.test.DataUtilitesTest.java" Intrnl_Id="96">
                                                <LocList>
                                                    <Loc EndOffset="4776" SrcFileId="1" StartOffset="4755"/>
                                                </LocList>
                                            </BasicStmnt>
                                            <BasicStmnt CovItemId="S59" CovItemPrefix="org.jfree.data.test.DataUtilitesTest.java" Intrnl_Id="97">
                                                <LocList>
                                                    <Loc EndOffset="4810" SrcFileId="1" StartOffset="4783"/>
                                                </LocList>
                                            </BasicStmnt>
                                            <BasicStmnt CovItemId="S60" CovItemPrefix="org.jfree.data.test.DataUtilitesTest.java" Intrnl_Id="98">
                                                <LocList>
                                                    <Loc EndOffset="4838" SrcFileId="1" StartOffset="4817"/>
                                                </LocList>
                                            </BasicStmnt>
                                            <BasicStmnt CovItemId="S61" CovItemPrefix="org.jfree.data.test.DataUtilitesTest.java" Intrnl_Id="99">
                                                <LocList>
                                                    <Loc EndOffset="4872" SrcFileId="1" StartOffset="4845"/>
                                                </LocList>
                                            </BasicStmnt>
                                            <BasicStmnt CovItemId="S62" CovItemPrefix="org.jfree.data.test.DataUtilitesTest.java" Intrnl_Id="100">
                                                <LocList>
                                                    <Loc EndOffset="4900" SrcFileId="1" StartOffset="4879"/>
                                                </LocList>
                                            </BasicStmnt>
                                            <BasicStmnt CovItemId="S63" CovItemPrefix="org.jfree.data.test.DataUtilitesTest.java" Intrnl_Id="101">
                                                <LocList>
                                                    <Loc EndOffset="4934" SrcFileId="1" StartOffset="4907"/>
                                                </LocList>
                                            </BasicStmnt>
                                            <BasicStmnt CovItemId="S64" CovItemPrefix="org.jfree.data.test.DataUtilitesTest.java" Intrnl_Id="102">
                                                <LocList>
                                                    <Loc EndOffset="4962" SrcFileId="1" StartOffset="4941"/>
                                                </LocList>
                                            </BasicStmnt>
                                        </StmntSeq>
                                    </HierarchyLvl>
                                </HierarchyLvl>
                                <HierarchyLvl HierarchyLvlId="6769" HierarchyLvlTypeId="5" Intrnl_Id="103" Name="calculateRowTotalForOneRow">
                                    <Header>
                                        <Loc EndOffset="5230" SrcFileId="1" StartOffset="5182"/>
                                    </Header>
                                    <LocList>
                                        <Loc EndOffset="5863" SrcFileId="1" StartOffset="5182"/>
                                    </LocList>
                                    <StmntSeq Intrnl_Id="104">
                                        <LocList>
                                            <Loc EndOffset="5270" SrcFileId="1" StartOffset="5246"/>
                                            <Loc EndOffset="5680" SrcFileId="1" StartOffset="5678"/>
                                            <Loc EndOffset="5770" SrcFileId="1" StartOffset="5712"/>
                                            <Loc EndOffset="5814" SrcFileId="1" StartOffset="5777"/>
                                        </LocList>
                                        <BasicStmnt CovItemId="S67" CovItemPrefix="org.jfree.data.test.DataUtilitesTest.java" Intrnl_Id="105">
                                            <LocList>
                                                <Loc EndOffset="5270" SrcFileId="1" StartOffset="5246"/>
                                                <Loc EndOffset="5680" SrcFileId="1" StartOffset="5678"/>
                                            </LocList>
                                        </BasicStmnt>
                                        <BasicStmnt CovItemId="S76" CovItemPrefix="org.jfree.data.test.DataUtilitesTest.java" Intrnl_Id="106">
                                            <LocList>
                                                <Loc EndOffset="5770" SrcFileId="1" StartOffset="5712"/>
                                            </LocList>
                                        </BasicStmnt>
                                        <BasicStmnt CovItemId="S77" CovItemPrefix="org.jfree.data.test.DataUtilitesTest.java" Intrnl_Id="107">
                                            <LocList>
                                                <Loc EndOffset="5814" SrcFileId="1" StartOffset="5777"/>
                                            </LocList>
                                        </BasicStmnt>
                                    </StmntSeq>
                                    <HierarchyLvl HierarchyLvlId="6768" HierarchyLvlTypeId="4" Intrnl_Id="108" Name="Expectations">
                                        <Header>
                                            <Loc EndOffset="5288" SrcFileId="1" StartOffset="5274"/>
                                        </Header>
                                        <LocList>
                                            <Loc EndOffset="5678" SrcFileId="1" StartOffset="5270"/>
                                        </LocList>
                                        <StmntSeq Intrnl_Id="109">
                                            <LocList>
                                                <Loc EndOffset="5358" SrcFileId="1" StartOffset="5329"/>
                                                <Loc EndOffset="5394" SrcFileId="1" StartOffset="5373"/>
                                                <Loc EndOffset="5451" SrcFileId="1" StartOffset="5424"/>
                                                <Loc EndOffset="5487" SrcFileId="1" StartOffset="5466"/>
                                                <Loc EndOffset="5529" SrcFileId="1" StartOffset="5502"/>
                                                <Loc EndOffset="5565" SrcFileId="1" StartOffset="5544"/>
                                                <Loc EndOffset="5607" SrcFileId="1" StartOffset="5580"/>
                                                <Loc EndOffset="5643" SrcFileId="1" StartOffset="5622"/>
                                            </LocList>
                                            <BasicStmnt CovItemId="S68" CovItemPrefix="org.jfree.data.test.DataUtilitesTest.java" Intrnl_Id="110">
                                                <LocList>
                                                    <Loc EndOffset="5358" SrcFileId="1" StartOffset="5329"/>
                                                </LocList>
                                            </BasicStmnt>
                                            <BasicStmnt CovItemId="S69" CovItemPrefix="org.jfree.data.test.DataUtilitesTest.java" Intrnl_Id="111">
                                                <LocList>
                                                    <Loc EndOffset="5394" SrcFileId="1" StartOffset="5373"/>
                                                </LocList>
                                            </BasicStmnt>
                                            <BasicStmnt CovItemId="S70" CovItemPrefix="org.jfree.data.test.DataUtilitesTest.java" Intrnl_Id="112">
                                                <LocList>
                                                    <Loc EndOffset="5451" SrcFileId="1" StartOffset="5424"/>
                                                </LocList>
                                            </BasicStmnt>
                                            <BasicStmnt CovItemId="S71" CovItemPrefix="org.jfree.data.test.DataUtilitesTest.java" Intrnl_Id="113">
                                                <LocList>
                                                    <Loc EndOffset="5487" SrcFileId="1" StartOffset="5466"/>
                                                </LocList>
                                            </BasicStmnt>
                                            <BasicStmnt CovItemId="S72" CovItemPrefix="org.jfree.data.test.DataUtilitesTest.java" Intrnl_Id="114">
                                                <LocList>
                                                    <Loc EndOffset="5529" SrcFileId="1" StartOffset="5502"/>
                                                </LocList>
                                            </BasicStmnt>
                                            <BasicStmnt CovItemId="S73" CovItemPrefix="org.jfree.data.test.DataUtilitesTest.java" Intrnl_Id="115">
                                                <LocList>
                                                    <Loc EndOffset="5565" SrcFileId="1" StartOffset="5544"/>
                                                </LocList>
                                            </BasicStmnt>
                                            <BasicStmnt CovItemId="S74" CovItemPrefix="org.jfree.data.test.DataUtilitesTest.java" Intrnl_Id="116">
                                                <LocList>
                                                    <Loc EndOffset="5607" SrcFileId="1" StartOffset="5580"/>
                                                </LocList>
                                            </BasicStmnt>
                                            <BasicStmnt CovItemId="S75" CovItemPrefix="org.jfree.data.test.DataUtilitesTest.java" Intrnl_Id="117">
                                                <LocList>
                                                    <Loc EndOffset="5643" SrcFileId="1" StartOffset="5622"/>
                                                </LocList>
                                            </BasicStmnt>
                                        </StmntSeq>
                                    </HierarchyLvl>
                                </HierarchyLvl>
                                <HierarchyLvl HierarchyLvlId="6771" HierarchyLvlTypeId="5" Intrnl_Id="118" Name="calculateRowTotalForMutipleRows">
                                    <Header>
                                        <Loc EndOffset="5973" SrcFileId="1" StartOffset="5920"/>
                                    </Header>
                                    <LocList>
                                        <Loc EndOffset="6625" SrcFileId="1" StartOffset="5920"/>
                                    </LocList>
                                    <StmntSeq Intrnl_Id="119">
                                        <LocList>
                                            <Loc EndOffset="6013" SrcFileId="1" StartOffset="5989"/>
                                            <Loc EndOffset="6428" SrcFileId="1" StartOffset="6426"/>
                                            <Loc EndOffset="6518" SrcFileId="1" StartOffset="6460"/>
                                            <Loc EndOffset="6576" SrcFileId="1" StartOffset="6541"/>
                                        </LocList>
                                        <BasicStmnt CovItemId="S78" CovItemPrefix="org.jfree.data.test.DataUtilitesTest.java" Intrnl_Id="120">
                                            <LocList>
                                                <Loc EndOffset="6013" SrcFileId="1" StartOffset="5989"/>
                                                <Loc EndOffset="6428" SrcFileId="1" StartOffset="6426"/>
                                            </LocList>
                                        </BasicStmnt>
                                        <BasicStmnt CovItemId="S87" CovItemPrefix="org.jfree.data.test.DataUtilitesTest.java" Intrnl_Id="121">
                                            <LocList>
                                                <Loc EndOffset="6518" SrcFileId="1" StartOffset="6460"/>
                                            </LocList>
                                        </BasicStmnt>
                                        <BasicStmnt CovItemId="S88" CovItemPrefix="org.jfree.data.test.DataUtilitesTest.java" Intrnl_Id="122">
                                            <LocList>
                                                <Loc EndOffset="6576" SrcFileId="1" StartOffset="6541"/>
                                            </LocList>
                                        </BasicStmnt>
                                    </StmntSeq>
                                    <HierarchyLvl HierarchyLvlId="6770" HierarchyLvlTypeId="4" Intrnl_Id="123" Name="Expectations">
                                        <Header>
                                            <Loc EndOffset="6031" SrcFileId="1" StartOffset="6017"/>
                                        </Header>
                                        <LocList>
                                            <Loc EndOffset="6426" SrcFileId="1" StartOffset="6013"/>
                                        </LocList>
                                        <StmntSeq Intrnl_Id="124">
                                            <LocList>
                                                <Loc EndOffset="6101" SrcFileId="1" StartOffset="6072"/>
                                                <Loc EndOffset="6137" SrcFileId="1" StartOffset="6116"/>
                                                <Loc EndOffset="6199" SrcFileId="1" StartOffset="6172"/>
                                                <Loc EndOffset="6235" SrcFileId="1" StartOffset="6214"/>
                                                <Loc EndOffset="6277" SrcFileId="1" StartOffset="6250"/>
                                                <Loc EndOffset="6313" SrcFileId="1" StartOffset="6292"/>
                                                <Loc EndOffset="6355" SrcFileId="1" StartOffset="6328"/>
                                                <Loc EndOffset="6391" SrcFileId="1" StartOffset="6370"/>
                                            </LocList>
                                            <BasicStmnt CovItemId="S79" CovItemPrefix="org.jfree.data.test.DataUtilitesTest.java" Intrnl_Id="125">
                                                <LocList>
                                                    <Loc EndOffset="6101" SrcFileId="1" StartOffset="6072"/>
                                                </LocList>
                                            </BasicStmnt>
                                            <BasicStmnt CovItemId="S80" CovItemPrefix="org.jfree.data.test.DataUtilitesTest.java" Intrnl_Id="126">
                                                <LocList>
                                                    <Loc EndOffset="6137" SrcFileId="1" StartOffset="6116"/>
                                                </LocList>
                                            </BasicStmnt>
                                            <BasicStmnt CovItemId="S81" CovItemPrefix="org.jfree.data.test.DataUtilitesTest.java" Intrnl_Id="127">
                                                <LocList>
                                                    <Loc EndOffset="6199" SrcFileId="1" StartOffset="6172"/>
                                                </LocList>
                                            </BasicStmnt>
                                            <BasicStmnt CovItemId="S82" CovItemPrefix="org.jfree.data.test.DataUtilitesTest.java" Intrnl_Id="128">
                                                <LocList>
                                                    <Loc EndOffset="6235" SrcFileId="1" StartOffset="6214"/>
                                                </LocList>
                                            </BasicStmnt>
                                            <BasicStmnt CovItemId="S83" CovItemPrefix="org.jfree.data.test.DataUtilitesTest.java" Intrnl_Id="129">
                                                <LocList>
                                                    <Loc EndOffset="6277" SrcFileId="1" StartOffset="6250"/>
                                                </LocList>
                                            </BasicStmnt>
                                            <BasicStmnt CovItemId="S84" CovItemPrefix="org.jfree.data.test.DataUtilitesTest.java" Intrnl_Id="130">
                                                <LocList>
                                                    <Loc EndOffset="6313" SrcFileId="1" StartOffset="6292"/>
                                                </LocList>
                                            </BasicStmnt>
                                            <BasicStmnt CovItemId="S85" CovItemPrefix="org.jfree.data.test.DataUtilitesTest.java" Intrnl_Id="131">
                                                <LocList>
                                                    <Loc EndOffset="6355" SrcFileId="1" StartOffset="6328"/>
                                                </LocList>
                                            </BasicStmnt>
                                            <BasicStmnt CovItemId="S86" CovItemPrefix="org.jfree.data.test.DataUtilitesTest.java" Intrnl_Id="132">
                                                <LocList>
                                                    <Loc EndOffset="6391" SrcFileId="1" StartOffset="6370"/>
                                                </LocList>
                                            </BasicStmnt>
                                        </StmntSeq>
                                    </HierarchyLvl>
                                </HierarchyLvl>
                                <HierarchyLvl HierarchyLvlId="6773" HierarchyLvlTypeId="5" Intrnl_Id="133" Name="PositiveRowNullValues">
                                    <Header>
                                        <Loc EndOffset="6749" SrcFileId="1" StartOffset="6706"/>
                                    </Header>
                                    <LocList>
                                        <Loc EndOffset="7359" SrcFileId="1" StartOffset="6706"/>
                                    </LocList>
                                    <StmntSeq Intrnl_Id="134">
                                        <LocList>
                                            <Loc EndOffset="6783" SrcFileId="1" StartOffset="6759"/>
                                            <Loc EndOffset="7207" SrcFileId="1" StartOffset="7205"/>
                                            <Loc EndOffset="7297" SrcFileId="1" StartOffset="7239"/>
                                            <Loc EndOffset="7355" SrcFileId="1" StartOffset="7320"/>
                                        </LocList>
                                        <BasicStmnt CovItemId="S89" CovItemPrefix="org.jfree.data.test.DataUtilitesTest.java" Intrnl_Id="135">
                                            <LocList>
                                                <Loc EndOffset="6783" SrcFileId="1" StartOffset="6759"/>
                                                <Loc EndOffset="7207" SrcFileId="1" StartOffset="7205"/>
                                            </LocList>
                                        </BasicStmnt>
                                        <BasicStmnt CovItemId="S98" CovItemPrefix="org.jfree.data.test.DataUtilitesTest.java" Intrnl_Id="136">
                                            <LocList>
                                                <Loc EndOffset="7297" SrcFileId="1" StartOffset="7239"/>
                                            </LocList>
                                        </BasicStmnt>
                                        <BasicStmnt CovItemId="S99" CovItemPrefix="org.jfree.data.test.DataUtilitesTest.java" Intrnl_Id="137">
                                            <LocList>
                                                <Loc EndOffset="7355" SrcFileId="1" StartOffset="7320"/>
                                            </LocList>
                                        </BasicStmnt>
                                    </StmntSeq>
                                    <HierarchyLvl HierarchyLvlId="6772" HierarchyLvlTypeId="4" Intrnl_Id="138" Name="Expectations">
                                        <Header>
                                            <Loc EndOffset="6801" SrcFileId="1" StartOffset="6787"/>
                                        </Header>
                                        <LocList>
                                            <Loc EndOffset="7205" SrcFileId="1" StartOffset="6783"/>
                                        </LocList>
                                        <StmntSeq Intrnl_Id="139">
                                            <LocList>
                                                <Loc EndOffset="6871" SrcFileId="1" StartOffset="6842"/>
                                                <Loc EndOffset="6907" SrcFileId="1" StartOffset="6886"/>
                                                <Loc EndOffset="6969" SrcFileId="1" StartOffset="6942"/>
                                                <Loc EndOffset="7008" SrcFileId="1" StartOffset="6984"/>
                                                <Loc EndOffset="7050" SrcFileId="1" StartOffset="7023"/>
                                                <Loc EndOffset="7089" SrcFileId="1" StartOffset="7065"/>
                                                <Loc EndOffset="7131" SrcFileId="1" StartOffset="7104"/>
                                                <Loc EndOffset="7170" SrcFileId="1" StartOffset="7146"/>
                                            </LocList>
                                            <BasicStmnt CovItemId="S90" CovItemPrefix="org.jfree.data.test.DataUtilitesTest.java" Intrnl_Id="140">
                                                <LocList>
                                                    <Loc EndOffset="6871" SrcFileId="1" StartOffset="6842"/>
                                                </LocList>
                                            </BasicStmnt>
                                            <BasicStmnt CovItemId="S91" CovItemPrefix="org.jfree.data.test.DataUtilitesTest.java" Intrnl_Id="141">
                                                <LocList>
                                                    <Loc EndOffset="6907" SrcFileId="1" StartOffset="6886"/>
                                                </LocList>
                                            </BasicStmnt>
                                            <BasicStmnt CovItemId="S92" CovItemPrefix="org.jfree.data.test.DataUtilitesTest.java" Intrnl_Id="142">
                                                <LocList>
                                                    <Loc EndOffset="6969" SrcFileId="1" StartOffset="6942"/>
                                                </LocList>
                                            </BasicStmnt>
                                            <BasicStmnt CovItemId="S93" CovItemPrefix="org.jfree.data.test.DataUtilitesTest.java" Intrnl_Id="143">
                                                <LocList>
                                                    <Loc EndOffset="7008" SrcFileId="1" StartOffset="6984"/>
                                                </LocList>
                                            </BasicStmnt>
                                            <BasicStmnt CovItemId="S94" CovItemPrefix="org.jfree.data.test.DataUtilitesTest.java" Intrnl_Id="144">
                                                <LocList>
                                                    <Loc EndOffset="7050" SrcFileId="1" StartOffset="7023"/>
                                                </LocList>
                                            </BasicStmnt>
                                            <BasicStmnt CovItemId="S95" CovItemPrefix="org.jfree.data.test.DataUtilitesTest.java" Intrnl_Id="145">
                                                <LocList>
                                                    <Loc EndOffset="7089" SrcFileId="1" StartOffset="7065"/>
                                                </LocList>
                                            </BasicStmnt>
                                            <BasicStmnt CovItemId="S96" CovItemPrefix="org.jfree.data.test.DataUtilitesTest.java" Intrnl_Id="146">
                                                <LocList>
                                                    <Loc EndOffset="7131" SrcFileId="1" StartOffset="7104"/>
                                                </LocList>
                                            </BasicStmnt>
                                            <BasicStmnt CovItemId="S97" CovItemPrefix="org.jfree.data.test.DataUtilitesTest.java" Intrnl_Id="147">
                                                <LocList>
                                                    <Loc EndOffset="7170" SrcFileId="1" StartOffset="7146"/>
                                                </LocList>
                                            </BasicStmnt>
                                        </StmntSeq>
                                    </HierarchyLvl>
                                </HierarchyLvl>
                                <HierarchyLvl HierarchyLvlId="6775" HierarchyLvlTypeId="5" Intrnl_Id="148" Name="NegativeRow">
                                    <Header>
                                        <Loc EndOffset="7482" SrcFileId="1" StartOffset="7405"/>
                                    </Header>
                                    <LocList>
                                        <Loc EndOffset="7950" SrcFileId="1" StartOffset="7405"/>
                                    </LocList>
                                    <StmntSeq Intrnl_Id="149">
                                        <LocList>
                                            <Loc EndOffset="7518" SrcFileId="1" StartOffset="7494"/>
                                            <Loc EndOffset="7801" SrcFileId="1" StartOffset="7799"/>
                                            <Loc EndOffset="7887" SrcFileId="1" StartOffset="7828"/>
                                            <Loc EndOffset="7946" SrcFileId="1" StartOffset="7907"/>
                                        </LocList>
                                        <BasicStmnt CovItemId="S100" CovItemPrefix="org.jfree.data.test.DataUtilitesTest.java" Intrnl_Id="150">
                                            <LocList>
                                                <Loc EndOffset="7518" SrcFileId="1" StartOffset="7494"/>
                                                <Loc EndOffset="7801" SrcFileId="1" StartOffset="7799"/>
                                            </LocList>
                                        </BasicStmnt>
                                        <BasicStmnt CovItemId="S107" CovItemPrefix="org.jfree.data.test.DataUtilitesTest.java" Intrnl_Id="151">
                                            <LocList>
                                                <Loc EndOffset="7887" SrcFileId="1" StartOffset="7828"/>
                                            </LocList>
                                        </BasicStmnt>
                                        <BasicStmnt CovItemId="S108" CovItemPrefix="org.jfree.data.test.DataUtilitesTest.java" Intrnl_Id="152">
                                            <LocList>
                                                <Loc EndOffset="7946" SrcFileId="1" StartOffset="7907"/>
                                            </LocList>
                                        </BasicStmnt>
                                    </StmntSeq>
                                    <HierarchyLvl HierarchyLvlId="6774" HierarchyLvlTypeId="4" Intrnl_Id="153" Name="Expectations">
                                        <Header>
                                            <Loc EndOffset="7536" SrcFileId="1" StartOffset="7522"/>
                                        </Header>
                                        <LocList>
                                            <Loc EndOffset="7799" SrcFileId="1" StartOffset="7518"/>
                                        </LocList>
                                        <StmntSeq Intrnl_Id="154">
                                            <LocList>
                                                <Loc EndOffset="7584" SrcFileId="1" StartOffset="7555"/>
                                                <Loc EndOffset="7614" SrcFileId="1" StartOffset="7593"/>
                                                <Loc EndOffset="7658" SrcFileId="1" StartOffset="7630"/>
                                                <Loc EndOffset="7690" SrcFileId="1" StartOffset="7666"/>
                                                <Loc EndOffset="7734" SrcFileId="1" StartOffset="7706"/>
                                                <Loc EndOffset="7767" SrcFileId="1" StartOffset="7743"/>
                                            </LocList>
                                            <BasicStmnt CovItemId="S101" CovItemPrefix="org.jfree.data.test.DataUtilitesTest.java" Intrnl_Id="155">
                                                <LocList>
                                                    <Loc EndOffset="7584" SrcFileId="1" StartOffset="7555"/>
                                                </LocList>
                                            </BasicStmnt>
                                            <BasicStmnt CovItemId="S102" CovItemPrefix="org.jfree.data.test.DataUtilitesTest.java" Intrnl_Id="156">
                                                <LocList>
                                                    <Loc EndOffset="7614" SrcFileId="1" StartOffset="7593"/>
                                                </LocList>
                                            </BasicStmnt>
                                            <BasicStmnt CovItemId="S103" CovItemPrefix="org.jfree.data.test.DataUtilitesTest.java" Intrnl_Id="157">
                                                <LocList>
                                                    <Loc EndOffset="7658" SrcFileId="1" StartOffset="7630"/>
                                                </LocList>
                                            </BasicStmnt>
                                            <BasicStmnt CovItemId="S104" CovItemPrefix="org.jfree.data.test.DataUtilitesTest.java" Intrnl_Id="158">
                                                <LocList>
                                                    <Loc EndOffset="7690" SrcFileId="1" StartOffset="7666"/>
                                                </LocList>
                                            </BasicStmnt>
                                            <BasicStmnt CovItemId="S105" CovItemPrefix="org.jfree.data.test.DataUtilitesTest.java" Intrnl_Id="159">
                                                <LocList>
                                                    <Loc EndOffset="7734" SrcFileId="1" StartOffset="7706"/>
                                                </LocList>
                                            </BasicStmnt>
                                            <BasicStmnt CovItemId="S106" CovItemPrefix="org.jfree.data.test.DataUtilitesTest.java" Intrnl_Id="160">
                                                <LocList>
                                                    <Loc EndOffset="7767" SrcFileId="1" StartOffset="7743"/>
                                                </LocList>
                                            </BasicStmnt>
                                        </StmntSeq>
                                    </HierarchyLvl>
                                </HierarchyLvl>
                                <HierarchyLvl HierarchyLvlId="6777" HierarchyLvlTypeId="5" Intrnl_Id="161" Name="CalculateRowTotalOutOfBounds">
                                    <Header>
                                        <Loc EndOffset="8050" SrcFileId="1" StartOffset="7956"/>
                                    </Header>
                                    <LocList>
                                        <Loc EndOffset="8527" SrcFileId="1" StartOffset="7956"/>
                                    </LocList>
                                    <StmntSeq Intrnl_Id="162">
                                        <LocList>
                                            <Loc EndOffset="8088" SrcFileId="1" StartOffset="8056"/>
                                            <Loc EndOffset="8145" SrcFileId="1" StartOffset="8092"/>
                                            <Loc EndOffset="8166" SrcFileId="1" StartOffset="8149"/>
                                            <Loc EndOffset="8417" SrcFileId="1" StartOffset="8415"/>
                                            <Loc EndOffset="8481" SrcFileId="1" StartOffset="8421"/>
                                            <Loc EndOffset="8523" SrcFileId="1" StartOffset="8485"/>
                                        </LocList>
                                        <BasicStmnt CovItemId="S109" CovItemPrefix="org.jfree.data.test.DataUtilitesTest.java" Intrnl_Id="163">
                                            <LocList>
                                                <Loc EndOffset="8088" SrcFileId="1" StartOffset="8056"/>
                                            </LocList>
                                        </BasicStmnt>
                                        <BasicStmnt CovItemId="S110" CovItemPrefix="org.jfree.data.test.DataUtilitesTest.java" Intrnl_Id="164">
                                            <LocList>
                                                <Loc EndOffset="8145" SrcFileId="1" StartOffset="8092"/>
                                            </LocList>
                                        </BasicStmnt>
                                        <BasicStmnt CovItemId="S111" CovItemPrefix="org.jfree.data.test.DataUtilitesTest.java" Intrnl_Id="165">
                                            <LocList>
                                                <Loc EndOffset="8166" SrcFileId="1" StartOffset="8149"/>
                                                <Loc EndOffset="8417" SrcFileId="1" StartOffset="8415"/>
                                            </LocList>
                                        </BasicStmnt>
                                        <BasicStmnt CovItemId="S118" CovItemPrefix="org.jfree.data.test.DataUtilitesTest.java" Intrnl_Id="166">
                                            <LocList>
                                                <Loc EndOffset="8481" SrcFileId="1" StartOffset="8421"/>
                                            </LocList>
                                        </BasicStmnt>
                                        <BasicStmnt CovItemId="S119" CovItemPrefix="org.jfree.data.test.DataUtilitesTest.java" Intrnl_Id="167">
                                            <LocList>
                                                <Loc EndOffset="8523" SrcFileId="1" StartOffset="8485"/>
                                            </LocList>
                                        </BasicStmnt>
                                    </StmntSeq>
                                    <HierarchyLvl HierarchyLvlId="6776" HierarchyLvlTypeId="4" Intrnl_Id="168" Name="org.jmock.Expectations">
                                        <Header>
                                            <Loc EndOffset="8194" SrcFileId="1" StartOffset="8170"/>
                                        </Header>
                                        <LocList>
                                            <Loc EndOffset="8415" SrcFileId="1" StartOffset="8166"/>
                                        </LocList>
                                        <StmntSeq Intrnl_Id="169">
                                            <LocList>
                                                <Loc EndOffset="8237" SrcFileId="1" StartOffset="8208"/>
                                                <Loc EndOffset="8265" SrcFileId="1" StartOffset="8244"/>
                                                <Loc EndOffset="8304" SrcFileId="1" StartOffset="8277"/>
                                                <Loc EndOffset="8331" SrcFileId="1" StartOffset="8310"/>
                                                <Loc EndOffset="8370" SrcFileId="1" StartOffset="8343"/>
                                                <Loc EndOffset="8398" SrcFileId="1" StartOffset="8377"/>
                                            </LocList>
                                            <BasicStmnt CovItemId="S112" CovItemPrefix="org.jfree.data.test.DataUtilitesTest.java" Intrnl_Id="170">
                                                <LocList>
                                                    <Loc EndOffset="8237" SrcFileId="1" StartOffset="8208"/>
                                                </LocList>
                                            </BasicStmnt>
                                            <BasicStmnt CovItemId="S113" CovItemPrefix="org.jfree.data.test.DataUtilitesTest.java" Intrnl_Id="171">
                                                <LocList>
                                                    <Loc EndOffset="8265" SrcFileId="1" StartOffset="8244"/>
                                                </LocList>
                                            </BasicStmnt>
                                            <BasicStmnt CovItemId="S114" CovItemPrefix="org.jfree.data.test.DataUtilitesTest.java" Intrnl_Id="172">
                                                <LocList>
                                                    <Loc EndOffset="8304" SrcFileId="1" StartOffset="8277"/>
                                                </LocList>
                                            </BasicStmnt>
                                            <BasicStmnt CovItemId="S115" CovItemPrefix="org.jfree.data.test.DataUtilitesTest.java" Intrnl_Id="173">
                                                <LocList>
                                                    <Loc EndOffset="8331" SrcFileId="1" StartOffset="8310"/>
                                                </LocList>
                                            </BasicStmnt>
                                            <BasicStmnt CovItemId="S116" CovItemPrefix="org.jfree.data.test.DataUtilitesTest.java" Intrnl_Id="174">
                                                <LocList>
                                                    <Loc EndOffset="8370" SrcFileId="1" StartOffset="8343"/>
                                                </LocList>
                                            </BasicStmnt>
                                            <BasicStmnt CovItemId="S117" CovItemPrefix="org.jfree.data.test.DataUtilitesTest.java" Intrnl_Id="175">
                                                <LocList>
                                                    <Loc EndOffset="8398" SrcFileId="1" StartOffset="8377"/>
                                                </LocList>
                                            </BasicStmnt>
                                        </StmntSeq>
                                    </HierarchyLvl>
                                </HierarchyLvl>
                                <HierarchyLvl HierarchyLvlId="6778" HierarchyLvlTypeId="5" Intrnl_Id="176" Name="EqualArrays">
                                    <Header>
                                        <Loc EndOffset="8591" SrcFileId="1" StartOffset="8555"/>
                                    </Header>
                                    <LocList>
                                        <Loc EndOffset="8885" SrcFileId="1" StartOffset="8555"/>
                                    </LocList>
                                    <StmntSeq Intrnl_Id="177">
                                        <LocList>
                                            <Loc EndOffset="8669" SrcFileId="1" StartOffset="8614"/>
                                            <Loc EndOffset="8738" SrcFileId="1" StartOffset="8683"/>
                                            <Loc EndOffset="8814" SrcFileId="1" StartOffset="8765"/>
                                            <Loc EndOffset="8878" SrcFileId="1" StartOffset="8834"/>
                                        </LocList>
                                        <BasicStmnt CovItemId="S120" CovItemPrefix="org.jfree.data.test.DataUtilitesTest.java" Intrnl_Id="178">
                                            <LocList>
                                                <Loc EndOffset="8669" SrcFileId="1" StartOffset="8614"/>
                                            </LocList>
                                        </BasicStmnt>
                                        <BasicStmnt CovItemId="S121" CovItemPrefix="org.jfree.data.test.DataUtilitesTest.java" Intrnl_Id="179">
                                            <LocList>
                                                <Loc EndOffset="8738" SrcFileId="1" StartOffset="8683"/>
                                            </LocList>
                                        </BasicStmnt>
                                        <BasicStmnt CovItemId="S122" CovItemPrefix="org.jfree.data.test.DataUtilitesTest.java" Intrnl_Id="180">
                                            <LocList>
                                                <Loc EndOffset="8814" SrcFileId="1" StartOffset="8765"/>
                                            </LocList>
                                        </BasicStmnt>
                                        <BasicStmnt CovItemId="S123" CovItemPrefix="org.jfree.data.test.DataUtilitesTest.java" Intrnl_Id="181">
                                            <LocList>
                                                <Loc EndOffset="8878" SrcFileId="1" StartOffset="8834"/>
                                            </LocList>
                                        </BasicStmnt>
                                    </StmntSeq>
                                </HierarchyLvl>
                                <HierarchyLvl HierarchyLvlId="6779" HierarchyLvlTypeId="5" Intrnl_Id="182" Name="nonEqualArrays">
                                    <Header>
                                        <Loc EndOffset="8933" SrcFileId="1" StartOffset="8894"/>
                                    </Header>
                                    <LocList>
                                        <Loc EndOffset="9209" SrcFileId="1" StartOffset="8894"/>
                                    </LocList>
                                    <StmntSeq Intrnl_Id="183">
                                        <LocList>
                                            <Loc EndOffset="9011" SrcFileId="1" StartOffset="8956"/>
                                            <Loc EndOffset="9071" SrcFileId="1" StartOffset="9016"/>
                                            <Loc EndOffset="9142" SrcFileId="1" StartOffset="9093"/>
                                            <Loc EndOffset="9202" SrcFileId="1" StartOffset="9153"/>
                                        </LocList>
                                        <BasicStmnt CovItemId="S124" CovItemPrefix="org.jfree.data.test.DataUtilitesTest.java" Intrnl_Id="184">
                                            <LocList>
                                                <Loc EndOffset="9011" SrcFileId="1" StartOffset="8956"/>
                                            </LocList>
                                        </BasicStmnt>
                                        <BasicStmnt CovItemId="S125" CovItemPrefix="org.jfree.data.test.DataUtilitesTest.java" Intrnl_Id="185">
                                            <LocList>
                                                <Loc EndOffset="9071" SrcFileId="1" StartOffset="9016"/>
                                            </LocList>
                                        </BasicStmnt>
                                        <BasicStmnt CovItemId="S126" CovItemPrefix="org.jfree.data.test.DataUtilitesTest.java" Intrnl_Id="186">
                                            <LocList>
                                                <Loc EndOffset="9142" SrcFileId="1" StartOffset="9093"/>
                                            </LocList>
                                        </BasicStmnt>
                                        <BasicStmnt CovItemId="S127" CovItemPrefix="org.jfree.data.test.DataUtilitesTest.java" Intrnl_Id="187">
                                            <LocList>
                                                <Loc EndOffset="9202" SrcFileId="1" StartOffset="9153"/>
                                            </LocList>
                                        </BasicStmnt>
                                    </StmntSeq>
                                </HierarchyLvl>
                                <HierarchyLvl HierarchyLvlId="6780" HierarchyLvlTypeId="5" Intrnl_Id="188" Name="createNumberArrayFourDoubleElements">
                                    <Header>
                                        <Loc EndOffset="9378" SrcFileId="1" StartOffset="9320"/>
                                    </Header>
                                    <LocList>
                                        <Loc EndOffset="9821" SrcFileId="1" StartOffset="9320"/>
                                    </LocList>
                                    <StmntSeq Intrnl_Id="189">
                                        <LocList>
                                            <Loc EndOffset="9438" SrcFileId="1" StartOffset="9384"/>
                                            <Loc EndOffset="9528" SrcFileId="1" StartOffset="9442"/>
                                            <Loc EndOffset="9602" SrcFileId="1" StartOffset="9532"/>
                                            <Loc EndOffset="9676" SrcFileId="1" StartOffset="9607"/>
                                            <Loc EndOffset="9748" SrcFileId="1" StartOffset="9679"/>
                                            <Loc EndOffset="9820" SrcFileId="1" StartOffset="9751"/>
                                        </LocList>
                                        <BasicStmnt CovItemId="S128" CovItemPrefix="org.jfree.data.test.DataUtilitesTest.java" Intrnl_Id="190">
                                            <LocList>
                                                <Loc EndOffset="9438" SrcFileId="1" StartOffset="9384"/>
                                            </LocList>
                                        </BasicStmnt>
                                        <BasicStmnt CovItemId="S129" CovItemPrefix="org.jfree.data.test.DataUtilitesTest.java" Intrnl_Id="191">
                                            <LocList>
                                                <Loc EndOffset="9528" SrcFileId="1" StartOffset="9442"/>
                                            </LocList>
                                        </BasicStmnt>
                                        <BasicStmnt CovItemId="S130" CovItemPrefix="org.jfree.data.test.DataUtilitesTest.java" Intrnl_Id="192">
                                            <LocList>
                                                <Loc EndOffset="9602" SrcFileId="1" StartOffset="9532"/>
                                            </LocList>
                                        </BasicStmnt>
                                        <BasicStmnt CovItemId="S131" CovItemPrefix="org.jfree.data.test.DataUtilitesTest.java" Intrnl_Id="193">
                                            <LocList>
                                                <Loc EndOffset="9676" SrcFileId="1" StartOffset="9607"/>
                                            </LocList>
                                        </BasicStmnt>
                                        <BasicStmnt CovItemId="S132" CovItemPrefix="org.jfree.data.test.DataUtilitesTest.java" Intrnl_Id="194">
                                            <LocList>
                                                <Loc EndOffset="9748" SrcFileId="1" StartOffset="9679"/>
                                            </LocList>
                                        </BasicStmnt>
                                        <BasicStmnt CovItemId="S133" CovItemPrefix="org.jfree.data.test.DataUtilitesTest.java" Intrnl_Id="195">
                                            <LocList>
                                                <Loc EndOffset="9820" SrcFileId="1" StartOffset="9751"/>
                                            </LocList>
                                        </BasicStmnt>
                                    </StmntSeq>
                                </HierarchyLvl>
                                <HierarchyLvl HierarchyLvlId="6781" HierarchyLvlTypeId="5" Intrnl_Id="196" Name="createNumberArrayThreeDoubleElements">
                                    <Header>
                                        <Loc EndOffset="9959" SrcFileId="1" StartOffset="9900"/>
                                    </Header>
                                    <LocList>
                                        <Loc EndOffset="10330" SrcFileId="1" StartOffset="9900"/>
                                    </LocList>
                                    <StmntSeq Intrnl_Id="197">
                                        <LocList>
                                            <Loc EndOffset="10019" SrcFileId="1" StartOffset="9965"/>
                                            <Loc EndOffset="10109" SrcFileId="1" StartOffset="10023"/>
                                            <Loc EndOffset="10183" SrcFileId="1" StartOffset="10113"/>
                                            <Loc EndOffset="10257" SrcFileId="1" StartOffset="10188"/>
                                            <Loc EndOffset="10329" SrcFileId="1" StartOffset="10260"/>
                                        </LocList>
                                        <BasicStmnt CovItemId="S134" CovItemPrefix="org.jfree.data.test.DataUtilitesTest.java" Intrnl_Id="198">
                                            <LocList>
                                                <Loc EndOffset="10019" SrcFileId="1" StartOffset="9965"/>
                                            </LocList>
                                        </BasicStmnt>
                                        <BasicStmnt CovItemId="S135" CovItemPrefix="org.jfree.data.test.DataUtilitesTest.java" Intrnl_Id="199">
                                            <LocList>
                                                <Loc EndOffset="10109" SrcFileId="1" StartOffset="10023"/>
                                            </LocList>
                                        </BasicStmnt>
                                        <BasicStmnt CovItemId="S136" CovItemPrefix="org.jfree.data.test.DataUtilitesTest.java" Intrnl_Id="200">
                                            <LocList>
                                                <Loc EndOffset="10183" SrcFileId="1" StartOffset="10113"/>
                                            </LocList>
                                        </BasicStmnt>
                                        <BasicStmnt CovItemId="S137" CovItemPrefix="org.jfree.data.test.DataUtilitesTest.java" Intrnl_Id="201">
                                            <LocList>
                                                <Loc EndOffset="10257" SrcFileId="1" StartOffset="10188"/>
                                            </LocList>
                                        </BasicStmnt>
                                        <BasicStmnt CovItemId="S138" CovItemPrefix="org.jfree.data.test.DataUtilitesTest.java" Intrnl_Id="202">
                                            <LocList>
                                                <Loc EndOffset="10329" SrcFileId="1" StartOffset="10260"/>
                                            </LocList>
                                        </BasicStmnt>
                                    </StmntSeq>
                                </HierarchyLvl>
                                <HierarchyLvl HierarchyLvlId="6782" HierarchyLvlTypeId="5" Intrnl_Id="203" Name="createNumberArraySizeTest">
                                    <Header>
                                        <Loc EndOffset="10435" SrcFileId="1" StartOffset="10388"/>
                                    </Header>
                                    <LocList>
                                        <Loc EndOffset="10679" SrcFileId="1" StartOffset="10388"/>
                                    </LocList>
                                    <StmntSeq Intrnl_Id="204">
                                        <LocList>
                                            <Loc EndOffset="10496" SrcFileId="1" StartOffset="10441"/>
                                            <Loc EndOffset="10587" SrcFileId="1" StartOffset="10500"/>
                                            <Loc EndOffset="10673" SrcFileId="1" StartOffset="10591"/>
                                        </LocList>
                                        <BasicStmnt CovItemId="S139" CovItemPrefix="org.jfree.data.test.DataUtilitesTest.java" Intrnl_Id="205">
                                            <LocList>
                                                <Loc EndOffset="10496" SrcFileId="1" StartOffset="10441"/>
                                            </LocList>
                                        </BasicStmnt>
                                        <BasicStmnt CovItemId="S140" CovItemPrefix="org.jfree.data.test.DataUtilitesTest.java" Intrnl_Id="206">
                                            <LocList>
                                                <Loc EndOffset="10587" SrcFileId="1" StartOffset="10500"/>
                                            </LocList>
                                        </BasicStmnt>
                                        <BasicStmnt CovItemId="S141" CovItemPrefix="org.jfree.data.test.DataUtilitesTest.java" Intrnl_Id="207">
                                            <LocList>
                                                <Loc EndOffset="10673" SrcFileId="1" StartOffset="10591"/>
                                            </LocList>
                                        </BasicStmnt>
                                    </StmntSeq>
                                </HierarchyLvl>
                                <HierarchyLvl HierarchyLvlId="6783" HierarchyLvlTypeId="5" Intrnl_Id="208" Name="createNumberArrayNullArgument">
                                    <Header>
                                        <Loc EndOffset="10880" SrcFileId="1" StartOffset="10768"/>
                                    </Header>
                                    <LocList>
                                        <Loc EndOffset="10929" SrcFileId="1" StartOffset="10768"/>
                                    </LocList>
                                    <StmntSeq Intrnl_Id="209">
                                        <LocList>
                                            <Loc EndOffset="10924" SrcFileId="1" StartOffset="10886"/>
                                        </LocList>
                                        <BasicStmnt CovItemId="S142" CovItemPrefix="org.jfree.data.test.DataUtilitesTest.java" Intrnl_Id="210">
                                            <LocList>
                                                <Loc EndOffset="10924" SrcFileId="1" StartOffset="10886"/>
                                            </LocList>
                                        </BasicStmnt>
                                    </StmntSeq>
                                </HierarchyLvl>
                                <HierarchyLvl HierarchyLvlId="6784" HierarchyLvlTypeId="5" Intrnl_Id="211" Name="create2DNumberArrayThreeDoubleElements">
                                    <Header>
                                        <Loc EndOffset="11060" SrcFileId="1" StartOffset="11000"/>
                                    </Header>
                                    <LocList>
                                        <Loc EndOffset="11569" SrcFileId="1" StartOffset="11000"/>
                                    </LocList>
                                    <StmntSeq Intrnl_Id="212">
                                        <LocList>
                                            <Loc EndOffset="11133" SrcFileId="1" StartOffset="11066"/>
                                            <Loc EndOffset="11238" SrcFileId="1" StartOffset="11137"/>
                                            <Loc EndOffset="11318" SrcFileId="1" StartOffset="11242"/>
                                            <Loc EndOffset="11399" SrcFileId="1" StartOffset="11324"/>
                                            <Loc EndOffset="11478" SrcFileId="1" StartOffset="11403"/>
                                            <Loc EndOffset="11560" SrcFileId="1" StartOffset="11486"/>
                                        </LocList>
                                        <BasicStmnt CovItemId="S143" CovItemPrefix="org.jfree.data.test.DataUtilitesTest.java" Intrnl_Id="213">
                                            <LocList>
                                                <Loc EndOffset="11133" SrcFileId="1" StartOffset="11066"/>
                                            </LocList>
                                        </BasicStmnt>
                                        <BasicStmnt CovItemId="S144" CovItemPrefix="org.jfree.data.test.DataUtilitesTest.java" Intrnl_Id="214">
                                            <LocList>
                                                <Loc EndOffset="11238" SrcFileId="1" StartOffset="11137"/>
                                            </LocList>
                                        </BasicStmnt>
                                        <BasicStmnt CovItemId="S145" CovItemPrefix="org.jfree.data.test.DataUtilitesTest.java" Intrnl_Id="215">
                                            <LocList>
                                                <Loc EndOffset="11318" SrcFileId="1" StartOffset="11242"/>
                                            </LocList>
                                        </BasicStmnt>
                                        <BasicStmnt CovItemId="S146" CovItemPrefix="org.jfree.data.test.DataUtilitesTest.java" Intrnl_Id="216">
                                            <LocList>
                                                <Loc EndOffset="11399" SrcFileId="1" StartOffset="11324"/>
                                            </LocList>
                                        </BasicStmnt>
                                        <BasicStmnt CovItemId="S147" CovItemPrefix="org.jfree.data.test.DataUtilitesTest.java" Intrnl_Id="217">
                                            <LocList>
                                                <Loc EndOffset="11478" SrcFileId="1" StartOffset="11403"/>
                                            </LocList>
                                        </BasicStmnt>
                                        <BasicStmnt CovItemId="S148" CovItemPrefix="org.jfree.data.test.DataUtilitesTest.java" Intrnl_Id="218">
                                            <LocList>
                                                <Loc EndOffset="11560" SrcFileId="1" StartOffset="11486"/>
                                            </LocList>
                                        </BasicStmnt>
                                    </StmntSeq>
                                </HierarchyLvl>
                                <HierarchyLvl HierarchyLvlId="6786" HierarchyLvlTypeId="5" Intrnl_Id="219" Name="lastTwoRowsZeroo">
                                    <Header>
                                        <Loc EndOffset="11613" SrcFileId="1" StartOffset="11575"/>
                                    </Header>
                                    <LocList>
                                        <Loc EndOffset="12447" SrcFileId="1" StartOffset="11575"/>
                                    </LocList>
                                    <StmntSeq Intrnl_Id="220">
                                        <LocList>
                                            <Loc EndOffset="11657" SrcFileId="1" StartOffset="11618"/>
                                            <Loc EndOffset="11727" SrcFileId="1" StartOffset="11661"/>
                                            <Loc EndOffset="11755" SrcFileId="1" StartOffset="11731"/>
                                            <Loc EndOffset="12237" SrcFileId="1" StartOffset="12235"/>
                                            <Loc EndOffset="12313" SrcFileId="1" StartOffset="12245"/>
                                            <Loc EndOffset="12355" SrcFileId="1" StartOffset="12317"/>
                                            <Loc EndOffset="12397" SrcFileId="1" StartOffset="12359"/>
                                            <Loc EndOffset="12439" SrcFileId="1" StartOffset="12401"/>
                                        </LocList>
                                        <BasicStmnt CovItemId="S149" CovItemPrefix="org.jfree.data.test.DataUtilitesTest.java" Intrnl_Id="221">
                                            <LocList>
                                                <Loc EndOffset="11657" SrcFileId="1" StartOffset="11618"/>
                                            </LocList>
                                        </BasicStmnt>
                                        <BasicStmnt CovItemId="S150" CovItemPrefix="org.jfree.data.test.DataUtilitesTest.java" Intrnl_Id="222">
                                            <LocList>
                                                <Loc EndOffset="11727" SrcFileId="1" StartOffset="11661"/>
                                            </LocList>
                                        </BasicStmnt>
                                        <BasicStmnt CovItemId="S151" CovItemPrefix="org.jfree.data.test.DataUtilitesTest.java" Intrnl_Id="223">
                                            <LocList>
                                                <Loc EndOffset="11755" SrcFileId="1" StartOffset="11731"/>
                                                <Loc EndOffset="12237" SrcFileId="1" StartOffset="12235"/>
                                            </LocList>
                                        </BasicStmnt>
                                        <BasicStmnt CovItemId="S166" CovItemPrefix="org.jfree.data.test.DataUtilitesTest.java" Intrnl_Id="224">
                                            <LocList>
                                                <Loc EndOffset="12313" SrcFileId="1" StartOffset="12245"/>
                                            </LocList>
                                        </BasicStmnt>
                                        <BasicStmnt CovItemId="S167" CovItemPrefix="org.jfree.data.test.DataUtilitesTest.java" Intrnl_Id="225">
                                            <LocList>
                                                <Loc EndOffset="12355" SrcFileId="1" StartOffset="12317"/>
                                            </LocList>
                                        </BasicStmnt>
                                        <BasicStmnt CovItemId="S168" CovItemPrefix="org.jfree.data.test.DataUtilitesTest.java" Intrnl_Id="226">
                                            <LocList>
                                                <Loc EndOffset="12397" SrcFileId="1" StartOffset="12359"/>
                                            </LocList>
                                        </BasicStmnt>
                                        <BasicStmnt CovItemId="S169" CovItemPrefix="org.jfree.data.test.DataUtilitesTest.java" Intrnl_Id="227">
                                            <LocList>
                                                <Loc EndOffset="12439" SrcFileId="1" StartOffset="12401"/>
                                            </LocList>
                                        </BasicStmnt>
                                    </StmntSeq>
                                    <HierarchyLvl HierarchyLvlId="6785" HierarchyLvlTypeId="4" Intrnl_Id="228" Name="Expectations">
                                        <Header>
                                            <Loc EndOffset="11773" SrcFileId="1" StartOffset="11759"/>
                                        </Header>
                                        <LocList>
                                            <Loc EndOffset="12235" SrcFileId="1" StartOffset="11755"/>
                                        </LocList>
                                        <StmntSeq Intrnl_Id="229">
                                            <LocList>
                                                <Loc EndOffset="11819" SrcFileId="1" StartOffset="11787"/>
                                                <Loc EndOffset="11846" SrcFileId="1" StartOffset="11825"/>
                                                <Loc EndOffset="11881" SrcFileId="1" StartOffset="11852"/>
                                                <Loc EndOffset="11908" SrcFileId="1" StartOffset="11887"/>
                                                <Loc EndOffset="11943" SrcFileId="1" StartOffset="11914"/>
                                                <Loc EndOffset="11970" SrcFileId="1" StartOffset="11949"/>
                                                <Loc EndOffset="12005" SrcFileId="1" StartOffset="11976"/>
                                                <Loc EndOffset="12032" SrcFileId="1" StartOffset="12011"/>
                                                <Loc EndOffset="12071" SrcFileId="1" StartOffset="12044"/>
                                                <Loc EndOffset="12098" SrcFileId="1" StartOffset="12077"/>
                                                <Loc EndOffset="12131" SrcFileId="1" StartOffset="12104"/>
                                                <Loc EndOffset="12158" SrcFileId="1" StartOffset="12137"/>
                                                <Loc EndOffset="12191" SrcFileId="1" StartOffset="12164"/>
                                                <Loc EndOffset="12218" SrcFileId="1" StartOffset="12197"/>
                                            </LocList>
                                            <BasicStmnt CovItemId="S152" CovItemPrefix="org.jfree.data.test.DataUtilitesTest.java" Intrnl_Id="230">
                                                <LocList>
                                                    <Loc EndOffset="11819" SrcFileId="1" StartOffset="11787"/>
                                                </LocList>
                                            </BasicStmnt>
                                            <BasicStmnt CovItemId="S153" CovItemPrefix="org.jfree.data.test.DataUtilitesTest.java" Intrnl_Id="231">
                                                <LocList>
                                                    <Loc EndOffset="11846" SrcFileId="1" StartOffset="11825"/>
                                                </LocList>
                                            </BasicStmnt>
                                            <BasicStmnt CovItemId="S154" CovItemPrefix="org.jfree.data.test.DataUtilitesTest.java" Intrnl_Id="232">
                                                <LocList>
                                                    <Loc EndOffset="11881" SrcFileId="1" StartOffset="11852"/>
                                                </LocList>
                                            </BasicStmnt>
                                            <BasicStmnt CovItemId="S155" CovItemPrefix="org.jfree.data.test.DataUtilitesTest.java" Intrnl_Id="233">
                                                <LocList>
                                                    <Loc EndOffset="11908" SrcFileId="1" StartOffset="11887"/>
                                                </LocList>
                                            </BasicStmnt>
                                            <BasicStmnt CovItemId="S156" CovItemPrefix="org.jfree.data.test.DataUtilitesTest.java" Intrnl_Id="234">
                                                <LocList>
                                                    <Loc EndOffset="11943" SrcFileId="1" StartOffset="11914"/>
                                                </LocList>
                                            </BasicStmnt>
                                            <BasicStmnt CovItemId="S157" CovItemPrefix="org.jfree.data.test.DataUtilitesTest.java" Intrnl_Id="235">
                                                <LocList>
                                                    <Loc EndOffset="11970" SrcFileId="1" StartOffset="11949"/>
                                                </LocList>
                                            </BasicStmnt>
                                            <BasicStmnt CovItemId="S158" CovItemPrefix="org.jfree.data.test.DataUtilitesTest.java" Intrnl_Id="236">
                                                <LocList>
                                                    <Loc EndOffset="12005" SrcFileId="1" StartOffset="11976"/>
                                                </LocList>
                                            </BasicStmnt>
                                            <BasicStmnt CovItemId="S159" CovItemPrefix="org.jfree.data.test.DataUtilitesTest.java" Intrnl_Id="237">
                                                <LocList>
                                                    <Loc EndOffset="12032" SrcFileId="1" StartOffset="12011"/>
                                                </LocList>
                                            </BasicStmnt>
                                            <BasicStmnt CovItemId="S160" CovItemPrefix="org.jfree.data.test.DataUtilitesTest.java" Intrnl_Id="238">
                                                <LocList>
                                                    <Loc EndOffset="12071" SrcFileId="1" StartOffset="12044"/>
                                                </LocList>
                                            </BasicStmnt>
                                            <BasicStmnt CovItemId="S161" CovItemPrefix="org.jfree.data.test.DataUtilitesTest.java" Intrnl_Id="239">
                                                <LocList>
                                                    <Loc EndOffset="12098" SrcFileId="1" StartOffset="12077"/>
                                                </LocList>
                                            </BasicStmnt>
                                            <BasicStmnt CovItemId="S162" CovItemPrefix="org.jfree.data.test.DataUtilitesTest.java" Intrnl_Id="240">
                                                <LocList>
                                                    <Loc EndOffset="12131" SrcFileId="1" StartOffset="12104"/>
                                                </LocList>
                                            </BasicStmnt>
                                            <BasicStmnt CovItemId="S163" CovItemPrefix="org.jfree.data.test.DataUtilitesTest.java" Intrnl_Id="241">
                                                <LocList>
                                                    <Loc EndOffset="12158" SrcFileId="1" StartOffset="12137"/>
                                                </LocList>
                                            </BasicStmnt>
                                            <BasicStmnt CovItemId="S164" CovItemPrefix="org.jfree.data.test.DataUtilitesTest.java" Intrnl_Id="242">
                                                <LocList>
                                                    <Loc EndOffset="12191" SrcFileId="1" StartOffset="12164"/>
                                                </LocList>
                                            </BasicStmnt>
                                            <BasicStmnt CovItemId="S165" CovItemPrefix="org.jfree.data.test.DataUtilitesTest.java" Intrnl_Id="243">
                                                <LocList>
                                                    <Loc EndOffset="12218" SrcFileId="1" StartOffset="12197"/>
                                                </LocList>
                                            </BasicStmnt>
                                        </StmntSeq>
                                    </HierarchyLvl>
                                </HierarchyLvl>
                                <HierarchyLvl HierarchyLvlId="6787" HierarchyLvlTypeId="5" Intrnl_Id="244" Name="create2DNumberArrayTwoDoubleElements">
                                    <Header>
                                        <Loc EndOffset="12587" SrcFileId="1" StartOffset="12529"/>
                                    </Header>
                                    <LocList>
                                        <Loc EndOffset="13100" SrcFileId="1" StartOffset="12529"/>
                                    </LocList>
                                    <StmntSeq Intrnl_Id="245">
                                        <LocList>
                                            <Loc EndOffset="12660" SrcFileId="1" StartOffset="12593"/>
                                            <Loc EndOffset="12765" SrcFileId="1" StartOffset="12664"/>
                                            <Loc EndOffset="12845" SrcFileId="1" StartOffset="12769"/>
                                            <Loc EndOffset="12926" SrcFileId="1" StartOffset="12851"/>
                                            <Loc EndOffset="13006" SrcFileId="1" StartOffset="12930"/>
                                            <Loc EndOffset="13087" SrcFileId="1" StartOffset="13012"/>
                                        </LocList>
                                        <BasicStmnt CovItemId="S170" CovItemPrefix="org.jfree.data.test.DataUtilitesTest.java" Intrnl_Id="246">
                                            <LocList>
                                                <Loc EndOffset="12660" SrcFileId="1" StartOffset="12593"/>
                                            </LocList>
                                        </BasicStmnt>
                                        <BasicStmnt CovItemId="S171" CovItemPrefix="org.jfree.data.test.DataUtilitesTest.java" Intrnl_Id="247">
                                            <LocList>
                                                <Loc EndOffset="12765" SrcFileId="1" StartOffset="12664"/>
                                            </LocList>
                                        </BasicStmnt>
                                        <BasicStmnt CovItemId="S172" CovItemPrefix="org.jfree.data.test.DataUtilitesTest.java" Intrnl_Id="248">
                                            <LocList>
                                                <Loc EndOffset="12845" SrcFileId="1" StartOffset="12769"/>
                                            </LocList>
                                        </BasicStmnt>
                                        <BasicStmnt CovItemId="S173" CovItemPrefix="org.jfree.data.test.DataUtilitesTest.java" Intrnl_Id="249">
                                            <LocList>
                                                <Loc EndOffset="12926" SrcFileId="1" StartOffset="12851"/>
                                            </LocList>
                                        </BasicStmnt>
                                        <BasicStmnt CovItemId="S174" CovItemPrefix="org.jfree.data.test.DataUtilitesTest.java" Intrnl_Id="250">
                                            <LocList>
                                                <Loc EndOffset="13006" SrcFileId="1" StartOffset="12930"/>
                                            </LocList>
                                        </BasicStmnt>
                                        <BasicStmnt CovItemId="S175" CovItemPrefix="org.jfree.data.test.DataUtilitesTest.java" Intrnl_Id="251">
                                            <LocList>
                                                <Loc EndOffset="13087" SrcFileId="1" StartOffset="13012"/>
                                            </LocList>
                                        </BasicStmnt>
                                    </StmntSeq>
                                </HierarchyLvl>
                                <HierarchyLvl HierarchyLvlId="6788" HierarchyLvlTypeId="5" Intrnl_Id="252" Name="create2DNumberArraySizeTest">
                                    <Header>
                                        <Loc EndOffset="13207" SrcFileId="1" StartOffset="13158"/>
                                    </Header>
                                    <LocList>
                                        <Loc EndOffset="13475" SrcFileId="1" StartOffset="13158"/>
                                    </LocList>
                                    <StmntSeq Intrnl_Id="253">
                                        <LocList>
                                            <Loc EndOffset="13280" SrcFileId="1" StartOffset="13213"/>
                                            <Loc EndOffset="13385" SrcFileId="1" StartOffset="13284"/>
                                            <Loc EndOffset="13469" SrcFileId="1" StartOffset="13389"/>
                                        </LocList>
                                        <BasicStmnt CovItemId="S176" CovItemPrefix="org.jfree.data.test.DataUtilitesTest.java" Intrnl_Id="254">
                                            <LocList>
                                                <Loc EndOffset="13280" SrcFileId="1" StartOffset="13213"/>
                                            </LocList>
                                        </BasicStmnt>
                                        <BasicStmnt CovItemId="S177" CovItemPrefix="org.jfree.data.test.DataUtilitesTest.java" Intrnl_Id="255">
                                            <LocList>
                                                <Loc EndOffset="13385" SrcFileId="1" StartOffset="13284"/>
                                            </LocList>
                                        </BasicStmnt>
                                        <BasicStmnt CovItemId="S178" CovItemPrefix="org.jfree.data.test.DataUtilitesTest.java" Intrnl_Id="256">
                                            <LocList>
                                                <Loc EndOffset="13469" SrcFileId="1" StartOffset="13389"/>
                                            </LocList>
                                        </BasicStmnt>
                                    </StmntSeq>
                                </HierarchyLvl>
                                <HierarchyLvl HierarchyLvlId="6789" HierarchyLvlTypeId="5" Intrnl_Id="257" Name="create2DNumberArrayNullArgument">
                                    <Header>
                                        <Loc EndOffset="13679" SrcFileId="1" StartOffset="13565"/>
                                    </Header>
                                    <LocList>
                                        <Loc EndOffset="13730" SrcFileId="1" StartOffset="13565"/>
                                    </LocList>
                                    <StmntSeq Intrnl_Id="258">
                                        <LocList>
                                            <Loc EndOffset="13725" SrcFileId="1" StartOffset="13685"/>
                                        </LocList>
                                        <BasicStmnt CovItemId="S179" CovItemPrefix="org.jfree.data.test.DataUtilitesTest.java" Intrnl_Id="259">
                                            <LocList>
                                                <Loc EndOffset="13725" SrcFileId="1" StartOffset="13685"/>
                                            </LocList>
                                        </BasicStmnt>
                                    </StmntSeq>
                                </HierarchyLvl>
                                <HierarchyLvl HierarchyLvlId="6791" HierarchyLvlTypeId="5" Intrnl_Id="260" Name="testingAllElements">
                                    <Header>
                                        <Loc EndOffset="13856" SrcFileId="1" StartOffset="13815"/>
                                    </Header>
                                    <LocList>
                                        <Loc EndOffset="14821" SrcFileId="1" StartOffset="13815"/>
                                    </LocList>
                                    <StmntSeq Intrnl_Id="261">
                                        <LocList>
                                            <Loc EndOffset="13900" SrcFileId="1" StartOffset="13861"/>
                                            <Loc EndOffset="13973" SrcFileId="1" StartOffset="13904"/>
                                            <Loc EndOffset="14002" SrcFileId="1" StartOffset="13978"/>
                                            <Loc EndOffset="14590" SrcFileId="1" StartOffset="14588"/>
                                            <Loc EndOffset="14671" SrcFileId="1" StartOffset="14600"/>
                                            <Loc EndOffset="14746" SrcFileId="1" StartOffset="14681"/>
                                            <Loc EndOffset="14816" SrcFileId="1" StartOffset="14751"/>
                                        </LocList>
                                        <BasicStmnt CovItemId="S180" CovItemPrefix="org.jfree.data.test.DataUtilitesTest.java" Intrnl_Id="262">
                                            <LocList>
                                                <Loc EndOffset="13900" SrcFileId="1" StartOffset="13861"/>
                                            </LocList>
                                        </BasicStmnt>
                                        <BasicStmnt CovItemId="S181" CovItemPrefix="org.jfree.data.test.DataUtilitesTest.java" Intrnl_Id="263">
                                            <LocList>
                                                <Loc EndOffset="13973" SrcFileId="1" StartOffset="13904"/>
                                            </LocList>
                                        </BasicStmnt>
                                        <BasicStmnt CovItemId="S182" CovItemPrefix="org.jfree.data.test.DataUtilitesTest.java" Intrnl_Id="264">
                                            <LocList>
                                                <Loc EndOffset="14002" SrcFileId="1" StartOffset="13978"/>
                                                <Loc EndOffset="14590" SrcFileId="1" StartOffset="14588"/>
                                            </LocList>
                                        </BasicStmnt>
                                        <BasicStmnt CovItemId="S197" CovItemPrefix="org.jfree.data.test.DataUtilitesTest.java" Intrnl_Id="265">
                                            <LocList>
                                                <Loc EndOffset="14671" SrcFileId="1" StartOffset="14600"/>
                                            </LocList>
                                        </BasicStmnt>
                                        <BasicStmnt CovItemId="S198" CovItemPrefix="org.jfree.data.test.DataUtilitesTest.java" Intrnl_Id="266">
                                            <LocList>
                                                <Loc EndOffset="14746" SrcFileId="1" StartOffset="14681"/>
                                            </LocList>
                                        </BasicStmnt>
                                        <BasicStmnt CovItemId="S199" CovItemPrefix="org.jfree.data.test.DataUtilitesTest.java" Intrnl_Id="267">
                                            <LocList>
                                                <Loc EndOffset="14816" SrcFileId="1" StartOffset="14751"/>
                                            </LocList>
                                        </BasicStmnt>
                                    </StmntSeq>
                                    <HierarchyLvl HierarchyLvlId="6790" HierarchyLvlTypeId="4" Intrnl_Id="268" Name="Expectations">
                                        <Header>
                                            <Loc EndOffset="14020" SrcFileId="1" StartOffset="14006"/>
                                        </Header>
                                        <LocList>
                                            <Loc EndOffset="14588" SrcFileId="1" StartOffset="14002"/>
                                        </LocList>
                                        <StmntSeq Intrnl_Id="269">
                                            <LocList>
                                                <Loc EndOffset="14074" SrcFileId="1" StartOffset="14034"/>
                                                <Loc EndOffset="14101" SrcFileId="1" StartOffset="14080"/>
                                                <Loc EndOffset="14156" SrcFileId="1" StartOffset="14119"/>
                                                <Loc EndOffset="14183" SrcFileId="1" StartOffset="14162"/>
                                                <Loc EndOffset="14232" SrcFileId="1" StartOffset="14195"/>
                                                <Loc EndOffset="14259" SrcFileId="1" StartOffset="14238"/>
                                                <Loc EndOffset="14308" SrcFileId="1" StartOffset="14271"/>
                                                <Loc EndOffset="14335" SrcFileId="1" StartOffset="14314"/>
                                                <Loc EndOffset="14382" SrcFileId="1" StartOffset="14347"/>
                                                <Loc EndOffset="14414" SrcFileId="1" StartOffset="14388"/>
                                                <Loc EndOffset="14461" SrcFileId="1" StartOffset="14426"/>
                                                <Loc EndOffset="14493" SrcFileId="1" StartOffset="14467"/>
                                                <Loc EndOffset="14540" SrcFileId="1" StartOffset="14505"/>
                                                <Loc EndOffset="14572" SrcFileId="1" StartOffset="14546"/>
                                            </LocList>
                                            <BasicStmnt CovItemId="S183" CovItemPrefix="org.jfree.data.test.DataUtilitesTest.java" Intrnl_Id="270">
                                                <LocList>
                                                    <Loc EndOffset="14074" SrcFileId="1" StartOffset="14034"/>
                                                </LocList>
                                            </BasicStmnt>
                                            <BasicStmnt CovItemId="S184" CovItemPrefix="org.jfree.data.test.DataUtilitesTest.java" Intrnl_Id="271">
                                                <LocList>
                                                    <Loc EndOffset="14101" SrcFileId="1" StartOffset="14080"/>
                                                </LocList>
                                            </BasicStmnt>
                                            <BasicStmnt CovItemId="S185" CovItemPrefix="org.jfree.data.test.DataUtilitesTest.java" Intrnl_Id="272">
                                                <LocList>
                                                    <Loc EndOffset="14156" SrcFileId="1" StartOffset="14119"/>
                                                </LocList>
                                            </BasicStmnt>
                                            <BasicStmnt CovItemId="S186" CovItemPrefix="org.jfree.data.test.DataUtilitesTest.java" Intrnl_Id="273">
                                                <LocList>
                                                    <Loc EndOffset="14183" SrcFileId="1" StartOffset="14162"/>
                                                </LocList>
                                            </BasicStmnt>
                                            <BasicStmnt CovItemId="S187" CovItemPrefix="org.jfree.data.test.DataUtilitesTest.java" Intrnl_Id="274">
                                                <LocList>
                                                    <Loc EndOffset="14232" SrcFileId="1" StartOffset="14195"/>
                                                </LocList>
                                            </BasicStmnt>
                                            <BasicStmnt CovItemId="S188" CovItemPrefix="org.jfree.data.test.DataUtilitesTest.java" Intrnl_Id="275">
                                                <LocList>
                                                    <Loc EndOffset="14259" SrcFileId="1" StartOffset="14238"/>
                                                </LocList>
                                            </BasicStmnt>
                                            <BasicStmnt CovItemId="S189" CovItemPrefix="org.jfree.data.test.DataUtilitesTest.java" Intrnl_Id="276">
                                                <LocList>
                                                    <Loc EndOffset="14308" SrcFileId="1" StartOffset="14271"/>
                                                </LocList>
                                            </BasicStmnt>
                                            <BasicStmnt CovItemId="S190" CovItemPrefix="org.jfree.data.test.DataUtilitesTest.java" Intrnl_Id="277">
                                                <LocList>
                                                    <Loc EndOffset="14335" SrcFileId="1" StartOffset="14314"/>
                                                </LocList>
                                            </BasicStmnt>
                                            <BasicStmnt CovItemId="S191" CovItemPrefix="org.jfree.data.test.DataUtilitesTest.java" Intrnl_Id="278">
                                                <LocList>
                                                    <Loc EndOffset="14382" SrcFileId="1" StartOffset="14347"/>
                                                </LocList>
                                            </BasicStmnt>
                                            <BasicStmnt CovItemId="S192" CovItemPrefix="org.jfree.data.test.DataUtilitesTest.java" Intrnl_Id="279">
                                                <LocList>
                                                    <Loc EndOffset="14414" SrcFileId="1" StartOffset="14388"/>
                                                </LocList>
                                            </BasicStmnt>
                                            <BasicStmnt CovItemId="S193" CovItemPrefix="org.jfree.data.test.DataUtilitesTest.java" Intrnl_Id="280">
                                                <LocList>
                                                    <Loc EndOffset="14461" SrcFileId="1" StartOffset="14426"/>
                                                </LocList>
                                            </BasicStmnt>
                                            <BasicStmnt CovItemId="S194" CovItemPrefix="org.jfree.data.test.DataUtilitesTest.java" Intrnl_Id="281">
                                                <LocList>
                                                    <Loc EndOffset="14493" SrcFileId="1" StartOffset="14467"/>
                                                </LocList>
                                            </BasicStmnt>
                                            <BasicStmnt CovItemId="S195" CovItemPrefix="org.jfree.data.test.DataUtilitesTest.java" Intrnl_Id="282">
                                                <LocList>
                                                    <Loc EndOffset="14540" SrcFileId="1" StartOffset="14505"/>
                                                </LocList>
                                            </BasicStmnt>
                                            <BasicStmnt CovItemId="S196" CovItemPrefix="org.jfree.data.test.DataUtilitesTest.java" Intrnl_Id="283">
                                                <LocList>
                                                    <Loc EndOffset="14572" SrcFileId="1" StartOffset="14546"/>
                                                </LocList>
                                            </BasicStmnt>
                                        </StmntSeq>
                                    </HierarchyLvl>
                                </HierarchyLvl>
                                <HierarchyLvl HierarchyLvlId="6793" HierarchyLvlTypeId="5" Intrnl_Id="284" Name="allZeroRows">
                                    <Header>
                                        <Loc EndOffset="14903" SrcFileId="1" StartOffset="14869"/>
                                    </Header>
                                    <LocList>
                                        <Loc EndOffset="15940" SrcFileId="1" StartOffset="14869"/>
                                    </LocList>
                                    <StmntSeq Intrnl_Id="285">
                                        <LocList>
                                            <Loc EndOffset="14948" SrcFileId="1" StartOffset="14909"/>
                                            <Loc EndOffset="15019" SrcFileId="1" StartOffset="14953"/>
                                            <Loc EndOffset="15048" SrcFileId="1" StartOffset="15024"/>
                                            <Loc EndOffset="15661" SrcFileId="1" StartOffset="15659"/>
                                            <Loc EndOffset="15739" SrcFileId="1" StartOffset="15671"/>
                                            <Loc EndOffset="15788" SrcFileId="1" StartOffset="15744"/>
                                            <Loc EndOffset="15837" SrcFileId="1" StartOffset="15793"/>
                                            <Loc EndOffset="15886" SrcFileId="1" StartOffset="15842"/>
                                            <Loc EndOffset="15935" SrcFileId="1" StartOffset="15891"/>
                                        </LocList>
                                        <BasicStmnt CovItemId="S200" CovItemPrefix="org.jfree.data.test.DataUtilitesTest.java" Intrnl_Id="286">
                                            <LocList>
                                                <Loc EndOffset="14948" SrcFileId="1" StartOffset="14909"/>
                                            </LocList>
                                        </BasicStmnt>
                                        <BasicStmnt CovItemId="S201" CovItemPrefix="org.jfree.data.test.DataUtilitesTest.java" Intrnl_Id="287">
                                            <LocList>
                                                <Loc EndOffset="15019" SrcFileId="1" StartOffset="14953"/>
                                            </LocList>
                                        </BasicStmnt>
                                        <BasicStmnt CovItemId="S202" CovItemPrefix="org.jfree.data.test.DataUtilitesTest.java" Intrnl_Id="288">
                                            <LocList>
                                                <Loc EndOffset="15048" SrcFileId="1" StartOffset="15024"/>
                                                <Loc EndOffset="15661" SrcFileId="1" StartOffset="15659"/>
                                            </LocList>
                                        </BasicStmnt>
                                        <BasicStmnt CovItemId="S221" CovItemPrefix="org.jfree.data.test.DataUtilitesTest.java" Intrnl_Id="289">
                                            <LocList>
                                                <Loc EndOffset="15739" SrcFileId="1" StartOffset="15671"/>
                                            </LocList>
                                        </BasicStmnt>
                                        <BasicStmnt CovItemId="S222" CovItemPrefix="org.jfree.data.test.DataUtilitesTest.java" Intrnl_Id="290">
                                            <LocList>
                                                <Loc EndOffset="15788" SrcFileId="1" StartOffset="15744"/>
                                            </LocList>
                                        </BasicStmnt>
                                        <BasicStmnt CovItemId="S223" CovItemPrefix="org.jfree.data.test.DataUtilitesTest.java" Intrnl_Id="291">
                                            <LocList>
                                                <Loc EndOffset="15837" SrcFileId="1" StartOffset="15793"/>
                                            </LocList>
                                        </BasicStmnt>
                                        <BasicStmnt CovItemId="S224" CovItemPrefix="org.jfree.data.test.DataUtilitesTest.java" Intrnl_Id="292">
                                            <LocList>
                                                <Loc EndOffset="15886" SrcFileId="1" StartOffset="15842"/>
                                            </LocList>
                                        </BasicStmnt>
                                        <BasicStmnt CovItemId="S225" CovItemPrefix="org.jfree.data.test.DataUtilitesTest.java" Intrnl_Id="293">
                                            <LocList>
                                                <Loc EndOffset="15935" SrcFileId="1" StartOffset="15891"/>
                                            </LocList>
                                        </BasicStmnt>
                                    </StmntSeq>
                                    <HierarchyLvl HierarchyLvlId="6792" HierarchyLvlTypeId="4" Intrnl_Id="294" Name="Expectations">
                                        <Header>
                                            <Loc EndOffset="15066" SrcFileId="1" StartOffset="15052"/>
                                        </Header>
                                        <LocList>
                                            <Loc EndOffset="15659" SrcFileId="1" StartOffset="15048"/>
                                        </LocList>
                                        <StmntSeq Intrnl_Id="295">
                                            <LocList>
                                                <Loc EndOffset="15114" SrcFileId="1" StartOffset="15082"/>
                                                <Loc EndOffset="15142" SrcFileId="1" StartOffset="15121"/>
                                                <Loc EndOffset="15178" SrcFileId="1" StartOffset="15149"/>
                                                <Loc EndOffset="15206" SrcFileId="1" StartOffset="15185"/>
                                                <Loc EndOffset="15242" SrcFileId="1" StartOffset="15213"/>
                                                <Loc EndOffset="15270" SrcFileId="1" StartOffset="15249"/>
                                                <Loc EndOffset="15306" SrcFileId="1" StartOffset="15277"/>
                                                <Loc EndOffset="15334" SrcFileId="1" StartOffset="15313"/>
                                                <Loc EndOffset="15370" SrcFileId="1" StartOffset="15341"/>
                                                <Loc EndOffset="15398" SrcFileId="1" StartOffset="15377"/>
                                                <Loc EndOffset="15432" SrcFileId="1" StartOffset="15405"/>
                                                <Loc EndOffset="15460" SrcFileId="1" StartOffset="15439"/>
                                                <Loc EndOffset="15494" SrcFileId="1" StartOffset="15467"/>
                                                <Loc EndOffset="15522" SrcFileId="1" StartOffset="15501"/>
                                                <Loc EndOffset="15556" SrcFileId="1" StartOffset="15529"/>
                                                <Loc EndOffset="15584" SrcFileId="1" StartOffset="15563"/>
                                                <Loc EndOffset="15618" SrcFileId="1" StartOffset="15591"/>
                                                <Loc EndOffset="15646" SrcFileId="1" StartOffset="15625"/>
                                            </LocList>
                                            <BasicStmnt CovItemId="S203" CovItemPrefix="org.jfree.data.test.DataUtilitesTest.java" Intrnl_Id="296">
                                                <LocList>
                                                    <Loc EndOffset="15114" SrcFileId="1" StartOffset="15082"/>
                                                </LocList>
                                            </BasicStmnt>
                                            <BasicStmnt CovItemId="S204" CovItemPrefix="org.jfree.data.test.DataUtilitesTest.java" Intrnl_Id="297">
                                                <LocList>
                                                    <Loc EndOffset="15142" SrcFileId="1" StartOffset="15121"/>
                                                </LocList>
                                            </BasicStmnt>
                                            <BasicStmnt CovItemId="S205" CovItemPrefix="org.jfree.data.test.DataUtilitesTest.java" Intrnl_Id="298">
                                                <LocList>
                                                    <Loc EndOffset="15178" SrcFileId="1" StartOffset="15149"/>
                                                </LocList>
                                            </BasicStmnt>
                                            <BasicStmnt CovItemId="S206" CovItemPrefix="org.jfree.data.test.DataUtilitesTest.java" Intrnl_Id="299">
                                                <LocList>
                                                    <Loc EndOffset="15206" SrcFileId="1" StartOffset="15185"/>
                                                </LocList>
                                            </BasicStmnt>
                                            <BasicStmnt CovItemId="S207" CovItemPrefix="org.jfree.data.test.DataUtilitesTest.java" Intrnl_Id="300">
                                                <LocList>
                                                    <Loc EndOffset="15242" SrcFileId="1" StartOffset="15213"/>
                                                </LocList>
                                            </BasicStmnt>
                                            <BasicStmnt CovItemId="S208" CovItemPrefix="org.jfree.data.test.DataUtilitesTest.java" Intrnl_Id="301">
                                                <LocList>
                                                    <Loc EndOffset="15270" SrcFileId="1" StartOffset="15249"/>
                                                </LocList>
                                            </BasicStmnt>
                                            <BasicStmnt CovItemId="S209" CovItemPrefix="org.jfree.data.test.DataUtilitesTest.java" Intrnl_Id="302">
                                                <LocList>
                                                    <Loc EndOffset="15306" SrcFileId="1" StartOffset="15277"/>
                                                </LocList>
                                            </BasicStmnt>
                                            <BasicStmnt CovItemId="S210" CovItemPrefix="org.jfree.data.test.DataUtilitesTest.java" Intrnl_Id="303">
                                                <LocList>
                                                    <Loc EndOffset="15334" SrcFileId="1" StartOffset="15313"/>
                                                </LocList>
                                            </BasicStmnt>
                                            <BasicStmnt CovItemId="S211" CovItemPrefix="org.jfree.data.test.DataUtilitesTest.java" Intrnl_Id="304">
                                                <LocList>
                                                    <Loc EndOffset="15370" SrcFileId="1" StartOffset="15341"/>
                                                </LocList>
                                            </BasicStmnt>
                                            <BasicStmnt CovItemId="S212" CovItemPrefix="org.jfree.data.test.DataUtilitesTest.java" Intrnl_Id="305">
                                                <LocList>
                                                    <Loc EndOffset="15398" SrcFileId="1" StartOffset="15377"/>
                                                </LocList>
                                            </BasicStmnt>
                                            <BasicStmnt CovItemId="S213" CovItemPrefix="org.jfree.data.test.DataUtilitesTest.java" Intrnl_Id="306">
                                                <LocList>
                                                    <Loc EndOffset="15432" SrcFileId="1" StartOffset="15405"/>
                                                </LocList>
                                            </BasicStmnt>
                                            <BasicStmnt CovItemId="S214" CovItemPrefix="org.jfree.data.test.DataUtilitesTest.java" Intrnl_Id="307">
                                                <LocList>
                                                    <Loc EndOffset="15460" SrcFileId="1" StartOffset="15439"/>
                                                </LocList>
                                            </BasicStmnt>
                                            <BasicStmnt CovItemId="S215" CovItemPrefix="org.jfree.data.test.DataUtilitesTest.java" Intrnl_Id="308">
                                                <LocList>
                                                    <Loc EndOffset="15494" SrcFileId="1" StartOffset="15467"/>
                                                </LocList>
                                            </BasicStmnt>
                                            <BasicStmnt CovItemId="S216" CovItemPrefix="org.jfree.data.test.DataUtilitesTest.java" Intrnl_Id="309">
                                                <LocList>
                                                    <Loc EndOffset="15522" SrcFileId="1" StartOffset="15501"/>
                                                </LocList>
                                            </BasicStmnt>
                                            <BasicStmnt CovItemId="S217" CovItemPrefix="org.jfree.data.test.DataUtilitesTest.java" Intrnl_Id="310">
                                                <LocList>
                                                    <Loc EndOffset="15556" SrcFileId="1" StartOffset="15529"/>
                                                </LocList>
                                            </BasicStmnt>
                                            <BasicStmnt CovItemId="S218" CovItemPrefix="org.jfree.data.test.DataUtilitesTest.java" Intrnl_Id="311">
                                                <LocList>
                                                    <Loc EndOffset="15584" SrcFileId="1" StartOffset="15563"/>
                                                </LocList>
                                            </BasicStmnt>
                                            <BasicStmnt CovItemId="S219" CovItemPrefix="org.jfree.data.test.DataUtilitesTest.java" Intrnl_Id="312">
                                                <LocList>
                                                    <Loc EndOffset="15618" SrcFileId="1" StartOffset="15591"/>
                                                </LocList>
                                            </BasicStmnt>
                                            <BasicStmnt CovItemId="S220" CovItemPrefix="org.jfree.data.test.DataUtilitesTest.java" Intrnl_Id="313">
                                                <LocList>
                                                    <Loc EndOffset="15646" SrcFileId="1" StartOffset="15625"/>
                                                </LocList>
                                            </BasicStmnt>
                                        </StmntSeq>
                                    </HierarchyLvl>
                                </HierarchyLvl>
                                <HierarchyLvl HierarchyLvlId="6795" HierarchyLvlTypeId="5" Intrnl_Id="314" Name="lastTwoRowsZero">
                                    <Header>
                                        <Loc EndOffset="16030" SrcFileId="1" StartOffset="15992"/>
                                    </Header>
                                    <LocList>
                                        <Loc EndOffset="16893" SrcFileId="1" StartOffset="15992"/>
                                    </LocList>
                                    <StmntSeq Intrnl_Id="315">
                                        <LocList>
                                            <Loc EndOffset="16075" SrcFileId="1" StartOffset="16036"/>
                                            <Loc EndOffset="16146" SrcFileId="1" StartOffset="16080"/>
                                            <Loc EndOffset="16175" SrcFileId="1" StartOffset="16151"/>
                                            <Loc EndOffset="16676" SrcFileId="1" StartOffset="16674"/>
                                            <Loc EndOffset="16754" SrcFileId="1" StartOffset="16686"/>
                                            <Loc EndOffset="16797" SrcFileId="1" StartOffset="16759"/>
                                            <Loc EndOffset="16840" SrcFileId="1" StartOffset="16802"/>
                                            <Loc EndOffset="16883" SrcFileId="1" StartOffset="16845"/>
                                        </LocList>
                                        <BasicStmnt CovItemId="S226" CovItemPrefix="org.jfree.data.test.DataUtilitesTest.java" Intrnl_Id="316">
                                            <LocList>
                                                <Loc EndOffset="16075" SrcFileId="1" StartOffset="16036"/>
                                            </LocList>
                                        </BasicStmnt>
                                        <BasicStmnt CovItemId="S227" CovItemPrefix="org.jfree.data.test.DataUtilitesTest.java" Intrnl_Id="317">
                                            <LocList>
                                                <Loc EndOffset="16146" SrcFileId="1" StartOffset="16080"/>
                                            </LocList>
                                        </BasicStmnt>
                                        <BasicStmnt CovItemId="S228" CovItemPrefix="org.jfree.data.test.DataUtilitesTest.java" Intrnl_Id="318">
                                            <LocList>
                                                <Loc EndOffset="16175" SrcFileId="1" StartOffset="16151"/>
                                                <Loc EndOffset="16676" SrcFileId="1" StartOffset="16674"/>
                                            </LocList>
                                        </BasicStmnt>
                                        <BasicStmnt CovItemId="S243" CovItemPrefix="org.jfree.data.test.DataUtilitesTest.java" Intrnl_Id="319">
                                            <LocList>
                                                <Loc EndOffset="16754" SrcFileId="1" StartOffset="16686"/>
                                            </LocList>
                                        </BasicStmnt>
                                        <BasicStmnt CovItemId="S244" CovItemPrefix="org.jfree.data.test.DataUtilitesTest.java" Intrnl_Id="320">
                                            <LocList>
                                                <Loc EndOffset="16797" SrcFileId="1" StartOffset="16759"/>
                                            </LocList>
                                        </BasicStmnt>
                                        <BasicStmnt CovItemId="S245" CovItemPrefix="org.jfree.data.test.DataUtilitesTest.java" Intrnl_Id="321">
                                            <LocList>
                                                <Loc EndOffset="16840" SrcFileId="1" StartOffset="16802"/>
                                            </LocList>
                                        </BasicStmnt>
                                        <BasicStmnt CovItemId="S246" CovItemPrefix="org.jfree.data.test.DataUtilitesTest.java" Intrnl_Id="322">
                                            <LocList>
                                                <Loc EndOffset="16883" SrcFileId="1" StartOffset="16845"/>
                                            </LocList>
                                        </BasicStmnt>
                                    </StmntSeq>
                                    <HierarchyLvl HierarchyLvlId="6794" HierarchyLvlTypeId="4" Intrnl_Id="323" Name="Expectations">
                                        <Header>
                                            <Loc EndOffset="16193" SrcFileId="1" StartOffset="16179"/>
                                        </Header>
                                        <LocList>
                                            <Loc EndOffset="16674" SrcFileId="1" StartOffset="16175"/>
                                        </LocList>
                                        <StmntSeq Intrnl_Id="324">
                                            <LocList>
                                                <Loc EndOffset="16241" SrcFileId="1" StartOffset="16209"/>
                                                <Loc EndOffset="16269" SrcFileId="1" StartOffset="16248"/>
                                                <Loc EndOffset="16305" SrcFileId="1" StartOffset="16276"/>
                                                <Loc EndOffset="16333" SrcFileId="1" StartOffset="16312"/>
                                                <Loc EndOffset="16369" SrcFileId="1" StartOffset="16340"/>
                                                <Loc EndOffset="16397" SrcFileId="1" StartOffset="16376"/>
                                                <Loc EndOffset="16433" SrcFileId="1" StartOffset="16404"/>
                                                <Loc EndOffset="16461" SrcFileId="1" StartOffset="16440"/>
                                                <Loc EndOffset="16502" SrcFileId="1" StartOffset="16475"/>
                                                <Loc EndOffset="16530" SrcFileId="1" StartOffset="16509"/>
                                                <Loc EndOffset="16564" SrcFileId="1" StartOffset="16537"/>
                                                <Loc EndOffset="16592" SrcFileId="1" StartOffset="16571"/>
                                                <Loc EndOffset="16626" SrcFileId="1" StartOffset="16599"/>
                                                <Loc EndOffset="16654" SrcFileId="1" StartOffset="16633"/>
                                            </LocList>
                                            <BasicStmnt CovItemId="S229" CovItemPrefix="org.jfree.data.test.DataUtilitesTest.java" Intrnl_Id="325">
                                                <LocList>
                                                    <Loc EndOffset="16241" SrcFileId="1" StartOffset="16209"/>
                                                </LocList>
                                            </BasicStmnt>
                                            <BasicStmnt CovItemId="S230" CovItemPrefix="org.jfree.data.test.DataUtilitesTest.java" Intrnl_Id="326">
                                                <LocList>
                                                    <Loc EndOffset="16269" SrcFileId="1" StartOffset="16248"/>
                                                </LocList>
                                            </BasicStmnt>
                                            <BasicStmnt CovItemId="S231" CovItemPrefix="org.jfree.data.test.DataUtilitesTest.java" Intrnl_Id="327">
                                                <LocList>
                                                    <Loc EndOffset="16305" SrcFileId="1" StartOffset="16276"/>
                                                </LocList>
                                            </BasicStmnt>
                                            <BasicStmnt CovItemId="S232" CovItemPrefix="org.jfree.data.test.DataUtilitesTest.java" Intrnl_Id="328">
                                                <LocList>
                                                    <Loc EndOffset="16333" SrcFileId="1" StartOffset="16312"/>
                                                </LocList>
                                            </BasicStmnt>
                                            <BasicStmnt CovItemId="S233" CovItemPrefix="org.jfree.data.test.DataUtilitesTest.java" Intrnl_Id="329">
                                                <LocList>
                                                    <Loc EndOffset="16369" SrcFileId="1" StartOffset="16340"/>
                                                </LocList>
                                            </BasicStmnt>
                                            <BasicStmnt CovItemId="S234" CovItemPrefix="org.jfree.data.test.DataUtilitesTest.java" Intrnl_Id="330">
                                                <LocList>
                                                    <Loc EndOffset="16397" SrcFileId="1" StartOffset="16376"/>
                                                </LocList>
                                            </BasicStmnt>
                                            <BasicStmnt CovItemId="S235" CovItemPrefix="org.jfree.data.test.DataUtilitesTest.java" Intrnl_Id="331">
                                                <LocList>
                                                    <Loc EndOffset="16433" SrcFileId="1" StartOffset="16404"/>
                                                </LocList>
                                            </BasicStmnt>
                                            <BasicStmnt CovItemId="S236" CovItemPrefix="org.jfree.data.test.DataUtilitesTest.java" Intrnl_Id="332">
                                                <LocList>
                                                    <Loc EndOffset="16461" SrcFileId="1" StartOffset="16440"/>
                                                </LocList>
                                            </BasicStmnt>
                                            <BasicStmnt CovItemId="S237" CovItemPrefix="org.jfree.data.test.DataUtilitesTest.java" Intrnl_Id="333">
                                                <LocList>
                                                    <Loc EndOffset="16502" SrcFileId="1" StartOffset="16475"/>
                                                </LocList>
                                            </BasicStmnt>
                                            <BasicStmnt CovItemId="S238" CovItemPrefix="org.jfree.data.test.DataUtilitesTest.java" Intrnl_Id="334">
                                                <LocList>
                                                    <Loc EndOffset="16530" SrcFileId="1" StartOffset="16509"/>
                                                </LocList>
                                            </BasicStmnt>
                                            <BasicStmnt CovItemId="S239" CovItemPrefix="org.jfree.data.test.DataUtilitesTest.java" Intrnl_Id="335">
                                                <LocList>
                                                    <Loc EndOffset="16564" SrcFileId="1" StartOffset="16537"/>
                                                </LocList>
                                            </BasicStmnt>
                                            <BasicStmnt CovItemId="S240" CovItemPrefix="org.jfree.data.test.DataUtilitesTest.java" Intrnl_Id="336">
                                                <LocList>
                                                    <Loc EndOffset="16592" SrcFileId="1" StartOffset="16571"/>
                                                </LocList>
                                            </BasicStmnt>
                                            <BasicStmnt CovItemId="S241" CovItemPrefix="org.jfree.data.test.DataUtilitesTest.java" Intrnl_Id="337">
                                                <LocList>
                                                    <Loc EndOffset="16626" SrcFileId="1" StartOffset="16599"/>
                                                </LocList>
                                            </BasicStmnt>
                                            <BasicStmnt CovItemId="S242" CovItemPrefix="org.jfree.data.test.DataUtilitesTest.java" Intrnl_Id="338">
                                                <LocList>
                                                    <Loc EndOffset="16654" SrcFileId="1" StartOffset="16633"/>
                                                </LocList>
                                            </BasicStmnt>
                                        </StmntSeq>
                                    </HierarchyLvl>
                                </HierarchyLvl>
                                <HierarchyLvl HierarchyLvlId="6797" HierarchyLvlTypeId="5" Intrnl_Id="339" Name="firstThreeRowsZero">
                                    <Header>
                                        <Loc EndOffset="16985" SrcFileId="1" StartOffset="16944"/>
                                    </Header>
                                    <LocList>
                                        <Loc EndOffset="17848" SrcFileId="1" StartOffset="16944"/>
                                    </LocList>
                                    <StmntSeq Intrnl_Id="340">
                                        <LocList>
                                            <Loc EndOffset="17030" SrcFileId="1" StartOffset="16991"/>
                                            <Loc EndOffset="17101" SrcFileId="1" StartOffset="17035"/>
                                            <Loc EndOffset="17130" SrcFileId="1" StartOffset="17106"/>
                                            <Loc EndOffset="17631" SrcFileId="1" StartOffset="17629"/>
                                            <Loc EndOffset="17709" SrcFileId="1" StartOffset="17641"/>
                                            <Loc EndOffset="17752" SrcFileId="1" StartOffset="17714"/>
                                            <Loc EndOffset="17795" SrcFileId="1" StartOffset="17757"/>
                                            <Loc EndOffset="17838" SrcFileId="1" StartOffset="17800"/>
                                        </LocList>
                                        <BasicStmnt CovItemId="S247" CovItemPrefix="org.jfree.data.test.DataUtilitesTest.java" Intrnl_Id="341">
                                            <LocList>
                                                <Loc EndOffset="17030" SrcFileId="1" StartOffset="16991"/>
                                            </LocList>
                                        </BasicStmnt>
                                        <BasicStmnt CovItemId="S248" CovItemPrefix="org.jfree.data.test.DataUtilitesTest.java" Intrnl_Id="342">
                                            <LocList>
                                                <Loc EndOffset="17101" SrcFileId="1" StartOffset="17035"/>
                                            </LocList>
                                        </BasicStmnt>
                                        <BasicStmnt CovItemId="S249" CovItemPrefix="org.jfree.data.test.DataUtilitesTest.java" Intrnl_Id="343">
                                            <LocList>
                                                <Loc EndOffset="17130" SrcFileId="1" StartOffset="17106"/>
                                                <Loc EndOffset="17631" SrcFileId="1" StartOffset="17629"/>
                                            </LocList>
                                        </BasicStmnt>
                                        <BasicStmnt CovItemId="S264" CovItemPrefix="org.jfree.data.test.DataUtilitesTest.java" Intrnl_Id="344">
                                            <LocList>
                                                <Loc EndOffset="17709" SrcFileId="1" StartOffset="17641"/>
                                            </LocList>
                                        </BasicStmnt>
                                        <BasicStmnt CovItemId="S265" CovItemPrefix="org.jfree.data.test.DataUtilitesTest.java" Intrnl_Id="345">
                                            <LocList>
                                                <Loc EndOffset="17752" SrcFileId="1" StartOffset="17714"/>
                                            </LocList>
                                        </BasicStmnt>
                                        <BasicStmnt CovItemId="S266" CovItemPrefix="org.jfree.data.test.DataUtilitesTest.java" Intrnl_Id="346">
                                            <LocList>
                                                <Loc EndOffset="17795" SrcFileId="1" StartOffset="17757"/>
                                            </LocList>
                                        </BasicStmnt>
                                        <BasicStmnt CovItemId="S267" CovItemPrefix="org.jfree.data.test.DataUtilitesTest.java" Intrnl_Id="347">
                                            <LocList>
                                                <Loc EndOffset="17838" SrcFileId="1" StartOffset="17800"/>
                                            </LocList>
                                        </BasicStmnt>
                                    </StmntSeq>
                                    <HierarchyLvl HierarchyLvlId="6796" HierarchyLvlTypeId="4" Intrnl_Id="348" Name="Expectations">
                                        <Header>
                                            <Loc EndOffset="17148" SrcFileId="1" StartOffset="17134"/>
                                        </Header>
                                        <LocList>
                                            <Loc EndOffset="17629" SrcFileId="1" StartOffset="17130"/>
                                        </LocList>
                                        <StmntSeq Intrnl_Id="349">
                                            <LocList>
                                                <Loc EndOffset="17196" SrcFileId="1" StartOffset="17164"/>
                                                <Loc EndOffset="17224" SrcFileId="1" StartOffset="17203"/>
                                                <Loc EndOffset="17260" SrcFileId="1" StartOffset="17231"/>
                                                <Loc EndOffset="17288" SrcFileId="1" StartOffset="17267"/>
                                                <Loc EndOffset="17324" SrcFileId="1" StartOffset="17295"/>
                                                <Loc EndOffset="17352" SrcFileId="1" StartOffset="17331"/>
                                                <Loc EndOffset="17388" SrcFileId="1" StartOffset="17359"/>
                                                <Loc EndOffset="17416" SrcFileId="1" StartOffset="17395"/>
                                                <Loc EndOffset="17457" SrcFileId="1" StartOffset="17430"/>
                                                <Loc EndOffset="17485" SrcFileId="1" StartOffset="17464"/>
                                                <Loc EndOffset="17519" SrcFileId="1" StartOffset="17492"/>
                                                <Loc EndOffset="17547" SrcFileId="1" StartOffset="17526"/>
                                                <Loc EndOffset="17581" SrcFileId="1" StartOffset="17554"/>
                                                <Loc EndOffset="17609" SrcFileId="1" StartOffset="17588"/>
                                            </LocList>
                                            <BasicStmnt CovItemId="S250" CovItemPrefix="org.jfree.data.test.DataUtilitesTest.java" Intrnl_Id="350">
                                                <LocList>
                                                    <Loc EndOffset="17196" SrcFileId="1" StartOffset="17164"/>
                                                </LocList>
                                            </BasicStmnt>
                                            <BasicStmnt CovItemId="S251" CovItemPrefix="org.jfree.data.test.DataUtilitesTest.java" Intrnl_Id="351">
                                                <LocList>
                                                    <Loc EndOffset="17224" SrcFileId="1" StartOffset="17203"/>
                                                </LocList>
                                            </BasicStmnt>
                                            <BasicStmnt CovItemId="S252" CovItemPrefix="org.jfree.data.test.DataUtilitesTest.java" Intrnl_Id="352">
                                                <LocList>
                                                    <Loc EndOffset="17260" SrcFileId="1" StartOffset="17231"/>
                                                </LocList>
                                            </BasicStmnt>
                                            <BasicStmnt CovItemId="S253" CovItemPrefix="org.jfree.data.test.DataUtilitesTest.java" Intrnl_Id="353">
                                                <LocList>
                                                    <Loc EndOffset="17288" SrcFileId="1" StartOffset="17267"/>
                                                </LocList>
                                            </BasicStmnt>
                                            <BasicStmnt CovItemId="S254" CovItemPrefix="org.jfree.data.test.DataUtilitesTest.java" Intrnl_Id="354">
                                                <LocList>
                                                    <Loc EndOffset="17324" SrcFileId="1" StartOffset="17295"/>
                                                </LocList>
                                            </BasicStmnt>
                                            <BasicStmnt CovItemId="S255" CovItemPrefix="org.jfree.data.test.DataUtilitesTest.java" Intrnl_Id="355">
                                                <LocList>
                                                    <Loc EndOffset="17352" SrcFileId="1" StartOffset="17331"/>
                                                </LocList>
                                            </BasicStmnt>
                                            <BasicStmnt CovItemId="S256" CovItemPrefix="org.jfree.data.test.DataUtilitesTest.java" Intrnl_Id="356">
                                                <LocList>
                                                    <Loc EndOffset="17388" SrcFileId="1" StartOffset="17359"/>
                                                </LocList>
                                            </BasicStmnt>
                                            <BasicStmnt CovItemId="S257" CovItemPrefix="org.jfree.data.test.DataUtilitesTest.java" Intrnl_Id="357">
                                                <LocList>
                                                    <Loc EndOffset="17416" SrcFileId="1" StartOffset="17395"/>
                                                </LocList>
                                            </BasicStmnt>
                                            <BasicStmnt CovItemId="S258" CovItemPrefix="org.jfree.data.test.DataUtilitesTest.java" Intrnl_Id="358">
                                                <LocList>
                                                    <Loc EndOffset="17457" SrcFileId="1" StartOffset="17430"/>
                                                </LocList>
                                            </BasicStmnt>
                                            <BasicStmnt CovItemId="S259" CovItemPrefix="org.jfree.data.test.DataUtilitesTest.java" Intrnl_Id="359">
                                                <LocList>
                                                    <Loc EndOffset="17485" SrcFileId="1" StartOffset="17464"/>
                                                </LocList>
                                            </BasicStmnt>
                                            <BasicStmnt CovItemId="S260" CovItemPrefix="org.jfree.data.test.DataUtilitesTest.java" Intrnl_Id="360">
                                                <LocList>
                                                    <Loc EndOffset="17519" SrcFileId="1" StartOffset="17492"/>
                                                </LocList>
                                            </BasicStmnt>
                                            <BasicStmnt CovItemId="S261" CovItemPrefix="org.jfree.data.test.DataUtilitesTest.java" Intrnl_Id="361">
                                                <LocList>
                                                    <Loc EndOffset="17547" SrcFileId="1" StartOffset="17526"/>
                                                </LocList>
                                            </BasicStmnt>
                                            <BasicStmnt CovItemId="S262" CovItemPrefix="org.jfree.data.test.DataUtilitesTest.java" Intrnl_Id="362">
                                                <LocList>
                                                    <Loc EndOffset="17581" SrcFileId="1" StartOffset="17554"/>
                                                </LocList>
                                            </BasicStmnt>
                                            <BasicStmnt CovItemId="S263" CovItemPrefix="org.jfree.data.test.DataUtilitesTest.java" Intrnl_Id="363">
                                                <LocList>
                                                    <Loc EndOffset="17609" SrcFileId="1" StartOffset="17588"/>
                                                </LocList>
                                            </BasicStmnt>
                                        </StmntSeq>
                                    </HierarchyLvl>
                                </HierarchyLvl>
                                <HierarchyLvl HierarchyLvlId="6798" HierarchyLvlTypeId="5" Intrnl_Id="364" Name="tearDown">
                                    <Header>
                                        <Loc EndOffset="17909" SrcFileId="1" StartOffset="17861"/>
                                    </Header>
                                    <LocList>
                                        <Loc EndOffset="17915" SrcFileId="1" StartOffset="17861"/>
                                    </LocList>
                                </HierarchyLvl>
                                <HierarchyLvl HierarchyLvlId="6799" HierarchyLvlTypeId="5" Intrnl_Id="365" Name="tearDownAfterClass">
                                    <Header>
                                        <Loc EndOffset="17990" SrcFileId="1" StartOffset="17920"/>
                                    </Header>
                                    <LocList>
                                        <Loc EndOffset="17996" SrcFileId="1" StartOffset="17920"/>
                                    </LocList>
                                </HierarchyLvl>
                            </HierarchyLvl>
                            <HierarchyLvl HierarchyLvlId="6887" HierarchyLvlTypeId="6" Intrnl_Id="366" Name="RangeTest">
                                <Header>
                                    <Loc EndOffset="140" SrcFileId="2" StartOffset="118"/>
                                </Header>
                                <LocList>
                                    <Loc EndOffset="22764" SrcFileId="2" StartOffset="118"/>
                                </LocList>
                                <HierarchyLvl HierarchyLvlId="6801" HierarchyLvlTypeId="5" Intrnl_Id="367" Name="setUpBeforeClass">
                                    <Header>
                                        <Loc EndOffset="494" SrcFileId="2" StartOffset="427"/>
                                    </Header>
                                    <LocList>
                                        <Loc EndOffset="501" SrcFileId="2" StartOffset="427"/>
                                    </LocList>
                                </HierarchyLvl>
                                <HierarchyLvl HierarchyLvlId="6802" HierarchyLvlTypeId="5" Intrnl_Id="368" Name="setUp">
                                    <Header>
                                        <Loc EndOffset="552" SrcFileId="2" StartOffset="505"/>
                                    </Header>
                                    <LocList>
                                        <Loc EndOffset="1064" SrcFileId="2" StartOffset="505"/>
                                    </LocList>
                                    <StmntSeq Intrnl_Id="369">
                                        <LocList>
                                            <Loc EndOffset="587" SrcFileId="2" StartOffset="558"/>
                                            <Loc EndOffset="625" SrcFileId="2" StartOffset="593"/>
                                            <Loc EndOffset="663" SrcFileId="2" StartOffset="629"/>
                                            <Loc EndOffset="707" SrcFileId="2" StartOffset="680"/>
                                            <Loc EndOffset="770" SrcFileId="2" StartOffset="745"/>
                                            <Loc EndOffset="843" SrcFileId="2" StartOffset="817"/>
                                            <Loc EndOffset="913" SrcFileId="2" StartOffset="881"/>
                                            <Loc EndOffset="970" SrcFileId="2" StartOffset="944"/>
                                            <Loc EndOffset="1030" SrcFileId="2" StartOffset="1004"/>
                                        </LocList>
                                        <BasicStmnt CovItemId="S1" CovItemPrefix="org.jfree.data.test.RangeTest.java" Intrnl_Id="370">
                                            <LocList>
                                                <Loc EndOffset="587" SrcFileId="2" StartOffset="558"/>
                                            </LocList>
                                        </BasicStmnt>
                                        <BasicStmnt CovItemId="S2" CovItemPrefix="org.jfree.data.test.RangeTest.java" Intrnl_Id="371">
                                            <LocList>
                                                <Loc EndOffset="625" SrcFileId="2" StartOffset="593"/>
                                            </LocList>
                                        </BasicStmnt>
                                        <BasicStmnt CovItemId="S3" CovItemPrefix="org.jfree.data.test.RangeTest.java" Intrnl_Id="372">
                                            <LocList>
                                                <Loc EndOffset="663" SrcFileId="2" StartOffset="629"/>
                                            </LocList>
                                        </BasicStmnt>
                                        <BasicStmnt CovItemId="S4" CovItemPrefix="org.jfree.data.test.RangeTest.java" Intrnl_Id="373">
                                            <LocList>
                                                <Loc EndOffset="707" SrcFileId="2" StartOffset="680"/>
                                            </LocList>
                                        </BasicStmnt>
                                        <BasicStmnt CovItemId="S5" CovItemPrefix="org.jfree.data.test.RangeTest.java" Intrnl_Id="374">
                                            <LocList>
                                                <Loc EndOffset="770" SrcFileId="2" StartOffset="745"/>
                                            </LocList>
                                        </BasicStmnt>
                                        <BasicStmnt CovItemId="S6" CovItemPrefix="org.jfree.data.test.RangeTest.java" Intrnl_Id="375">
                                            <LocList>
                                                <Loc EndOffset="843" SrcFileId="2" StartOffset="817"/>
                                            </LocList>
                                        </BasicStmnt>
                                        <BasicStmnt CovItemId="S7" CovItemPrefix="org.jfree.data.test.RangeTest.java" Intrnl_Id="376">
                                            <LocList>
                                                <Loc EndOffset="913" SrcFileId="2" StartOffset="881"/>
                                            </LocList>
                                        </BasicStmnt>
                                        <BasicStmnt CovItemId="S8" CovItemPrefix="org.jfree.data.test.RangeTest.java" Intrnl_Id="377">
                                            <LocList>
                                                <Loc EndOffset="970" SrcFileId="2" StartOffset="944"/>
                                            </LocList>
                                        </BasicStmnt>
                                        <BasicStmnt CovItemId="S9" CovItemPrefix="org.jfree.data.test.RangeTest.java" Intrnl_Id="378">
                                            <LocList>
                                                <Loc EndOffset="1030" SrcFileId="2" StartOffset="1004"/>
                                            </LocList>
                                        </BasicStmnt>
                                    </StmntSeq>
                                </HierarchyLvl>
                                <HierarchyLvl HierarchyLvlId="6803" HierarchyLvlTypeId="5" Intrnl_Id="379" Name="numberLowerThanLowerBoundary">
                                    <Header>
                                        <Loc EndOffset="1271" SrcFileId="2" StartOffset="1220"/>
                                    </Header>
                                    <LocList>
                                        <Loc EndOffset="1404" SrcFileId="2" StartOffset="1220"/>
                                    </LocList>
                                    <StmntSeq Intrnl_Id="380">
                                        <LocList>
                                            <Loc EndOffset="1399" SrcFileId="2" StartOffset="1277"/>
                                        </LocList>
                                        <BasicStmnt CovItemId="S10" CovItemPrefix="org.jfree.data.test.RangeTest.java" Intrnl_Id="381">
                                            <LocList>
                                                <Loc EndOffset="1399" SrcFileId="2" StartOffset="1277"/>
                                            </LocList>
                                        </BasicStmnt>
                                    </StmntSeq>
                                </HierarchyLvl>
                                <HierarchyLvl HierarchyLvlId="6804" HierarchyLvlTypeId="5" Intrnl_Id="382" Name="numberLowerThanLowerBoundaryWithRangeZero">
                                    <Header>
                                        <Loc EndOffset="1601" SrcFileId="2" StartOffset="1537"/>
                                    </Header>
                                    <LocList>
                                        <Loc EndOffset="1736" SrcFileId="2" StartOffset="1537"/>
                                    </LocList>
                                    <StmntSeq Intrnl_Id="383">
                                        <LocList>
                                            <Loc EndOffset="1731" SrcFileId="2" StartOffset="1607"/>
                                        </LocList>
                                        <BasicStmnt CovItemId="S11" CovItemPrefix="org.jfree.data.test.RangeTest.java" Intrnl_Id="384">
                                            <LocList>
                                                <Loc EndOffset="1731" SrcFileId="2" StartOffset="1607"/>
                                            </LocList>
                                        </BasicStmnt>
                                    </StmntSeq>
                                </HierarchyLvl>
                                <HierarchyLvl HierarchyLvlId="6805" HierarchyLvlTypeId="5" Intrnl_Id="385" Name="numberHigherThanUpperBoundary">
                                    <Header>
                                        <Loc EndOffset="1916" SrcFileId="2" StartOffset="1864"/>
                                    </Header>
                                    <LocList>
                                        <Loc EndOffset="2045" SrcFileId="2" StartOffset="1864"/>
                                    </LocList>
                                    <StmntSeq Intrnl_Id="386">
                                        <LocList>
                                            <Loc EndOffset="2040" SrcFileId="2" StartOffset="1922"/>
                                        </LocList>
                                        <BasicStmnt CovItemId="S12" CovItemPrefix="org.jfree.data.test.RangeTest.java" Intrnl_Id="387">
                                            <LocList>
                                                <Loc EndOffset="2040" SrcFileId="2" StartOffset="1922"/>
                                            </LocList>
                                        </BasicStmnt>
                                    </StmntSeq>
                                </HierarchyLvl>
                                <HierarchyLvl HierarchyLvlId="6806" HierarchyLvlTypeId="5" Intrnl_Id="388" Name="numberHigherThanUpperBoundaryWithRangeZero">
                                    <Header>
                                        <Loc EndOffset="2244" SrcFileId="2" StartOffset="2179"/>
                                    </Header>
                                    <LocList>
                                        <Loc EndOffset="2378" SrcFileId="2" StartOffset="2179"/>
                                    </LocList>
                                    <StmntSeq Intrnl_Id="389">
                                        <LocList>
                                            <Loc EndOffset="2373" SrcFileId="2" StartOffset="2250"/>
                                        </LocList>
                                        <BasicStmnt CovItemId="S13" CovItemPrefix="org.jfree.data.test.RangeTest.java" Intrnl_Id="390">
                                            <LocList>
                                                <Loc EndOffset="2373" SrcFileId="2" StartOffset="2250"/>
                                            </LocList>
                                        </BasicStmnt>
                                    </StmntSeq>
                                </HierarchyLvl>
                                <HierarchyLvl HierarchyLvlId="6807" HierarchyLvlTypeId="5" Intrnl_Id="391" Name="numberWithinRange">
                                    <Header>
                                        <Loc EndOffset="2510" SrcFileId="2" StartOffset="2470"/>
                                    </Header>
                                    <LocList>
                                        <Loc EndOffset="2639" SrcFileId="2" StartOffset="2470"/>
                                    </LocList>
                                    <StmntSeq Intrnl_Id="392">
                                        <LocList>
                                            <Loc EndOffset="2634" SrcFileId="2" StartOffset="2516"/>
                                        </LocList>
                                        <BasicStmnt CovItemId="S14" CovItemPrefix="org.jfree.data.test.RangeTest.java" Intrnl_Id="393">
                                            <LocList>
                                                <Loc EndOffset="2634" SrcFileId="2" StartOffset="2516"/>
                                            </LocList>
                                        </BasicStmnt>
                                    </StmntSeq>
                                </HierarchyLvl>
                                <HierarchyLvl HierarchyLvlId="6808" HierarchyLvlTypeId="5" Intrnl_Id="394" Name="numberIsLowerBoundary">
                                    <Header>
                                        <Loc EndOffset="2814" SrcFileId="2" StartOffset="2770"/>
                                    </Header>
                                    <LocList>
                                        <Loc EndOffset="2947" SrcFileId="2" StartOffset="2770"/>
                                    </LocList>
                                    <StmntSeq Intrnl_Id="395">
                                        <LocList>
                                            <Loc EndOffset="2942" SrcFileId="2" StartOffset="2820"/>
                                        </LocList>
                                        <BasicStmnt CovItemId="S15" CovItemPrefix="org.jfree.data.test.RangeTest.java" Intrnl_Id="396">
                                            <LocList>
                                                <Loc EndOffset="2942" SrcFileId="2" StartOffset="2820"/>
                                            </LocList>
                                        </BasicStmnt>
                                    </StmntSeq>
                                </HierarchyLvl>
                                <HierarchyLvl HierarchyLvlId="6809" HierarchyLvlTypeId="5" Intrnl_Id="397" Name="numberIsUpperBoundary">
                                    <Header>
                                        <Loc EndOffset="3122" SrcFileId="2" StartOffset="3078"/>
                                    </Header>
                                    <LocList>
                                        <Loc EndOffset="3251" SrcFileId="2" StartOffset="3078"/>
                                    </LocList>
                                    <StmntSeq Intrnl_Id="398">
                                        <LocList>
                                            <Loc EndOffset="3246" SrcFileId="2" StartOffset="3128"/>
                                        </LocList>
                                        <BasicStmnt CovItemId="S16" CovItemPrefix="org.jfree.data.test.RangeTest.java" Intrnl_Id="399">
                                            <LocList>
                                                <Loc EndOffset="3246" SrcFileId="2" StartOffset="3128"/>
                                            </LocList>
                                        </BasicStmnt>
                                    </StmntSeq>
                                </HierarchyLvl>
                                <HierarchyLvl HierarchyLvlId="6810" HierarchyLvlTypeId="5" Intrnl_Id="400" Name="getLengthValidOutput">
                                    <Header>
                                        <Loc EndOffset="3368" SrcFileId="2" StartOffset="3325"/>
                                    </Header>
                                    <LocList>
                                        <Loc EndOffset="3488" SrcFileId="2" StartOffset="3325"/>
                                    </LocList>
                                    <StmntSeq Intrnl_Id="401">
                                        <LocList>
                                            <Loc EndOffset="3483" SrcFileId="2" StartOffset="3374"/>
                                        </LocList>
                                        <BasicStmnt CovItemId="S17" CovItemPrefix="org.jfree.data.test.RangeTest.java" Intrnl_Id="402">
                                            <LocList>
                                                <Loc EndOffset="3483" SrcFileId="2" StartOffset="3374"/>
                                            </LocList>
                                        </BasicStmnt>
                                    </StmntSeq>
                                </HierarchyLvl>
                                <HierarchyLvl HierarchyLvlId="6811" HierarchyLvlTypeId="5" Intrnl_Id="403" Name="firstRangeNull">
                                    <Header>
                                        <Loc EndOffset="3585" SrcFileId="2" StartOffset="3548"/>
                                    </Header>
                                    <LocList>
                                        <Loc EndOffset="3729" SrcFileId="2" StartOffset="3548"/>
                                    </LocList>
                                    <StmntSeq Intrnl_Id="404">
                                        <LocList>
                                            <Loc EndOffset="3724" SrcFileId="2" StartOffset="3591"/>
                                        </LocList>
                                        <BasicStmnt CovItemId="S18" CovItemPrefix="org.jfree.data.test.RangeTest.java" Intrnl_Id="405">
                                            <LocList>
                                                <Loc EndOffset="3724" SrcFileId="2" StartOffset="3591"/>
                                            </LocList>
                                        </BasicStmnt>
                                    </StmntSeq>
                                </HierarchyLvl>
                                <HierarchyLvl HierarchyLvlId="6812" HierarchyLvlTypeId="5" Intrnl_Id="406" Name="secondRangeNull">
                                    <Header>
                                        <Loc EndOffset="3801" SrcFileId="2" StartOffset="3763"/>
                                    </Header>
                                    <LocList>
                                        <Loc EndOffset="3945" SrcFileId="2" StartOffset="3763"/>
                                    </LocList>
                                    <StmntSeq Intrnl_Id="407">
                                        <LocList>
                                            <Loc EndOffset="3940" SrcFileId="2" StartOffset="3807"/>
                                        </LocList>
                                        <BasicStmnt CovItemId="S19" CovItemPrefix="org.jfree.data.test.RangeTest.java" Intrnl_Id="408">
                                            <LocList>
                                                <Loc EndOffset="3940" SrcFileId="2" StartOffset="3807"/>
                                            </LocList>
                                        </BasicStmnt>
                                    </StmntSeq>
                                </HierarchyLvl>
                                <HierarchyLvl HierarchyLvlId="6813" HierarchyLvlTypeId="5" Intrnl_Id="409" Name="bothRangeNull">
                                    <Header>
                                        <Loc EndOffset="4015" SrcFileId="2" StartOffset="3979"/>
                                    </Header>
                                    <LocList>
                                        <Loc EndOffset="4122" SrcFileId="2" StartOffset="3979"/>
                                    </LocList>
                                    <StmntSeq Intrnl_Id="410">
                                        <LocList>
                                            <Loc EndOffset="4117" SrcFileId="2" StartOffset="4021"/>
                                        </LocList>
                                        <BasicStmnt CovItemId="S20" CovItemPrefix="org.jfree.data.test.RangeTest.java" Intrnl_Id="411">
                                            <LocList>
                                                <Loc EndOffset="4117" SrcFileId="2" StartOffset="4021"/>
                                            </LocList>
                                        </BasicStmnt>
                                    </StmntSeq>
                                </HierarchyLvl>
                                <HierarchyLvl HierarchyLvlId="6814" HierarchyLvlTypeId="5" Intrnl_Id="412" Name="identicalRanges">
                                    <Header>
                                        <Loc EndOffset="4190" SrcFileId="2" StartOffset="4152"/>
                                    </Header>
                                    <LocList>
                                        <Loc EndOffset="4348" SrcFileId="2" StartOffset="4152"/>
                                    </LocList>
                                    <StmntSeq Intrnl_Id="413">
                                        <LocList>
                                            <Loc EndOffset="4343" SrcFileId="2" StartOffset="4196"/>
                                        </LocList>
                                        <BasicStmnt CovItemId="S21" CovItemPrefix="org.jfree.data.test.RangeTest.java" Intrnl_Id="414">
                                            <LocList>
                                                <Loc EndOffset="4343" SrcFileId="2" StartOffset="4196"/>
                                            </LocList>
                                        </BasicStmnt>
                                    </StmntSeq>
                                </HierarchyLvl>
                                <HierarchyLvl HierarchyLvlId="6815" HierarchyLvlTypeId="5" Intrnl_Id="415" Name="continuousRanges">
                                    <Header>
                                        <Loc EndOffset="4422" SrcFileId="2" StartOffset="4383"/>
                                    </Header>
                                    <LocList>
                                        <Loc EndOffset="4718" SrcFileId="2" StartOffset="4383"/>
                                    </LocList>
                                    <StmntSeq Intrnl_Id="416">
                                        <LocList>
                                            <Loc EndOffset="4581" SrcFileId="2" StartOffset="4436"/>
                                            <Loc EndOffset="4713" SrcFileId="2" StartOffset="4428"/>
                                        </LocList>
                                        <BasicStmnt CovItemId="S23" CovItemPrefix="org.jfree.data.test.RangeTest.java" Intrnl_Id="417">
                                            <LocList>
                                                <Loc EndOffset="4581" SrcFileId="2" StartOffset="4436"/>
                                            </LocList>
                                        </BasicStmnt>
                                        <CondStmnt CovItemId="S22" CovItemPrefix="org.jfree.data.test.RangeTest.java" Intrnl_Id="418">
                                            <Branch CovItemId="B1" CovItemPrefix="org.jfree.data.test.RangeTest.java" Implct="true" Intrnl_Id="419">
                                                <Cond/>
                                                <LocList/>
                                                <StmntSeq Intrnl_Id="420">
                                                    <LocList/>
                                                </StmntSeq>
                                            </Branch>
                                            <Branch CovItemId="B2" CovItemPrefix="org.jfree.data.test.RangeTest.java" Implct="false" Intrnl_Id="421">
                                                <Cond>
                                                    <Loc EndOffset="4608" SrcFileId="2" StartOffset="4590"/>
                                                </Cond>
                                                <LocList>
                                                    <Loc EndOffset="4713" SrcFileId="2" StartOffset="4609"/>
                                                </LocList>
                                                <StmntSeq Intrnl_Id="422">
                                                    <LocList>
                                                        <Loc EndOffset="4708" SrcFileId="2" StartOffset="4614"/>
                                                    </LocList>
                                                    <BasicStmnt CovItemId="S24" CovItemPrefix="org.jfree.data.test.RangeTest.java" Intrnl_Id="423">
                                                        <LocList>
                                                            <Loc EndOffset="4708" SrcFileId="2" StartOffset="4614"/>
                                                        </LocList>
                                                    </BasicStmnt>
                                                </StmntSeq>
                                            </Branch>
                                            <Keyword EndOffset="4431" SrcFileId="2" StartOffset="4428"/>
                                            <LocList>
                                                <Loc EndOffset="4713" SrcFileId="2" StartOffset="4428"/>
                                            </LocList>
                                        </CondStmnt>
                                    </StmntSeq>
                                </HierarchyLvl>
                                <HierarchyLvl HierarchyLvlId="6816" HierarchyLvlTypeId="5" Intrnl_Id="424" Name="notContinuousRanges">
                                    <Header>
                                        <Loc EndOffset="4799" SrcFileId="2" StartOffset="4757"/>
                                    </Header>
                                    <LocList>
                                        <Loc EndOffset="5103" SrcFileId="2" StartOffset="4757"/>
                                    </LocList>
                                    <StmntSeq Intrnl_Id="425">
                                        <LocList>
                                            <Loc EndOffset="4963" SrcFileId="2" StartOffset="4814"/>
                                            <Loc EndOffset="5098" SrcFileId="2" StartOffset="4805"/>
                                        </LocList>
                                        <BasicStmnt CovItemId="S26" CovItemPrefix="org.jfree.data.test.RangeTest.java" Intrnl_Id="426">
                                            <LocList>
                                                <Loc EndOffset="4963" SrcFileId="2" StartOffset="4814"/>
                                            </LocList>
                                        </BasicStmnt>
                                        <CondStmnt CovItemId="S25" CovItemPrefix="org.jfree.data.test.RangeTest.java" Intrnl_Id="427">
                                            <Branch CovItemId="B3" CovItemPrefix="org.jfree.data.test.RangeTest.java" Implct="true" Intrnl_Id="428">
                                                <Cond/>
                                                <LocList/>
                                                <StmntSeq Intrnl_Id="429">
                                                    <LocList/>
                                                </StmntSeq>
                                            </Branch>
                                            <Branch CovItemId="B4" CovItemPrefix="org.jfree.data.test.RangeTest.java" Implct="false" Intrnl_Id="430">
                                                <Cond>
                                                    <Loc EndOffset="4990" SrcFileId="2" StartOffset="4972"/>
                                                </Cond>
                                                <LocList>
                                                    <Loc EndOffset="5098" SrcFileId="2" StartOffset="4991"/>
                                                </LocList>
                                                <StmntSeq Intrnl_Id="431">
                                                    <LocList>
                                                        <Loc EndOffset="5093" SrcFileId="2" StartOffset="4996"/>
                                                    </LocList>
                                                    <BasicStmnt CovItemId="S27" CovItemPrefix="org.jfree.data.test.RangeTest.java" Intrnl_Id="432">
                                                        <LocList>
                                                            <Loc EndOffset="5093" SrcFileId="2" StartOffset="4996"/>
                                                        </LocList>
                                                    </BasicStmnt>
                                                </StmntSeq>
                                            </Branch>
                                            <Keyword EndOffset="4808" SrcFileId="2" StartOffset="4805"/>
                                            <LocList>
                                                <Loc EndOffset="5098" SrcFileId="2" StartOffset="4805"/>
                                            </LocList>
                                        </CondStmnt>
                                    </StmntSeq>
                                </HierarchyLvl>
                                <HierarchyLvl HierarchyLvlId="6817" HierarchyLvlTypeId="5" Intrnl_Id="433" Name="testNegativeNumberForLowerBound">
                                    <Header>
                                        <Loc EndOffset="5190" SrcFileId="2" StartOffset="5136"/>
                                    </Header>
                                    <LocList>
                                        <Loc EndOffset="5340" SrcFileId="2" StartOffset="5136"/>
                                    </LocList>
                                    <StmntSeq Intrnl_Id="434">
                                        <LocList>
                                            <Loc EndOffset="5335" SrcFileId="2" StartOffset="5235"/>
                                        </LocList>
                                        <BasicStmnt CovItemId="S28" CovItemPrefix="org.jfree.data.test.RangeTest.java" Intrnl_Id="435">
                                            <LocList>
                                                <Loc EndOffset="5335" SrcFileId="2" StartOffset="5235"/>
                                            </LocList>
                                        </BasicStmnt>
                                    </StmntSeq>
                                </HierarchyLvl>
                                <HierarchyLvl HierarchyLvlId="6818" HierarchyLvlTypeId="5" Intrnl_Id="436" Name="testZeroForLowerBound">
                                    <Header>
                                        <Loc EndOffset="5390" SrcFileId="2" StartOffset="5346"/>
                                    </Header>
                                    <LocList>
                                        <Loc EndOffset="5524" SrcFileId="2" StartOffset="5346"/>
                                    </LocList>
                                    <StmntSeq Intrnl_Id="437">
                                        <LocList>
                                            <Loc EndOffset="5519" SrcFileId="2" StartOffset="5422"/>
                                        </LocList>
                                        <BasicStmnt CovItemId="S29" CovItemPrefix="org.jfree.data.test.RangeTest.java" Intrnl_Id="438">
                                            <LocList>
                                                <Loc EndOffset="5519" SrcFileId="2" StartOffset="5422"/>
                                            </LocList>
                                        </BasicStmnt>
                                    </StmntSeq>
                                </HierarchyLvl>
                                <HierarchyLvl HierarchyLvlId="6819" HierarchyLvlTypeId="5" Intrnl_Id="439" Name="testPositiveNumberForLowerBound">
                                    <Header>
                                        <Loc EndOffset="5584" SrcFileId="2" StartOffset="5530"/>
                                    </Header>
                                    <LocList>
                                        <Loc EndOffset="5731" SrcFileId="2" StartOffset="5530"/>
                                    </LocList>
                                    <StmntSeq Intrnl_Id="440">
                                        <LocList>
                                            <Loc EndOffset="5726" SrcFileId="2" StartOffset="5629"/>
                                        </LocList>
                                        <BasicStmnt CovItemId="S30" CovItemPrefix="org.jfree.data.test.RangeTest.java" Intrnl_Id="441">
                                            <LocList>
                                                <Loc EndOffset="5726" SrcFileId="2" StartOffset="5629"/>
                                            </LocList>
                                        </BasicStmnt>
                                    </StmntSeq>
                                </HierarchyLvl>
                                <HierarchyLvl HierarchyLvlId="6820" HierarchyLvlTypeId="5" Intrnl_Id="442" Name="testDoubleForLowerBound">
                                    <Header>
                                        <Loc EndOffset="5781" SrcFileId="2" StartOffset="5735"/>
                                    </Header>
                                    <LocList>
                                        <Loc EndOffset="5926" SrcFileId="2" StartOffset="5735"/>
                                    </LocList>
                                    <StmntSeq Intrnl_Id="443">
                                        <LocList>
                                            <Loc EndOffset="5921" SrcFileId="2" StartOffset="5817"/>
                                        </LocList>
                                        <BasicStmnt CovItemId="S31" CovItemPrefix="org.jfree.data.test.RangeTest.java" Intrnl_Id="444">
                                            <LocList>
                                                <Loc EndOffset="5921" SrcFileId="2" StartOffset="5817"/>
                                            </LocList>
                                        </BasicStmnt>
                                    </StmntSeq>
                                </HierarchyLvl>
                                <HierarchyLvl HierarchyLvlId="6821" HierarchyLvlTypeId="5" Intrnl_Id="445" Name="testNegativeNumberForUpperBound">
                                    <Header>
                                        <Loc EndOffset="6019" SrcFileId="2" StartOffset="5965"/>
                                    </Header>
                                    <LocList>
                                        <Loc EndOffset="6166" SrcFileId="2" StartOffset="5965"/>
                                    </LocList>
                                    <StmntSeq Intrnl_Id="446">
                                        <LocList>
                                            <Loc EndOffset="6161" SrcFileId="2" StartOffset="6064"/>
                                        </LocList>
                                        <BasicStmnt CovItemId="S32" CovItemPrefix="org.jfree.data.test.RangeTest.java" Intrnl_Id="447">
                                            <LocList>
                                                <Loc EndOffset="6161" SrcFileId="2" StartOffset="6064"/>
                                            </LocList>
                                        </BasicStmnt>
                                    </StmntSeq>
                                </HierarchyLvl>
                                <HierarchyLvl HierarchyLvlId="6822" HierarchyLvlTypeId="5" Intrnl_Id="448" Name="testZeroForUpperBound">
                                    <Header>
                                        <Loc EndOffset="6325" SrcFileId="2" StartOffset="6281"/>
                                    </Header>
                                    <LocList>
                                        <Loc EndOffset="6459" SrcFileId="2" StartOffset="6281"/>
                                    </LocList>
                                    <StmntSeq Intrnl_Id="449">
                                        <LocList>
                                            <Loc EndOffset="6454" SrcFileId="2" StartOffset="6357"/>
                                        </LocList>
                                        <BasicStmnt CovItemId="S33" CovItemPrefix="org.jfree.data.test.RangeTest.java" Intrnl_Id="450">
                                            <LocList>
                                                <Loc EndOffset="6454" SrcFileId="2" StartOffset="6357"/>
                                            </LocList>
                                        </BasicStmnt>
                                    </StmntSeq>
                                </HierarchyLvl>
                                <HierarchyLvl HierarchyLvlId="6823" HierarchyLvlTypeId="5" Intrnl_Id="451" Name="testPositiveNumberForUpperBound">
                                    <Header>
                                        <Loc EndOffset="6582" SrcFileId="2" StartOffset="6528"/>
                                    </Header>
                                    <LocList>
                                        <Loc EndOffset="6731" SrcFileId="2" StartOffset="6528"/>
                                    </LocList>
                                    <StmntSeq Intrnl_Id="452">
                                        <LocList>
                                            <Loc EndOffset="6726" SrcFileId="2" StartOffset="6627"/>
                                        </LocList>
                                        <BasicStmnt CovItemId="S34" CovItemPrefix="org.jfree.data.test.RangeTest.java" Intrnl_Id="453">
                                            <LocList>
                                                <Loc EndOffset="6726" SrcFileId="2" StartOffset="6627"/>
                                            </LocList>
                                        </BasicStmnt>
                                    </StmntSeq>
                                </HierarchyLvl>
                                <HierarchyLvl HierarchyLvlId="6824" HierarchyLvlTypeId="5" Intrnl_Id="454" Name="testDoubleForUpperBound">
                                    <Header>
                                        <Loc EndOffset="6892" SrcFileId="2" StartOffset="6846"/>
                                    </Header>
                                    <LocList>
                                        <Loc EndOffset="7037" SrcFileId="2" StartOffset="6846"/>
                                    </LocList>
                                    <StmntSeq Intrnl_Id="455">
                                        <LocList>
                                            <Loc EndOffset="7032" SrcFileId="2" StartOffset="6928"/>
                                        </LocList>
                                        <BasicStmnt CovItemId="S35" CovItemPrefix="org.jfree.data.test.RangeTest.java" Intrnl_Id="456">
                                            <LocList>
                                                <Loc EndOffset="7032" SrcFileId="2" StartOffset="6928"/>
                                            </LocList>
                                        </BasicStmnt>
                                    </StmntSeq>
                                </HierarchyLvl>
                                <HierarchyLvl HierarchyLvlId="6825" HierarchyLvlTypeId="5" Intrnl_Id="457" Name="testingPositiveToZeroWithTrue">
                                    <Header>
                                        <Loc EndOffset="7294" SrcFileId="2" StartOffset="7242"/>
                                    </Header>
                                    <LocList>
                                        <Loc EndOffset="7545" SrcFileId="2" StartOffset="7242"/>
                                    </LocList>
                                    <StmntSeq Intrnl_Id="458">
                                        <LocList>
                                            <Loc EndOffset="7337" SrcFileId="2" StartOffset="7299"/>
                                            <Loc EndOffset="7394" SrcFileId="2" StartOffset="7340"/>
                                            <Loc EndOffset="7435" SrcFileId="2" StartOffset="7398"/>
                                            <Loc EndOffset="7539" SrcFileId="2" StartOffset="7439"/>
                                        </LocList>
                                        <BasicStmnt CovItemId="S36" CovItemPrefix="org.jfree.data.test.RangeTest.java" Intrnl_Id="459">
                                            <LocList>
                                                <Loc EndOffset="7337" SrcFileId="2" StartOffset="7299"/>
                                            </LocList>
                                        </BasicStmnt>
                                        <BasicStmnt CovItemId="S37" CovItemPrefix="org.jfree.data.test.RangeTest.java" Intrnl_Id="460">
                                            <LocList>
                                                <Loc EndOffset="7394" SrcFileId="2" StartOffset="7340"/>
                                            </LocList>
                                        </BasicStmnt>
                                        <BasicStmnt CovItemId="S38" CovItemPrefix="org.jfree.data.test.RangeTest.java" Intrnl_Id="461">
                                            <LocList>
                                                <Loc EndOffset="7435" SrcFileId="2" StartOffset="7398"/>
                                            </LocList>
                                        </BasicStmnt>
                                        <BasicStmnt CovItemId="S39" CovItemPrefix="org.jfree.data.test.RangeTest.java" Intrnl_Id="462">
                                            <LocList>
                                                <Loc EndOffset="7539" SrcFileId="2" StartOffset="7439"/>
                                            </LocList>
                                        </BasicStmnt>
                                    </StmntSeq>
                                </HierarchyLvl>
                                <HierarchyLvl HierarchyLvlId="6826" HierarchyLvlTypeId="5" Intrnl_Id="463" Name="testingPositiveToZeroWithFalse">
                                    <Header>
                                        <Loc EndOffset="7619" SrcFileId="2" StartOffset="7566"/>
                                    </Header>
                                    <LocList>
                                        <Loc EndOffset="7865" SrcFileId="2" StartOffset="7566"/>
                                    </LocList>
                                    <StmntSeq Intrnl_Id="464">
                                        <LocList>
                                            <Loc EndOffset="7662" SrcFileId="2" StartOffset="7624"/>
                                            <Loc EndOffset="7720" SrcFileId="2" StartOffset="7665"/>
                                            <Loc EndOffset="7759" SrcFileId="2" StartOffset="7722"/>
                                            <Loc EndOffset="7859" SrcFileId="2" StartOffset="7761"/>
                                        </LocList>
                                        <BasicStmnt CovItemId="S40" CovItemPrefix="org.jfree.data.test.RangeTest.java" Intrnl_Id="465">
                                            <LocList>
                                                <Loc EndOffset="7662" SrcFileId="2" StartOffset="7624"/>
                                            </LocList>
                                        </BasicStmnt>
                                        <BasicStmnt CovItemId="S41" CovItemPrefix="org.jfree.data.test.RangeTest.java" Intrnl_Id="466">
                                            <LocList>
                                                <Loc EndOffset="7720" SrcFileId="2" StartOffset="7665"/>
                                            </LocList>
                                        </BasicStmnt>
                                        <BasicStmnt CovItemId="S42" CovItemPrefix="org.jfree.data.test.RangeTest.java" Intrnl_Id="467">
                                            <LocList>
                                                <Loc EndOffset="7759" SrcFileId="2" StartOffset="7722"/>
                                            </LocList>
                                        </BasicStmnt>
                                        <BasicStmnt CovItemId="S43" CovItemPrefix="org.jfree.data.test.RangeTest.java" Intrnl_Id="468">
                                            <LocList>
                                                <Loc EndOffset="7859" SrcFileId="2" StartOffset="7761"/>
                                            </LocList>
                                        </BasicStmnt>
                                    </StmntSeq>
                                </HierarchyLvl>
                                <HierarchyLvl HierarchyLvlId="6827" HierarchyLvlTypeId="5" Intrnl_Id="469" Name="testingPositiveToNegativeWithTrue">
                                    <Header>
                                        <Loc EndOffset="7942" SrcFileId="2" StartOffset="7886"/>
                                    </Header>
                                    <LocList>
                                        <Loc EndOffset="8201" SrcFileId="2" StartOffset="7886"/>
                                    </LocList>
                                    <StmntSeq Intrnl_Id="470">
                                        <LocList>
                                            <Loc EndOffset="7985" SrcFileId="2" StartOffset="7947"/>
                                            <Loc EndOffset="8042" SrcFileId="2" StartOffset="7988"/>
                                            <Loc EndOffset="8087" SrcFileId="2" StartOffset="8048"/>
                                            <Loc EndOffset="8195" SrcFileId="2" StartOffset="8093"/>
                                        </LocList>
                                        <BasicStmnt CovItemId="S44" CovItemPrefix="org.jfree.data.test.RangeTest.java" Intrnl_Id="471">
                                            <LocList>
                                                <Loc EndOffset="7985" SrcFileId="2" StartOffset="7947"/>
                                            </LocList>
                                        </BasicStmnt>
                                        <BasicStmnt CovItemId="S45" CovItemPrefix="org.jfree.data.test.RangeTest.java" Intrnl_Id="472">
                                            <LocList>
                                                <Loc EndOffset="8042" SrcFileId="2" StartOffset="7988"/>
                                            </LocList>
                                        </BasicStmnt>
                                        <BasicStmnt CovItemId="S46" CovItemPrefix="org.jfree.data.test.RangeTest.java" Intrnl_Id="473">
                                            <LocList>
                                                <Loc EndOffset="8087" SrcFileId="2" StartOffset="8048"/>
                                            </LocList>
                                        </BasicStmnt>
                                        <BasicStmnt CovItemId="S47" CovItemPrefix="org.jfree.data.test.RangeTest.java" Intrnl_Id="474">
                                            <LocList>
                                                <Loc EndOffset="8195" SrcFileId="2" StartOffset="8093"/>
                                            </LocList>
                                        </BasicStmnt>
                                    </StmntSeq>
                                </HierarchyLvl>
                                <HierarchyLvl HierarchyLvlId="6828" HierarchyLvlTypeId="5" Intrnl_Id="475" Name="testingPositiveToNegativeWithFalse">
                                    <Header>
                                        <Loc EndOffset="8282" SrcFileId="2" StartOffset="8223"/>
                                    </Header>
                                    <LocList>
                                        <Loc EndOffset="8542" SrcFileId="2" StartOffset="8223"/>
                                    </LocList>
                                    <StmntSeq Intrnl_Id="476">
                                        <LocList>
                                            <Loc EndOffset="8325" SrcFileId="2" StartOffset="8287"/>
                                            <Loc EndOffset="8383" SrcFileId="2" StartOffset="8328"/>
                                            <Loc EndOffset="8428" SrcFileId="2" StartOffset="8389"/>
                                            <Loc EndOffset="8536" SrcFileId="2" StartOffset="8434"/>
                                        </LocList>
                                        <BasicStmnt CovItemId="S48" CovItemPrefix="org.jfree.data.test.RangeTest.java" Intrnl_Id="477">
                                            <LocList>
                                                <Loc EndOffset="8325" SrcFileId="2" StartOffset="8287"/>
                                            </LocList>
                                        </BasicStmnt>
                                        <BasicStmnt CovItemId="S49" CovItemPrefix="org.jfree.data.test.RangeTest.java" Intrnl_Id="478">
                                            <LocList>
                                                <Loc EndOffset="8383" SrcFileId="2" StartOffset="8328"/>
                                            </LocList>
                                        </BasicStmnt>
                                        <BasicStmnt CovItemId="S50" CovItemPrefix="org.jfree.data.test.RangeTest.java" Intrnl_Id="479">
                                            <LocList>
                                                <Loc EndOffset="8428" SrcFileId="2" StartOffset="8389"/>
                                            </LocList>
                                        </BasicStmnt>
                                        <BasicStmnt CovItemId="S51" CovItemPrefix="org.jfree.data.test.RangeTest.java" Intrnl_Id="480">
                                            <LocList>
                                                <Loc EndOffset="8536" SrcFileId="2" StartOffset="8434"/>
                                            </LocList>
                                        </BasicStmnt>
                                    </StmntSeq>
                                </HierarchyLvl>
                                <HierarchyLvl HierarchyLvlId="6829" HierarchyLvlTypeId="5" Intrnl_Id="481" Name="testingPositiveToNegativeWithFalseAndZero">
                                    <Header>
                                        <Loc EndOffset="8629" SrcFileId="2" StartOffset="8563"/>
                                    </Header>
                                    <LocList>
                                        <Loc EndOffset="8878" SrcFileId="2" StartOffset="8563"/>
                                    </LocList>
                                    <StmntSeq Intrnl_Id="482">
                                        <LocList>
                                            <Loc EndOffset="8672" SrcFileId="2" StartOffset="8634"/>
                                            <Loc EndOffset="8730" SrcFileId="2" StartOffset="8675"/>
                                            <Loc EndOffset="8770" SrcFileId="2" StartOffset="8733"/>
                                            <Loc EndOffset="8872" SrcFileId="2" StartOffset="8773"/>
                                        </LocList>
                                        <BasicStmnt CovItemId="S52" CovItemPrefix="org.jfree.data.test.RangeTest.java" Intrnl_Id="483">
                                            <LocList>
                                                <Loc EndOffset="8672" SrcFileId="2" StartOffset="8634"/>
                                            </LocList>
                                        </BasicStmnt>
                                        <BasicStmnt CovItemId="S53" CovItemPrefix="org.jfree.data.test.RangeTest.java" Intrnl_Id="484">
                                            <LocList>
                                                <Loc EndOffset="8730" SrcFileId="2" StartOffset="8675"/>
                                            </LocList>
                                        </BasicStmnt>
                                        <BasicStmnt CovItemId="S54" CovItemPrefix="org.jfree.data.test.RangeTest.java" Intrnl_Id="485">
                                            <LocList>
                                                <Loc EndOffset="8770" SrcFileId="2" StartOffset="8733"/>
                                            </LocList>
                                        </BasicStmnt>
                                        <BasicStmnt CovItemId="S55" CovItemPrefix="org.jfree.data.test.RangeTest.java" Intrnl_Id="486">
                                            <LocList>
                                                <Loc EndOffset="8872" SrcFileId="2" StartOffset="8773"/>
                                            </LocList>
                                        </BasicStmnt>
                                    </StmntSeq>
                                </HierarchyLvl>
                                <HierarchyLvl HierarchyLvlId="6830" HierarchyLvlTypeId="5" Intrnl_Id="487" Name="testingPositiveToPositiveWithTrue">
                                    <Header>
                                        <Loc EndOffset="8955" SrcFileId="2" StartOffset="8899"/>
                                    </Header>
                                    <LocList>
                                        <Loc EndOffset="9214" SrcFileId="2" StartOffset="8899"/>
                                    </LocList>
                                    <StmntSeq Intrnl_Id="488">
                                        <LocList>
                                            <Loc EndOffset="8998" SrcFileId="2" StartOffset="8960"/>
                                            <Loc EndOffset="9054" SrcFileId="2" StartOffset="9001"/>
                                            <Loc EndOffset="9097" SrcFileId="2" StartOffset="9060"/>
                                            <Loc EndOffset="9208" SrcFileId="2" StartOffset="9103"/>
                                        </LocList>
                                        <BasicStmnt CovItemId="S56" CovItemPrefix="org.jfree.data.test.RangeTest.java" Intrnl_Id="489">
                                            <LocList>
                                                <Loc EndOffset="8998" SrcFileId="2" StartOffset="8960"/>
                                            </LocList>
                                        </BasicStmnt>
                                        <BasicStmnt CovItemId="S57" CovItemPrefix="org.jfree.data.test.RangeTest.java" Intrnl_Id="490">
                                            <LocList>
                                                <Loc EndOffset="9054" SrcFileId="2" StartOffset="9001"/>
                                            </LocList>
                                        </BasicStmnt>
                                        <BasicStmnt CovItemId="S58" CovItemPrefix="org.jfree.data.test.RangeTest.java" Intrnl_Id="491">
                                            <LocList>
                                                <Loc EndOffset="9097" SrcFileId="2" StartOffset="9060"/>
                                            </LocList>
                                        </BasicStmnt>
                                        <BasicStmnt CovItemId="S59" CovItemPrefix="org.jfree.data.test.RangeTest.java" Intrnl_Id="492">
                                            <LocList>
                                                <Loc EndOffset="9208" SrcFileId="2" StartOffset="9103"/>
                                            </LocList>
                                        </BasicStmnt>
                                    </StmntSeq>
                                </HierarchyLvl>
                                <HierarchyLvl HierarchyLvlId="6831" HierarchyLvlTypeId="5" Intrnl_Id="493" Name="testingPositiveToPositiveWithTrueWrongAnswer">
                                    <Header>
                                        <Loc EndOffset="9302" SrcFileId="2" StartOffset="9235"/>
                                    </Header>
                                    <LocList>
                                        <Loc EndOffset="9555" SrcFileId="2" StartOffset="9235"/>
                                    </LocList>
                                    <StmntSeq Intrnl_Id="494">
                                        <LocList>
                                            <Loc EndOffset="9345" SrcFileId="2" StartOffset="9307"/>
                                            <Loc EndOffset="9401" SrcFileId="2" StartOffset="9348"/>
                                            <Loc EndOffset="9442" SrcFileId="2" StartOffset="9405"/>
                                            <Loc EndOffset="9549" SrcFileId="2" StartOffset="9446"/>
                                        </LocList>
                                        <BasicStmnt CovItemId="S60" CovItemPrefix="org.jfree.data.test.RangeTest.java" Intrnl_Id="495">
                                            <LocList>
                                                <Loc EndOffset="9345" SrcFileId="2" StartOffset="9307"/>
                                            </LocList>
                                        </BasicStmnt>
                                        <BasicStmnt CovItemId="S61" CovItemPrefix="org.jfree.data.test.RangeTest.java" Intrnl_Id="496">
                                            <LocList>
                                                <Loc EndOffset="9401" SrcFileId="2" StartOffset="9348"/>
                                            </LocList>
                                        </BasicStmnt>
                                        <BasicStmnt CovItemId="S62" CovItemPrefix="org.jfree.data.test.RangeTest.java" Intrnl_Id="497">
                                            <LocList>
                                                <Loc EndOffset="9442" SrcFileId="2" StartOffset="9405"/>
                                            </LocList>
                                        </BasicStmnt>
                                        <BasicStmnt CovItemId="S63" CovItemPrefix="org.jfree.data.test.RangeTest.java" Intrnl_Id="498">
                                            <LocList>
                                                <Loc EndOffset="9549" SrcFileId="2" StartOffset="9446"/>
                                            </LocList>
                                        </BasicStmnt>
                                    </StmntSeq>
                                </HierarchyLvl>
                                <HierarchyLvl HierarchyLvlId="6832" HierarchyLvlTypeId="5" Intrnl_Id="499" Name="testingNegativeToPositiveWithFalse">
                                    <Header>
                                        <Loc EndOffset="9633" SrcFileId="2" StartOffset="9576"/>
                                    </Header>
                                    <LocList>
                                        <Loc EndOffset="9885" SrcFileId="2" StartOffset="9576"/>
                                    </LocList>
                                    <StmntSeq Intrnl_Id="500">
                                        <LocList>
                                            <Loc EndOffset="9678" SrcFileId="2" StartOffset="9638"/>
                                            <Loc EndOffset="9735" SrcFileId="2" StartOffset="9681"/>
                                            <Loc EndOffset="9776" SrcFileId="2" StartOffset="9739"/>
                                            <Loc EndOffset="9879" SrcFileId="2" StartOffset="9780"/>
                                        </LocList>
                                        <BasicStmnt CovItemId="S64" CovItemPrefix="org.jfree.data.test.RangeTest.java" Intrnl_Id="501">
                                            <LocList>
                                                <Loc EndOffset="9678" SrcFileId="2" StartOffset="9638"/>
                                            </LocList>
                                        </BasicStmnt>
                                        <BasicStmnt CovItemId="S65" CovItemPrefix="org.jfree.data.test.RangeTest.java" Intrnl_Id="502">
                                            <LocList>
                                                <Loc EndOffset="9735" SrcFileId="2" StartOffset="9681"/>
                                            </LocList>
                                        </BasicStmnt>
                                        <BasicStmnt CovItemId="S66" CovItemPrefix="org.jfree.data.test.RangeTest.java" Intrnl_Id="503">
                                            <LocList>
                                                <Loc EndOffset="9776" SrcFileId="2" StartOffset="9739"/>
                                            </LocList>
                                        </BasicStmnt>
                                        <BasicStmnt CovItemId="S67" CovItemPrefix="org.jfree.data.test.RangeTest.java" Intrnl_Id="504">
                                            <LocList>
                                                <Loc EndOffset="9879" SrcFileId="2" StartOffset="9780"/>
                                            </LocList>
                                        </BasicStmnt>
                                    </StmntSeq>
                                </HierarchyLvl>
                                <HierarchyLvl HierarchyLvlId="6833" HierarchyLvlTypeId="5" Intrnl_Id="505" Name="testingNegativeToPositiveWithTrue">
                                    <Header>
                                        <Loc EndOffset="9962" SrcFileId="2" StartOffset="9906"/>
                                    </Header>
                                    <LocList>
                                        <Loc EndOffset="10209" SrcFileId="2" StartOffset="9906"/>
                                    </LocList>
                                    <StmntSeq Intrnl_Id="506">
                                        <LocList>
                                            <Loc EndOffset="10007" SrcFileId="2" StartOffset="9967"/>
                                            <Loc EndOffset="10063" SrcFileId="2" StartOffset="10010"/>
                                            <Loc EndOffset="10103" SrcFileId="2" StartOffset="10066"/>
                                            <Loc EndOffset="10203" SrcFileId="2" StartOffset="10106"/>
                                        </LocList>
                                        <BasicStmnt CovItemId="S68" CovItemPrefix="org.jfree.data.test.RangeTest.java" Intrnl_Id="507">
                                            <LocList>
                                                <Loc EndOffset="10007" SrcFileId="2" StartOffset="9967"/>
                                            </LocList>
                                        </BasicStmnt>
                                        <BasicStmnt CovItemId="S69" CovItemPrefix="org.jfree.data.test.RangeTest.java" Intrnl_Id="508">
                                            <LocList>
                                                <Loc EndOffset="10063" SrcFileId="2" StartOffset="10010"/>
                                            </LocList>
                                        </BasicStmnt>
                                        <BasicStmnt CovItemId="S70" CovItemPrefix="org.jfree.data.test.RangeTest.java" Intrnl_Id="509">
                                            <LocList>
                                                <Loc EndOffset="10103" SrcFileId="2" StartOffset="10066"/>
                                            </LocList>
                                        </BasicStmnt>
                                        <BasicStmnt CovItemId="S71" CovItemPrefix="org.jfree.data.test.RangeTest.java" Intrnl_Id="510">
                                            <LocList>
                                                <Loc EndOffset="10203" SrcFileId="2" StartOffset="10106"/>
                                            </LocList>
                                        </BasicStmnt>
                                    </StmntSeq>
                                </HierarchyLvl>
                                <HierarchyLvl HierarchyLvlId="6834" HierarchyLvlTypeId="5" Intrnl_Id="511" Name="testingNegativeToPositiveWithTrueSplitRange">
                                    <Header>
                                        <Loc EndOffset="10296" SrcFileId="2" StartOffset="10230"/>
                                    </Header>
                                    <LocList>
                                        <Loc EndOffset="10538" SrcFileId="2" StartOffset="10230"/>
                                    </LocList>
                                    <StmntSeq Intrnl_Id="512">
                                        <LocList>
                                            <Loc EndOffset="10340" SrcFileId="2" StartOffset="10301"/>
                                            <Loc EndOffset="10396" SrcFileId="2" StartOffset="10343"/>
                                            <Loc EndOffset="10435" SrcFileId="2" StartOffset="10398"/>
                                            <Loc EndOffset="10532" SrcFileId="2" StartOffset="10437"/>
                                        </LocList>
                                        <BasicStmnt CovItemId="S72" CovItemPrefix="org.jfree.data.test.RangeTest.java" Intrnl_Id="513">
                                            <LocList>
                                                <Loc EndOffset="10340" SrcFileId="2" StartOffset="10301"/>
                                            </LocList>
                                        </BasicStmnt>
                                        <BasicStmnt CovItemId="S73" CovItemPrefix="org.jfree.data.test.RangeTest.java" Intrnl_Id="514">
                                            <LocList>
                                                <Loc EndOffset="10396" SrcFileId="2" StartOffset="10343"/>
                                            </LocList>
                                        </BasicStmnt>
                                        <BasicStmnt CovItemId="S74" CovItemPrefix="org.jfree.data.test.RangeTest.java" Intrnl_Id="515">
                                            <LocList>
                                                <Loc EndOffset="10435" SrcFileId="2" StartOffset="10398"/>
                                            </LocList>
                                        </BasicStmnt>
                                        <BasicStmnt CovItemId="S75" CovItemPrefix="org.jfree.data.test.RangeTest.java" Intrnl_Id="516">
                                            <LocList>
                                                <Loc EndOffset="10532" SrcFileId="2" StartOffset="10437"/>
                                            </LocList>
                                        </BasicStmnt>
                                    </StmntSeq>
                                </HierarchyLvl>
                                <HierarchyLvl HierarchyLvlId="6835" HierarchyLvlTypeId="5" Intrnl_Id="517" Name="testingNegativeToPositiveWithFalseSplitRange">
                                    <Header>
                                        <Loc EndOffset="10626" SrcFileId="2" StartOffset="10559"/>
                                    </Header>
                                    <LocList>
                                        <Loc EndOffset="10867" SrcFileId="2" StartOffset="10559"/>
                                    </LocList>
                                    <StmntSeq Intrnl_Id="518">
                                        <LocList>
                                            <Loc EndOffset="10670" SrcFileId="2" StartOffset="10631"/>
                                            <Loc EndOffset="10727" SrcFileId="2" StartOffset="10673"/>
                                            <Loc EndOffset="10766" SrcFileId="2" StartOffset="10729"/>
                                            <Loc EndOffset="10861" SrcFileId="2" StartOffset="10768"/>
                                        </LocList>
                                        <BasicStmnt CovItemId="S76" CovItemPrefix="org.jfree.data.test.RangeTest.java" Intrnl_Id="519">
                                            <LocList>
                                                <Loc EndOffset="10670" SrcFileId="2" StartOffset="10631"/>
                                            </LocList>
                                        </BasicStmnt>
                                        <BasicStmnt CovItemId="S77" CovItemPrefix="org.jfree.data.test.RangeTest.java" Intrnl_Id="520">
                                            <LocList>
                                                <Loc EndOffset="10727" SrcFileId="2" StartOffset="10673"/>
                                            </LocList>
                                        </BasicStmnt>
                                        <BasicStmnt CovItemId="S78" CovItemPrefix="org.jfree.data.test.RangeTest.java" Intrnl_Id="521">
                                            <LocList>
                                                <Loc EndOffset="10766" SrcFileId="2" StartOffset="10729"/>
                                            </LocList>
                                        </BasicStmnt>
                                        <BasicStmnt CovItemId="S79" CovItemPrefix="org.jfree.data.test.RangeTest.java" Intrnl_Id="522">
                                            <LocList>
                                                <Loc EndOffset="10861" SrcFileId="2" StartOffset="10768"/>
                                            </LocList>
                                        </BasicStmnt>
                                    </StmntSeq>
                                </HierarchyLvl>
                                <HierarchyLvl HierarchyLvlId="6836" HierarchyLvlTypeId="5" Intrnl_Id="523" Name="testingNegativeToPositiveWithFalseSplitRangeCorrectAnswer">
                                    <Header>
                                        <Loc EndOffset="10969" SrcFileId="2" StartOffset="10889"/>
                                    </Header>
                                    <LocList>
                                        <Loc EndOffset="11214" SrcFileId="2" StartOffset="10889"/>
                                    </LocList>
                                    <StmntSeq Intrnl_Id="524">
                                        <LocList>
                                            <Loc EndOffset="11013" SrcFileId="2" StartOffset="10974"/>
                                            <Loc EndOffset="11070" SrcFileId="2" StartOffset="11016"/>
                                            <Loc EndOffset="11109" SrcFileId="2" StartOffset="11072"/>
                                            <Loc EndOffset="11208" SrcFileId="2" StartOffset="11111"/>
                                        </LocList>
                                        <BasicStmnt CovItemId="S80" CovItemPrefix="org.jfree.data.test.RangeTest.java" Intrnl_Id="525">
                                            <LocList>
                                                <Loc EndOffset="11013" SrcFileId="2" StartOffset="10974"/>
                                            </LocList>
                                        </BasicStmnt>
                                        <BasicStmnt CovItemId="S81" CovItemPrefix="org.jfree.data.test.RangeTest.java" Intrnl_Id="526">
                                            <LocList>
                                                <Loc EndOffset="11070" SrcFileId="2" StartOffset="11016"/>
                                            </LocList>
                                        </BasicStmnt>
                                        <BasicStmnt CovItemId="S82" CovItemPrefix="org.jfree.data.test.RangeTest.java" Intrnl_Id="527">
                                            <LocList>
                                                <Loc EndOffset="11109" SrcFileId="2" StartOffset="11072"/>
                                            </LocList>
                                        </BasicStmnt>
                                        <BasicStmnt CovItemId="S83" CovItemPrefix="org.jfree.data.test.RangeTest.java" Intrnl_Id="528">
                                            <LocList>
                                                <Loc EndOffset="11208" SrcFileId="2" StartOffset="11111"/>
                                            </LocList>
                                        </BasicStmnt>
                                    </StmntSeq>
                                </HierarchyLvl>
                                <HierarchyLvl HierarchyLvlId="6837" HierarchyLvlTypeId="5" Intrnl_Id="529" Name="testingPositiveToPositiveWithFalseWrongAnswer">
                                    <Header>
                                        <Loc EndOffset="11305" SrcFileId="2" StartOffset="11237"/>
                                    </Header>
                                    <LocList>
                                        <Loc EndOffset="11553" SrcFileId="2" StartOffset="11237"/>
                                    </LocList>
                                    <StmntSeq Intrnl_Id="530">
                                        <LocList>
                                            <Loc EndOffset="11348" SrcFileId="2" StartOffset="11310"/>
                                            <Loc EndOffset="11405" SrcFileId="2" StartOffset="11351"/>
                                            <Loc EndOffset="11444" SrcFileId="2" StartOffset="11407"/>
                                            <Loc EndOffset="11547" SrcFileId="2" StartOffset="11446"/>
                                        </LocList>
                                        <BasicStmnt CovItemId="S84" CovItemPrefix="org.jfree.data.test.RangeTest.java" Intrnl_Id="531">
                                            <LocList>
                                                <Loc EndOffset="11348" SrcFileId="2" StartOffset="11310"/>
                                            </LocList>
                                        </BasicStmnt>
                                        <BasicStmnt CovItemId="S85" CovItemPrefix="org.jfree.data.test.RangeTest.java" Intrnl_Id="532">
                                            <LocList>
                                                <Loc EndOffset="11405" SrcFileId="2" StartOffset="11351"/>
                                            </LocList>
                                        </BasicStmnt>
                                        <BasicStmnt CovItemId="S86" CovItemPrefix="org.jfree.data.test.RangeTest.java" Intrnl_Id="533">
                                            <LocList>
                                                <Loc EndOffset="11444" SrcFileId="2" StartOffset="11407"/>
                                            </LocList>
                                        </BasicStmnt>
                                        <BasicStmnt CovItemId="S87" CovItemPrefix="org.jfree.data.test.RangeTest.java" Intrnl_Id="534">
                                            <LocList>
                                                <Loc EndOffset="11547" SrcFileId="2" StartOffset="11446"/>
                                            </LocList>
                                        </BasicStmnt>
                                    </StmntSeq>
                                </HierarchyLvl>
                                <HierarchyLvl HierarchyLvlId="6838" HierarchyLvlTypeId="5" Intrnl_Id="535" Name="testingPositiveToPositiveWithFalseCorrectAnswer">
                                    <Header>
                                        <Loc EndOffset="11644" SrcFileId="2" StartOffset="11574"/>
                                    </Header>
                                    <LocList>
                                        <Loc EndOffset="11892" SrcFileId="2" StartOffset="11574"/>
                                    </LocList>
                                    <StmntSeq Intrnl_Id="536">
                                        <LocList>
                                            <Loc EndOffset="11687" SrcFileId="2" StartOffset="11649"/>
                                            <Loc EndOffset="11744" SrcFileId="2" StartOffset="11690"/>
                                            <Loc EndOffset="11783" SrcFileId="2" StartOffset="11746"/>
                                            <Loc EndOffset="11886" SrcFileId="2" StartOffset="11785"/>
                                        </LocList>
                                        <BasicStmnt CovItemId="S88" CovItemPrefix="org.jfree.data.test.RangeTest.java" Intrnl_Id="537">
                                            <LocList>
                                                <Loc EndOffset="11687" SrcFileId="2" StartOffset="11649"/>
                                            </LocList>
                                        </BasicStmnt>
                                        <BasicStmnt CovItemId="S89" CovItemPrefix="org.jfree.data.test.RangeTest.java" Intrnl_Id="538">
                                            <LocList>
                                                <Loc EndOffset="11744" SrcFileId="2" StartOffset="11690"/>
                                            </LocList>
                                        </BasicStmnt>
                                        <BasicStmnt CovItemId="S90" CovItemPrefix="org.jfree.data.test.RangeTest.java" Intrnl_Id="539">
                                            <LocList>
                                                <Loc EndOffset="11783" SrcFileId="2" StartOffset="11746"/>
                                            </LocList>
                                        </BasicStmnt>
                                        <BasicStmnt CovItemId="S91" CovItemPrefix="org.jfree.data.test.RangeTest.java" Intrnl_Id="540">
                                            <LocList>
                                                <Loc EndOffset="11886" SrcFileId="2" StartOffset="11785"/>
                                            </LocList>
                                        </BasicStmnt>
                                    </StmntSeq>
                                </HierarchyLvl>
                                <HierarchyLvl HierarchyLvlId="6839" HierarchyLvlTypeId="5" Intrnl_Id="541" Name="shiftTestWithNullRange">
                                    <Header>
                                        <Loc EndOffset="11984" SrcFileId="2" StartOffset="11898"/>
                                    </Header>
                                    <LocList>
                                        <Loc EndOffset="12023" SrcFileId="2" StartOffset="11898"/>
                                    </LocList>
                                    <StmntSeq Intrnl_Id="542">
                                        <LocList>
                                            <Loc EndOffset="12020" SrcFileId="2" StartOffset="11992"/>
                                        </LocList>
                                        <BasicStmnt CovItemId="S92" CovItemPrefix="org.jfree.data.test.RangeTest.java" Intrnl_Id="543">
                                            <LocList>
                                                <Loc EndOffset="12020" SrcFileId="2" StartOffset="11992"/>
                                            </LocList>
                                        </BasicStmnt>
                                    </StmntSeq>
                                </HierarchyLvl>
                                <HierarchyLvl HierarchyLvlId="6840" HierarchyLvlTypeId="5" Intrnl_Id="544" Name="testingPositiveToPositive">
                                    <Header>
                                        <Loc EndOffset="12131" SrcFileId="2" StartOffset="12083"/>
                                    </Header>
                                    <LocList>
                                        <Loc EndOffset="12370" SrcFileId="2" StartOffset="12083"/>
                                    </LocList>
                                    <StmntSeq Intrnl_Id="545">
                                        <LocList>
                                            <Loc EndOffset="12174" SrcFileId="2" StartOffset="12136"/>
                                            <Loc EndOffset="12224" SrcFileId="2" StartOffset="12177"/>
                                            <Loc EndOffset="12263" SrcFileId="2" StartOffset="12226"/>
                                            <Loc EndOffset="12364" SrcFileId="2" StartOffset="12265"/>
                                        </LocList>
                                        <BasicStmnt CovItemId="S93" CovItemPrefix="org.jfree.data.test.RangeTest.java" Intrnl_Id="546">
                                            <LocList>
                                                <Loc EndOffset="12174" SrcFileId="2" StartOffset="12136"/>
                                            </LocList>
                                        </BasicStmnt>
                                        <BasicStmnt CovItemId="S94" CovItemPrefix="org.jfree.data.test.RangeTest.java" Intrnl_Id="547">
                                            <LocList>
                                                <Loc EndOffset="12224" SrcFileId="2" StartOffset="12177"/>
                                            </LocList>
                                        </BasicStmnt>
                                        <BasicStmnt CovItemId="S95" CovItemPrefix="org.jfree.data.test.RangeTest.java" Intrnl_Id="548">
                                            <LocList>
                                                <Loc EndOffset="12263" SrcFileId="2" StartOffset="12226"/>
                                            </LocList>
                                        </BasicStmnt>
                                        <BasicStmnt CovItemId="S96" CovItemPrefix="org.jfree.data.test.RangeTest.java" Intrnl_Id="549">
                                            <LocList>
                                                <Loc EndOffset="12364" SrcFileId="2" StartOffset="12265"/>
                                            </LocList>
                                        </BasicStmnt>
                                    </StmntSeq>
                                </HierarchyLvl>
                                <HierarchyLvl HierarchyLvlId="6841" HierarchyLvlTypeId="5" Intrnl_Id="550" Name="testingPositiveToNegative">
                                    <Header>
                                        <Loc EndOffset="12441" SrcFileId="2" StartOffset="12393"/>
                                    </Header>
                                    <LocList>
                                        <Loc EndOffset="12678" SrcFileId="2" StartOffset="12393"/>
                                    </LocList>
                                    <StmntSeq Intrnl_Id="551">
                                        <LocList>
                                            <Loc EndOffset="12484" SrcFileId="2" StartOffset="12446"/>
                                            <Loc EndOffset="12535" SrcFileId="2" StartOffset="12487"/>
                                            <Loc EndOffset="12574" SrcFileId="2" StartOffset="12537"/>
                                            <Loc EndOffset="12672" SrcFileId="2" StartOffset="12576"/>
                                        </LocList>
                                        <BasicStmnt CovItemId="S97" CovItemPrefix="org.jfree.data.test.RangeTest.java" Intrnl_Id="552">
                                            <LocList>
                                                <Loc EndOffset="12484" SrcFileId="2" StartOffset="12446"/>
                                            </LocList>
                                        </BasicStmnt>
                                        <BasicStmnt CovItemId="S98" CovItemPrefix="org.jfree.data.test.RangeTest.java" Intrnl_Id="553">
                                            <LocList>
                                                <Loc EndOffset="12535" SrcFileId="2" StartOffset="12487"/>
                                            </LocList>
                                        </BasicStmnt>
                                        <BasicStmnt CovItemId="S99" CovItemPrefix="org.jfree.data.test.RangeTest.java" Intrnl_Id="554">
                                            <LocList>
                                                <Loc EndOffset="12574" SrcFileId="2" StartOffset="12537"/>
                                            </LocList>
                                        </BasicStmnt>
                                        <BasicStmnt CovItemId="S100" CovItemPrefix="org.jfree.data.test.RangeTest.java" Intrnl_Id="555">
                                            <LocList>
                                                <Loc EndOffset="12672" SrcFileId="2" StartOffset="12576"/>
                                            </LocList>
                                        </BasicStmnt>
                                    </StmntSeq>
                                </HierarchyLvl>
                                <HierarchyLvl HierarchyLvlId="6842" HierarchyLvlTypeId="5" Intrnl_Id="556" Name="testingPositiveToNegativeSplit">
                                    <Header>
                                        <Loc EndOffset="12752" SrcFileId="2" StartOffset="12699"/>
                                    </Header>
                                    <LocList>
                                        <Loc EndOffset="12993" SrcFileId="2" StartOffset="12699"/>
                                    </LocList>
                                    <StmntSeq Intrnl_Id="557">
                                        <LocList>
                                            <Loc EndOffset="12796" SrcFileId="2" StartOffset="12757"/>
                                            <Loc EndOffset="12847" SrcFileId="2" StartOffset="12799"/>
                                            <Loc EndOffset="12887" SrcFileId="2" StartOffset="12849"/>
                                            <Loc EndOffset="12987" SrcFileId="2" StartOffset="12889"/>
                                        </LocList>
                                        <BasicStmnt CovItemId="S101" CovItemPrefix="org.jfree.data.test.RangeTest.java" Intrnl_Id="558">
                                            <LocList>
                                                <Loc EndOffset="12796" SrcFileId="2" StartOffset="12757"/>
                                            </LocList>
                                        </BasicStmnt>
                                        <BasicStmnt CovItemId="S102" CovItemPrefix="org.jfree.data.test.RangeTest.java" Intrnl_Id="559">
                                            <LocList>
                                                <Loc EndOffset="12847" SrcFileId="2" StartOffset="12799"/>
                                            </LocList>
                                        </BasicStmnt>
                                        <BasicStmnt CovItemId="S103" CovItemPrefix="org.jfree.data.test.RangeTest.java" Intrnl_Id="560">
                                            <LocList>
                                                <Loc EndOffset="12887" SrcFileId="2" StartOffset="12849"/>
                                            </LocList>
                                        </BasicStmnt>
                                        <BasicStmnt CovItemId="S104" CovItemPrefix="org.jfree.data.test.RangeTest.java" Intrnl_Id="561">
                                            <LocList>
                                                <Loc EndOffset="12987" SrcFileId="2" StartOffset="12889"/>
                                            </LocList>
                                        </BasicStmnt>
                                    </StmntSeq>
                                </HierarchyLvl>
                                <HierarchyLvl HierarchyLvlId="6843" HierarchyLvlTypeId="5" Intrnl_Id="562" Name="testingPositiveToNegativeSplit1">
                                    <Header>
                                        <Loc EndOffset="13068" SrcFileId="2" StartOffset="13014"/>
                                    </Header>
                                    <LocList>
                                        <Loc EndOffset="13303" SrcFileId="2" StartOffset="13014"/>
                                    </LocList>
                                    <StmntSeq Intrnl_Id="563">
                                        <LocList>
                                            <Loc EndOffset="13111" SrcFileId="2" StartOffset="13073"/>
                                            <Loc EndOffset="13162" SrcFileId="2" StartOffset="13114"/>
                                            <Loc EndOffset="13203" SrcFileId="2" StartOffset="13164"/>
                                            <Loc EndOffset="13297" SrcFileId="2" StartOffset="13205"/>
                                        </LocList>
                                        <BasicStmnt CovItemId="S105" CovItemPrefix="org.jfree.data.test.RangeTest.java" Intrnl_Id="564">
                                            <LocList>
                                                <Loc EndOffset="13111" SrcFileId="2" StartOffset="13073"/>
                                            </LocList>
                                        </BasicStmnt>
                                        <BasicStmnt CovItemId="S106" CovItemPrefix="org.jfree.data.test.RangeTest.java" Intrnl_Id="565">
                                            <LocList>
                                                <Loc EndOffset="13162" SrcFileId="2" StartOffset="13114"/>
                                            </LocList>
                                        </BasicStmnt>
                                        <BasicStmnt CovItemId="S107" CovItemPrefix="org.jfree.data.test.RangeTest.java" Intrnl_Id="566">
                                            <LocList>
                                                <Loc EndOffset="13203" SrcFileId="2" StartOffset="13164"/>
                                            </LocList>
                                        </BasicStmnt>
                                        <BasicStmnt CovItemId="S108" CovItemPrefix="org.jfree.data.test.RangeTest.java" Intrnl_Id="567">
                                            <LocList>
                                                <Loc EndOffset="13297" SrcFileId="2" StartOffset="13205"/>
                                            </LocList>
                                        </BasicStmnt>
                                    </StmntSeq>
                                </HierarchyLvl>
                                <HierarchyLvl HierarchyLvlId="6844" HierarchyLvlTypeId="5" Intrnl_Id="568" Name="testingNegativeToPositive">
                                    <Header>
                                        <Loc EndOffset="13373" SrcFileId="2" StartOffset="13325"/>
                                    </Header>
                                    <LocList>
                                        <Loc EndOffset="13606" SrcFileId="2" StartOffset="13325"/>
                                    </LocList>
                                    <StmntSeq Intrnl_Id="569">
                                        <LocList>
                                            <Loc EndOffset="13418" SrcFileId="2" StartOffset="13378"/>
                                            <Loc EndOffset="13468" SrcFileId="2" StartOffset="13421"/>
                                            <Loc EndOffset="13507" SrcFileId="2" StartOffset="13470"/>
                                            <Loc EndOffset="13600" SrcFileId="2" StartOffset="13509"/>
                                        </LocList>
                                        <BasicStmnt CovItemId="S109" CovItemPrefix="org.jfree.data.test.RangeTest.java" Intrnl_Id="570">
                                            <LocList>
                                                <Loc EndOffset="13418" SrcFileId="2" StartOffset="13378"/>
                                            </LocList>
                                        </BasicStmnt>
                                        <BasicStmnt CovItemId="S110" CovItemPrefix="org.jfree.data.test.RangeTest.java" Intrnl_Id="571">
                                            <LocList>
                                                <Loc EndOffset="13468" SrcFileId="2" StartOffset="13421"/>
                                            </LocList>
                                        </BasicStmnt>
                                        <BasicStmnt CovItemId="S111" CovItemPrefix="org.jfree.data.test.RangeTest.java" Intrnl_Id="572">
                                            <LocList>
                                                <Loc EndOffset="13507" SrcFileId="2" StartOffset="13470"/>
                                            </LocList>
                                        </BasicStmnt>
                                        <BasicStmnt CovItemId="S112" CovItemPrefix="org.jfree.data.test.RangeTest.java" Intrnl_Id="573">
                                            <LocList>
                                                <Loc EndOffset="13600" SrcFileId="2" StartOffset="13509"/>
                                            </LocList>
                                        </BasicStmnt>
                                    </StmntSeq>
                                </HierarchyLvl>
                                <HierarchyLvl HierarchyLvlId="6845" HierarchyLvlTypeId="5" Intrnl_Id="574" Name="testingNegativeToPositiveWithCorrectAnswer">
                                    <Header>
                                        <Loc EndOffset="13692" SrcFileId="2" StartOffset="13627"/>
                                    </Header>
                                    <LocList>
                                        <Loc EndOffset="13921" SrcFileId="2" StartOffset="13627"/>
                                    </LocList>
                                    <StmntSeq Intrnl_Id="575">
                                        <LocList>
                                            <Loc EndOffset="13737" SrcFileId="2" StartOffset="13697"/>
                                            <Loc EndOffset="13787" SrcFileId="2" StartOffset="13740"/>
                                            <Loc EndOffset="13822" SrcFileId="2" StartOffset="13789"/>
                                            <Loc EndOffset="13915" SrcFileId="2" StartOffset="13824"/>
                                        </LocList>
                                        <BasicStmnt CovItemId="S113" CovItemPrefix="org.jfree.data.test.RangeTest.java" Intrnl_Id="576">
                                            <LocList>
                                                <Loc EndOffset="13737" SrcFileId="2" StartOffset="13697"/>
                                            </LocList>
                                        </BasicStmnt>
                                        <BasicStmnt CovItemId="S114" CovItemPrefix="org.jfree.data.test.RangeTest.java" Intrnl_Id="577">
                                            <LocList>
                                                <Loc EndOffset="13787" SrcFileId="2" StartOffset="13740"/>
                                            </LocList>
                                        </BasicStmnt>
                                        <BasicStmnt CovItemId="S115" CovItemPrefix="org.jfree.data.test.RangeTest.java" Intrnl_Id="578">
                                            <LocList>
                                                <Loc EndOffset="13822" SrcFileId="2" StartOffset="13789"/>
                                            </LocList>
                                        </BasicStmnt>
                                        <BasicStmnt CovItemId="S116" CovItemPrefix="org.jfree.data.test.RangeTest.java" Intrnl_Id="579">
                                            <LocList>
                                                <Loc EndOffset="13915" SrcFileId="2" StartOffset="13824"/>
                                            </LocList>
                                        </BasicStmnt>
                                    </StmntSeq>
                                </HierarchyLvl>
                                <HierarchyLvl HierarchyLvlId="6846" HierarchyLvlTypeId="5" Intrnl_Id="580" Name="testingNegativeToPositiveWithCorrectAnswerSplit">
                                    <Header>
                                        <Loc EndOffset="14012" SrcFileId="2" StartOffset="13942"/>
                                    </Header>
                                    <LocList>
                                        <Loc EndOffset="14240" SrcFileId="2" StartOffset="13942"/>
                                    </LocList>
                                    <StmntSeq Intrnl_Id="581">
                                        <LocList>
                                            <Loc EndOffset="14056" SrcFileId="2" StartOffset="14017"/>
                                            <Loc EndOffset="14106" SrcFileId="2" StartOffset="14059"/>
                                            <Loc EndOffset="14141" SrcFileId="2" StartOffset="14108"/>
                                            <Loc EndOffset="14234" SrcFileId="2" StartOffset="14143"/>
                                        </LocList>
                                        <BasicStmnt CovItemId="S117" CovItemPrefix="org.jfree.data.test.RangeTest.java" Intrnl_Id="582">
                                            <LocList>
                                                <Loc EndOffset="14056" SrcFileId="2" StartOffset="14017"/>
                                            </LocList>
                                        </BasicStmnt>
                                        <BasicStmnt CovItemId="S118" CovItemPrefix="org.jfree.data.test.RangeTest.java" Intrnl_Id="583">
                                            <LocList>
                                                <Loc EndOffset="14106" SrcFileId="2" StartOffset="14059"/>
                                            </LocList>
                                        </BasicStmnt>
                                        <BasicStmnt CovItemId="S119" CovItemPrefix="org.jfree.data.test.RangeTest.java" Intrnl_Id="584">
                                            <LocList>
                                                <Loc EndOffset="14141" SrcFileId="2" StartOffset="14108"/>
                                            </LocList>
                                        </BasicStmnt>
                                        <BasicStmnt CovItemId="S120" CovItemPrefix="org.jfree.data.test.RangeTest.java" Intrnl_Id="585">
                                            <LocList>
                                                <Loc EndOffset="14234" SrcFileId="2" StartOffset="14143"/>
                                            </LocList>
                                        </BasicStmnt>
                                    </StmntSeq>
                                </HierarchyLvl>
                                <HierarchyLvl HierarchyLvlId="6847" HierarchyLvlTypeId="5" Intrnl_Id="586" Name="testingNegativeToPositiveWithWrongAnswerSplit1">
                                    <Header>
                                        <Loc EndOffset="14330" SrcFileId="2" StartOffset="14261"/>
                                    </Header>
                                    <LocList>
                                        <Loc EndOffset="14560" SrcFileId="2" StartOffset="14261"/>
                                    </LocList>
                                    <StmntSeq Intrnl_Id="587">
                                        <LocList>
                                            <Loc EndOffset="14374" SrcFileId="2" StartOffset="14335"/>
                                            <Loc EndOffset="14424" SrcFileId="2" StartOffset="14377"/>
                                            <Loc EndOffset="14461" SrcFileId="2" StartOffset="14426"/>
                                            <Loc EndOffset="14554" SrcFileId="2" StartOffset="14463"/>
                                        </LocList>
                                        <BasicStmnt CovItemId="S121" CovItemPrefix="org.jfree.data.test.RangeTest.java" Intrnl_Id="588">
                                            <LocList>
                                                <Loc EndOffset="14374" SrcFileId="2" StartOffset="14335"/>
                                            </LocList>
                                        </BasicStmnt>
                                        <BasicStmnt CovItemId="S122" CovItemPrefix="org.jfree.data.test.RangeTest.java" Intrnl_Id="589">
                                            <LocList>
                                                <Loc EndOffset="14424" SrcFileId="2" StartOffset="14377"/>
                                            </LocList>
                                        </BasicStmnt>
                                        <BasicStmnt CovItemId="S123" CovItemPrefix="org.jfree.data.test.RangeTest.java" Intrnl_Id="590">
                                            <LocList>
                                                <Loc EndOffset="14461" SrcFileId="2" StartOffset="14426"/>
                                            </LocList>
                                        </BasicStmnt>
                                        <BasicStmnt CovItemId="S124" CovItemPrefix="org.jfree.data.test.RangeTest.java" Intrnl_Id="591">
                                            <LocList>
                                                <Loc EndOffset="14554" SrcFileId="2" StartOffset="14463"/>
                                            </LocList>
                                        </BasicStmnt>
                                    </StmntSeq>
                                </HierarchyLvl>
                                <HierarchyLvl HierarchyLvlId="6848" HierarchyLvlTypeId="5" Intrnl_Id="592" Name="testingNegativeToZero">
                                    <Header>
                                        <Loc EndOffset="14625" SrcFileId="2" StartOffset="14581"/>
                                    </Header>
                                    <LocList>
                                        <Loc EndOffset="14852" SrcFileId="2" StartOffset="14581"/>
                                    </LocList>
                                    <StmntSeq Intrnl_Id="593">
                                        <LocList>
                                            <Loc EndOffset="14670" SrcFileId="2" StartOffset="14630"/>
                                            <Loc EndOffset="14720" SrcFileId="2" StartOffset="14673"/>
                                            <Loc EndOffset="14755" SrcFileId="2" StartOffset="14722"/>
                                            <Loc EndOffset="14846" SrcFileId="2" StartOffset="14757"/>
                                        </LocList>
                                        <BasicStmnt CovItemId="S125" CovItemPrefix="org.jfree.data.test.RangeTest.java" Intrnl_Id="594">
                                            <LocList>
                                                <Loc EndOffset="14670" SrcFileId="2" StartOffset="14630"/>
                                            </LocList>
                                        </BasicStmnt>
                                        <BasicStmnt CovItemId="S126" CovItemPrefix="org.jfree.data.test.RangeTest.java" Intrnl_Id="595">
                                            <LocList>
                                                <Loc EndOffset="14720" SrcFileId="2" StartOffset="14673"/>
                                            </LocList>
                                        </BasicStmnt>
                                        <BasicStmnt CovItemId="S127" CovItemPrefix="org.jfree.data.test.RangeTest.java" Intrnl_Id="596">
                                            <LocList>
                                                <Loc EndOffset="14755" SrcFileId="2" StartOffset="14722"/>
                                            </LocList>
                                        </BasicStmnt>
                                        <BasicStmnt CovItemId="S128" CovItemPrefix="org.jfree.data.test.RangeTest.java" Intrnl_Id="597">
                                            <LocList>
                                                <Loc EndOffset="14846" SrcFileId="2" StartOffset="14757"/>
                                            </LocList>
                                        </BasicStmnt>
                                    </StmntSeq>
                                </HierarchyLvl>
                                <HierarchyLvl HierarchyLvlId="6849" HierarchyLvlTypeId="5" Intrnl_Id="598" Name="testingPositiveToZero">
                                    <Header>
                                        <Loc EndOffset="14917" SrcFileId="2" StartOffset="14873"/>
                                    </Header>
                                    <LocList>
                                        <Loc EndOffset="15144" SrcFileId="2" StartOffset="14873"/>
                                    </LocList>
                                    <StmntSeq Intrnl_Id="599">
                                        <LocList>
                                            <Loc EndOffset="14960" SrcFileId="2" StartOffset="14922"/>
                                            <Loc EndOffset="15011" SrcFileId="2" StartOffset="14963"/>
                                            <Loc EndOffset="15046" SrcFileId="2" StartOffset="15013"/>
                                            <Loc EndOffset="15138" SrcFileId="2" StartOffset="15048"/>
                                        </LocList>
                                        <BasicStmnt CovItemId="S129" CovItemPrefix="org.jfree.data.test.RangeTest.java" Intrnl_Id="600">
                                            <LocList>
                                                <Loc EndOffset="14960" SrcFileId="2" StartOffset="14922"/>
                                            </LocList>
                                        </BasicStmnt>
                                        <BasicStmnt CovItemId="S130" CovItemPrefix="org.jfree.data.test.RangeTest.java" Intrnl_Id="601">
                                            <LocList>
                                                <Loc EndOffset="15011" SrcFileId="2" StartOffset="14963"/>
                                            </LocList>
                                        </BasicStmnt>
                                        <BasicStmnt CovItemId="S131" CovItemPrefix="org.jfree.data.test.RangeTest.java" Intrnl_Id="602">
                                            <LocList>
                                                <Loc EndOffset="15046" SrcFileId="2" StartOffset="15013"/>
                                            </LocList>
                                        </BasicStmnt>
                                        <BasicStmnt CovItemId="S132" CovItemPrefix="org.jfree.data.test.RangeTest.java" Intrnl_Id="603">
                                            <LocList>
                                                <Loc EndOffset="15138" SrcFileId="2" StartOffset="15048"/>
                                            </LocList>
                                        </BasicStmnt>
                                    </StmntSeq>
                                </HierarchyLvl>
                                <HierarchyLvl HierarchyLvlId="6850" HierarchyLvlTypeId="5" Intrnl_Id="604" Name="shiftTestWithNullRange1">
                                    <Header>
                                        <Loc EndOffset="15255" SrcFileId="2" StartOffset="15168"/>
                                    </Header>
                                    <LocList>
                                        <Loc EndOffset="15289" SrcFileId="2" StartOffset="15168"/>
                                    </LocList>
                                    <StmntSeq Intrnl_Id="605">
                                        <LocList>
                                            <Loc EndOffset="15286" SrcFileId="2" StartOffset="15263"/>
                                        </LocList>
                                        <BasicStmnt CovItemId="S133" CovItemPrefix="org.jfree.data.test.RangeTest.java" Intrnl_Id="606">
                                            <LocList>
                                                <Loc EndOffset="15286" SrcFileId="2" StartOffset="15263"/>
                                            </LocList>
                                        </BasicStmnt>
                                    </StmntSeq>
                                </HierarchyLvl>
                                <HierarchyLvl HierarchyLvlId="6851" HierarchyLvlTypeId="5" Intrnl_Id="607" Name="NegativeAndPositive">
                                    <Header>
                                        <Loc EndOffset="15379" SrcFileId="2" StartOffset="15339"/>
                                    </Header>
                                    <LocList>
                                        <Loc EndOffset="15544" SrcFileId="2" StartOffset="15339"/>
                                    </LocList>
                                    <StmntSeq Intrnl_Id="608">
                                        <LocList>
                                            <Loc EndOffset="15419" SrcFileId="2" StartOffset="15384"/>
                                            <Loc EndOffset="15455" SrcFileId="2" StartOffset="15422"/>
                                            <Loc EndOffset="15541" SrcFileId="2" StartOffset="15458"/>
                                        </LocList>
                                        <BasicStmnt CovItemId="S134" CovItemPrefix="org.jfree.data.test.RangeTest.java" Intrnl_Id="609">
                                            <LocList>
                                                <Loc EndOffset="15419" SrcFileId="2" StartOffset="15384"/>
                                            </LocList>
                                        </BasicStmnt>
                                        <BasicStmnt CovItemId="S135" CovItemPrefix="org.jfree.data.test.RangeTest.java" Intrnl_Id="610">
                                            <LocList>
                                                <Loc EndOffset="15455" SrcFileId="2" StartOffset="15422"/>
                                            </LocList>
                                        </BasicStmnt>
                                        <BasicStmnt CovItemId="S136" CovItemPrefix="org.jfree.data.test.RangeTest.java" Intrnl_Id="611">
                                            <LocList>
                                                <Loc EndOffset="15541" SrcFileId="2" StartOffset="15458"/>
                                            </LocList>
                                        </BasicStmnt>
                                    </StmntSeq>
                                </HierarchyLvl>
                                <HierarchyLvl HierarchyLvlId="6852" HierarchyLvlTypeId="5" Intrnl_Id="612" Name="PositiveAndPositive">
                                    <Header>
                                        <Loc EndOffset="15606" SrcFileId="2" StartOffset="15566"/>
                                    </Header>
                                    <LocList>
                                        <Loc EndOffset="15768" SrcFileId="2" StartOffset="15566"/>
                                    </LocList>
                                    <StmntSeq Intrnl_Id="613">
                                        <LocList>
                                            <Loc EndOffset="15645" SrcFileId="2" StartOffset="15611"/>
                                            <Loc EndOffset="15681" SrcFileId="2" StartOffset="15648"/>
                                            <Loc EndOffset="15765" SrcFileId="2" StartOffset="15684"/>
                                        </LocList>
                                        <BasicStmnt CovItemId="S137" CovItemPrefix="org.jfree.data.test.RangeTest.java" Intrnl_Id="614">
                                            <LocList>
                                                <Loc EndOffset="15645" SrcFileId="2" StartOffset="15611"/>
                                            </LocList>
                                        </BasicStmnt>
                                        <BasicStmnt CovItemId="S138" CovItemPrefix="org.jfree.data.test.RangeTest.java" Intrnl_Id="615">
                                            <LocList>
                                                <Loc EndOffset="15681" SrcFileId="2" StartOffset="15648"/>
                                            </LocList>
                                        </BasicStmnt>
                                        <BasicStmnt CovItemId="S139" CovItemPrefix="org.jfree.data.test.RangeTest.java" Intrnl_Id="616">
                                            <LocList>
                                                <Loc EndOffset="15765" SrcFileId="2" StartOffset="15684"/>
                                            </LocList>
                                        </BasicStmnt>
                                    </StmntSeq>
                                </HierarchyLvl>
                                <HierarchyLvl HierarchyLvlId="6853" HierarchyLvlTypeId="5" Intrnl_Id="617" Name="NegativeAndNegative">
                                    <Header>
                                        <Loc EndOffset="15829" SrcFileId="2" StartOffset="15789"/>
                                    </Header>
                                    <LocList>
                                        <Loc EndOffset="15997" SrcFileId="2" StartOffset="15789"/>
                                    </LocList>
                                    <StmntSeq Intrnl_Id="618">
                                        <LocList>
                                            <Loc EndOffset="15870" SrcFileId="2" StartOffset="15834"/>
                                            <Loc EndOffset="15906" SrcFileId="2" StartOffset="15873"/>
                                            <Loc EndOffset="15994" SrcFileId="2" StartOffset="15909"/>
                                        </LocList>
                                        <BasicStmnt CovItemId="S140" CovItemPrefix="org.jfree.data.test.RangeTest.java" Intrnl_Id="619">
                                            <LocList>
                                                <Loc EndOffset="15870" SrcFileId="2" StartOffset="15834"/>
                                            </LocList>
                                        </BasicStmnt>
                                        <BasicStmnt CovItemId="S141" CovItemPrefix="org.jfree.data.test.RangeTest.java" Intrnl_Id="620">
                                            <LocList>
                                                <Loc EndOffset="15906" SrcFileId="2" StartOffset="15873"/>
                                            </LocList>
                                        </BasicStmnt>
                                        <BasicStmnt CovItemId="S142" CovItemPrefix="org.jfree.data.test.RangeTest.java" Intrnl_Id="621">
                                            <LocList>
                                                <Loc EndOffset="15994" SrcFileId="2" StartOffset="15909"/>
                                            </LocList>
                                        </BasicStmnt>
                                    </StmntSeq>
                                </HierarchyLvl>
                                <HierarchyLvl HierarchyLvlId="6854" HierarchyLvlTypeId="5" Intrnl_Id="622" Name="ZeroAndZero">
                                    <Header>
                                        <Loc EndOffset="16050" SrcFileId="2" StartOffset="16018"/>
                                    </Header>
                                    <LocList>
                                        <Loc EndOffset="16212" SrcFileId="2" StartOffset="16018"/>
                                    </LocList>
                                    <StmntSeq Intrnl_Id="623">
                                        <LocList>
                                            <Loc EndOffset="16089" SrcFileId="2" StartOffset="16055"/>
                                            <Loc EndOffset="16125" SrcFileId="2" StartOffset="16092"/>
                                            <Loc EndOffset="16209" SrcFileId="2" StartOffset="16128"/>
                                        </LocList>
                                        <BasicStmnt CovItemId="S143" CovItemPrefix="org.jfree.data.test.RangeTest.java" Intrnl_Id="624">
                                            <LocList>
                                                <Loc EndOffset="16089" SrcFileId="2" StartOffset="16055"/>
                                            </LocList>
                                        </BasicStmnt>
                                        <BasicStmnt CovItemId="S144" CovItemPrefix="org.jfree.data.test.RangeTest.java" Intrnl_Id="625">
                                            <LocList>
                                                <Loc EndOffset="16125" SrcFileId="2" StartOffset="16092"/>
                                            </LocList>
                                        </BasicStmnt>
                                        <BasicStmnt CovItemId="S145" CovItemPrefix="org.jfree.data.test.RangeTest.java" Intrnl_Id="626">
                                            <LocList>
                                                <Loc EndOffset="16209" SrcFileId="2" StartOffset="16128"/>
                                            </LocList>
                                        </BasicStmnt>
                                    </StmntSeq>
                                </HierarchyLvl>
                                <HierarchyLvl HierarchyLvlId="6855" HierarchyLvlTypeId="5" Intrnl_Id="627" Name="WrongStringFormatGap">
                                    <Header>
                                        <Loc EndOffset="16274" SrcFileId="2" StartOffset="16233"/>
                                    </Header>
                                    <LocList>
                                        <Loc EndOffset="16437" SrcFileId="2" StartOffset="16233"/>
                                    </LocList>
                                    <StmntSeq Intrnl_Id="628">
                                        <LocList>
                                            <Loc EndOffset="16313" SrcFileId="2" StartOffset="16279"/>
                                            <Loc EndOffset="16349" SrcFileId="2" StartOffset="16316"/>
                                            <Loc EndOffset="16434" SrcFileId="2" StartOffset="16352"/>
                                        </LocList>
                                        <BasicStmnt CovItemId="S146" CovItemPrefix="org.jfree.data.test.RangeTest.java" Intrnl_Id="629">
                                            <LocList>
                                                <Loc EndOffset="16313" SrcFileId="2" StartOffset="16279"/>
                                            </LocList>
                                        </BasicStmnt>
                                        <BasicStmnt CovItemId="S147" CovItemPrefix="org.jfree.data.test.RangeTest.java" Intrnl_Id="630">
                                            <LocList>
                                                <Loc EndOffset="16349" SrcFileId="2" StartOffset="16316"/>
                                            </LocList>
                                        </BasicStmnt>
                                        <BasicStmnt CovItemId="S148" CovItemPrefix="org.jfree.data.test.RangeTest.java" Intrnl_Id="631">
                                            <LocList>
                                                <Loc EndOffset="16434" SrcFileId="2" StartOffset="16352"/>
                                            </LocList>
                                        </BasicStmnt>
                                    </StmntSeq>
                                </HierarchyLvl>
                                <HierarchyLvl HierarchyLvlId="6856" HierarchyLvlTypeId="5" Intrnl_Id="632" Name="WrongStringFormatSpelling">
                                    <Header>
                                        <Loc EndOffset="16504" SrcFileId="2" StartOffset="16458"/>
                                    </Header>
                                    <LocList>
                                        <Loc EndOffset="16665" SrcFileId="2" StartOffset="16458"/>
                                    </LocList>
                                    <StmntSeq Intrnl_Id="633">
                                        <LocList>
                                            <Loc EndOffset="16543" SrcFileId="2" StartOffset="16509"/>
                                            <Loc EndOffset="16579" SrcFileId="2" StartOffset="16546"/>
                                            <Loc EndOffset="16662" SrcFileId="2" StartOffset="16582"/>
                                        </LocList>
                                        <BasicStmnt CovItemId="S149" CovItemPrefix="org.jfree.data.test.RangeTest.java" Intrnl_Id="634">
                                            <LocList>
                                                <Loc EndOffset="16543" SrcFileId="2" StartOffset="16509"/>
                                            </LocList>
                                        </BasicStmnt>
                                        <BasicStmnt CovItemId="S150" CovItemPrefix="org.jfree.data.test.RangeTest.java" Intrnl_Id="635">
                                            <LocList>
                                                <Loc EndOffset="16579" SrcFileId="2" StartOffset="16546"/>
                                            </LocList>
                                        </BasicStmnt>
                                        <BasicStmnt CovItemId="S151" CovItemPrefix="org.jfree.data.test.RangeTest.java" Intrnl_Id="636">
                                            <LocList>
                                                <Loc EndOffset="16662" SrcFileId="2" StartOffset="16582"/>
                                            </LocList>
                                        </BasicStmnt>
                                    </StmntSeq>
                                </HierarchyLvl>
                                <HierarchyLvl HierarchyLvlId="6857" HierarchyLvlTypeId="5" Intrnl_Id="637" Name="intersectRangeRightSide">
                                    <Header>
                                        <Loc EndOffset="16758" SrcFileId="2" StartOffset="16714"/>
                                    </Header>
                                    <LocList>
                                        <Loc EndOffset="16875" SrcFileId="2" StartOffset="16714"/>
                                    </LocList>
                                    <StmntSeq Intrnl_Id="638">
                                        <LocList>
                                            <Loc EndOffset="16799" SrcFileId="2" StartOffset="16769"/>
                                            <Loc EndOffset="16832" SrcFileId="2" StartOffset="16802"/>
                                            <Loc EndOffset="16872" SrcFileId="2" StartOffset="16838"/>
                                        </LocList>
                                        <BasicStmnt CovItemId="S152" CovItemPrefix="org.jfree.data.test.RangeTest.java" Intrnl_Id="639">
                                            <LocList>
                                                <Loc EndOffset="16799" SrcFileId="2" StartOffset="16769"/>
                                            </LocList>
                                        </BasicStmnt>
                                        <BasicStmnt CovItemId="S153" CovItemPrefix="org.jfree.data.test.RangeTest.java" Intrnl_Id="640">
                                            <LocList>
                                                <Loc EndOffset="16832" SrcFileId="2" StartOffset="16802"/>
                                            </LocList>
                                        </BasicStmnt>
                                        <BasicStmnt CovItemId="S154" CovItemPrefix="org.jfree.data.test.RangeTest.java" Intrnl_Id="641">
                                            <LocList>
                                                <Loc EndOffset="16872" SrcFileId="2" StartOffset="16838"/>
                                            </LocList>
                                        </BasicStmnt>
                                    </StmntSeq>
                                </HierarchyLvl>
                                <HierarchyLvl HierarchyLvlId="6858" HierarchyLvlTypeId="5" Intrnl_Id="642" Name="intersectRangeLeftSide">
                                    <Header>
                                        <Loc EndOffset="16940" SrcFileId="2" StartOffset="16897"/>
                                    </Header>
                                    <LocList>
                                        <Loc EndOffset="17057" SrcFileId="2" StartOffset="16897"/>
                                    </LocList>
                                    <StmntSeq Intrnl_Id="643">
                                        <LocList>
                                            <Loc EndOffset="16981" SrcFileId="2" StartOffset="16951"/>
                                            <Loc EndOffset="17014" SrcFileId="2" StartOffset="16984"/>
                                            <Loc EndOffset="17054" SrcFileId="2" StartOffset="17020"/>
                                        </LocList>
                                        <BasicStmnt CovItemId="S155" CovItemPrefix="org.jfree.data.test.RangeTest.java" Intrnl_Id="644">
                                            <LocList>
                                                <Loc EndOffset="16981" SrcFileId="2" StartOffset="16951"/>
                                            </LocList>
                                        </BasicStmnt>
                                        <BasicStmnt CovItemId="S156" CovItemPrefix="org.jfree.data.test.RangeTest.java" Intrnl_Id="645">
                                            <LocList>
                                                <Loc EndOffset="17014" SrcFileId="2" StartOffset="16984"/>
                                            </LocList>
                                        </BasicStmnt>
                                        <BasicStmnt CovItemId="S157" CovItemPrefix="org.jfree.data.test.RangeTest.java" Intrnl_Id="646">
                                            <LocList>
                                                <Loc EndOffset="17054" SrcFileId="2" StartOffset="17020"/>
                                            </LocList>
                                        </BasicStmnt>
                                    </StmntSeq>
                                </HierarchyLvl>
                                <HierarchyLvl HierarchyLvlId="6859" HierarchyLvlTypeId="5" Intrnl_Id="647" Name="intersectRangeBothSides">
                                    <Header>
                                        <Loc EndOffset="17124" SrcFileId="2" StartOffset="17080"/>
                                    </Header>
                                    <LocList>
                                        <Loc EndOffset="17237" SrcFileId="2" StartOffset="17080"/>
                                    </LocList>
                                    <StmntSeq Intrnl_Id="648">
                                        <LocList>
                                            <Loc EndOffset="17162" SrcFileId="2" StartOffset="17132"/>
                                            <Loc EndOffset="17194" SrcFileId="2" StartOffset="17165"/>
                                            <Loc EndOffset="17234" SrcFileId="2" StartOffset="17200"/>
                                        </LocList>
                                        <BasicStmnt CovItemId="S158" CovItemPrefix="org.jfree.data.test.RangeTest.java" Intrnl_Id="649">
                                            <LocList>
                                                <Loc EndOffset="17162" SrcFileId="2" StartOffset="17132"/>
                                            </LocList>
                                        </BasicStmnt>
                                        <BasicStmnt CovItemId="S159" CovItemPrefix="org.jfree.data.test.RangeTest.java" Intrnl_Id="650">
                                            <LocList>
                                                <Loc EndOffset="17194" SrcFileId="2" StartOffset="17165"/>
                                            </LocList>
                                        </BasicStmnt>
                                        <BasicStmnt CovItemId="S160" CovItemPrefix="org.jfree.data.test.RangeTest.java" Intrnl_Id="651">
                                            <LocList>
                                                <Loc EndOffset="17234" SrcFileId="2" StartOffset="17200"/>
                                            </LocList>
                                        </BasicStmnt>
                                    </StmntSeq>
                                </HierarchyLvl>
                                <HierarchyLvl HierarchyLvlId="6860" HierarchyLvlTypeId="5" Intrnl_Id="652" Name="intersectRangeFloatRightSide">
                                    <Header>
                                        <Loc EndOffset="17313" SrcFileId="2" StartOffset="17264"/>
                                    </Header>
                                    <LocList>
                                        <Loc EndOffset="17429" SrcFileId="2" StartOffset="17264"/>
                                    </LocList>
                                    <StmntSeq Intrnl_Id="653">
                                        <LocList>
                                            <Loc EndOffset="17350" SrcFileId="2" StartOffset="17318"/>
                                            <Loc EndOffset="17386" SrcFileId="2" StartOffset="17353"/>
                                            <Loc EndOffset="17426" SrcFileId="2" StartOffset="17392"/>
                                        </LocList>
                                        <BasicStmnt CovItemId="S161" CovItemPrefix="org.jfree.data.test.RangeTest.java" Intrnl_Id="654">
                                            <LocList>
                                                <Loc EndOffset="17350" SrcFileId="2" StartOffset="17318"/>
                                            </LocList>
                                        </BasicStmnt>
                                        <BasicStmnt CovItemId="S162" CovItemPrefix="org.jfree.data.test.RangeTest.java" Intrnl_Id="655">
                                            <LocList>
                                                <Loc EndOffset="17386" SrcFileId="2" StartOffset="17353"/>
                                            </LocList>
                                        </BasicStmnt>
                                        <BasicStmnt CovItemId="S163" CovItemPrefix="org.jfree.data.test.RangeTest.java" Intrnl_Id="656">
                                            <LocList>
                                                <Loc EndOffset="17426" SrcFileId="2" StartOffset="17392"/>
                                            </LocList>
                                        </BasicStmnt>
                                    </StmntSeq>
                                </HierarchyLvl>
                                <HierarchyLvl HierarchyLvlId="6861" HierarchyLvlTypeId="5" Intrnl_Id="657" Name="intersectRangeFloatLeftSide">
                                    <Header>
                                        <Loc EndOffset="17498" SrcFileId="2" StartOffset="17450"/>
                                    </Header>
                                    <LocList>
                                        <Loc EndOffset="17612" SrcFileId="2" StartOffset="17450"/>
                                    </LocList>
                                    <StmntSeq Intrnl_Id="658">
                                        <LocList>
                                            <Loc EndOffset="17535" SrcFileId="2" StartOffset="17503"/>
                                            <Loc EndOffset="17569" SrcFileId="2" StartOffset="17538"/>
                                            <Loc EndOffset="17609" SrcFileId="2" StartOffset="17575"/>
                                        </LocList>
                                        <BasicStmnt CovItemId="S164" CovItemPrefix="org.jfree.data.test.RangeTest.java" Intrnl_Id="659">
                                            <LocList>
                                                <Loc EndOffset="17535" SrcFileId="2" StartOffset="17503"/>
                                            </LocList>
                                        </BasicStmnt>
                                        <BasicStmnt CovItemId="S165" CovItemPrefix="org.jfree.data.test.RangeTest.java" Intrnl_Id="660">
                                            <LocList>
                                                <Loc EndOffset="17569" SrcFileId="2" StartOffset="17538"/>
                                            </LocList>
                                        </BasicStmnt>
                                        <BasicStmnt CovItemId="S166" CovItemPrefix="org.jfree.data.test.RangeTest.java" Intrnl_Id="661">
                                            <LocList>
                                                <Loc EndOffset="17609" SrcFileId="2" StartOffset="17575"/>
                                            </LocList>
                                        </BasicStmnt>
                                    </StmntSeq>
                                </HierarchyLvl>
                                <HierarchyLvl HierarchyLvlId="6862" HierarchyLvlTypeId="5" Intrnl_Id="662" Name="centeralValueCorrectNegativeNegative">
                                    <Header>
                                        <Loc EndOffset="17726" SrcFileId="2" StartOffset="17669"/>
                                    </Header>
                                    <LocList>
                                        <Loc EndOffset="17869" SrcFileId="2" StartOffset="17669"/>
                                    </LocList>
                                    <StmntSeq Intrnl_Id="663">
                                        <LocList>
                                            <Loc EndOffset="17762" SrcFileId="2" StartOffset="17731"/>
                                            <Loc EndOffset="17866" SrcFileId="2" StartOffset="17768"/>
                                        </LocList>
                                        <BasicStmnt CovItemId="S167" CovItemPrefix="org.jfree.data.test.RangeTest.java" Intrnl_Id="664">
                                            <LocList>
                                                <Loc EndOffset="17762" SrcFileId="2" StartOffset="17731"/>
                                            </LocList>
                                        </BasicStmnt>
                                        <BasicStmnt CovItemId="S168" CovItemPrefix="org.jfree.data.test.RangeTest.java" Intrnl_Id="665">
                                            <LocList>
                                                <Loc EndOffset="17866" SrcFileId="2" StartOffset="17768"/>
                                            </LocList>
                                        </BasicStmnt>
                                    </StmntSeq>
                                </HierarchyLvl>
                                <HierarchyLvl HierarchyLvlId="6863" HierarchyLvlTypeId="5" Intrnl_Id="666" Name="centeralValueCorrectNegativePositive">
                                    <Header>
                                        <Loc EndOffset="17948" SrcFileId="2" StartOffset="17891"/>
                                    </Header>
                                    <LocList>
                                        <Loc EndOffset="18088" SrcFileId="2" StartOffset="17891"/>
                                    </LocList>
                                    <StmntSeq Intrnl_Id="667">
                                        <LocList>
                                            <Loc EndOffset="17983" SrcFileId="2" StartOffset="17953"/>
                                            <Loc EndOffset="18085" SrcFileId="2" StartOffset="17989"/>
                                        </LocList>
                                        <BasicStmnt CovItemId="S169" CovItemPrefix="org.jfree.data.test.RangeTest.java" Intrnl_Id="668">
                                            <LocList>
                                                <Loc EndOffset="17983" SrcFileId="2" StartOffset="17953"/>
                                            </LocList>
                                        </BasicStmnt>
                                        <BasicStmnt CovItemId="S170" CovItemPrefix="org.jfree.data.test.RangeTest.java" Intrnl_Id="669">
                                            <LocList>
                                                <Loc EndOffset="18085" SrcFileId="2" StartOffset="17989"/>
                                            </LocList>
                                        </BasicStmnt>
                                    </StmntSeq>
                                </HierarchyLvl>
                                <HierarchyLvl HierarchyLvlId="6864" HierarchyLvlTypeId="5" Intrnl_Id="670" Name="centeralValueCorrectPositivePositive">
                                    <Header>
                                        <Loc EndOffset="18166" SrcFileId="2" StartOffset="18109"/>
                                    </Header>
                                    <LocList>
                                        <Loc EndOffset="18303" SrcFileId="2" StartOffset="18109"/>
                                    </LocList>
                                    <StmntSeq Intrnl_Id="671">
                                        <LocList>
                                            <Loc EndOffset="18204" SrcFileId="2" StartOffset="18171"/>
                                            <Loc EndOffset="18300" SrcFileId="2" StartOffset="18207"/>
                                        </LocList>
                                        <BasicStmnt CovItemId="S171" CovItemPrefix="org.jfree.data.test.RangeTest.java" Intrnl_Id="672">
                                            <LocList>
                                                <Loc EndOffset="18204" SrcFileId="2" StartOffset="18171"/>
                                            </LocList>
                                        </BasicStmnt>
                                        <BasicStmnt CovItemId="S172" CovItemPrefix="org.jfree.data.test.RangeTest.java" Intrnl_Id="673">
                                            <LocList>
                                                <Loc EndOffset="18300" SrcFileId="2" StartOffset="18207"/>
                                            </LocList>
                                        </BasicStmnt>
                                    </StmntSeq>
                                </HierarchyLvl>
                                <HierarchyLvl HierarchyLvlId="6865" HierarchyLvlTypeId="5" Intrnl_Id="674" Name="centeralValueWrongPositivePositive">
                                    <Header>
                                        <Loc EndOffset="18379" SrcFileId="2" StartOffset="18324"/>
                                    </Header>
                                    <LocList>
                                        <Loc EndOffset="18514" SrcFileId="2" StartOffset="18324"/>
                                    </LocList>
                                    <StmntSeq Intrnl_Id="675">
                                        <LocList>
                                            <Loc EndOffset="18417" SrcFileId="2" StartOffset="18384"/>
                                            <Loc EndOffset="18511" SrcFileId="2" StartOffset="18419"/>
                                        </LocList>
                                        <BasicStmnt CovItemId="S173" CovItemPrefix="org.jfree.data.test.RangeTest.java" Intrnl_Id="676">
                                            <LocList>
                                                <Loc EndOffset="18417" SrcFileId="2" StartOffset="18384"/>
                                            </LocList>
                                        </BasicStmnt>
                                        <BasicStmnt CovItemId="S174" CovItemPrefix="org.jfree.data.test.RangeTest.java" Intrnl_Id="677">
                                            <LocList>
                                                <Loc EndOffset="18511" SrcFileId="2" StartOffset="18419"/>
                                            </LocList>
                                        </BasicStmnt>
                                    </StmntSeq>
                                </HierarchyLvl>
                                <HierarchyLvl HierarchyLvlId="6866" HierarchyLvlTypeId="5" Intrnl_Id="678" Name="centeralValueWrongNegativeNegative">
                                    <Header>
                                        <Loc EndOffset="18590" SrcFileId="2" StartOffset="18535"/>
                                    </Header>
                                    <LocList>
                                        <Loc EndOffset="18727" SrcFileId="2" StartOffset="18535"/>
                                    </LocList>
                                    <StmntSeq Intrnl_Id="679">
                                        <LocList>
                                            <Loc EndOffset="18626" SrcFileId="2" StartOffset="18595"/>
                                            <Loc EndOffset="18724" SrcFileId="2" StartOffset="18629"/>
                                        </LocList>
                                        <BasicStmnt CovItemId="S175" CovItemPrefix="org.jfree.data.test.RangeTest.java" Intrnl_Id="680">
                                            <LocList>
                                                <Loc EndOffset="18626" SrcFileId="2" StartOffset="18595"/>
                                            </LocList>
                                        </BasicStmnt>
                                        <BasicStmnt CovItemId="S176" CovItemPrefix="org.jfree.data.test.RangeTest.java" Intrnl_Id="681">
                                            <LocList>
                                                <Loc EndOffset="18724" SrcFileId="2" StartOffset="18629"/>
                                            </LocList>
                                        </BasicStmnt>
                                    </StmntSeq>
                                </HierarchyLvl>
                                <HierarchyLvl HierarchyLvlId="6867" HierarchyLvlTypeId="5" Intrnl_Id="682" Name="centeralValueWrongNegativePositive">
                                    <Header>
                                        <Loc EndOffset="18803" SrcFileId="2" StartOffset="18748"/>
                                    </Header>
                                    <LocList>
                                        <Loc EndOffset="18937" SrcFileId="2" StartOffset="18748"/>
                                    </LocList>
                                    <StmntSeq Intrnl_Id="683">
                                        <LocList>
                                            <Loc EndOffset="18838" SrcFileId="2" StartOffset="18808"/>
                                            <Loc EndOffset="18934" SrcFileId="2" StartOffset="18841"/>
                                        </LocList>
                                        <BasicStmnt CovItemId="S177" CovItemPrefix="org.jfree.data.test.RangeTest.java" Intrnl_Id="684">
                                            <LocList>
                                                <Loc EndOffset="18838" SrcFileId="2" StartOffset="18808"/>
                                            </LocList>
                                        </BasicStmnt>
                                        <BasicStmnt CovItemId="S178" CovItemPrefix="org.jfree.data.test.RangeTest.java" Intrnl_Id="685">
                                            <LocList>
                                                <Loc EndOffset="18934" SrcFileId="2" StartOffset="18841"/>
                                            </LocList>
                                        </BasicStmnt>
                                    </StmntSeq>
                                </HierarchyLvl>
                                <HierarchyLvl HierarchyLvlId="6868" HierarchyLvlTypeId="5" Intrnl_Id="686" Name="expandToIncludeLeftSideCorrect">
                                    <Header>
                                        <Loc EndOffset="19040" SrcFileId="2" StartOffset="18989"/>
                                    </Header>
                                    <LocList>
                                        <Loc EndOffset="19195" SrcFileId="2" StartOffset="18989"/>
                                    </LocList>
                                    <StmntSeq Intrnl_Id="687">
                                        <LocList>
                                            <Loc EndOffset="19075" SrcFileId="2" StartOffset="19045"/>
                                            <Loc EndOffset="19192" SrcFileId="2" StartOffset="19081"/>
                                        </LocList>
                                        <BasicStmnt CovItemId="S179" CovItemPrefix="org.jfree.data.test.RangeTest.java" Intrnl_Id="688">
                                            <LocList>
                                                <Loc EndOffset="19075" SrcFileId="2" StartOffset="19045"/>
                                            </LocList>
                                        </BasicStmnt>
                                        <BasicStmnt CovItemId="S180" CovItemPrefix="org.jfree.data.test.RangeTest.java" Intrnl_Id="689">
                                            <LocList>
                                                <Loc EndOffset="19192" SrcFileId="2" StartOffset="19081"/>
                                            </LocList>
                                        </BasicStmnt>
                                    </StmntSeq>
                                </HierarchyLvl>
                                <HierarchyLvl HierarchyLvlId="6869" HierarchyLvlTypeId="5" Intrnl_Id="690" Name="expandToIncludeRightSideCorrect">
                                    <Header>
                                        <Loc EndOffset="19268" SrcFileId="2" StartOffset="19216"/>
                                    </Header>
                                    <LocList>
                                        <Loc EndOffset="19420" SrcFileId="2" StartOffset="19216"/>
                                    </LocList>
                                    <StmntSeq Intrnl_Id="691">
                                        <LocList>
                                            <Loc EndOffset="19303" SrcFileId="2" StartOffset="19273"/>
                                            <Loc EndOffset="19417" SrcFileId="2" StartOffset="19306"/>
                                        </LocList>
                                        <BasicStmnt CovItemId="S181" CovItemPrefix="org.jfree.data.test.RangeTest.java" Intrnl_Id="692">
                                            <LocList>
                                                <Loc EndOffset="19303" SrcFileId="2" StartOffset="19273"/>
                                            </LocList>
                                        </BasicStmnt>
                                        <BasicStmnt CovItemId="S182" CovItemPrefix="org.jfree.data.test.RangeTest.java" Intrnl_Id="693">
                                            <LocList>
                                                <Loc EndOffset="19417" SrcFileId="2" StartOffset="19306"/>
                                            </LocList>
                                        </BasicStmnt>
                                    </StmntSeq>
                                </HierarchyLvl>
                                <HierarchyLvl HierarchyLvlId="6870" HierarchyLvlTypeId="5" Intrnl_Id="694" Name="NoNeedToExpandToIncludeCorrect">
                                    <Header>
                                        <Loc EndOffset="19492" SrcFileId="2" StartOffset="19441"/>
                                    </Header>
                                    <LocList>
                                        <Loc EndOffset="19646" SrcFileId="2" StartOffset="19441"/>
                                    </LocList>
                                    <StmntSeq Intrnl_Id="695">
                                        <LocList>
                                            <Loc EndOffset="19527" SrcFileId="2" StartOffset="19497"/>
                                            <Loc EndOffset="19643" SrcFileId="2" StartOffset="19530"/>
                                        </LocList>
                                        <BasicStmnt CovItemId="S183" CovItemPrefix="org.jfree.data.test.RangeTest.java" Intrnl_Id="696">
                                            <LocList>
                                                <Loc EndOffset="19527" SrcFileId="2" StartOffset="19497"/>
                                            </LocList>
                                        </BasicStmnt>
                                        <BasicStmnt CovItemId="S184" CovItemPrefix="org.jfree.data.test.RangeTest.java" Intrnl_Id="697">
                                            <LocList>
                                                <Loc EndOffset="19643" SrcFileId="2" StartOffset="19530"/>
                                            </LocList>
                                        </BasicStmnt>
                                    </StmntSeq>
                                </HierarchyLvl>
                                <HierarchyLvl HierarchyLvlId="6871" HierarchyLvlTypeId="5" Intrnl_Id="698" Name="expandToIncludeRightSideWrong">
                                    <Header>
                                        <Loc EndOffset="19717" SrcFileId="2" StartOffset="19667"/>
                                    </Header>
                                    <LocList>
                                        <Loc EndOffset="19859" SrcFileId="2" StartOffset="19667"/>
                                    </LocList>
                                    <StmntSeq Intrnl_Id="699">
                                        <LocList>
                                            <Loc EndOffset="19752" SrcFileId="2" StartOffset="19722"/>
                                            <Loc EndOffset="19856" SrcFileId="2" StartOffset="19755"/>
                                        </LocList>
                                        <BasicStmnt CovItemId="S185" CovItemPrefix="org.jfree.data.test.RangeTest.java" Intrnl_Id="700">
                                            <LocList>
                                                <Loc EndOffset="19752" SrcFileId="2" StartOffset="19722"/>
                                            </LocList>
                                        </BasicStmnt>
                                        <BasicStmnt CovItemId="S186" CovItemPrefix="org.jfree.data.test.RangeTest.java" Intrnl_Id="701">
                                            <LocList>
                                                <Loc EndOffset="19856" SrcFileId="2" StartOffset="19755"/>
                                            </LocList>
                                        </BasicStmnt>
                                    </StmntSeq>
                                </HierarchyLvl>
                                <HierarchyLvl HierarchyLvlId="6872" HierarchyLvlTypeId="5" Intrnl_Id="702" Name="expandToIncludeLeftSideWrong">
                                    <Header>
                                        <Loc EndOffset="19929" SrcFileId="2" StartOffset="19880"/>
                                    </Header>
                                    <LocList>
                                        <Loc EndOffset="20070" SrcFileId="2" StartOffset="19880"/>
                                    </LocList>
                                    <StmntSeq Intrnl_Id="703">
                                        <LocList>
                                            <Loc EndOffset="19964" SrcFileId="2" StartOffset="19934"/>
                                            <Loc EndOffset="20067" SrcFileId="2" StartOffset="19967"/>
                                        </LocList>
                                        <BasicStmnt CovItemId="S187" CovItemPrefix="org.jfree.data.test.RangeTest.java" Intrnl_Id="704">
                                            <LocList>
                                                <Loc EndOffset="19964" SrcFileId="2" StartOffset="19934"/>
                                            </LocList>
                                        </BasicStmnt>
                                        <BasicStmnt CovItemId="S188" CovItemPrefix="org.jfree.data.test.RangeTest.java" Intrnl_Id="705">
                                            <LocList>
                                                <Loc EndOffset="20067" SrcFileId="2" StartOffset="19967"/>
                                            </LocList>
                                        </BasicStmnt>
                                    </StmntSeq>
                                </HierarchyLvl>
                                <HierarchyLvl HierarchyLvlId="6873" HierarchyLvlTypeId="5" Intrnl_Id="706" Name="expandToIncludeLeftSideSame">
                                    <Header>
                                        <Loc EndOffset="20139" SrcFileId="2" StartOffset="20091"/>
                                    </Header>
                                    <LocList>
                                        <Loc EndOffset="20277" SrcFileId="2" StartOffset="20091"/>
                                    </LocList>
                                    <StmntSeq Intrnl_Id="707">
                                        <LocList>
                                            <Loc EndOffset="20174" SrcFileId="2" StartOffset="20144"/>
                                            <Loc EndOffset="20274" SrcFileId="2" StartOffset="20176"/>
                                        </LocList>
                                        <BasicStmnt CovItemId="S189" CovItemPrefix="org.jfree.data.test.RangeTest.java" Intrnl_Id="708">
                                            <LocList>
                                                <Loc EndOffset="20174" SrcFileId="2" StartOffset="20144"/>
                                            </LocList>
                                        </BasicStmnt>
                                        <BasicStmnt CovItemId="S190" CovItemPrefix="org.jfree.data.test.RangeTest.java" Intrnl_Id="709">
                                            <LocList>
                                                <Loc EndOffset="20274" SrcFileId="2" StartOffset="20176"/>
                                            </LocList>
                                        </BasicStmnt>
                                    </StmntSeq>
                                </HierarchyLvl>
                                <HierarchyLvl HierarchyLvlId="6874" HierarchyLvlTypeId="5" Intrnl_Id="710" Name="expandToIncludeRightSideSame">
                                    <Header>
                                        <Loc EndOffset="20347" SrcFileId="2" StartOffset="20298"/>
                                    </Header>
                                    <LocList>
                                        <Loc EndOffset="20482" SrcFileId="2" StartOffset="20298"/>
                                    </LocList>
                                    <StmntSeq Intrnl_Id="711">
                                        <LocList>
                                            <Loc EndOffset="20382" SrcFileId="2" StartOffset="20352"/>
                                            <Loc EndOffset="20479" SrcFileId="2" StartOffset="20384"/>
                                        </LocList>
                                        <BasicStmnt CovItemId="S191" CovItemPrefix="org.jfree.data.test.RangeTest.java" Intrnl_Id="712">
                                            <LocList>
                                                <Loc EndOffset="20382" SrcFileId="2" StartOffset="20352"/>
                                            </LocList>
                                        </BasicStmnt>
                                        <BasicStmnt CovItemId="S192" CovItemPrefix="org.jfree.data.test.RangeTest.java" Intrnl_Id="713">
                                            <LocList>
                                                <Loc EndOffset="20479" SrcFileId="2" StartOffset="20384"/>
                                            </LocList>
                                        </BasicStmnt>
                                    </StmntSeq>
                                </HierarchyLvl>
                                <HierarchyLvl HierarchyLvlId="6875" HierarchyLvlTypeId="5" Intrnl_Id="714" Name="expandUsingZeroMarginsTest">
                                    <Header>
                                        <Loc EndOffset="20553" SrcFileId="2" StartOffset="20506"/>
                                    </Header>
                                    <LocList>
                                        <Loc EndOffset="20730" SrcFileId="2" StartOffset="20506"/>
                                    </LocList>
                                    <StmntSeq Intrnl_Id="715">
                                        <LocList>
                                            <Loc EndOffset="20585" SrcFileId="2" StartOffset="20558"/>
                                            <Loc EndOffset="20615" SrcFileId="2" StartOffset="20588"/>
                                            <Loc EndOffset="20727" SrcFileId="2" StartOffset="20618"/>
                                        </LocList>
                                        <BasicStmnt CovItemId="S193" CovItemPrefix="org.jfree.data.test.RangeTest.java" Intrnl_Id="716">
                                            <LocList>
                                                <Loc EndOffset="20585" SrcFileId="2" StartOffset="20558"/>
                                            </LocList>
                                        </BasicStmnt>
                                        <BasicStmnt CovItemId="S194" CovItemPrefix="org.jfree.data.test.RangeTest.java" Intrnl_Id="717">
                                            <LocList>
                                                <Loc EndOffset="20615" SrcFileId="2" StartOffset="20588"/>
                                            </LocList>
                                        </BasicStmnt>
                                        <BasicStmnt CovItemId="S195" CovItemPrefix="org.jfree.data.test.RangeTest.java" Intrnl_Id="718">
                                            <LocList>
                                                <Loc EndOffset="20727" SrcFileId="2" StartOffset="20618"/>
                                            </LocList>
                                        </BasicStmnt>
                                    </StmntSeq>
                                </HierarchyLvl>
                                <HierarchyLvl HierarchyLvlId="6876" HierarchyLvlTypeId="5" Intrnl_Id="719" Name="nullRange">
                                    <Header>
                                        <Loc EndOffset="20796" SrcFileId="2" StartOffset="20766"/>
                                    </Header>
                                    <LocList>
                                        <Loc EndOffset="21026" SrcFileId="2" StartOffset="20766"/>
                                    </LocList>
                                    <StmntSeq Intrnl_Id="720">
                                        <LocList>
                                            <Loc EndOffset="20837" SrcFileId="2" StartOffset="20810"/>
                                            <Loc EndOffset="20888" SrcFileId="2" StartOffset="20841"/>
                                            <Loc EndOffset="21023" SrcFileId="2" StartOffset="20801"/>
                                        </LocList>
                                        <BasicStmnt CovItemId="S197" CovItemPrefix="org.jfree.data.test.RangeTest.java" Intrnl_Id="721">
                                            <LocList>
                                                <Loc EndOffset="20837" SrcFileId="2" StartOffset="20810"/>
                                            </LocList>
                                        </BasicStmnt>
                                        <BasicStmnt CovItemId="S198" CovItemPrefix="org.jfree.data.test.RangeTest.java" Intrnl_Id="722">
                                            <LocList>
                                                <Loc EndOffset="20888" SrcFileId="2" StartOffset="20841"/>
                                            </LocList>
                                        </BasicStmnt>
                                        <CondStmnt CovItemId="S196" CovItemPrefix="org.jfree.data.test.RangeTest.java" Intrnl_Id="723">
                                            <Branch CovItemId="B5" CovItemPrefix="org.jfree.data.test.RangeTest.java" Implct="true" Intrnl_Id="724">
                                                <Cond/>
                                                <LocList/>
                                                <StmntSeq Intrnl_Id="725">
                                                    <LocList/>
                                                </StmntSeq>
                                            </Branch>
                                            <Branch CovItemId="B6" CovItemPrefix="org.jfree.data.test.RangeTest.java" Implct="false" Intrnl_Id="726">
                                                <Cond>
                                                    <Loc EndOffset="20913" SrcFileId="2" StartOffset="20895"/>
                                                </Cond>
                                                <LocList>
                                                    <Loc EndOffset="21023" SrcFileId="2" StartOffset="20914"/>
                                                </LocList>
                                                <StmntSeq Intrnl_Id="727">
                                                    <LocList>
                                                        <Loc EndOffset="21019" SrcFileId="2" StartOffset="20919"/>
                                                    </LocList>
                                                    <BasicStmnt CovItemId="S199" CovItemPrefix="org.jfree.data.test.RangeTest.java" Intrnl_Id="728">
                                                        <LocList>
                                                            <Loc EndOffset="21019" SrcFileId="2" StartOffset="20919"/>
                                                        </LocList>
                                                    </BasicStmnt>
                                                </StmntSeq>
                                            </Branch>
                                            <Keyword EndOffset="20804" SrcFileId="2" StartOffset="20801"/>
                                            <LocList>
                                                <Loc EndOffset="21023" SrcFileId="2" StartOffset="20801"/>
                                            </LocList>
                                        </CondStmnt>
                                    </StmntSeq>
                                </HierarchyLvl>
                                <HierarchyLvl HierarchyLvlId="6877" HierarchyLvlTypeId="5" Intrnl_Id="729" Name="sameUpperBoundary">
                                    <Header>
                                        <Loc EndOffset="21162" SrcFileId="2" StartOffset="21124"/>
                                    </Header>
                                    <LocList>
                                        <Loc EndOffset="21312" SrcFileId="2" StartOffset="21124"/>
                                    </LocList>
                                    <StmntSeq Intrnl_Id="730">
                                        <LocList>
                                            <Loc EndOffset="21309" SrcFileId="2" StartOffset="21167"/>
                                        </LocList>
                                        <BasicStmnt CovItemId="S200" CovItemPrefix="org.jfree.data.test.RangeTest.java" Intrnl_Id="731">
                                            <LocList>
                                                <Loc EndOffset="21309" SrcFileId="2" StartOffset="21167"/>
                                            </LocList>
                                        </BasicStmnt>
                                    </StmntSeq>
                                </HierarchyLvl>
                                <HierarchyLvl HierarchyLvlId="6878" HierarchyLvlTypeId="5" Intrnl_Id="732" Name="sameLowerBoundary">
                                    <Header>
                                        <Loc EndOffset="21432" SrcFileId="2" StartOffset="21393"/>
                                    </Header>
                                    <LocList>
                                        <Loc EndOffset="21582" SrcFileId="2" StartOffset="21393"/>
                                    </LocList>
                                    <StmntSeq Intrnl_Id="733">
                                        <LocList>
                                            <Loc EndOffset="21579" SrcFileId="2" StartOffset="21437"/>
                                        </LocList>
                                        <BasicStmnt CovItemId="S201" CovItemPrefix="org.jfree.data.test.RangeTest.java" Intrnl_Id="734">
                                            <LocList>
                                                <Loc EndOffset="21579" SrcFileId="2" StartOffset="21437"/>
                                            </LocList>
                                        </BasicStmnt>
                                    </StmntSeq>
                                </HierarchyLvl>
                                <HierarchyLvl HierarchyLvlId="6879" HierarchyLvlTypeId="5" Intrnl_Id="735" Name="diffRanges">
                                    <Header>
                                        <Loc EndOffset="21678" SrcFileId="2" StartOffset="21647"/>
                                    </Header>
                                    <LocList>
                                        <Loc EndOffset="21783" SrcFileId="2" StartOffset="21647"/>
                                    </LocList>
                                    <StmntSeq Intrnl_Id="736">
                                        <LocList>
                                            <Loc EndOffset="21780" SrcFileId="2" StartOffset="21683"/>
                                        </LocList>
                                        <BasicStmnt CovItemId="S202" CovItemPrefix="org.jfree.data.test.RangeTest.java" Intrnl_Id="737">
                                            <LocList>
                                                <Loc EndOffset="21780" SrcFileId="2" StartOffset="21683"/>
                                            </LocList>
                                        </BasicStmnt>
                                    </StmntSeq>
                                </HierarchyLvl>
                                <HierarchyLvl HierarchyLvlId="6880" HierarchyLvlTypeId="5" Intrnl_Id="738" Name="sameRanges">
                                    <Header>
                                        <Loc EndOffset="21874" SrcFileId="2" StartOffset="21843"/>
                                    </Header>
                                    <LocList>
                                        <Loc EndOffset="21973" SrcFileId="2" StartOffset="21843"/>
                                    </LocList>
                                    <StmntSeq Intrnl_Id="739">
                                        <LocList>
                                            <Loc EndOffset="21970" SrcFileId="2" StartOffset="21879"/>
                                        </LocList>
                                        <BasicStmnt CovItemId="S203" CovItemPrefix="org.jfree.data.test.RangeTest.java" Intrnl_Id="740">
                                            <LocList>
                                                <Loc EndOffset="21970" SrcFileId="2" StartOffset="21879"/>
                                            </LocList>
                                        </BasicStmnt>
                                    </StmntSeq>
                                </HierarchyLvl>
                                <HierarchyLvl HierarchyLvlId="6881" HierarchyLvlTypeId="5" Intrnl_Id="741" Name="nullRangeEquals">
                                    <Header>
                                        <Loc EndOffset="22033" SrcFileId="2" StartOffset="21997"/>
                                    </Header>
                                    <LocList>
                                        <Loc EndOffset="22112" SrcFileId="2" StartOffset="21997"/>
                                    </LocList>
                                    <StmntSeq Intrnl_Id="742">
                                        <LocList>
                                            <Loc EndOffset="22109" SrcFileId="2" StartOffset="22038"/>
                                        </LocList>
                                        <BasicStmnt CovItemId="S204" CovItemPrefix="org.jfree.data.test.RangeTest.java" Intrnl_Id="743">
                                            <LocList>
                                                <Loc EndOffset="22109" SrcFileId="2" StartOffset="22038"/>
                                            </LocList>
                                        </BasicStmnt>
                                    </StmntSeq>
                                </HierarchyLvl>
                                <HierarchyLvl HierarchyLvlId="6882" HierarchyLvlTypeId="5" Intrnl_Id="744" Name="inLowerBoundary">
                                    <Header>
                                        <Loc EndOffset="22213" SrcFileId="2" StartOffset="22177"/>
                                    </Header>
                                    <LocList>
                                        <Loc EndOffset="22299" SrcFileId="2" StartOffset="22177"/>
                                    </LocList>
                                    <StmntSeq Intrnl_Id="745">
                                        <LocList>
                                            <Loc EndOffset="22296" SrcFileId="2" StartOffset="22218"/>
                                        </LocList>
                                        <BasicStmnt CovItemId="S205" CovItemPrefix="org.jfree.data.test.RangeTest.java" Intrnl_Id="746">
                                            <LocList>
                                                <Loc EndOffset="22296" SrcFileId="2" StartOffset="22218"/>
                                            </LocList>
                                        </BasicStmnt>
                                    </StmntSeq>
                                </HierarchyLvl>
                                <HierarchyLvl HierarchyLvlId="6883" HierarchyLvlTypeId="5" Intrnl_Id="747" Name="inUpperBoundary">
                                    <Header>
                                        <Loc EndOffset="22382" SrcFileId="2" StartOffset="22346"/>
                                    </Header>
                                    <LocList>
                                        <Loc EndOffset="22466" SrcFileId="2" StartOffset="22346"/>
                                    </LocList>
                                    <StmntSeq Intrnl_Id="748">
                                        <LocList>
                                            <Loc EndOffset="22463" SrcFileId="2" StartOffset="22387"/>
                                        </LocList>
                                        <BasicStmnt CovItemId="S206" CovItemPrefix="org.jfree.data.test.RangeTest.java" Intrnl_Id="749">
                                            <LocList>
                                                <Loc EndOffset="22463" SrcFileId="2" StartOffset="22387"/>
                                            </LocList>
                                        </BasicStmnt>
                                    </StmntSeq>
                                </HierarchyLvl>
                                <HierarchyLvl HierarchyLvlId="6884" HierarchyLvlTypeId="5" Intrnl_Id="750" Name="numberInRange">
                                    <Header>
                                        <Loc EndOffset="22536" SrcFileId="2" StartOffset="22502"/>
                                    </Header>
                                    <LocList>
                                        <Loc EndOffset="22615" SrcFileId="2" StartOffset="22502"/>
                                    </LocList>
                                    <StmntSeq Intrnl_Id="751">
                                        <LocList>
                                            <Loc EndOffset="22612" SrcFileId="2" StartOffset="22541"/>
                                        </LocList>
                                        <BasicStmnt CovItemId="S207" CovItemPrefix="org.jfree.data.test.RangeTest.java" Intrnl_Id="752">
                                            <LocList>
                                                <Loc EndOffset="22612" SrcFileId="2" StartOffset="22541"/>
                                            </LocList>
                                        </BasicStmnt>
                                    </StmntSeq>
                                </HierarchyLvl>
                                <HierarchyLvl HierarchyLvlId="6885" HierarchyLvlTypeId="5" Intrnl_Id="753" Name="tearDown">
                                    <Header>
                                        <Loc EndOffset="22670" SrcFileId="2" StartOffset="22621"/>
                                    </Header>
                                    <LocList>
                                        <Loc EndOffset="22677" SrcFileId="2" StartOffset="22621"/>
                                    </LocList>
                                </HierarchyLvl>
                                <HierarchyLvl HierarchyLvlId="6886" HierarchyLvlTypeId="5" Intrnl_Id="754" Name="tearDownAfterClass">
                                    <Header>
                                        <Loc EndOffset="22752" SrcFileId="2" StartOffset="22681"/>
                                    </Header>
                                    <LocList>
                                        <Loc EndOffset="22759" SrcFileId="2" StartOffset="22681"/>
                                    </LocList>
                                </HierarchyLvl>
                            </HierarchyLvl>
                        </HierarchyLvl>
                    </HierarchyLvl>
                </HierarchyLvl>
            </HierarchyLvl>
        </HierarchyLvl>
    </MASTRoot>
</TestSessionContainer>
