<?xml version="1.0" encoding="UTF-8"?><TestSessionContainer xmlns="http://www.codecover.org/xml/testsession-container" Date="1677714180748" TestSessionContainerId="1594d806-f452-4c84-afdd-3b99d46beec4" version="1.0">
    <SrcFileList>
        <SrcFile Content="package org.jfree.data.test;&#10;&#10;import static org.junit.Assert.*;&#10;import org.junit.*;&#10;import org.jfree.data.DataUtilities;&#10;import org.jfree.data.Values2D;&#10;import org.jmock.Expectations;&#10;import org.jmock.Mockery;&#10;import java.security.InvalidParameterException;&#10;&#10;/**&#10; * Testing the calculateColumnTest function for DataUtilities class&#10; * Requires two arguments - data: Values2D and column: integer&#10; * Returns the total for that column&#10; * This is a public static method &#10; * @author Satyaki Ghosh&#10; */&#10;public class ColumnTotalTest {&#10;&#9;&#10;&#9;/**&#10;&#9; * Testing function when the data is null&#10;&#9; */&#10;&#9;@Test&#10;&#9;public void DataIsNull() { &#10;&#9;&#9;try {&#10;&#9;&#9;&#9;DataUtilities.calculateColumnTotal(null, 0);&#9;&#9;&#10;&#9;&#9;&#9;fail(&quot;When Values2D is null, method should throw exception.&quot;);&#10;&#9;&#9;}&#10;&#9;&#9;catch(Exception err) {&#10;&#9;&#9;&#9;assertEquals(&quot;Exception thrown should be&quot;, InvalidParameterException.class, err.getClass());&#10;&#9;&#9;}&#10;&#9;} &#10;&#10;&#9;/**&#10;&#9; * Testing function when data is an empty array&#10;&#9; */&#10;&#9;@Test&#10;&#9;public void EmptyArray() {&#10;&#9;&#9;Mockery mockingContext = new Mockery(); &#10;&#9;&#9;final Values2D values = mockingContext.mock(Values2D.class);&#10;&#9;&#9;&#10;&#9;&#9;mockingContext.checking(new Expectations() { &#10;&#9;&#9;&#9;{&#10;&#9;&#9;&#9;&#9;one(values).getRowCount(); &#10;&#9;&#9;&#9;&#9;will(returnValue(0));&#10;&#9;&#9;&#9;} &#10;&#9;&#9;});&#10;&#9;&#9;&#10;&#9;&#9;assertEquals(0, DataUtilities.calculateColumnTotal(values, 0), .000000001d);&#10;&#9;}&#10;&#9;&#10;&#9;&#9;&#10;&#9;/**&#10;&#9; * Testing function when data is valid and column is zero&#10;&#9; */&#10;&#9;@Test&#10;&#9;public void NonEmptyArrayZeroCol() {&#10;&#9;&#9;Mockery mockingContext = new Mockery(); &#10;&#9;&#9;final Values2D values = mockingContext.mock(Values2D.class);&#10;&#9;&#9;&#10;&#9;&#9;mockingContext.checking(new Expectations() { &#10;&#9;&#9;&#9;{&#10;&#9;&#9;&#9;&#9;one(values).getRowCount(); &#10;&#9;&#9;&#9;&#9;will(returnValue(3));&#10;&#9;&#9;&#9;&#9;&#10;&#9;&#9;&#9;&#9;one(values).getValue(0, 0);&#10;&#9;&#9;&#9;&#9;will(returnValue(1.0));&#10;&#9;&#9;&#9;&#9;&#10;&#9;&#9;&#9;&#9;one(values).getValue(1, 0); &#10;&#9;&#9;&#9;&#9;will(returnValue(2.0));&#10;&#9;&#9;&#9;&#9;&#10;&#9;&#9;&#9;&#9;one(values).getValue(2, 0); &#10;&#9;&#9;&#9;&#9;will(returnValue(3.0));&#9;&#9;&#9;&#9;&#10;&#9;&#9;&#9;} &#10;&#9;&#9;});&#10;&#9;&#9;&#10;&#9;&#9;assertEquals(6.0, DataUtilities.calculateColumnTotal(values, 0), .000000001d);&#10;&#9;}&#10;&#9;&#10;&#9;/**&#10;&#9; * Testing function when data is valid and column is negative&#10;&#9; */&#10;&#9;@Test&#10;&#9;public void NonEmptyArrayNegCol() {&#10;&#9;&#9;Mockery mockingContext = new Mockery(); &#10;&#9;&#9;final Values2D values = mockingContext.mock(Values2D.class);&#10;&#9;&#9;&#10;&#9;&#9;mockingContext.checking(new Expectations() { &#10;&#9;&#9;&#9;{&#10;&#9;&#9;&#9;&#9;mockingContext.checking(new Expectations() { &#10;&#9;&#9;&#9;&#9;&#9;{&#10;&#9;&#9;&#9;&#9;&#9;&#9;one(values).getRowCount(); &#10;&#9;&#9;&#9;&#9;&#9;&#9;will(returnValue(3));&#10;&#9;&#9;&#9;&#9;&#9;&#9;&#10;&#9;&#9;&#9;&#9;&#9;&#9;one(values).getValue(0, -1);&#10;&#9;&#9;&#9;&#9;&#9;&#9;will(returnValue(null));&#10;&#9;&#9;&#9;&#9;&#9;&#9;&#10;&#9;&#9;&#9;&#9;&#9;&#9;one(values).getValue(1, -1); &#10;&#9;&#9;&#9;&#9;&#9;&#9;will(returnValue(null));&#10;&#9;&#9;&#9;&#9;&#9;&#9;&#10;&#9;&#9;&#9;&#9;&#9;&#9;one(values).getValue(2, -1); &#10;&#9;&#9;&#9;&#9;&#9;&#9;will(returnValue(null));&#10;&#10;&#9;&#9;&#9;&#9;&#9;} &#10;&#9;&#9;&#9;&#9;});&#10;&#9;&#9;&#9;} &#10;&#9;&#9;});&#10;&#9;&#9;&#10;&#9;&#9;assertEquals(0.0, DataUtilities.calculateColumnTotal(values, -1), .000000001d);&#10;&#9;}&#10;&#9;&#10;&#9;/**&#10;&#9; * Testing function when data is valid and column is positive&#10;&#9; */&#10;&#9;@Test&#10;&#9;public void NonEmptyArrayPosCol() {&#10;&#9;&#9;Mockery mockingContext = new Mockery(); &#10;&#9;&#9;final Values2D values = mockingContext.mock(Values2D.class);&#10;&#9;&#9;&#10;&#9;&#9;mockingContext.checking(new Expectations() { &#10;&#9;&#9;&#9;{&#10;&#9;&#9;&#9;&#9;mockingContext.checking(new Expectations() { &#10;&#9;&#9;&#9;&#9;&#9;{&#10;&#9;&#9;&#9;&#9;&#9;&#9;one(values).getRowCount(); &#10;&#9;&#9;&#9;&#9;&#9;&#9;will(returnValue(3));&#10;&#9;&#9;&#9;&#9;&#9;&#9;&#10;&#9;&#9;&#9;&#9;&#9;&#9;one(values).getValue(0, 1);&#10;&#9;&#9;&#9;&#9;&#9;&#9;will(returnValue(1.0));&#10;&#9;&#9;&#9;&#9;&#9;&#9;&#10;&#9;&#9;&#9;&#9;&#9;&#9;one(values).getValue(1, 1); &#10;&#9;&#9;&#9;&#9;&#9;&#9;will(returnValue(2.0));&#10;&#9;&#9;&#9;&#9;&#9;&#9;&#10;&#9;&#9;&#9;&#9;&#9;&#9;one(values).getValue(2, 1); &#10;&#9;&#9;&#9;&#9;&#9;&#9;will(returnValue(3.0));&#10;&#9;&#9;&#9;&#9;&#9;} &#10;&#9;&#9;&#9;&#9;});&#10;&#9;&#9;&#9;} &#10;&#9;&#9;});&#10;&#9;&#9;&#10;&#9;&#9;assertEquals(6.0, DataUtilities.calculateColumnTotal(values, 1), .000000001d);&#10;&#9;}&#10;&#9;&#10;&#9;/**&#10;&#9; * Testing function when data is valid and column is out of bounds&#10;&#9; */&#10;&#9;@Test&#10;&#9;public void IndexOutOfBounds() {&#10;&#9;&#9;Mockery mockingContext = new Mockery(); &#10;&#9;&#9;final Values2D values = mockingContext.mock(Values2D.class);&#10;&#9;&#9;&#10;&#9;&#9;mockingContext.checking(new Expectations() { &#10;&#9;&#9;&#9;{&#10;&#9;&#9;&#9;&#9;mockingContext.checking(new Expectations() { &#10;&#9;&#9;&#9;&#9;&#9;{&#10;&#9;&#9;&#9;&#9;&#9;&#9;one(values).getRowCount(); &#10;&#9;&#9;&#9;&#9;&#9;&#9;will(returnValue(2));&#10;&#9;&#9;&#9;&#9;&#9;&#9;&#10;&#9;&#9;&#9;&#9;&#9;&#9;one(values).getValue(0, 2);&#10;&#9;&#9;&#9;&#9;&#9;&#9;will(returnValue(null));&#10;&#9;&#9;&#9;&#9;&#9;&#9;&#10;&#9;&#9;&#9;&#9;&#9;&#9;one(values).getValue(1, 2); &#10;&#9;&#9;&#9;&#9;&#9;&#9;will(returnValue(null));&#10;&#9;&#9;&#9;&#9;&#9;&#9;&#10;&#9;&#9;&#9;&#9;&#9;} &#10;&#9;&#9;&#9;&#9;});&#10;&#9;&#9;&#9;} &#10;&#9;&#9;});&#10;&#9;&#9;&#9;&#9;&#10;&#9;&#9;assertEquals(0.0, DataUtilities.calculateColumnTotal(values, 2), .000000001d);&#10;&#9;}&#10;}&#10;" Filename="ColumnTotalTest.java" Intrnl_Id="1"/>
        <SrcFile Content="package org.jfree.data.test;&#10;&#10;import static org.junit.Assert.*;&#10;&#10;import java.security.InvalidParameterException;&#10;&#10;import org.jfree.data.DataUtilities;&#10;import org.junit.After;&#10;import org.junit.AfterClass;&#10;import org.junit.Before;&#10;import org.junit.BeforeClass;&#10;import org.junit.Test;&#10;&#10;public class CreateNumberArray2DTest {&#10;&#9;&#10;&#9;private double [][] doubleArray, doubleArray2 = {&#10;&#9;&#9;&#9;{1.0, 2.0, 3.0, 4.0},&#10;&#9;&#9;&#9;{2.0, 4.0, 6.0, 8.0},&#10;&#9;&#9;&#9;{3.0, 6.0, 9.0, 12.0}&#10;&#9;&#9;&#9;};&#10;&#9;&#10;&#9;private Number [][] numberArray, numberArray2 = {&#10;&#9;&#9;&#9;{1.0, 2.0, 3.0, 4.0},&#10;&#9;&#9;&#9;{2.0, 4.0, 6.0, 8.0},&#10;&#9;&#9;&#9;{3.0, 6.0, 9.0, 12.0}&#10;&#9;&#9;};&#10;&#10;&#9;&#10;&#9;/**&#10;&#9; * Tests whether the create number array 2D method will throw an InvalidParameterException&#10;&#9; *  when null is given for its parameter which is not an array of double&#10;&#9; */&#10;&#9;@Test&#10;&#9;public void createNumberArray2DWithNullTest() {&#10;&#9;&#9;try {&#10;&#9;&#9;&#9;numberArray = DataUtilities.createNumberArray2D(null);&#10;&#9;&#9;&#9;fail(&quot;Cannot pass null as a parameter&quot;);&#10;&#9;&#9;}&#10;&#9;&#9;catch(Exception e) {&#10;&#9;&#9;&#9;assertEquals(&quot;Null does not throw &quot;&#10;&#9;&#9;&#9;&#9;&#9;+ &quot;an InvalidParameterException&quot;,InvalidParameterException.class,e.getClass());&#10;&#9;&#9;}&#10;&#9;}&#10;&#9;&#10;&#9;/**&#10;&#9; * Tests whether the create number array 2D method will create a 2D Number array&#10;&#9; * with the same length and values in each indexes&#10;&#9; */&#10;&#9;@Test&#10;&#9;public void createNumberArray2DWithValid2DArrayOfDoublesTest() {&#10;&#9;&#9;numberArray = DataUtilities.createNumberArray2D(doubleArray2);&#10;&#9;&#9;assertArrayEquals(&quot;The number 2D array created by the function does not have the same values&quot;&#10;&#9;&#9;&#9;&#9;+ &quot; as the 2D array of doubles&quot;, numberArray2, numberArray);&#10;&#9;}&#10;&#10;}&#10;" Filename="CreateNumberArray2DTest.java" Intrnl_Id="2"/>
        <SrcFile Content="package org.jfree.data.test;&#10;&#10;import static org.junit.Assert.*;&#10;&#10;import java.lang.IllegalArgumentException;&#10;&#10;import org.jfree.data.DataUtilities;&#10;import org.jfree.data.Range;&#10;import org.junit.After;&#10;import org.junit.AfterClass;&#10;import org.junit.Before;&#10;import org.junit.BeforeClass;&#10;import org.junit.Test;&#10;&#10;import java.lang.annotation.*;&#10;import java.security.InvalidParameterException;&#10;&#10;public class CreateNumberArrayTest {&#10;&#10;&#9;double [] doubleArray, doubleArray2 = {3.0, 2.0, 1.0, 4.5};&#10;&#9;Number [] numberArray, numberArray2 = {3.0, 2.0, 1.0, 4.5};&#10;&#9;&#10;&#9;/**&#10;&#9; * Tests whether the create number array method will throw an InvalidParameterException&#10;&#9; *  when null is given for its parameter which is not an array of double&#10;&#9; */&#10;&#9;@Test&#10;&#9;public void createNumberArrayWithNullTest() {&#10;&#9;&#9;try {&#10;&#9;&#9;&#9;numberArray = DataUtilities.createNumberArray(null);&#10;&#9;&#9;&#9;fail(&quot;Cannot pass null as a paramter&quot;);&#10;&#9;&#9;}&#10;&#9;&#9;catch(Exception e) {&#10;&#9;&#9;&#9;assertEquals(&quot;Null does not throw &quot;&#10;&#9;&#9;&#9;&#9;&#9;+ &quot;an InvalidParameterException&quot;,InvalidParameterException.class,e.getClass());&#10;&#9;&#9;}&#10;&#9;}&#10;&#9;&#10;&#9;/**&#10;&#9; * Tests whether the create number array method will create a Number array &#10;&#9; * with the same values when passing in a parameter that&#10;&#9; * is an array of double&#10;&#9; */&#10;&#9;@Test &#10;&#9;public void createNumberArrayWithValidDoubleArrayTest() {&#10;&#9;&#9;numberArray = DataUtilities.createNumberArray(doubleArray2);&#10;&#9;&#9;assertArrayEquals(&quot;The number array created by the function does not have the same &quot;&#10;&#9;&#9;&#9;&#9;+ &quot;numbers as the double array&quot;, numberArray2, numberArray);&#10;&#9;}&#10;&#10;&#10;}&#10;" Filename="CreateNumberArrayTest.java" Intrnl_Id="3"/>
        <SrcFile Content="package org.jfree.data.test;&#13;&#10;&#13;&#10;import static org.junit.Assert.*;&#13;&#10;&#13;&#10;import java.security.InvalidParameterException;&#13;&#10;&#13;&#10;import org.jfree.data.DataUtilities;&#13;&#10;import org.jfree.data.KeyedValues;&#13;&#10;import org.jfree.data.Values2D;&#13;&#10;import org.jmock.Expectations;&#13;&#10;import org.jmock.Mockery;&#13;&#10;import org.junit.After;&#13;&#10;import org.junit.AfterClass;&#13;&#10;import org.junit.Before;&#13;&#10;import org.junit.BeforeClass;&#13;&#10;import org.junit.Test;&#13;&#10;&#13;&#10;public class DataUtilitesTest extends DataUtilities {&#13;&#10;&#9;Mockery mockingContext;&#13;&#10;    private Values2D values;&#13;&#10;    &#13;&#10;&#9;@BeforeClass&#13;&#10;&#9;public static void setUpBeforeClass() throws Exception {&#13;&#10;&#9;}&#13;&#10;&#9;&#13;&#10;&#9;@Before&#13;&#10;&#9;public void setUp() throws Exception {&#13;&#10;&#9;&#9; mockingContext = new Mockery();&#13;&#10;&#9;     values = mockingContext.mock(Values2D.class);&#13;&#10;&#9;     &#13;&#10;&#9;}&#13;&#10;&#9;&#13;&#10;&#9;&#13;&#10;&#9;&#13;&#10;&#9;// calculateColumnTotal() test cases &#13;&#10;//&#9;pass: returns correct value for three rows&#13;&#10;&#9;@Test&#13;&#10;&#9;public void calculateColumnTotalForThreeRows() {&#13;&#10;&#9;    // setup&#13;&#10;&#9; &#13;&#10;&#9;    &#13;&#10;&#9;    mockingContext.checking(new Expectations() {&#13;&#10;&#9;        {&#13;&#10;&#9;            one(values).getRowCount();&#13;&#10;&#9;            will(returnValue(3));&#13;&#10;&#9;            one(values).getValue(0, 0);&#13;&#10;&#9;            will(returnValue(7.5));&#13;&#10;&#9;            one(values).getValue(1, 0);&#13;&#10;&#9;            will(returnValue(2.5));&#13;&#10;&#9;            one(values).getValue(2, 0);&#13;&#10;&#9;            will(returnValue(10));&#13;&#10;&#9;            &#13;&#10;&#9;        }&#13;&#10;&#9;    });&#13;&#10;&#9;    //exercise&#9;&#13;&#10;&#9;    double result = DataUtilities.calculateColumnTotal(values, 0);&#13;&#10;&#9;    // verify&#13;&#10;&#9;    assertEquals(result, 20.0, .001d);&#13;&#10;&#9;    // tear-down: NONE in this test method&#13;&#10;&#9;}&#13;&#10;&#9;&#13;&#10;&#9;// pass: returns correct value for multiple columns&#13;&#10;&#9;@Test&#13;&#10;&#9;public void calculateColumnTotalForMutipleColumns() {&#13;&#10;&#9;    &#13;&#10;&#9;    mockingContext.checking(new Expectations() {&#13;&#10;&#9;        {&#13;&#10;//&#9;        &#9;one(values).getColumnCount();&#13;&#10;//&#9;            will(returnValue(2));&#13;&#10;&#9;            &#13;&#10;&#9;            one(values).getRowCount();&#13;&#10;&#9;            will(returnValue(3));&#13;&#10;&#9;            &#13;&#10;&#9;            one(values).getValue(0, 0);&#13;&#10;&#9;            will(returnValue(5));&#13;&#10;&#9;            one(values).getValue(1, 0);&#13;&#10;&#9;            will(returnValue(10));&#13;&#10;&#9;            one(values).getValue(2, 0);&#13;&#10;&#9;            will(returnValue(3));&#13;&#10;&#9;            &#13;&#10;&#9;            will(returnValue(3));&#13;&#10;&#9;            one(values).getValue(0, 1);&#13;&#10;&#9;            will(returnValue(1));&#13;&#10;&#9;            one(values).getValue(1, 1);&#13;&#10;&#9;            will(returnValue(1));&#13;&#10;&#9;            one(values).getValue(2, 1);&#13;&#10;&#9;            will(returnValue(2));&#13;&#10;&#9;            &#13;&#10;&#9;        }&#13;&#10;&#9;    });&#13;&#10;&#9;    &#13;&#10;&#9;    //exercise&#9;&#13;&#10;&#9;    double result = DataUtilities.calculateColumnTotal(values, 0);&#13;&#10;&#9;    // verify&#13;&#10;&#9;    assertEquals(result, 18.0, .00001d);&#13;&#10;&#9;    // tear-down: NONE in this test method&#13;&#10;&#9;}&#13;&#10;&#13;&#10;&#9;// fails: throws incorrect exception&#13;&#10;&#9;@Test (expected = InvalidParameterException.class)&#13;&#10;&#9; public void calculateColumnTotalInvalidObject() throws Exception{&#13;&#10;&#9;&#9; DataUtilities.calculateColumnTotal(null, 0);&#13;&#10;&#9; }&#13;&#10;&#9;&#13;&#10;&#9;// calculateRowTotal() test cases&#13;&#10;&#9;// pass: returns correct value for one row&#13;&#10;&#9;@Test&#13;&#10;&#9;public void calculateRowTotalForOneRow() {&#13;&#10;&#9;    &#13;&#10;&#9;    mockingContext.checking(new Expectations() {&#13;&#10;&#9;        {&#13;&#10;&#9;        &#9;&#13;&#10;&#9;            one(values).getColumnCount();&#13;&#10;&#9;            will(returnValue(1));&#13;&#10;&#9;            &#13;&#10;&#9;            one(values).getValue(0, 0);&#13;&#10;&#9;            will(returnValue(3));&#13;&#10;&#9;            one(values).getValue(0, 1);&#13;&#10;&#9;            will(returnValue(2));&#13;&#10;&#9;            one(values).getValue(0, 2);&#13;&#10;&#9;            will(returnValue(3));&#13;&#10;&#9;            &#13;&#10;&#9;        }&#13;&#10;&#9;    });&#13;&#10;&#9;    &#13;&#10;&#9;    //exercise&#9;&#13;&#10;&#9;    double result = DataUtilities.calculateRowTotal(values,0);&#13;&#10;&#9;    assertEquals(3, result, .000000001d);&#13;&#10;&#9;    // tear-down: NONE in this test method&#13;&#10;&#9;}&#13;&#10;&#9;&#13;&#10;&#9;// pass: returns correct value for multiple rows&#13;&#10;&#9;@Test&#13;&#10;&#9;public void calculateRowTotalForMutipleRows() {&#13;&#10;&#9;    &#13;&#10;&#9;    mockingContext.checking(new Expectations() {&#13;&#10;&#9;        {&#13;&#10;&#9;        &#9;&#13;&#10;&#9;            one(values).getColumnCount();&#13;&#10;&#9;            will(returnValue(3));&#13;&#10;&#9;            &#13;&#10;&#9;  &#13;&#10;&#9;            one(values).getValue(1, 0);&#13;&#10;&#9;            will(returnValue(1));&#13;&#10;&#9;            one(values).getValue(1, 1);&#13;&#10;&#9;            will(returnValue(1));&#13;&#10;&#9;            one(values).getValue(1, 2);&#13;&#10;&#9;            will(returnValue(2));&#13;&#10;&#9;            &#13;&#10;&#9;        }&#13;&#10;&#9;    });&#13;&#10;&#9;    &#13;&#10;&#9;    //exercise&#9;&#13;&#10;&#9;    double result = DataUtilities.calculateRowTotal(values,1);&#13;&#10;&#9;    // verify&#13;&#10;&#9;    assertEquals(4.0, result, .00001d);&#13;&#10;&#9;    // tear-down: NONE in this test method&#13;&#10;&#9;}&#13;&#10;&#9;&#13;&#10;&#13;&#10;&#9;/**&#13;&#10;&#9; * Testing function when data is valid and row is negative&#13;&#10;&#9; */&#13;&#10;&#9;@Test&#13;&#10;&#9;public void NonEmptyArrayNegRow() {&#13;&#10;&#9;&#9;&#13;&#10;&#9;&#9;&#9;&#9;mockingContext.checking(new Expectations() { &#13;&#10;&#9;&#9;&#9;&#9;&#9;{&#13;&#10;&#9;&#9;&#9;&#9;&#9;&#9;one(values).getColumnCount(); &#13;&#10;&#9;&#9;&#9;&#9;&#9;&#9;will(returnValue(2));&#13;&#10;&#9;&#9;&#9;&#9;&#9;&#9;&#13;&#10;&#9;&#9;&#9;&#9;&#9;&#9;one(values).getValue(-0, 0);&#13;&#10;&#9;&#9;&#9;&#9;&#9;&#9;will(returnValue(null));&#13;&#10;&#9;&#9;&#9;&#9;&#9;&#9;&#13;&#10;&#9;&#9;&#9;&#9;&#9;&#9;one(values).getValue(-0, 1); &#13;&#10;&#9;&#9;&#9;&#9;&#9;&#9;will(returnValue(null));&#13;&#10;&#9;&#9;&#9;&#9;&#9;&#9;&#13;&#10;&#9;&#9;&#9;&#9;&#9;&#9;&#13;&#10;&#9;&#9;&#9;&#9;&#9;} &#13;&#10;&#9;&#9;&#9;&#9;});&#13;&#10;&#9;&#9;&#9;&#13;&#10;&#9;&#9;//exercise&#9;&#13;&#10;&#9;    double result = DataUtilities.calculateRowTotal(values,-0);&#13;&#10;&#9;    // verify&#13;&#10;&#9;&#9;assertEquals(0.0, result, .000000001d);&#13;&#10;&#9;}&#13;&#10;&#13;&#10;&#9;// fail: throws incorrect exception&#13;&#10;&#9;@Test (expected = InvalidParameterException.class)&#13;&#10;&#9; public void calculateRowTotalInvalidObject() throws Exception{&#13;&#10;&#9;&#9; DataUtilities.calculateRowTotal(null, 0);&#13;&#10;&#9; }&#13;&#10;&#13;&#10;&#9;&#13;&#10;&#9;// createNumberArray() test cases&#13;&#10;&#9;/* Fail&#13;&#10;&#9; * The last element is returned as null&#13;&#10;&#9; */&#13;&#10;&#9;&#13;&#10;&#9;@Test&#13;&#10;&#9; public void createNumberArrayFourDoubleElements() {&#13;&#10;&#9;&#9;double[] test = new double[] { 1.0, 1.11, -1.52, 1.5};&#13;&#10;&#9;&#9;Number arr[] = DataUtilities.createNumberArray(new double[] { 1.0, 1.11, -1.52, 1.5});&#13;&#10;&#9;&#9;assertEquals(&quot;Data of arrays should be equal.&quot;,&#13;&#10;&#9;&#9;&#9;&#9;test[0], arr[0]);&#9; &#13;&#10;&#9;assertEquals(&quot;Data of arrays should be equal.&quot;,&#13;&#10;&#9;&#9;&#9;test[1], arr[1]);&#13;&#10;&#9;assertEquals(&quot;Data of arrays should be equal.&quot;,&#13;&#10;&#9;&#9;&#9;test[2], arr[2]);&#13;&#10;&#9;assertEquals(&quot;Data of arrays should be equal.&quot;,&#13;&#10;&#9;&#9;&#9;test[3], arr[3]);}&#13;&#10;&#9;&#13;&#10;&#9;/* Pass &#13;&#10;&#9; * Returns all the elements except the last one&#13;&#10;&#9; */&#13;&#10;&#9;&#13;&#10;&#9;@Test&#13;&#10;&#9; public void createNumberArrayThreeDoubleElements() {&#13;&#10;&#9;&#9;double[] test = new double[] { 1.0, 1.11, -1.52, 1.5};&#13;&#10;&#9;&#9;Number arr[] = DataUtilities.createNumberArray(new double[] { 1.0, 1.11, -1.52, 1.5});&#13;&#10;&#9;&#9;assertEquals(&quot;Data of arrays should be equal.&quot;,&#13;&#10;&#9;&#9;&#9;&#9;test[0], arr[0]);&#9; &#13;&#10;&#9;assertEquals(&quot;Data of arrays should be equal.&quot;,&#13;&#10;&#9;&#9;&#9;test[1], arr[1]);&#13;&#10;&#9;assertEquals(&quot;Data of arrays should be equal.&quot;,&#13;&#10;&#9;&#9;&#9;test[2], arr[2]);}&#13;&#10;&#9;&#13;&#10;&#9;/* Pass &#13;&#10;&#9; * Returns the correct length&#13;&#10;&#9; */&#13;&#10;&#9;&#13;&#10;&#9;@Test&#13;&#10;&#9;public void createNumberArraySizeTest() {&#13;&#10;&#9;&#9;double[] test1 = new double[] { 1.0, 1.11, -1.52, 1.5};&#13;&#10;&#9;&#9;Number arr1[] = DataUtilities.createNumberArray(new double[] { 1.0, 1.11, -1.52, 1.5});&#13;&#10;&#9;&#9;assertEquals(&quot;Length of arrays should be equal.&quot;,&#13;&#10;&#9;&#9;&#9;&#9;test1.length, arr1.length);&#13;&#10;&#13;&#10;&#9;}&#13;&#10;&#9;&#13;&#10;&#9;/* Pass &#13;&#10;&#9; * Throws an exception if the function is passed a null value&#13;&#10;&#9; */&#13;&#10;&#13;&#10;&#9;@Test(expected = IllegalArgumentException.class)&#13;&#10;&#9; public void createNumberArrayNullArgument() throws Exception{&#13;&#10;&#9;&#9; DataUtilities.createNumberArray(null);&#13;&#10;&#9; }&#13;&#10;&#9;&#13;&#10;&#9;&#13;&#10;&#9;// createNumberArray2D() test cases&#13;&#10;&#9;/* Fail&#13;&#10;&#9; * The last element is returned as null&#13;&#10;&#9; */&#13;&#10;&#9;&#13;&#10;&#9;@Test&#13;&#10;&#9;public void create2DNumberArrayThreeDoubleElements() {&#13;&#10;&#9;&#9;double[][] test = new double[][]{{1.0, 3.0, 7.0}, {2.0, 4.0, 4.4}};&#13;&#10;&#9;&#9;Number[][] arr = DataUtilities.createNumberArray2D(new double[][]{{1.0, 3.0, 7.0}, {2.0, 4.0, 4.4}});&#13;&#10;&#9;&#9;assertEquals(&quot;Data of arrays should be equal.&quot;,&#13;&#10;&#9;&#9;&#9;&#9;test[0][0], arr[0][0]);&#9; &#13;&#10;&#9;&#9;assertEquals(&quot;Data of arrays should be equal.&quot;,&#13;&#10;&#9;&#9;&#9;test[0][1], arr[0][1]);&#13;&#10;&#9;&#9;assertEquals(&quot;Data of arrays should be equal.&quot;,&#13;&#10;&#9;&#9;&#9;test[0][2], arr[0][2]);&#13;&#10;&#9;&#9;&#13;&#10;&#9;&#9;assertEquals(&quot;Data of arrays should be equal.&quot;,&#13;&#10;&#9;&#9;test[1][2], arr[1][2]);&#13;&#10;&#9;&#9;&#9;&#13;&#10;&#9;}&#13;&#10;&#9;&#13;&#10;&#9;/* Pass &#13;&#10;&#9; * Returns all the elements except the last one&#13;&#10;&#9; */&#13;&#10;&#9;&#13;&#10;&#9;@Test&#13;&#10;&#9;public void create2DNumberArrayTwoDoubleElements() {&#13;&#10;&#9;&#9;double[][] test = new double[][]{{1.0, 3.0, 7.0}, {2.0, 4.0, 4.4}};&#13;&#10;&#9;&#9;Number[][] arr = DataUtilities.createNumberArray2D(new double[][]{{1.0, 3.0, 7.0}, {2.0, 4.0, 4.4}});&#13;&#10;&#9;&#9;assertEquals(&quot;Data of arrays should be equal.&quot;,&#13;&#10;&#9;&#9;&#9;&#9;test[0][0], arr[0][0]);&#9; &#13;&#10;&#9;&#9;assertEquals(&quot;Data of arrays should be equal.&quot;,&#13;&#10;&#9;&#9;&#9;test[0][1], arr[0][1]);&#13;&#10;&#9;&#9;assertEquals(&quot;Data of arrays should be equal.&quot;,&#13;&#10;&#9;&#9;&#9;&#9;test[1][0], arr[1][0]);&#9; &#13;&#10;&#9;&#9;assertEquals(&quot;Data of arrays should be equal.&quot;,&#13;&#10;&#9;&#9;&#9;test[1][1], arr[1][1]);&#13;&#10;&#9;&#9;&#13;&#10;&#9;&#9;&#9;&#13;&#10;&#9;}&#13;&#10;&#9;&#13;&#10;&#9;/* Pass &#13;&#10;&#9; * Returns the correct length&#13;&#10;&#9; */&#13;&#10;&#9;&#13;&#10;&#9;@Test&#13;&#10;&#9;public void create2DNumberArraySizeTest() {&#13;&#10;&#9;&#9;double[][] test = new double[][]{{1.0, 3.0, 7.0}, {2.0, 4.0, 4.4}};&#13;&#10;&#9;&#9;Number[][] arr = DataUtilities.createNumberArray2D(new double[][]{{1.0, 3.0, 7.0}, {2.0, 4.0, 4.4}});&#13;&#10;&#9;&#9;assertEquals(&quot;Length of arrays should be equal.&quot;,&#13;&#10;&#9;&#9;&#9;&#9;test.length, arr.length);&#13;&#10;&#13;&#10;&#9;}&#13;&#10;&#9;&#13;&#10;&#9;/* Pass &#13;&#10;&#9; * Throws an exception if the function is passed a null value&#13;&#10;&#9; */&#13;&#10;&#9;&#13;&#10;&#9;@Test(expected = IllegalArgumentException.class)&#13;&#10;&#9; public void create2DNumberArrayNullArgument() throws Exception{&#13;&#10;&#9;&#9; DataUtilities.createNumberArray2D(null);&#13;&#10;&#9; }&#13;&#10;&#9;&#13;&#10;&#9;// getCumulativePercentages() test cases&#13;&#10;&#9;// fail: returns wrong percentage&#13;&#10;&#9;@Test&#13;&#10;&#9; public void testingAllElements(){&#13;&#10;&#9;&#9;Mockery mockingContext = new Mockery();&#13;&#10;&#9;&#9;final KeyedValues keyValues = mockingContext.mock(KeyedValues.class);&#13;&#10;&#9;&#9; mockingContext.checking(new Expectations() {&#13;&#10;&#9;&#9;&#9;{&#13;&#10;&#9;&#9;&#9;&#9;atLeast(1).of(keyValues).getItemCount();&#13;&#10;&#9;&#9;&#9;&#9;will(returnValue(3));&#13;&#10;&#9;        &#9;&#13;&#10;&#9;&#9;&#9;&#9;atLeast(1).of(keyValues).getValue(0);&#13;&#10;&#9;&#9;&#9;&#9;will(returnValue(1));&#13;&#10;&#9;&#9;&#9;&#9;&#13;&#10;&#9;&#9;&#9;&#9;atLeast(1).of(keyValues).getValue(1);&#13;&#10;&#9;&#9;&#9;&#9;will(returnValue(2));&#13;&#10;&#9;&#9;&#9;&#9;&#13;&#10;&#9;&#9;&#9;&#9;atLeast(1).of(keyValues).getValue(2);&#13;&#10;&#9;&#9;&#9;&#9;will(returnValue(3));&#13;&#10;&#9;&#9;&#9;&#9;&#13;&#10;&#9;&#9;&#9;&#9;atLeast(1).of(keyValues).getKey(0);&#13;&#10;&#9;&#9;&#9;&#9;will(returnValue(&quot;key0&quot;));&#13;&#10;&#9;&#9;&#9;&#9;&#13;&#10;&#9;&#9;&#9;&#9;atLeast(1).of(keyValues).getKey(1);&#13;&#10;&#9;&#9;&#9;&#9;will(returnValue(&quot;key1&quot;));&#13;&#10;&#9;&#9;&#9;&#9;&#13;&#10;&#9;&#9;&#9;&#9;atLeast(1).of(keyValues).getKey(2);&#13;&#10;&#9;&#9;&#9;&#9;will(returnValue(&quot;key2&quot;));&#13;&#10;&#9;     &#9;}&#13;&#10;&#9;&#9; });&#13;&#10;&#9;&#9; &#13;&#10;&#9;&#9; KeyedValues result = DataUtilities.getCumulativePercentages(keyValues);&#13;&#10;&#9;&#9; &#13;&#10;&#9;&#9; assertEquals(0.5, result.getValue(1).doubleValue(), .000000001d);&#13;&#10;&#9;&#9; assertEquals(1.0, result.getValue(2).doubleValue(), .000000001d);&#13;&#10;&#9; }&#13;&#10;&#9;&#13;&#10;&#13;&#10;&#9; // pass: returns correct percentage&#13;&#10;&#9; @Test&#13;&#10;&#9;&#9;public void allZeroRows(){&#13;&#10;&#9;&#9;&#9;Mockery mockingContext = new Mockery();&#13;&#10;&#9;&#9;&#9;final KeyedValues values = mockingContext.mock(KeyedValues.class);&#13;&#10;&#9;&#9;&#9;mockingContext.checking(new Expectations() {&#13;&#10;&#9;&#9;&#9;&#9;{&#13;&#10;&#9;&#9;&#9;&#9;&#9;allowing(values).getItemCount();&#13;&#10;&#9;&#9;&#9;&#9;&#9;will(returnValue(4));&#13;&#10;&#9;&#9;&#9;&#9;&#9;allowing(values).getValue(0);&#13;&#10;&#9;&#9;&#9;&#9;&#9;will(returnValue(0));&#13;&#10;&#9;&#9;&#9;&#9;&#9;allowing(values).getValue(1);&#13;&#10;&#9;&#9;&#9;&#9;&#9;will(returnValue(0));&#13;&#10;&#9;&#9;&#9;&#9;&#9;allowing(values).getValue(2);&#13;&#10;&#9;&#9;&#9;&#9;&#9;will(returnValue(0));&#13;&#10;&#9;&#9;&#9;&#9;&#9;allowing(values).getValue(3);&#13;&#10;&#9;&#9;&#9;&#9;&#9;will(returnValue(0));&#13;&#10;&#9;&#9;&#9;&#9;&#9;allowing(values).getKey(0);&#13;&#10;&#9;&#9;&#9;&#9;&#9;will(returnValue(0));&#13;&#10;&#9;&#9;&#9;&#9;&#9;allowing(values).getKey(1);&#13;&#10;&#9;&#9;&#9;&#9;&#9;will(returnValue(1));&#13;&#10;&#9;&#9;&#9;&#9;&#9;allowing(values).getKey(2);&#13;&#10;&#9;&#9;&#9;&#9;&#9;will(returnValue(2));&#13;&#10;&#9;&#9;&#9;&#9;&#9;allowing(values).getKey(3);&#13;&#10;&#9;&#9;&#9;&#9;&#9;will(returnValue(3));&#13;&#10;&#9;&#9;&#9;&#9;}&#13;&#10;&#9;&#9;&#9;});&#13;&#10;&#9;&#9;&#9;&#13;&#10;&#9;&#9;&#9;KeyedValues result = DataUtilities.getCumulativePercentages(values);&#13;&#10;&#9;&#9;&#9;assertEquals(0.0 / 0.0, result.getValue(0));&#13;&#10;&#9;&#9;&#9;assertEquals(0.0 / 0.0, result.getValue(1));&#13;&#10;&#9;&#9;&#9;assertEquals(0.0 / 0.0, result.getValue(2));&#13;&#10;&#9;&#9;&#9;assertEquals(0.0 / 0.0, result.getValue(3));&#13;&#10;&#9;&#9;}&#13;&#10;&#9; &#13;&#10;&#9; // fail: first percentage value is wrong&#13;&#10;&#9; @Test&#13;&#10;&#9;&#9;public void lastTwoRowsZero(){&#13;&#10;&#9;&#9;&#9;Mockery mockingContext = new Mockery();&#13;&#10;&#9;&#9;&#9;final KeyedValues values = mockingContext.mock(KeyedValues.class);&#13;&#10;&#9;&#9;&#9;mockingContext.checking(new Expectations() {&#13;&#10;&#9;&#9;&#9;&#9;{&#13;&#10;&#9;&#9;&#9;&#9;&#9;allowing(values).getItemCount();&#13;&#10;&#9;&#9;&#9;&#9;&#9;will(returnValue(3));&#13;&#10;&#9;&#9;&#9;&#9;&#9;allowing(values).getValue(0);&#13;&#10;&#9;&#9;&#9;&#9;&#9;will(returnValue(2));&#13;&#10;&#9;&#9;&#9;&#9;&#9;allowing(values).getValue(1);&#13;&#10;&#9;&#9;&#9;&#9;&#9;will(returnValue(0));&#13;&#10;&#9;&#9;&#9;&#9;&#9;allowing(values).getValue(2);&#13;&#10;&#9;&#9;&#9;&#9;&#9;will(returnValue(0));&#13;&#10;&#9;&#9;&#9;&#9;&#9;&#13;&#10;&#9;&#9;&#9;&#9;&#9;allowing(values).getKey(0);&#13;&#10;&#9;&#9;&#9;&#9;&#9;will(returnValue(0));&#13;&#10;&#9;&#9;&#9;&#9;&#9;allowing(values).getKey(1);&#13;&#10;&#9;&#9;&#9;&#9;&#9;will(returnValue(1));&#13;&#10;&#9;&#9;&#9;&#9;&#9;allowing(values).getKey(2);&#13;&#10;&#9;&#9;&#9;&#9;&#9;will(returnValue(2));&#13;&#10;&#9;&#9;&#9;&#9;&#9;&#13;&#10;&#9;&#9;&#9;&#9;}&#13;&#10;&#9;&#9;&#9;});&#13;&#10;&#9;&#9;&#9;&#13;&#10;&#9;&#9;&#9;KeyedValues result = DataUtilities.getCumulativePercentages(values);&#13;&#10;&#9;&#9;&#9;assertEquals(1.0, result.getValue(0));&#13;&#10;&#9;&#9;&#9;assertEquals(1.0, result.getValue(1));&#13;&#10;&#9;&#9;&#9;assertEquals(1.0, result.getValue(2));&#13;&#10;&#9;&#9;&#9;&#13;&#10;&#9;&#9;}&#13;&#10;&#9; &#13;&#10;&#9; // pass: returns the correct percentage&#13;&#10;&#9; @Test&#13;&#10;&#9;&#9;public void firstThreeRowsZero(){&#13;&#10;&#9;&#9;&#9;Mockery mockingContext = new Mockery();&#13;&#10;&#9;&#9;&#9;final KeyedValues values = mockingContext.mock(KeyedValues.class);&#13;&#10;&#9;&#9;&#9;mockingContext.checking(new Expectations() {&#13;&#10;&#9;&#9;&#9;&#9;{&#13;&#10;&#9;&#9;&#9;&#9;&#9;allowing(values).getItemCount();&#13;&#10;&#9;&#9;&#9;&#9;&#9;will(returnValue(3));&#13;&#10;&#9;&#9;&#9;&#9;&#9;allowing(values).getValue(0);&#13;&#10;&#9;&#9;&#9;&#9;&#9;will(returnValue(0));&#13;&#10;&#9;&#9;&#9;&#9;&#9;allowing(values).getValue(1);&#13;&#10;&#9;&#9;&#9;&#9;&#9;will(returnValue(0));&#13;&#10;&#9;&#9;&#9;&#9;&#9;allowing(values).getValue(2);&#13;&#10;&#9;&#9;&#9;&#9;&#9;will(returnValue(2));&#13;&#10;&#9;&#9;&#9;&#9;&#9;&#13;&#10;&#9;&#9;&#9;&#9;&#9;allowing(values).getKey(0);&#13;&#10;&#9;&#9;&#9;&#9;&#9;will(returnValue(0));&#13;&#10;&#9;&#9;&#9;&#9;&#9;allowing(values).getKey(1);&#13;&#10;&#9;&#9;&#9;&#9;&#9;will(returnValue(1));&#13;&#10;&#9;&#9;&#9;&#9;&#9;allowing(values).getKey(2);&#13;&#10;&#9;&#9;&#9;&#9;&#9;will(returnValue(2));&#13;&#10;&#9;&#9;&#9;&#9;&#9;&#13;&#10;&#9;&#9;&#9;&#9;}&#13;&#10;&#9;&#9;&#9;});&#13;&#10;&#9;&#9;&#9;&#13;&#10;&#9;&#9;&#9;KeyedValues result = DataUtilities.getCumulativePercentages(values);&#13;&#10;&#9;&#9;&#9;assertEquals(0.0, result.getValue(0));&#13;&#10;&#9;&#9;&#9;assertEquals(0.0, result.getValue(1));&#13;&#10;&#9;&#9;&#9;assertEquals(1.0, result.getValue(2));&#13;&#10;&#9;&#9;&#9;&#13;&#10;&#9;&#9;}&#13;&#10;&#9; &#13;&#10;&#9; // pass: correct exception thrown&#13;&#10;&#9; @Test (expected = IllegalArgumentException.class)&#13;&#10;&#9; public void getCumulativePercentagesNullArgument() throws Exception{&#13;&#10;&#9;&#9; DataUtilities.getCumulativePercentages(null);&#13;&#10;&#9; }&#13;&#10;&#9; /**&#13;&#10;&#9;&#9; * Test if a null parameter will result the method to fail&#13;&#10;&#9;&#9; */&#13;&#10;&#9;&#9;@Test&#13;&#10;&#9;&#9;public void nullCumulativePercentageTest() {&#13;&#10;&#9;&#9;&#9;try {&#13;&#10;&#9;&#9;&#9;&#9;DataUtilities.getCumulativePercentages(null);&#13;&#10;&#9;&#9;&#9;&#9;fail(&quot;Cannot pass in null as a variable&quot;);&#13;&#10;&#9;&#9;&#9;}catch(Exception e) {&#13;&#10;&#9;&#9;&#9;&#9;assertTrue(&quot;Null is allowed as an argument&quot;, true);&#13;&#10;&#9;&#9;&#9;}&#13;&#10;&#9;&#9;}&#13;&#10;&#9;&#13;&#10;&#9;@After&#13;&#10;&#9;public void tearDown() throws Exception {&#13;&#10;&#9;}&#13;&#10;&#13;&#10;&#9;@AfterClass&#13;&#10;&#9;public static void tearDownAfterClass() throws Exception {&#13;&#10;&#9;}&#13;&#10;&#9;&#13;&#10;&#9;&#13;&#10;&#9;&#13;&#10;&#13;&#10;&#9;&#13;&#10;&#9;&#13;&#10;&#13;&#10;}" Filename="DataUtilitesTest.java" Intrnl_Id="4"/>
        <SrcFile Content="package org.jfree.data.test;&#13;&#10;&#13;&#10;import static org.junit.Assert.*; import org.jfree.data.Range; import org.junit.*;&#13;&#10;&#13;&#10;public class RangeTest{&#13;&#10;&#13;&#10;private Range testRange;&#13;&#10;&#13;&#10;&#13;&#10;private Range exampleRange;&#13;&#10;&#13;&#10;private Range exampleRange2;&#13;&#10;&#13;&#10;private Range rangeN;&#13;&#10;&#13;&#10;private Range rangeZ;&#13;&#10;&#13;&#10;private Range rangeP;&#13;&#10;&#13;&#10;private Range range;&#13;&#10;&#13;&#10;private Range rangeC;&#13;&#10;&#13;&#10;private Range rangeDoub;&#13;&#10;&#13;&#10;private Range range1, range2;&#13;&#10;&#13;&#10;&#13;&#10;&#13;&#10;@BeforeClass public static void setUpBeforeClass() throws Exception {&#13;&#10;&#13;&#10;}&#13;&#10;&#13;&#10;@Before&#13;&#10;&#13;&#10;public void setUp() throws Exception {&#13;&#10;&#13;&#10;testRange = new Range(-4, 8);&#13;&#10;&#13;&#10;&#13;&#10;exampleRange = new Range(-1, 1);&#13;&#10;&#13;&#10;exampleRange2 = new Range(-1, -1);//size zero&#13;&#10;&#13;&#10;&#13;&#10;rangeN = new Range(-10, 1); // range for negative lower bound&#13;&#10;&#13;&#10;rangeZ = new Range(0, 0); // range for lower and upper bound being 0&#13;&#10;&#13;&#10;rangeP = new Range(1, 10); // range for positive lower bound&#13;&#10;&#13;&#10;rangeDoub = new Range(2.5, 5.0); // range for double values&#13;&#10;&#13;&#10;range = new Range(10, 50); //create range from 10 to 100&#13;&#10;&#13;&#10;rangeC = new Range(5, 20);// new range from 5 to 20&#13;&#10;&#13;&#10;&#13;&#10;&#13;&#10;}&#13;&#10;&#13;&#10;&#13;&#10;// constrain() test cases&#13;&#10;&#13;&#10;/*if the input number is lower than the lower boundary of the range than the constrain should be the lower boundary*/&#13;&#10;&#13;&#10;@Test&#13;&#10;&#13;&#10;public void numberLowerThanLowerBoundary() {&#13;&#10;&#13;&#10;assertEquals(&quot;The constrain value of -5 in the range of -1 and 1 should be -1)&quot;,-1,exampleRange.constrain(-5), 0.000001d);&#13;&#10;&#13;&#10;}&#13;&#10;&#13;&#10;&#13;&#10;/*if the input number is lower than the lower boundary of a range of zero than the constrain should be the lower boundary*/&#13;&#10;&#13;&#10;@Test&#13;&#10;&#13;&#10;public void numberLowerThanLowerBoundaryWithRangeZero() {&#13;&#10;&#13;&#10;assertEquals(&quot;The constrain value of -5 in the range of -1 and -1 should be -1)&quot;,-1,exampleRange2.constrain(-5), 0.000001d);&#13;&#10;&#13;&#10;}&#13;&#10;&#13;&#10;&#13;&#10;/*if the input number is higher than the upper boundary of the range than the constrain should be the upper boundary*/&#13;&#10;&#13;&#10;@Test&#13;&#10;&#13;&#10;public void numberHigherThanUpperBoundary() {&#13;&#10;&#13;&#10;assertEquals(&quot;The constrain value of 5 in the range of -1 and 1 should be 1)&quot;,1,exampleRange.constrain(5), 0.000001d);&#13;&#10;&#13;&#10;}&#13;&#10;&#13;&#10;&#13;&#10;/*if the input number is higher than the upper boundary of a range of zero than the constrain should be the upper boundary*/&#13;&#10;&#13;&#10;@Test&#13;&#10;&#13;&#10;public void numberHigherThanUpperBoundaryWithRangeZero() {&#13;&#10;&#13;&#10;assertEquals(&quot;The constrain value of 5 in the range of -1 and -1 should be -1)&quot;,-1,exampleRange2.constrain(-5), 0.000001d);&#13;&#10;&#13;&#10;}&#13;&#10;&#13;&#10;&#13;&#10;/*if the input number is within the range than the constrain should be the input*/&#13;&#10;&#13;&#10;@Test&#13;&#10;&#13;&#10;public void numberWithinRange() {&#13;&#10;&#13;&#10;assertEquals(&quot;The constrain value of 0 in the range of -1 and 1 should be 0)&quot;,0,exampleRange.constrain(0), 0.000001d);&#13;&#10;&#13;&#10;}&#13;&#10;&#13;&#10;&#13;&#10;/*if the input number is equal to the lower boundary of the range than the constrain should be the input/lower boundary*/&#13;&#10;&#13;&#10;@Test&#13;&#10;&#13;&#10;public void numberIsLowerBoundary() {&#13;&#10;&#13;&#10;assertEquals(&quot;The constrain value of -1 in the range of -1 and 1 should be -1)&quot;,-1,exampleRange.constrain(-5), 0.000001d);&#13;&#10;&#13;&#10;}&#13;&#10;&#13;&#10;&#13;&#10;/*if the input number is equal to the upper boundary of the range than the constrain should be the input/upper boundary*/&#13;&#10;&#13;&#10;@Test&#13;&#10;&#13;&#10;public void numberIsUpperBoundary() {&#13;&#10;&#13;&#10;assertEquals(&quot;The constrain value of 1 in the range of -1 and 1 should be 1)&quot;,1,exampleRange.constrain(1), 0.000001d);&#13;&#10;&#13;&#10;}&#13;&#10;&#13;&#10;&#13;&#10;// getLength() test cases&#13;&#10;&#13;&#10;// pass: returns the correct length&#13;&#10;&#13;&#10;@Test&#13;&#10;&#13;&#10;public void getLengthValidOutput() {&#13;&#10;&#13;&#10;assertEquals(&quot;The length of the range from -4 to 8 should be 12&quot;,&#13;&#10;&#13;&#10;12, testRange.getLength(), .000000001d);&#13;&#10;&#13;&#10;}&#13;&#10;&#13;&#10;&#13;&#10;// combine() test cases&#13;&#10;&#13;&#10;/*first range is null*/&#13;&#10;&#13;&#10;@Test&#13;&#10;&#13;&#10;public void firstRangeNull() {&#13;&#10;&#13;&#10;assertEquals(&quot;The combination of null range and range[-1,1] should be [-1,1]&quot;,new Range(-1,1),Range.combine(null,(new Range(-1,1))));&#13;&#10;&#13;&#10;}&#13;&#10;&#13;&#10;&#13;&#10;/*second range is null*/&#13;&#10;&#13;&#10;@Test&#13;&#10;&#13;&#10;public void secondRangeNull() {&#13;&#10;&#13;&#10;assertEquals(&quot;The combination of range[-1,1] and null range should be [-1,1]&quot;,new Range(-1,1),Range.combine((new Range(-1,1)),null));&#13;&#10;&#13;&#10;}&#13;&#10;&#13;&#10;&#13;&#10;/*both ranges are null*/&#13;&#10;&#13;&#10;@Test&#13;&#10;&#13;&#10;public void bothRangeNull() {&#13;&#10;&#13;&#10;assertEquals(&quot;The combination of two null ranges should be null&quot;,null,Range.combine(null,null));&#13;&#10;&#13;&#10;}&#13;&#10;&#13;&#10;&#13;&#10;/*identical ranges*/&#13;&#10;&#13;&#10;@Test&#13;&#10;&#13;&#10;public void identicalRanges() {&#13;&#10;&#13;&#10;assertEquals(&quot;The combination of range[-1,1] and range[-1,1] should be [-1,1]&quot;,new Range(-1,1),Range.combine((new Range(-1,1)),(new Range(-1,1))));&#13;&#10;&#13;&#10;}&#13;&#10;&#13;&#10;&#13;&#10;/*ranges are continuous*/&#13;&#10;&#13;&#10;@Test&#13;&#10;&#13;&#10;public void continuousRanges() {&#13;&#10;&#13;&#10;try{&#13;&#10;&#13;&#10;assertEquals(&quot;The combination of range[-1,1] and range[1,2] should be [-1,2]&quot;,new Range(-1,2),Range.combine((new Range(-1,1)),(new Range(1,2))));&#13;&#10;&#13;&#10;}&#13;&#10;&#13;&#10;catch(Exception e) {&#13;&#10;&#13;&#10;fail(&quot; continuousRanges should not have an error but we get &quot;+ e.getClass() + e.getMessage());&#13;&#10;&#13;&#10;}&#13;&#10;&#13;&#10;}&#13;&#10;&#13;&#10;&#13;&#10;/*ranges are not continuous*/&#13;&#10;&#13;&#10;@Test&#13;&#10;&#13;&#10;public void notContinuousRanges() {&#13;&#10;&#13;&#10;try {&#13;&#10;&#13;&#10;assertEquals(&quot;The combination of range[-1,1] and range[5,10] should be [-1,10]&quot;,new Range(-1,10),Range.combine((new Range(-1,1)),(new Range(5,10))));&#13;&#10;&#13;&#10;}&#13;&#10;&#13;&#10;catch(Exception e) {&#13;&#10;&#13;&#10;fail(&quot; notContinuousRanges should not have an error but we get &quot;+ e.getClass() + e.getMessage());&#13;&#10;&#13;&#10;}&#13;&#10;&#13;&#10;}&#13;&#10;&#13;&#10;&#13;&#10;// getLowerBound() test&#13;&#10;&#13;&#10;@Test&#13;&#10;&#13;&#10;public void testNegativeNumberForLowerBound() { // Lower bound being a negative number&#13;&#10;&#13;&#10;assertEquals(&quot;The value of lower bound should return -10&quot;,-10, rangeN.getLowerBound(), .000000001d);&#13;&#10;&#13;&#10;}&#13;&#10;&#13;&#10;&#13;&#10;@Test&#13;&#10;&#13;&#10;public void testZeroForLowerBound() { // Lower bound being at 0&#13;&#10;&#13;&#10;assertEquals(&quot;The value of lower bound should return 0&quot;, 0, rangeZ.getLowerBound(), .000000001d);&#13;&#10;&#13;&#10;}&#13;&#10;&#13;&#10;&#13;&#10;@Test&#13;&#10;&#13;&#10;public void testPositiveNumberForLowerBound() { // Lower bound being a positive number&#13;&#10;&#13;&#10;assertEquals(&quot;The value of lower bound should return 1&quot;, 1, rangeP.getLowerBound(), .000000001d);&#13;&#10;&#13;&#10;}&#13;&#10;&#13;&#10;@Test&#13;&#10;&#13;&#10;public void testDoubleForLowerBound() { // Lower bound being a double&#13;&#10;&#13;&#10;assertEquals(&quot;The value of lower bound should return 2.5&quot;, 2.5, rangeDoub.getLowerBound(), .000000001d);&#13;&#10;&#13;&#10;}&#13;&#10;&#13;&#10;&#13;&#10;// getUpperBound() test cases&#13;&#10;&#13;&#10;@Test&#13;&#10;&#13;&#10;public void testNegativeNumberForUpperBound() { // Upper bound being a negative number&#13;&#10;&#13;&#10;assertEquals(&quot;The value of upper bound should return 1&quot;, 1, rangeN.getUpperBound(), .000000001d);&#13;&#10;&#13;&#10;}&#13;&#10;&#13;&#10;// Test has a failure, the upper bound is not returned&#13;&#10;&#13;&#10;// Test passes for the value of the lower bound&#13;&#10;&#13;&#10;&#13;&#10;@Test&#13;&#10;&#13;&#10;public void testZeroForUpperBound() { // Upper bound being at 0&#13;&#10;&#13;&#10;assertEquals(&quot;The value of upper bound should return 0&quot;, 0, rangeZ.getUpperBound(), .000000001d);&#13;&#10;&#13;&#10;}&#13;&#10;&#13;&#10;// Test passes only because lower bound == upper bound == 0&#13;&#10;&#13;&#10;&#13;&#10;@Test&#13;&#10;&#13;&#10;public void testPositiveNumberForUpperBound() { // Upper bound being a positive number&#13;&#10;&#13;&#10;assertEquals(&quot;The value of upper bound should return 10&quot;, 10, rangeP.getUpperBound(), .000000001d);&#13;&#10;&#13;&#10;}&#13;&#10;&#13;&#10;// Test has a failure, the upper bound is not returned&#13;&#10;&#13;&#10;// Test passes for the value of the lower bound&#13;&#10;&#13;&#10;&#13;&#10;@Test&#13;&#10;&#13;&#10;public void testDoubleForUpperBound() { // Upper bound being a double&#13;&#10;&#13;&#10;assertEquals(&quot;The value of upper bound should return 5.0&quot;, 5.0, rangeDoub.getUpperBound(), .000000001d);&#13;&#10;&#13;&#10;}&#13;&#10;&#13;&#10;// Test has a failure, the upper bound is not returned&#13;&#10;&#13;&#10;// Test passes for the value of the lower bound&#13;&#10;&#13;&#10;&#13;&#10;&#13;&#10;&#13;&#10;&#13;&#10;// shift(Range base, double delta, boolean allowZeroCrossing)&#13;&#10;&#13;&#10;&#13;&#10;//should pass&#13;&#10;&#13;&#10;@Test&#13;&#10;&#13;&#10;public void testingPositiveToZeroWithTrue() {&#13;&#10;&#9;Range origRange = new Range(3.0, 3.0);&#13;&#10;&#9;Range rangeShift = Range.shift(origRange, -3.0, true);&#13;&#10;  Range expected = new Range(0.0, 0.0);&#13;&#10;  assertTrue(&quot;A shift of -3 should return a range of (0, 0)&quot;,&#13;&#10;          rangeShift.equals(expected));&#13;&#10;&#9;&#13;&#10;}&#13;&#10;&#13;&#10;//should pass&#13;&#10;&#13;&#10;@Test&#13;&#10;&#13;&#10;public void testingPositiveToZeroWithFalse() {&#13;&#10;&#9;Range origRange = new Range(3.0, 3.0);&#13;&#10;&#9;Range rangeShift = Range.shift(origRange, -3.0, false);&#13;&#10;Range expected = new Range(0.0, 0.0);&#13;&#10;assertTrue(&quot;A shift of -3 should return a range of (0, 0)&quot;,&#13;&#10;        rangeShift.equals(expected));&#13;&#10;&#9;&#13;&#10;}&#13;&#10;&#13;&#10;//should pass&#13;&#10;&#13;&#10;@Test&#13;&#10;&#13;&#10;public void testingPositiveToNegativeWithTrue() {&#13;&#10;&#9;Range origRange = new Range(3.0, 3.0);&#13;&#10;&#9;Range rangeShift = Range.shift(origRange, -5.0, true);&#13;&#10;    Range expected = new Range(-2.0, -2.0);&#13;&#10;    assertTrue(&quot;A shift of -5 should return a range of (0, 0)&quot;,&#13;&#10;            rangeShift.equals(expected));&#13;&#10;&#9;&#13;&#10;}&#13;&#10;&#13;&#10;// should fail&#13;&#10;&#13;&#10;@Test&#13;&#10;&#13;&#10;&#13;&#10;public void testingPositiveToNegativeWithFalse() {&#13;&#10;&#9;Range origRange = new Range(3.0, 3.0);&#13;&#10;&#9;Range rangeShift = Range.shift(origRange, -5.0, false);&#13;&#10;    Range expected = new Range(-2.0, -2.0);&#13;&#10;    assertTrue(&quot;A shift of -5 should return a range of (0, 0)&quot;,&#13;&#10;            rangeShift.equals(expected));&#13;&#10;&#9;&#13;&#10;}&#13;&#10;&#13;&#10;//should pass&#13;&#10;&#13;&#10;@Test&#13;&#10;&#13;&#10;&#13;&#10;public void testingPositiveToNegativeWithFalseAndZero() {&#13;&#10;&#9;Range origRange = new Range(3.0, 3.0);&#13;&#10;&#9;Range rangeShift = Range.shift(origRange, -5.0, false);&#13;&#10; Range expected = new Range(0.0, 0.0);&#13;&#10; assertTrue(&quot;A shift of -5 should return a range of (0, 0)&quot;,&#13;&#10;         rangeShift.equals(expected));&#13;&#10;&#9;&#13;&#10;}&#13;&#10;&#13;&#10;//should pass&#13;&#10;&#13;&#10;@Test&#13;&#10;&#13;&#10;public void testingPositiveToPositiveWithTrue() {&#13;&#10;&#9;Range origRange = new Range(3.4, 3.7);&#13;&#10;&#9;Range rangeShift = Range.shift(origRange, 5.0, true);&#13;&#10;    Range expected = new Range(8.4, 8.7);&#13;&#10;    assertTrue(&quot;A shift of 5 should return a range of (8.4, 8.7)&quot;,&#13;&#10;            rangeShift.equals(expected));&#13;&#10;&#9;&#13;&#10;}&#13;&#10;&#13;&#10;//should fail&#13;&#10;&#13;&#10;@Test&#13;&#10;&#13;&#10;public void testingPositiveToPositiveWithTrueWrongAnswer() {&#13;&#10;&#9;Range origRange = new Range(3.4, 3.7);&#13;&#10;&#9;Range rangeShift = Range.shift(origRange, 5.0, true);&#13;&#10;  Range expected = new Range(8.4, 8.9);&#13;&#10;  assertTrue(&quot;A shift of 5 should return a range of (8.4, 8.7)&quot;,&#13;&#10;          rangeShift.equals(expected));&#13;&#10;&#9;&#13;&#10;}&#13;&#10;&#13;&#10;//should fail&#13;&#10;&#13;&#10;@Test&#13;&#10;&#13;&#10;public void testingNegativeToPositiveWithFalse() {&#13;&#10;&#9;Range origRange = new Range(-3.0, -2.0);&#13;&#10;&#9;Range rangeShift = Range.shift(origRange, 5.0, false);&#13;&#10;  Range expected = new Range(2.0, 3.0);&#13;&#10;  assertTrue(&quot;A shift of 5 should return a range of (0, 0)&quot;,&#13;&#10;          rangeShift.equals(expected));&#13;&#10;&#9;&#13;&#10;}&#13;&#10;&#13;&#10;//should pass&#13;&#10;&#13;&#10;@Test&#13;&#10;&#13;&#10;public void testingNegativeToPositiveWithTrue() {&#13;&#10;&#9;Range origRange = new Range(-3.0, -2.0);&#13;&#10;&#9;Range rangeShift = Range.shift(origRange, 5.0, true);&#13;&#10;&#9;Range expected = new Range(2.0, 3.0);&#13;&#10;&#9;assertTrue(&quot;A shift of 5 should return a range of (2, 3)&quot;,&#13;&#10;        rangeShift.equals(expected));&#13;&#10;&#9;&#13;&#10;}&#13;&#10;&#13;&#10;//should pass&#13;&#10;&#13;&#10;@Test&#13;&#10;&#13;&#10;public void testingNegativeToPositiveWithTrueSplitRange() {&#13;&#10;&#9;Range origRange = new Range(-3.0, 2.0);&#13;&#10;&#9;Range rangeShift = Range.shift(origRange, 5.0, true);&#13;&#10;Range expected = new Range(2.0, 7.0);&#13;&#10;assertTrue(&quot;A shift of 5 should return a range of (2, 7)&quot;,&#13;&#10;      rangeShift.equals(expected));&#13;&#10;&#9;&#13;&#10;}&#13;&#10;&#13;&#10;//should fail&#13;&#10;&#13;&#10;@Test&#13;&#10;&#13;&#10;public void testingNegativeToPositiveWithFalseSplitRange() {&#13;&#10;&#9;Range origRange = new Range(-3.0, 2.0);&#13;&#10;&#9;Range rangeShift = Range.shift(origRange, 5.0, false);&#13;&#10;Range expected = new Range(2.0, 7.0);&#13;&#10;assertTrue(&quot;A shift of 5 should return a range of (0, 7)&quot;,&#13;&#10;    rangeShift.equals(expected));&#13;&#10;&#9;&#13;&#10;}&#13;&#10;&#13;&#10;// should pass&#13;&#10;&#13;&#10;@Test&#13;&#10;&#13;&#10;public void testingNegativeToPositiveWithFalseSplitRangeCorrectAnswer() {&#13;&#10;&#9;Range origRange = new Range(-3.0, 2.0);&#13;&#10;&#9;Range rangeShift = Range.shift(origRange, 5.0, false);&#13;&#10;Range expected = new Range(0.0, 7.0);&#13;&#10;assertTrue(&quot;A shift of 0 should return a range of (0.0, 7.0)&quot;,&#13;&#10;    rangeShift.equals(expected));&#13;&#10;&#9;&#13;&#10;}&#13;&#10;&#13;&#10;&#13;&#10;//should fail&#13;&#10;&#13;&#10;@Test&#13;&#10;&#13;&#10;public void testingPositiveToPositiveWithFalseWrongAnswer() {&#13;&#10;&#9;Range origRange = new Range(3.4, 3.7);&#13;&#10;&#9;Range rangeShift = Range.shift(origRange, 5.0, false);&#13;&#10;Range expected = new Range(8.4, 8.9);&#13;&#10;assertTrue(&quot;A shift of 0 should return a range of (8.4, 8.7)&quot;,&#13;&#10;        rangeShift.equals(expected));&#13;&#10;&#9;&#13;&#10;}&#13;&#10;&#13;&#10;//should pass&#13;&#10;&#13;&#10;@Test&#13;&#10;&#13;&#10;public void testingPositiveToPositiveWithFalseCorrectAnswer() {&#13;&#10;&#9;Range origRange = new Range(3.4, 3.7);&#13;&#10;&#9;Range rangeShift = Range.shift(origRange, 5.3, false);&#13;&#10;Range expected = new Range(8.7, 9.0);&#13;&#10;assertTrue(&quot;A shift of 5.3 should return a range of (8.7, 9.0)&quot;,&#13;&#10;      rangeShift.equals(expected));&#13;&#10;&#9;&#13;&#10;}&#13;&#10;&#13;&#10;&#13;&#10;@Test(expected = IllegalArgumentException.class)&#13;&#10;public void shiftTestWithNullRange() {&#13;&#10;    Range.shift(null, -3, true);&#13;&#10;}&#13;&#10;&#13;&#10;&#13;&#10;//shift(Range base, double delta)&#13;&#10;&#13;&#10;//should pass&#13;&#10;&#13;&#10;@Test&#13;&#10;&#13;&#10;public void testingPositiveToPositive() {&#13;&#10;&#9;Range origRange = new Range(3.4, 3.7);&#13;&#10;&#9;Range rangeShift = Range.shift(origRange, 5.3);&#13;&#10;Range expected = new Range(8.7, 9.0);&#13;&#10;assertTrue(&quot;A shift of 5.3 should return a range of (8.7, 9.0)&quot;,&#13;&#10;    rangeShift.equals(expected));&#13;&#10;&#9;&#13;&#10;}&#13;&#10;&#13;&#10;// should pass &#13;&#10;&#13;&#10;@Test&#13;&#10;&#13;&#10;public void testingPositiveToNegative() {&#13;&#10;&#9;Range origRange = new Range(3.4, 3.7);&#13;&#10;&#9;Range rangeShift = Range.shift(origRange, -5.3);&#13;&#10;Range expected = new Range(0.0, 0.0);&#13;&#10;assertTrue(&quot;A shift of -5.3 should return a range of (0 ,0)&quot;,&#13;&#10;    rangeShift.equals(expected));&#13;&#10;&#9;&#13;&#10;}&#13;&#10;&#13;&#10;//should pass&#13;&#10;&#13;&#10;@Test&#13;&#10;&#13;&#10;public void testingPositiveToNegativeSplit() {&#13;&#10;&#9;Range origRange = new Range(-3.4, 3.7);&#13;&#10;&#9;Range rangeShift = Range.shift(origRange, -5.3);&#13;&#10;Range expected = new Range(-8.7, 0.0);&#13;&#10;assertTrue(&quot;A shift of -5.3 should return a range of (-8.7, 0.0)&quot;,&#13;&#10; rangeShift.equals(expected));&#13;&#10;&#9;&#13;&#10;}&#13;&#10;&#13;&#10;//should fail&#13;&#10;&#13;&#10;@Test&#13;&#10;&#13;&#10;public void testingPositiveToNegativeSplit1() {&#13;&#10;&#9;Range origRange = new Range(3.4, 3.7);&#13;&#10;&#9;Range rangeShift = Range.shift(origRange, -5.3);&#13;&#10;Range expected = new Range(-1.9, -1.6);&#13;&#10;assertTrue(&quot;A shift of -5.3 should return a range of (0, 0)&quot;,&#13;&#10;rangeShift.equals(expected));&#13;&#10;&#9;&#13;&#10;}&#13;&#10;&#13;&#10;//should fail &#13;&#10;&#13;&#10;@Test&#13;&#10;&#13;&#10;public void testingNegativeToPositive() {&#13;&#10;&#9;Range origRange = new Range(-3.4, -3.1);&#13;&#10;&#9;Range rangeShift = Range.shift(origRange, 5.3);&#13;&#10;Range expected = new Range(1.9, 2.2);&#13;&#10;assertTrue(&quot;A shift of 5.3 should return a range of (0, 0)&quot;,&#13;&#10;rangeShift.equals(expected));&#13;&#10;&#9;&#13;&#10;}&#13;&#10;&#13;&#10;//should pass&#13;&#10;&#13;&#10;@Test&#13;&#10;&#13;&#10;public void testingNegativeToPositiveWithCorrectAnswer() {&#13;&#10;&#9;Range origRange = new Range(-3.4, -3.1);&#13;&#10;&#9;Range rangeShift = Range.shift(origRange, 5.3);&#13;&#10;Range expected = new Range(0, 0);&#13;&#10;assertTrue(&quot;A shift of 5.3 should return a range of (0, 0)&quot;,&#13;&#10;rangeShift.equals(expected));&#13;&#10;&#9;&#13;&#10;}&#13;&#10;&#13;&#10;//should pass&#13;&#10;&#13;&#10;@Test&#13;&#10;&#13;&#10;public void testingNegativeToPositiveWithCorrectAnswerSplit() {&#13;&#10;&#9;Range origRange = new Range(-3.4, 3.7);&#13;&#10;&#9;Range rangeShift = Range.shift(origRange, 5.3);&#13;&#10;Range expected = new Range(0, 9);&#13;&#10;assertTrue(&quot;A shift of 5.3 should return a range of (0, 9)&quot;,&#13;&#10;rangeShift.equals(expected));&#13;&#10;&#9;&#13;&#10;}&#13;&#10;&#13;&#10;//should fail&#13;&#10;&#13;&#10;@Test&#13;&#10;&#13;&#10;public void testingNegativeToPositiveWithWrongAnswerSplit1() {&#13;&#10;&#9;Range origRange = new Range(-3.4, 3.7);&#13;&#10;&#9;Range rangeShift = Range.shift(origRange, 5.3);&#13;&#10;Range expected = new Range(1.9, 9);&#13;&#10;assertTrue(&quot;A shift of 5.3 should return a range of (0, 9)&quot;,&#13;&#10;rangeShift.equals(expected));&#13;&#10;&#9;&#13;&#10;}&#13;&#10;&#13;&#10;//should pass&#13;&#10;&#13;&#10;@Test&#13;&#10;&#13;&#10;public void testingNegativeToZero() {&#13;&#10;&#9;Range origRange = new Range(-4.0, -4.0);&#13;&#10;&#9;Range rangeShift = Range.shift(origRange, 4.0);&#13;&#10;Range expected = new Range(0, 0);&#13;&#10;assertTrue(&quot;A shift of 4 should return a range of (0, 0)&quot;,&#13;&#10;rangeShift.equals(expected));&#13;&#10;&#9;&#13;&#10;}&#13;&#10;&#13;&#10;//should pass&#13;&#10;&#13;&#10;@Test&#13;&#10;&#13;&#10;public void testingPositiveToZero() {&#13;&#10;&#9;Range origRange = new Range(4.0, 4.0);&#13;&#10;&#9;Range rangeShift = Range.shift(origRange, -4.0);&#13;&#10;Range expected = new Range(0, 0);&#13;&#10;assertTrue(&quot;A shift of -4 should return a range of (0, 0)&quot;,&#13;&#10;rangeShift.equals(expected));&#13;&#10;&#9;&#13;&#10;}&#13;&#10;&#13;&#10;&#13;&#10;// should pass&#13;&#10;&#13;&#10;@Test(expected = IllegalArgumentException.class)&#13;&#10;public void shiftTestWithNullRange1() {&#13;&#10;    Range.shift(null, -3 );&#13;&#10;}&#13;&#10;&#13;&#10;&#13;&#10;// toString() Tests&#13;&#10;&#13;&#10;&#13;&#10;// should pass &#13;&#10;&#13;&#10;@Test&#13;&#10;public void NegativeAndPositive() {&#13;&#10;&#9;Range range = new Range(-3.4, 4.1);&#13;&#10;&#9;String actual = range.toString();&#13;&#10;&#9;assertEquals(&quot;The string should match Range[-3.4,4.1]&quot;, &quot;Range[-3.4,4.1]&quot;, actual);&#13;&#10;}&#13;&#10;&#13;&#10;// should pass&#13;&#10;&#13;&#10;@Test&#13;&#10;public void PositiveAndPositive() {&#13;&#10;&#9;Range range = new Range(3.0, 5.0);&#13;&#10;&#9;String actual = range.toString();&#13;&#10;&#9;assertEquals(&quot;The string should match Range[3.0,5.0]&quot;, &quot;Range[3.0,5.0]&quot;, actual);&#13;&#10;}&#13;&#10;&#13;&#10;//should pass&#13;&#10;&#13;&#10;@Test&#13;&#10;public void NegativeAndNegative() {&#13;&#10;&#9;Range range = new Range(-8.2, -1.1);&#13;&#10;&#9;String actual = range.toString();&#13;&#10;&#9;assertEquals(&quot;The string should match Range[-8.2,-1.1]&quot;, &quot;Range[-8.2,-1.1]&quot;, actual);&#13;&#10;}&#13;&#10;&#13;&#10;//should pass&#13;&#10;&#13;&#10;@Test&#13;&#10;public void ZeroAndZero() {&#13;&#10;&#9;Range range = new Range(0.0, 0.0);&#13;&#10;&#9;String actual = range.toString();&#13;&#10;&#9;assertEquals(&quot;The string should match Range[0.0,0.0]&quot;, &quot;Range[0.0,0.0]&quot;, actual);&#13;&#10;}&#13;&#10;&#13;&#10;//should fail&#13;&#10;&#13;&#10;@Test&#13;&#10;public void WrongStringFormatGap() {&#13;&#10;&#9;Range range = new Range(0.0, 0.0);&#13;&#10;&#9;String actual = range.toString();&#13;&#10;&#9;assertEquals(&quot;The string should match Range[0.0,0.0]&quot;, &quot;Range[0.0, 0.0]&quot;, actual);&#13;&#10;}&#13;&#10;&#13;&#10;//should fail&#13;&#10;&#13;&#10;@Test&#13;&#10;public void WrongStringFormatSpelling() {&#13;&#10;&#9;Range range = new Range(0.0, 0.0);&#13;&#10;&#9;String actual = range.toString();&#13;&#10;&#9;assertEquals(&quot;The string should match Range[0.0,0.0]&quot;, &quot;Ran[0.0, 0.0]&quot;, actual);&#13;&#10;}&#13;&#10;&#13;&#10;&#13;&#10;// intersects() Tests&#13;&#10;&#13;&#10;// should pass&#13;&#10;&#13;&#10;@Test&#13;&#10;public void intersectRangeRightSide() {&#13;&#10;    &#13;&#10;&#9;Range orig = new Range(-2, 3);&#13;&#10;&#9;Range test = new Range(-8, 0);&#13;&#10;&#9;&#13;&#10;&#9;assertTrue(orig.intersects(test));&#13;&#10;}&#13;&#10;&#13;&#10;// should pass&#13;&#10;&#13;&#10;@Test&#13;&#10;public void intersectRangeLeftSide() {&#13;&#10;    &#13;&#10;&#9;Range orig = new Range(-2, 3);&#13;&#10;&#9;Range test = new Range(-1, 5);&#13;&#10;&#9;&#13;&#10;&#9;assertTrue(orig.intersects(test));&#13;&#10;}&#13;&#10;&#13;&#10;&#13;&#10;//should pass&#13;&#10;&#13;&#10;@Test&#13;&#10;public void intersectRangeBothSides() {&#13;&#10; &#13;&#10;&#9;Range orig = new Range(-2, 3);&#13;&#10;&#9;Range test = new Range(0, 2);&#13;&#10;&#9;&#13;&#10;&#9;assertTrue(orig.intersects(test));&#13;&#10;}&#13;&#10;&#13;&#10;&#13;&#10;&#13;&#10;//should pass&#13;&#10;&#13;&#10;&#13;&#10;@Test&#13;&#10;public void intersectRangeFloatRightSide() {&#13;&#10;&#9;Range orig = new Range(-1.9, 3);&#13;&#10;&#9;Range test = new Range(-3, -1.7);&#13;&#10;&#9;&#13;&#10;&#9;assertTrue(orig.intersects(test));&#13;&#10;}&#13;&#10;&#13;&#10;//should pass&#13;&#10;&#13;&#10;@Test&#13;&#10;public void intersectRangeFloatLeftSide() {&#13;&#10;&#9;Range orig = new Range(-2, 2.9);&#13;&#10;&#9;Range test = new Range(2.8, 8);&#13;&#10;&#9;&#13;&#10;&#9;assertTrue(orig.intersects(test));&#13;&#10;}&#13;&#10;&#13;&#10;&#13;&#10;&#13;&#10;// getCenteralValue() Tests&#13;&#10;&#13;&#10;// should pass&#13;&#10;&#13;&#10;@Test&#13;&#10;public void centeralValueCorrectNegativeNegative() {&#13;&#10;&#9;Range orig = new Range(-2, -1);&#13;&#10;    assertEquals(&quot;The centeral value should be -1.5&quot;,&#13;&#10;    -1.5, orig.getCentralValue(), .000000001d);&#13;&#10;}&#13;&#10;&#13;&#10;// should pass&#13;&#10;&#13;&#10;@Test&#13;&#10;public void centeralValueCorrectNegativePositive() {&#13;&#10;&#9;Range orig = new Range(-2, 3);&#13;&#10;    assertEquals(&quot;The centeral value should be 0.5&quot;,&#13;&#10;    0.5, orig.getCentralValue(), .000000001d);&#13;&#10;}&#13;&#10;&#13;&#10;//should pass&#13;&#10;&#13;&#10;@Test&#13;&#10;public void centeralValueCorrectPositivePositive() {&#13;&#10;&#9;Range orig = new Range(2.5, 2.9);&#13;&#10; assertEquals(&quot;The centeral value should be 2.7&quot;,&#13;&#10; 2.7, orig.getCentralValue(), .000000001d);&#13;&#10;}&#13;&#10;&#13;&#10;//should fail&#13;&#10;&#13;&#10;@Test&#13;&#10;public void centeralValueWrongPositivePositive() {&#13;&#10;&#9;Range orig = new Range(2.5, 2.9);&#13;&#10;assertEquals(&quot;The centeral value should be 2.7&quot;,&#13;&#10;2.6, orig.getCentralValue(), .000000001d);&#13;&#10;}&#13;&#10;&#13;&#10;//should fail&#13;&#10;&#13;&#10;@Test&#13;&#10;public void centeralValueWrongNegativeNegative() {&#13;&#10;&#9;Range orig = new Range(-2, -1);&#13;&#10; assertEquals(&quot;The centeral value should be -1.5&quot;,&#13;&#10; -1.9, orig.getCentralValue(), .000000001d);&#13;&#10;}&#13;&#10;&#13;&#10;//should fail&#13;&#10;&#13;&#10;@Test&#13;&#10;public void centeralValueWrongNegativePositive() {&#13;&#10;&#9;Range orig = new Range(-2, 3);&#13;&#10; assertEquals(&quot;The centeral value should be 0.5&quot;,&#13;&#10; 0.0, orig.getCentralValue(), .000000001d);&#13;&#10;}&#13;&#10;&#13;&#10;// expandToInclude() Tests&#13;&#10;&#13;&#10;// should pass&#13;&#10;&#13;&#10;@Test&#13;&#10;public void expandToIncludeLeftSideCorrect() {&#13;&#10;&#9;Range orig = new Range(-1, 1);&#13;&#10;    assertEquals(&quot;New Range should be (-10, 1)&quot;, new Range(-10, 1),&#13;&#10;            Range.expandToInclude(orig, -10));&#13;&#10;}&#13;&#10;&#13;&#10;//should pass&#13;&#10;&#13;&#10;@Test&#13;&#10;public void expandToIncludeRightSideCorrect() {&#13;&#10;&#9;Range orig = new Range(-1, 1);&#13;&#10;&#9;assertEquals(&quot;New Range should be (-1, 2.9)&quot;, new Range(-1, 2.9),&#13;&#10;          Range.expandToInclude(orig, 2.9));&#13;&#10;}&#13;&#10;&#13;&#10;//should pass&#13;&#10;&#13;&#10;@Test&#13;&#10;public void NoNeedToExpandToIncludeCorrect() {&#13;&#10;&#9;Range orig = new Range(-1, 1);&#13;&#10;&#9;assertEquals(&quot;New Range should be (-1.0, 1.0)&quot;, new Range(-1.0, 1.0),&#13;&#10;        Range.expandToInclude(orig, 0.3));&#13;&#10;}&#13;&#10;&#13;&#10;//should fail&#13;&#10;&#13;&#10;@Test&#13;&#10;public void expandToIncludeRightSideWrong() {&#13;&#10;&#9;Range orig = new Range(-1, 1);&#13;&#10;&#9;assertEquals(&quot;New Range should be (-1, 7)&quot;, new Range(-1, 6),&#13;&#10;      Range.expandToInclude(orig, 7));&#13;&#10;}&#13;&#10;&#13;&#10;//should fail&#13;&#10;&#13;&#10;@Test&#13;&#10;public void expandToIncludeLeftSideWrong() {&#13;&#10;&#9;Range orig = new Range(-1, 1);&#13;&#10;&#9;assertEquals(&quot;New Range should be (-3, 1)&quot;, new Range(-2, 1),&#13;&#10;    Range.expandToInclude(orig, -3));&#13;&#10;}&#13;&#10;&#13;&#10;//should pass&#13;&#10;&#13;&#10;@Test&#13;&#10;public void expandToIncludeLeftSideSame() {&#13;&#10;&#9;Range orig = new Range(-1, 1);&#13;&#10;assertEquals(&quot;New Range should be (-1, 1)&quot;, new Range(-1, 1),&#13;&#10;  Range.expandToInclude(orig, -1));&#13;&#10;}&#13;&#10;&#13;&#10;//should pass&#13;&#10;&#13;&#10;@Test&#13;&#10;public void expandToIncludeRightSideSame() {&#13;&#10;&#9;Range orig = new Range(-1, 1);&#13;&#10;assertEquals(&quot;New Range should be (-1, 1)&quot;, new Range(-1, 1),&#13;&#10;Range.expandToInclude(orig, 1));&#13;&#10;}&#13;&#10;&#13;&#10;&#13;&#10;// expand test&#13;&#10;&#13;&#10;@Test&#13;&#10;public void expandUsingZeroMarginsTest() {&#13;&#10;&#9;range1 = new Range(12, 32);&#13;&#10;&#9;range2 = new Range(13, 20);&#13;&#10;&#9;assertEquals(&quot;Used expand with 0 on both ranges but the range changed.&quot;, Range.expand(range1, 0, 0), range2);&#13;&#10;}&#13;&#10;&#13;&#10;//if null range object is used&#13;&#10;@Test&#13;&#10;public void nullRange() {&#13;&#10;&#9;try {&#13;&#10;&#9;&#9;Range.expand(null,0.2,0.5);&#13;&#10;&#9;&#9;fail(&quot;InvalidParameterException was not used&quot;);&#13;&#10;&#9;}&#13;&#10;&#9;catch(Exception e) {&#13;&#10;&#9;&#9;assertEquals(&quot;Did not use InvalidParameterException&quot;, IllegalArgumentException.class, e.getClass());&#13;&#10;&#9;}&#13;&#10;}&#13;&#10;&#13;&#10;&#13;&#10;// Equals test&#13;&#10;//if two upper boundaries are same but the lower boundaries are different &#13;&#10;@Test&#13;&#10;public void sameUpperBoundary() {&#13;&#10;&#9;assertEquals(&quot;Testing two Range objects with the same upper boundary but different lower boundaries&quot;, false, range.equals(new Range(20, 50)));&#13;&#10;}&#13;&#10;&#9;&#13;&#10;//if two lower boundaries are same but the upper boundaries are different &#13;&#10;@Test&#13;&#10;public void  sameLowerBoundary() {&#13;&#10;&#9;assertEquals(&quot;Testing two Range objects with the same lower boundary but different upper boundaries&quot;, false, range.equals(new Range(10, 40)));&#13;&#10;}&#13;&#10;&#9;&#13;&#10;//if two different objects with different ranges are equal&#13;&#10;@Test&#13;&#10;public void diffRanges() {&#13;&#10;&#9;assertEquals(&quot;Testing object with two different ranges&quot;, false, range.equals(new Range(30, 70)));&#13;&#10;}&#13;&#10;&#9;&#13;&#10;//is two different objects with same ranges are equal&#13;&#10;@Test&#13;&#10;public void sameRanges() {&#13;&#10;&#9;assertEquals(&quot;Testing object with two same ranges&quot;, true, range.equals(new Range(10, 50)));&#13;&#10;}&#13;&#10;&#9;&#13;&#10;//if null is used&#13;&#10;@Test&#13;&#10;public void nullRangeEquals() {&#13;&#10;&#9;assertEquals(&quot;Testing a null range object&quot;, false, range.equals(null));&#13;&#10;}&#13;&#10;&#13;&#10;//contain Tests&#13;&#10;&#13;&#10;//if the lower boundary is in the range &#13;&#10;@Test&#13;&#10;public void inLowerBoundary() {&#13;&#10;&#9;assertTrue(&quot;The lower boundary is out of the range&quot;, this.rangeC.contains(5));&#13;&#10;}&#13;&#10;&#9;&#13;&#10;//if the upper boundary is in the range &#13;&#10;@Test&#13;&#10;public void inUpperBoundary() {&#13;&#10;&#9;assertTrue(&quot;The upper Bound is out of the range&quot;, this.rangeC.contains(20));&#13;&#10;}&#13;&#10;&#9;&#13;&#10;//number in between the range&#13;&#10;@Test&#13;&#10;public void numberInRange() {&#13;&#10;&#9;assertTrue(&quot;The number is out of the range&quot;, this.rangeC.contains(10));&#13;&#10;}&#13;&#10;&#13;&#10;&#13;&#10;@After&#13;&#10;&#13;&#10;public void tearDown() throws Exception {&#13;&#10;&#13;&#10;}&#13;&#10;&#13;&#10;@AfterClass&#13;&#10;&#13;&#10;public static void tearDownAfterClass() throws Exception {&#13;&#10;&#13;&#10;}&#13;&#10;&#13;&#10;}" Filename="RangeTest.java" Intrnl_Id="5"/>
        <SrcFile Content="package org.jfree.data.test;&#10;&#10;import static org.junit.Assert.*;&#10;import org.junit.*;&#10;import org.jfree.data.DataUtilities;&#10;import org.jfree.data.Values2D;&#10;import org.jmock.Expectations;&#10;import org.jmock.Mockery;&#10;import java.security.InvalidParameterException;&#10;&#10;/**&#10; * Testing the calculateRowTotal function for DataUtilities class&#10; * Requires two arguments - data: Values2D and row: integer&#10; * Returns the total for that row&#10; * This is a public static method &#10; * @author Satyaki Ghosh&#10; */&#10;public class RowTotalTest {&#10;&#10;&#9;/**&#10;&#9; * Testing function when the data is null&#10;&#9; */&#10;&#9;@Test&#10;&#9;public void DataIsNull() { &#10;&#9;&#9;try {&#10;&#9;&#9;&#9;DataUtilities.calculateRowTotal(null, 0);&#9;&#9;&#10;&#9;&#9;&#9;fail(&quot;When Values2D is null, method should throw exception.&quot;);&#10;&#9;&#9;}&#10;&#9;&#9;catch(Exception err) {&#10;&#9;&#9;&#9;assertEquals(&quot;Exception thrown should be&quot;, InvalidParameterException.class, err.getClass());&#10;&#9;&#9;}&#10;&#9;}&#10;&#10;&#9;/**&#10;&#9; * Testing function when data is an empty array&#10;&#9; */&#10;&#9;@Test&#10;&#9;public void EmptyArray() {&#10;&#9;&#9;Mockery mockingContext = new Mockery(); &#10;&#9;&#9;final Values2D values = mockingContext.mock(Values2D.class);&#10;&#9;&#9;&#10;&#9;&#9;mockingContext.checking(new Expectations() { &#10;&#9;&#9;&#9;{&#10;&#9;&#9;&#9;&#9;one(values).getColumnCount(); &#10;&#9;&#9;&#9;&#9;will(returnValue(0));&#10;&#9;&#9;&#9;} &#10;&#9;&#9;});&#10;&#9;&#9;&#10;&#9;&#9;assertEquals(0, DataUtilities.calculateRowTotal(values, 0), .000000001d);&#10;&#9;}&#10;&#9;&#10;&#9;/**&#10;&#9; * Testing function when data is valid and row is zero&#10;&#9; */&#10;&#9;@Test&#10;&#9;public void NonEmptyArrayZeroRow() {&#10;&#9;&#9;Mockery mockingContext = new Mockery(); &#10;&#9;&#9;final Values2D values = mockingContext.mock(Values2D.class);&#10;&#9;&#9;&#10;&#9;&#9;mockingContext.checking(new Expectations() { &#10;&#9;&#9;&#9;{&#10;&#9;&#9;&#9;&#9;one(values).getColumnCount(); &#10;&#9;&#9;&#9;&#9;will(returnValue(3));&#10;&#9;&#9;&#9;&#9;&#10;&#9;&#9;&#9;&#9;one(values).getValue(0, 0);&#10;&#9;&#9;&#9;&#9;will(returnValue(1.0));&#10;&#9;&#9;&#9;&#9;&#10;&#9;&#9;&#9;&#9;one(values).getValue(0, 1); &#10;&#9;&#9;&#9;&#9;will(returnValue(2.0));&#10;&#9;&#9;&#9;&#9;&#10;&#9;&#9;&#9;&#9;one(values).getValue(0, 2); &#10;&#9;&#9;&#9;&#9;will(returnValue(3.0));&#10;&#10;&#9;&#9;&#9;} &#10;&#9;&#9;});&#10;&#9;&#9;&#10;&#9;&#9;assertEquals(6.0, DataUtilities.calculateRowTotal(values, 0), .000000001d);&#10;&#9;}&#10;&#9;&#10;&#9;/**&#10;&#9; * Testing function when data is valid and row is negative&#10;&#9; */&#10;&#9;@Test&#10;&#9;public void NonEmptyArrayNegRow() {&#10;&#9;&#9;Mockery mockingContext = new Mockery(); &#10;&#9;&#9;final Values2D values = mockingContext.mock(Values2D.class);&#10;&#9;&#9;&#10;&#9;&#9;mockingContext.checking(new Expectations() { &#10;&#9;&#9;&#9;{&#10;&#9;&#9;&#9;&#9;mockingContext.checking(new Expectations() { &#10;&#9;&#9;&#9;&#9;&#9;{&#10;&#9;&#9;&#9;&#9;&#9;&#9;one(values).getColumnCount(); &#10;&#9;&#9;&#9;&#9;&#9;&#9;will(returnValue(3));&#10;&#9;&#9;&#9;&#9;&#9;&#9;&#10;&#9;&#9;&#9;&#9;&#9;&#9;one(values).getValue(-1, 0);&#10;&#9;&#9;&#9;&#9;&#9;&#9;will(returnValue(null));&#10;&#9;&#9;&#9;&#9;&#9;&#9;&#10;&#9;&#9;&#9;&#9;&#9;&#9;one(values).getValue(-1, 1); &#10;&#9;&#9;&#9;&#9;&#9;&#9;will(returnValue(null));&#10;&#9;&#9;&#9;&#9;&#9;&#9;&#10;&#9;&#9;&#9;&#9;&#9;&#9;one(values).getValue(-1, 2); &#10;&#9;&#9;&#9;&#9;&#9;&#9;will(returnValue(null));&#10;&#10;&#9;&#9;&#9;&#9;&#9;} &#10;&#9;&#9;&#9;&#9;});&#10;&#9;&#9;&#9;} &#10;&#9;&#9;});&#10;&#9;&#9;&#10;&#9;&#9;assertEquals(0.0, DataUtilities.calculateRowTotal(values, -1), .000000001d);&#10;&#9;}&#10;&#9;&#10;&#9;/**&#10;&#9; * Testing function when data is valid and row is positive&#10;&#9; */&#10;&#9;@Test&#10;&#9;public void NonEmptyArrayPosRow() {&#10;&#9;&#9;Mockery mockingContext = new Mockery(); &#10;&#9;&#9;final Values2D values = mockingContext.mock(Values2D.class);&#10;&#9;&#9;&#10;&#9;&#9;mockingContext.checking(new Expectations() { &#10;&#9;&#9;&#9;{&#10;&#9;&#9;&#9;&#9;mockingContext.checking(new Expectations() { &#10;&#9;&#9;&#9;&#9;&#9;{&#10;&#9;&#9;&#9;&#9;&#9;&#9;one(values).getColumnCount(); &#10;&#9;&#9;&#9;&#9;&#9;&#9;will(returnValue(3));&#10;&#9;&#9;&#9;&#9;&#9;&#9;&#10;&#9;&#9;&#9;&#9;&#9;&#9;one(values).getValue(1, 0);&#10;&#9;&#9;&#9;&#9;&#9;&#9;will(returnValue(1.0));&#10;&#9;&#9;&#9;&#9;&#9;&#9;&#10;&#9;&#9;&#9;&#9;&#9;&#9;one(values).getValue(1, 1); &#10;&#9;&#9;&#9;&#9;&#9;&#9;will(returnValue(2.0));&#10;&#9;&#9;&#9;&#9;&#9;&#9;&#10;&#9;&#9;&#9;&#9;&#9;&#9;one(values).getValue(1, 2); &#10;&#9;&#9;&#9;&#9;&#9;&#9;will(returnValue(3.0));&#10;&#9;&#9;&#9;&#9;&#9;} &#10;&#9;&#9;&#9;&#9;});&#10;&#9;&#9;&#9;} &#10;&#9;&#9;});&#10;&#9;&#9;&#10;&#9;&#9;assertEquals(6.0, DataUtilities.calculateRowTotal(values, 1), .000000001d);&#10;&#9;}&#10;&#9;&#10;&#9;/**&#10;&#9; * Testing function when data is valid and row is out of bounds&#10;&#9; */&#10;&#9;@Test&#10;&#9;public void IndexOutOfBounds() {&#10;&#9;&#9;Mockery mockingContext = new Mockery(); &#10;&#9;&#9;final Values2D values = mockingContext.mock(Values2D.class);&#10;&#9;&#9;&#10;&#9;&#9;mockingContext.checking(new Expectations() { &#10;&#9;&#9;&#9;{&#10;&#9;&#9;&#9;&#9;mockingContext.checking(new Expectations() { &#10;&#9;&#9;&#9;&#9;&#9;{&#10;&#9;&#9;&#9;&#9;&#9;&#9;one(values).getColumnCount(); &#10;&#9;&#9;&#9;&#9;&#9;&#9;will(returnValue(2));&#10;&#9;&#9;&#9;&#9;&#9;&#9;&#10;&#9;&#9;&#9;&#9;&#9;&#9;one(values).getValue(2, 0);&#10;&#9;&#9;&#9;&#9;&#9;&#9;will(returnValue(null));&#10;&#9;&#9;&#9;&#9;&#9;&#9;&#10;&#9;&#9;&#9;&#9;&#9;&#9;one(values).getValue(2, 1); &#10;&#9;&#9;&#9;&#9;&#9;&#9;will(returnValue(null));&#9;&#9;&#9;&#9;&#9;&#9;&#10;&#9;&#9;&#9;&#9;&#9;} &#10;&#9;&#9;&#9;&#9;});&#10;&#9;&#9;&#9;} &#10;&#9;&#9;});&#10;&#9;&#9;&#9;&#9;&#10;&#9;&#9;assertEquals(0.0, DataUtilities.calculateRowTotal(values, 2), .000000001d);&#10;&#9;}&#10;}&#10;" Filename="RowTotalTest.java" Intrnl_Id="6"/>
    </SrcFileList>
    <CritList>
        <CritListEntry Name="org.codecover.model.utils.criteria.LoopCoverage" PluginName="org.codecover"/>
        <CritListEntry Name="org.codecover.model.utils.criteria.QMOCoverage" PluginName="org.codecover"/>
        <CritListEntry Name="org.codecover.model.utils.criteria.ConditionCoverage" PluginName="org.codecover"/>
        <CritListEntry Name="org.codecover.model.utils.criteria.BranchCoverage" PluginName="org.codecover"/>
        <CritListEntry Name="org.codecover.model.utils.criteria.SynchronizedStatementCoverage" PluginName="org.codecover"/>
        <CritListEntry Name="org.codecover.model.utils.criteria.StatementCoverage" PluginName="org.codecover"/>
    </CritList>
    <BoolOpList/>
    <HierarchyLvlTypeList>
        <HierarchyLvlType EnglishName="package" IntrnlName="package" Intrnl_Id="7"/>
        <HierarchyLvlType EnglishName="anonymous class" IntrnlName="class" Intrnl_Id="8"/>
        <HierarchyLvlType EnglishName="method" IntrnlName="method" Intrnl_Id="9"/>
        <HierarchyLvlType EnglishName="class" IntrnlName="class" Intrnl_Id="10"/>
        <HierarchyLvlType EnglishName="default package" IntrnlName="default package" Intrnl_Id="11"/>
    </HierarchyLvlTypeList>
    <MASTRoot>
        <HierarchyLvl HierarchyLvlId="8064" HierarchyLvlTypeId="11" Intrnl_Id="12" Name="default package">
            <Header/>
            <LocList/>
            <HierarchyLvl HierarchyLvlId="8063" HierarchyLvlTypeId="7" Intrnl_Id="13" Name="org">
                <Header/>
                <LocList/>
                <HierarchyLvl HierarchyLvlId="8062" HierarchyLvlTypeId="7" Intrnl_Id="14" Name="jfree">
                    <Header/>
                    <LocList/>
                    <HierarchyLvl HierarchyLvlId="8061" HierarchyLvlTypeId="7" Intrnl_Id="15" Name="data">
                        <Header/>
                        <LocList/>
                        <HierarchyLvl HierarchyLvlId="8060" HierarchyLvlTypeId="7" Intrnl_Id="16" Name="test">
                            <Header/>
                            <LocList/>
                            <HierarchyLvl HierarchyLvlId="7916" HierarchyLvlTypeId="10" Intrnl_Id="17" Name="ColumnTotalTest">
                                <Header>
                                    <Loc EndOffset="523" SrcFileId="1" StartOffset="495"/>
                                </Header>
                                <LocList>
                                    <Loc EndOffset="4065" SrcFileId="1" StartOffset="495"/>
                                </LocList>
                                <HierarchyLvl HierarchyLvlId="7902" HierarchyLvlTypeId="9" Intrnl_Id="18" Name="DataIsNull">
                                    <Header>
                                        <Loc EndOffset="613" SrcFileId="1" StartOffset="582"/>
                                    </Header>
                                    <LocList>
                                        <Loc EndOffset="872" SrcFileId="1" StartOffset="582"/>
                                    </LocList>
                                    <StmntSeq Intrnl_Id="19">
                                        <LocList>
                                            <Loc EndOffset="672" SrcFileId="1" StartOffset="628"/>
                                            <Loc EndOffset="740" SrcFileId="1" StartOffset="678"/>
                                            <Loc EndOffset="869" SrcFileId="1" StartOffset="619"/>
                                        </LocList>
                                        <BasicStmnt CovItemId="S2" CovItemPrefix="org.jfree.data.test.ColumnTotalTest.java" Intrnl_Id="20">
                                            <LocList>
                                                <Loc EndOffset="672" SrcFileId="1" StartOffset="628"/>
                                            </LocList>
                                        </BasicStmnt>
                                        <BasicStmnt CovItemId="S3" CovItemPrefix="org.jfree.data.test.ColumnTotalTest.java" Intrnl_Id="21">
                                            <LocList>
                                                <Loc EndOffset="740" SrcFileId="1" StartOffset="678"/>
                                            </LocList>
                                        </BasicStmnt>
                                        <CondStmnt CovItemId="S1" CovItemPrefix="org.jfree.data.test.ColumnTotalTest.java" Intrnl_Id="22">
                                            <Branch CovItemId="B1" CovItemPrefix="org.jfree.data.test.ColumnTotalTest.java" Implct="true" Intrnl_Id="23">
                                                <Cond/>
                                                <LocList/>
                                                <StmntSeq Intrnl_Id="24">
                                                    <LocList/>
                                                </StmntSeq>
                                            </Branch>
                                            <Branch CovItemId="B2" CovItemPrefix="org.jfree.data.test.ColumnTotalTest.java" Implct="false" Intrnl_Id="25">
                                                <Cond>
                                                    <Loc EndOffset="767" SrcFileId="1" StartOffset="747"/>
                                                </Cond>
                                                <LocList>
                                                    <Loc EndOffset="869" SrcFileId="1" StartOffset="768"/>
                                                </LocList>
                                                <StmntSeq Intrnl_Id="26">
                                                    <LocList>
                                                        <Loc EndOffset="865" SrcFileId="1" StartOffset="773"/>
                                                    </LocList>
                                                    <BasicStmnt CovItemId="S4" CovItemPrefix="org.jfree.data.test.ColumnTotalTest.java" Intrnl_Id="27">
                                                        <LocList>
                                                            <Loc EndOffset="865" SrcFileId="1" StartOffset="773"/>
                                                        </LocList>
                                                    </BasicStmnt>
                                                </StmntSeq>
                                            </Branch>
                                            <Keyword EndOffset="622" SrcFileId="1" StartOffset="619"/>
                                            <LocList>
                                                <Loc EndOffset="869" SrcFileId="1" StartOffset="619"/>
                                            </LocList>
                                        </CondStmnt>
                                    </StmntSeq>
                                </HierarchyLvl>
                                <HierarchyLvl HierarchyLvlId="7904" HierarchyLvlTypeId="9" Intrnl_Id="28" Name="EmptyArray">
                                    <Header>
                                        <Loc EndOffset="966" SrcFileId="1" StartOffset="935"/>
                                    </Header>
                                    <LocList>
                                        <Loc EndOffset="1285" SrcFileId="1" StartOffset="935"/>
                                    </LocList>
                                    <StmntSeq Intrnl_Id="29">
                                        <LocList>
                                            <Loc EndOffset="1010" SrcFileId="1" StartOffset="971"/>
                                            <Loc EndOffset="1074" SrcFileId="1" StartOffset="1014"/>
                                            <Loc EndOffset="1104" SrcFileId="1" StartOffset="1080"/>
                                            <Loc EndOffset="1200" SrcFileId="1" StartOffset="1198"/>
                                            <Loc EndOffset="1282" SrcFileId="1" StartOffset="1206"/>
                                        </LocList>
                                        <BasicStmnt CovItemId="S5" CovItemPrefix="org.jfree.data.test.ColumnTotalTest.java" Intrnl_Id="30">
                                            <LocList>
                                                <Loc EndOffset="1010" SrcFileId="1" StartOffset="971"/>
                                            </LocList>
                                        </BasicStmnt>
                                        <BasicStmnt CovItemId="S6" CovItemPrefix="org.jfree.data.test.ColumnTotalTest.java" Intrnl_Id="31">
                                            <LocList>
                                                <Loc EndOffset="1074" SrcFileId="1" StartOffset="1014"/>
                                            </LocList>
                                        </BasicStmnt>
                                        <BasicStmnt CovItemId="S7" CovItemPrefix="org.jfree.data.test.ColumnTotalTest.java" Intrnl_Id="32">
                                            <LocList>
                                                <Loc EndOffset="1104" SrcFileId="1" StartOffset="1080"/>
                                                <Loc EndOffset="1200" SrcFileId="1" StartOffset="1198"/>
                                            </LocList>
                                        </BasicStmnt>
                                        <BasicStmnt CovItemId="S10" CovItemPrefix="org.jfree.data.test.ColumnTotalTest.java" Intrnl_Id="33">
                                            <LocList>
                                                <Loc EndOffset="1282" SrcFileId="1" StartOffset="1206"/>
                                            </LocList>
                                        </BasicStmnt>
                                    </StmntSeq>
                                    <HierarchyLvl HierarchyLvlId="7903" HierarchyLvlTypeId="8" Intrnl_Id="34" Name="Expectations">
                                        <Header>
                                            <Loc EndOffset="1122" SrcFileId="1" StartOffset="1108"/>
                                        </Header>
                                        <LocList>
                                            <Loc EndOffset="1198" SrcFileId="1" StartOffset="1104"/>
                                        </LocList>
                                        <StmntSeq Intrnl_Id="35">
                                            <LocList>
                                                <Loc EndOffset="1161" SrcFileId="1" StartOffset="1135"/>
                                                <Loc EndOffset="1188" SrcFileId="1" StartOffset="1167"/>
                                            </LocList>
                                            <BasicStmnt CovItemId="S8" CovItemPrefix="org.jfree.data.test.ColumnTotalTest.java" Intrnl_Id="36">
                                                <LocList>
                                                    <Loc EndOffset="1161" SrcFileId="1" StartOffset="1135"/>
                                                </LocList>
                                            </BasicStmnt>
                                            <BasicStmnt CovItemId="S9" CovItemPrefix="org.jfree.data.test.ColumnTotalTest.java" Intrnl_Id="37">
                                                <LocList>
                                                    <Loc EndOffset="1188" SrcFileId="1" StartOffset="1167"/>
                                                </LocList>
                                            </BasicStmnt>
                                        </StmntSeq>
                                    </HierarchyLvl>
                                </HierarchyLvl>
                                <HierarchyLvl HierarchyLvlId="7906" HierarchyLvlTypeId="9" Intrnl_Id="38" Name="NonEmptyArrayZeroCol">
                                    <Header>
                                        <Loc EndOffset="1402" SrcFileId="1" StartOffset="1361"/>
                                    </Header>
                                    <LocList>
                                        <Loc EndOffset="1924" SrcFileId="1" StartOffset="1361"/>
                                    </LocList>
                                    <StmntSeq Intrnl_Id="39">
                                        <LocList>
                                            <Loc EndOffset="1446" SrcFileId="1" StartOffset="1407"/>
                                            <Loc EndOffset="1510" SrcFileId="1" StartOffset="1450"/>
                                            <Loc EndOffset="1540" SrcFileId="1" StartOffset="1516"/>
                                            <Loc EndOffset="1837" SrcFileId="1" StartOffset="1835"/>
                                            <Loc EndOffset="1921" SrcFileId="1" StartOffset="1843"/>
                                        </LocList>
                                        <BasicStmnt CovItemId="S11" CovItemPrefix="org.jfree.data.test.ColumnTotalTest.java" Intrnl_Id="40">
                                            <LocList>
                                                <Loc EndOffset="1446" SrcFileId="1" StartOffset="1407"/>
                                            </LocList>
                                        </BasicStmnt>
                                        <BasicStmnt CovItemId="S12" CovItemPrefix="org.jfree.data.test.ColumnTotalTest.java" Intrnl_Id="41">
                                            <LocList>
                                                <Loc EndOffset="1510" SrcFileId="1" StartOffset="1450"/>
                                            </LocList>
                                        </BasicStmnt>
                                        <BasicStmnt CovItemId="S13" CovItemPrefix="org.jfree.data.test.ColumnTotalTest.java" Intrnl_Id="42">
                                            <LocList>
                                                <Loc EndOffset="1540" SrcFileId="1" StartOffset="1516"/>
                                                <Loc EndOffset="1837" SrcFileId="1" StartOffset="1835"/>
                                            </LocList>
                                        </BasicStmnt>
                                        <BasicStmnt CovItemId="S22" CovItemPrefix="org.jfree.data.test.ColumnTotalTest.java" Intrnl_Id="43">
                                            <LocList>
                                                <Loc EndOffset="1921" SrcFileId="1" StartOffset="1843"/>
                                            </LocList>
                                        </BasicStmnt>
                                    </StmntSeq>
                                    <HierarchyLvl HierarchyLvlId="7905" HierarchyLvlTypeId="8" Intrnl_Id="44" Name="Expectations">
                                        <Header>
                                            <Loc EndOffset="1558" SrcFileId="1" StartOffset="1544"/>
                                        </Header>
                                        <LocList>
                                            <Loc EndOffset="1835" SrcFileId="1" StartOffset="1540"/>
                                        </LocList>
                                        <StmntSeq Intrnl_Id="45">
                                            <LocList>
                                                <Loc EndOffset="1597" SrcFileId="1" StartOffset="1571"/>
                                                <Loc EndOffset="1624" SrcFileId="1" StartOffset="1603"/>
                                                <Loc EndOffset="1661" SrcFileId="1" StartOffset="1634"/>
                                                <Loc EndOffset="1689" SrcFileId="1" StartOffset="1666"/>
                                                <Loc EndOffset="1726" SrcFileId="1" StartOffset="1699"/>
                                                <Loc EndOffset="1755" SrcFileId="1" StartOffset="1732"/>
                                                <Loc EndOffset="1792" SrcFileId="1" StartOffset="1765"/>
                                                <Loc EndOffset="1821" SrcFileId="1" StartOffset="1798"/>
                                            </LocList>
                                            <BasicStmnt CovItemId="S14" CovItemPrefix="org.jfree.data.test.ColumnTotalTest.java" Intrnl_Id="46">
                                                <LocList>
                                                    <Loc EndOffset="1597" SrcFileId="1" StartOffset="1571"/>
                                                </LocList>
                                            </BasicStmnt>
                                            <BasicStmnt CovItemId="S15" CovItemPrefix="org.jfree.data.test.ColumnTotalTest.java" Intrnl_Id="47">
                                                <LocList>
                                                    <Loc EndOffset="1624" SrcFileId="1" StartOffset="1603"/>
                                                </LocList>
                                            </BasicStmnt>
                                            <BasicStmnt CovItemId="S16" CovItemPrefix="org.jfree.data.test.ColumnTotalTest.java" Intrnl_Id="48">
                                                <LocList>
                                                    <Loc EndOffset="1661" SrcFileId="1" StartOffset="1634"/>
                                                </LocList>
                                            </BasicStmnt>
                                            <BasicStmnt CovItemId="S17" CovItemPrefix="org.jfree.data.test.ColumnTotalTest.java" Intrnl_Id="49">
                                                <LocList>
                                                    <Loc EndOffset="1689" SrcFileId="1" StartOffset="1666"/>
                                                </LocList>
                                            </BasicStmnt>
                                            <BasicStmnt CovItemId="S18" CovItemPrefix="org.jfree.data.test.ColumnTotalTest.java" Intrnl_Id="50">
                                                <LocList>
                                                    <Loc EndOffset="1726" SrcFileId="1" StartOffset="1699"/>
                                                </LocList>
                                            </BasicStmnt>
                                            <BasicStmnt CovItemId="S19" CovItemPrefix="org.jfree.data.test.ColumnTotalTest.java" Intrnl_Id="51">
                                                <LocList>
                                                    <Loc EndOffset="1755" SrcFileId="1" StartOffset="1732"/>
                                                </LocList>
                                            </BasicStmnt>
                                            <BasicStmnt CovItemId="S20" CovItemPrefix="org.jfree.data.test.ColumnTotalTest.java" Intrnl_Id="52">
                                                <LocList>
                                                    <Loc EndOffset="1792" SrcFileId="1" StartOffset="1765"/>
                                                </LocList>
                                            </BasicStmnt>
                                            <BasicStmnt CovItemId="S21" CovItemPrefix="org.jfree.data.test.ColumnTotalTest.java" Intrnl_Id="53">
                                                <LocList>
                                                    <Loc EndOffset="1821" SrcFileId="1" StartOffset="1798"/>
                                                </LocList>
                                            </BasicStmnt>
                                        </StmntSeq>
                                    </HierarchyLvl>
                                </HierarchyLvl>
                                <HierarchyLvl HierarchyLvlId="7909" HierarchyLvlTypeId="9" Intrnl_Id="54" Name="NonEmptyArrayNegCol">
                                    <Header>
                                        <Loc EndOffset="2041" SrcFileId="1" StartOffset="2001"/>
                                    </Header>
                                    <LocList>
                                        <Loc EndOffset="2662" SrcFileId="1" StartOffset="2001"/>
                                    </LocList>
                                    <StmntSeq Intrnl_Id="55">
                                        <LocList>
                                            <Loc EndOffset="2085" SrcFileId="1" StartOffset="2046"/>
                                            <Loc EndOffset="2149" SrcFileId="1" StartOffset="2089"/>
                                            <Loc EndOffset="2179" SrcFileId="1" StartOffset="2155"/>
                                            <Loc EndOffset="2574" SrcFileId="1" StartOffset="2572"/>
                                            <Loc EndOffset="2659" SrcFileId="1" StartOffset="2580"/>
                                        </LocList>
                                        <BasicStmnt CovItemId="S23" CovItemPrefix="org.jfree.data.test.ColumnTotalTest.java" Intrnl_Id="56">
                                            <LocList>
                                                <Loc EndOffset="2085" SrcFileId="1" StartOffset="2046"/>
                                            </LocList>
                                        </BasicStmnt>
                                        <BasicStmnt CovItemId="S24" CovItemPrefix="org.jfree.data.test.ColumnTotalTest.java" Intrnl_Id="57">
                                            <LocList>
                                                <Loc EndOffset="2149" SrcFileId="1" StartOffset="2089"/>
                                            </LocList>
                                        </BasicStmnt>
                                        <BasicStmnt CovItemId="S25" CovItemPrefix="org.jfree.data.test.ColumnTotalTest.java" Intrnl_Id="58">
                                            <LocList>
                                                <Loc EndOffset="2179" SrcFileId="1" StartOffset="2155"/>
                                                <Loc EndOffset="2574" SrcFileId="1" StartOffset="2572"/>
                                            </LocList>
                                        </BasicStmnt>
                                        <BasicStmnt CovItemId="S35" CovItemPrefix="org.jfree.data.test.ColumnTotalTest.java" Intrnl_Id="59">
                                            <LocList>
                                                <Loc EndOffset="2659" SrcFileId="1" StartOffset="2580"/>
                                            </LocList>
                                        </BasicStmnt>
                                    </StmntSeq>
                                    <HierarchyLvl HierarchyLvlId="7908" HierarchyLvlTypeId="8" Intrnl_Id="60" Name="Expectations">
                                        <Header>
                                            <Loc EndOffset="2197" SrcFileId="1" StartOffset="2183"/>
                                        </Header>
                                        <LocList>
                                            <Loc EndOffset="2572" SrcFileId="1" StartOffset="2179"/>
                                        </LocList>
                                        <StmntSeq Intrnl_Id="61">
                                            <LocList>
                                                <Loc EndOffset="2234" SrcFileId="1" StartOffset="2210"/>
                                                <Loc EndOffset="2562" SrcFileId="1" StartOffset="2560"/>
                                            </LocList>
                                            <BasicStmnt CovItemId="S26" CovItemPrefix="org.jfree.data.test.ColumnTotalTest.java" Intrnl_Id="62">
                                                <LocList>
                                                    <Loc EndOffset="2234" SrcFileId="1" StartOffset="2210"/>
                                                    <Loc EndOffset="2562" SrcFileId="1" StartOffset="2560"/>
                                                </LocList>
                                            </BasicStmnt>
                                        </StmntSeq>
                                        <HierarchyLvl HierarchyLvlId="7907" HierarchyLvlTypeId="8" Intrnl_Id="63" Name="Expectations">
                                            <Header>
                                                <Loc EndOffset="2252" SrcFileId="1" StartOffset="2238"/>
                                            </Header>
                                            <LocList>
                                                <Loc EndOffset="2560" SrcFileId="1" StartOffset="2234"/>
                                            </LocList>
                                            <StmntSeq Intrnl_Id="64">
                                                <LocList>
                                                    <Loc EndOffset="2295" SrcFileId="1" StartOffset="2269"/>
                                                    <Loc EndOffset="2324" SrcFileId="1" StartOffset="2303"/>
                                                    <Loc EndOffset="2366" SrcFileId="1" StartOffset="2338"/>
                                                    <Loc EndOffset="2397" SrcFileId="1" StartOffset="2373"/>
                                                    <Loc EndOffset="2439" SrcFileId="1" StartOffset="2411"/>
                                                    <Loc EndOffset="2471" SrcFileId="1" StartOffset="2447"/>
                                                    <Loc EndOffset="2513" SrcFileId="1" StartOffset="2485"/>
                                                    <Loc EndOffset="2545" SrcFileId="1" StartOffset="2521"/>
                                                </LocList>
                                                <BasicStmnt CovItemId="S27" CovItemPrefix="org.jfree.data.test.ColumnTotalTest.java" Intrnl_Id="65">
                                                    <LocList>
                                                        <Loc EndOffset="2295" SrcFileId="1" StartOffset="2269"/>
                                                    </LocList>
                                                </BasicStmnt>
                                                <BasicStmnt CovItemId="S28" CovItemPrefix="org.jfree.data.test.ColumnTotalTest.java" Intrnl_Id="66">
                                                    <LocList>
                                                        <Loc EndOffset="2324" SrcFileId="1" StartOffset="2303"/>
                                                    </LocList>
                                                </BasicStmnt>
                                                <BasicStmnt CovItemId="S29" CovItemPrefix="org.jfree.data.test.ColumnTotalTest.java" Intrnl_Id="67">
                                                    <LocList>
                                                        <Loc EndOffset="2366" SrcFileId="1" StartOffset="2338"/>
                                                    </LocList>
                                                </BasicStmnt>
                                                <BasicStmnt CovItemId="S30" CovItemPrefix="org.jfree.data.test.ColumnTotalTest.java" Intrnl_Id="68">
                                                    <LocList>
                                                        <Loc EndOffset="2397" SrcFileId="1" StartOffset="2373"/>
                                                    </LocList>
                                                </BasicStmnt>
                                                <BasicStmnt CovItemId="S31" CovItemPrefix="org.jfree.data.test.ColumnTotalTest.java" Intrnl_Id="69">
                                                    <LocList>
                                                        <Loc EndOffset="2439" SrcFileId="1" StartOffset="2411"/>
                                                    </LocList>
                                                </BasicStmnt>
                                                <BasicStmnt CovItemId="S32" CovItemPrefix="org.jfree.data.test.ColumnTotalTest.java" Intrnl_Id="70">
                                                    <LocList>
                                                        <Loc EndOffset="2471" SrcFileId="1" StartOffset="2447"/>
                                                    </LocList>
                                                </BasicStmnt>
                                                <BasicStmnt CovItemId="S33" CovItemPrefix="org.jfree.data.test.ColumnTotalTest.java" Intrnl_Id="71">
                                                    <LocList>
                                                        <Loc EndOffset="2513" SrcFileId="1" StartOffset="2485"/>
                                                    </LocList>
                                                </BasicStmnt>
                                                <BasicStmnt CovItemId="S34" CovItemPrefix="org.jfree.data.test.ColumnTotalTest.java" Intrnl_Id="72">
                                                    <LocList>
                                                        <Loc EndOffset="2545" SrcFileId="1" StartOffset="2521"/>
                                                    </LocList>
                                                </BasicStmnt>
                                            </StmntSeq>
                                        </HierarchyLvl>
                                    </HierarchyLvl>
                                </HierarchyLvl>
                                <HierarchyLvl HierarchyLvlId="7912" HierarchyLvlTypeId="9" Intrnl_Id="73" Name="NonEmptyArrayPosCol">
                                    <Header>
                                        <Loc EndOffset="2779" SrcFileId="1" StartOffset="2739"/>
                                    </Header>
                                    <LocList>
                                        <Loc EndOffset="3392" SrcFileId="1" StartOffset="2739"/>
                                    </LocList>
                                    <StmntSeq Intrnl_Id="74">
                                        <LocList>
                                            <Loc EndOffset="2823" SrcFileId="1" StartOffset="2784"/>
                                            <Loc EndOffset="2887" SrcFileId="1" StartOffset="2827"/>
                                            <Loc EndOffset="2917" SrcFileId="1" StartOffset="2893"/>
                                            <Loc EndOffset="3305" SrcFileId="1" StartOffset="3303"/>
                                            <Loc EndOffset="3389" SrcFileId="1" StartOffset="3311"/>
                                        </LocList>
                                        <BasicStmnt CovItemId="S36" CovItemPrefix="org.jfree.data.test.ColumnTotalTest.java" Intrnl_Id="75">
                                            <LocList>
                                                <Loc EndOffset="2823" SrcFileId="1" StartOffset="2784"/>
                                            </LocList>
                                        </BasicStmnt>
                                        <BasicStmnt CovItemId="S37" CovItemPrefix="org.jfree.data.test.ColumnTotalTest.java" Intrnl_Id="76">
                                            <LocList>
                                                <Loc EndOffset="2887" SrcFileId="1" StartOffset="2827"/>
                                            </LocList>
                                        </BasicStmnt>
                                        <BasicStmnt CovItemId="S38" CovItemPrefix="org.jfree.data.test.ColumnTotalTest.java" Intrnl_Id="77">
                                            <LocList>
                                                <Loc EndOffset="2917" SrcFileId="1" StartOffset="2893"/>
                                                <Loc EndOffset="3305" SrcFileId="1" StartOffset="3303"/>
                                            </LocList>
                                        </BasicStmnt>
                                        <BasicStmnt CovItemId="S48" CovItemPrefix="org.jfree.data.test.ColumnTotalTest.java" Intrnl_Id="78">
                                            <LocList>
                                                <Loc EndOffset="3389" SrcFileId="1" StartOffset="3311"/>
                                            </LocList>
                                        </BasicStmnt>
                                    </StmntSeq>
                                    <HierarchyLvl HierarchyLvlId="7911" HierarchyLvlTypeId="8" Intrnl_Id="79" Name="Expectations">
                                        <Header>
                                            <Loc EndOffset="2935" SrcFileId="1" StartOffset="2921"/>
                                        </Header>
                                        <LocList>
                                            <Loc EndOffset="3303" SrcFileId="1" StartOffset="2917"/>
                                        </LocList>
                                        <StmntSeq Intrnl_Id="80">
                                            <LocList>
                                                <Loc EndOffset="2972" SrcFileId="1" StartOffset="2948"/>
                                                <Loc EndOffset="3293" SrcFileId="1" StartOffset="3291"/>
                                            </LocList>
                                            <BasicStmnt CovItemId="S39" CovItemPrefix="org.jfree.data.test.ColumnTotalTest.java" Intrnl_Id="81">
                                                <LocList>
                                                    <Loc EndOffset="2972" SrcFileId="1" StartOffset="2948"/>
                                                    <Loc EndOffset="3293" SrcFileId="1" StartOffset="3291"/>
                                                </LocList>
                                            </BasicStmnt>
                                        </StmntSeq>
                                        <HierarchyLvl HierarchyLvlId="7910" HierarchyLvlTypeId="8" Intrnl_Id="82" Name="Expectations">
                                            <Header>
                                                <Loc EndOffset="2990" SrcFileId="1" StartOffset="2976"/>
                                            </Header>
                                            <LocList>
                                                <Loc EndOffset="3291" SrcFileId="1" StartOffset="2972"/>
                                            </LocList>
                                            <StmntSeq Intrnl_Id="83">
                                                <LocList>
                                                    <Loc EndOffset="3033" SrcFileId="1" StartOffset="3007"/>
                                                    <Loc EndOffset="3062" SrcFileId="1" StartOffset="3041"/>
                                                    <Loc EndOffset="3103" SrcFileId="1" StartOffset="3076"/>
                                                    <Loc EndOffset="3133" SrcFileId="1" StartOffset="3110"/>
                                                    <Loc EndOffset="3174" SrcFileId="1" StartOffset="3147"/>
                                                    <Loc EndOffset="3205" SrcFileId="1" StartOffset="3182"/>
                                                    <Loc EndOffset="3246" SrcFileId="1" StartOffset="3219"/>
                                                    <Loc EndOffset="3277" SrcFileId="1" StartOffset="3254"/>
                                                </LocList>
                                                <BasicStmnt CovItemId="S40" CovItemPrefix="org.jfree.data.test.ColumnTotalTest.java" Intrnl_Id="84">
                                                    <LocList>
                                                        <Loc EndOffset="3033" SrcFileId="1" StartOffset="3007"/>
                                                    </LocList>
                                                </BasicStmnt>
                                                <BasicStmnt CovItemId="S41" CovItemPrefix="org.jfree.data.test.ColumnTotalTest.java" Intrnl_Id="85">
                                                    <LocList>
                                                        <Loc EndOffset="3062" SrcFileId="1" StartOffset="3041"/>
                                                    </LocList>
                                                </BasicStmnt>
                                                <BasicStmnt CovItemId="S42" CovItemPrefix="org.jfree.data.test.ColumnTotalTest.java" Intrnl_Id="86">
                                                    <LocList>
                                                        <Loc EndOffset="3103" SrcFileId="1" StartOffset="3076"/>
                                                    </LocList>
                                                </BasicStmnt>
                                                <BasicStmnt CovItemId="S43" CovItemPrefix="org.jfree.data.test.ColumnTotalTest.java" Intrnl_Id="87">
                                                    <LocList>
                                                        <Loc EndOffset="3133" SrcFileId="1" StartOffset="3110"/>
                                                    </LocList>
                                                </BasicStmnt>
                                                <BasicStmnt CovItemId="S44" CovItemPrefix="org.jfree.data.test.ColumnTotalTest.java" Intrnl_Id="88">
                                                    <LocList>
                                                        <Loc EndOffset="3174" SrcFileId="1" StartOffset="3147"/>
                                                    </LocList>
                                                </BasicStmnt>
                                                <BasicStmnt CovItemId="S45" CovItemPrefix="org.jfree.data.test.ColumnTotalTest.java" Intrnl_Id="89">
                                                    <LocList>
                                                        <Loc EndOffset="3205" SrcFileId="1" StartOffset="3182"/>
                                                    </LocList>
                                                </BasicStmnt>
                                                <BasicStmnt CovItemId="S46" CovItemPrefix="org.jfree.data.test.ColumnTotalTest.java" Intrnl_Id="90">
                                                    <LocList>
                                                        <Loc EndOffset="3246" SrcFileId="1" StartOffset="3219"/>
                                                    </LocList>
                                                </BasicStmnt>
                                                <BasicStmnt CovItemId="S47" CovItemPrefix="org.jfree.data.test.ColumnTotalTest.java" Intrnl_Id="91">
                                                    <LocList>
                                                        <Loc EndOffset="3277" SrcFileId="1" StartOffset="3254"/>
                                                    </LocList>
                                                </BasicStmnt>
                                            </StmntSeq>
                                        </HierarchyLvl>
                                    </HierarchyLvl>
                                </HierarchyLvl>
                                <HierarchyLvl HierarchyLvlId="7915" HierarchyLvlTypeId="9" Intrnl_Id="92" Name="IndexOutOfBounds">
                                    <Header>
                                        <Loc EndOffset="3511" SrcFileId="1" StartOffset="3474"/>
                                    </Header>
                                    <LocList>
                                        <Loc EndOffset="4063" SrcFileId="1" StartOffset="3474"/>
                                    </LocList>
                                    <StmntSeq Intrnl_Id="93">
                                        <LocList>
                                            <Loc EndOffset="3555" SrcFileId="1" StartOffset="3516"/>
                                            <Loc EndOffset="3619" SrcFileId="1" StartOffset="3559"/>
                                            <Loc EndOffset="3649" SrcFileId="1" StartOffset="3625"/>
                                            <Loc EndOffset="3974" SrcFileId="1" StartOffset="3972"/>
                                            <Loc EndOffset="4060" SrcFileId="1" StartOffset="3982"/>
                                        </LocList>
                                        <BasicStmnt CovItemId="S49" CovItemPrefix="org.jfree.data.test.ColumnTotalTest.java" Intrnl_Id="94">
                                            <LocList>
                                                <Loc EndOffset="3555" SrcFileId="1" StartOffset="3516"/>
                                            </LocList>
                                        </BasicStmnt>
                                        <BasicStmnt CovItemId="S50" CovItemPrefix="org.jfree.data.test.ColumnTotalTest.java" Intrnl_Id="95">
                                            <LocList>
                                                <Loc EndOffset="3619" SrcFileId="1" StartOffset="3559"/>
                                            </LocList>
                                        </BasicStmnt>
                                        <BasicStmnt CovItemId="S51" CovItemPrefix="org.jfree.data.test.ColumnTotalTest.java" Intrnl_Id="96">
                                            <LocList>
                                                <Loc EndOffset="3649" SrcFileId="1" StartOffset="3625"/>
                                                <Loc EndOffset="3974" SrcFileId="1" StartOffset="3972"/>
                                            </LocList>
                                        </BasicStmnt>
                                        <BasicStmnt CovItemId="S59" CovItemPrefix="org.jfree.data.test.ColumnTotalTest.java" Intrnl_Id="97">
                                            <LocList>
                                                <Loc EndOffset="4060" SrcFileId="1" StartOffset="3982"/>
                                            </LocList>
                                        </BasicStmnt>
                                    </StmntSeq>
                                    <HierarchyLvl HierarchyLvlId="7914" HierarchyLvlTypeId="8" Intrnl_Id="98" Name="Expectations">
                                        <Header>
                                            <Loc EndOffset="3667" SrcFileId="1" StartOffset="3653"/>
                                        </Header>
                                        <LocList>
                                            <Loc EndOffset="3972" SrcFileId="1" StartOffset="3649"/>
                                        </LocList>
                                        <StmntSeq Intrnl_Id="99">
                                            <LocList>
                                                <Loc EndOffset="3704" SrcFileId="1" StartOffset="3680"/>
                                                <Loc EndOffset="3962" SrcFileId="1" StartOffset="3960"/>
                                            </LocList>
                                            <BasicStmnt CovItemId="S52" CovItemPrefix="org.jfree.data.test.ColumnTotalTest.java" Intrnl_Id="100">
                                                <LocList>
                                                    <Loc EndOffset="3704" SrcFileId="1" StartOffset="3680"/>
                                                    <Loc EndOffset="3962" SrcFileId="1" StartOffset="3960"/>
                                                </LocList>
                                            </BasicStmnt>
                                        </StmntSeq>
                                        <HierarchyLvl HierarchyLvlId="7913" HierarchyLvlTypeId="8" Intrnl_Id="101" Name="Expectations">
                                            <Header>
                                                <Loc EndOffset="3722" SrcFileId="1" StartOffset="3708"/>
                                            </Header>
                                            <LocList>
                                                <Loc EndOffset="3960" SrcFileId="1" StartOffset="3704"/>
                                            </LocList>
                                            <StmntSeq Intrnl_Id="102">
                                                <LocList>
                                                    <Loc EndOffset="3765" SrcFileId="1" StartOffset="3739"/>
                                                    <Loc EndOffset="3794" SrcFileId="1" StartOffset="3773"/>
                                                    <Loc EndOffset="3835" SrcFileId="1" StartOffset="3808"/>
                                                    <Loc EndOffset="3866" SrcFileId="1" StartOffset="3842"/>
                                                    <Loc EndOffset="3907" SrcFileId="1" StartOffset="3880"/>
                                                    <Loc EndOffset="3939" SrcFileId="1" StartOffset="3915"/>
                                                </LocList>
                                                <BasicStmnt CovItemId="S53" CovItemPrefix="org.jfree.data.test.ColumnTotalTest.java" Intrnl_Id="103">
                                                    <LocList>
                                                        <Loc EndOffset="3765" SrcFileId="1" StartOffset="3739"/>
                                                    </LocList>
                                                </BasicStmnt>
                                                <BasicStmnt CovItemId="S54" CovItemPrefix="org.jfree.data.test.ColumnTotalTest.java" Intrnl_Id="104">
                                                    <LocList>
                                                        <Loc EndOffset="3794" SrcFileId="1" StartOffset="3773"/>
                                                    </LocList>
                                                </BasicStmnt>
                                                <BasicStmnt CovItemId="S55" CovItemPrefix="org.jfree.data.test.ColumnTotalTest.java" Intrnl_Id="105">
                                                    <LocList>
                                                        <Loc EndOffset="3835" SrcFileId="1" StartOffset="3808"/>
                                                    </LocList>
                                                </BasicStmnt>
                                                <BasicStmnt CovItemId="S56" CovItemPrefix="org.jfree.data.test.ColumnTotalTest.java" Intrnl_Id="106">
                                                    <LocList>
                                                        <Loc EndOffset="3866" SrcFileId="1" StartOffset="3842"/>
                                                    </LocList>
                                                </BasicStmnt>
                                                <BasicStmnt CovItemId="S57" CovItemPrefix="org.jfree.data.test.ColumnTotalTest.java" Intrnl_Id="107">
                                                    <LocList>
                                                        <Loc EndOffset="3907" SrcFileId="1" StartOffset="3880"/>
                                                    </LocList>
                                                </BasicStmnt>
                                                <BasicStmnt CovItemId="S58" CovItemPrefix="org.jfree.data.test.ColumnTotalTest.java" Intrnl_Id="108">
                                                    <LocList>
                                                        <Loc EndOffset="3939" SrcFileId="1" StartOffset="3915"/>
                                                    </LocList>
                                                </BasicStmnt>
                                            </StmntSeq>
                                        </HierarchyLvl>
                                    </HierarchyLvl>
                                </HierarchyLvl>
                            </HierarchyLvl>
                            <HierarchyLvl HierarchyLvlId="7919" HierarchyLvlTypeId="10" Intrnl_Id="109" Name="CreateNumberArray2DTest">
                                <Header>
                                    <Loc EndOffset="319" SrcFileId="2" StartOffset="283"/>
                                </Header>
                                <LocList>
                                    <Loc EndOffset="1542" SrcFileId="2" StartOffset="283"/>
                                </LocList>
                                <StmntSeq Intrnl_Id="110">
                                    <LocList>
                                        <Loc EndOffset="455" SrcFileId="2" StartOffset="325"/>
                                        <Loc EndOffset="588" SrcFileId="2" StartOffset="459"/>
                                    </LocList>
                                    <BasicStmnt CovItemId="S1" CovItemPrefix="org.jfree.data.test.CreateNumberArray2DTest.java" Intrnl_Id="111">
                                        <LocList>
                                            <Loc EndOffset="455" SrcFileId="2" StartOffset="325"/>
                                        </LocList>
                                    </BasicStmnt>
                                    <BasicStmnt CovItemId="S2" CovItemPrefix="org.jfree.data.test.CreateNumberArray2DTest.java" Intrnl_Id="112">
                                        <LocList>
                                            <Loc EndOffset="588" SrcFileId="2" StartOffset="459"/>
                                        </LocList>
                                    </BasicStmnt>
                                </StmntSeq>
                                <HierarchyLvl HierarchyLvlId="7917" HierarchyLvlTypeId="9" Intrnl_Id="113" Name="createNumberArray2DWithNullTest">
                                    <Header>
                                        <Loc EndOffset="821" SrcFileId="2" StartOffset="769"/>
                                    </Header>
                                    <LocList>
                                        <Loc EndOffset="1091" SrcFileId="2" StartOffset="769"/>
                                    </LocList>
                                    <StmntSeq Intrnl_Id="114">
                                        <LocList>
                                            <Loc EndOffset="889" SrcFileId="2" StartOffset="835"/>
                                            <Loc EndOffset="933" SrcFileId="2" StartOffset="893"/>
                                            <Loc EndOffset="1088" SrcFileId="2" StartOffset="826"/>
                                        </LocList>
                                        <BasicStmnt CovItemId="S4" CovItemPrefix="org.jfree.data.test.CreateNumberArray2DTest.java" Intrnl_Id="115">
                                            <LocList>
                                                <Loc EndOffset="889" SrcFileId="2" StartOffset="835"/>
                                            </LocList>
                                        </BasicStmnt>
                                        <BasicStmnt CovItemId="S5" CovItemPrefix="org.jfree.data.test.CreateNumberArray2DTest.java" Intrnl_Id="116">
                                            <LocList>
                                                <Loc EndOffset="933" SrcFileId="2" StartOffset="893"/>
                                            </LocList>
                                        </BasicStmnt>
                                        <CondStmnt CovItemId="S3" CovItemPrefix="org.jfree.data.test.CreateNumberArray2DTest.java" Intrnl_Id="117">
                                            <Branch CovItemId="B1" CovItemPrefix="org.jfree.data.test.CreateNumberArray2DTest.java" Implct="true" Intrnl_Id="118">
                                                <Cond/>
                                                <LocList/>
                                                <StmntSeq Intrnl_Id="119">
                                                    <LocList/>
                                                </StmntSeq>
                                            </Branch>
                                            <Branch CovItemId="B2" CovItemPrefix="org.jfree.data.test.CreateNumberArray2DTest.java" Implct="false" Intrnl_Id="120">
                                                <Cond>
                                                    <Loc EndOffset="958" SrcFileId="2" StartOffset="940"/>
                                                </Cond>
                                                <LocList>
                                                    <Loc EndOffset="1088" SrcFileId="2" StartOffset="959"/>
                                                </LocList>
                                                <StmntSeq Intrnl_Id="121">
                                                    <LocList>
                                                        <Loc EndOffset="1084" SrcFileId="2" StartOffset="964"/>
                                                    </LocList>
                                                    <BasicStmnt CovItemId="S6" CovItemPrefix="org.jfree.data.test.CreateNumberArray2DTest.java" Intrnl_Id="122">
                                                        <LocList>
                                                            <Loc EndOffset="1084" SrcFileId="2" StartOffset="964"/>
                                                        </LocList>
                                                    </BasicStmnt>
                                                </StmntSeq>
                                            </Branch>
                                            <Keyword EndOffset="829" SrcFileId="2" StartOffset="826"/>
                                            <LocList>
                                                <Loc EndOffset="1088" SrcFileId="2" StartOffset="826"/>
                                            </LocList>
                                        </CondStmnt>
                                    </StmntSeq>
                                </HierarchyLvl>
                                <HierarchyLvl HierarchyLvlId="7918" HierarchyLvlTypeId="9" Intrnl_Id="123" Name="createNumberArray2DWithValid2DArrayOfDoublesTest">
                                    <Header>
                                        <Loc EndOffset="1308" SrcFileId="2" StartOffset="1239"/>
                                    </Header>
                                    <LocList>
                                        <Loc EndOffset="1539" SrcFileId="2" StartOffset="1239"/>
                                    </LocList>
                                    <StmntSeq Intrnl_Id="124">
                                        <LocList>
                                            <Loc EndOffset="1375" SrcFileId="2" StartOffset="1313"/>
                                            <Loc EndOffset="1536" SrcFileId="2" StartOffset="1378"/>
                                        </LocList>
                                        <BasicStmnt CovItemId="S7" CovItemPrefix="org.jfree.data.test.CreateNumberArray2DTest.java" Intrnl_Id="125">
                                            <LocList>
                                                <Loc EndOffset="1375" SrcFileId="2" StartOffset="1313"/>
                                            </LocList>
                                        </BasicStmnt>
                                        <BasicStmnt CovItemId="S8" CovItemPrefix="org.jfree.data.test.CreateNumberArray2DTest.java" Intrnl_Id="126">
                                            <LocList>
                                                <Loc EndOffset="1536" SrcFileId="2" StartOffset="1378"/>
                                            </LocList>
                                        </BasicStmnt>
                                    </StmntSeq>
                                </HierarchyLvl>
                            </HierarchyLvl>
                            <HierarchyLvl HierarchyLvlId="7922" HierarchyLvlTypeId="10" Intrnl_Id="127" Name="CreateNumberArrayTest">
                                <Header>
                                    <Loc EndOffset="421" SrcFileId="3" StartOffset="387"/>
                                </Header>
                                <LocList>
                                    <Loc EndOffset="1502" SrcFileId="3" StartOffset="387"/>
                                </LocList>
                                <StmntSeq Intrnl_Id="128">
                                    <LocList>
                                        <Loc EndOffset="485" SrcFileId="3" StartOffset="426"/>
                                        <Loc EndOffset="546" SrcFileId="3" StartOffset="487"/>
                                    </LocList>
                                    <BasicStmnt CovItemId="S1" CovItemPrefix="org.jfree.data.test.CreateNumberArrayTest.java" Intrnl_Id="129">
                                        <LocList>
                                            <Loc EndOffset="485" SrcFileId="3" StartOffset="426"/>
                                        </LocList>
                                    </BasicStmnt>
                                    <BasicStmnt CovItemId="S2" CovItemPrefix="org.jfree.data.test.CreateNumberArrayTest.java" Intrnl_Id="130">
                                        <LocList>
                                            <Loc EndOffset="546" SrcFileId="3" StartOffset="487"/>
                                        </LocList>
                                    </BasicStmnt>
                                </StmntSeq>
                                <HierarchyLvl HierarchyLvlId="7920" HierarchyLvlTypeId="9" Intrnl_Id="131" Name="createNumberArrayWithNullTest">
                                    <Header>
                                        <Loc EndOffset="773" SrcFileId="3" StartOffset="723"/>
                                    </Header>
                                    <LocList>
                                        <Loc EndOffset="1040" SrcFileId="3" StartOffset="723"/>
                                    </LocList>
                                    <StmntSeq Intrnl_Id="132">
                                        <LocList>
                                            <Loc EndOffset="839" SrcFileId="3" StartOffset="787"/>
                                            <Loc EndOffset="882" SrcFileId="3" StartOffset="843"/>
                                            <Loc EndOffset="1037" SrcFileId="3" StartOffset="778"/>
                                        </LocList>
                                        <BasicStmnt CovItemId="S4" CovItemPrefix="org.jfree.data.test.CreateNumberArrayTest.java" Intrnl_Id="133">
                                            <LocList>
                                                <Loc EndOffset="839" SrcFileId="3" StartOffset="787"/>
                                            </LocList>
                                        </BasicStmnt>
                                        <BasicStmnt CovItemId="S5" CovItemPrefix="org.jfree.data.test.CreateNumberArrayTest.java" Intrnl_Id="134">
                                            <LocList>
                                                <Loc EndOffset="882" SrcFileId="3" StartOffset="843"/>
                                            </LocList>
                                        </BasicStmnt>
                                        <CondStmnt CovItemId="S3" CovItemPrefix="org.jfree.data.test.CreateNumberArrayTest.java" Intrnl_Id="135">
                                            <Branch CovItemId="B1" CovItemPrefix="org.jfree.data.test.CreateNumberArrayTest.java" Implct="true" Intrnl_Id="136">
                                                <Cond/>
                                                <LocList/>
                                                <StmntSeq Intrnl_Id="137">
                                                    <LocList/>
                                                </StmntSeq>
                                            </Branch>
                                            <Branch CovItemId="B2" CovItemPrefix="org.jfree.data.test.CreateNumberArrayTest.java" Implct="false" Intrnl_Id="138">
                                                <Cond>
                                                    <Loc EndOffset="907" SrcFileId="3" StartOffset="889"/>
                                                </Cond>
                                                <LocList>
                                                    <Loc EndOffset="1037" SrcFileId="3" StartOffset="908"/>
                                                </LocList>
                                                <StmntSeq Intrnl_Id="139">
                                                    <LocList>
                                                        <Loc EndOffset="1033" SrcFileId="3" StartOffset="913"/>
                                                    </LocList>
                                                    <BasicStmnt CovItemId="S6" CovItemPrefix="org.jfree.data.test.CreateNumberArrayTest.java" Intrnl_Id="140">
                                                        <LocList>
                                                            <Loc EndOffset="1033" SrcFileId="3" StartOffset="913"/>
                                                        </LocList>
                                                    </BasicStmnt>
                                                </StmntSeq>
                                            </Branch>
                                            <Keyword EndOffset="781" SrcFileId="3" StartOffset="778"/>
                                            <LocList>
                                                <Loc EndOffset="1037" SrcFileId="3" StartOffset="778"/>
                                            </LocList>
                                        </CondStmnt>
                                    </StmntSeq>
                                </HierarchyLvl>
                                <HierarchyLvl HierarchyLvlId="7921" HierarchyLvlTypeId="9" Intrnl_Id="141" Name="createNumberArrayWithValidDoubleArrayTest">
                                    <Header>
                                        <Loc EndOffset="1278" SrcFileId="3" StartOffset="1215"/>
                                    </Header>
                                    <LocList>
                                        <Loc EndOffset="1498" SrcFileId="3" StartOffset="1215"/>
                                    </LocList>
                                    <StmntSeq Intrnl_Id="142">
                                        <LocList>
                                            <Loc EndOffset="1343" SrcFileId="3" StartOffset="1283"/>
                                            <Loc EndOffset="1495" SrcFileId="3" StartOffset="1346"/>
                                        </LocList>
                                        <BasicStmnt CovItemId="S7" CovItemPrefix="org.jfree.data.test.CreateNumberArrayTest.java" Intrnl_Id="143">
                                            <LocList>
                                                <Loc EndOffset="1343" SrcFileId="3" StartOffset="1283"/>
                                            </LocList>
                                        </BasicStmnt>
                                        <BasicStmnt CovItemId="S8" CovItemPrefix="org.jfree.data.test.CreateNumberArrayTest.java" Intrnl_Id="144">
                                            <LocList>
                                                <Loc EndOffset="1495" SrcFileId="3" StartOffset="1346"/>
                                            </LocList>
                                        </BasicStmnt>
                                    </StmntSeq>
                                </HierarchyLvl>
                            </HierarchyLvl>
                            <HierarchyLvl HierarchyLvlId="7957" HierarchyLvlTypeId="10" Intrnl_Id="145" Name="DataUtilitesTest">
                                <Header>
                                    <Loc EndOffset="475" SrcFileId="4" StartOffset="424"/>
                                </Header>
                                <LocList>
                                    <Loc EndOffset="13750" SrcFileId="4" StartOffset="424"/>
                                </LocList>
                                <HierarchyLvl HierarchyLvlId="7923" HierarchyLvlTypeId="9" Intrnl_Id="146" Name="setUpBeforeClass">
                                    <Header>
                                        <Loc EndOffset="611" SrcFileId="4" StartOffset="542"/>
                                    </Header>
                                    <LocList>
                                        <Loc EndOffset="617" SrcFileId="4" StartOffset="542"/>
                                    </LocList>
                                </HierarchyLvl>
                                <HierarchyLvl HierarchyLvlId="7924" HierarchyLvlTypeId="9" Intrnl_Id="147" Name="setUp">
                                    <Header>
                                        <Loc EndOffset="669" SrcFileId="4" StartOffset="623"/>
                                    </Header>
                                    <LocList>
                                        <Loc EndOffset="772" SrcFileId="4" StartOffset="623"/>
                                    </LocList>
                                    <StmntSeq Intrnl_Id="148">
                                        <LocList>
                                            <Loc EndOffset="707" SrcFileId="4" StartOffset="676"/>
                                            <Loc EndOffset="760" SrcFileId="4" StartOffset="715"/>
                                        </LocList>
                                        <BasicStmnt CovItemId="S1" CovItemPrefix="org.jfree.data.test.DataUtilitesTest.java" Intrnl_Id="149">
                                            <LocList>
                                                <Loc EndOffset="707" SrcFileId="4" StartOffset="676"/>
                                            </LocList>
                                        </BasicStmnt>
                                        <BasicStmnt CovItemId="S2" CovItemPrefix="org.jfree.data.test.DataUtilitesTest.java" Intrnl_Id="150">
                                            <LocList>
                                                <Loc EndOffset="760" SrcFileId="4" StartOffset="715"/>
                                            </LocList>
                                        </BasicStmnt>
                                    </StmntSeq>
                                </HierarchyLvl>
                                <HierarchyLvl HierarchyLvlId="7926" HierarchyLvlTypeId="9" Intrnl_Id="151" Name="calculateColumnTotalForThreeRows">
                                    <Header>
                                        <Loc EndOffset="925" SrcFileId="4" StartOffset="871"/>
                                    </Header>
                                    <LocList>
                                        <Loc EndOffset="1562" SrcFileId="4" StartOffset="871"/>
                                    </LocList>
                                    <StmntSeq Intrnl_Id="152">
                                        <LocList>
                                            <Loc EndOffset="984" SrcFileId="4" StartOffset="960"/>
                                            <Loc EndOffset="1369" SrcFileId="4" StartOffset="1367"/>
                                            <Loc EndOffset="1456" SrcFileId="4" StartOffset="1394"/>
                                            <Loc EndOffset="1513" SrcFileId="4" StartOffset="1479"/>
                                        </LocList>
                                        <BasicStmnt CovItemId="S3" CovItemPrefix="org.jfree.data.test.DataUtilitesTest.java" Intrnl_Id="153">
                                            <LocList>
                                                <Loc EndOffset="984" SrcFileId="4" StartOffset="960"/>
                                                <Loc EndOffset="1369" SrcFileId="4" StartOffset="1367"/>
                                            </LocList>
                                        </BasicStmnt>
                                        <BasicStmnt CovItemId="S12" CovItemPrefix="org.jfree.data.test.DataUtilitesTest.java" Intrnl_Id="154">
                                            <LocList>
                                                <Loc EndOffset="1456" SrcFileId="4" StartOffset="1394"/>
                                            </LocList>
                                        </BasicStmnt>
                                        <BasicStmnt CovItemId="S13" CovItemPrefix="org.jfree.data.test.DataUtilitesTest.java" Intrnl_Id="155">
                                            <LocList>
                                                <Loc EndOffset="1513" SrcFileId="4" StartOffset="1479"/>
                                            </LocList>
                                        </BasicStmnt>
                                    </StmntSeq>
                                    <HierarchyLvl HierarchyLvlId="7925" HierarchyLvlTypeId="8" Intrnl_Id="156" Name="Expectations">
                                        <Header>
                                            <Loc EndOffset="1002" SrcFileId="4" StartOffset="988"/>
                                        </Header>
                                        <LocList>
                                            <Loc EndOffset="1367" SrcFileId="4" StartOffset="984"/>
                                        </LocList>
                                        <StmntSeq Intrnl_Id="157">
                                            <LocList>
                                                <Loc EndOffset="1057" SrcFileId="4" StartOffset="1031"/>
                                                <Loc EndOffset="1093" SrcFileId="4" StartOffset="1072"/>
                                                <Loc EndOffset="1135" SrcFileId="4" StartOffset="1108"/>
                                                <Loc EndOffset="1173" SrcFileId="4" StartOffset="1150"/>
                                                <Loc EndOffset="1215" SrcFileId="4" StartOffset="1188"/>
                                                <Loc EndOffset="1253" SrcFileId="4" StartOffset="1230"/>
                                                <Loc EndOffset="1295" SrcFileId="4" StartOffset="1268"/>
                                                <Loc EndOffset="1332" SrcFileId="4" StartOffset="1310"/>
                                            </LocList>
                                            <BasicStmnt CovItemId="S4" CovItemPrefix="org.jfree.data.test.DataUtilitesTest.java" Intrnl_Id="158">
                                                <LocList>
                                                    <Loc EndOffset="1057" SrcFileId="4" StartOffset="1031"/>
                                                </LocList>
                                            </BasicStmnt>
                                            <BasicStmnt CovItemId="S5" CovItemPrefix="org.jfree.data.test.DataUtilitesTest.java" Intrnl_Id="159">
                                                <LocList>
                                                    <Loc EndOffset="1093" SrcFileId="4" StartOffset="1072"/>
                                                </LocList>
                                            </BasicStmnt>
                                            <BasicStmnt CovItemId="S6" CovItemPrefix="org.jfree.data.test.DataUtilitesTest.java" Intrnl_Id="160">
                                                <LocList>
                                                    <Loc EndOffset="1135" SrcFileId="4" StartOffset="1108"/>
                                                </LocList>
                                            </BasicStmnt>
                                            <BasicStmnt CovItemId="S7" CovItemPrefix="org.jfree.data.test.DataUtilitesTest.java" Intrnl_Id="161">
                                                <LocList>
                                                    <Loc EndOffset="1173" SrcFileId="4" StartOffset="1150"/>
                                                </LocList>
                                            </BasicStmnt>
                                            <BasicStmnt CovItemId="S8" CovItemPrefix="org.jfree.data.test.DataUtilitesTest.java" Intrnl_Id="162">
                                                <LocList>
                                                    <Loc EndOffset="1215" SrcFileId="4" StartOffset="1188"/>
                                                </LocList>
                                            </BasicStmnt>
                                            <BasicStmnt CovItemId="S9" CovItemPrefix="org.jfree.data.test.DataUtilitesTest.java" Intrnl_Id="163">
                                                <LocList>
                                                    <Loc EndOffset="1253" SrcFileId="4" StartOffset="1230"/>
                                                </LocList>
                                            </BasicStmnt>
                                            <BasicStmnt CovItemId="S10" CovItemPrefix="org.jfree.data.test.DataUtilitesTest.java" Intrnl_Id="164">
                                                <LocList>
                                                    <Loc EndOffset="1295" SrcFileId="4" StartOffset="1268"/>
                                                </LocList>
                                            </BasicStmnt>
                                            <BasicStmnt CovItemId="S11" CovItemPrefix="org.jfree.data.test.DataUtilitesTest.java" Intrnl_Id="165">
                                                <LocList>
                                                    <Loc EndOffset="1332" SrcFileId="4" StartOffset="1310"/>
                                                </LocList>
                                            </BasicStmnt>
                                        </StmntSeq>
                                    </HierarchyLvl>
                                </HierarchyLvl>
                                <HierarchyLvl HierarchyLvlId="7928" HierarchyLvlTypeId="9" Intrnl_Id="166" Name="calculateColumnTotalForMutipleColumns">
                                    <Header>
                                        <Loc EndOffset="1681" SrcFileId="4" StartOffset="1622"/>
                                    </Header>
                                    <LocList>
                                        <Loc EndOffset="2700" SrcFileId="4" StartOffset="1622"/>
                                    </LocList>
                                    <StmntSeq Intrnl_Id="167">
                                        <LocList>
                                            <Loc EndOffset="1721" SrcFileId="4" StartOffset="1697"/>
                                            <Loc EndOffset="2498" SrcFileId="4" StartOffset="2496"/>
                                            <Loc EndOffset="2592" SrcFileId="4" StartOffset="2530"/>
                                            <Loc EndOffset="2651" SrcFileId="4" StartOffset="2615"/>
                                        </LocList>
                                        <BasicStmnt CovItemId="S14" CovItemPrefix="org.jfree.data.test.DataUtilitesTest.java" Intrnl_Id="168">
                                            <LocList>
                                                <Loc EndOffset="1721" SrcFileId="4" StartOffset="1697"/>
                                                <Loc EndOffset="2498" SrcFileId="4" StartOffset="2496"/>
                                            </LocList>
                                        </BasicStmnt>
                                        <BasicStmnt CovItemId="S30" CovItemPrefix="org.jfree.data.test.DataUtilitesTest.java" Intrnl_Id="169">
                                            <LocList>
                                                <Loc EndOffset="2592" SrcFileId="4" StartOffset="2530"/>
                                            </LocList>
                                        </BasicStmnt>
                                        <BasicStmnt CovItemId="S31" CovItemPrefix="org.jfree.data.test.DataUtilitesTest.java" Intrnl_Id="170">
                                            <LocList>
                                                <Loc EndOffset="2651" SrcFileId="4" StartOffset="2615"/>
                                            </LocList>
                                        </BasicStmnt>
                                    </StmntSeq>
                                    <HierarchyLvl HierarchyLvlId="7927" HierarchyLvlTypeId="8" Intrnl_Id="171" Name="Expectations">
                                        <Header>
                                            <Loc EndOffset="1739" SrcFileId="4" StartOffset="1725"/>
                                        </Header>
                                        <LocList>
                                            <Loc EndOffset="2496" SrcFileId="4" StartOffset="1721"/>
                                        </LocList>
                                        <StmntSeq Intrnl_Id="172">
                                            <LocList>
                                                <Loc EndOffset="1890" SrcFileId="4" StartOffset="1864"/>
                                                <Loc EndOffset="1926" SrcFileId="4" StartOffset="1905"/>
                                                <Loc EndOffset="1983" SrcFileId="4" StartOffset="1956"/>
                                                <Loc EndOffset="2019" SrcFileId="4" StartOffset="1998"/>
                                                <Loc EndOffset="2061" SrcFileId="4" StartOffset="2034"/>
                                                <Loc EndOffset="2098" SrcFileId="4" StartOffset="2076"/>
                                                <Loc EndOffset="2140" SrcFileId="4" StartOffset="2113"/>
                                                <Loc EndOffset="2176" SrcFileId="4" StartOffset="2155"/>
                                                <Loc EndOffset="2227" SrcFileId="4" StartOffset="2206"/>
                                                <Loc EndOffset="2269" SrcFileId="4" StartOffset="2242"/>
                                                <Loc EndOffset="2305" SrcFileId="4" StartOffset="2284"/>
                                                <Loc EndOffset="2347" SrcFileId="4" StartOffset="2320"/>
                                                <Loc EndOffset="2383" SrcFileId="4" StartOffset="2362"/>
                                                <Loc EndOffset="2425" SrcFileId="4" StartOffset="2398"/>
                                                <Loc EndOffset="2461" SrcFileId="4" StartOffset="2440"/>
                                            </LocList>
                                            <BasicStmnt CovItemId="S15" CovItemPrefix="org.jfree.data.test.DataUtilitesTest.java" Intrnl_Id="173">
                                                <LocList>
                                                    <Loc EndOffset="1890" SrcFileId="4" StartOffset="1864"/>
                                                </LocList>
                                            </BasicStmnt>
                                            <BasicStmnt CovItemId="S16" CovItemPrefix="org.jfree.data.test.DataUtilitesTest.java" Intrnl_Id="174">
                                                <LocList>
                                                    <Loc EndOffset="1926" SrcFileId="4" StartOffset="1905"/>
                                                </LocList>
                                            </BasicStmnt>
                                            <BasicStmnt CovItemId="S17" CovItemPrefix="org.jfree.data.test.DataUtilitesTest.java" Intrnl_Id="175">
                                                <LocList>
                                                    <Loc EndOffset="1983" SrcFileId="4" StartOffset="1956"/>
                                                </LocList>
                                            </BasicStmnt>
                                            <BasicStmnt CovItemId="S18" CovItemPrefix="org.jfree.data.test.DataUtilitesTest.java" Intrnl_Id="176">
                                                <LocList>
                                                    <Loc EndOffset="2019" SrcFileId="4" StartOffset="1998"/>
                                                </LocList>
                                            </BasicStmnt>
                                            <BasicStmnt CovItemId="S19" CovItemPrefix="org.jfree.data.test.DataUtilitesTest.java" Intrnl_Id="177">
                                                <LocList>
                                                    <Loc EndOffset="2061" SrcFileId="4" StartOffset="2034"/>
                                                </LocList>
                                            </BasicStmnt>
                                            <BasicStmnt CovItemId="S20" CovItemPrefix="org.jfree.data.test.DataUtilitesTest.java" Intrnl_Id="178">
                                                <LocList>
                                                    <Loc EndOffset="2098" SrcFileId="4" StartOffset="2076"/>
                                                </LocList>
                                            </BasicStmnt>
                                            <BasicStmnt CovItemId="S21" CovItemPrefix="org.jfree.data.test.DataUtilitesTest.java" Intrnl_Id="179">
                                                <LocList>
                                                    <Loc EndOffset="2140" SrcFileId="4" StartOffset="2113"/>
                                                </LocList>
                                            </BasicStmnt>
                                            <BasicStmnt CovItemId="S22" CovItemPrefix="org.jfree.data.test.DataUtilitesTest.java" Intrnl_Id="180">
                                                <LocList>
                                                    <Loc EndOffset="2176" SrcFileId="4" StartOffset="2155"/>
                                                </LocList>
                                            </BasicStmnt>
                                            <BasicStmnt CovItemId="S23" CovItemPrefix="org.jfree.data.test.DataUtilitesTest.java" Intrnl_Id="181">
                                                <LocList>
                                                    <Loc EndOffset="2227" SrcFileId="4" StartOffset="2206"/>
                                                </LocList>
                                            </BasicStmnt>
                                            <BasicStmnt CovItemId="S24" CovItemPrefix="org.jfree.data.test.DataUtilitesTest.java" Intrnl_Id="182">
                                                <LocList>
                                                    <Loc EndOffset="2269" SrcFileId="4" StartOffset="2242"/>
                                                </LocList>
                                            </BasicStmnt>
                                            <BasicStmnt CovItemId="S25" CovItemPrefix="org.jfree.data.test.DataUtilitesTest.java" Intrnl_Id="183">
                                                <LocList>
                                                    <Loc EndOffset="2305" SrcFileId="4" StartOffset="2284"/>
                                                </LocList>
                                            </BasicStmnt>
                                            <BasicStmnt CovItemId="S26" CovItemPrefix="org.jfree.data.test.DataUtilitesTest.java" Intrnl_Id="184">
                                                <LocList>
                                                    <Loc EndOffset="2347" SrcFileId="4" StartOffset="2320"/>
                                                </LocList>
                                            </BasicStmnt>
                                            <BasicStmnt CovItemId="S27" CovItemPrefix="org.jfree.data.test.DataUtilitesTest.java" Intrnl_Id="185">
                                                <LocList>
                                                    <Loc EndOffset="2383" SrcFileId="4" StartOffset="2362"/>
                                                </LocList>
                                            </BasicStmnt>
                                            <BasicStmnt CovItemId="S28" CovItemPrefix="org.jfree.data.test.DataUtilitesTest.java" Intrnl_Id="186">
                                                <LocList>
                                                    <Loc EndOffset="2425" SrcFileId="4" StartOffset="2398"/>
                                                </LocList>
                                            </BasicStmnt>
                                            <BasicStmnt CovItemId="S29" CovItemPrefix="org.jfree.data.test.DataUtilitesTest.java" Intrnl_Id="187">
                                                <LocList>
                                                    <Loc EndOffset="2461" SrcFileId="4" StartOffset="2440"/>
                                                </LocList>
                                            </BasicStmnt>
                                        </StmntSeq>
                                    </HierarchyLvl>
                                </HierarchyLvl>
                                <HierarchyLvl HierarchyLvlId="7929" HierarchyLvlTypeId="9" Intrnl_Id="188" Name="calculateColumnTotalInvalidObject">
                                    <Header>
                                        <Loc EndOffset="2862" SrcFileId="4" StartOffset="2744"/>
                                    </Header>
                                    <LocList>
                                        <Loc EndOffset="2917" SrcFileId="4" StartOffset="2744"/>
                                    </LocList>
                                    <StmntSeq Intrnl_Id="189">
                                        <LocList>
                                            <Loc EndOffset="2912" SrcFileId="4" StartOffset="2868"/>
                                        </LocList>
                                        <BasicStmnt CovItemId="S32" CovItemPrefix="org.jfree.data.test.DataUtilitesTest.java" Intrnl_Id="190">
                                            <LocList>
                                                <Loc EndOffset="2912" SrcFileId="4" StartOffset="2868"/>
                                            </LocList>
                                        </BasicStmnt>
                                    </StmntSeq>
                                </HierarchyLvl>
                                <HierarchyLvl HierarchyLvlId="7931" HierarchyLvlTypeId="9" Intrnl_Id="191" Name="calculateRowTotalForOneRow">
                                    <Header>
                                        <Loc EndOffset="3052" SrcFileId="4" StartOffset="3004"/>
                                    </Header>
                                    <LocList>
                                        <Loc EndOffset="3685" SrcFileId="4" StartOffset="3004"/>
                                    </LocList>
                                    <StmntSeq Intrnl_Id="192">
                                        <LocList>
                                            <Loc EndOffset="3092" SrcFileId="4" StartOffset="3068"/>
                                            <Loc EndOffset="3502" SrcFileId="4" StartOffset="3500"/>
                                            <Loc EndOffset="3592" SrcFileId="4" StartOffset="3534"/>
                                            <Loc EndOffset="3636" SrcFileId="4" StartOffset="3599"/>
                                        </LocList>
                                        <BasicStmnt CovItemId="S33" CovItemPrefix="org.jfree.data.test.DataUtilitesTest.java" Intrnl_Id="193">
                                            <LocList>
                                                <Loc EndOffset="3092" SrcFileId="4" StartOffset="3068"/>
                                                <Loc EndOffset="3502" SrcFileId="4" StartOffset="3500"/>
                                            </LocList>
                                        </BasicStmnt>
                                        <BasicStmnt CovItemId="S42" CovItemPrefix="org.jfree.data.test.DataUtilitesTest.java" Intrnl_Id="194">
                                            <LocList>
                                                <Loc EndOffset="3592" SrcFileId="4" StartOffset="3534"/>
                                            </LocList>
                                        </BasicStmnt>
                                        <BasicStmnt CovItemId="S43" CovItemPrefix="org.jfree.data.test.DataUtilitesTest.java" Intrnl_Id="195">
                                            <LocList>
                                                <Loc EndOffset="3636" SrcFileId="4" StartOffset="3599"/>
                                            </LocList>
                                        </BasicStmnt>
                                    </StmntSeq>
                                    <HierarchyLvl HierarchyLvlId="7930" HierarchyLvlTypeId="8" Intrnl_Id="196" Name="Expectations">
                                        <Header>
                                            <Loc EndOffset="3110" SrcFileId="4" StartOffset="3096"/>
                                        </Header>
                                        <LocList>
                                            <Loc EndOffset="3500" SrcFileId="4" StartOffset="3092"/>
                                        </LocList>
                                        <StmntSeq Intrnl_Id="197">
                                            <LocList>
                                                <Loc EndOffset="3180" SrcFileId="4" StartOffset="3151"/>
                                                <Loc EndOffset="3216" SrcFileId="4" StartOffset="3195"/>
                                                <Loc EndOffset="3273" SrcFileId="4" StartOffset="3246"/>
                                                <Loc EndOffset="3309" SrcFileId="4" StartOffset="3288"/>
                                                <Loc EndOffset="3351" SrcFileId="4" StartOffset="3324"/>
                                                <Loc EndOffset="3387" SrcFileId="4" StartOffset="3366"/>
                                                <Loc EndOffset="3429" SrcFileId="4" StartOffset="3402"/>
                                                <Loc EndOffset="3465" SrcFileId="4" StartOffset="3444"/>
                                            </LocList>
                                            <BasicStmnt CovItemId="S34" CovItemPrefix="org.jfree.data.test.DataUtilitesTest.java" Intrnl_Id="198">
                                                <LocList>
                                                    <Loc EndOffset="3180" SrcFileId="4" StartOffset="3151"/>
                                                </LocList>
                                            </BasicStmnt>
                                            <BasicStmnt CovItemId="S35" CovItemPrefix="org.jfree.data.test.DataUtilitesTest.java" Intrnl_Id="199">
                                                <LocList>
                                                    <Loc EndOffset="3216" SrcFileId="4" StartOffset="3195"/>
                                                </LocList>
                                            </BasicStmnt>
                                            <BasicStmnt CovItemId="S36" CovItemPrefix="org.jfree.data.test.DataUtilitesTest.java" Intrnl_Id="200">
                                                <LocList>
                                                    <Loc EndOffset="3273" SrcFileId="4" StartOffset="3246"/>
                                                </LocList>
                                            </BasicStmnt>
                                            <BasicStmnt CovItemId="S37" CovItemPrefix="org.jfree.data.test.DataUtilitesTest.java" Intrnl_Id="201">
                                                <LocList>
                                                    <Loc EndOffset="3309" SrcFileId="4" StartOffset="3288"/>
                                                </LocList>
                                            </BasicStmnt>
                                            <BasicStmnt CovItemId="S38" CovItemPrefix="org.jfree.data.test.DataUtilitesTest.java" Intrnl_Id="202">
                                                <LocList>
                                                    <Loc EndOffset="3351" SrcFileId="4" StartOffset="3324"/>
                                                </LocList>
                                            </BasicStmnt>
                                            <BasicStmnt CovItemId="S39" CovItemPrefix="org.jfree.data.test.DataUtilitesTest.java" Intrnl_Id="203">
                                                <LocList>
                                                    <Loc EndOffset="3387" SrcFileId="4" StartOffset="3366"/>
                                                </LocList>
                                            </BasicStmnt>
                                            <BasicStmnt CovItemId="S40" CovItemPrefix="org.jfree.data.test.DataUtilitesTest.java" Intrnl_Id="204">
                                                <LocList>
                                                    <Loc EndOffset="3429" SrcFileId="4" StartOffset="3402"/>
                                                </LocList>
                                            </BasicStmnt>
                                            <BasicStmnt CovItemId="S41" CovItemPrefix="org.jfree.data.test.DataUtilitesTest.java" Intrnl_Id="205">
                                                <LocList>
                                                    <Loc EndOffset="3465" SrcFileId="4" StartOffset="3444"/>
                                                </LocList>
                                            </BasicStmnt>
                                        </StmntSeq>
                                    </HierarchyLvl>
                                </HierarchyLvl>
                                <HierarchyLvl HierarchyLvlId="7933" HierarchyLvlTypeId="9" Intrnl_Id="206" Name="calculateRowTotalForMutipleRows">
                                    <Header>
                                        <Loc EndOffset="3795" SrcFileId="4" StartOffset="3742"/>
                                    </Header>
                                    <LocList>
                                        <Loc EndOffset="4447" SrcFileId="4" StartOffset="3742"/>
                                    </LocList>
                                    <StmntSeq Intrnl_Id="207">
                                        <LocList>
                                            <Loc EndOffset="3835" SrcFileId="4" StartOffset="3811"/>
                                            <Loc EndOffset="4250" SrcFileId="4" StartOffset="4248"/>
                                            <Loc EndOffset="4340" SrcFileId="4" StartOffset="4282"/>
                                            <Loc EndOffset="4398" SrcFileId="4" StartOffset="4363"/>
                                        </LocList>
                                        <BasicStmnt CovItemId="S44" CovItemPrefix="org.jfree.data.test.DataUtilitesTest.java" Intrnl_Id="208">
                                            <LocList>
                                                <Loc EndOffset="3835" SrcFileId="4" StartOffset="3811"/>
                                                <Loc EndOffset="4250" SrcFileId="4" StartOffset="4248"/>
                                            </LocList>
                                        </BasicStmnt>
                                        <BasicStmnt CovItemId="S53" CovItemPrefix="org.jfree.data.test.DataUtilitesTest.java" Intrnl_Id="209">
                                            <LocList>
                                                <Loc EndOffset="4340" SrcFileId="4" StartOffset="4282"/>
                                            </LocList>
                                        </BasicStmnt>
                                        <BasicStmnt CovItemId="S54" CovItemPrefix="org.jfree.data.test.DataUtilitesTest.java" Intrnl_Id="210">
                                            <LocList>
                                                <Loc EndOffset="4398" SrcFileId="4" StartOffset="4363"/>
                                            </LocList>
                                        </BasicStmnt>
                                    </StmntSeq>
                                    <HierarchyLvl HierarchyLvlId="7932" HierarchyLvlTypeId="8" Intrnl_Id="211" Name="Expectations">
                                        <Header>
                                            <Loc EndOffset="3853" SrcFileId="4" StartOffset="3839"/>
                                        </Header>
                                        <LocList>
                                            <Loc EndOffset="4248" SrcFileId="4" StartOffset="3835"/>
                                        </LocList>
                                        <StmntSeq Intrnl_Id="212">
                                            <LocList>
                                                <Loc EndOffset="3923" SrcFileId="4" StartOffset="3894"/>
                                                <Loc EndOffset="3959" SrcFileId="4" StartOffset="3938"/>
                                                <Loc EndOffset="4021" SrcFileId="4" StartOffset="3994"/>
                                                <Loc EndOffset="4057" SrcFileId="4" StartOffset="4036"/>
                                                <Loc EndOffset="4099" SrcFileId="4" StartOffset="4072"/>
                                                <Loc EndOffset="4135" SrcFileId="4" StartOffset="4114"/>
                                                <Loc EndOffset="4177" SrcFileId="4" StartOffset="4150"/>
                                                <Loc EndOffset="4213" SrcFileId="4" StartOffset="4192"/>
                                            </LocList>
                                            <BasicStmnt CovItemId="S45" CovItemPrefix="org.jfree.data.test.DataUtilitesTest.java" Intrnl_Id="213">
                                                <LocList>
                                                    <Loc EndOffset="3923" SrcFileId="4" StartOffset="3894"/>
                                                </LocList>
                                            </BasicStmnt>
                                            <BasicStmnt CovItemId="S46" CovItemPrefix="org.jfree.data.test.DataUtilitesTest.java" Intrnl_Id="214">
                                                <LocList>
                                                    <Loc EndOffset="3959" SrcFileId="4" StartOffset="3938"/>
                                                </LocList>
                                            </BasicStmnt>
                                            <BasicStmnt CovItemId="S47" CovItemPrefix="org.jfree.data.test.DataUtilitesTest.java" Intrnl_Id="215">
                                                <LocList>
                                                    <Loc EndOffset="4021" SrcFileId="4" StartOffset="3994"/>
                                                </LocList>
                                            </BasicStmnt>
                                            <BasicStmnt CovItemId="S48" CovItemPrefix="org.jfree.data.test.DataUtilitesTest.java" Intrnl_Id="216">
                                                <LocList>
                                                    <Loc EndOffset="4057" SrcFileId="4" StartOffset="4036"/>
                                                </LocList>
                                            </BasicStmnt>
                                            <BasicStmnt CovItemId="S49" CovItemPrefix="org.jfree.data.test.DataUtilitesTest.java" Intrnl_Id="217">
                                                <LocList>
                                                    <Loc EndOffset="4099" SrcFileId="4" StartOffset="4072"/>
                                                </LocList>
                                            </BasicStmnt>
                                            <BasicStmnt CovItemId="S50" CovItemPrefix="org.jfree.data.test.DataUtilitesTest.java" Intrnl_Id="218">
                                                <LocList>
                                                    <Loc EndOffset="4135" SrcFileId="4" StartOffset="4114"/>
                                                </LocList>
                                            </BasicStmnt>
                                            <BasicStmnt CovItemId="S51" CovItemPrefix="org.jfree.data.test.DataUtilitesTest.java" Intrnl_Id="219">
                                                <LocList>
                                                    <Loc EndOffset="4177" SrcFileId="4" StartOffset="4150"/>
                                                </LocList>
                                            </BasicStmnt>
                                            <BasicStmnt CovItemId="S52" CovItemPrefix="org.jfree.data.test.DataUtilitesTest.java" Intrnl_Id="220">
                                                <LocList>
                                                    <Loc EndOffset="4213" SrcFileId="4" StartOffset="4192"/>
                                                </LocList>
                                            </BasicStmnt>
                                        </StmntSeq>
                                    </HierarchyLvl>
                                </HierarchyLvl>
                                <HierarchyLvl HierarchyLvlId="7935" HierarchyLvlTypeId="9" Intrnl_Id="221" Name="NonEmptyArrayNegRow">
                                    <Header>
                                        <Loc EndOffset="4569" SrcFileId="4" StartOffset="4528"/>
                                    </Header>
                                    <LocList>
                                        <Loc EndOffset="5037" SrcFileId="4" StartOffset="4528"/>
                                    </LocList>
                                    <StmntSeq Intrnl_Id="222">
                                        <LocList>
                                            <Loc EndOffset="4605" SrcFileId="4" StartOffset="4581"/>
                                            <Loc EndOffset="4888" SrcFileId="4" StartOffset="4886"/>
                                            <Loc EndOffset="4974" SrcFileId="4" StartOffset="4915"/>
                                            <Loc EndOffset="5033" SrcFileId="4" StartOffset="4994"/>
                                        </LocList>
                                        <BasicStmnt CovItemId="S55" CovItemPrefix="org.jfree.data.test.DataUtilitesTest.java" Intrnl_Id="223">
                                            <LocList>
                                                <Loc EndOffset="4605" SrcFileId="4" StartOffset="4581"/>
                                                <Loc EndOffset="4888" SrcFileId="4" StartOffset="4886"/>
                                            </LocList>
                                        </BasicStmnt>
                                        <BasicStmnt CovItemId="S62" CovItemPrefix="org.jfree.data.test.DataUtilitesTest.java" Intrnl_Id="224">
                                            <LocList>
                                                <Loc EndOffset="4974" SrcFileId="4" StartOffset="4915"/>
                                            </LocList>
                                        </BasicStmnt>
                                        <BasicStmnt CovItemId="S63" CovItemPrefix="org.jfree.data.test.DataUtilitesTest.java" Intrnl_Id="225">
                                            <LocList>
                                                <Loc EndOffset="5033" SrcFileId="4" StartOffset="4994"/>
                                            </LocList>
                                        </BasicStmnt>
                                    </StmntSeq>
                                    <HierarchyLvl HierarchyLvlId="7934" HierarchyLvlTypeId="8" Intrnl_Id="226" Name="Expectations">
                                        <Header>
                                            <Loc EndOffset="4623" SrcFileId="4" StartOffset="4609"/>
                                        </Header>
                                        <LocList>
                                            <Loc EndOffset="4886" SrcFileId="4" StartOffset="4605"/>
                                        </LocList>
                                        <StmntSeq Intrnl_Id="227">
                                            <LocList>
                                                <Loc EndOffset="4671" SrcFileId="4" StartOffset="4642"/>
                                                <Loc EndOffset="4701" SrcFileId="4" StartOffset="4680"/>
                                                <Loc EndOffset="4745" SrcFileId="4" StartOffset="4717"/>
                                                <Loc EndOffset="4777" SrcFileId="4" StartOffset="4753"/>
                                                <Loc EndOffset="4821" SrcFileId="4" StartOffset="4793"/>
                                                <Loc EndOffset="4854" SrcFileId="4" StartOffset="4830"/>
                                            </LocList>
                                            <BasicStmnt CovItemId="S56" CovItemPrefix="org.jfree.data.test.DataUtilitesTest.java" Intrnl_Id="228">
                                                <LocList>
                                                    <Loc EndOffset="4671" SrcFileId="4" StartOffset="4642"/>
                                                </LocList>
                                            </BasicStmnt>
                                            <BasicStmnt CovItemId="S57" CovItemPrefix="org.jfree.data.test.DataUtilitesTest.java" Intrnl_Id="229">
                                                <LocList>
                                                    <Loc EndOffset="4701" SrcFileId="4" StartOffset="4680"/>
                                                </LocList>
                                            </BasicStmnt>
                                            <BasicStmnt CovItemId="S58" CovItemPrefix="org.jfree.data.test.DataUtilitesTest.java" Intrnl_Id="230">
                                                <LocList>
                                                    <Loc EndOffset="4745" SrcFileId="4" StartOffset="4717"/>
                                                </LocList>
                                            </BasicStmnt>
                                            <BasicStmnt CovItemId="S59" CovItemPrefix="org.jfree.data.test.DataUtilitesTest.java" Intrnl_Id="231">
                                                <LocList>
                                                    <Loc EndOffset="4777" SrcFileId="4" StartOffset="4753"/>
                                                </LocList>
                                            </BasicStmnt>
                                            <BasicStmnt CovItemId="S60" CovItemPrefix="org.jfree.data.test.DataUtilitesTest.java" Intrnl_Id="232">
                                                <LocList>
                                                    <Loc EndOffset="4821" SrcFileId="4" StartOffset="4793"/>
                                                </LocList>
                                            </BasicStmnt>
                                            <BasicStmnt CovItemId="S61" CovItemPrefix="org.jfree.data.test.DataUtilitesTest.java" Intrnl_Id="233">
                                                <LocList>
                                                    <Loc EndOffset="4854" SrcFileId="4" StartOffset="4830"/>
                                                </LocList>
                                            </BasicStmnt>
                                        </StmntSeq>
                                    </HierarchyLvl>
                                </HierarchyLvl>
                                <HierarchyLvl HierarchyLvlId="7936" HierarchyLvlTypeId="9" Intrnl_Id="234" Name="calculateRowTotalInvalidObject">
                                    <Header>
                                        <Loc EndOffset="5195" SrcFileId="4" StartOffset="5080"/>
                                    </Header>
                                    <LocList>
                                        <Loc EndOffset="5247" SrcFileId="4" StartOffset="5080"/>
                                    </LocList>
                                    <StmntSeq Intrnl_Id="235">
                                        <LocList>
                                            <Loc EndOffset="5242" SrcFileId="4" StartOffset="5201"/>
                                        </LocList>
                                        <BasicStmnt CovItemId="S64" CovItemPrefix="org.jfree.data.test.DataUtilitesTest.java" Intrnl_Id="236">
                                            <LocList>
                                                <Loc EndOffset="5242" SrcFileId="4" StartOffset="5201"/>
                                            </LocList>
                                        </BasicStmnt>
                                    </StmntSeq>
                                </HierarchyLvl>
                                <HierarchyLvl HierarchyLvlId="7937" HierarchyLvlTypeId="9" Intrnl_Id="237" Name="createNumberArrayFourDoubleElements">
                                    <Header>
                                        <Loc EndOffset="5410" SrcFileId="4" StartOffset="5352"/>
                                    </Header>
                                    <LocList>
                                        <Loc EndOffset="5853" SrcFileId="4" StartOffset="5352"/>
                                    </LocList>
                                    <StmntSeq Intrnl_Id="238">
                                        <LocList>
                                            <Loc EndOffset="5470" SrcFileId="4" StartOffset="5416"/>
                                            <Loc EndOffset="5560" SrcFileId="4" StartOffset="5474"/>
                                            <Loc EndOffset="5634" SrcFileId="4" StartOffset="5564"/>
                                            <Loc EndOffset="5708" SrcFileId="4" StartOffset="5639"/>
                                            <Loc EndOffset="5780" SrcFileId="4" StartOffset="5711"/>
                                            <Loc EndOffset="5852" SrcFileId="4" StartOffset="5783"/>
                                        </LocList>
                                        <BasicStmnt CovItemId="S65" CovItemPrefix="org.jfree.data.test.DataUtilitesTest.java" Intrnl_Id="239">
                                            <LocList>
                                                <Loc EndOffset="5470" SrcFileId="4" StartOffset="5416"/>
                                            </LocList>
                                        </BasicStmnt>
                                        <BasicStmnt CovItemId="S66" CovItemPrefix="org.jfree.data.test.DataUtilitesTest.java" Intrnl_Id="240">
                                            <LocList>
                                                <Loc EndOffset="5560" SrcFileId="4" StartOffset="5474"/>
                                            </LocList>
                                        </BasicStmnt>
                                        <BasicStmnt CovItemId="S67" CovItemPrefix="org.jfree.data.test.DataUtilitesTest.java" Intrnl_Id="241">
                                            <LocList>
                                                <Loc EndOffset="5634" SrcFileId="4" StartOffset="5564"/>
                                            </LocList>
                                        </BasicStmnt>
                                        <BasicStmnt CovItemId="S68" CovItemPrefix="org.jfree.data.test.DataUtilitesTest.java" Intrnl_Id="242">
                                            <LocList>
                                                <Loc EndOffset="5708" SrcFileId="4" StartOffset="5639"/>
                                            </LocList>
                                        </BasicStmnt>
                                        <BasicStmnt CovItemId="S69" CovItemPrefix="org.jfree.data.test.DataUtilitesTest.java" Intrnl_Id="243">
                                            <LocList>
                                                <Loc EndOffset="5780" SrcFileId="4" StartOffset="5711"/>
                                            </LocList>
                                        </BasicStmnt>
                                        <BasicStmnt CovItemId="S70" CovItemPrefix="org.jfree.data.test.DataUtilitesTest.java" Intrnl_Id="244">
                                            <LocList>
                                                <Loc EndOffset="5852" SrcFileId="4" StartOffset="5783"/>
                                            </LocList>
                                        </BasicStmnt>
                                    </StmntSeq>
                                </HierarchyLvl>
                                <HierarchyLvl HierarchyLvlId="7938" HierarchyLvlTypeId="9" Intrnl_Id="245" Name="createNumberArrayThreeDoubleElements">
                                    <Header>
                                        <Loc EndOffset="5988" SrcFileId="4" StartOffset="5929"/>
                                    </Header>
                                    <LocList>
                                        <Loc EndOffset="6359" SrcFileId="4" StartOffset="5929"/>
                                    </LocList>
                                    <StmntSeq Intrnl_Id="246">
                                        <LocList>
                                            <Loc EndOffset="6048" SrcFileId="4" StartOffset="5994"/>
                                            <Loc EndOffset="6138" SrcFileId="4" StartOffset="6052"/>
                                            <Loc EndOffset="6212" SrcFileId="4" StartOffset="6142"/>
                                            <Loc EndOffset="6286" SrcFileId="4" StartOffset="6217"/>
                                            <Loc EndOffset="6358" SrcFileId="4" StartOffset="6289"/>
                                        </LocList>
                                        <BasicStmnt CovItemId="S71" CovItemPrefix="org.jfree.data.test.DataUtilitesTest.java" Intrnl_Id="247">
                                            <LocList>
                                                <Loc EndOffset="6048" SrcFileId="4" StartOffset="5994"/>
                                            </LocList>
                                        </BasicStmnt>
                                        <BasicStmnt CovItemId="S72" CovItemPrefix="org.jfree.data.test.DataUtilitesTest.java" Intrnl_Id="248">
                                            <LocList>
                                                <Loc EndOffset="6138" SrcFileId="4" StartOffset="6052"/>
                                            </LocList>
                                        </BasicStmnt>
                                        <BasicStmnt CovItemId="S73" CovItemPrefix="org.jfree.data.test.DataUtilitesTest.java" Intrnl_Id="249">
                                            <LocList>
                                                <Loc EndOffset="6212" SrcFileId="4" StartOffset="6142"/>
                                            </LocList>
                                        </BasicStmnt>
                                        <BasicStmnt CovItemId="S74" CovItemPrefix="org.jfree.data.test.DataUtilitesTest.java" Intrnl_Id="250">
                                            <LocList>
                                                <Loc EndOffset="6286" SrcFileId="4" StartOffset="6217"/>
                                            </LocList>
                                        </BasicStmnt>
                                        <BasicStmnt CovItemId="S75" CovItemPrefix="org.jfree.data.test.DataUtilitesTest.java" Intrnl_Id="251">
                                            <LocList>
                                                <Loc EndOffset="6358" SrcFileId="4" StartOffset="6289"/>
                                            </LocList>
                                        </BasicStmnt>
                                    </StmntSeq>
                                </HierarchyLvl>
                                <HierarchyLvl HierarchyLvlId="7939" HierarchyLvlTypeId="9" Intrnl_Id="252" Name="createNumberArraySizeTest">
                                    <Header>
                                        <Loc EndOffset="6464" SrcFileId="4" StartOffset="6417"/>
                                    </Header>
                                    <LocList>
                                        <Loc EndOffset="6708" SrcFileId="4" StartOffset="6417"/>
                                    </LocList>
                                    <StmntSeq Intrnl_Id="253">
                                        <LocList>
                                            <Loc EndOffset="6525" SrcFileId="4" StartOffset="6470"/>
                                            <Loc EndOffset="6616" SrcFileId="4" StartOffset="6529"/>
                                            <Loc EndOffset="6702" SrcFileId="4" StartOffset="6620"/>
                                        </LocList>
                                        <BasicStmnt CovItemId="S76" CovItemPrefix="org.jfree.data.test.DataUtilitesTest.java" Intrnl_Id="254">
                                            <LocList>
                                                <Loc EndOffset="6525" SrcFileId="4" StartOffset="6470"/>
                                            </LocList>
                                        </BasicStmnt>
                                        <BasicStmnt CovItemId="S77" CovItemPrefix="org.jfree.data.test.DataUtilitesTest.java" Intrnl_Id="255">
                                            <LocList>
                                                <Loc EndOffset="6616" SrcFileId="4" StartOffset="6529"/>
                                            </LocList>
                                        </BasicStmnt>
                                        <BasicStmnt CovItemId="S78" CovItemPrefix="org.jfree.data.test.DataUtilitesTest.java" Intrnl_Id="256">
                                            <LocList>
                                                <Loc EndOffset="6702" SrcFileId="4" StartOffset="6620"/>
                                            </LocList>
                                        </BasicStmnt>
                                    </StmntSeq>
                                </HierarchyLvl>
                                <HierarchyLvl HierarchyLvlId="7940" HierarchyLvlTypeId="9" Intrnl_Id="257" Name="createNumberArrayNullArgument">
                                    <Header>
                                        <Loc EndOffset="6909" SrcFileId="4" StartOffset="6797"/>
                                    </Header>
                                    <LocList>
                                        <Loc EndOffset="6958" SrcFileId="4" StartOffset="6797"/>
                                    </LocList>
                                    <StmntSeq Intrnl_Id="258">
                                        <LocList>
                                            <Loc EndOffset="6953" SrcFileId="4" StartOffset="6915"/>
                                        </LocList>
                                        <BasicStmnt CovItemId="S79" CovItemPrefix="org.jfree.data.test.DataUtilitesTest.java" Intrnl_Id="259">
                                            <LocList>
                                                <Loc EndOffset="6953" SrcFileId="4" StartOffset="6915"/>
                                            </LocList>
                                        </BasicStmnt>
                                    </StmntSeq>
                                </HierarchyLvl>
                                <HierarchyLvl HierarchyLvlId="7941" HierarchyLvlTypeId="9" Intrnl_Id="260" Name="create2DNumberArrayThreeDoubleElements">
                                    <Header>
                                        <Loc EndOffset="7126" SrcFileId="4" StartOffset="7066"/>
                                    </Header>
                                    <LocList>
                                        <Loc EndOffset="7635" SrcFileId="4" StartOffset="7066"/>
                                    </LocList>
                                    <StmntSeq Intrnl_Id="261">
                                        <LocList>
                                            <Loc EndOffset="7199" SrcFileId="4" StartOffset="7132"/>
                                            <Loc EndOffset="7304" SrcFileId="4" StartOffset="7203"/>
                                            <Loc EndOffset="7384" SrcFileId="4" StartOffset="7308"/>
                                            <Loc EndOffset="7465" SrcFileId="4" StartOffset="7390"/>
                                            <Loc EndOffset="7544" SrcFileId="4" StartOffset="7469"/>
                                            <Loc EndOffset="7626" SrcFileId="4" StartOffset="7552"/>
                                        </LocList>
                                        <BasicStmnt CovItemId="S80" CovItemPrefix="org.jfree.data.test.DataUtilitesTest.java" Intrnl_Id="262">
                                            <LocList>
                                                <Loc EndOffset="7199" SrcFileId="4" StartOffset="7132"/>
                                            </LocList>
                                        </BasicStmnt>
                                        <BasicStmnt CovItemId="S81" CovItemPrefix="org.jfree.data.test.DataUtilitesTest.java" Intrnl_Id="263">
                                            <LocList>
                                                <Loc EndOffset="7304" SrcFileId="4" StartOffset="7203"/>
                                            </LocList>
                                        </BasicStmnt>
                                        <BasicStmnt CovItemId="S82" CovItemPrefix="org.jfree.data.test.DataUtilitesTest.java" Intrnl_Id="264">
                                            <LocList>
                                                <Loc EndOffset="7384" SrcFileId="4" StartOffset="7308"/>
                                            </LocList>
                                        </BasicStmnt>
                                        <BasicStmnt CovItemId="S83" CovItemPrefix="org.jfree.data.test.DataUtilitesTest.java" Intrnl_Id="265">
                                            <LocList>
                                                <Loc EndOffset="7465" SrcFileId="4" StartOffset="7390"/>
                                            </LocList>
                                        </BasicStmnt>
                                        <BasicStmnt CovItemId="S84" CovItemPrefix="org.jfree.data.test.DataUtilitesTest.java" Intrnl_Id="266">
                                            <LocList>
                                                <Loc EndOffset="7544" SrcFileId="4" StartOffset="7469"/>
                                            </LocList>
                                        </BasicStmnt>
                                        <BasicStmnt CovItemId="S85" CovItemPrefix="org.jfree.data.test.DataUtilitesTest.java" Intrnl_Id="267">
                                            <LocList>
                                                <Loc EndOffset="7626" SrcFileId="4" StartOffset="7552"/>
                                            </LocList>
                                        </BasicStmnt>
                                    </StmntSeq>
                                </HierarchyLvl>
                                <HierarchyLvl HierarchyLvlId="7942" HierarchyLvlTypeId="9" Intrnl_Id="268" Name="create2DNumberArrayTwoDoubleElements">
                                    <Header>
                                        <Loc EndOffset="7769" SrcFileId="4" StartOffset="7711"/>
                                    </Header>
                                    <LocList>
                                        <Loc EndOffset="8282" SrcFileId="4" StartOffset="7711"/>
                                    </LocList>
                                    <StmntSeq Intrnl_Id="269">
                                        <LocList>
                                            <Loc EndOffset="7842" SrcFileId="4" StartOffset="7775"/>
                                            <Loc EndOffset="7947" SrcFileId="4" StartOffset="7846"/>
                                            <Loc EndOffset="8027" SrcFileId="4" StartOffset="7951"/>
                                            <Loc EndOffset="8108" SrcFileId="4" StartOffset="8033"/>
                                            <Loc EndOffset="8188" SrcFileId="4" StartOffset="8112"/>
                                            <Loc EndOffset="8269" SrcFileId="4" StartOffset="8194"/>
                                        </LocList>
                                        <BasicStmnt CovItemId="S86" CovItemPrefix="org.jfree.data.test.DataUtilitesTest.java" Intrnl_Id="270">
                                            <LocList>
                                                <Loc EndOffset="7842" SrcFileId="4" StartOffset="7775"/>
                                            </LocList>
                                        </BasicStmnt>
                                        <BasicStmnt CovItemId="S87" CovItemPrefix="org.jfree.data.test.DataUtilitesTest.java" Intrnl_Id="271">
                                            <LocList>
                                                <Loc EndOffset="7947" SrcFileId="4" StartOffset="7846"/>
                                            </LocList>
                                        </BasicStmnt>
                                        <BasicStmnt CovItemId="S88" CovItemPrefix="org.jfree.data.test.DataUtilitesTest.java" Intrnl_Id="272">
                                            <LocList>
                                                <Loc EndOffset="8027" SrcFileId="4" StartOffset="7951"/>
                                            </LocList>
                                        </BasicStmnt>
                                        <BasicStmnt CovItemId="S89" CovItemPrefix="org.jfree.data.test.DataUtilitesTest.java" Intrnl_Id="273">
                                            <LocList>
                                                <Loc EndOffset="8108" SrcFileId="4" StartOffset="8033"/>
                                            </LocList>
                                        </BasicStmnt>
                                        <BasicStmnt CovItemId="S90" CovItemPrefix="org.jfree.data.test.DataUtilitesTest.java" Intrnl_Id="274">
                                            <LocList>
                                                <Loc EndOffset="8188" SrcFileId="4" StartOffset="8112"/>
                                            </LocList>
                                        </BasicStmnt>
                                        <BasicStmnt CovItemId="S91" CovItemPrefix="org.jfree.data.test.DataUtilitesTest.java" Intrnl_Id="275">
                                            <LocList>
                                                <Loc EndOffset="8269" SrcFileId="4" StartOffset="8194"/>
                                            </LocList>
                                        </BasicStmnt>
                                    </StmntSeq>
                                </HierarchyLvl>
                                <HierarchyLvl HierarchyLvlId="7943" HierarchyLvlTypeId="9" Intrnl_Id="276" Name="create2DNumberArraySizeTest">
                                    <Header>
                                        <Loc EndOffset="8389" SrcFileId="4" StartOffset="8340"/>
                                    </Header>
                                    <LocList>
                                        <Loc EndOffset="8657" SrcFileId="4" StartOffset="8340"/>
                                    </LocList>
                                    <StmntSeq Intrnl_Id="277">
                                        <LocList>
                                            <Loc EndOffset="8462" SrcFileId="4" StartOffset="8395"/>
                                            <Loc EndOffset="8567" SrcFileId="4" StartOffset="8466"/>
                                            <Loc EndOffset="8651" SrcFileId="4" StartOffset="8571"/>
                                        </LocList>
                                        <BasicStmnt CovItemId="S92" CovItemPrefix="org.jfree.data.test.DataUtilitesTest.java" Intrnl_Id="278">
                                            <LocList>
                                                <Loc EndOffset="8462" SrcFileId="4" StartOffset="8395"/>
                                            </LocList>
                                        </BasicStmnt>
                                        <BasicStmnt CovItemId="S93" CovItemPrefix="org.jfree.data.test.DataUtilitesTest.java" Intrnl_Id="279">
                                            <LocList>
                                                <Loc EndOffset="8567" SrcFileId="4" StartOffset="8466"/>
                                            </LocList>
                                        </BasicStmnt>
                                        <BasicStmnt CovItemId="S94" CovItemPrefix="org.jfree.data.test.DataUtilitesTest.java" Intrnl_Id="280">
                                            <LocList>
                                                <Loc EndOffset="8651" SrcFileId="4" StartOffset="8571"/>
                                            </LocList>
                                        </BasicStmnt>
                                    </StmntSeq>
                                </HierarchyLvl>
                                <HierarchyLvl HierarchyLvlId="7944" HierarchyLvlTypeId="9" Intrnl_Id="281" Name="create2DNumberArrayNullArgument">
                                    <Header>
                                        <Loc EndOffset="8861" SrcFileId="4" StartOffset="8747"/>
                                    </Header>
                                    <LocList>
                                        <Loc EndOffset="8912" SrcFileId="4" StartOffset="8747"/>
                                    </LocList>
                                    <StmntSeq Intrnl_Id="282">
                                        <LocList>
                                            <Loc EndOffset="8907" SrcFileId="4" StartOffset="8867"/>
                                        </LocList>
                                        <BasicStmnt CovItemId="S95" CovItemPrefix="org.jfree.data.test.DataUtilitesTest.java" Intrnl_Id="283">
                                            <LocList>
                                                <Loc EndOffset="8907" SrcFileId="4" StartOffset="8867"/>
                                            </LocList>
                                        </BasicStmnt>
                                    </StmntSeq>
                                </HierarchyLvl>
                                <HierarchyLvl HierarchyLvlId="7946" HierarchyLvlTypeId="9" Intrnl_Id="284" Name="testingAllElements">
                                    <Header>
                                        <Loc EndOffset="9038" SrcFileId="4" StartOffset="8997"/>
                                    </Header>
                                    <LocList>
                                        <Loc EndOffset="10003" SrcFileId="4" StartOffset="8997"/>
                                    </LocList>
                                    <StmntSeq Intrnl_Id="285">
                                        <LocList>
                                            <Loc EndOffset="9082" SrcFileId="4" StartOffset="9043"/>
                                            <Loc EndOffset="9155" SrcFileId="4" StartOffset="9086"/>
                                            <Loc EndOffset="9184" SrcFileId="4" StartOffset="9160"/>
                                            <Loc EndOffset="9772" SrcFileId="4" StartOffset="9770"/>
                                            <Loc EndOffset="9853" SrcFileId="4" StartOffset="9782"/>
                                            <Loc EndOffset="9928" SrcFileId="4" StartOffset="9863"/>
                                            <Loc EndOffset="9998" SrcFileId="4" StartOffset="9933"/>
                                        </LocList>
                                        <BasicStmnt CovItemId="S96" CovItemPrefix="org.jfree.data.test.DataUtilitesTest.java" Intrnl_Id="286">
                                            <LocList>
                                                <Loc EndOffset="9082" SrcFileId="4" StartOffset="9043"/>
                                            </LocList>
                                        </BasicStmnt>
                                        <BasicStmnt CovItemId="S97" CovItemPrefix="org.jfree.data.test.DataUtilitesTest.java" Intrnl_Id="287">
                                            <LocList>
                                                <Loc EndOffset="9155" SrcFileId="4" StartOffset="9086"/>
                                            </LocList>
                                        </BasicStmnt>
                                        <BasicStmnt CovItemId="S98" CovItemPrefix="org.jfree.data.test.DataUtilitesTest.java" Intrnl_Id="288">
                                            <LocList>
                                                <Loc EndOffset="9184" SrcFileId="4" StartOffset="9160"/>
                                                <Loc EndOffset="9772" SrcFileId="4" StartOffset="9770"/>
                                            </LocList>
                                        </BasicStmnt>
                                        <BasicStmnt CovItemId="S113" CovItemPrefix="org.jfree.data.test.DataUtilitesTest.java" Intrnl_Id="289">
                                            <LocList>
                                                <Loc EndOffset="9853" SrcFileId="4" StartOffset="9782"/>
                                            </LocList>
                                        </BasicStmnt>
                                        <BasicStmnt CovItemId="S114" CovItemPrefix="org.jfree.data.test.DataUtilitesTest.java" Intrnl_Id="290">
                                            <LocList>
                                                <Loc EndOffset="9928" SrcFileId="4" StartOffset="9863"/>
                                            </LocList>
                                        </BasicStmnt>
                                        <BasicStmnt CovItemId="S115" CovItemPrefix="org.jfree.data.test.DataUtilitesTest.java" Intrnl_Id="291">
                                            <LocList>
                                                <Loc EndOffset="9998" SrcFileId="4" StartOffset="9933"/>
                                            </LocList>
                                        </BasicStmnt>
                                    </StmntSeq>
                                    <HierarchyLvl HierarchyLvlId="7945" HierarchyLvlTypeId="8" Intrnl_Id="292" Name="Expectations">
                                        <Header>
                                            <Loc EndOffset="9202" SrcFileId="4" StartOffset="9188"/>
                                        </Header>
                                        <LocList>
                                            <Loc EndOffset="9770" SrcFileId="4" StartOffset="9184"/>
                                        </LocList>
                                        <StmntSeq Intrnl_Id="293">
                                            <LocList>
                                                <Loc EndOffset="9256" SrcFileId="4" StartOffset="9216"/>
                                                <Loc EndOffset="9283" SrcFileId="4" StartOffset="9262"/>
                                                <Loc EndOffset="9338" SrcFileId="4" StartOffset="9301"/>
                                                <Loc EndOffset="9365" SrcFileId="4" StartOffset="9344"/>
                                                <Loc EndOffset="9414" SrcFileId="4" StartOffset="9377"/>
                                                <Loc EndOffset="9441" SrcFileId="4" StartOffset="9420"/>
                                                <Loc EndOffset="9490" SrcFileId="4" StartOffset="9453"/>
                                                <Loc EndOffset="9517" SrcFileId="4" StartOffset="9496"/>
                                                <Loc EndOffset="9564" SrcFileId="4" StartOffset="9529"/>
                                                <Loc EndOffset="9596" SrcFileId="4" StartOffset="9570"/>
                                                <Loc EndOffset="9643" SrcFileId="4" StartOffset="9608"/>
                                                <Loc EndOffset="9675" SrcFileId="4" StartOffset="9649"/>
                                                <Loc EndOffset="9722" SrcFileId="4" StartOffset="9687"/>
                                                <Loc EndOffset="9754" SrcFileId="4" StartOffset="9728"/>
                                            </LocList>
                                            <BasicStmnt CovItemId="S99" CovItemPrefix="org.jfree.data.test.DataUtilitesTest.java" Intrnl_Id="294">
                                                <LocList>
                                                    <Loc EndOffset="9256" SrcFileId="4" StartOffset="9216"/>
                                                </LocList>
                                            </BasicStmnt>
                                            <BasicStmnt CovItemId="S100" CovItemPrefix="org.jfree.data.test.DataUtilitesTest.java" Intrnl_Id="295">
                                                <LocList>
                                                    <Loc EndOffset="9283" SrcFileId="4" StartOffset="9262"/>
                                                </LocList>
                                            </BasicStmnt>
                                            <BasicStmnt CovItemId="S101" CovItemPrefix="org.jfree.data.test.DataUtilitesTest.java" Intrnl_Id="296">
                                                <LocList>
                                                    <Loc EndOffset="9338" SrcFileId="4" StartOffset="9301"/>
                                                </LocList>
                                            </BasicStmnt>
                                            <BasicStmnt CovItemId="S102" CovItemPrefix="org.jfree.data.test.DataUtilitesTest.java" Intrnl_Id="297">
                                                <LocList>
                                                    <Loc EndOffset="9365" SrcFileId="4" StartOffset="9344"/>
                                                </LocList>
                                            </BasicStmnt>
                                            <BasicStmnt CovItemId="S103" CovItemPrefix="org.jfree.data.test.DataUtilitesTest.java" Intrnl_Id="298">
                                                <LocList>
                                                    <Loc EndOffset="9414" SrcFileId="4" StartOffset="9377"/>
                                                </LocList>
                                            </BasicStmnt>
                                            <BasicStmnt CovItemId="S104" CovItemPrefix="org.jfree.data.test.DataUtilitesTest.java" Intrnl_Id="299">
                                                <LocList>
                                                    <Loc EndOffset="9441" SrcFileId="4" StartOffset="9420"/>
                                                </LocList>
                                            </BasicStmnt>
                                            <BasicStmnt CovItemId="S105" CovItemPrefix="org.jfree.data.test.DataUtilitesTest.java" Intrnl_Id="300">
                                                <LocList>
                                                    <Loc EndOffset="9490" SrcFileId="4" StartOffset="9453"/>
                                                </LocList>
                                            </BasicStmnt>
                                            <BasicStmnt CovItemId="S106" CovItemPrefix="org.jfree.data.test.DataUtilitesTest.java" Intrnl_Id="301">
                                                <LocList>
                                                    <Loc EndOffset="9517" SrcFileId="4" StartOffset="9496"/>
                                                </LocList>
                                            </BasicStmnt>
                                            <BasicStmnt CovItemId="S107" CovItemPrefix="org.jfree.data.test.DataUtilitesTest.java" Intrnl_Id="302">
                                                <LocList>
                                                    <Loc EndOffset="9564" SrcFileId="4" StartOffset="9529"/>
                                                </LocList>
                                            </BasicStmnt>
                                            <BasicStmnt CovItemId="S108" CovItemPrefix="org.jfree.data.test.DataUtilitesTest.java" Intrnl_Id="303">
                                                <LocList>
                                                    <Loc EndOffset="9596" SrcFileId="4" StartOffset="9570"/>
                                                </LocList>
                                            </BasicStmnt>
                                            <BasicStmnt CovItemId="S109" CovItemPrefix="org.jfree.data.test.DataUtilitesTest.java" Intrnl_Id="304">
                                                <LocList>
                                                    <Loc EndOffset="9643" SrcFileId="4" StartOffset="9608"/>
                                                </LocList>
                                            </BasicStmnt>
                                            <BasicStmnt CovItemId="S110" CovItemPrefix="org.jfree.data.test.DataUtilitesTest.java" Intrnl_Id="305">
                                                <LocList>
                                                    <Loc EndOffset="9675" SrcFileId="4" StartOffset="9649"/>
                                                </LocList>
                                            </BasicStmnt>
                                            <BasicStmnt CovItemId="S111" CovItemPrefix="org.jfree.data.test.DataUtilitesTest.java" Intrnl_Id="306">
                                                <LocList>
                                                    <Loc EndOffset="9722" SrcFileId="4" StartOffset="9687"/>
                                                </LocList>
                                            </BasicStmnt>
                                            <BasicStmnt CovItemId="S112" CovItemPrefix="org.jfree.data.test.DataUtilitesTest.java" Intrnl_Id="307">
                                                <LocList>
                                                    <Loc EndOffset="9754" SrcFileId="4" StartOffset="9728"/>
                                                </LocList>
                                            </BasicStmnt>
                                        </StmntSeq>
                                    </HierarchyLvl>
                                </HierarchyLvl>
                                <HierarchyLvl HierarchyLvlId="7948" HierarchyLvlTypeId="9" Intrnl_Id="308" Name="allZeroRows">
                                    <Header>
                                        <Loc EndOffset="10085" SrcFileId="4" StartOffset="10051"/>
                                    </Header>
                                    <LocList>
                                        <Loc EndOffset="11122" SrcFileId="4" StartOffset="10051"/>
                                    </LocList>
                                    <StmntSeq Intrnl_Id="309">
                                        <LocList>
                                            <Loc EndOffset="10130" SrcFileId="4" StartOffset="10091"/>
                                            <Loc EndOffset="10201" SrcFileId="4" StartOffset="10135"/>
                                            <Loc EndOffset="10230" SrcFileId="4" StartOffset="10206"/>
                                            <Loc EndOffset="10843" SrcFileId="4" StartOffset="10841"/>
                                            <Loc EndOffset="10921" SrcFileId="4" StartOffset="10853"/>
                                            <Loc EndOffset="10970" SrcFileId="4" StartOffset="10926"/>
                                            <Loc EndOffset="11019" SrcFileId="4" StartOffset="10975"/>
                                            <Loc EndOffset="11068" SrcFileId="4" StartOffset="11024"/>
                                            <Loc EndOffset="11117" SrcFileId="4" StartOffset="11073"/>
                                        </LocList>
                                        <BasicStmnt CovItemId="S116" CovItemPrefix="org.jfree.data.test.DataUtilitesTest.java" Intrnl_Id="310">
                                            <LocList>
                                                <Loc EndOffset="10130" SrcFileId="4" StartOffset="10091"/>
                                            </LocList>
                                        </BasicStmnt>
                                        <BasicStmnt CovItemId="S117" CovItemPrefix="org.jfree.data.test.DataUtilitesTest.java" Intrnl_Id="311">
                                            <LocList>
                                                <Loc EndOffset="10201" SrcFileId="4" StartOffset="10135"/>
                                            </LocList>
                                        </BasicStmnt>
                                        <BasicStmnt CovItemId="S118" CovItemPrefix="org.jfree.data.test.DataUtilitesTest.java" Intrnl_Id="312">
                                            <LocList>
                                                <Loc EndOffset="10230" SrcFileId="4" StartOffset="10206"/>
                                                <Loc EndOffset="10843" SrcFileId="4" StartOffset="10841"/>
                                            </LocList>
                                        </BasicStmnt>
                                        <BasicStmnt CovItemId="S137" CovItemPrefix="org.jfree.data.test.DataUtilitesTest.java" Intrnl_Id="313">
                                            <LocList>
                                                <Loc EndOffset="10921" SrcFileId="4" StartOffset="10853"/>
                                            </LocList>
                                        </BasicStmnt>
                                        <BasicStmnt CovItemId="S138" CovItemPrefix="org.jfree.data.test.DataUtilitesTest.java" Intrnl_Id="314">
                                            <LocList>
                                                <Loc EndOffset="10970" SrcFileId="4" StartOffset="10926"/>
                                            </LocList>
                                        </BasicStmnt>
                                        <BasicStmnt CovItemId="S139" CovItemPrefix="org.jfree.data.test.DataUtilitesTest.java" Intrnl_Id="315">
                                            <LocList>
                                                <Loc EndOffset="11019" SrcFileId="4" StartOffset="10975"/>
                                            </LocList>
                                        </BasicStmnt>
                                        <BasicStmnt CovItemId="S140" CovItemPrefix="org.jfree.data.test.DataUtilitesTest.java" Intrnl_Id="316">
                                            <LocList>
                                                <Loc EndOffset="11068" SrcFileId="4" StartOffset="11024"/>
                                            </LocList>
                                        </BasicStmnt>
                                        <BasicStmnt CovItemId="S141" CovItemPrefix="org.jfree.data.test.DataUtilitesTest.java" Intrnl_Id="317">
                                            <LocList>
                                                <Loc EndOffset="11117" SrcFileId="4" StartOffset="11073"/>
                                            </LocList>
                                        </BasicStmnt>
                                    </StmntSeq>
                                    <HierarchyLvl HierarchyLvlId="7947" HierarchyLvlTypeId="8" Intrnl_Id="318" Name="Expectations">
                                        <Header>
                                            <Loc EndOffset="10248" SrcFileId="4" StartOffset="10234"/>
                                        </Header>
                                        <LocList>
                                            <Loc EndOffset="10841" SrcFileId="4" StartOffset="10230"/>
                                        </LocList>
                                        <StmntSeq Intrnl_Id="319">
                                            <LocList>
                                                <Loc EndOffset="10296" SrcFileId="4" StartOffset="10264"/>
                                                <Loc EndOffset="10324" SrcFileId="4" StartOffset="10303"/>
                                                <Loc EndOffset="10360" SrcFileId="4" StartOffset="10331"/>
                                                <Loc EndOffset="10388" SrcFileId="4" StartOffset="10367"/>
                                                <Loc EndOffset="10424" SrcFileId="4" StartOffset="10395"/>
                                                <Loc EndOffset="10452" SrcFileId="4" StartOffset="10431"/>
                                                <Loc EndOffset="10488" SrcFileId="4" StartOffset="10459"/>
                                                <Loc EndOffset="10516" SrcFileId="4" StartOffset="10495"/>
                                                <Loc EndOffset="10552" SrcFileId="4" StartOffset="10523"/>
                                                <Loc EndOffset="10580" SrcFileId="4" StartOffset="10559"/>
                                                <Loc EndOffset="10614" SrcFileId="4" StartOffset="10587"/>
                                                <Loc EndOffset="10642" SrcFileId="4" StartOffset="10621"/>
                                                <Loc EndOffset="10676" SrcFileId="4" StartOffset="10649"/>
                                                <Loc EndOffset="10704" SrcFileId="4" StartOffset="10683"/>
                                                <Loc EndOffset="10738" SrcFileId="4" StartOffset="10711"/>
                                                <Loc EndOffset="10766" SrcFileId="4" StartOffset="10745"/>
                                                <Loc EndOffset="10800" SrcFileId="4" StartOffset="10773"/>
                                                <Loc EndOffset="10828" SrcFileId="4" StartOffset="10807"/>
                                            </LocList>
                                            <BasicStmnt CovItemId="S119" CovItemPrefix="org.jfree.data.test.DataUtilitesTest.java" Intrnl_Id="320">
                                                <LocList>
                                                    <Loc EndOffset="10296" SrcFileId="4" StartOffset="10264"/>
                                                </LocList>
                                            </BasicStmnt>
                                            <BasicStmnt CovItemId="S120" CovItemPrefix="org.jfree.data.test.DataUtilitesTest.java" Intrnl_Id="321">
                                                <LocList>
                                                    <Loc EndOffset="10324" SrcFileId="4" StartOffset="10303"/>
                                                </LocList>
                                            </BasicStmnt>
                                            <BasicStmnt CovItemId="S121" CovItemPrefix="org.jfree.data.test.DataUtilitesTest.java" Intrnl_Id="322">
                                                <LocList>
                                                    <Loc EndOffset="10360" SrcFileId="4" StartOffset="10331"/>
                                                </LocList>
                                            </BasicStmnt>
                                            <BasicStmnt CovItemId="S122" CovItemPrefix="org.jfree.data.test.DataUtilitesTest.java" Intrnl_Id="323">
                                                <LocList>
                                                    <Loc EndOffset="10388" SrcFileId="4" StartOffset="10367"/>
                                                </LocList>
                                            </BasicStmnt>
                                            <BasicStmnt CovItemId="S123" CovItemPrefix="org.jfree.data.test.DataUtilitesTest.java" Intrnl_Id="324">
                                                <LocList>
                                                    <Loc EndOffset="10424" SrcFileId="4" StartOffset="10395"/>
                                                </LocList>
                                            </BasicStmnt>
                                            <BasicStmnt CovItemId="S124" CovItemPrefix="org.jfree.data.test.DataUtilitesTest.java" Intrnl_Id="325">
                                                <LocList>
                                                    <Loc EndOffset="10452" SrcFileId="4" StartOffset="10431"/>
                                                </LocList>
                                            </BasicStmnt>
                                            <BasicStmnt CovItemId="S125" CovItemPrefix="org.jfree.data.test.DataUtilitesTest.java" Intrnl_Id="326">
                                                <LocList>
                                                    <Loc EndOffset="10488" SrcFileId="4" StartOffset="10459"/>
                                                </LocList>
                                            </BasicStmnt>
                                            <BasicStmnt CovItemId="S126" CovItemPrefix="org.jfree.data.test.DataUtilitesTest.java" Intrnl_Id="327">
                                                <LocList>
                                                    <Loc EndOffset="10516" SrcFileId="4" StartOffset="10495"/>
                                                </LocList>
                                            </BasicStmnt>
                                            <BasicStmnt CovItemId="S127" CovItemPrefix="org.jfree.data.test.DataUtilitesTest.java" Intrnl_Id="328">
                                                <LocList>
                                                    <Loc EndOffset="10552" SrcFileId="4" StartOffset="10523"/>
                                                </LocList>
                                            </BasicStmnt>
                                            <BasicStmnt CovItemId="S128" CovItemPrefix="org.jfree.data.test.DataUtilitesTest.java" Intrnl_Id="329">
                                                <LocList>
                                                    <Loc EndOffset="10580" SrcFileId="4" StartOffset="10559"/>
                                                </LocList>
                                            </BasicStmnt>
                                            <BasicStmnt CovItemId="S129" CovItemPrefix="org.jfree.data.test.DataUtilitesTest.java" Intrnl_Id="330">
                                                <LocList>
                                                    <Loc EndOffset="10614" SrcFileId="4" StartOffset="10587"/>
                                                </LocList>
                                            </BasicStmnt>
                                            <BasicStmnt CovItemId="S130" CovItemPrefix="org.jfree.data.test.DataUtilitesTest.java" Intrnl_Id="331">
                                                <LocList>
                                                    <Loc EndOffset="10642" SrcFileId="4" StartOffset="10621"/>
                                                </LocList>
                                            </BasicStmnt>
                                            <BasicStmnt CovItemId="S131" CovItemPrefix="org.jfree.data.test.DataUtilitesTest.java" Intrnl_Id="332">
                                                <LocList>
                                                    <Loc EndOffset="10676" SrcFileId="4" StartOffset="10649"/>
                                                </LocList>
                                            </BasicStmnt>
                                            <BasicStmnt CovItemId="S132" CovItemPrefix="org.jfree.data.test.DataUtilitesTest.java" Intrnl_Id="333">
                                                <LocList>
                                                    <Loc EndOffset="10704" SrcFileId="4" StartOffset="10683"/>
                                                </LocList>
                                            </BasicStmnt>
                                            <BasicStmnt CovItemId="S133" CovItemPrefix="org.jfree.data.test.DataUtilitesTest.java" Intrnl_Id="334">
                                                <LocList>
                                                    <Loc EndOffset="10738" SrcFileId="4" StartOffset="10711"/>
                                                </LocList>
                                            </BasicStmnt>
                                            <BasicStmnt CovItemId="S134" CovItemPrefix="org.jfree.data.test.DataUtilitesTest.java" Intrnl_Id="335">
                                                <LocList>
                                                    <Loc EndOffset="10766" SrcFileId="4" StartOffset="10745"/>
                                                </LocList>
                                            </BasicStmnt>
                                            <BasicStmnt CovItemId="S135" CovItemPrefix="org.jfree.data.test.DataUtilitesTest.java" Intrnl_Id="336">
                                                <LocList>
                                                    <Loc EndOffset="10800" SrcFileId="4" StartOffset="10773"/>
                                                </LocList>
                                            </BasicStmnt>
                                            <BasicStmnt CovItemId="S136" CovItemPrefix="org.jfree.data.test.DataUtilitesTest.java" Intrnl_Id="337">
                                                <LocList>
                                                    <Loc EndOffset="10828" SrcFileId="4" StartOffset="10807"/>
                                                </LocList>
                                            </BasicStmnt>
                                        </StmntSeq>
                                    </HierarchyLvl>
                                </HierarchyLvl>
                                <HierarchyLvl HierarchyLvlId="7950" HierarchyLvlTypeId="9" Intrnl_Id="338" Name="lastTwoRowsZero">
                                    <Header>
                                        <Loc EndOffset="11212" SrcFileId="4" StartOffset="11174"/>
                                    </Header>
                                    <LocList>
                                        <Loc EndOffset="12075" SrcFileId="4" StartOffset="11174"/>
                                    </LocList>
                                    <StmntSeq Intrnl_Id="339">
                                        <LocList>
                                            <Loc EndOffset="11257" SrcFileId="4" StartOffset="11218"/>
                                            <Loc EndOffset="11328" SrcFileId="4" StartOffset="11262"/>
                                            <Loc EndOffset="11357" SrcFileId="4" StartOffset="11333"/>
                                            <Loc EndOffset="11858" SrcFileId="4" StartOffset="11856"/>
                                            <Loc EndOffset="11936" SrcFileId="4" StartOffset="11868"/>
                                            <Loc EndOffset="11979" SrcFileId="4" StartOffset="11941"/>
                                            <Loc EndOffset="12022" SrcFileId="4" StartOffset="11984"/>
                                            <Loc EndOffset="12065" SrcFileId="4" StartOffset="12027"/>
                                        </LocList>
                                        <BasicStmnt CovItemId="S142" CovItemPrefix="org.jfree.data.test.DataUtilitesTest.java" Intrnl_Id="340">
                                            <LocList>
                                                <Loc EndOffset="11257" SrcFileId="4" StartOffset="11218"/>
                                            </LocList>
                                        </BasicStmnt>
                                        <BasicStmnt CovItemId="S143" CovItemPrefix="org.jfree.data.test.DataUtilitesTest.java" Intrnl_Id="341">
                                            <LocList>
                                                <Loc EndOffset="11328" SrcFileId="4" StartOffset="11262"/>
                                            </LocList>
                                        </BasicStmnt>
                                        <BasicStmnt CovItemId="S144" CovItemPrefix="org.jfree.data.test.DataUtilitesTest.java" Intrnl_Id="342">
                                            <LocList>
                                                <Loc EndOffset="11357" SrcFileId="4" StartOffset="11333"/>
                                                <Loc EndOffset="11858" SrcFileId="4" StartOffset="11856"/>
                                            </LocList>
                                        </BasicStmnt>
                                        <BasicStmnt CovItemId="S159" CovItemPrefix="org.jfree.data.test.DataUtilitesTest.java" Intrnl_Id="343">
                                            <LocList>
                                                <Loc EndOffset="11936" SrcFileId="4" StartOffset="11868"/>
                                            </LocList>
                                        </BasicStmnt>
                                        <BasicStmnt CovItemId="S160" CovItemPrefix="org.jfree.data.test.DataUtilitesTest.java" Intrnl_Id="344">
                                            <LocList>
                                                <Loc EndOffset="11979" SrcFileId="4" StartOffset="11941"/>
                                            </LocList>
                                        </BasicStmnt>
                                        <BasicStmnt CovItemId="S161" CovItemPrefix="org.jfree.data.test.DataUtilitesTest.java" Intrnl_Id="345">
                                            <LocList>
                                                <Loc EndOffset="12022" SrcFileId="4" StartOffset="11984"/>
                                            </LocList>
                                        </BasicStmnt>
                                        <BasicStmnt CovItemId="S162" CovItemPrefix="org.jfree.data.test.DataUtilitesTest.java" Intrnl_Id="346">
                                            <LocList>
                                                <Loc EndOffset="12065" SrcFileId="4" StartOffset="12027"/>
                                            </LocList>
                                        </BasicStmnt>
                                    </StmntSeq>
                                    <HierarchyLvl HierarchyLvlId="7949" HierarchyLvlTypeId="8" Intrnl_Id="347" Name="Expectations">
                                        <Header>
                                            <Loc EndOffset="11375" SrcFileId="4" StartOffset="11361"/>
                                        </Header>
                                        <LocList>
                                            <Loc EndOffset="11856" SrcFileId="4" StartOffset="11357"/>
                                        </LocList>
                                        <StmntSeq Intrnl_Id="348">
                                            <LocList>
                                                <Loc EndOffset="11423" SrcFileId="4" StartOffset="11391"/>
                                                <Loc EndOffset="11451" SrcFileId="4" StartOffset="11430"/>
                                                <Loc EndOffset="11487" SrcFileId="4" StartOffset="11458"/>
                                                <Loc EndOffset="11515" SrcFileId="4" StartOffset="11494"/>
                                                <Loc EndOffset="11551" SrcFileId="4" StartOffset="11522"/>
                                                <Loc EndOffset="11579" SrcFileId="4" StartOffset="11558"/>
                                                <Loc EndOffset="11615" SrcFileId="4" StartOffset="11586"/>
                                                <Loc EndOffset="11643" SrcFileId="4" StartOffset="11622"/>
                                                <Loc EndOffset="11684" SrcFileId="4" StartOffset="11657"/>
                                                <Loc EndOffset="11712" SrcFileId="4" StartOffset="11691"/>
                                                <Loc EndOffset="11746" SrcFileId="4" StartOffset="11719"/>
                                                <Loc EndOffset="11774" SrcFileId="4" StartOffset="11753"/>
                                                <Loc EndOffset="11808" SrcFileId="4" StartOffset="11781"/>
                                                <Loc EndOffset="11836" SrcFileId="4" StartOffset="11815"/>
                                            </LocList>
                                            <BasicStmnt CovItemId="S145" CovItemPrefix="org.jfree.data.test.DataUtilitesTest.java" Intrnl_Id="349">
                                                <LocList>
                                                    <Loc EndOffset="11423" SrcFileId="4" StartOffset="11391"/>
                                                </LocList>
                                            </BasicStmnt>
                                            <BasicStmnt CovItemId="S146" CovItemPrefix="org.jfree.data.test.DataUtilitesTest.java" Intrnl_Id="350">
                                                <LocList>
                                                    <Loc EndOffset="11451" SrcFileId="4" StartOffset="11430"/>
                                                </LocList>
                                            </BasicStmnt>
                                            <BasicStmnt CovItemId="S147" CovItemPrefix="org.jfree.data.test.DataUtilitesTest.java" Intrnl_Id="351">
                                                <LocList>
                                                    <Loc EndOffset="11487" SrcFileId="4" StartOffset="11458"/>
                                                </LocList>
                                            </BasicStmnt>
                                            <BasicStmnt CovItemId="S148" CovItemPrefix="org.jfree.data.test.DataUtilitesTest.java" Intrnl_Id="352">
                                                <LocList>
                                                    <Loc EndOffset="11515" SrcFileId="4" StartOffset="11494"/>
                                                </LocList>
                                            </BasicStmnt>
                                            <BasicStmnt CovItemId="S149" CovItemPrefix="org.jfree.data.test.DataUtilitesTest.java" Intrnl_Id="353">
                                                <LocList>
                                                    <Loc EndOffset="11551" SrcFileId="4" StartOffset="11522"/>
                                                </LocList>
                                            </BasicStmnt>
                                            <BasicStmnt CovItemId="S150" CovItemPrefix="org.jfree.data.test.DataUtilitesTest.java" Intrnl_Id="354">
                                                <LocList>
                                                    <Loc EndOffset="11579" SrcFileId="4" StartOffset="11558"/>
                                                </LocList>
                                            </BasicStmnt>
                                            <BasicStmnt CovItemId="S151" CovItemPrefix="org.jfree.data.test.DataUtilitesTest.java" Intrnl_Id="355">
                                                <LocList>
                                                    <Loc EndOffset="11615" SrcFileId="4" StartOffset="11586"/>
                                                </LocList>
                                            </BasicStmnt>
                                            <BasicStmnt CovItemId="S152" CovItemPrefix="org.jfree.data.test.DataUtilitesTest.java" Intrnl_Id="356">
                                                <LocList>
                                                    <Loc EndOffset="11643" SrcFileId="4" StartOffset="11622"/>
                                                </LocList>
                                            </BasicStmnt>
                                            <BasicStmnt CovItemId="S153" CovItemPrefix="org.jfree.data.test.DataUtilitesTest.java" Intrnl_Id="357">
                                                <LocList>
                                                    <Loc EndOffset="11684" SrcFileId="4" StartOffset="11657"/>
                                                </LocList>
                                            </BasicStmnt>
                                            <BasicStmnt CovItemId="S154" CovItemPrefix="org.jfree.data.test.DataUtilitesTest.java" Intrnl_Id="358">
                                                <LocList>
                                                    <Loc EndOffset="11712" SrcFileId="4" StartOffset="11691"/>
                                                </LocList>
                                            </BasicStmnt>
                                            <BasicStmnt CovItemId="S155" CovItemPrefix="org.jfree.data.test.DataUtilitesTest.java" Intrnl_Id="359">
                                                <LocList>
                                                    <Loc EndOffset="11746" SrcFileId="4" StartOffset="11719"/>
                                                </LocList>
                                            </BasicStmnt>
                                            <BasicStmnt CovItemId="S156" CovItemPrefix="org.jfree.data.test.DataUtilitesTest.java" Intrnl_Id="360">
                                                <LocList>
                                                    <Loc EndOffset="11774" SrcFileId="4" StartOffset="11753"/>
                                                </LocList>
                                            </BasicStmnt>
                                            <BasicStmnt CovItemId="S157" CovItemPrefix="org.jfree.data.test.DataUtilitesTest.java" Intrnl_Id="361">
                                                <LocList>
                                                    <Loc EndOffset="11808" SrcFileId="4" StartOffset="11781"/>
                                                </LocList>
                                            </BasicStmnt>
                                            <BasicStmnt CovItemId="S158" CovItemPrefix="org.jfree.data.test.DataUtilitesTest.java" Intrnl_Id="362">
                                                <LocList>
                                                    <Loc EndOffset="11836" SrcFileId="4" StartOffset="11815"/>
                                                </LocList>
                                            </BasicStmnt>
                                        </StmntSeq>
                                    </HierarchyLvl>
                                </HierarchyLvl>
                                <HierarchyLvl HierarchyLvlId="7952" HierarchyLvlTypeId="9" Intrnl_Id="363" Name="firstThreeRowsZero">
                                    <Header>
                                        <Loc EndOffset="12167" SrcFileId="4" StartOffset="12126"/>
                                    </Header>
                                    <LocList>
                                        <Loc EndOffset="13030" SrcFileId="4" StartOffset="12126"/>
                                    </LocList>
                                    <StmntSeq Intrnl_Id="364">
                                        <LocList>
                                            <Loc EndOffset="12212" SrcFileId="4" StartOffset="12173"/>
                                            <Loc EndOffset="12283" SrcFileId="4" StartOffset="12217"/>
                                            <Loc EndOffset="12312" SrcFileId="4" StartOffset="12288"/>
                                            <Loc EndOffset="12813" SrcFileId="4" StartOffset="12811"/>
                                            <Loc EndOffset="12891" SrcFileId="4" StartOffset="12823"/>
                                            <Loc EndOffset="12934" SrcFileId="4" StartOffset="12896"/>
                                            <Loc EndOffset="12977" SrcFileId="4" StartOffset="12939"/>
                                            <Loc EndOffset="13020" SrcFileId="4" StartOffset="12982"/>
                                        </LocList>
                                        <BasicStmnt CovItemId="S163" CovItemPrefix="org.jfree.data.test.DataUtilitesTest.java" Intrnl_Id="365">
                                            <LocList>
                                                <Loc EndOffset="12212" SrcFileId="4" StartOffset="12173"/>
                                            </LocList>
                                        </BasicStmnt>
                                        <BasicStmnt CovItemId="S164" CovItemPrefix="org.jfree.data.test.DataUtilitesTest.java" Intrnl_Id="366">
                                            <LocList>
                                                <Loc EndOffset="12283" SrcFileId="4" StartOffset="12217"/>
                                            </LocList>
                                        </BasicStmnt>
                                        <BasicStmnt CovItemId="S165" CovItemPrefix="org.jfree.data.test.DataUtilitesTest.java" Intrnl_Id="367">
                                            <LocList>
                                                <Loc EndOffset="12312" SrcFileId="4" StartOffset="12288"/>
                                                <Loc EndOffset="12813" SrcFileId="4" StartOffset="12811"/>
                                            </LocList>
                                        </BasicStmnt>
                                        <BasicStmnt CovItemId="S180" CovItemPrefix="org.jfree.data.test.DataUtilitesTest.java" Intrnl_Id="368">
                                            <LocList>
                                                <Loc EndOffset="12891" SrcFileId="4" StartOffset="12823"/>
                                            </LocList>
                                        </BasicStmnt>
                                        <BasicStmnt CovItemId="S181" CovItemPrefix="org.jfree.data.test.DataUtilitesTest.java" Intrnl_Id="369">
                                            <LocList>
                                                <Loc EndOffset="12934" SrcFileId="4" StartOffset="12896"/>
                                            </LocList>
                                        </BasicStmnt>
                                        <BasicStmnt CovItemId="S182" CovItemPrefix="org.jfree.data.test.DataUtilitesTest.java" Intrnl_Id="370">
                                            <LocList>
                                                <Loc EndOffset="12977" SrcFileId="4" StartOffset="12939"/>
                                            </LocList>
                                        </BasicStmnt>
                                        <BasicStmnt CovItemId="S183" CovItemPrefix="org.jfree.data.test.DataUtilitesTest.java" Intrnl_Id="371">
                                            <LocList>
                                                <Loc EndOffset="13020" SrcFileId="4" StartOffset="12982"/>
                                            </LocList>
                                        </BasicStmnt>
                                    </StmntSeq>
                                    <HierarchyLvl HierarchyLvlId="7951" HierarchyLvlTypeId="8" Intrnl_Id="372" Name="Expectations">
                                        <Header>
                                            <Loc EndOffset="12330" SrcFileId="4" StartOffset="12316"/>
                                        </Header>
                                        <LocList>
                                            <Loc EndOffset="12811" SrcFileId="4" StartOffset="12312"/>
                                        </LocList>
                                        <StmntSeq Intrnl_Id="373">
                                            <LocList>
                                                <Loc EndOffset="12378" SrcFileId="4" StartOffset="12346"/>
                                                <Loc EndOffset="12406" SrcFileId="4" StartOffset="12385"/>
                                                <Loc EndOffset="12442" SrcFileId="4" StartOffset="12413"/>
                                                <Loc EndOffset="12470" SrcFileId="4" StartOffset="12449"/>
                                                <Loc EndOffset="12506" SrcFileId="4" StartOffset="12477"/>
                                                <Loc EndOffset="12534" SrcFileId="4" StartOffset="12513"/>
                                                <Loc EndOffset="12570" SrcFileId="4" StartOffset="12541"/>
                                                <Loc EndOffset="12598" SrcFileId="4" StartOffset="12577"/>
                                                <Loc EndOffset="12639" SrcFileId="4" StartOffset="12612"/>
                                                <Loc EndOffset="12667" SrcFileId="4" StartOffset="12646"/>
                                                <Loc EndOffset="12701" SrcFileId="4" StartOffset="12674"/>
                                                <Loc EndOffset="12729" SrcFileId="4" StartOffset="12708"/>
                                                <Loc EndOffset="12763" SrcFileId="4" StartOffset="12736"/>
                                                <Loc EndOffset="12791" SrcFileId="4" StartOffset="12770"/>
                                            </LocList>
                                            <BasicStmnt CovItemId="S166" CovItemPrefix="org.jfree.data.test.DataUtilitesTest.java" Intrnl_Id="374">
                                                <LocList>
                                                    <Loc EndOffset="12378" SrcFileId="4" StartOffset="12346"/>
                                                </LocList>
                                            </BasicStmnt>
                                            <BasicStmnt CovItemId="S167" CovItemPrefix="org.jfree.data.test.DataUtilitesTest.java" Intrnl_Id="375">
                                                <LocList>
                                                    <Loc EndOffset="12406" SrcFileId="4" StartOffset="12385"/>
                                                </LocList>
                                            </BasicStmnt>
                                            <BasicStmnt CovItemId="S168" CovItemPrefix="org.jfree.data.test.DataUtilitesTest.java" Intrnl_Id="376">
                                                <LocList>
                                                    <Loc EndOffset="12442" SrcFileId="4" StartOffset="12413"/>
                                                </LocList>
                                            </BasicStmnt>
                                            <BasicStmnt CovItemId="S169" CovItemPrefix="org.jfree.data.test.DataUtilitesTest.java" Intrnl_Id="377">
                                                <LocList>
                                                    <Loc EndOffset="12470" SrcFileId="4" StartOffset="12449"/>
                                                </LocList>
                                            </BasicStmnt>
                                            <BasicStmnt CovItemId="S170" CovItemPrefix="org.jfree.data.test.DataUtilitesTest.java" Intrnl_Id="378">
                                                <LocList>
                                                    <Loc EndOffset="12506" SrcFileId="4" StartOffset="12477"/>
                                                </LocList>
                                            </BasicStmnt>
                                            <BasicStmnt CovItemId="S171" CovItemPrefix="org.jfree.data.test.DataUtilitesTest.java" Intrnl_Id="379">
                                                <LocList>
                                                    <Loc EndOffset="12534" SrcFileId="4" StartOffset="12513"/>
                                                </LocList>
                                            </BasicStmnt>
                                            <BasicStmnt CovItemId="S172" CovItemPrefix="org.jfree.data.test.DataUtilitesTest.java" Intrnl_Id="380">
                                                <LocList>
                                                    <Loc EndOffset="12570" SrcFileId="4" StartOffset="12541"/>
                                                </LocList>
                                            </BasicStmnt>
                                            <BasicStmnt CovItemId="S173" CovItemPrefix="org.jfree.data.test.DataUtilitesTest.java" Intrnl_Id="381">
                                                <LocList>
                                                    <Loc EndOffset="12598" SrcFileId="4" StartOffset="12577"/>
                                                </LocList>
                                            </BasicStmnt>
                                            <BasicStmnt CovItemId="S174" CovItemPrefix="org.jfree.data.test.DataUtilitesTest.java" Intrnl_Id="382">
                                                <LocList>
                                                    <Loc EndOffset="12639" SrcFileId="4" StartOffset="12612"/>
                                                </LocList>
                                            </BasicStmnt>
                                            <BasicStmnt CovItemId="S175" CovItemPrefix="org.jfree.data.test.DataUtilitesTest.java" Intrnl_Id="383">
                                                <LocList>
                                                    <Loc EndOffset="12667" SrcFileId="4" StartOffset="12646"/>
                                                </LocList>
                                            </BasicStmnt>
                                            <BasicStmnt CovItemId="S176" CovItemPrefix="org.jfree.data.test.DataUtilitesTest.java" Intrnl_Id="384">
                                                <LocList>
                                                    <Loc EndOffset="12701" SrcFileId="4" StartOffset="12674"/>
                                                </LocList>
                                            </BasicStmnt>
                                            <BasicStmnt CovItemId="S177" CovItemPrefix="org.jfree.data.test.DataUtilitesTest.java" Intrnl_Id="385">
                                                <LocList>
                                                    <Loc EndOffset="12729" SrcFileId="4" StartOffset="12708"/>
                                                </LocList>
                                            </BasicStmnt>
                                            <BasicStmnt CovItemId="S178" CovItemPrefix="org.jfree.data.test.DataUtilitesTest.java" Intrnl_Id="386">
                                                <LocList>
                                                    <Loc EndOffset="12763" SrcFileId="4" StartOffset="12736"/>
                                                </LocList>
                                            </BasicStmnt>
                                            <BasicStmnt CovItemId="S179" CovItemPrefix="org.jfree.data.test.DataUtilitesTest.java" Intrnl_Id="387">
                                                <LocList>
                                                    <Loc EndOffset="12791" SrcFileId="4" StartOffset="12770"/>
                                                </LocList>
                                            </BasicStmnt>
                                        </StmntSeq>
                                    </HierarchyLvl>
                                </HierarchyLvl>
                                <HierarchyLvl HierarchyLvlId="7953" HierarchyLvlTypeId="9" Intrnl_Id="388" Name="getCumulativePercentagesNullArgument">
                                    <Header>
                                        <Loc EndOffset="13195" SrcFileId="4" StartOffset="13075"/>
                                    </Header>
                                    <LocList>
                                        <Loc EndOffset="13251" SrcFileId="4" StartOffset="13075"/>
                                    </LocList>
                                    <StmntSeq Intrnl_Id="389">
                                        <LocList>
                                            <Loc EndOffset="13246" SrcFileId="4" StartOffset="13201"/>
                                        </LocList>
                                        <BasicStmnt CovItemId="S184" CovItemPrefix="org.jfree.data.test.DataUtilitesTest.java" Intrnl_Id="390">
                                            <LocList>
                                                <Loc EndOffset="13246" SrcFileId="4" StartOffset="13201"/>
                                            </LocList>
                                        </BasicStmnt>
                                    </StmntSeq>
                                </HierarchyLvl>
                                <HierarchyLvl HierarchyLvlId="7954" HierarchyLvlTypeId="9" Intrnl_Id="391" Name="nullCumulativePercentageTest">
                                    <Header>
                                        <Loc EndOffset="13382" SrcFileId="4" StartOffset="13331"/>
                                    </Header>
                                    <LocList>
                                        <Loc EndOffset="13587" SrcFileId="4" StartOffset="13331"/>
                                    </LocList>
                                    <StmntSeq Intrnl_Id="392">
                                        <LocList>
                                            <Loc EndOffset="13445" SrcFileId="4" StartOffset="13400"/>
                                            <Loc EndOffset="13493" SrcFileId="4" StartOffset="13451"/>
                                            <Loc EndOffset="13582" SrcFileId="4" StartOffset="13389"/>
                                        </LocList>
                                        <BasicStmnt CovItemId="S186" CovItemPrefix="org.jfree.data.test.DataUtilitesTest.java" Intrnl_Id="393">
                                            <LocList>
                                                <Loc EndOffset="13445" SrcFileId="4" StartOffset="13400"/>
                                            </LocList>
                                        </BasicStmnt>
                                        <BasicStmnt CovItemId="S187" CovItemPrefix="org.jfree.data.test.DataUtilitesTest.java" Intrnl_Id="394">
                                            <LocList>
                                                <Loc EndOffset="13493" SrcFileId="4" StartOffset="13451"/>
                                            </LocList>
                                        </BasicStmnt>
                                        <CondStmnt CovItemId="S185" CovItemPrefix="org.jfree.data.test.DataUtilitesTest.java" Intrnl_Id="395">
                                            <Branch CovItemId="B1" CovItemPrefix="org.jfree.data.test.DataUtilitesTest.java" Implct="true" Intrnl_Id="396">
                                                <Cond/>
                                                <LocList/>
                                                <StmntSeq Intrnl_Id="397">
                                                    <LocList/>
                                                </StmntSeq>
                                            </Branch>
                                            <Branch CovItemId="B2" CovItemPrefix="org.jfree.data.test.DataUtilitesTest.java" Implct="false" Intrnl_Id="398">
                                                <Cond>
                                                    <Loc EndOffset="13517" SrcFileId="4" StartOffset="13499"/>
                                                </Cond>
                                                <LocList>
                                                    <Loc EndOffset="13582" SrcFileId="4" StartOffset="13518"/>
                                                </LocList>
                                                <StmntSeq Intrnl_Id="399">
                                                    <LocList>
                                                        <Loc EndOffset="13576" SrcFileId="4" StartOffset="13525"/>
                                                    </LocList>
                                                    <BasicStmnt CovItemId="S188" CovItemPrefix="org.jfree.data.test.DataUtilitesTest.java" Intrnl_Id="400">
                                                        <LocList>
                                                            <Loc EndOffset="13576" SrcFileId="4" StartOffset="13525"/>
                                                        </LocList>
                                                    </BasicStmnt>
                                                </StmntSeq>
                                            </Branch>
                                            <Keyword EndOffset="13392" SrcFileId="4" StartOffset="13389"/>
                                            <LocList>
                                                <Loc EndOffset="13582" SrcFileId="4" StartOffset="13389"/>
                                            </LocList>
                                        </CondStmnt>
                                    </StmntSeq>
                                </HierarchyLvl>
                                <HierarchyLvl HierarchyLvlId="7955" HierarchyLvlTypeId="9" Intrnl_Id="401" Name="tearDown">
                                    <Header>
                                        <Loc EndOffset="13641" SrcFileId="4" StartOffset="13593"/>
                                    </Header>
                                    <LocList>
                                        <Loc EndOffset="13647" SrcFileId="4" StartOffset="13593"/>
                                    </LocList>
                                </HierarchyLvl>
                                <HierarchyLvl HierarchyLvlId="7956" HierarchyLvlTypeId="9" Intrnl_Id="402" Name="tearDownAfterClass">
                                    <Header>
                                        <Loc EndOffset="13722" SrcFileId="4" StartOffset="13652"/>
                                    </Header>
                                    <LocList>
                                        <Loc EndOffset="13728" SrcFileId="4" StartOffset="13652"/>
                                    </LocList>
                                </HierarchyLvl>
                            </HierarchyLvl>
                            <HierarchyLvl HierarchyLvlId="8044" HierarchyLvlTypeId="10" Intrnl_Id="403" Name="RangeTest">
                                <Header>
                                    <Loc EndOffset="140" SrcFileId="5" StartOffset="118"/>
                                </Header>
                                <LocList>
                                    <Loc EndOffset="22764" SrcFileId="5" StartOffset="118"/>
                                </LocList>
                                <HierarchyLvl HierarchyLvlId="7958" HierarchyLvlTypeId="9" Intrnl_Id="404" Name="setUpBeforeClass">
                                    <Header>
                                        <Loc EndOffset="494" SrcFileId="5" StartOffset="427"/>
                                    </Header>
                                    <LocList>
                                        <Loc EndOffset="501" SrcFileId="5" StartOffset="427"/>
                                    </LocList>
                                </HierarchyLvl>
                                <HierarchyLvl HierarchyLvlId="7959" HierarchyLvlTypeId="9" Intrnl_Id="405" Name="setUp">
                                    <Header>
                                        <Loc EndOffset="552" SrcFileId="5" StartOffset="505"/>
                                    </Header>
                                    <LocList>
                                        <Loc EndOffset="1064" SrcFileId="5" StartOffset="505"/>
                                    </LocList>
                                    <StmntSeq Intrnl_Id="406">
                                        <LocList>
                                            <Loc EndOffset="587" SrcFileId="5" StartOffset="558"/>
                                            <Loc EndOffset="625" SrcFileId="5" StartOffset="593"/>
                                            <Loc EndOffset="663" SrcFileId="5" StartOffset="629"/>
                                            <Loc EndOffset="707" SrcFileId="5" StartOffset="680"/>
                                            <Loc EndOffset="770" SrcFileId="5" StartOffset="745"/>
                                            <Loc EndOffset="843" SrcFileId="5" StartOffset="817"/>
                                            <Loc EndOffset="913" SrcFileId="5" StartOffset="881"/>
                                            <Loc EndOffset="970" SrcFileId="5" StartOffset="944"/>
                                            <Loc EndOffset="1030" SrcFileId="5" StartOffset="1004"/>
                                        </LocList>
                                        <BasicStmnt CovItemId="S1" CovItemPrefix="org.jfree.data.test.RangeTest.java" Intrnl_Id="407">
                                            <LocList>
                                                <Loc EndOffset="587" SrcFileId="5" StartOffset="558"/>
                                            </LocList>
                                        </BasicStmnt>
                                        <BasicStmnt CovItemId="S2" CovItemPrefix="org.jfree.data.test.RangeTest.java" Intrnl_Id="408">
                                            <LocList>
                                                <Loc EndOffset="625" SrcFileId="5" StartOffset="593"/>
                                            </LocList>
                                        </BasicStmnt>
                                        <BasicStmnt CovItemId="S3" CovItemPrefix="org.jfree.data.test.RangeTest.java" Intrnl_Id="409">
                                            <LocList>
                                                <Loc EndOffset="663" SrcFileId="5" StartOffset="629"/>
                                            </LocList>
                                        </BasicStmnt>
                                        <BasicStmnt CovItemId="S4" CovItemPrefix="org.jfree.data.test.RangeTest.java" Intrnl_Id="410">
                                            <LocList>
                                                <Loc EndOffset="707" SrcFileId="5" StartOffset="680"/>
                                            </LocList>
                                        </BasicStmnt>
                                        <BasicStmnt CovItemId="S5" CovItemPrefix="org.jfree.data.test.RangeTest.java" Intrnl_Id="411">
                                            <LocList>
                                                <Loc EndOffset="770" SrcFileId="5" StartOffset="745"/>
                                            </LocList>
                                        </BasicStmnt>
                                        <BasicStmnt CovItemId="S6" CovItemPrefix="org.jfree.data.test.RangeTest.java" Intrnl_Id="412">
                                            <LocList>
                                                <Loc EndOffset="843" SrcFileId="5" StartOffset="817"/>
                                            </LocList>
                                        </BasicStmnt>
                                        <BasicStmnt CovItemId="S7" CovItemPrefix="org.jfree.data.test.RangeTest.java" Intrnl_Id="413">
                                            <LocList>
                                                <Loc EndOffset="913" SrcFileId="5" StartOffset="881"/>
                                            </LocList>
                                        </BasicStmnt>
                                        <BasicStmnt CovItemId="S8" CovItemPrefix="org.jfree.data.test.RangeTest.java" Intrnl_Id="414">
                                            <LocList>
                                                <Loc EndOffset="970" SrcFileId="5" StartOffset="944"/>
                                            </LocList>
                                        </BasicStmnt>
                                        <BasicStmnt CovItemId="S9" CovItemPrefix="org.jfree.data.test.RangeTest.java" Intrnl_Id="415">
                                            <LocList>
                                                <Loc EndOffset="1030" SrcFileId="5" StartOffset="1004"/>
                                            </LocList>
                                        </BasicStmnt>
                                    </StmntSeq>
                                </HierarchyLvl>
                                <HierarchyLvl HierarchyLvlId="7960" HierarchyLvlTypeId="9" Intrnl_Id="416" Name="numberLowerThanLowerBoundary">
                                    <Header>
                                        <Loc EndOffset="1271" SrcFileId="5" StartOffset="1220"/>
                                    </Header>
                                    <LocList>
                                        <Loc EndOffset="1404" SrcFileId="5" StartOffset="1220"/>
                                    </LocList>
                                    <StmntSeq Intrnl_Id="417">
                                        <LocList>
                                            <Loc EndOffset="1399" SrcFileId="5" StartOffset="1277"/>
                                        </LocList>
                                        <BasicStmnt CovItemId="S10" CovItemPrefix="org.jfree.data.test.RangeTest.java" Intrnl_Id="418">
                                            <LocList>
                                                <Loc EndOffset="1399" SrcFileId="5" StartOffset="1277"/>
                                            </LocList>
                                        </BasicStmnt>
                                    </StmntSeq>
                                </HierarchyLvl>
                                <HierarchyLvl HierarchyLvlId="7961" HierarchyLvlTypeId="9" Intrnl_Id="419" Name="numberLowerThanLowerBoundaryWithRangeZero">
                                    <Header>
                                        <Loc EndOffset="1601" SrcFileId="5" StartOffset="1537"/>
                                    </Header>
                                    <LocList>
                                        <Loc EndOffset="1736" SrcFileId="5" StartOffset="1537"/>
                                    </LocList>
                                    <StmntSeq Intrnl_Id="420">
                                        <LocList>
                                            <Loc EndOffset="1731" SrcFileId="5" StartOffset="1607"/>
                                        </LocList>
                                        <BasicStmnt CovItemId="S11" CovItemPrefix="org.jfree.data.test.RangeTest.java" Intrnl_Id="421">
                                            <LocList>
                                                <Loc EndOffset="1731" SrcFileId="5" StartOffset="1607"/>
                                            </LocList>
                                        </BasicStmnt>
                                    </StmntSeq>
                                </HierarchyLvl>
                                <HierarchyLvl HierarchyLvlId="7962" HierarchyLvlTypeId="9" Intrnl_Id="422" Name="numberHigherThanUpperBoundary">
                                    <Header>
                                        <Loc EndOffset="1916" SrcFileId="5" StartOffset="1864"/>
                                    </Header>
                                    <LocList>
                                        <Loc EndOffset="2045" SrcFileId="5" StartOffset="1864"/>
                                    </LocList>
                                    <StmntSeq Intrnl_Id="423">
                                        <LocList>
                                            <Loc EndOffset="2040" SrcFileId="5" StartOffset="1922"/>
                                        </LocList>
                                        <BasicStmnt CovItemId="S12" CovItemPrefix="org.jfree.data.test.RangeTest.java" Intrnl_Id="424">
                                            <LocList>
                                                <Loc EndOffset="2040" SrcFileId="5" StartOffset="1922"/>
                                            </LocList>
                                        </BasicStmnt>
                                    </StmntSeq>
                                </HierarchyLvl>
                                <HierarchyLvl HierarchyLvlId="7963" HierarchyLvlTypeId="9" Intrnl_Id="425" Name="numberHigherThanUpperBoundaryWithRangeZero">
                                    <Header>
                                        <Loc EndOffset="2244" SrcFileId="5" StartOffset="2179"/>
                                    </Header>
                                    <LocList>
                                        <Loc EndOffset="2378" SrcFileId="5" StartOffset="2179"/>
                                    </LocList>
                                    <StmntSeq Intrnl_Id="426">
                                        <LocList>
                                            <Loc EndOffset="2373" SrcFileId="5" StartOffset="2250"/>
                                        </LocList>
                                        <BasicStmnt CovItemId="S13" CovItemPrefix="org.jfree.data.test.RangeTest.java" Intrnl_Id="427">
                                            <LocList>
                                                <Loc EndOffset="2373" SrcFileId="5" StartOffset="2250"/>
                                            </LocList>
                                        </BasicStmnt>
                                    </StmntSeq>
                                </HierarchyLvl>
                                <HierarchyLvl HierarchyLvlId="7964" HierarchyLvlTypeId="9" Intrnl_Id="428" Name="numberWithinRange">
                                    <Header>
                                        <Loc EndOffset="2510" SrcFileId="5" StartOffset="2470"/>
                                    </Header>
                                    <LocList>
                                        <Loc EndOffset="2639" SrcFileId="5" StartOffset="2470"/>
                                    </LocList>
                                    <StmntSeq Intrnl_Id="429">
                                        <LocList>
                                            <Loc EndOffset="2634" SrcFileId="5" StartOffset="2516"/>
                                        </LocList>
                                        <BasicStmnt CovItemId="S14" CovItemPrefix="org.jfree.data.test.RangeTest.java" Intrnl_Id="430">
                                            <LocList>
                                                <Loc EndOffset="2634" SrcFileId="5" StartOffset="2516"/>
                                            </LocList>
                                        </BasicStmnt>
                                    </StmntSeq>
                                </HierarchyLvl>
                                <HierarchyLvl HierarchyLvlId="7965" HierarchyLvlTypeId="9" Intrnl_Id="431" Name="numberIsLowerBoundary">
                                    <Header>
                                        <Loc EndOffset="2814" SrcFileId="5" StartOffset="2770"/>
                                    </Header>
                                    <LocList>
                                        <Loc EndOffset="2947" SrcFileId="5" StartOffset="2770"/>
                                    </LocList>
                                    <StmntSeq Intrnl_Id="432">
                                        <LocList>
                                            <Loc EndOffset="2942" SrcFileId="5" StartOffset="2820"/>
                                        </LocList>
                                        <BasicStmnt CovItemId="S15" CovItemPrefix="org.jfree.data.test.RangeTest.java" Intrnl_Id="433">
                                            <LocList>
                                                <Loc EndOffset="2942" SrcFileId="5" StartOffset="2820"/>
                                            </LocList>
                                        </BasicStmnt>
                                    </StmntSeq>
                                </HierarchyLvl>
                                <HierarchyLvl HierarchyLvlId="7966" HierarchyLvlTypeId="9" Intrnl_Id="434" Name="numberIsUpperBoundary">
                                    <Header>
                                        <Loc EndOffset="3122" SrcFileId="5" StartOffset="3078"/>
                                    </Header>
                                    <LocList>
                                        <Loc EndOffset="3251" SrcFileId="5" StartOffset="3078"/>
                                    </LocList>
                                    <StmntSeq Intrnl_Id="435">
                                        <LocList>
                                            <Loc EndOffset="3246" SrcFileId="5" StartOffset="3128"/>
                                        </LocList>
                                        <BasicStmnt CovItemId="S16" CovItemPrefix="org.jfree.data.test.RangeTest.java" Intrnl_Id="436">
                                            <LocList>
                                                <Loc EndOffset="3246" SrcFileId="5" StartOffset="3128"/>
                                            </LocList>
                                        </BasicStmnt>
                                    </StmntSeq>
                                </HierarchyLvl>
                                <HierarchyLvl HierarchyLvlId="7967" HierarchyLvlTypeId="9" Intrnl_Id="437" Name="getLengthValidOutput">
                                    <Header>
                                        <Loc EndOffset="3368" SrcFileId="5" StartOffset="3325"/>
                                    </Header>
                                    <LocList>
                                        <Loc EndOffset="3488" SrcFileId="5" StartOffset="3325"/>
                                    </LocList>
                                    <StmntSeq Intrnl_Id="438">
                                        <LocList>
                                            <Loc EndOffset="3483" SrcFileId="5" StartOffset="3374"/>
                                        </LocList>
                                        <BasicStmnt CovItemId="S17" CovItemPrefix="org.jfree.data.test.RangeTest.java" Intrnl_Id="439">
                                            <LocList>
                                                <Loc EndOffset="3483" SrcFileId="5" StartOffset="3374"/>
                                            </LocList>
                                        </BasicStmnt>
                                    </StmntSeq>
                                </HierarchyLvl>
                                <HierarchyLvl HierarchyLvlId="7968" HierarchyLvlTypeId="9" Intrnl_Id="440" Name="firstRangeNull">
                                    <Header>
                                        <Loc EndOffset="3585" SrcFileId="5" StartOffset="3548"/>
                                    </Header>
                                    <LocList>
                                        <Loc EndOffset="3729" SrcFileId="5" StartOffset="3548"/>
                                    </LocList>
                                    <StmntSeq Intrnl_Id="441">
                                        <LocList>
                                            <Loc EndOffset="3724" SrcFileId="5" StartOffset="3591"/>
                                        </LocList>
                                        <BasicStmnt CovItemId="S18" CovItemPrefix="org.jfree.data.test.RangeTest.java" Intrnl_Id="442">
                                            <LocList>
                                                <Loc EndOffset="3724" SrcFileId="5" StartOffset="3591"/>
                                            </LocList>
                                        </BasicStmnt>
                                    </StmntSeq>
                                </HierarchyLvl>
                                <HierarchyLvl HierarchyLvlId="7969" HierarchyLvlTypeId="9" Intrnl_Id="443" Name="secondRangeNull">
                                    <Header>
                                        <Loc EndOffset="3801" SrcFileId="5" StartOffset="3763"/>
                                    </Header>
                                    <LocList>
                                        <Loc EndOffset="3945" SrcFileId="5" StartOffset="3763"/>
                                    </LocList>
                                    <StmntSeq Intrnl_Id="444">
                                        <LocList>
                                            <Loc EndOffset="3940" SrcFileId="5" StartOffset="3807"/>
                                        </LocList>
                                        <BasicStmnt CovItemId="S19" CovItemPrefix="org.jfree.data.test.RangeTest.java" Intrnl_Id="445">
                                            <LocList>
                                                <Loc EndOffset="3940" SrcFileId="5" StartOffset="3807"/>
                                            </LocList>
                                        </BasicStmnt>
                                    </StmntSeq>
                                </HierarchyLvl>
                                <HierarchyLvl HierarchyLvlId="7970" HierarchyLvlTypeId="9" Intrnl_Id="446" Name="bothRangeNull">
                                    <Header>
                                        <Loc EndOffset="4015" SrcFileId="5" StartOffset="3979"/>
                                    </Header>
                                    <LocList>
                                        <Loc EndOffset="4122" SrcFileId="5" StartOffset="3979"/>
                                    </LocList>
                                    <StmntSeq Intrnl_Id="447">
                                        <LocList>
                                            <Loc EndOffset="4117" SrcFileId="5" StartOffset="4021"/>
                                        </LocList>
                                        <BasicStmnt CovItemId="S20" CovItemPrefix="org.jfree.data.test.RangeTest.java" Intrnl_Id="448">
                                            <LocList>
                                                <Loc EndOffset="4117" SrcFileId="5" StartOffset="4021"/>
                                            </LocList>
                                        </BasicStmnt>
                                    </StmntSeq>
                                </HierarchyLvl>
                                <HierarchyLvl HierarchyLvlId="7971" HierarchyLvlTypeId="9" Intrnl_Id="449" Name="identicalRanges">
                                    <Header>
                                        <Loc EndOffset="4190" SrcFileId="5" StartOffset="4152"/>
                                    </Header>
                                    <LocList>
                                        <Loc EndOffset="4348" SrcFileId="5" StartOffset="4152"/>
                                    </LocList>
                                    <StmntSeq Intrnl_Id="450">
                                        <LocList>
                                            <Loc EndOffset="4343" SrcFileId="5" StartOffset="4196"/>
                                        </LocList>
                                        <BasicStmnt CovItemId="S21" CovItemPrefix="org.jfree.data.test.RangeTest.java" Intrnl_Id="451">
                                            <LocList>
                                                <Loc EndOffset="4343" SrcFileId="5" StartOffset="4196"/>
                                            </LocList>
                                        </BasicStmnt>
                                    </StmntSeq>
                                </HierarchyLvl>
                                <HierarchyLvl HierarchyLvlId="7972" HierarchyLvlTypeId="9" Intrnl_Id="452" Name="continuousRanges">
                                    <Header>
                                        <Loc EndOffset="4422" SrcFileId="5" StartOffset="4383"/>
                                    </Header>
                                    <LocList>
                                        <Loc EndOffset="4718" SrcFileId="5" StartOffset="4383"/>
                                    </LocList>
                                    <StmntSeq Intrnl_Id="453">
                                        <LocList>
                                            <Loc EndOffset="4581" SrcFileId="5" StartOffset="4436"/>
                                            <Loc EndOffset="4713" SrcFileId="5" StartOffset="4428"/>
                                        </LocList>
                                        <BasicStmnt CovItemId="S23" CovItemPrefix="org.jfree.data.test.RangeTest.java" Intrnl_Id="454">
                                            <LocList>
                                                <Loc EndOffset="4581" SrcFileId="5" StartOffset="4436"/>
                                            </LocList>
                                        </BasicStmnt>
                                        <CondStmnt CovItemId="S22" CovItemPrefix="org.jfree.data.test.RangeTest.java" Intrnl_Id="455">
                                            <Branch CovItemId="B1" CovItemPrefix="org.jfree.data.test.RangeTest.java" Implct="true" Intrnl_Id="456">
                                                <Cond/>
                                                <LocList/>
                                                <StmntSeq Intrnl_Id="457">
                                                    <LocList/>
                                                </StmntSeq>
                                            </Branch>
                                            <Branch CovItemId="B2" CovItemPrefix="org.jfree.data.test.RangeTest.java" Implct="false" Intrnl_Id="458">
                                                <Cond>
                                                    <Loc EndOffset="4608" SrcFileId="5" StartOffset="4590"/>
                                                </Cond>
                                                <LocList>
                                                    <Loc EndOffset="4713" SrcFileId="5" StartOffset="4609"/>
                                                </LocList>
                                                <StmntSeq Intrnl_Id="459">
                                                    <LocList>
                                                        <Loc EndOffset="4708" SrcFileId="5" StartOffset="4614"/>
                                                    </LocList>
                                                    <BasicStmnt CovItemId="S24" CovItemPrefix="org.jfree.data.test.RangeTest.java" Intrnl_Id="460">
                                                        <LocList>
                                                            <Loc EndOffset="4708" SrcFileId="5" StartOffset="4614"/>
                                                        </LocList>
                                                    </BasicStmnt>
                                                </StmntSeq>
                                            </Branch>
                                            <Keyword EndOffset="4431" SrcFileId="5" StartOffset="4428"/>
                                            <LocList>
                                                <Loc EndOffset="4713" SrcFileId="5" StartOffset="4428"/>
                                            </LocList>
                                        </CondStmnt>
                                    </StmntSeq>
                                </HierarchyLvl>
                                <HierarchyLvl HierarchyLvlId="7973" HierarchyLvlTypeId="9" Intrnl_Id="461" Name="notContinuousRanges">
                                    <Header>
                                        <Loc EndOffset="4799" SrcFileId="5" StartOffset="4757"/>
                                    </Header>
                                    <LocList>
                                        <Loc EndOffset="5103" SrcFileId="5" StartOffset="4757"/>
                                    </LocList>
                                    <StmntSeq Intrnl_Id="462">
                                        <LocList>
                                            <Loc EndOffset="4963" SrcFileId="5" StartOffset="4814"/>
                                            <Loc EndOffset="5098" SrcFileId="5" StartOffset="4805"/>
                                        </LocList>
                                        <BasicStmnt CovItemId="S26" CovItemPrefix="org.jfree.data.test.RangeTest.java" Intrnl_Id="463">
                                            <LocList>
                                                <Loc EndOffset="4963" SrcFileId="5" StartOffset="4814"/>
                                            </LocList>
                                        </BasicStmnt>
                                        <CondStmnt CovItemId="S25" CovItemPrefix="org.jfree.data.test.RangeTest.java" Intrnl_Id="464">
                                            <Branch CovItemId="B3" CovItemPrefix="org.jfree.data.test.RangeTest.java" Implct="true" Intrnl_Id="465">
                                                <Cond/>
                                                <LocList/>
                                                <StmntSeq Intrnl_Id="466">
                                                    <LocList/>
                                                </StmntSeq>
                                            </Branch>
                                            <Branch CovItemId="B4" CovItemPrefix="org.jfree.data.test.RangeTest.java" Implct="false" Intrnl_Id="467">
                                                <Cond>
                                                    <Loc EndOffset="4990" SrcFileId="5" StartOffset="4972"/>
                                                </Cond>
                                                <LocList>
                                                    <Loc EndOffset="5098" SrcFileId="5" StartOffset="4991"/>
                                                </LocList>
                                                <StmntSeq Intrnl_Id="468">
                                                    <LocList>
                                                        <Loc EndOffset="5093" SrcFileId="5" StartOffset="4996"/>
                                                    </LocList>
                                                    <BasicStmnt CovItemId="S27" CovItemPrefix="org.jfree.data.test.RangeTest.java" Intrnl_Id="469">
                                                        <LocList>
                                                            <Loc EndOffset="5093" SrcFileId="5" StartOffset="4996"/>
                                                        </LocList>
                                                    </BasicStmnt>
                                                </StmntSeq>
                                            </Branch>
                                            <Keyword EndOffset="4808" SrcFileId="5" StartOffset="4805"/>
                                            <LocList>
                                                <Loc EndOffset="5098" SrcFileId="5" StartOffset="4805"/>
                                            </LocList>
                                        </CondStmnt>
                                    </StmntSeq>
                                </HierarchyLvl>
                                <HierarchyLvl HierarchyLvlId="7974" HierarchyLvlTypeId="9" Intrnl_Id="470" Name="testNegativeNumberForLowerBound">
                                    <Header>
                                        <Loc EndOffset="5190" SrcFileId="5" StartOffset="5136"/>
                                    </Header>
                                    <LocList>
                                        <Loc EndOffset="5340" SrcFileId="5" StartOffset="5136"/>
                                    </LocList>
                                    <StmntSeq Intrnl_Id="471">
                                        <LocList>
                                            <Loc EndOffset="5335" SrcFileId="5" StartOffset="5235"/>
                                        </LocList>
                                        <BasicStmnt CovItemId="S28" CovItemPrefix="org.jfree.data.test.RangeTest.java" Intrnl_Id="472">
                                            <LocList>
                                                <Loc EndOffset="5335" SrcFileId="5" StartOffset="5235"/>
                                            </LocList>
                                        </BasicStmnt>
                                    </StmntSeq>
                                </HierarchyLvl>
                                <HierarchyLvl HierarchyLvlId="7975" HierarchyLvlTypeId="9" Intrnl_Id="473" Name="testZeroForLowerBound">
                                    <Header>
                                        <Loc EndOffset="5390" SrcFileId="5" StartOffset="5346"/>
                                    </Header>
                                    <LocList>
                                        <Loc EndOffset="5524" SrcFileId="5" StartOffset="5346"/>
                                    </LocList>
                                    <StmntSeq Intrnl_Id="474">
                                        <LocList>
                                            <Loc EndOffset="5519" SrcFileId="5" StartOffset="5422"/>
                                        </LocList>
                                        <BasicStmnt CovItemId="S29" CovItemPrefix="org.jfree.data.test.RangeTest.java" Intrnl_Id="475">
                                            <LocList>
                                                <Loc EndOffset="5519" SrcFileId="5" StartOffset="5422"/>
                                            </LocList>
                                        </BasicStmnt>
                                    </StmntSeq>
                                </HierarchyLvl>
                                <HierarchyLvl HierarchyLvlId="7976" HierarchyLvlTypeId="9" Intrnl_Id="476" Name="testPositiveNumberForLowerBound">
                                    <Header>
                                        <Loc EndOffset="5584" SrcFileId="5" StartOffset="5530"/>
                                    </Header>
                                    <LocList>
                                        <Loc EndOffset="5731" SrcFileId="5" StartOffset="5530"/>
                                    </LocList>
                                    <StmntSeq Intrnl_Id="477">
                                        <LocList>
                                            <Loc EndOffset="5726" SrcFileId="5" StartOffset="5629"/>
                                        </LocList>
                                        <BasicStmnt CovItemId="S30" CovItemPrefix="org.jfree.data.test.RangeTest.java" Intrnl_Id="478">
                                            <LocList>
                                                <Loc EndOffset="5726" SrcFileId="5" StartOffset="5629"/>
                                            </LocList>
                                        </BasicStmnt>
                                    </StmntSeq>
                                </HierarchyLvl>
                                <HierarchyLvl HierarchyLvlId="7977" HierarchyLvlTypeId="9" Intrnl_Id="479" Name="testDoubleForLowerBound">
                                    <Header>
                                        <Loc EndOffset="5781" SrcFileId="5" StartOffset="5735"/>
                                    </Header>
                                    <LocList>
                                        <Loc EndOffset="5926" SrcFileId="5" StartOffset="5735"/>
                                    </LocList>
                                    <StmntSeq Intrnl_Id="480">
                                        <LocList>
                                            <Loc EndOffset="5921" SrcFileId="5" StartOffset="5817"/>
                                        </LocList>
                                        <BasicStmnt CovItemId="S31" CovItemPrefix="org.jfree.data.test.RangeTest.java" Intrnl_Id="481">
                                            <LocList>
                                                <Loc EndOffset="5921" SrcFileId="5" StartOffset="5817"/>
                                            </LocList>
                                        </BasicStmnt>
                                    </StmntSeq>
                                </HierarchyLvl>
                                <HierarchyLvl HierarchyLvlId="7978" HierarchyLvlTypeId="9" Intrnl_Id="482" Name="testNegativeNumberForUpperBound">
                                    <Header>
                                        <Loc EndOffset="6019" SrcFileId="5" StartOffset="5965"/>
                                    </Header>
                                    <LocList>
                                        <Loc EndOffset="6166" SrcFileId="5" StartOffset="5965"/>
                                    </LocList>
                                    <StmntSeq Intrnl_Id="483">
                                        <LocList>
                                            <Loc EndOffset="6161" SrcFileId="5" StartOffset="6064"/>
                                        </LocList>
                                        <BasicStmnt CovItemId="S32" CovItemPrefix="org.jfree.data.test.RangeTest.java" Intrnl_Id="484">
                                            <LocList>
                                                <Loc EndOffset="6161" SrcFileId="5" StartOffset="6064"/>
                                            </LocList>
                                        </BasicStmnt>
                                    </StmntSeq>
                                </HierarchyLvl>
                                <HierarchyLvl HierarchyLvlId="7979" HierarchyLvlTypeId="9" Intrnl_Id="485" Name="testZeroForUpperBound">
                                    <Header>
                                        <Loc EndOffset="6325" SrcFileId="5" StartOffset="6281"/>
                                    </Header>
                                    <LocList>
                                        <Loc EndOffset="6459" SrcFileId="5" StartOffset="6281"/>
                                    </LocList>
                                    <StmntSeq Intrnl_Id="486">
                                        <LocList>
                                            <Loc EndOffset="6454" SrcFileId="5" StartOffset="6357"/>
                                        </LocList>
                                        <BasicStmnt CovItemId="S33" CovItemPrefix="org.jfree.data.test.RangeTest.java" Intrnl_Id="487">
                                            <LocList>
                                                <Loc EndOffset="6454" SrcFileId="5" StartOffset="6357"/>
                                            </LocList>
                                        </BasicStmnt>
                                    </StmntSeq>
                                </HierarchyLvl>
                                <HierarchyLvl HierarchyLvlId="7980" HierarchyLvlTypeId="9" Intrnl_Id="488" Name="testPositiveNumberForUpperBound">
                                    <Header>
                                        <Loc EndOffset="6582" SrcFileId="5" StartOffset="6528"/>
                                    </Header>
                                    <LocList>
                                        <Loc EndOffset="6731" SrcFileId="5" StartOffset="6528"/>
                                    </LocList>
                                    <StmntSeq Intrnl_Id="489">
                                        <LocList>
                                            <Loc EndOffset="6726" SrcFileId="5" StartOffset="6627"/>
                                        </LocList>
                                        <BasicStmnt CovItemId="S34" CovItemPrefix="org.jfree.data.test.RangeTest.java" Intrnl_Id="490">
                                            <LocList>
                                                <Loc EndOffset="6726" SrcFileId="5" StartOffset="6627"/>
                                            </LocList>
                                        </BasicStmnt>
                                    </StmntSeq>
                                </HierarchyLvl>
                                <HierarchyLvl HierarchyLvlId="7981" HierarchyLvlTypeId="9" Intrnl_Id="491" Name="testDoubleForUpperBound">
                                    <Header>
                                        <Loc EndOffset="6892" SrcFileId="5" StartOffset="6846"/>
                                    </Header>
                                    <LocList>
                                        <Loc EndOffset="7037" SrcFileId="5" StartOffset="6846"/>
                                    </LocList>
                                    <StmntSeq Intrnl_Id="492">
                                        <LocList>
                                            <Loc EndOffset="7032" SrcFileId="5" StartOffset="6928"/>
                                        </LocList>
                                        <BasicStmnt CovItemId="S35" CovItemPrefix="org.jfree.data.test.RangeTest.java" Intrnl_Id="493">
                                            <LocList>
                                                <Loc EndOffset="7032" SrcFileId="5" StartOffset="6928"/>
                                            </LocList>
                                        </BasicStmnt>
                                    </StmntSeq>
                                </HierarchyLvl>
                                <HierarchyLvl HierarchyLvlId="7982" HierarchyLvlTypeId="9" Intrnl_Id="494" Name="testingPositiveToZeroWithTrue">
                                    <Header>
                                        <Loc EndOffset="7294" SrcFileId="5" StartOffset="7242"/>
                                    </Header>
                                    <LocList>
                                        <Loc EndOffset="7545" SrcFileId="5" StartOffset="7242"/>
                                    </LocList>
                                    <StmntSeq Intrnl_Id="495">
                                        <LocList>
                                            <Loc EndOffset="7337" SrcFileId="5" StartOffset="7299"/>
                                            <Loc EndOffset="7394" SrcFileId="5" StartOffset="7340"/>
                                            <Loc EndOffset="7435" SrcFileId="5" StartOffset="7398"/>
                                            <Loc EndOffset="7539" SrcFileId="5" StartOffset="7439"/>
                                        </LocList>
                                        <BasicStmnt CovItemId="S36" CovItemPrefix="org.jfree.data.test.RangeTest.java" Intrnl_Id="496">
                                            <LocList>
                                                <Loc EndOffset="7337" SrcFileId="5" StartOffset="7299"/>
                                            </LocList>
                                        </BasicStmnt>
                                        <BasicStmnt CovItemId="S37" CovItemPrefix="org.jfree.data.test.RangeTest.java" Intrnl_Id="497">
                                            <LocList>
                                                <Loc EndOffset="7394" SrcFileId="5" StartOffset="7340"/>
                                            </LocList>
                                        </BasicStmnt>
                                        <BasicStmnt CovItemId="S38" CovItemPrefix="org.jfree.data.test.RangeTest.java" Intrnl_Id="498">
                                            <LocList>
                                                <Loc EndOffset="7435" SrcFileId="5" StartOffset="7398"/>
                                            </LocList>
                                        </BasicStmnt>
                                        <BasicStmnt CovItemId="S39" CovItemPrefix="org.jfree.data.test.RangeTest.java" Intrnl_Id="499">
                                            <LocList>
                                                <Loc EndOffset="7539" SrcFileId="5" StartOffset="7439"/>
                                            </LocList>
                                        </BasicStmnt>
                                    </StmntSeq>
                                </HierarchyLvl>
                                <HierarchyLvl HierarchyLvlId="7983" HierarchyLvlTypeId="9" Intrnl_Id="500" Name="testingPositiveToZeroWithFalse">
                                    <Header>
                                        <Loc EndOffset="7619" SrcFileId="5" StartOffset="7566"/>
                                    </Header>
                                    <LocList>
                                        <Loc EndOffset="7865" SrcFileId="5" StartOffset="7566"/>
                                    </LocList>
                                    <StmntSeq Intrnl_Id="501">
                                        <LocList>
                                            <Loc EndOffset="7662" SrcFileId="5" StartOffset="7624"/>
                                            <Loc EndOffset="7720" SrcFileId="5" StartOffset="7665"/>
                                            <Loc EndOffset="7759" SrcFileId="5" StartOffset="7722"/>
                                            <Loc EndOffset="7859" SrcFileId="5" StartOffset="7761"/>
                                        </LocList>
                                        <BasicStmnt CovItemId="S40" CovItemPrefix="org.jfree.data.test.RangeTest.java" Intrnl_Id="502">
                                            <LocList>
                                                <Loc EndOffset="7662" SrcFileId="5" StartOffset="7624"/>
                                            </LocList>
                                        </BasicStmnt>
                                        <BasicStmnt CovItemId="S41" CovItemPrefix="org.jfree.data.test.RangeTest.java" Intrnl_Id="503">
                                            <LocList>
                                                <Loc EndOffset="7720" SrcFileId="5" StartOffset="7665"/>
                                            </LocList>
                                        </BasicStmnt>
                                        <BasicStmnt CovItemId="S42" CovItemPrefix="org.jfree.data.test.RangeTest.java" Intrnl_Id="504">
                                            <LocList>
                                                <Loc EndOffset="7759" SrcFileId="5" StartOffset="7722"/>
                                            </LocList>
                                        </BasicStmnt>
                                        <BasicStmnt CovItemId="S43" CovItemPrefix="org.jfree.data.test.RangeTest.java" Intrnl_Id="505">
                                            <LocList>
                                                <Loc EndOffset="7859" SrcFileId="5" StartOffset="7761"/>
                                            </LocList>
                                        </BasicStmnt>
                                    </StmntSeq>
                                </HierarchyLvl>
                                <HierarchyLvl HierarchyLvlId="7984" HierarchyLvlTypeId="9" Intrnl_Id="506" Name="testingPositiveToNegativeWithTrue">
                                    <Header>
                                        <Loc EndOffset="7942" SrcFileId="5" StartOffset="7886"/>
                                    </Header>
                                    <LocList>
                                        <Loc EndOffset="8201" SrcFileId="5" StartOffset="7886"/>
                                    </LocList>
                                    <StmntSeq Intrnl_Id="507">
                                        <LocList>
                                            <Loc EndOffset="7985" SrcFileId="5" StartOffset="7947"/>
                                            <Loc EndOffset="8042" SrcFileId="5" StartOffset="7988"/>
                                            <Loc EndOffset="8087" SrcFileId="5" StartOffset="8048"/>
                                            <Loc EndOffset="8195" SrcFileId="5" StartOffset="8093"/>
                                        </LocList>
                                        <BasicStmnt CovItemId="S44" CovItemPrefix="org.jfree.data.test.RangeTest.java" Intrnl_Id="508">
                                            <LocList>
                                                <Loc EndOffset="7985" SrcFileId="5" StartOffset="7947"/>
                                            </LocList>
                                        </BasicStmnt>
                                        <BasicStmnt CovItemId="S45" CovItemPrefix="org.jfree.data.test.RangeTest.java" Intrnl_Id="509">
                                            <LocList>
                                                <Loc EndOffset="8042" SrcFileId="5" StartOffset="7988"/>
                                            </LocList>
                                        </BasicStmnt>
                                        <BasicStmnt CovItemId="S46" CovItemPrefix="org.jfree.data.test.RangeTest.java" Intrnl_Id="510">
                                            <LocList>
                                                <Loc EndOffset="8087" SrcFileId="5" StartOffset="8048"/>
                                            </LocList>
                                        </BasicStmnt>
                                        <BasicStmnt CovItemId="S47" CovItemPrefix="org.jfree.data.test.RangeTest.java" Intrnl_Id="511">
                                            <LocList>
                                                <Loc EndOffset="8195" SrcFileId="5" StartOffset="8093"/>
                                            </LocList>
                                        </BasicStmnt>
                                    </StmntSeq>
                                </HierarchyLvl>
                                <HierarchyLvl HierarchyLvlId="7985" HierarchyLvlTypeId="9" Intrnl_Id="512" Name="testingPositiveToNegativeWithFalse">
                                    <Header>
                                        <Loc EndOffset="8282" SrcFileId="5" StartOffset="8223"/>
                                    </Header>
                                    <LocList>
                                        <Loc EndOffset="8542" SrcFileId="5" StartOffset="8223"/>
                                    </LocList>
                                    <StmntSeq Intrnl_Id="513">
                                        <LocList>
                                            <Loc EndOffset="8325" SrcFileId="5" StartOffset="8287"/>
                                            <Loc EndOffset="8383" SrcFileId="5" StartOffset="8328"/>
                                            <Loc EndOffset="8428" SrcFileId="5" StartOffset="8389"/>
                                            <Loc EndOffset="8536" SrcFileId="5" StartOffset="8434"/>
                                        </LocList>
                                        <BasicStmnt CovItemId="S48" CovItemPrefix="org.jfree.data.test.RangeTest.java" Intrnl_Id="514">
                                            <LocList>
                                                <Loc EndOffset="8325" SrcFileId="5" StartOffset="8287"/>
                                            </LocList>
                                        </BasicStmnt>
                                        <BasicStmnt CovItemId="S49" CovItemPrefix="org.jfree.data.test.RangeTest.java" Intrnl_Id="515">
                                            <LocList>
                                                <Loc EndOffset="8383" SrcFileId="5" StartOffset="8328"/>
                                            </LocList>
                                        </BasicStmnt>
                                        <BasicStmnt CovItemId="S50" CovItemPrefix="org.jfree.data.test.RangeTest.java" Intrnl_Id="516">
                                            <LocList>
                                                <Loc EndOffset="8428" SrcFileId="5" StartOffset="8389"/>
                                            </LocList>
                                        </BasicStmnt>
                                        <BasicStmnt CovItemId="S51" CovItemPrefix="org.jfree.data.test.RangeTest.java" Intrnl_Id="517">
                                            <LocList>
                                                <Loc EndOffset="8536" SrcFileId="5" StartOffset="8434"/>
                                            </LocList>
                                        </BasicStmnt>
                                    </StmntSeq>
                                </HierarchyLvl>
                                <HierarchyLvl HierarchyLvlId="7986" HierarchyLvlTypeId="9" Intrnl_Id="518" Name="testingPositiveToNegativeWithFalseAndZero">
                                    <Header>
                                        <Loc EndOffset="8629" SrcFileId="5" StartOffset="8563"/>
                                    </Header>
                                    <LocList>
                                        <Loc EndOffset="8878" SrcFileId="5" StartOffset="8563"/>
                                    </LocList>
                                    <StmntSeq Intrnl_Id="519">
                                        <LocList>
                                            <Loc EndOffset="8672" SrcFileId="5" StartOffset="8634"/>
                                            <Loc EndOffset="8730" SrcFileId="5" StartOffset="8675"/>
                                            <Loc EndOffset="8770" SrcFileId="5" StartOffset="8733"/>
                                            <Loc EndOffset="8872" SrcFileId="5" StartOffset="8773"/>
                                        </LocList>
                                        <BasicStmnt CovItemId="S52" CovItemPrefix="org.jfree.data.test.RangeTest.java" Intrnl_Id="520">
                                            <LocList>
                                                <Loc EndOffset="8672" SrcFileId="5" StartOffset="8634"/>
                                            </LocList>
                                        </BasicStmnt>
                                        <BasicStmnt CovItemId="S53" CovItemPrefix="org.jfree.data.test.RangeTest.java" Intrnl_Id="521">
                                            <LocList>
                                                <Loc EndOffset="8730" SrcFileId="5" StartOffset="8675"/>
                                            </LocList>
                                        </BasicStmnt>
                                        <BasicStmnt CovItemId="S54" CovItemPrefix="org.jfree.data.test.RangeTest.java" Intrnl_Id="522">
                                            <LocList>
                                                <Loc EndOffset="8770" SrcFileId="5" StartOffset="8733"/>
                                            </LocList>
                                        </BasicStmnt>
                                        <BasicStmnt CovItemId="S55" CovItemPrefix="org.jfree.data.test.RangeTest.java" Intrnl_Id="523">
                                            <LocList>
                                                <Loc EndOffset="8872" SrcFileId="5" StartOffset="8773"/>
                                            </LocList>
                                        </BasicStmnt>
                                    </StmntSeq>
                                </HierarchyLvl>
                                <HierarchyLvl HierarchyLvlId="7987" HierarchyLvlTypeId="9" Intrnl_Id="524" Name="testingPositiveToPositiveWithTrue">
                                    <Header>
                                        <Loc EndOffset="8955" SrcFileId="5" StartOffset="8899"/>
                                    </Header>
                                    <LocList>
                                        <Loc EndOffset="9214" SrcFileId="5" StartOffset="8899"/>
                                    </LocList>
                                    <StmntSeq Intrnl_Id="525">
                                        <LocList>
                                            <Loc EndOffset="8998" SrcFileId="5" StartOffset="8960"/>
                                            <Loc EndOffset="9054" SrcFileId="5" StartOffset="9001"/>
                                            <Loc EndOffset="9097" SrcFileId="5" StartOffset="9060"/>
                                            <Loc EndOffset="9208" SrcFileId="5" StartOffset="9103"/>
                                        </LocList>
                                        <BasicStmnt CovItemId="S56" CovItemPrefix="org.jfree.data.test.RangeTest.java" Intrnl_Id="526">
                                            <LocList>
                                                <Loc EndOffset="8998" SrcFileId="5" StartOffset="8960"/>
                                            </LocList>
                                        </BasicStmnt>
                                        <BasicStmnt CovItemId="S57" CovItemPrefix="org.jfree.data.test.RangeTest.java" Intrnl_Id="527">
                                            <LocList>
                                                <Loc EndOffset="9054" SrcFileId="5" StartOffset="9001"/>
                                            </LocList>
                                        </BasicStmnt>
                                        <BasicStmnt CovItemId="S58" CovItemPrefix="org.jfree.data.test.RangeTest.java" Intrnl_Id="528">
                                            <LocList>
                                                <Loc EndOffset="9097" SrcFileId="5" StartOffset="9060"/>
                                            </LocList>
                                        </BasicStmnt>
                                        <BasicStmnt CovItemId="S59" CovItemPrefix="org.jfree.data.test.RangeTest.java" Intrnl_Id="529">
                                            <LocList>
                                                <Loc EndOffset="9208" SrcFileId="5" StartOffset="9103"/>
                                            </LocList>
                                        </BasicStmnt>
                                    </StmntSeq>
                                </HierarchyLvl>
                                <HierarchyLvl HierarchyLvlId="7988" HierarchyLvlTypeId="9" Intrnl_Id="530" Name="testingPositiveToPositiveWithTrueWrongAnswer">
                                    <Header>
                                        <Loc EndOffset="9302" SrcFileId="5" StartOffset="9235"/>
                                    </Header>
                                    <LocList>
                                        <Loc EndOffset="9555" SrcFileId="5" StartOffset="9235"/>
                                    </LocList>
                                    <StmntSeq Intrnl_Id="531">
                                        <LocList>
                                            <Loc EndOffset="9345" SrcFileId="5" StartOffset="9307"/>
                                            <Loc EndOffset="9401" SrcFileId="5" StartOffset="9348"/>
                                            <Loc EndOffset="9442" SrcFileId="5" StartOffset="9405"/>
                                            <Loc EndOffset="9549" SrcFileId="5" StartOffset="9446"/>
                                        </LocList>
                                        <BasicStmnt CovItemId="S60" CovItemPrefix="org.jfree.data.test.RangeTest.java" Intrnl_Id="532">
                                            <LocList>
                                                <Loc EndOffset="9345" SrcFileId="5" StartOffset="9307"/>
                                            </LocList>
                                        </BasicStmnt>
                                        <BasicStmnt CovItemId="S61" CovItemPrefix="org.jfree.data.test.RangeTest.java" Intrnl_Id="533">
                                            <LocList>
                                                <Loc EndOffset="9401" SrcFileId="5" StartOffset="9348"/>
                                            </LocList>
                                        </BasicStmnt>
                                        <BasicStmnt CovItemId="S62" CovItemPrefix="org.jfree.data.test.RangeTest.java" Intrnl_Id="534">
                                            <LocList>
                                                <Loc EndOffset="9442" SrcFileId="5" StartOffset="9405"/>
                                            </LocList>
                                        </BasicStmnt>
                                        <BasicStmnt CovItemId="S63" CovItemPrefix="org.jfree.data.test.RangeTest.java" Intrnl_Id="535">
                                            <LocList>
                                                <Loc EndOffset="9549" SrcFileId="5" StartOffset="9446"/>
                                            </LocList>
                                        </BasicStmnt>
                                    </StmntSeq>
                                </HierarchyLvl>
                                <HierarchyLvl HierarchyLvlId="7989" HierarchyLvlTypeId="9" Intrnl_Id="536" Name="testingNegativeToPositiveWithFalse">
                                    <Header>
                                        <Loc EndOffset="9633" SrcFileId="5" StartOffset="9576"/>
                                    </Header>
                                    <LocList>
                                        <Loc EndOffset="9885" SrcFileId="5" StartOffset="9576"/>
                                    </LocList>
                                    <StmntSeq Intrnl_Id="537">
                                        <LocList>
                                            <Loc EndOffset="9678" SrcFileId="5" StartOffset="9638"/>
                                            <Loc EndOffset="9735" SrcFileId="5" StartOffset="9681"/>
                                            <Loc EndOffset="9776" SrcFileId="5" StartOffset="9739"/>
                                            <Loc EndOffset="9879" SrcFileId="5" StartOffset="9780"/>
                                        </LocList>
                                        <BasicStmnt CovItemId="S64" CovItemPrefix="org.jfree.data.test.RangeTest.java" Intrnl_Id="538">
                                            <LocList>
                                                <Loc EndOffset="9678" SrcFileId="5" StartOffset="9638"/>
                                            </LocList>
                                        </BasicStmnt>
                                        <BasicStmnt CovItemId="S65" CovItemPrefix="org.jfree.data.test.RangeTest.java" Intrnl_Id="539">
                                            <LocList>
                                                <Loc EndOffset="9735" SrcFileId="5" StartOffset="9681"/>
                                            </LocList>
                                        </BasicStmnt>
                                        <BasicStmnt CovItemId="S66" CovItemPrefix="org.jfree.data.test.RangeTest.java" Intrnl_Id="540">
                                            <LocList>
                                                <Loc EndOffset="9776" SrcFileId="5" StartOffset="9739"/>
                                            </LocList>
                                        </BasicStmnt>
                                        <BasicStmnt CovItemId="S67" CovItemPrefix="org.jfree.data.test.RangeTest.java" Intrnl_Id="541">
                                            <LocList>
                                                <Loc EndOffset="9879" SrcFileId="5" StartOffset="9780"/>
                                            </LocList>
                                        </BasicStmnt>
                                    </StmntSeq>
                                </HierarchyLvl>
                                <HierarchyLvl HierarchyLvlId="7990" HierarchyLvlTypeId="9" Intrnl_Id="542" Name="testingNegativeToPositiveWithTrue">
                                    <Header>
                                        <Loc EndOffset="9962" SrcFileId="5" StartOffset="9906"/>
                                    </Header>
                                    <LocList>
                                        <Loc EndOffset="10209" SrcFileId="5" StartOffset="9906"/>
                                    </LocList>
                                    <StmntSeq Intrnl_Id="543">
                                        <LocList>
                                            <Loc EndOffset="10007" SrcFileId="5" StartOffset="9967"/>
                                            <Loc EndOffset="10063" SrcFileId="5" StartOffset="10010"/>
                                            <Loc EndOffset="10103" SrcFileId="5" StartOffset="10066"/>
                                            <Loc EndOffset="10203" SrcFileId="5" StartOffset="10106"/>
                                        </LocList>
                                        <BasicStmnt CovItemId="S68" CovItemPrefix="org.jfree.data.test.RangeTest.java" Intrnl_Id="544">
                                            <LocList>
                                                <Loc EndOffset="10007" SrcFileId="5" StartOffset="9967"/>
                                            </LocList>
                                        </BasicStmnt>
                                        <BasicStmnt CovItemId="S69" CovItemPrefix="org.jfree.data.test.RangeTest.java" Intrnl_Id="545">
                                            <LocList>
                                                <Loc EndOffset="10063" SrcFileId="5" StartOffset="10010"/>
                                            </LocList>
                                        </BasicStmnt>
                                        <BasicStmnt CovItemId="S70" CovItemPrefix="org.jfree.data.test.RangeTest.java" Intrnl_Id="546">
                                            <LocList>
                                                <Loc EndOffset="10103" SrcFileId="5" StartOffset="10066"/>
                                            </LocList>
                                        </BasicStmnt>
                                        <BasicStmnt CovItemId="S71" CovItemPrefix="org.jfree.data.test.RangeTest.java" Intrnl_Id="547">
                                            <LocList>
                                                <Loc EndOffset="10203" SrcFileId="5" StartOffset="10106"/>
                                            </LocList>
                                        </BasicStmnt>
                                    </StmntSeq>
                                </HierarchyLvl>
                                <HierarchyLvl HierarchyLvlId="7991" HierarchyLvlTypeId="9" Intrnl_Id="548" Name="testingNegativeToPositiveWithTrueSplitRange">
                                    <Header>
                                        <Loc EndOffset="10296" SrcFileId="5" StartOffset="10230"/>
                                    </Header>
                                    <LocList>
                                        <Loc EndOffset="10538" SrcFileId="5" StartOffset="10230"/>
                                    </LocList>
                                    <StmntSeq Intrnl_Id="549">
                                        <LocList>
                                            <Loc EndOffset="10340" SrcFileId="5" StartOffset="10301"/>
                                            <Loc EndOffset="10396" SrcFileId="5" StartOffset="10343"/>
                                            <Loc EndOffset="10435" SrcFileId="5" StartOffset="10398"/>
                                            <Loc EndOffset="10532" SrcFileId="5" StartOffset="10437"/>
                                        </LocList>
                                        <BasicStmnt CovItemId="S72" CovItemPrefix="org.jfree.data.test.RangeTest.java" Intrnl_Id="550">
                                            <LocList>
                                                <Loc EndOffset="10340" SrcFileId="5" StartOffset="10301"/>
                                            </LocList>
                                        </BasicStmnt>
                                        <BasicStmnt CovItemId="S73" CovItemPrefix="org.jfree.data.test.RangeTest.java" Intrnl_Id="551">
                                            <LocList>
                                                <Loc EndOffset="10396" SrcFileId="5" StartOffset="10343"/>
                                            </LocList>
                                        </BasicStmnt>
                                        <BasicStmnt CovItemId="S74" CovItemPrefix="org.jfree.data.test.RangeTest.java" Intrnl_Id="552">
                                            <LocList>
                                                <Loc EndOffset="10435" SrcFileId="5" StartOffset="10398"/>
                                            </LocList>
                                        </BasicStmnt>
                                        <BasicStmnt CovItemId="S75" CovItemPrefix="org.jfree.data.test.RangeTest.java" Intrnl_Id="553">
                                            <LocList>
                                                <Loc EndOffset="10532" SrcFileId="5" StartOffset="10437"/>
                                            </LocList>
                                        </BasicStmnt>
                                    </StmntSeq>
                                </HierarchyLvl>
                                <HierarchyLvl HierarchyLvlId="7992" HierarchyLvlTypeId="9" Intrnl_Id="554" Name="testingNegativeToPositiveWithFalseSplitRange">
                                    <Header>
                                        <Loc EndOffset="10626" SrcFileId="5" StartOffset="10559"/>
                                    </Header>
                                    <LocList>
                                        <Loc EndOffset="10867" SrcFileId="5" StartOffset="10559"/>
                                    </LocList>
                                    <StmntSeq Intrnl_Id="555">
                                        <LocList>
                                            <Loc EndOffset="10670" SrcFileId="5" StartOffset="10631"/>
                                            <Loc EndOffset="10727" SrcFileId="5" StartOffset="10673"/>
                                            <Loc EndOffset="10766" SrcFileId="5" StartOffset="10729"/>
                                            <Loc EndOffset="10861" SrcFileId="5" StartOffset="10768"/>
                                        </LocList>
                                        <BasicStmnt CovItemId="S76" CovItemPrefix="org.jfree.data.test.RangeTest.java" Intrnl_Id="556">
                                            <LocList>
                                                <Loc EndOffset="10670" SrcFileId="5" StartOffset="10631"/>
                                            </LocList>
                                        </BasicStmnt>
                                        <BasicStmnt CovItemId="S77" CovItemPrefix="org.jfree.data.test.RangeTest.java" Intrnl_Id="557">
                                            <LocList>
                                                <Loc EndOffset="10727" SrcFileId="5" StartOffset="10673"/>
                                            </LocList>
                                        </BasicStmnt>
                                        <BasicStmnt CovItemId="S78" CovItemPrefix="org.jfree.data.test.RangeTest.java" Intrnl_Id="558">
                                            <LocList>
                                                <Loc EndOffset="10766" SrcFileId="5" StartOffset="10729"/>
                                            </LocList>
                                        </BasicStmnt>
                                        <BasicStmnt CovItemId="S79" CovItemPrefix="org.jfree.data.test.RangeTest.java" Intrnl_Id="559">
                                            <LocList>
                                                <Loc EndOffset="10861" SrcFileId="5" StartOffset="10768"/>
                                            </LocList>
                                        </BasicStmnt>
                                    </StmntSeq>
                                </HierarchyLvl>
                                <HierarchyLvl HierarchyLvlId="7993" HierarchyLvlTypeId="9" Intrnl_Id="560" Name="testingNegativeToPositiveWithFalseSplitRangeCorrectAnswer">
                                    <Header>
                                        <Loc EndOffset="10969" SrcFileId="5" StartOffset="10889"/>
                                    </Header>
                                    <LocList>
                                        <Loc EndOffset="11214" SrcFileId="5" StartOffset="10889"/>
                                    </LocList>
                                    <StmntSeq Intrnl_Id="561">
                                        <LocList>
                                            <Loc EndOffset="11013" SrcFileId="5" StartOffset="10974"/>
                                            <Loc EndOffset="11070" SrcFileId="5" StartOffset="11016"/>
                                            <Loc EndOffset="11109" SrcFileId="5" StartOffset="11072"/>
                                            <Loc EndOffset="11208" SrcFileId="5" StartOffset="11111"/>
                                        </LocList>
                                        <BasicStmnt CovItemId="S80" CovItemPrefix="org.jfree.data.test.RangeTest.java" Intrnl_Id="562">
                                            <LocList>
                                                <Loc EndOffset="11013" SrcFileId="5" StartOffset="10974"/>
                                            </LocList>
                                        </BasicStmnt>
                                        <BasicStmnt CovItemId="S81" CovItemPrefix="org.jfree.data.test.RangeTest.java" Intrnl_Id="563">
                                            <LocList>
                                                <Loc EndOffset="11070" SrcFileId="5" StartOffset="11016"/>
                                            </LocList>
                                        </BasicStmnt>
                                        <BasicStmnt CovItemId="S82" CovItemPrefix="org.jfree.data.test.RangeTest.java" Intrnl_Id="564">
                                            <LocList>
                                                <Loc EndOffset="11109" SrcFileId="5" StartOffset="11072"/>
                                            </LocList>
                                        </BasicStmnt>
                                        <BasicStmnt CovItemId="S83" CovItemPrefix="org.jfree.data.test.RangeTest.java" Intrnl_Id="565">
                                            <LocList>
                                                <Loc EndOffset="11208" SrcFileId="5" StartOffset="11111"/>
                                            </LocList>
                                        </BasicStmnt>
                                    </StmntSeq>
                                </HierarchyLvl>
                                <HierarchyLvl HierarchyLvlId="7994" HierarchyLvlTypeId="9" Intrnl_Id="566" Name="testingPositiveToPositiveWithFalseWrongAnswer">
                                    <Header>
                                        <Loc EndOffset="11305" SrcFileId="5" StartOffset="11237"/>
                                    </Header>
                                    <LocList>
                                        <Loc EndOffset="11553" SrcFileId="5" StartOffset="11237"/>
                                    </LocList>
                                    <StmntSeq Intrnl_Id="567">
                                        <LocList>
                                            <Loc EndOffset="11348" SrcFileId="5" StartOffset="11310"/>
                                            <Loc EndOffset="11405" SrcFileId="5" StartOffset="11351"/>
                                            <Loc EndOffset="11444" SrcFileId="5" StartOffset="11407"/>
                                            <Loc EndOffset="11547" SrcFileId="5" StartOffset="11446"/>
                                        </LocList>
                                        <BasicStmnt CovItemId="S84" CovItemPrefix="org.jfree.data.test.RangeTest.java" Intrnl_Id="568">
                                            <LocList>
                                                <Loc EndOffset="11348" SrcFileId="5" StartOffset="11310"/>
                                            </LocList>
                                        </BasicStmnt>
                                        <BasicStmnt CovItemId="S85" CovItemPrefix="org.jfree.data.test.RangeTest.java" Intrnl_Id="569">
                                            <LocList>
                                                <Loc EndOffset="11405" SrcFileId="5" StartOffset="11351"/>
                                            </LocList>
                                        </BasicStmnt>
                                        <BasicStmnt CovItemId="S86" CovItemPrefix="org.jfree.data.test.RangeTest.java" Intrnl_Id="570">
                                            <LocList>
                                                <Loc EndOffset="11444" SrcFileId="5" StartOffset="11407"/>
                                            </LocList>
                                        </BasicStmnt>
                                        <BasicStmnt CovItemId="S87" CovItemPrefix="org.jfree.data.test.RangeTest.java" Intrnl_Id="571">
                                            <LocList>
                                                <Loc EndOffset="11547" SrcFileId="5" StartOffset="11446"/>
                                            </LocList>
                                        </BasicStmnt>
                                    </StmntSeq>
                                </HierarchyLvl>
                                <HierarchyLvl HierarchyLvlId="7995" HierarchyLvlTypeId="9" Intrnl_Id="572" Name="testingPositiveToPositiveWithFalseCorrectAnswer">
                                    <Header>
                                        <Loc EndOffset="11644" SrcFileId="5" StartOffset="11574"/>
                                    </Header>
                                    <LocList>
                                        <Loc EndOffset="11892" SrcFileId="5" StartOffset="11574"/>
                                    </LocList>
                                    <StmntSeq Intrnl_Id="573">
                                        <LocList>
                                            <Loc EndOffset="11687" SrcFileId="5" StartOffset="11649"/>
                                            <Loc EndOffset="11744" SrcFileId="5" StartOffset="11690"/>
                                            <Loc EndOffset="11783" SrcFileId="5" StartOffset="11746"/>
                                            <Loc EndOffset="11886" SrcFileId="5" StartOffset="11785"/>
                                        </LocList>
                                        <BasicStmnt CovItemId="S88" CovItemPrefix="org.jfree.data.test.RangeTest.java" Intrnl_Id="574">
                                            <LocList>
                                                <Loc EndOffset="11687" SrcFileId="5" StartOffset="11649"/>
                                            </LocList>
                                        </BasicStmnt>
                                        <BasicStmnt CovItemId="S89" CovItemPrefix="org.jfree.data.test.RangeTest.java" Intrnl_Id="575">
                                            <LocList>
                                                <Loc EndOffset="11744" SrcFileId="5" StartOffset="11690"/>
                                            </LocList>
                                        </BasicStmnt>
                                        <BasicStmnt CovItemId="S90" CovItemPrefix="org.jfree.data.test.RangeTest.java" Intrnl_Id="576">
                                            <LocList>
                                                <Loc EndOffset="11783" SrcFileId="5" StartOffset="11746"/>
                                            </LocList>
                                        </BasicStmnt>
                                        <BasicStmnt CovItemId="S91" CovItemPrefix="org.jfree.data.test.RangeTest.java" Intrnl_Id="577">
                                            <LocList>
                                                <Loc EndOffset="11886" SrcFileId="5" StartOffset="11785"/>
                                            </LocList>
                                        </BasicStmnt>
                                    </StmntSeq>
                                </HierarchyLvl>
                                <HierarchyLvl HierarchyLvlId="7996" HierarchyLvlTypeId="9" Intrnl_Id="578" Name="shiftTestWithNullRange">
                                    <Header>
                                        <Loc EndOffset="11984" SrcFileId="5" StartOffset="11898"/>
                                    </Header>
                                    <LocList>
                                        <Loc EndOffset="12023" SrcFileId="5" StartOffset="11898"/>
                                    </LocList>
                                    <StmntSeq Intrnl_Id="579">
                                        <LocList>
                                            <Loc EndOffset="12020" SrcFileId="5" StartOffset="11992"/>
                                        </LocList>
                                        <BasicStmnt CovItemId="S92" CovItemPrefix="org.jfree.data.test.RangeTest.java" Intrnl_Id="580">
                                            <LocList>
                                                <Loc EndOffset="12020" SrcFileId="5" StartOffset="11992"/>
                                            </LocList>
                                        </BasicStmnt>
                                    </StmntSeq>
                                </HierarchyLvl>
                                <HierarchyLvl HierarchyLvlId="7997" HierarchyLvlTypeId="9" Intrnl_Id="581" Name="testingPositiveToPositive">
                                    <Header>
                                        <Loc EndOffset="12131" SrcFileId="5" StartOffset="12083"/>
                                    </Header>
                                    <LocList>
                                        <Loc EndOffset="12370" SrcFileId="5" StartOffset="12083"/>
                                    </LocList>
                                    <StmntSeq Intrnl_Id="582">
                                        <LocList>
                                            <Loc EndOffset="12174" SrcFileId="5" StartOffset="12136"/>
                                            <Loc EndOffset="12224" SrcFileId="5" StartOffset="12177"/>
                                            <Loc EndOffset="12263" SrcFileId="5" StartOffset="12226"/>
                                            <Loc EndOffset="12364" SrcFileId="5" StartOffset="12265"/>
                                        </LocList>
                                        <BasicStmnt CovItemId="S93" CovItemPrefix="org.jfree.data.test.RangeTest.java" Intrnl_Id="583">
                                            <LocList>
                                                <Loc EndOffset="12174" SrcFileId="5" StartOffset="12136"/>
                                            </LocList>
                                        </BasicStmnt>
                                        <BasicStmnt CovItemId="S94" CovItemPrefix="org.jfree.data.test.RangeTest.java" Intrnl_Id="584">
                                            <LocList>
                                                <Loc EndOffset="12224" SrcFileId="5" StartOffset="12177"/>
                                            </LocList>
                                        </BasicStmnt>
                                        <BasicStmnt CovItemId="S95" CovItemPrefix="org.jfree.data.test.RangeTest.java" Intrnl_Id="585">
                                            <LocList>
                                                <Loc EndOffset="12263" SrcFileId="5" StartOffset="12226"/>
                                            </LocList>
                                        </BasicStmnt>
                                        <BasicStmnt CovItemId="S96" CovItemPrefix="org.jfree.data.test.RangeTest.java" Intrnl_Id="586">
                                            <LocList>
                                                <Loc EndOffset="12364" SrcFileId="5" StartOffset="12265"/>
                                            </LocList>
                                        </BasicStmnt>
                                    </StmntSeq>
                                </HierarchyLvl>
                                <HierarchyLvl HierarchyLvlId="7998" HierarchyLvlTypeId="9" Intrnl_Id="587" Name="testingPositiveToNegative">
                                    <Header>
                                        <Loc EndOffset="12441" SrcFileId="5" StartOffset="12393"/>
                                    </Header>
                                    <LocList>
                                        <Loc EndOffset="12678" SrcFileId="5" StartOffset="12393"/>
                                    </LocList>
                                    <StmntSeq Intrnl_Id="588">
                                        <LocList>
                                            <Loc EndOffset="12484" SrcFileId="5" StartOffset="12446"/>
                                            <Loc EndOffset="12535" SrcFileId="5" StartOffset="12487"/>
                                            <Loc EndOffset="12574" SrcFileId="5" StartOffset="12537"/>
                                            <Loc EndOffset="12672" SrcFileId="5" StartOffset="12576"/>
                                        </LocList>
                                        <BasicStmnt CovItemId="S97" CovItemPrefix="org.jfree.data.test.RangeTest.java" Intrnl_Id="589">
                                            <LocList>
                                                <Loc EndOffset="12484" SrcFileId="5" StartOffset="12446"/>
                                            </LocList>
                                        </BasicStmnt>
                                        <BasicStmnt CovItemId="S98" CovItemPrefix="org.jfree.data.test.RangeTest.java" Intrnl_Id="590">
                                            <LocList>
                                                <Loc EndOffset="12535" SrcFileId="5" StartOffset="12487"/>
                                            </LocList>
                                        </BasicStmnt>
                                        <BasicStmnt CovItemId="S99" CovItemPrefix="org.jfree.data.test.RangeTest.java" Intrnl_Id="591">
                                            <LocList>
                                                <Loc EndOffset="12574" SrcFileId="5" StartOffset="12537"/>
                                            </LocList>
                                        </BasicStmnt>
                                        <BasicStmnt CovItemId="S100" CovItemPrefix="org.jfree.data.test.RangeTest.java" Intrnl_Id="592">
                                            <LocList>
                                                <Loc EndOffset="12672" SrcFileId="5" StartOffset="12576"/>
                                            </LocList>
                                        </BasicStmnt>
                                    </StmntSeq>
                                </HierarchyLvl>
                                <HierarchyLvl HierarchyLvlId="7999" HierarchyLvlTypeId="9" Intrnl_Id="593" Name="testingPositiveToNegativeSplit">
                                    <Header>
                                        <Loc EndOffset="12752" SrcFileId="5" StartOffset="12699"/>
                                    </Header>
                                    <LocList>
                                        <Loc EndOffset="12993" SrcFileId="5" StartOffset="12699"/>
                                    </LocList>
                                    <StmntSeq Intrnl_Id="594">
                                        <LocList>
                                            <Loc EndOffset="12796" SrcFileId="5" StartOffset="12757"/>
                                            <Loc EndOffset="12847" SrcFileId="5" StartOffset="12799"/>
                                            <Loc EndOffset="12887" SrcFileId="5" StartOffset="12849"/>
                                            <Loc EndOffset="12987" SrcFileId="5" StartOffset="12889"/>
                                        </LocList>
                                        <BasicStmnt CovItemId="S101" CovItemPrefix="org.jfree.data.test.RangeTest.java" Intrnl_Id="595">
                                            <LocList>
                                                <Loc EndOffset="12796" SrcFileId="5" StartOffset="12757"/>
                                            </LocList>
                                        </BasicStmnt>
                                        <BasicStmnt CovItemId="S102" CovItemPrefix="org.jfree.data.test.RangeTest.java" Intrnl_Id="596">
                                            <LocList>
                                                <Loc EndOffset="12847" SrcFileId="5" StartOffset="12799"/>
                                            </LocList>
                                        </BasicStmnt>
                                        <BasicStmnt CovItemId="S103" CovItemPrefix="org.jfree.data.test.RangeTest.java" Intrnl_Id="597">
                                            <LocList>
                                                <Loc EndOffset="12887" SrcFileId="5" StartOffset="12849"/>
                                            </LocList>
                                        </BasicStmnt>
                                        <BasicStmnt CovItemId="S104" CovItemPrefix="org.jfree.data.test.RangeTest.java" Intrnl_Id="598">
                                            <LocList>
                                                <Loc EndOffset="12987" SrcFileId="5" StartOffset="12889"/>
                                            </LocList>
                                        </BasicStmnt>
                                    </StmntSeq>
                                </HierarchyLvl>
                                <HierarchyLvl HierarchyLvlId="8000" HierarchyLvlTypeId="9" Intrnl_Id="599" Name="testingPositiveToNegativeSplit1">
                                    <Header>
                                        <Loc EndOffset="13068" SrcFileId="5" StartOffset="13014"/>
                                    </Header>
                                    <LocList>
                                        <Loc EndOffset="13303" SrcFileId="5" StartOffset="13014"/>
                                    </LocList>
                                    <StmntSeq Intrnl_Id="600">
                                        <LocList>
                                            <Loc EndOffset="13111" SrcFileId="5" StartOffset="13073"/>
                                            <Loc EndOffset="13162" SrcFileId="5" StartOffset="13114"/>
                                            <Loc EndOffset="13203" SrcFileId="5" StartOffset="13164"/>
                                            <Loc EndOffset="13297" SrcFileId="5" StartOffset="13205"/>
                                        </LocList>
                                        <BasicStmnt CovItemId="S105" CovItemPrefix="org.jfree.data.test.RangeTest.java" Intrnl_Id="601">
                                            <LocList>
                                                <Loc EndOffset="13111" SrcFileId="5" StartOffset="13073"/>
                                            </LocList>
                                        </BasicStmnt>
                                        <BasicStmnt CovItemId="S106" CovItemPrefix="org.jfree.data.test.RangeTest.java" Intrnl_Id="602">
                                            <LocList>
                                                <Loc EndOffset="13162" SrcFileId="5" StartOffset="13114"/>
                                            </LocList>
                                        </BasicStmnt>
                                        <BasicStmnt CovItemId="S107" CovItemPrefix="org.jfree.data.test.RangeTest.java" Intrnl_Id="603">
                                            <LocList>
                                                <Loc EndOffset="13203" SrcFileId="5" StartOffset="13164"/>
                                            </LocList>
                                        </BasicStmnt>
                                        <BasicStmnt CovItemId="S108" CovItemPrefix="org.jfree.data.test.RangeTest.java" Intrnl_Id="604">
                                            <LocList>
                                                <Loc EndOffset="13297" SrcFileId="5" StartOffset="13205"/>
                                            </LocList>
                                        </BasicStmnt>
                                    </StmntSeq>
                                </HierarchyLvl>
                                <HierarchyLvl HierarchyLvlId="8001" HierarchyLvlTypeId="9" Intrnl_Id="605" Name="testingNegativeToPositive">
                                    <Header>
                                        <Loc EndOffset="13373" SrcFileId="5" StartOffset="13325"/>
                                    </Header>
                                    <LocList>
                                        <Loc EndOffset="13606" SrcFileId="5" StartOffset="13325"/>
                                    </LocList>
                                    <StmntSeq Intrnl_Id="606">
                                        <LocList>
                                            <Loc EndOffset="13418" SrcFileId="5" StartOffset="13378"/>
                                            <Loc EndOffset="13468" SrcFileId="5" StartOffset="13421"/>
                                            <Loc EndOffset="13507" SrcFileId="5" StartOffset="13470"/>
                                            <Loc EndOffset="13600" SrcFileId="5" StartOffset="13509"/>
                                        </LocList>
                                        <BasicStmnt CovItemId="S109" CovItemPrefix="org.jfree.data.test.RangeTest.java" Intrnl_Id="607">
                                            <LocList>
                                                <Loc EndOffset="13418" SrcFileId="5" StartOffset="13378"/>
                                            </LocList>
                                        </BasicStmnt>
                                        <BasicStmnt CovItemId="S110" CovItemPrefix="org.jfree.data.test.RangeTest.java" Intrnl_Id="608">
                                            <LocList>
                                                <Loc EndOffset="13468" SrcFileId="5" StartOffset="13421"/>
                                            </LocList>
                                        </BasicStmnt>
                                        <BasicStmnt CovItemId="S111" CovItemPrefix="org.jfree.data.test.RangeTest.java" Intrnl_Id="609">
                                            <LocList>
                                                <Loc EndOffset="13507" SrcFileId="5" StartOffset="13470"/>
                                            </LocList>
                                        </BasicStmnt>
                                        <BasicStmnt CovItemId="S112" CovItemPrefix="org.jfree.data.test.RangeTest.java" Intrnl_Id="610">
                                            <LocList>
                                                <Loc EndOffset="13600" SrcFileId="5" StartOffset="13509"/>
                                            </LocList>
                                        </BasicStmnt>
                                    </StmntSeq>
                                </HierarchyLvl>
                                <HierarchyLvl HierarchyLvlId="8002" HierarchyLvlTypeId="9" Intrnl_Id="611" Name="testingNegativeToPositiveWithCorrectAnswer">
                                    <Header>
                                        <Loc EndOffset="13692" SrcFileId="5" StartOffset="13627"/>
                                    </Header>
                                    <LocList>
                                        <Loc EndOffset="13921" SrcFileId="5" StartOffset="13627"/>
                                    </LocList>
                                    <StmntSeq Intrnl_Id="612">
                                        <LocList>
                                            <Loc EndOffset="13737" SrcFileId="5" StartOffset="13697"/>
                                            <Loc EndOffset="13787" SrcFileId="5" StartOffset="13740"/>
                                            <Loc EndOffset="13822" SrcFileId="5" StartOffset="13789"/>
                                            <Loc EndOffset="13915" SrcFileId="5" StartOffset="13824"/>
                                        </LocList>
                                        <BasicStmnt CovItemId="S113" CovItemPrefix="org.jfree.data.test.RangeTest.java" Intrnl_Id="613">
                                            <LocList>
                                                <Loc EndOffset="13737" SrcFileId="5" StartOffset="13697"/>
                                            </LocList>
                                        </BasicStmnt>
                                        <BasicStmnt CovItemId="S114" CovItemPrefix="org.jfree.data.test.RangeTest.java" Intrnl_Id="614">
                                            <LocList>
                                                <Loc EndOffset="13787" SrcFileId="5" StartOffset="13740"/>
                                            </LocList>
                                        </BasicStmnt>
                                        <BasicStmnt CovItemId="S115" CovItemPrefix="org.jfree.data.test.RangeTest.java" Intrnl_Id="615">
                                            <LocList>
                                                <Loc EndOffset="13822" SrcFileId="5" StartOffset="13789"/>
                                            </LocList>
                                        </BasicStmnt>
                                        <BasicStmnt CovItemId="S116" CovItemPrefix="org.jfree.data.test.RangeTest.java" Intrnl_Id="616">
                                            <LocList>
                                                <Loc EndOffset="13915" SrcFileId="5" StartOffset="13824"/>
                                            </LocList>
                                        </BasicStmnt>
                                    </StmntSeq>
                                </HierarchyLvl>
                                <HierarchyLvl HierarchyLvlId="8003" HierarchyLvlTypeId="9" Intrnl_Id="617" Name="testingNegativeToPositiveWithCorrectAnswerSplit">
                                    <Header>
                                        <Loc EndOffset="14012" SrcFileId="5" StartOffset="13942"/>
                                    </Header>
                                    <LocList>
                                        <Loc EndOffset="14240" SrcFileId="5" StartOffset="13942"/>
                                    </LocList>
                                    <StmntSeq Intrnl_Id="618">
                                        <LocList>
                                            <Loc EndOffset="14056" SrcFileId="5" StartOffset="14017"/>
                                            <Loc EndOffset="14106" SrcFileId="5" StartOffset="14059"/>
                                            <Loc EndOffset="14141" SrcFileId="5" StartOffset="14108"/>
                                            <Loc EndOffset="14234" SrcFileId="5" StartOffset="14143"/>
                                        </LocList>
                                        <BasicStmnt CovItemId="S117" CovItemPrefix="org.jfree.data.test.RangeTest.java" Intrnl_Id="619">
                                            <LocList>
                                                <Loc EndOffset="14056" SrcFileId="5" StartOffset="14017"/>
                                            </LocList>
                                        </BasicStmnt>
                                        <BasicStmnt CovItemId="S118" CovItemPrefix="org.jfree.data.test.RangeTest.java" Intrnl_Id="620">
                                            <LocList>
                                                <Loc EndOffset="14106" SrcFileId="5" StartOffset="14059"/>
                                            </LocList>
                                        </BasicStmnt>
                                        <BasicStmnt CovItemId="S119" CovItemPrefix="org.jfree.data.test.RangeTest.java" Intrnl_Id="621">
                                            <LocList>
                                                <Loc EndOffset="14141" SrcFileId="5" StartOffset="14108"/>
                                            </LocList>
                                        </BasicStmnt>
                                        <BasicStmnt CovItemId="S120" CovItemPrefix="org.jfree.data.test.RangeTest.java" Intrnl_Id="622">
                                            <LocList>
                                                <Loc EndOffset="14234" SrcFileId="5" StartOffset="14143"/>
                                            </LocList>
                                        </BasicStmnt>
                                    </StmntSeq>
                                </HierarchyLvl>
                                <HierarchyLvl HierarchyLvlId="8004" HierarchyLvlTypeId="9" Intrnl_Id="623" Name="testingNegativeToPositiveWithWrongAnswerSplit1">
                                    <Header>
                                        <Loc EndOffset="14330" SrcFileId="5" StartOffset="14261"/>
                                    </Header>
                                    <LocList>
                                        <Loc EndOffset="14560" SrcFileId="5" StartOffset="14261"/>
                                    </LocList>
                                    <StmntSeq Intrnl_Id="624">
                                        <LocList>
                                            <Loc EndOffset="14374" SrcFileId="5" StartOffset="14335"/>
                                            <Loc EndOffset="14424" SrcFileId="5" StartOffset="14377"/>
                                            <Loc EndOffset="14461" SrcFileId="5" StartOffset="14426"/>
                                            <Loc EndOffset="14554" SrcFileId="5" StartOffset="14463"/>
                                        </LocList>
                                        <BasicStmnt CovItemId="S121" CovItemPrefix="org.jfree.data.test.RangeTest.java" Intrnl_Id="625">
                                            <LocList>
                                                <Loc EndOffset="14374" SrcFileId="5" StartOffset="14335"/>
                                            </LocList>
                                        </BasicStmnt>
                                        <BasicStmnt CovItemId="S122" CovItemPrefix="org.jfree.data.test.RangeTest.java" Intrnl_Id="626">
                                            <LocList>
                                                <Loc EndOffset="14424" SrcFileId="5" StartOffset="14377"/>
                                            </LocList>
                                        </BasicStmnt>
                                        <BasicStmnt CovItemId="S123" CovItemPrefix="org.jfree.data.test.RangeTest.java" Intrnl_Id="627">
                                            <LocList>
                                                <Loc EndOffset="14461" SrcFileId="5" StartOffset="14426"/>
                                            </LocList>
                                        </BasicStmnt>
                                        <BasicStmnt CovItemId="S124" CovItemPrefix="org.jfree.data.test.RangeTest.java" Intrnl_Id="628">
                                            <LocList>
                                                <Loc EndOffset="14554" SrcFileId="5" StartOffset="14463"/>
                                            </LocList>
                                        </BasicStmnt>
                                    </StmntSeq>
                                </HierarchyLvl>
                                <HierarchyLvl HierarchyLvlId="8005" HierarchyLvlTypeId="9" Intrnl_Id="629" Name="testingNegativeToZero">
                                    <Header>
                                        <Loc EndOffset="14625" SrcFileId="5" StartOffset="14581"/>
                                    </Header>
                                    <LocList>
                                        <Loc EndOffset="14852" SrcFileId="5" StartOffset="14581"/>
                                    </LocList>
                                    <StmntSeq Intrnl_Id="630">
                                        <LocList>
                                            <Loc EndOffset="14670" SrcFileId="5" StartOffset="14630"/>
                                            <Loc EndOffset="14720" SrcFileId="5" StartOffset="14673"/>
                                            <Loc EndOffset="14755" SrcFileId="5" StartOffset="14722"/>
                                            <Loc EndOffset="14846" SrcFileId="5" StartOffset="14757"/>
                                        </LocList>
                                        <BasicStmnt CovItemId="S125" CovItemPrefix="org.jfree.data.test.RangeTest.java" Intrnl_Id="631">
                                            <LocList>
                                                <Loc EndOffset="14670" SrcFileId="5" StartOffset="14630"/>
                                            </LocList>
                                        </BasicStmnt>
                                        <BasicStmnt CovItemId="S126" CovItemPrefix="org.jfree.data.test.RangeTest.java" Intrnl_Id="632">
                                            <LocList>
                                                <Loc EndOffset="14720" SrcFileId="5" StartOffset="14673"/>
                                            </LocList>
                                        </BasicStmnt>
                                        <BasicStmnt CovItemId="S127" CovItemPrefix="org.jfree.data.test.RangeTest.java" Intrnl_Id="633">
                                            <LocList>
                                                <Loc EndOffset="14755" SrcFileId="5" StartOffset="14722"/>
                                            </LocList>
                                        </BasicStmnt>
                                        <BasicStmnt CovItemId="S128" CovItemPrefix="org.jfree.data.test.RangeTest.java" Intrnl_Id="634">
                                            <LocList>
                                                <Loc EndOffset="14846" SrcFileId="5" StartOffset="14757"/>
                                            </LocList>
                                        </BasicStmnt>
                                    </StmntSeq>
                                </HierarchyLvl>
                                <HierarchyLvl HierarchyLvlId="8006" HierarchyLvlTypeId="9" Intrnl_Id="635" Name="testingPositiveToZero">
                                    <Header>
                                        <Loc EndOffset="14917" SrcFileId="5" StartOffset="14873"/>
                                    </Header>
                                    <LocList>
                                        <Loc EndOffset="15144" SrcFileId="5" StartOffset="14873"/>
                                    </LocList>
                                    <StmntSeq Intrnl_Id="636">
                                        <LocList>
                                            <Loc EndOffset="14960" SrcFileId="5" StartOffset="14922"/>
                                            <Loc EndOffset="15011" SrcFileId="5" StartOffset="14963"/>
                                            <Loc EndOffset="15046" SrcFileId="5" StartOffset="15013"/>
                                            <Loc EndOffset="15138" SrcFileId="5" StartOffset="15048"/>
                                        </LocList>
                                        <BasicStmnt CovItemId="S129" CovItemPrefix="org.jfree.data.test.RangeTest.java" Intrnl_Id="637">
                                            <LocList>
                                                <Loc EndOffset="14960" SrcFileId="5" StartOffset="14922"/>
                                            </LocList>
                                        </BasicStmnt>
                                        <BasicStmnt CovItemId="S130" CovItemPrefix="org.jfree.data.test.RangeTest.java" Intrnl_Id="638">
                                            <LocList>
                                                <Loc EndOffset="15011" SrcFileId="5" StartOffset="14963"/>
                                            </LocList>
                                        </BasicStmnt>
                                        <BasicStmnt CovItemId="S131" CovItemPrefix="org.jfree.data.test.RangeTest.java" Intrnl_Id="639">
                                            <LocList>
                                                <Loc EndOffset="15046" SrcFileId="5" StartOffset="15013"/>
                                            </LocList>
                                        </BasicStmnt>
                                        <BasicStmnt CovItemId="S132" CovItemPrefix="org.jfree.data.test.RangeTest.java" Intrnl_Id="640">
                                            <LocList>
                                                <Loc EndOffset="15138" SrcFileId="5" StartOffset="15048"/>
                                            </LocList>
                                        </BasicStmnt>
                                    </StmntSeq>
                                </HierarchyLvl>
                                <HierarchyLvl HierarchyLvlId="8007" HierarchyLvlTypeId="9" Intrnl_Id="641" Name="shiftTestWithNullRange1">
                                    <Header>
                                        <Loc EndOffset="15255" SrcFileId="5" StartOffset="15168"/>
                                    </Header>
                                    <LocList>
                                        <Loc EndOffset="15289" SrcFileId="5" StartOffset="15168"/>
                                    </LocList>
                                    <StmntSeq Intrnl_Id="642">
                                        <LocList>
                                            <Loc EndOffset="15286" SrcFileId="5" StartOffset="15263"/>
                                        </LocList>
                                        <BasicStmnt CovItemId="S133" CovItemPrefix="org.jfree.data.test.RangeTest.java" Intrnl_Id="643">
                                            <LocList>
                                                <Loc EndOffset="15286" SrcFileId="5" StartOffset="15263"/>
                                            </LocList>
                                        </BasicStmnt>
                                    </StmntSeq>
                                </HierarchyLvl>
                                <HierarchyLvl HierarchyLvlId="8008" HierarchyLvlTypeId="9" Intrnl_Id="644" Name="NegativeAndPositive">
                                    <Header>
                                        <Loc EndOffset="15379" SrcFileId="5" StartOffset="15339"/>
                                    </Header>
                                    <LocList>
                                        <Loc EndOffset="15544" SrcFileId="5" StartOffset="15339"/>
                                    </LocList>
                                    <StmntSeq Intrnl_Id="645">
                                        <LocList>
                                            <Loc EndOffset="15419" SrcFileId="5" StartOffset="15384"/>
                                            <Loc EndOffset="15455" SrcFileId="5" StartOffset="15422"/>
                                            <Loc EndOffset="15541" SrcFileId="5" StartOffset="15458"/>
                                        </LocList>
                                        <BasicStmnt CovItemId="S134" CovItemPrefix="org.jfree.data.test.RangeTest.java" Intrnl_Id="646">
                                            <LocList>
                                                <Loc EndOffset="15419" SrcFileId="5" StartOffset="15384"/>
                                            </LocList>
                                        </BasicStmnt>
                                        <BasicStmnt CovItemId="S135" CovItemPrefix="org.jfree.data.test.RangeTest.java" Intrnl_Id="647">
                                            <LocList>
                                                <Loc EndOffset="15455" SrcFileId="5" StartOffset="15422"/>
                                            </LocList>
                                        </BasicStmnt>
                                        <BasicStmnt CovItemId="S136" CovItemPrefix="org.jfree.data.test.RangeTest.java" Intrnl_Id="648">
                                            <LocList>
                                                <Loc EndOffset="15541" SrcFileId="5" StartOffset="15458"/>
                                            </LocList>
                                        </BasicStmnt>
                                    </StmntSeq>
                                </HierarchyLvl>
                                <HierarchyLvl HierarchyLvlId="8009" HierarchyLvlTypeId="9" Intrnl_Id="649" Name="PositiveAndPositive">
                                    <Header>
                                        <Loc EndOffset="15606" SrcFileId="5" StartOffset="15566"/>
                                    </Header>
                                    <LocList>
                                        <Loc EndOffset="15768" SrcFileId="5" StartOffset="15566"/>
                                    </LocList>
                                    <StmntSeq Intrnl_Id="650">
                                        <LocList>
                                            <Loc EndOffset="15645" SrcFileId="5" StartOffset="15611"/>
                                            <Loc EndOffset="15681" SrcFileId="5" StartOffset="15648"/>
                                            <Loc EndOffset="15765" SrcFileId="5" StartOffset="15684"/>
                                        </LocList>
                                        <BasicStmnt CovItemId="S137" CovItemPrefix="org.jfree.data.test.RangeTest.java" Intrnl_Id="651">
                                            <LocList>
                                                <Loc EndOffset="15645" SrcFileId="5" StartOffset="15611"/>
                                            </LocList>
                                        </BasicStmnt>
                                        <BasicStmnt CovItemId="S138" CovItemPrefix="org.jfree.data.test.RangeTest.java" Intrnl_Id="652">
                                            <LocList>
                                                <Loc EndOffset="15681" SrcFileId="5" StartOffset="15648"/>
                                            </LocList>
                                        </BasicStmnt>
                                        <BasicStmnt CovItemId="S139" CovItemPrefix="org.jfree.data.test.RangeTest.java" Intrnl_Id="653">
                                            <LocList>
                                                <Loc EndOffset="15765" SrcFileId="5" StartOffset="15684"/>
                                            </LocList>
                                        </BasicStmnt>
                                    </StmntSeq>
                                </HierarchyLvl>
                                <HierarchyLvl HierarchyLvlId="8010" HierarchyLvlTypeId="9" Intrnl_Id="654" Name="NegativeAndNegative">
                                    <Header>
                                        <Loc EndOffset="15829" SrcFileId="5" StartOffset="15789"/>
                                    </Header>
                                    <LocList>
                                        <Loc EndOffset="15997" SrcFileId="5" StartOffset="15789"/>
                                    </LocList>
                                    <StmntSeq Intrnl_Id="655">
                                        <LocList>
                                            <Loc EndOffset="15870" SrcFileId="5" StartOffset="15834"/>
                                            <Loc EndOffset="15906" SrcFileId="5" StartOffset="15873"/>
                                            <Loc EndOffset="15994" SrcFileId="5" StartOffset="15909"/>
                                        </LocList>
                                        <BasicStmnt CovItemId="S140" CovItemPrefix="org.jfree.data.test.RangeTest.java" Intrnl_Id="656">
                                            <LocList>
                                                <Loc EndOffset="15870" SrcFileId="5" StartOffset="15834"/>
                                            </LocList>
                                        </BasicStmnt>
                                        <BasicStmnt CovItemId="S141" CovItemPrefix="org.jfree.data.test.RangeTest.java" Intrnl_Id="657">
                                            <LocList>
                                                <Loc EndOffset="15906" SrcFileId="5" StartOffset="15873"/>
                                            </LocList>
                                        </BasicStmnt>
                                        <BasicStmnt CovItemId="S142" CovItemPrefix="org.jfree.data.test.RangeTest.java" Intrnl_Id="658">
                                            <LocList>
                                                <Loc EndOffset="15994" SrcFileId="5" StartOffset="15909"/>
                                            </LocList>
                                        </BasicStmnt>
                                    </StmntSeq>
                                </HierarchyLvl>
                                <HierarchyLvl HierarchyLvlId="8011" HierarchyLvlTypeId="9" Intrnl_Id="659" Name="ZeroAndZero">
                                    <Header>
                                        <Loc EndOffset="16050" SrcFileId="5" StartOffset="16018"/>
                                    </Header>
                                    <LocList>
                                        <Loc EndOffset="16212" SrcFileId="5" StartOffset="16018"/>
                                    </LocList>
                                    <StmntSeq Intrnl_Id="660">
                                        <LocList>
                                            <Loc EndOffset="16089" SrcFileId="5" StartOffset="16055"/>
                                            <Loc EndOffset="16125" SrcFileId="5" StartOffset="16092"/>
                                            <Loc EndOffset="16209" SrcFileId="5" StartOffset="16128"/>
                                        </LocList>
                                        <BasicStmnt CovItemId="S143" CovItemPrefix="org.jfree.data.test.RangeTest.java" Intrnl_Id="661">
                                            <LocList>
                                                <Loc EndOffset="16089" SrcFileId="5" StartOffset="16055"/>
                                            </LocList>
                                        </BasicStmnt>
                                        <BasicStmnt CovItemId="S144" CovItemPrefix="org.jfree.data.test.RangeTest.java" Intrnl_Id="662">
                                            <LocList>
                                                <Loc EndOffset="16125" SrcFileId="5" StartOffset="16092"/>
                                            </LocList>
                                        </BasicStmnt>
                                        <BasicStmnt CovItemId="S145" CovItemPrefix="org.jfree.data.test.RangeTest.java" Intrnl_Id="663">
                                            <LocList>
                                                <Loc EndOffset="16209" SrcFileId="5" StartOffset="16128"/>
                                            </LocList>
                                        </BasicStmnt>
                                    </StmntSeq>
                                </HierarchyLvl>
                                <HierarchyLvl HierarchyLvlId="8012" HierarchyLvlTypeId="9" Intrnl_Id="664" Name="WrongStringFormatGap">
                                    <Header>
                                        <Loc EndOffset="16274" SrcFileId="5" StartOffset="16233"/>
                                    </Header>
                                    <LocList>
                                        <Loc EndOffset="16437" SrcFileId="5" StartOffset="16233"/>
                                    </LocList>
                                    <StmntSeq Intrnl_Id="665">
                                        <LocList>
                                            <Loc EndOffset="16313" SrcFileId="5" StartOffset="16279"/>
                                            <Loc EndOffset="16349" SrcFileId="5" StartOffset="16316"/>
                                            <Loc EndOffset="16434" SrcFileId="5" StartOffset="16352"/>
                                        </LocList>
                                        <BasicStmnt CovItemId="S146" CovItemPrefix="org.jfree.data.test.RangeTest.java" Intrnl_Id="666">
                                            <LocList>
                                                <Loc EndOffset="16313" SrcFileId="5" StartOffset="16279"/>
                                            </LocList>
                                        </BasicStmnt>
                                        <BasicStmnt CovItemId="S147" CovItemPrefix="org.jfree.data.test.RangeTest.java" Intrnl_Id="667">
                                            <LocList>
                                                <Loc EndOffset="16349" SrcFileId="5" StartOffset="16316"/>
                                            </LocList>
                                        </BasicStmnt>
                                        <BasicStmnt CovItemId="S148" CovItemPrefix="org.jfree.data.test.RangeTest.java" Intrnl_Id="668">
                                            <LocList>
                                                <Loc EndOffset="16434" SrcFileId="5" StartOffset="16352"/>
                                            </LocList>
                                        </BasicStmnt>
                                    </StmntSeq>
                                </HierarchyLvl>
                                <HierarchyLvl HierarchyLvlId="8013" HierarchyLvlTypeId="9" Intrnl_Id="669" Name="WrongStringFormatSpelling">
                                    <Header>
                                        <Loc EndOffset="16504" SrcFileId="5" StartOffset="16458"/>
                                    </Header>
                                    <LocList>
                                        <Loc EndOffset="16665" SrcFileId="5" StartOffset="16458"/>
                                    </LocList>
                                    <StmntSeq Intrnl_Id="670">
                                        <LocList>
                                            <Loc EndOffset="16543" SrcFileId="5" StartOffset="16509"/>
                                            <Loc EndOffset="16579" SrcFileId="5" StartOffset="16546"/>
                                            <Loc EndOffset="16662" SrcFileId="5" StartOffset="16582"/>
                                        </LocList>
                                        <BasicStmnt CovItemId="S149" CovItemPrefix="org.jfree.data.test.RangeTest.java" Intrnl_Id="671">
                                            <LocList>
                                                <Loc EndOffset="16543" SrcFileId="5" StartOffset="16509"/>
                                            </LocList>
                                        </BasicStmnt>
                                        <BasicStmnt CovItemId="S150" CovItemPrefix="org.jfree.data.test.RangeTest.java" Intrnl_Id="672">
                                            <LocList>
                                                <Loc EndOffset="16579" SrcFileId="5" StartOffset="16546"/>
                                            </LocList>
                                        </BasicStmnt>
                                        <BasicStmnt CovItemId="S151" CovItemPrefix="org.jfree.data.test.RangeTest.java" Intrnl_Id="673">
                                            <LocList>
                                                <Loc EndOffset="16662" SrcFileId="5" StartOffset="16582"/>
                                            </LocList>
                                        </BasicStmnt>
                                    </StmntSeq>
                                </HierarchyLvl>
                                <HierarchyLvl HierarchyLvlId="8014" HierarchyLvlTypeId="9" Intrnl_Id="674" Name="intersectRangeRightSide">
                                    <Header>
                                        <Loc EndOffset="16758" SrcFileId="5" StartOffset="16714"/>
                                    </Header>
                                    <LocList>
                                        <Loc EndOffset="16875" SrcFileId="5" StartOffset="16714"/>
                                    </LocList>
                                    <StmntSeq Intrnl_Id="675">
                                        <LocList>
                                            <Loc EndOffset="16799" SrcFileId="5" StartOffset="16769"/>
                                            <Loc EndOffset="16832" SrcFileId="5" StartOffset="16802"/>
                                            <Loc EndOffset="16872" SrcFileId="5" StartOffset="16838"/>
                                        </LocList>
                                        <BasicStmnt CovItemId="S152" CovItemPrefix="org.jfree.data.test.RangeTest.java" Intrnl_Id="676">
                                            <LocList>
                                                <Loc EndOffset="16799" SrcFileId="5" StartOffset="16769"/>
                                            </LocList>
                                        </BasicStmnt>
                                        <BasicStmnt CovItemId="S153" CovItemPrefix="org.jfree.data.test.RangeTest.java" Intrnl_Id="677">
                                            <LocList>
                                                <Loc EndOffset="16832" SrcFileId="5" StartOffset="16802"/>
                                            </LocList>
                                        </BasicStmnt>
                                        <BasicStmnt CovItemId="S154" CovItemPrefix="org.jfree.data.test.RangeTest.java" Intrnl_Id="678">
                                            <LocList>
                                                <Loc EndOffset="16872" SrcFileId="5" StartOffset="16838"/>
                                            </LocList>
                                        </BasicStmnt>
                                    </StmntSeq>
                                </HierarchyLvl>
                                <HierarchyLvl HierarchyLvlId="8015" HierarchyLvlTypeId="9" Intrnl_Id="679" Name="intersectRangeLeftSide">
                                    <Header>
                                        <Loc EndOffset="16940" SrcFileId="5" StartOffset="16897"/>
                                    </Header>
                                    <LocList>
                                        <Loc EndOffset="17057" SrcFileId="5" StartOffset="16897"/>
                                    </LocList>
                                    <StmntSeq Intrnl_Id="680">
                                        <LocList>
                                            <Loc EndOffset="16981" SrcFileId="5" StartOffset="16951"/>
                                            <Loc EndOffset="17014" SrcFileId="5" StartOffset="16984"/>
                                            <Loc EndOffset="17054" SrcFileId="5" StartOffset="17020"/>
                                        </LocList>
                                        <BasicStmnt CovItemId="S155" CovItemPrefix="org.jfree.data.test.RangeTest.java" Intrnl_Id="681">
                                            <LocList>
                                                <Loc EndOffset="16981" SrcFileId="5" StartOffset="16951"/>
                                            </LocList>
                                        </BasicStmnt>
                                        <BasicStmnt CovItemId="S156" CovItemPrefix="org.jfree.data.test.RangeTest.java" Intrnl_Id="682">
                                            <LocList>
                                                <Loc EndOffset="17014" SrcFileId="5" StartOffset="16984"/>
                                            </LocList>
                                        </BasicStmnt>
                                        <BasicStmnt CovItemId="S157" CovItemPrefix="org.jfree.data.test.RangeTest.java" Intrnl_Id="683">
                                            <LocList>
                                                <Loc EndOffset="17054" SrcFileId="5" StartOffset="17020"/>
                                            </LocList>
                                        </BasicStmnt>
                                    </StmntSeq>
                                </HierarchyLvl>
                                <HierarchyLvl HierarchyLvlId="8016" HierarchyLvlTypeId="9" Intrnl_Id="684" Name="intersectRangeBothSides">
                                    <Header>
                                        <Loc EndOffset="17124" SrcFileId="5" StartOffset="17080"/>
                                    </Header>
                                    <LocList>
                                        <Loc EndOffset="17237" SrcFileId="5" StartOffset="17080"/>
                                    </LocList>
                                    <StmntSeq Intrnl_Id="685">
                                        <LocList>
                                            <Loc EndOffset="17162" SrcFileId="5" StartOffset="17132"/>
                                            <Loc EndOffset="17194" SrcFileId="5" StartOffset="17165"/>
                                            <Loc EndOffset="17234" SrcFileId="5" StartOffset="17200"/>
                                        </LocList>
                                        <BasicStmnt CovItemId="S158" CovItemPrefix="org.jfree.data.test.RangeTest.java" Intrnl_Id="686">
                                            <LocList>
                                                <Loc EndOffset="17162" SrcFileId="5" StartOffset="17132"/>
                                            </LocList>
                                        </BasicStmnt>
                                        <BasicStmnt CovItemId="S159" CovItemPrefix="org.jfree.data.test.RangeTest.java" Intrnl_Id="687">
                                            <LocList>
                                                <Loc EndOffset="17194" SrcFileId="5" StartOffset="17165"/>
                                            </LocList>
                                        </BasicStmnt>
                                        <BasicStmnt CovItemId="S160" CovItemPrefix="org.jfree.data.test.RangeTest.java" Intrnl_Id="688">
                                            <LocList>
                                                <Loc EndOffset="17234" SrcFileId="5" StartOffset="17200"/>
                                            </LocList>
                                        </BasicStmnt>
                                    </StmntSeq>
                                </HierarchyLvl>
                                <HierarchyLvl HierarchyLvlId="8017" HierarchyLvlTypeId="9" Intrnl_Id="689" Name="intersectRangeFloatRightSide">
                                    <Header>
                                        <Loc EndOffset="17313" SrcFileId="5" StartOffset="17264"/>
                                    </Header>
                                    <LocList>
                                        <Loc EndOffset="17429" SrcFileId="5" StartOffset="17264"/>
                                    </LocList>
                                    <StmntSeq Intrnl_Id="690">
                                        <LocList>
                                            <Loc EndOffset="17350" SrcFileId="5" StartOffset="17318"/>
                                            <Loc EndOffset="17386" SrcFileId="5" StartOffset="17353"/>
                                            <Loc EndOffset="17426" SrcFileId="5" StartOffset="17392"/>
                                        </LocList>
                                        <BasicStmnt CovItemId="S161" CovItemPrefix="org.jfree.data.test.RangeTest.java" Intrnl_Id="691">
                                            <LocList>
                                                <Loc EndOffset="17350" SrcFileId="5" StartOffset="17318"/>
                                            </LocList>
                                        </BasicStmnt>
                                        <BasicStmnt CovItemId="S162" CovItemPrefix="org.jfree.data.test.RangeTest.java" Intrnl_Id="692">
                                            <LocList>
                                                <Loc EndOffset="17386" SrcFileId="5" StartOffset="17353"/>
                                            </LocList>
                                        </BasicStmnt>
                                        <BasicStmnt CovItemId="S163" CovItemPrefix="org.jfree.data.test.RangeTest.java" Intrnl_Id="693">
                                            <LocList>
                                                <Loc EndOffset="17426" SrcFileId="5" StartOffset="17392"/>
                                            </LocList>
                                        </BasicStmnt>
                                    </StmntSeq>
                                </HierarchyLvl>
                                <HierarchyLvl HierarchyLvlId="8018" HierarchyLvlTypeId="9" Intrnl_Id="694" Name="intersectRangeFloatLeftSide">
                                    <Header>
                                        <Loc EndOffset="17498" SrcFileId="5" StartOffset="17450"/>
                                    </Header>
                                    <LocList>
                                        <Loc EndOffset="17612" SrcFileId="5" StartOffset="17450"/>
                                    </LocList>
                                    <StmntSeq Intrnl_Id="695">
                                        <LocList>
                                            <Loc EndOffset="17535" SrcFileId="5" StartOffset="17503"/>
                                            <Loc EndOffset="17569" SrcFileId="5" StartOffset="17538"/>
                                            <Loc EndOffset="17609" SrcFileId="5" StartOffset="17575"/>
                                        </LocList>
                                        <BasicStmnt CovItemId="S164" CovItemPrefix="org.jfree.data.test.RangeTest.java" Intrnl_Id="696">
                                            <LocList>
                                                <Loc EndOffset="17535" SrcFileId="5" StartOffset="17503"/>
                                            </LocList>
                                        </BasicStmnt>
                                        <BasicStmnt CovItemId="S165" CovItemPrefix="org.jfree.data.test.RangeTest.java" Intrnl_Id="697">
                                            <LocList>
                                                <Loc EndOffset="17569" SrcFileId="5" StartOffset="17538"/>
                                            </LocList>
                                        </BasicStmnt>
                                        <BasicStmnt CovItemId="S166" CovItemPrefix="org.jfree.data.test.RangeTest.java" Intrnl_Id="698">
                                            <LocList>
                                                <Loc EndOffset="17609" SrcFileId="5" StartOffset="17575"/>
                                            </LocList>
                                        </BasicStmnt>
                                    </StmntSeq>
                                </HierarchyLvl>
                                <HierarchyLvl HierarchyLvlId="8019" HierarchyLvlTypeId="9" Intrnl_Id="699" Name="centeralValueCorrectNegativeNegative">
                                    <Header>
                                        <Loc EndOffset="17726" SrcFileId="5" StartOffset="17669"/>
                                    </Header>
                                    <LocList>
                                        <Loc EndOffset="17869" SrcFileId="5" StartOffset="17669"/>
                                    </LocList>
                                    <StmntSeq Intrnl_Id="700">
                                        <LocList>
                                            <Loc EndOffset="17762" SrcFileId="5" StartOffset="17731"/>
                                            <Loc EndOffset="17866" SrcFileId="5" StartOffset="17768"/>
                                        </LocList>
                                        <BasicStmnt CovItemId="S167" CovItemPrefix="org.jfree.data.test.RangeTest.java" Intrnl_Id="701">
                                            <LocList>
                                                <Loc EndOffset="17762" SrcFileId="5" StartOffset="17731"/>
                                            </LocList>
                                        </BasicStmnt>
                                        <BasicStmnt CovItemId="S168" CovItemPrefix="org.jfree.data.test.RangeTest.java" Intrnl_Id="702">
                                            <LocList>
                                                <Loc EndOffset="17866" SrcFileId="5" StartOffset="17768"/>
                                            </LocList>
                                        </BasicStmnt>
                                    </StmntSeq>
                                </HierarchyLvl>
                                <HierarchyLvl HierarchyLvlId="8020" HierarchyLvlTypeId="9" Intrnl_Id="703" Name="centeralValueCorrectNegativePositive">
                                    <Header>
                                        <Loc EndOffset="17948" SrcFileId="5" StartOffset="17891"/>
                                    </Header>
                                    <LocList>
                                        <Loc EndOffset="18088" SrcFileId="5" StartOffset="17891"/>
                                    </LocList>
                                    <StmntSeq Intrnl_Id="704">
                                        <LocList>
                                            <Loc EndOffset="17983" SrcFileId="5" StartOffset="17953"/>
                                            <Loc EndOffset="18085" SrcFileId="5" StartOffset="17989"/>
                                        </LocList>
                                        <BasicStmnt CovItemId="S169" CovItemPrefix="org.jfree.data.test.RangeTest.java" Intrnl_Id="705">
                                            <LocList>
                                                <Loc EndOffset="17983" SrcFileId="5" StartOffset="17953"/>
                                            </LocList>
                                        </BasicStmnt>
                                        <BasicStmnt CovItemId="S170" CovItemPrefix="org.jfree.data.test.RangeTest.java" Intrnl_Id="706">
                                            <LocList>
                                                <Loc EndOffset="18085" SrcFileId="5" StartOffset="17989"/>
                                            </LocList>
                                        </BasicStmnt>
                                    </StmntSeq>
                                </HierarchyLvl>
                                <HierarchyLvl HierarchyLvlId="8021" HierarchyLvlTypeId="9" Intrnl_Id="707" Name="centeralValueCorrectPositivePositive">
                                    <Header>
                                        <Loc EndOffset="18166" SrcFileId="5" StartOffset="18109"/>
                                    </Header>
                                    <LocList>
                                        <Loc EndOffset="18303" SrcFileId="5" StartOffset="18109"/>
                                    </LocList>
                                    <StmntSeq Intrnl_Id="708">
                                        <LocList>
                                            <Loc EndOffset="18204" SrcFileId="5" StartOffset="18171"/>
                                            <Loc EndOffset="18300" SrcFileId="5" StartOffset="18207"/>
                                        </LocList>
                                        <BasicStmnt CovItemId="S171" CovItemPrefix="org.jfree.data.test.RangeTest.java" Intrnl_Id="709">
                                            <LocList>
                                                <Loc EndOffset="18204" SrcFileId="5" StartOffset="18171"/>
                                            </LocList>
                                        </BasicStmnt>
                                        <BasicStmnt CovItemId="S172" CovItemPrefix="org.jfree.data.test.RangeTest.java" Intrnl_Id="710">
                                            <LocList>
                                                <Loc EndOffset="18300" SrcFileId="5" StartOffset="18207"/>
                                            </LocList>
                                        </BasicStmnt>
                                    </StmntSeq>
                                </HierarchyLvl>
                                <HierarchyLvl HierarchyLvlId="8022" HierarchyLvlTypeId="9" Intrnl_Id="711" Name="centeralValueWrongPositivePositive">
                                    <Header>
                                        <Loc EndOffset="18379" SrcFileId="5" StartOffset="18324"/>
                                    </Header>
                                    <LocList>
                                        <Loc EndOffset="18514" SrcFileId="5" StartOffset="18324"/>
                                    </LocList>
                                    <StmntSeq Intrnl_Id="712">
                                        <LocList>
                                            <Loc EndOffset="18417" SrcFileId="5" StartOffset="18384"/>
                                            <Loc EndOffset="18511" SrcFileId="5" StartOffset="18419"/>
                                        </LocList>
                                        <BasicStmnt CovItemId="S173" CovItemPrefix="org.jfree.data.test.RangeTest.java" Intrnl_Id="713">
                                            <LocList>
                                                <Loc EndOffset="18417" SrcFileId="5" StartOffset="18384"/>
                                            </LocList>
                                        </BasicStmnt>
                                        <BasicStmnt CovItemId="S174" CovItemPrefix="org.jfree.data.test.RangeTest.java" Intrnl_Id="714">
                                            <LocList>
                                                <Loc EndOffset="18511" SrcFileId="5" StartOffset="18419"/>
                                            </LocList>
                                        </BasicStmnt>
                                    </StmntSeq>
                                </HierarchyLvl>
                                <HierarchyLvl HierarchyLvlId="8023" HierarchyLvlTypeId="9" Intrnl_Id="715" Name="centeralValueWrongNegativeNegative">
                                    <Header>
                                        <Loc EndOffset="18590" SrcFileId="5" StartOffset="18535"/>
                                    </Header>
                                    <LocList>
                                        <Loc EndOffset="18727" SrcFileId="5" StartOffset="18535"/>
                                    </LocList>
                                    <StmntSeq Intrnl_Id="716">
                                        <LocList>
                                            <Loc EndOffset="18626" SrcFileId="5" StartOffset="18595"/>
                                            <Loc EndOffset="18724" SrcFileId="5" StartOffset="18629"/>
                                        </LocList>
                                        <BasicStmnt CovItemId="S175" CovItemPrefix="org.jfree.data.test.RangeTest.java" Intrnl_Id="717">
                                            <LocList>
                                                <Loc EndOffset="18626" SrcFileId="5" StartOffset="18595"/>
                                            </LocList>
                                        </BasicStmnt>
                                        <BasicStmnt CovItemId="S176" CovItemPrefix="org.jfree.data.test.RangeTest.java" Intrnl_Id="718">
                                            <LocList>
                                                <Loc EndOffset="18724" SrcFileId="5" StartOffset="18629"/>
                                            </LocList>
                                        </BasicStmnt>
                                    </StmntSeq>
                                </HierarchyLvl>
                                <HierarchyLvl HierarchyLvlId="8024" HierarchyLvlTypeId="9" Intrnl_Id="719" Name="centeralValueWrongNegativePositive">
                                    <Header>
                                        <Loc EndOffset="18803" SrcFileId="5" StartOffset="18748"/>
                                    </Header>
                                    <LocList>
                                        <Loc EndOffset="18937" SrcFileId="5" StartOffset="18748"/>
                                    </LocList>
                                    <StmntSeq Intrnl_Id="720">
                                        <LocList>
                                            <Loc EndOffset="18838" SrcFileId="5" StartOffset="18808"/>
                                            <Loc EndOffset="18934" SrcFileId="5" StartOffset="18841"/>
                                        </LocList>
                                        <BasicStmnt CovItemId="S177" CovItemPrefix="org.jfree.data.test.RangeTest.java" Intrnl_Id="721">
                                            <LocList>
                                                <Loc EndOffset="18838" SrcFileId="5" StartOffset="18808"/>
                                            </LocList>
                                        </BasicStmnt>
                                        <BasicStmnt CovItemId="S178" CovItemPrefix="org.jfree.data.test.RangeTest.java" Intrnl_Id="722">
                                            <LocList>
                                                <Loc EndOffset="18934" SrcFileId="5" StartOffset="18841"/>
                                            </LocList>
                                        </BasicStmnt>
                                    </StmntSeq>
                                </HierarchyLvl>
                                <HierarchyLvl HierarchyLvlId="8025" HierarchyLvlTypeId="9" Intrnl_Id="723" Name="expandToIncludeLeftSideCorrect">
                                    <Header>
                                        <Loc EndOffset="19040" SrcFileId="5" StartOffset="18989"/>
                                    </Header>
                                    <LocList>
                                        <Loc EndOffset="19195" SrcFileId="5" StartOffset="18989"/>
                                    </LocList>
                                    <StmntSeq Intrnl_Id="724">
                                        <LocList>
                                            <Loc EndOffset="19075" SrcFileId="5" StartOffset="19045"/>
                                            <Loc EndOffset="19192" SrcFileId="5" StartOffset="19081"/>
                                        </LocList>
                                        <BasicStmnt CovItemId="S179" CovItemPrefix="org.jfree.data.test.RangeTest.java" Intrnl_Id="725">
                                            <LocList>
                                                <Loc EndOffset="19075" SrcFileId="5" StartOffset="19045"/>
                                            </LocList>
                                        </BasicStmnt>
                                        <BasicStmnt CovItemId="S180" CovItemPrefix="org.jfree.data.test.RangeTest.java" Intrnl_Id="726">
                                            <LocList>
                                                <Loc EndOffset="19192" SrcFileId="5" StartOffset="19081"/>
                                            </LocList>
                                        </BasicStmnt>
                                    </StmntSeq>
                                </HierarchyLvl>
                                <HierarchyLvl HierarchyLvlId="8026" HierarchyLvlTypeId="9" Intrnl_Id="727" Name="expandToIncludeRightSideCorrect">
                                    <Header>
                                        <Loc EndOffset="19268" SrcFileId="5" StartOffset="19216"/>
                                    </Header>
                                    <LocList>
                                        <Loc EndOffset="19420" SrcFileId="5" StartOffset="19216"/>
                                    </LocList>
                                    <StmntSeq Intrnl_Id="728">
                                        <LocList>
                                            <Loc EndOffset="19303" SrcFileId="5" StartOffset="19273"/>
                                            <Loc EndOffset="19417" SrcFileId="5" StartOffset="19306"/>
                                        </LocList>
                                        <BasicStmnt CovItemId="S181" CovItemPrefix="org.jfree.data.test.RangeTest.java" Intrnl_Id="729">
                                            <LocList>
                                                <Loc EndOffset="19303" SrcFileId="5" StartOffset="19273"/>
                                            </LocList>
                                        </BasicStmnt>
                                        <BasicStmnt CovItemId="S182" CovItemPrefix="org.jfree.data.test.RangeTest.java" Intrnl_Id="730">
                                            <LocList>
                                                <Loc EndOffset="19417" SrcFileId="5" StartOffset="19306"/>
                                            </LocList>
                                        </BasicStmnt>
                                    </StmntSeq>
                                </HierarchyLvl>
                                <HierarchyLvl HierarchyLvlId="8027" HierarchyLvlTypeId="9" Intrnl_Id="731" Name="NoNeedToExpandToIncludeCorrect">
                                    <Header>
                                        <Loc EndOffset="19492" SrcFileId="5" StartOffset="19441"/>
                                    </Header>
                                    <LocList>
                                        <Loc EndOffset="19646" SrcFileId="5" StartOffset="19441"/>
                                    </LocList>
                                    <StmntSeq Intrnl_Id="732">
                                        <LocList>
                                            <Loc EndOffset="19527" SrcFileId="5" StartOffset="19497"/>
                                            <Loc EndOffset="19643" SrcFileId="5" StartOffset="19530"/>
                                        </LocList>
                                        <BasicStmnt CovItemId="S183" CovItemPrefix="org.jfree.data.test.RangeTest.java" Intrnl_Id="733">
                                            <LocList>
                                                <Loc EndOffset="19527" SrcFileId="5" StartOffset="19497"/>
                                            </LocList>
                                        </BasicStmnt>
                                        <BasicStmnt CovItemId="S184" CovItemPrefix="org.jfree.data.test.RangeTest.java" Intrnl_Id="734">
                                            <LocList>
                                                <Loc EndOffset="19643" SrcFileId="5" StartOffset="19530"/>
                                            </LocList>
                                        </BasicStmnt>
                                    </StmntSeq>
                                </HierarchyLvl>
                                <HierarchyLvl HierarchyLvlId="8028" HierarchyLvlTypeId="9" Intrnl_Id="735" Name="expandToIncludeRightSideWrong">
                                    <Header>
                                        <Loc EndOffset="19717" SrcFileId="5" StartOffset="19667"/>
                                    </Header>
                                    <LocList>
                                        <Loc EndOffset="19859" SrcFileId="5" StartOffset="19667"/>
                                    </LocList>
                                    <StmntSeq Intrnl_Id="736">
                                        <LocList>
                                            <Loc EndOffset="19752" SrcFileId="5" StartOffset="19722"/>
                                            <Loc EndOffset="19856" SrcFileId="5" StartOffset="19755"/>
                                        </LocList>
                                        <BasicStmnt CovItemId="S185" CovItemPrefix="org.jfree.data.test.RangeTest.java" Intrnl_Id="737">
                                            <LocList>
                                                <Loc EndOffset="19752" SrcFileId="5" StartOffset="19722"/>
                                            </LocList>
                                        </BasicStmnt>
                                        <BasicStmnt CovItemId="S186" CovItemPrefix="org.jfree.data.test.RangeTest.java" Intrnl_Id="738">
                                            <LocList>
                                                <Loc EndOffset="19856" SrcFileId="5" StartOffset="19755"/>
                                            </LocList>
                                        </BasicStmnt>
                                    </StmntSeq>
                                </HierarchyLvl>
                                <HierarchyLvl HierarchyLvlId="8029" HierarchyLvlTypeId="9" Intrnl_Id="739" Name="expandToIncludeLeftSideWrong">
                                    <Header>
                                        <Loc EndOffset="19929" SrcFileId="5" StartOffset="19880"/>
                                    </Header>
                                    <LocList>
                                        <Loc EndOffset="20070" SrcFileId="5" StartOffset="19880"/>
                                    </LocList>
                                    <StmntSeq Intrnl_Id="740">
                                        <LocList>
                                            <Loc EndOffset="19964" SrcFileId="5" StartOffset="19934"/>
                                            <Loc EndOffset="20067" SrcFileId="5" StartOffset="19967"/>
                                        </LocList>
                                        <BasicStmnt CovItemId="S187" CovItemPrefix="org.jfree.data.test.RangeTest.java" Intrnl_Id="741">
                                            <LocList>
                                                <Loc EndOffset="19964" SrcFileId="5" StartOffset="19934"/>
                                            </LocList>
                                        </BasicStmnt>
                                        <BasicStmnt CovItemId="S188" CovItemPrefix="org.jfree.data.test.RangeTest.java" Intrnl_Id="742">
                                            <LocList>
                                                <Loc EndOffset="20067" SrcFileId="5" StartOffset="19967"/>
                                            </LocList>
                                        </BasicStmnt>
                                    </StmntSeq>
                                </HierarchyLvl>
                                <HierarchyLvl HierarchyLvlId="8030" HierarchyLvlTypeId="9" Intrnl_Id="743" Name="expandToIncludeLeftSideSame">
                                    <Header>
                                        <Loc EndOffset="20139" SrcFileId="5" StartOffset="20091"/>
                                    </Header>
                                    <LocList>
                                        <Loc EndOffset="20277" SrcFileId="5" StartOffset="20091"/>
                                    </LocList>
                                    <StmntSeq Intrnl_Id="744">
                                        <LocList>
                                            <Loc EndOffset="20174" SrcFileId="5" StartOffset="20144"/>
                                            <Loc EndOffset="20274" SrcFileId="5" StartOffset="20176"/>
                                        </LocList>
                                        <BasicStmnt CovItemId="S189" CovItemPrefix="org.jfree.data.test.RangeTest.java" Intrnl_Id="745">
                                            <LocList>
                                                <Loc EndOffset="20174" SrcFileId="5" StartOffset="20144"/>
                                            </LocList>
                                        </BasicStmnt>
                                        <BasicStmnt CovItemId="S190" CovItemPrefix="org.jfree.data.test.RangeTest.java" Intrnl_Id="746">
                                            <LocList>
                                                <Loc EndOffset="20274" SrcFileId="5" StartOffset="20176"/>
                                            </LocList>
                                        </BasicStmnt>
                                    </StmntSeq>
                                </HierarchyLvl>
                                <HierarchyLvl HierarchyLvlId="8031" HierarchyLvlTypeId="9" Intrnl_Id="747" Name="expandToIncludeRightSideSame">
                                    <Header>
                                        <Loc EndOffset="20347" SrcFileId="5" StartOffset="20298"/>
                                    </Header>
                                    <LocList>
                                        <Loc EndOffset="20482" SrcFileId="5" StartOffset="20298"/>
                                    </LocList>
                                    <StmntSeq Intrnl_Id="748">
                                        <LocList>
                                            <Loc EndOffset="20382" SrcFileId="5" StartOffset="20352"/>
                                            <Loc EndOffset="20479" SrcFileId="5" StartOffset="20384"/>
                                        </LocList>
                                        <BasicStmnt CovItemId="S191" CovItemPrefix="org.jfree.data.test.RangeTest.java" Intrnl_Id="749">
                                            <LocList>
                                                <Loc EndOffset="20382" SrcFileId="5" StartOffset="20352"/>
                                            </LocList>
                                        </BasicStmnt>
                                        <BasicStmnt CovItemId="S192" CovItemPrefix="org.jfree.data.test.RangeTest.java" Intrnl_Id="750">
                                            <LocList>
                                                <Loc EndOffset="20479" SrcFileId="5" StartOffset="20384"/>
                                            </LocList>
                                        </BasicStmnt>
                                    </StmntSeq>
                                </HierarchyLvl>
                                <HierarchyLvl HierarchyLvlId="8032" HierarchyLvlTypeId="9" Intrnl_Id="751" Name="expandUsingZeroMarginsTest">
                                    <Header>
                                        <Loc EndOffset="20553" SrcFileId="5" StartOffset="20506"/>
                                    </Header>
                                    <LocList>
                                        <Loc EndOffset="20730" SrcFileId="5" StartOffset="20506"/>
                                    </LocList>
                                    <StmntSeq Intrnl_Id="752">
                                        <LocList>
                                            <Loc EndOffset="20585" SrcFileId="5" StartOffset="20558"/>
                                            <Loc EndOffset="20615" SrcFileId="5" StartOffset="20588"/>
                                            <Loc EndOffset="20727" SrcFileId="5" StartOffset="20618"/>
                                        </LocList>
                                        <BasicStmnt CovItemId="S193" CovItemPrefix="org.jfree.data.test.RangeTest.java" Intrnl_Id="753">
                                            <LocList>
                                                <Loc EndOffset="20585" SrcFileId="5" StartOffset="20558"/>
                                            </LocList>
                                        </BasicStmnt>
                                        <BasicStmnt CovItemId="S194" CovItemPrefix="org.jfree.data.test.RangeTest.java" Intrnl_Id="754">
                                            <LocList>
                                                <Loc EndOffset="20615" SrcFileId="5" StartOffset="20588"/>
                                            </LocList>
                                        </BasicStmnt>
                                        <BasicStmnt CovItemId="S195" CovItemPrefix="org.jfree.data.test.RangeTest.java" Intrnl_Id="755">
                                            <LocList>
                                                <Loc EndOffset="20727" SrcFileId="5" StartOffset="20618"/>
                                            </LocList>
                                        </BasicStmnt>
                                    </StmntSeq>
                                </HierarchyLvl>
                                <HierarchyLvl HierarchyLvlId="8033" HierarchyLvlTypeId="9" Intrnl_Id="756" Name="nullRange">
                                    <Header>
                                        <Loc EndOffset="20796" SrcFileId="5" StartOffset="20766"/>
                                    </Header>
                                    <LocList>
                                        <Loc EndOffset="21026" SrcFileId="5" StartOffset="20766"/>
                                    </LocList>
                                    <StmntSeq Intrnl_Id="757">
                                        <LocList>
                                            <Loc EndOffset="20837" SrcFileId="5" StartOffset="20810"/>
                                            <Loc EndOffset="20888" SrcFileId="5" StartOffset="20841"/>
                                            <Loc EndOffset="21023" SrcFileId="5" StartOffset="20801"/>
                                        </LocList>
                                        <BasicStmnt CovItemId="S197" CovItemPrefix="org.jfree.data.test.RangeTest.java" Intrnl_Id="758">
                                            <LocList>
                                                <Loc EndOffset="20837" SrcFileId="5" StartOffset="20810"/>
                                            </LocList>
                                        </BasicStmnt>
                                        <BasicStmnt CovItemId="S198" CovItemPrefix="org.jfree.data.test.RangeTest.java" Intrnl_Id="759">
                                            <LocList>
                                                <Loc EndOffset="20888" SrcFileId="5" StartOffset="20841"/>
                                            </LocList>
                                        </BasicStmnt>
                                        <CondStmnt CovItemId="S196" CovItemPrefix="org.jfree.data.test.RangeTest.java" Intrnl_Id="760">
                                            <Branch CovItemId="B5" CovItemPrefix="org.jfree.data.test.RangeTest.java" Implct="true" Intrnl_Id="761">
                                                <Cond/>
                                                <LocList/>
                                                <StmntSeq Intrnl_Id="762">
                                                    <LocList/>
                                                </StmntSeq>
                                            </Branch>
                                            <Branch CovItemId="B6" CovItemPrefix="org.jfree.data.test.RangeTest.java" Implct="false" Intrnl_Id="763">
                                                <Cond>
                                                    <Loc EndOffset="20913" SrcFileId="5" StartOffset="20895"/>
                                                </Cond>
                                                <LocList>
                                                    <Loc EndOffset="21023" SrcFileId="5" StartOffset="20914"/>
                                                </LocList>
                                                <StmntSeq Intrnl_Id="764">
                                                    <LocList>
                                                        <Loc EndOffset="21019" SrcFileId="5" StartOffset="20919"/>
                                                    </LocList>
                                                    <BasicStmnt CovItemId="S199" CovItemPrefix="org.jfree.data.test.RangeTest.java" Intrnl_Id="765">
                                                        <LocList>
                                                            <Loc EndOffset="21019" SrcFileId="5" StartOffset="20919"/>
                                                        </LocList>
                                                    </BasicStmnt>
                                                </StmntSeq>
                                            </Branch>
                                            <Keyword EndOffset="20804" SrcFileId="5" StartOffset="20801"/>
                                            <LocList>
                                                <Loc EndOffset="21023" SrcFileId="5" StartOffset="20801"/>
                                            </LocList>
                                        </CondStmnt>
                                    </StmntSeq>
                                </HierarchyLvl>
                                <HierarchyLvl HierarchyLvlId="8034" HierarchyLvlTypeId="9" Intrnl_Id="766" Name="sameUpperBoundary">
                                    <Header>
                                        <Loc EndOffset="21162" SrcFileId="5" StartOffset="21124"/>
                                    </Header>
                                    <LocList>
                                        <Loc EndOffset="21312" SrcFileId="5" StartOffset="21124"/>
                                    </LocList>
                                    <StmntSeq Intrnl_Id="767">
                                        <LocList>
                                            <Loc EndOffset="21309" SrcFileId="5" StartOffset="21167"/>
                                        </LocList>
                                        <BasicStmnt CovItemId="S200" CovItemPrefix="org.jfree.data.test.RangeTest.java" Intrnl_Id="768">
                                            <LocList>
                                                <Loc EndOffset="21309" SrcFileId="5" StartOffset="21167"/>
                                            </LocList>
                                        </BasicStmnt>
                                    </StmntSeq>
                                </HierarchyLvl>
                                <HierarchyLvl HierarchyLvlId="8035" HierarchyLvlTypeId="9" Intrnl_Id="769" Name="sameLowerBoundary">
                                    <Header>
                                        <Loc EndOffset="21432" SrcFileId="5" StartOffset="21393"/>
                                    </Header>
                                    <LocList>
                                        <Loc EndOffset="21582" SrcFileId="5" StartOffset="21393"/>
                                    </LocList>
                                    <StmntSeq Intrnl_Id="770">
                                        <LocList>
                                            <Loc EndOffset="21579" SrcFileId="5" StartOffset="21437"/>
                                        </LocList>
                                        <BasicStmnt CovItemId="S201" CovItemPrefix="org.jfree.data.test.RangeTest.java" Intrnl_Id="771">
                                            <LocList>
                                                <Loc EndOffset="21579" SrcFileId="5" StartOffset="21437"/>
                                            </LocList>
                                        </BasicStmnt>
                                    </StmntSeq>
                                </HierarchyLvl>
                                <HierarchyLvl HierarchyLvlId="8036" HierarchyLvlTypeId="9" Intrnl_Id="772" Name="diffRanges">
                                    <Header>
                                        <Loc EndOffset="21678" SrcFileId="5" StartOffset="21647"/>
                                    </Header>
                                    <LocList>
                                        <Loc EndOffset="21783" SrcFileId="5" StartOffset="21647"/>
                                    </LocList>
                                    <StmntSeq Intrnl_Id="773">
                                        <LocList>
                                            <Loc EndOffset="21780" SrcFileId="5" StartOffset="21683"/>
                                        </LocList>
                                        <BasicStmnt CovItemId="S202" CovItemPrefix="org.jfree.data.test.RangeTest.java" Intrnl_Id="774">
                                            <LocList>
                                                <Loc EndOffset="21780" SrcFileId="5" StartOffset="21683"/>
                                            </LocList>
                                        </BasicStmnt>
                                    </StmntSeq>
                                </HierarchyLvl>
                                <HierarchyLvl HierarchyLvlId="8037" HierarchyLvlTypeId="9" Intrnl_Id="775" Name="sameRanges">
                                    <Header>
                                        <Loc EndOffset="21874" SrcFileId="5" StartOffset="21843"/>
                                    </Header>
                                    <LocList>
                                        <Loc EndOffset="21973" SrcFileId="5" StartOffset="21843"/>
                                    </LocList>
                                    <StmntSeq Intrnl_Id="776">
                                        <LocList>
                                            <Loc EndOffset="21970" SrcFileId="5" StartOffset="21879"/>
                                        </LocList>
                                        <BasicStmnt CovItemId="S203" CovItemPrefix="org.jfree.data.test.RangeTest.java" Intrnl_Id="777">
                                            <LocList>
                                                <Loc EndOffset="21970" SrcFileId="5" StartOffset="21879"/>
                                            </LocList>
                                        </BasicStmnt>
                                    </StmntSeq>
                                </HierarchyLvl>
                                <HierarchyLvl HierarchyLvlId="8038" HierarchyLvlTypeId="9" Intrnl_Id="778" Name="nullRangeEquals">
                                    <Header>
                                        <Loc EndOffset="22033" SrcFileId="5" StartOffset="21997"/>
                                    </Header>
                                    <LocList>
                                        <Loc EndOffset="22112" SrcFileId="5" StartOffset="21997"/>
                                    </LocList>
                                    <StmntSeq Intrnl_Id="779">
                                        <LocList>
                                            <Loc EndOffset="22109" SrcFileId="5" StartOffset="22038"/>
                                        </LocList>
                                        <BasicStmnt CovItemId="S204" CovItemPrefix="org.jfree.data.test.RangeTest.java" Intrnl_Id="780">
                                            <LocList>
                                                <Loc EndOffset="22109" SrcFileId="5" StartOffset="22038"/>
                                            </LocList>
                                        </BasicStmnt>
                                    </StmntSeq>
                                </HierarchyLvl>
                                <HierarchyLvl HierarchyLvlId="8039" HierarchyLvlTypeId="9" Intrnl_Id="781" Name="inLowerBoundary">
                                    <Header>
                                        <Loc EndOffset="22213" SrcFileId="5" StartOffset="22177"/>
                                    </Header>
                                    <LocList>
                                        <Loc EndOffset="22299" SrcFileId="5" StartOffset="22177"/>
                                    </LocList>
                                    <StmntSeq Intrnl_Id="782">
                                        <LocList>
                                            <Loc EndOffset="22296" SrcFileId="5" StartOffset="22218"/>
                                        </LocList>
                                        <BasicStmnt CovItemId="S205" CovItemPrefix="org.jfree.data.test.RangeTest.java" Intrnl_Id="783">
                                            <LocList>
                                                <Loc EndOffset="22296" SrcFileId="5" StartOffset="22218"/>
                                            </LocList>
                                        </BasicStmnt>
                                    </StmntSeq>
                                </HierarchyLvl>
                                <HierarchyLvl HierarchyLvlId="8040" HierarchyLvlTypeId="9" Intrnl_Id="784" Name="inUpperBoundary">
                                    <Header>
                                        <Loc EndOffset="22382" SrcFileId="5" StartOffset="22346"/>
                                    </Header>
                                    <LocList>
                                        <Loc EndOffset="22466" SrcFileId="5" StartOffset="22346"/>
                                    </LocList>
                                    <StmntSeq Intrnl_Id="785">
                                        <LocList>
                                            <Loc EndOffset="22463" SrcFileId="5" StartOffset="22387"/>
                                        </LocList>
                                        <BasicStmnt CovItemId="S206" CovItemPrefix="org.jfree.data.test.RangeTest.java" Intrnl_Id="786">
                                            <LocList>
                                                <Loc EndOffset="22463" SrcFileId="5" StartOffset="22387"/>
                                            </LocList>
                                        </BasicStmnt>
                                    </StmntSeq>
                                </HierarchyLvl>
                                <HierarchyLvl HierarchyLvlId="8041" HierarchyLvlTypeId="9" Intrnl_Id="787" Name="numberInRange">
                                    <Header>
                                        <Loc EndOffset="22536" SrcFileId="5" StartOffset="22502"/>
                                    </Header>
                                    <LocList>
                                        <Loc EndOffset="22615" SrcFileId="5" StartOffset="22502"/>
                                    </LocList>
                                    <StmntSeq Intrnl_Id="788">
                                        <LocList>
                                            <Loc EndOffset="22612" SrcFileId="5" StartOffset="22541"/>
                                        </LocList>
                                        <BasicStmnt CovItemId="S207" CovItemPrefix="org.jfree.data.test.RangeTest.java" Intrnl_Id="789">
                                            <LocList>
                                                <Loc EndOffset="22612" SrcFileId="5" StartOffset="22541"/>
                                            </LocList>
                                        </BasicStmnt>
                                    </StmntSeq>
                                </HierarchyLvl>
                                <HierarchyLvl HierarchyLvlId="8042" HierarchyLvlTypeId="9" Intrnl_Id="790" Name="tearDown">
                                    <Header>
                                        <Loc EndOffset="22670" SrcFileId="5" StartOffset="22621"/>
                                    </Header>
                                    <LocList>
                                        <Loc EndOffset="22677" SrcFileId="5" StartOffset="22621"/>
                                    </LocList>
                                </HierarchyLvl>
                                <HierarchyLvl HierarchyLvlId="8043" HierarchyLvlTypeId="9" Intrnl_Id="791" Name="tearDownAfterClass">
                                    <Header>
                                        <Loc EndOffset="22752" SrcFileId="5" StartOffset="22681"/>
                                    </Header>
                                    <LocList>
                                        <Loc EndOffset="22759" SrcFileId="5" StartOffset="22681"/>
                                    </LocList>
                                </HierarchyLvl>
                            </HierarchyLvl>
                            <HierarchyLvl HierarchyLvlId="8059" HierarchyLvlTypeId="10" Intrnl_Id="792" Name="RowTotalTest">
                                <Header>
                                    <Loc EndOffset="512" SrcFileId="6" StartOffset="487"/>
                                </Header>
                                <LocList>
                                    <Loc EndOffset="4030" SrcFileId="6" StartOffset="487"/>
                                </LocList>
                                <HierarchyLvl HierarchyLvlId="8045" HierarchyLvlTypeId="9" Intrnl_Id="793" Name="DataIsNull">
                                    <Header>
                                        <Loc EndOffset="601" SrcFileId="6" StartOffset="570"/>
                                    </Header>
                                    <LocList>
                                        <Loc EndOffset="857" SrcFileId="6" StartOffset="570"/>
                                    </LocList>
                                    <StmntSeq Intrnl_Id="794">
                                        <LocList>
                                            <Loc EndOffset="657" SrcFileId="6" StartOffset="616"/>
                                            <Loc EndOffset="725" SrcFileId="6" StartOffset="663"/>
                                            <Loc EndOffset="854" SrcFileId="6" StartOffset="607"/>
                                        </LocList>
                                        <BasicStmnt CovItemId="S2" CovItemPrefix="org.jfree.data.test.RowTotalTest.java" Intrnl_Id="795">
                                            <LocList>
                                                <Loc EndOffset="657" SrcFileId="6" StartOffset="616"/>
                                            </LocList>
                                        </BasicStmnt>
                                        <BasicStmnt CovItemId="S3" CovItemPrefix="org.jfree.data.test.RowTotalTest.java" Intrnl_Id="796">
                                            <LocList>
                                                <Loc EndOffset="725" SrcFileId="6" StartOffset="663"/>
                                            </LocList>
                                        </BasicStmnt>
                                        <CondStmnt CovItemId="S1" CovItemPrefix="org.jfree.data.test.RowTotalTest.java" Intrnl_Id="797">
                                            <Branch CovItemId="B1" CovItemPrefix="org.jfree.data.test.RowTotalTest.java" Implct="true" Intrnl_Id="798">
                                                <Cond/>
                                                <LocList/>
                                                <StmntSeq Intrnl_Id="799">
                                                    <LocList/>
                                                </StmntSeq>
                                            </Branch>
                                            <Branch CovItemId="B2" CovItemPrefix="org.jfree.data.test.RowTotalTest.java" Implct="false" Intrnl_Id="800">
                                                <Cond>
                                                    <Loc EndOffset="752" SrcFileId="6" StartOffset="732"/>
                                                </Cond>
                                                <LocList>
                                                    <Loc EndOffset="854" SrcFileId="6" StartOffset="753"/>
                                                </LocList>
                                                <StmntSeq Intrnl_Id="801">
                                                    <LocList>
                                                        <Loc EndOffset="850" SrcFileId="6" StartOffset="758"/>
                                                    </LocList>
                                                    <BasicStmnt CovItemId="S4" CovItemPrefix="org.jfree.data.test.RowTotalTest.java" Intrnl_Id="802">
                                                        <LocList>
                                                            <Loc EndOffset="850" SrcFileId="6" StartOffset="758"/>
                                                        </LocList>
                                                    </BasicStmnt>
                                                </StmntSeq>
                                            </Branch>
                                            <Keyword EndOffset="610" SrcFileId="6" StartOffset="607"/>
                                            <LocList>
                                                <Loc EndOffset="854" SrcFileId="6" StartOffset="607"/>
                                            </LocList>
                                        </CondStmnt>
                                    </StmntSeq>
                                </HierarchyLvl>
                                <HierarchyLvl HierarchyLvlId="8047" HierarchyLvlTypeId="9" Intrnl_Id="803" Name="EmptyArray">
                                    <Header>
                                        <Loc EndOffset="950" SrcFileId="6" StartOffset="919"/>
                                    </Header>
                                    <LocList>
                                        <Loc EndOffset="1269" SrcFileId="6" StartOffset="919"/>
                                    </LocList>
                                    <StmntSeq Intrnl_Id="804">
                                        <LocList>
                                            <Loc EndOffset="994" SrcFileId="6" StartOffset="955"/>
                                            <Loc EndOffset="1058" SrcFileId="6" StartOffset="998"/>
                                            <Loc EndOffset="1088" SrcFileId="6" StartOffset="1064"/>
                                            <Loc EndOffset="1187" SrcFileId="6" StartOffset="1185"/>
                                            <Loc EndOffset="1266" SrcFileId="6" StartOffset="1193"/>
                                        </LocList>
                                        <BasicStmnt CovItemId="S5" CovItemPrefix="org.jfree.data.test.RowTotalTest.java" Intrnl_Id="805">
                                            <LocList>
                                                <Loc EndOffset="994" SrcFileId="6" StartOffset="955"/>
                                            </LocList>
                                        </BasicStmnt>
                                        <BasicStmnt CovItemId="S6" CovItemPrefix="org.jfree.data.test.RowTotalTest.java" Intrnl_Id="806">
                                            <LocList>
                                                <Loc EndOffset="1058" SrcFileId="6" StartOffset="998"/>
                                            </LocList>
                                        </BasicStmnt>
                                        <BasicStmnt CovItemId="S7" CovItemPrefix="org.jfree.data.test.RowTotalTest.java" Intrnl_Id="807">
                                            <LocList>
                                                <Loc EndOffset="1088" SrcFileId="6" StartOffset="1064"/>
                                                <Loc EndOffset="1187" SrcFileId="6" StartOffset="1185"/>
                                            </LocList>
                                        </BasicStmnt>
                                        <BasicStmnt CovItemId="S10" CovItemPrefix="org.jfree.data.test.RowTotalTest.java" Intrnl_Id="808">
                                            <LocList>
                                                <Loc EndOffset="1266" SrcFileId="6" StartOffset="1193"/>
                                            </LocList>
                                        </BasicStmnt>
                                    </StmntSeq>
                                    <HierarchyLvl HierarchyLvlId="8046" HierarchyLvlTypeId="8" Intrnl_Id="809" Name="Expectations">
                                        <Header>
                                            <Loc EndOffset="1106" SrcFileId="6" StartOffset="1092"/>
                                        </Header>
                                        <LocList>
                                            <Loc EndOffset="1185" SrcFileId="6" StartOffset="1088"/>
                                        </LocList>
                                        <StmntSeq Intrnl_Id="810">
                                            <LocList>
                                                <Loc EndOffset="1148" SrcFileId="6" StartOffset="1119"/>
                                                <Loc EndOffset="1175" SrcFileId="6" StartOffset="1154"/>
                                            </LocList>
                                            <BasicStmnt CovItemId="S8" CovItemPrefix="org.jfree.data.test.RowTotalTest.java" Intrnl_Id="811">
                                                <LocList>
                                                    <Loc EndOffset="1148" SrcFileId="6" StartOffset="1119"/>
                                                </LocList>
                                            </BasicStmnt>
                                            <BasicStmnt CovItemId="S9" CovItemPrefix="org.jfree.data.test.RowTotalTest.java" Intrnl_Id="812">
                                                <LocList>
                                                    <Loc EndOffset="1175" SrcFileId="6" StartOffset="1154"/>
                                                </LocList>
                                            </BasicStmnt>
                                        </StmntSeq>
                                    </HierarchyLvl>
                                </HierarchyLvl>
                                <HierarchyLvl HierarchyLvlId="8049" HierarchyLvlTypeId="9" Intrnl_Id="813" Name="NonEmptyArrayZeroRow">
                                    <Header>
                                        <Loc EndOffset="1380" SrcFileId="6" StartOffset="1339"/>
                                    </Header>
                                    <LocList>
                                        <Loc EndOffset="1899" SrcFileId="6" StartOffset="1339"/>
                                    </LocList>
                                    <StmntSeq Intrnl_Id="814">
                                        <LocList>
                                            <Loc EndOffset="1424" SrcFileId="6" StartOffset="1385"/>
                                            <Loc EndOffset="1488" SrcFileId="6" StartOffset="1428"/>
                                            <Loc EndOffset="1518" SrcFileId="6" StartOffset="1494"/>
                                            <Loc EndOffset="1815" SrcFileId="6" StartOffset="1813"/>
                                            <Loc EndOffset="1896" SrcFileId="6" StartOffset="1821"/>
                                        </LocList>
                                        <BasicStmnt CovItemId="S11" CovItemPrefix="org.jfree.data.test.RowTotalTest.java" Intrnl_Id="815">
                                            <LocList>
                                                <Loc EndOffset="1424" SrcFileId="6" StartOffset="1385"/>
                                            </LocList>
                                        </BasicStmnt>
                                        <BasicStmnt CovItemId="S12" CovItemPrefix="org.jfree.data.test.RowTotalTest.java" Intrnl_Id="816">
                                            <LocList>
                                                <Loc EndOffset="1488" SrcFileId="6" StartOffset="1428"/>
                                            </LocList>
                                        </BasicStmnt>
                                        <BasicStmnt CovItemId="S13" CovItemPrefix="org.jfree.data.test.RowTotalTest.java" Intrnl_Id="817">
                                            <LocList>
                                                <Loc EndOffset="1518" SrcFileId="6" StartOffset="1494"/>
                                                <Loc EndOffset="1815" SrcFileId="6" StartOffset="1813"/>
                                            </LocList>
                                        </BasicStmnt>
                                        <BasicStmnt CovItemId="S22" CovItemPrefix="org.jfree.data.test.RowTotalTest.java" Intrnl_Id="818">
                                            <LocList>
                                                <Loc EndOffset="1896" SrcFileId="6" StartOffset="1821"/>
                                            </LocList>
                                        </BasicStmnt>
                                    </StmntSeq>
                                    <HierarchyLvl HierarchyLvlId="8048" HierarchyLvlTypeId="8" Intrnl_Id="819" Name="Expectations">
                                        <Header>
                                            <Loc EndOffset="1536" SrcFileId="6" StartOffset="1522"/>
                                        </Header>
                                        <LocList>
                                            <Loc EndOffset="1813" SrcFileId="6" StartOffset="1518"/>
                                        </LocList>
                                        <StmntSeq Intrnl_Id="820">
                                            <LocList>
                                                <Loc EndOffset="1578" SrcFileId="6" StartOffset="1549"/>
                                                <Loc EndOffset="1605" SrcFileId="6" StartOffset="1584"/>
                                                <Loc EndOffset="1642" SrcFileId="6" StartOffset="1615"/>
                                                <Loc EndOffset="1670" SrcFileId="6" StartOffset="1647"/>
                                                <Loc EndOffset="1707" SrcFileId="6" StartOffset="1680"/>
                                                <Loc EndOffset="1736" SrcFileId="6" StartOffset="1713"/>
                                                <Loc EndOffset="1773" SrcFileId="6" StartOffset="1746"/>
                                                <Loc EndOffset="1802" SrcFileId="6" StartOffset="1779"/>
                                            </LocList>
                                            <BasicStmnt CovItemId="S14" CovItemPrefix="org.jfree.data.test.RowTotalTest.java" Intrnl_Id="821">
                                                <LocList>
                                                    <Loc EndOffset="1578" SrcFileId="6" StartOffset="1549"/>
                                                </LocList>
                                            </BasicStmnt>
                                            <BasicStmnt CovItemId="S15" CovItemPrefix="org.jfree.data.test.RowTotalTest.java" Intrnl_Id="822">
                                                <LocList>
                                                    <Loc EndOffset="1605" SrcFileId="6" StartOffset="1584"/>
                                                </LocList>
                                            </BasicStmnt>
                                            <BasicStmnt CovItemId="S16" CovItemPrefix="org.jfree.data.test.RowTotalTest.java" Intrnl_Id="823">
                                                <LocList>
                                                    <Loc EndOffset="1642" SrcFileId="6" StartOffset="1615"/>
                                                </LocList>
                                            </BasicStmnt>
                                            <BasicStmnt CovItemId="S17" CovItemPrefix="org.jfree.data.test.RowTotalTest.java" Intrnl_Id="824">
                                                <LocList>
                                                    <Loc EndOffset="1670" SrcFileId="6" StartOffset="1647"/>
                                                </LocList>
                                            </BasicStmnt>
                                            <BasicStmnt CovItemId="S18" CovItemPrefix="org.jfree.data.test.RowTotalTest.java" Intrnl_Id="825">
                                                <LocList>
                                                    <Loc EndOffset="1707" SrcFileId="6" StartOffset="1680"/>
                                                </LocList>
                                            </BasicStmnt>
                                            <BasicStmnt CovItemId="S19" CovItemPrefix="org.jfree.data.test.RowTotalTest.java" Intrnl_Id="826">
                                                <LocList>
                                                    <Loc EndOffset="1736" SrcFileId="6" StartOffset="1713"/>
                                                </LocList>
                                            </BasicStmnt>
                                            <BasicStmnt CovItemId="S20" CovItemPrefix="org.jfree.data.test.RowTotalTest.java" Intrnl_Id="827">
                                                <LocList>
                                                    <Loc EndOffset="1773" SrcFileId="6" StartOffset="1746"/>
                                                </LocList>
                                            </BasicStmnt>
                                            <BasicStmnt CovItemId="S21" CovItemPrefix="org.jfree.data.test.RowTotalTest.java" Intrnl_Id="828">
                                                <LocList>
                                                    <Loc EndOffset="1802" SrcFileId="6" StartOffset="1779"/>
                                                </LocList>
                                            </BasicStmnt>
                                        </StmntSeq>
                                    </HierarchyLvl>
                                </HierarchyLvl>
                                <HierarchyLvl HierarchyLvlId="8052" HierarchyLvlTypeId="9" Intrnl_Id="829" Name="NonEmptyArrayNegRow">
                                    <Header>
                                        <Loc EndOffset="2013" SrcFileId="6" StartOffset="1973"/>
                                    </Header>
                                    <LocList>
                                        <Loc EndOffset="2634" SrcFileId="6" StartOffset="1973"/>
                                    </LocList>
                                    <StmntSeq Intrnl_Id="830">
                                        <LocList>
                                            <Loc EndOffset="2057" SrcFileId="6" StartOffset="2018"/>
                                            <Loc EndOffset="2121" SrcFileId="6" StartOffset="2061"/>
                                            <Loc EndOffset="2151" SrcFileId="6" StartOffset="2127"/>
                                            <Loc EndOffset="2549" SrcFileId="6" StartOffset="2547"/>
                                            <Loc EndOffset="2631" SrcFileId="6" StartOffset="2555"/>
                                        </LocList>
                                        <BasicStmnt CovItemId="S23" CovItemPrefix="org.jfree.data.test.RowTotalTest.java" Intrnl_Id="831">
                                            <LocList>
                                                <Loc EndOffset="2057" SrcFileId="6" StartOffset="2018"/>
                                            </LocList>
                                        </BasicStmnt>
                                        <BasicStmnt CovItemId="S24" CovItemPrefix="org.jfree.data.test.RowTotalTest.java" Intrnl_Id="832">
                                            <LocList>
                                                <Loc EndOffset="2121" SrcFileId="6" StartOffset="2061"/>
                                            </LocList>
                                        </BasicStmnt>
                                        <BasicStmnt CovItemId="S25" CovItemPrefix="org.jfree.data.test.RowTotalTest.java" Intrnl_Id="833">
                                            <LocList>
                                                <Loc EndOffset="2151" SrcFileId="6" StartOffset="2127"/>
                                                <Loc EndOffset="2549" SrcFileId="6" StartOffset="2547"/>
                                            </LocList>
                                        </BasicStmnt>
                                        <BasicStmnt CovItemId="S35" CovItemPrefix="org.jfree.data.test.RowTotalTest.java" Intrnl_Id="834">
                                            <LocList>
                                                <Loc EndOffset="2631" SrcFileId="6" StartOffset="2555"/>
                                            </LocList>
                                        </BasicStmnt>
                                    </StmntSeq>
                                    <HierarchyLvl HierarchyLvlId="8051" HierarchyLvlTypeId="8" Intrnl_Id="835" Name="Expectations">
                                        <Header>
                                            <Loc EndOffset="2169" SrcFileId="6" StartOffset="2155"/>
                                        </Header>
                                        <LocList>
                                            <Loc EndOffset="2547" SrcFileId="6" StartOffset="2151"/>
                                        </LocList>
                                        <StmntSeq Intrnl_Id="836">
                                            <LocList>
                                                <Loc EndOffset="2206" SrcFileId="6" StartOffset="2182"/>
                                                <Loc EndOffset="2537" SrcFileId="6" StartOffset="2535"/>
                                            </LocList>
                                            <BasicStmnt CovItemId="S26" CovItemPrefix="org.jfree.data.test.RowTotalTest.java" Intrnl_Id="837">
                                                <LocList>
                                                    <Loc EndOffset="2206" SrcFileId="6" StartOffset="2182"/>
                                                    <Loc EndOffset="2537" SrcFileId="6" StartOffset="2535"/>
                                                </LocList>
                                            </BasicStmnt>
                                        </StmntSeq>
                                        <HierarchyLvl HierarchyLvlId="8050" HierarchyLvlTypeId="8" Intrnl_Id="838" Name="Expectations">
                                            <Header>
                                                <Loc EndOffset="2224" SrcFileId="6" StartOffset="2210"/>
                                            </Header>
                                            <LocList>
                                                <Loc EndOffset="2535" SrcFileId="6" StartOffset="2206"/>
                                            </LocList>
                                            <StmntSeq Intrnl_Id="839">
                                                <LocList>
                                                    <Loc EndOffset="2270" SrcFileId="6" StartOffset="2241"/>
                                                    <Loc EndOffset="2299" SrcFileId="6" StartOffset="2278"/>
                                                    <Loc EndOffset="2341" SrcFileId="6" StartOffset="2313"/>
                                                    <Loc EndOffset="2372" SrcFileId="6" StartOffset="2348"/>
                                                    <Loc EndOffset="2414" SrcFileId="6" StartOffset="2386"/>
                                                    <Loc EndOffset="2446" SrcFileId="6" StartOffset="2422"/>
                                                    <Loc EndOffset="2488" SrcFileId="6" StartOffset="2460"/>
                                                    <Loc EndOffset="2520" SrcFileId="6" StartOffset="2496"/>
                                                </LocList>
                                                <BasicStmnt CovItemId="S27" CovItemPrefix="org.jfree.data.test.RowTotalTest.java" Intrnl_Id="840">
                                                    <LocList>
                                                        <Loc EndOffset="2270" SrcFileId="6" StartOffset="2241"/>
                                                    </LocList>
                                                </BasicStmnt>
                                                <BasicStmnt CovItemId="S28" CovItemPrefix="org.jfree.data.test.RowTotalTest.java" Intrnl_Id="841">
                                                    <LocList>
                                                        <Loc EndOffset="2299" SrcFileId="6" StartOffset="2278"/>
                                                    </LocList>
                                                </BasicStmnt>
                                                <BasicStmnt CovItemId="S29" CovItemPrefix="org.jfree.data.test.RowTotalTest.java" Intrnl_Id="842">
                                                    <LocList>
                                                        <Loc EndOffset="2341" SrcFileId="6" StartOffset="2313"/>
                                                    </LocList>
                                                </BasicStmnt>
                                                <BasicStmnt CovItemId="S30" CovItemPrefix="org.jfree.data.test.RowTotalTest.java" Intrnl_Id="843">
                                                    <LocList>
                                                        <Loc EndOffset="2372" SrcFileId="6" StartOffset="2348"/>
                                                    </LocList>
                                                </BasicStmnt>
                                                <BasicStmnt CovItemId="S31" CovItemPrefix="org.jfree.data.test.RowTotalTest.java" Intrnl_Id="844">
                                                    <LocList>
                                                        <Loc EndOffset="2414" SrcFileId="6" StartOffset="2386"/>
                                                    </LocList>
                                                </BasicStmnt>
                                                <BasicStmnt CovItemId="S32" CovItemPrefix="org.jfree.data.test.RowTotalTest.java" Intrnl_Id="845">
                                                    <LocList>
                                                        <Loc EndOffset="2446" SrcFileId="6" StartOffset="2422"/>
                                                    </LocList>
                                                </BasicStmnt>
                                                <BasicStmnt CovItemId="S33" CovItemPrefix="org.jfree.data.test.RowTotalTest.java" Intrnl_Id="846">
                                                    <LocList>
                                                        <Loc EndOffset="2488" SrcFileId="6" StartOffset="2460"/>
                                                    </LocList>
                                                </BasicStmnt>
                                                <BasicStmnt CovItemId="S34" CovItemPrefix="org.jfree.data.test.RowTotalTest.java" Intrnl_Id="847">
                                                    <LocList>
                                                        <Loc EndOffset="2520" SrcFileId="6" StartOffset="2496"/>
                                                    </LocList>
                                                </BasicStmnt>
                                            </StmntSeq>
                                        </HierarchyLvl>
                                    </HierarchyLvl>
                                </HierarchyLvl>
                                <HierarchyLvl HierarchyLvlId="8055" HierarchyLvlTypeId="9" Intrnl_Id="848" Name="NonEmptyArrayPosRow">
                                    <Header>
                                        <Loc EndOffset="2748" SrcFileId="6" StartOffset="2708"/>
                                    </Header>
                                    <LocList>
                                        <Loc EndOffset="3361" SrcFileId="6" StartOffset="2708"/>
                                    </LocList>
                                    <StmntSeq Intrnl_Id="849">
                                        <LocList>
                                            <Loc EndOffset="2792" SrcFileId="6" StartOffset="2753"/>
                                            <Loc EndOffset="2856" SrcFileId="6" StartOffset="2796"/>
                                            <Loc EndOffset="2886" SrcFileId="6" StartOffset="2862"/>
                                            <Loc EndOffset="3277" SrcFileId="6" StartOffset="3275"/>
                                            <Loc EndOffset="3358" SrcFileId="6" StartOffset="3283"/>
                                        </LocList>
                                        <BasicStmnt CovItemId="S36" CovItemPrefix="org.jfree.data.test.RowTotalTest.java" Intrnl_Id="850">
                                            <LocList>
                                                <Loc EndOffset="2792" SrcFileId="6" StartOffset="2753"/>
                                            </LocList>
                                        </BasicStmnt>
                                        <BasicStmnt CovItemId="S37" CovItemPrefix="org.jfree.data.test.RowTotalTest.java" Intrnl_Id="851">
                                            <LocList>
                                                <Loc EndOffset="2856" SrcFileId="6" StartOffset="2796"/>
                                            </LocList>
                                        </BasicStmnt>
                                        <BasicStmnt CovItemId="S38" CovItemPrefix="org.jfree.data.test.RowTotalTest.java" Intrnl_Id="852">
                                            <LocList>
                                                <Loc EndOffset="2886" SrcFileId="6" StartOffset="2862"/>
                                                <Loc EndOffset="3277" SrcFileId="6" StartOffset="3275"/>
                                            </LocList>
                                        </BasicStmnt>
                                        <BasicStmnt CovItemId="S48" CovItemPrefix="org.jfree.data.test.RowTotalTest.java" Intrnl_Id="853">
                                            <LocList>
                                                <Loc EndOffset="3358" SrcFileId="6" StartOffset="3283"/>
                                            </LocList>
                                        </BasicStmnt>
                                    </StmntSeq>
                                    <HierarchyLvl HierarchyLvlId="8054" HierarchyLvlTypeId="8" Intrnl_Id="854" Name="Expectations">
                                        <Header>
                                            <Loc EndOffset="2904" SrcFileId="6" StartOffset="2890"/>
                                        </Header>
                                        <LocList>
                                            <Loc EndOffset="3275" SrcFileId="6" StartOffset="2886"/>
                                        </LocList>
                                        <StmntSeq Intrnl_Id="855">
                                            <LocList>
                                                <Loc EndOffset="2941" SrcFileId="6" StartOffset="2917"/>
                                                <Loc EndOffset="3265" SrcFileId="6" StartOffset="3263"/>
                                            </LocList>
                                            <BasicStmnt CovItemId="S39" CovItemPrefix="org.jfree.data.test.RowTotalTest.java" Intrnl_Id="856">
                                                <LocList>
                                                    <Loc EndOffset="2941" SrcFileId="6" StartOffset="2917"/>
                                                    <Loc EndOffset="3265" SrcFileId="6" StartOffset="3263"/>
                                                </LocList>
                                            </BasicStmnt>
                                        </StmntSeq>
                                        <HierarchyLvl HierarchyLvlId="8053" HierarchyLvlTypeId="8" Intrnl_Id="857" Name="Expectations">
                                            <Header>
                                                <Loc EndOffset="2959" SrcFileId="6" StartOffset="2945"/>
                                            </Header>
                                            <LocList>
                                                <Loc EndOffset="3263" SrcFileId="6" StartOffset="2941"/>
                                            </LocList>
                                            <StmntSeq Intrnl_Id="858">
                                                <LocList>
                                                    <Loc EndOffset="3005" SrcFileId="6" StartOffset="2976"/>
                                                    <Loc EndOffset="3034" SrcFileId="6" StartOffset="3013"/>
                                                    <Loc EndOffset="3075" SrcFileId="6" StartOffset="3048"/>
                                                    <Loc EndOffset="3105" SrcFileId="6" StartOffset="3082"/>
                                                    <Loc EndOffset="3146" SrcFileId="6" StartOffset="3119"/>
                                                    <Loc EndOffset="3177" SrcFileId="6" StartOffset="3154"/>
                                                    <Loc EndOffset="3218" SrcFileId="6" StartOffset="3191"/>
                                                    <Loc EndOffset="3249" SrcFileId="6" StartOffset="3226"/>
                                                </LocList>
                                                <BasicStmnt CovItemId="S40" CovItemPrefix="org.jfree.data.test.RowTotalTest.java" Intrnl_Id="859">
                                                    <LocList>
                                                        <Loc EndOffset="3005" SrcFileId="6" StartOffset="2976"/>
                                                    </LocList>
                                                </BasicStmnt>
                                                <BasicStmnt CovItemId="S41" CovItemPrefix="org.jfree.data.test.RowTotalTest.java" Intrnl_Id="860">
                                                    <LocList>
                                                        <Loc EndOffset="3034" SrcFileId="6" StartOffset="3013"/>
                                                    </LocList>
                                                </BasicStmnt>
                                                <BasicStmnt CovItemId="S42" CovItemPrefix="org.jfree.data.test.RowTotalTest.java" Intrnl_Id="861">
                                                    <LocList>
                                                        <Loc EndOffset="3075" SrcFileId="6" StartOffset="3048"/>
                                                    </LocList>
                                                </BasicStmnt>
                                                <BasicStmnt CovItemId="S43" CovItemPrefix="org.jfree.data.test.RowTotalTest.java" Intrnl_Id="862">
                                                    <LocList>
                                                        <Loc EndOffset="3105" SrcFileId="6" StartOffset="3082"/>
                                                    </LocList>
                                                </BasicStmnt>
                                                <BasicStmnt CovItemId="S44" CovItemPrefix="org.jfree.data.test.RowTotalTest.java" Intrnl_Id="863">
                                                    <LocList>
                                                        <Loc EndOffset="3146" SrcFileId="6" StartOffset="3119"/>
                                                    </LocList>
                                                </BasicStmnt>
                                                <BasicStmnt CovItemId="S45" CovItemPrefix="org.jfree.data.test.RowTotalTest.java" Intrnl_Id="864">
                                                    <LocList>
                                                        <Loc EndOffset="3177" SrcFileId="6" StartOffset="3154"/>
                                                    </LocList>
                                                </BasicStmnt>
                                                <BasicStmnt CovItemId="S46" CovItemPrefix="org.jfree.data.test.RowTotalTest.java" Intrnl_Id="865">
                                                    <LocList>
                                                        <Loc EndOffset="3218" SrcFileId="6" StartOffset="3191"/>
                                                    </LocList>
                                                </BasicStmnt>
                                                <BasicStmnt CovItemId="S47" CovItemPrefix="org.jfree.data.test.RowTotalTest.java" Intrnl_Id="866">
                                                    <LocList>
                                                        <Loc EndOffset="3249" SrcFileId="6" StartOffset="3226"/>
                                                    </LocList>
                                                </BasicStmnt>
                                            </StmntSeq>
                                        </HierarchyLvl>
                                    </HierarchyLvl>
                                </HierarchyLvl>
                                <HierarchyLvl HierarchyLvlId="8058" HierarchyLvlTypeId="9" Intrnl_Id="867" Name="IndexOutOfBounds">
                                    <Header>
                                        <Loc EndOffset="3477" SrcFileId="6" StartOffset="3440"/>
                                    </Header>
                                    <LocList>
                                        <Loc EndOffset="4028" SrcFileId="6" StartOffset="3440"/>
                                    </LocList>
                                    <StmntSeq Intrnl_Id="868">
                                        <LocList>
                                            <Loc EndOffset="3521" SrcFileId="6" StartOffset="3482"/>
                                            <Loc EndOffset="3585" SrcFileId="6" StartOffset="3525"/>
                                            <Loc EndOffset="3615" SrcFileId="6" StartOffset="3591"/>
                                            <Loc EndOffset="3942" SrcFileId="6" StartOffset="3940"/>
                                            <Loc EndOffset="4025" SrcFileId="6" StartOffset="3950"/>
                                        </LocList>
                                        <BasicStmnt CovItemId="S49" CovItemPrefix="org.jfree.data.test.RowTotalTest.java" Intrnl_Id="869">
                                            <LocList>
                                                <Loc EndOffset="3521" SrcFileId="6" StartOffset="3482"/>
                                            </LocList>
                                        </BasicStmnt>
                                        <BasicStmnt CovItemId="S50" CovItemPrefix="org.jfree.data.test.RowTotalTest.java" Intrnl_Id="870">
                                            <LocList>
                                                <Loc EndOffset="3585" SrcFileId="6" StartOffset="3525"/>
                                            </LocList>
                                        </BasicStmnt>
                                        <BasicStmnt CovItemId="S51" CovItemPrefix="org.jfree.data.test.RowTotalTest.java" Intrnl_Id="871">
                                            <LocList>
                                                <Loc EndOffset="3615" SrcFileId="6" StartOffset="3591"/>
                                                <Loc EndOffset="3942" SrcFileId="6" StartOffset="3940"/>
                                            </LocList>
                                        </BasicStmnt>
                                        <BasicStmnt CovItemId="S59" CovItemPrefix="org.jfree.data.test.RowTotalTest.java" Intrnl_Id="872">
                                            <LocList>
                                                <Loc EndOffset="4025" SrcFileId="6" StartOffset="3950"/>
                                            </LocList>
                                        </BasicStmnt>
                                    </StmntSeq>
                                    <HierarchyLvl HierarchyLvlId="8057" HierarchyLvlTypeId="8" Intrnl_Id="873" Name="Expectations">
                                        <Header>
                                            <Loc EndOffset="3633" SrcFileId="6" StartOffset="3619"/>
                                        </Header>
                                        <LocList>
                                            <Loc EndOffset="3940" SrcFileId="6" StartOffset="3615"/>
                                        </LocList>
                                        <StmntSeq Intrnl_Id="874">
                                            <LocList>
                                                <Loc EndOffset="3670" SrcFileId="6" StartOffset="3646"/>
                                                <Loc EndOffset="3930" SrcFileId="6" StartOffset="3928"/>
                                            </LocList>
                                            <BasicStmnt CovItemId="S52" CovItemPrefix="org.jfree.data.test.RowTotalTest.java" Intrnl_Id="875">
                                                <LocList>
                                                    <Loc EndOffset="3670" SrcFileId="6" StartOffset="3646"/>
                                                    <Loc EndOffset="3930" SrcFileId="6" StartOffset="3928"/>
                                                </LocList>
                                            </BasicStmnt>
                                        </StmntSeq>
                                        <HierarchyLvl HierarchyLvlId="8056" HierarchyLvlTypeId="8" Intrnl_Id="876" Name="Expectations">
                                            <Header>
                                                <Loc EndOffset="3688" SrcFileId="6" StartOffset="3674"/>
                                            </Header>
                                            <LocList>
                                                <Loc EndOffset="3928" SrcFileId="6" StartOffset="3670"/>
                                            </LocList>
                                            <StmntSeq Intrnl_Id="877">
                                                <LocList>
                                                    <Loc EndOffset="3734" SrcFileId="6" StartOffset="3705"/>
                                                    <Loc EndOffset="3763" SrcFileId="6" StartOffset="3742"/>
                                                    <Loc EndOffset="3804" SrcFileId="6" StartOffset="3777"/>
                                                    <Loc EndOffset="3835" SrcFileId="6" StartOffset="3811"/>
                                                    <Loc EndOffset="3876" SrcFileId="6" StartOffset="3849"/>
                                                    <Loc EndOffset="3908" SrcFileId="6" StartOffset="3884"/>
                                                </LocList>
                                                <BasicStmnt CovItemId="S53" CovItemPrefix="org.jfree.data.test.RowTotalTest.java" Intrnl_Id="878">
                                                    <LocList>
                                                        <Loc EndOffset="3734" SrcFileId="6" StartOffset="3705"/>
                                                    </LocList>
                                                </BasicStmnt>
                                                <BasicStmnt CovItemId="S54" CovItemPrefix="org.jfree.data.test.RowTotalTest.java" Intrnl_Id="879">
                                                    <LocList>
                                                        <Loc EndOffset="3763" SrcFileId="6" StartOffset="3742"/>
                                                    </LocList>
                                                </BasicStmnt>
                                                <BasicStmnt CovItemId="S55" CovItemPrefix="org.jfree.data.test.RowTotalTest.java" Intrnl_Id="880">
                                                    <LocList>
                                                        <Loc EndOffset="3804" SrcFileId="6" StartOffset="3777"/>
                                                    </LocList>
                                                </BasicStmnt>
                                                <BasicStmnt CovItemId="S56" CovItemPrefix="org.jfree.data.test.RowTotalTest.java" Intrnl_Id="881">
                                                    <LocList>
                                                        <Loc EndOffset="3835" SrcFileId="6" StartOffset="3811"/>
                                                    </LocList>
                                                </BasicStmnt>
                                                <BasicStmnt CovItemId="S57" CovItemPrefix="org.jfree.data.test.RowTotalTest.java" Intrnl_Id="882">
                                                    <LocList>
                                                        <Loc EndOffset="3876" SrcFileId="6" StartOffset="3849"/>
                                                    </LocList>
                                                </BasicStmnt>
                                                <BasicStmnt CovItemId="S58" CovItemPrefix="org.jfree.data.test.RowTotalTest.java" Intrnl_Id="883">
                                                    <LocList>
                                                        <Loc EndOffset="3908" SrcFileId="6" StartOffset="3884"/>
                                                    </LocList>
                                                </BasicStmnt>
                                            </StmntSeq>
                                        </HierarchyLvl>
                                    </HierarchyLvl>
                                </HierarchyLvl>
                            </HierarchyLvl>
                        </HierarchyLvl>
                    </HierarchyLvl>
                </HierarchyLvl>
            </HierarchyLvl>
        </HierarchyLvl>
    </MASTRoot>
</TestSessionContainer>
